N_Jobs_Total: 144
Starting optimization with optimizer DiffEvoOpt{FitPopulation{Float64}, RadiusLimitedSelector, BlackBoxOptim.AdaptiveDiffEvoRandBin{3}, RandomBound{ContinuousRectSearchSpace}}
0.00 secs, 0 evals, 0 steps
355.41 secs, 2 evals, 1 steps, improv/step: 1.000 (last = 1.0000), fitness=12.458179813
645.21 secs, 4 evals, 2 steps, improv/step: 0.500 (last = 0.0000), fitness=11.100577057
892.88 secs, 6 evals, 3 steps, improv/step: 0.333 (last = 0.0000), fitness=11.100577057
1239.67 secs, 8 evals, 4 steps, improv/step: 0.500 (last = 1.0000), fitness=8.239074758
1568.89 secs, 10 evals, 5 steps, improv/step: 0.600 (last = 1.0000), fitness=8.239074758
1854.38 secs, 12 evals, 6 steps, improv/step: 0.667 (last = 1.0000), fitness=8.239074758
2113.71 secs, 14 evals, 7 steps, improv/step: 0.571 (last = 0.0000), fitness=8.239074758
2428.00 secs, 16 evals, 8 steps, improv/step: 0.500 (last = 0.0000), fitness=3.305769590
2713.91 secs, 18 evals, 9 steps, improv/step: 0.444 (last = 0.0000), fitness=3.305769590
2931.27 secs, 20 evals, 10 steps, improv/step: 0.500 (last = 1.0000), fitness=3.305769590
3199.41 secs, 22 evals, 11 steps, improv/step: 0.545 (last = 1.0000), fitness=3.305769590
3512.40 secs, 24 evals, 12 steps, improv/step: 0.583 (last = 1.0000), fitness=3.305769590
3812.16 secs, 26 evals, 13 steps, improv/step: 0.538 (last = 0.0000), fitness=3.305769590
3992.15 secs, 27 evals, 14 steps, improv/step: 0.571 (last = 1.0000), fitness=3.305769590
4308.25 secs, 29 evals, 15 steps, improv/step: 0.533 (last = 0.0000), fitness=3.305769590
4642.71 secs, 31 evals, 16 steps, improv/step: 0.500 (last = 0.0000), fitness=3.305769590
4955.52 secs, 33 evals, 17 steps, improv/step: 0.471 (last = 0.0000), fitness=3.305769590
5304.46 secs, 35 evals, 18 steps, improv/step: 0.444 (last = 0.0000), fitness=3.305769590
5623.46 secs, 37 evals, 19 steps, improv/step: 0.421 (last = 0.0000), fitness=3.305769590
5943.27 secs, 39 evals, 20 steps, improv/step: 0.400 (last = 0.0000), fitness=3.244910483
6221.96 secs, 41 evals, 21 steps, improv/step: 0.381 (last = 0.0000), fitness=3.244910483
6497.74 secs, 43 evals, 22 steps, improv/step: 0.364 (last = 0.0000), fitness=3.244910483
6712.08 secs, 45 evals, 23 steps, improv/step: 0.348 (last = 0.0000), fitness=3.244910483
7013.30 secs, 47 evals, 24 steps, improv/step: 0.333 (last = 0.0000), fitness=3.244910483
7261.30 secs, 49 evals, 25 steps, improv/step: 0.320 (last = 0.0000), fitness=3.244910483
7546.73 secs, 51 evals, 26 steps, improv/step: 0.308 (last = 0.0000), fitness=3.244910483
7777.02 secs, 53 evals, 27 steps, improv/step: 0.333 (last = 1.0000), fitness=3.244910483
7929.40 secs, 54 evals, 28 steps, improv/step: 0.321 (last = 0.0000), fitness=3.244910483
8085.07 secs, 55 evals, 29 steps, improv/step: 0.345 (last = 1.0000), fitness=3.244910483
8354.64 secs, 57 evals, 30 steps, improv/step: 0.367 (last = 1.0000), fitness=3.244910483
8640.15 secs, 59 evals, 31 steps, improv/step: 0.355 (last = 0.0000), fitness=3.244910483
8937.82 secs, 61 evals, 32 steps, improv/step: 0.344 (last = 0.0000), fitness=3.244910483
9250.96 secs, 63 evals, 33 steps, improv/step: 0.333 (last = 0.0000), fitness=3.244910483
9560.65 secs, 65 evals, 34 steps, improv/step: 0.353 (last = 1.0000), fitness=3.244910483
9862.86 secs, 67 evals, 35 steps, improv/step: 0.371 (last = 1.0000), fitness=3.244910483
10033.27 secs, 69 evals, 36 steps, improv/step: 0.389 (last = 1.0000), fitness=3.244910483
10327.04 secs, 71 evals, 37 steps, improv/step: 0.378 (last = 0.0000), fitness=3.244910483
10581.77 secs, 73 evals, 38 steps, improv/step: 0.368 (last = 0.0000), fitness=3.244910483

Optimization stopped after 39 steps and 10889.60 seconds
Termination reason: Max time (10800.0 s) reached
Steps per second = 0.00
Function evals per second = 0.01
Improvements/step = Inf
Total function evaluations = 75


Best candidate found: [0.982396, 0.939189]

Fitness: 3.244910483

