N_Jobs_Total: 144
Starting optimization with optimizer DiffEvoOpt{FitPopulation{Float64}, RadiusLimitedSelector, BlackBoxOptim.AdaptiveDiffEvoRandBin{3}, RandomBound{ContinuousRectSearchSpace}}
0.00 secs, 0 evals, 0 steps
550.80 secs, 2 evals, 1 steps, improv/step: 1.000 (last = 1.0000), fitness=11.864453008
1089.68 secs, 4 evals, 2 steps, improv/step: 0.500 (last = 0.0000), fitness=11.542270373
1597.12 secs, 6 evals, 3 steps, improv/step: 0.333 (last = 0.0000), fitness=6.238911294
2136.83 secs, 8 evals, 4 steps, improv/step: 0.500 (last = 1.0000), fitness=6.238911294
2557.03 secs, 10 evals, 5 steps, improv/step: 0.400 (last = 0.0000), fitness=6.238911294
3068.93 secs, 12 evals, 6 steps, improv/step: 0.500 (last = 1.0000), fitness=5.483229136
3635.19 secs, 14 evals, 7 steps, improv/step: 0.429 (last = 0.0000), fitness=5.483229136
3807.44 secs, 15 evals, 8 steps, improv/step: 0.375 (last = 0.0000), fitness=5.483229136
4038.07 secs, 16 evals, 9 steps, improv/step: 0.333 (last = 0.0000), fitness=5.483229136
4479.39 secs, 18 evals, 10 steps, improv/step: 0.300 (last = 0.0000), fitness=5.483229136
4829.73 secs, 20 evals, 11 steps, improv/step: 0.364 (last = 1.0000), fitness=5.483229136
5255.23 secs, 22 evals, 12 steps, improv/step: 0.333 (last = 0.0000), fitness=5.483229136
5762.52 secs, 24 evals, 13 steps, improv/step: 0.308 (last = 0.0000), fitness=5.483229136
6287.74 secs, 26 evals, 14 steps, improv/step: 0.286 (last = 0.0000), fitness=5.483229136
6761.49 secs, 28 evals, 15 steps, improv/step: 0.333 (last = 1.0000), fitness=5.483229136
7231.67 secs, 30 evals, 16 steps, improv/step: 0.312 (last = 0.0000), fitness=4.936662772
7724.10 secs, 32 evals, 17 steps, improv/step: 0.353 (last = 1.0000), fitness=4.936662772
8098.75 secs, 34 evals, 18 steps, improv/step: 0.333 (last = 0.0000), fitness=4.936662772
8441.90 secs, 36 evals, 19 steps, improv/step: 0.368 (last = 1.0000), fitness=4.936662772
8952.16 secs, 38 evals, 20 steps, improv/step: 0.400 (last = 1.0000), fitness=4.936662772
9424.68 secs, 40 evals, 21 steps, improv/step: 0.381 (last = 0.0000), fitness=4.936662772
9889.94 secs, 42 evals, 22 steps, improv/step: 0.364 (last = 0.0000), fitness=4.936662772
10338.25 secs, 44 evals, 23 steps, improv/step: 0.391 (last = 1.0000), fitness=4.936662772
10653.85 secs, 46 evals, 24 steps, improv/step: 0.375 (last = 0.0000), fitness=4.936662772

Optimization stopped after 25 steps and 11116.55 seconds
Termination reason: Max time (10800.0 s) reached
Steps per second = 0.00
Function evals per second = 0.00
Improvements/step = Inf
Total function evaluations = 48


Best candidate found: [0.249844, 0.49638]

Fitness: 4.936662772

