N_Jobs_Total: 144
Starting optimization with optimizer DiffEvoOpt{FitPopulation{Float64}, RadiusLimitedSelector, BlackBoxOptim.AdaptiveDiffEvoRandBin{3}, RandomBound{ContinuousRectSearchSpace}}
0.00 secs, 0 evals, 0 steps
470.52 secs, 2 evals, 1 steps, fitness=57.408112819
1034.33 secs, 4 evals, 2 steps, fitness=57.408112819
1543.31 secs, 6 evals, 3 steps, improv/step: 0.333 (last = 1.0000), fitness=57.408112819
2118.90 secs, 8 evals, 4 steps, improv/step: 0.250 (last = 0.0000), fitness=57.408112819
2454.37 secs, 10 evals, 5 steps, improv/step: 0.200 (last = 0.0000), fitness=3.296774703
3045.18 secs, 12 evals, 6 steps, improv/step: 0.167 (last = 0.0000), fitness=3.296774703
3571.01 secs, 14 evals, 7 steps, improv/step: 0.286 (last = 1.0000), fitness=3.296774703
4097.94 secs, 16 evals, 8 steps, improv/step: 0.250 (last = 0.0000), fitness=3.296774703
4327.96 secs, 17 evals, 9 steps, improv/step: 0.222 (last = 0.0000), fitness=3.296774703
4909.75 secs, 19 evals, 10 steps, improv/step: 0.200 (last = 0.0000), fitness=3.296774703
5255.18 secs, 21 evals, 11 steps, improv/step: 0.273 (last = 1.0000), fitness=2.616944560
5783.08 secs, 23 evals, 12 steps, improv/step: 0.250 (last = 0.0000), fitness=2.616944560
6273.24 secs, 25 evals, 13 steps, improv/step: 0.231 (last = 0.0000), fitness=2.616944560
6678.54 secs, 27 evals, 14 steps, improv/step: 0.286 (last = 1.0000), fitness=2.616944560
7036.46 secs, 29 evals, 15 steps, improv/step: 0.333 (last = 1.0000), fitness=2.616944560
7548.97 secs, 31 evals, 16 steps, improv/step: 0.312 (last = 0.0000), fitness=2.616944560
7995.88 secs, 33 evals, 17 steps, improv/step: 0.294 (last = 0.0000), fitness=2.616944560
8160.83 secs, 35 evals, 18 steps, improv/step: 0.333 (last = 1.0000), fitness=2.616944560
8639.29 secs, 37 evals, 19 steps, improv/step: 0.316 (last = 0.0000), fitness=2.616944560
9116.67 secs, 39 evals, 20 steps, improv/step: 0.350 (last = 1.0000), fitness=2.616944560
9539.51 secs, 41 evals, 21 steps, improv/step: 0.381 (last = 1.0000), fitness=2.616944560
9966.68 secs, 43 evals, 22 steps, improv/step: 0.364 (last = 0.0000), fitness=2.616944560
10480.18 secs, 45 evals, 23 steps, improv/step: 0.348 (last = 0.0000), fitness=2.616944560

Optimization stopped after 24 steps and 10960.94 seconds
Termination reason: Max time (10800.0 s) reached
Steps per second = 0.00
Function evals per second = 0.00
Improvements/step = Inf
Total function evaluations = 47


Best candidate found: [0.11653, 0.762413]

Fitness: 2.616944560

