N_Jobs_Total: 144
Starting optimization with optimizer DiffEvoOpt{FitPopulation{Float64}, RadiusLimitedSelector, BlackBoxOptim.AdaptiveDiffEvoRandBin{3}, RandomBound{ContinuousRectSearchSpace}}
0.00 secs, 0 evals, 0 steps
218.36 secs, 2 evals, 1 steps, fitness=74.755559597
452.67 secs, 4 evals, 2 steps, fitness=74.755559597
668.63 secs, 6 evals, 3 steps, improv/step: 0.333 (last = 1.0000), fitness=74.755559597
888.60 secs, 8 evals, 4 steps, improv/step: 0.500 (last = 1.0000), fitness=74.755559597
1071.93 secs, 10 evals, 5 steps, improv/step: 0.400 (last = 0.0000), fitness=18.877328788
1226.37 secs, 12 evals, 6 steps, improv/step: 0.333 (last = 0.0000), fitness=3.026582943
1434.98 secs, 14 evals, 7 steps, improv/step: 0.429 (last = 1.0000), fitness=3.026582943
1647.09 secs, 16 evals, 8 steps, improv/step: 0.375 (last = 0.0000), fitness=3.026582943
1843.63 secs, 18 evals, 9 steps, improv/step: 0.444 (last = 1.0000), fitness=3.026582943
2046.33 secs, 20 evals, 10 steps, improv/step: 0.500 (last = 1.0000), fitness=3.026582943
2221.62 secs, 22 evals, 11 steps, improv/step: 0.455 (last = 0.0000), fitness=3.026582943
2415.97 secs, 24 evals, 12 steps, improv/step: 0.500 (last = 1.0000), fitness=3.026582943
2596.15 secs, 26 evals, 13 steps, improv/step: 0.462 (last = 0.0000), fitness=3.026582943
2795.21 secs, 28 evals, 14 steps, improv/step: 0.429 (last = 0.0000), fitness=3.026582943
2985.31 secs, 30 evals, 15 steps, improv/step: 0.400 (last = 0.0000), fitness=3.026582943
3177.44 secs, 32 evals, 16 steps, improv/step: 0.375 (last = 0.0000), fitness=3.026582943
3381.94 secs, 34 evals, 17 steps, improv/step: 0.412 (last = 1.0000), fitness=3.026582943
3547.90 secs, 36 evals, 18 steps, improv/step: 0.389 (last = 0.0000), fitness=3.026582943
3705.72 secs, 38 evals, 19 steps, improv/step: 0.421 (last = 1.0000), fitness=3.026582943
3883.45 secs, 40 evals, 20 steps, improv/step: 0.450 (last = 1.0000), fitness=3.026582943
4077.67 secs, 42 evals, 21 steps, improv/step: 0.429 (last = 0.0000), fitness=3.026582943
4264.29 secs, 44 evals, 22 steps, improv/step: 0.409 (last = 0.0000), fitness=3.026582943
4465.97 secs, 46 evals, 23 steps, improv/step: 0.435 (last = 1.0000), fitness=3.026582943
4570.42 secs, 48 evals, 24 steps, improv/step: 0.458 (last = 1.0000), fitness=3.026582943
4763.87 secs, 50 evals, 25 steps, improv/step: 0.480 (last = 1.0000), fitness=3.026582943
4962.48 secs, 52 evals, 26 steps, improv/step: 0.500 (last = 1.0000), fitness=3.026582943
5116.77 secs, 54 evals, 27 steps, improv/step: 0.519 (last = 1.0000), fitness=3.026582943
5218.47 secs, 55 evals, 28 steps, improv/step: 0.536 (last = 1.0000), fitness=3.026582943
5390.84 secs, 57 evals, 29 steps, improv/step: 0.517 (last = 0.0000), fitness=3.026582943
5489.40 secs, 58 evals, 30 steps, improv/step: 0.500 (last = 0.0000), fitness=3.026582943
5567.42 secs, 59 evals, 31 steps, improv/step: 0.516 (last = 1.0000), fitness=3.026582943
5683.25 secs, 61 evals, 32 steps, improv/step: 0.531 (last = 1.0000), fitness=3.026582943
5869.86 secs, 63 evals, 33 steps, improv/step: 0.545 (last = 1.0000), fitness=3.026582943
5969.84 secs, 64 evals, 34 steps, improv/step: 0.529 (last = 0.0000), fitness=3.026582943
6178.56 secs, 66 evals, 35 steps, improv/step: 0.543 (last = 1.0000), fitness=3.026582943
6361.58 secs, 68 evals, 36 steps, improv/step: 0.556 (last = 1.0000), fitness=3.026582943
6468.06 secs, 70 evals, 37 steps, improv/step: 0.568 (last = 1.0000), fitness=3.026582943
6566.88 secs, 71 evals, 38 steps, improv/step: 0.579 (last = 1.0000), fitness=3.026582943
6636.03 secs, 73 evals, 39 steps, improv/step: 0.590 (last = 1.0000), fitness=3.026582943
6772.76 secs, 75 evals, 40 steps, improv/step: 0.575 (last = 0.0000), fitness=3.026582943
6928.39 secs, 77 evals, 41 steps, improv/step: 0.561 (last = 0.0000), fitness=3.026582943
7128.27 secs, 79 evals, 42 steps, improv/step: 0.548 (last = 0.0000), fitness=3.026582943
7298.58 secs, 81 evals, 43 steps, improv/step: 0.535 (last = 0.0000), fitness=3.026582943
7393.85 secs, 82 evals, 44 steps, improv/step: 0.523 (last = 0.0000), fitness=3.026582943
7595.90 secs, 84 evals, 45 steps, improv/step: 0.511 (last = 0.0000), fitness=3.026582943
7680.32 secs, 86 evals, 46 steps, improv/step: 0.522 (last = 1.0000), fitness=3.026582943
7853.16 secs, 88 evals, 47 steps, improv/step: 0.532 (last = 1.0000), fitness=3.026582943
8026.51 secs, 90 evals, 48 steps, improv/step: 0.542 (last = 1.0000), fitness=3.026582943
8117.21 secs, 91 evals, 49 steps, improv/step: 0.531 (last = 0.0000), fitness=3.026582943
8324.08 secs, 93 evals, 50 steps, improv/step: 0.540 (last = 1.0000), fitness=3.026582943
8511.83 secs, 95 evals, 51 steps, improv/step: 0.549 (last = 1.0000), fitness=3.026582943
8612.91 secs, 96 evals, 52 steps, improv/step: 0.538 (last = 0.0000), fitness=3.026582943
8707.33 secs, 97 evals, 53 steps, improv/step: 0.528 (last = 0.0000), fitness=3.026582943
8799.03 secs, 98 evals, 54 steps, improv/step: 0.519 (last = 0.0000), fitness=3.026582943
8893.94 secs, 100 evals, 55 steps, improv/step: 0.527 (last = 1.0000), fitness=3.026582943
9028.51 secs, 102 evals, 56 steps, improv/step: 0.536 (last = 1.0000), fitness=3.026582943
9167.14 secs, 104 evals, 57 steps, improv/step: 0.544 (last = 1.0000), fitness=3.026582943
9258.00 secs, 105 evals, 58 steps, improv/step: 0.552 (last = 1.0000), fitness=3.026582943
9317.85 secs, 106 evals, 59 steps, improv/step: 0.559 (last = 1.0000), fitness=3.026582943
9413.00 secs, 107 evals, 60 steps, improv/step: 0.550 (last = 0.0000), fitness=3.026582943
9506.05 secs, 108 evals, 61 steps, improv/step: 0.541 (last = 0.0000), fitness=3.026582943
9607.76 secs, 109 evals, 62 steps, improv/step: 0.532 (last = 0.0000), fitness=3.026582943
9704.88 secs, 110 evals, 63 steps, improv/step: 0.524 (last = 0.0000), fitness=3.026582943
9798.24 secs, 111 evals, 64 steps, improv/step: 0.516 (last = 0.0000), fitness=3.026582943
9956.15 secs, 113 evals, 65 steps, improv/step: 0.523 (last = 1.0000), fitness=3.026582943
10055.30 secs, 114 evals, 66 steps, improv/step: 0.530 (last = 1.0000), fitness=3.026582943
10183.26 secs, 116 evals, 67 steps, improv/step: 0.537 (last = 1.0000), fitness=3.026582943
10387.21 secs, 118 evals, 68 steps, improv/step: 0.529 (last = 0.0000), fitness=3.026582943
10577.82 secs, 120 evals, 69 steps, improv/step: 0.536 (last = 1.0000), fitness=3.026582943
10673.72 secs, 121 evals, 70 steps, improv/step: 0.529 (last = 0.0000), fitness=3.026582943
10777.00 secs, 122 evals, 71 steps, improv/step: 0.535 (last = 1.0000), fitness=3.026582943

Optimization stopped after 72 steps and 10872.17 seconds
Termination reason: Max time (10800.0 s) reached
Steps per second = 0.01
Function evals per second = 0.01
Improvements/step = Inf
Total function evaluations = 123


Best candidate found: [0.266534, 0.97336]

Fitness: 3.026582943

