N_Jobs_Total: 144
Starting optimization with optimizer DiffEvoOpt{FitPopulation{Float64}, RadiusLimitedSelector, BlackBoxOptim.AdaptiveDiffEvoRandBin{3}, RandomBound{ContinuousRectSearchSpace}}
0.00 secs, 0 evals, 0 steps
115.49 secs, 2 evals, 1 steps, fitness=82.525390891
257.43 secs, 4 evals, 2 steps, fitness=48.241070314
482.19 secs, 6 evals, 3 steps, fitness=4.886965884
663.46 secs, 8 evals, 4 steps, improv/step: 0.250 (last = 1.0000), fitness=4.886965884
905.19 secs, 10 evals, 5 steps, improv/step: 0.200 (last = 0.0000), fitness=4.886965884
1098.16 secs, 12 evals, 6 steps, improv/step: 0.333 (last = 1.0000), fitness=4.886965884
1249.58 secs, 14 evals, 7 steps, improv/step: 0.429 (last = 1.0000), fitness=4.886965884
1346.31 secs, 16 evals, 8 steps, improv/step: 0.375 (last = 0.0000), fitness=4.886965884
1561.49 secs, 18 evals, 9 steps, improv/step: 0.333 (last = 0.0000), fitness=4.886965884
1774.36 secs, 20 evals, 10 steps, improv/step: 0.400 (last = 1.0000), fitness=1.637108910
1918.80 secs, 22 evals, 11 steps, improv/step: 0.455 (last = 1.0000), fitness=1.637108910
2117.52 secs, 24 evals, 12 steps, improv/step: 0.500 (last = 1.0000), fitness=1.637108910
2252.70 secs, 26 evals, 13 steps, improv/step: 0.462 (last = 0.0000), fitness=1.637108910
2472.88 secs, 28 evals, 14 steps, improv/step: 0.429 (last = 0.0000), fitness=1.637108910
2656.48 secs, 30 evals, 15 steps, improv/step: 0.400 (last = 0.0000), fitness=1.637108910
2814.71 secs, 32 evals, 16 steps, improv/step: 0.375 (last = 0.0000), fitness=1.637108910
3021.70 secs, 34 evals, 17 steps, improv/step: 0.412 (last = 1.0000), fitness=1.637108910
3223.98 secs, 36 evals, 18 steps, improv/step: 0.389 (last = 0.0000), fitness=1.637108910
3339.74 secs, 38 evals, 19 steps, improv/step: 0.368 (last = 0.0000), fitness=1.637108910
3553.28 secs, 40 evals, 20 steps, improv/step: 0.400 (last = 1.0000), fitness=1.637108910
3750.39 secs, 42 evals, 21 steps, improv/step: 0.381 (last = 0.0000), fitness=1.637108910
3854.20 secs, 43 evals, 22 steps, improv/step: 0.364 (last = 0.0000), fitness=1.637108910
4046.40 secs, 45 evals, 23 steps, improv/step: 0.391 (last = 1.0000), fitness=1.637108910
4233.09 secs, 47 evals, 24 steps, improv/step: 0.375 (last = 0.0000), fitness=1.637108910
4452.52 secs, 49 evals, 25 steps, improv/step: 0.400 (last = 1.0000), fitness=1.637108910
4673.19 secs, 51 evals, 26 steps, improv/step: 0.423 (last = 1.0000), fitness=1.637108910
4881.67 secs, 53 evals, 27 steps, improv/step: 0.407 (last = 0.0000), fitness=1.637108910
5054.28 secs, 55 evals, 28 steps, improv/step: 0.429 (last = 1.0000), fitness=1.637108910
5261.28 secs, 57 evals, 29 steps, improv/step: 0.414 (last = 0.0000), fitness=1.637108910
5451.33 secs, 59 evals, 30 steps, improv/step: 0.400 (last = 0.0000), fitness=1.637108910
5556.60 secs, 60 evals, 31 steps, improv/step: 0.387 (last = 0.0000), fitness=1.637108910
5655.95 secs, 61 evals, 32 steps, improv/step: 0.375 (last = 0.0000), fitness=1.637108910
5867.85 secs, 63 evals, 33 steps, improv/step: 0.364 (last = 0.0000), fitness=1.637108910
6017.62 secs, 65 evals, 34 steps, improv/step: 0.353 (last = 0.0000), fitness=1.637108910
6223.82 secs, 67 evals, 35 steps, improv/step: 0.371 (last = 1.0000), fitness=1.637108910
6427.47 secs, 69 evals, 36 steps, improv/step: 0.389 (last = 1.0000), fitness=1.637108910
6530.81 secs, 70 evals, 37 steps, improv/step: 0.405 (last = 1.0000), fitness=1.637108910
6643.05 secs, 72 evals, 38 steps, improv/step: 0.395 (last = 0.0000), fitness=1.637108910
6675.56 secs, 73 evals, 39 steps, improv/step: 0.385 (last = 0.0000), fitness=1.637108910
6779.52 secs, 74 evals, 40 steps, improv/step: 0.400 (last = 1.0000), fitness=1.637108910
6988.13 secs, 76 evals, 41 steps, improv/step: 0.415 (last = 1.0000), fitness=1.637108910
7193.39 secs, 78 evals, 42 steps, improv/step: 0.405 (last = 0.0000), fitness=1.637108910
7401.65 secs, 80 evals, 43 steps, improv/step: 0.419 (last = 1.0000), fitness=1.637108910
7544.24 secs, 82 evals, 44 steps, improv/step: 0.409 (last = 0.0000), fitness=1.637108910
7745.74 secs, 84 evals, 45 steps, improv/step: 0.422 (last = 1.0000), fitness=1.637108910
7889.95 secs, 86 evals, 46 steps, improv/step: 0.435 (last = 1.0000), fitness=1.637108910
7993.15 secs, 87 evals, 47 steps, improv/step: 0.426 (last = 0.0000), fitness=1.637108910
8099.54 secs, 88 evals, 48 steps, improv/step: 0.417 (last = 0.0000), fitness=1.637108910
8319.36 secs, 90 evals, 49 steps, improv/step: 0.408 (last = 0.0000), fitness=1.637108910
8476.75 secs, 92 evals, 50 steps, improv/step: 0.400 (last = 0.0000), fitness=1.637108910
8607.95 secs, 94 evals, 51 steps, improv/step: 0.412 (last = 1.0000), fitness=1.600058503
8771.06 secs, 96 evals, 52 steps, improv/step: 0.404 (last = 0.0000), fitness=1.600058503
8938.99 secs, 98 evals, 53 steps, improv/step: 0.415 (last = 1.0000), fitness=1.600058503
9106.91 secs, 100 evals, 54 steps, improv/step: 0.426 (last = 1.0000), fitness=1.600058503
9297.53 secs, 102 evals, 55 steps, improv/step: 0.418 (last = 0.0000), fitness=1.600058503
9401.87 secs, 103 evals, 56 steps, improv/step: 0.411 (last = 0.0000), fitness=1.600058503
9598.21 secs, 105 evals, 57 steps, improv/step: 0.404 (last = 0.0000), fitness=1.600058503
9783.75 secs, 107 evals, 58 steps, improv/step: 0.414 (last = 1.0000), fitness=1.600058503
9995.22 secs, 109 evals, 59 steps, improv/step: 0.407 (last = 0.0000), fitness=1.600058503
10186.27 secs, 111 evals, 60 steps, improv/step: 0.400 (last = 0.0000), fitness=1.600058503
10292.96 secs, 112 evals, 61 steps, improv/step: 0.393 (last = 0.0000), fitness=1.600058503
10474.06 secs, 114 evals, 62 steps, improv/step: 0.403 (last = 1.0000), fitness=1.600058503
10686.19 secs, 116 evals, 63 steps, improv/step: 0.397 (last = 0.0000), fitness=1.600058503

Optimization stopped after 64 steps and 10881.55 seconds
Termination reason: Max time (10800.0 s) reached
Steps per second = 0.01
Function evals per second = 0.01
Improvements/step = Inf
Total function evaluations = 118


Best candidate found: [0.568889, 0.936561]

Fitness: 1.600058503

