N_Jobs_Total: 14700
N_Runs: 60
Job: 5391, N_Quanta: 18, epsilon: 0.64, NT_per_Second: 50, mem_slope: 0.2
Job: 5392, N_Quanta: 18, epsilon: 0.64, NT_per_Second: 100, mem_slope: 0.2
Job: 5393, N_Quanta: 18, epsilon: 0.64, NT_per_Second: 200, mem_slope: 0.2
Job: 5394, N_Quanta: 18, epsilon: 0.64, NT_per_Second: 400, mem_slope: 0.2
Job: 5395, N_Quanta: 19, epsilon: 0.64, NT_per_Second: 10, mem_slope: 0.2
Job: 5396, N_Quanta: 19, epsilon: 0.64, NT_per_Second: 25, mem_slope: 0.2
Job: 5397, N_Quanta: 19, epsilon: 0.64, NT_per_Second: 50, mem_slope: 0.2
Job: 5398, N_Quanta: 19, epsilon: 0.64, NT_per_Second: 100, mem_slope: 0.2
Job: 5399, N_Quanta: 19, epsilon: 0.64, NT_per_Second: 200, mem_slope: 0.2
Job: 5400, N_Quanta: 19, epsilon: 0.64, NT_per_Second: 400, mem_slope: 0.2
Job: 5401, N_Quanta: 20, epsilon: 0.64, NT_per_Second: 10, mem_slope: 0.2
Job: 5402, N_Quanta: 20, epsilon: 0.64, NT_per_Second: 25, mem_slope: 0.2
Job: 5403, N_Quanta: 20, epsilon: 0.64, NT_per_Second: 50, mem_slope: 0.2
Job: 5404, N_Quanta: 20, epsilon: 0.64, NT_per_Second: 100, mem_slope: 0.2
Job: 5405, N_Quanta: 20, epsilon: 0.64, NT_per_Second: 200, mem_slope: 0.2
Job: 5406, N_Quanta: 20, epsilon: 0.64, NT_per_Second: 400, mem_slope: 0.2
Job: 5407, N_Quanta: 21, epsilon: 0.64, NT_per_Second: 10, mem_slope: 0.2
Job: 5408, N_Quanta: 21, epsilon: 0.64, NT_per_Second: 25, mem_slope: 0.2
Job: 5409, N_Quanta: 21, epsilon: 0.64, NT_per_Second: 50, mem_slope: 0.2
Job: 5410, N_Quanta: 21, epsilon: 0.64, NT_per_Second: 100, mem_slope: 0.2
Job: 5411, N_Quanta: 21, epsilon: 0.64, NT_per_Second: 200, mem_slope: 0.2
Job: 5412, N_Quanta: 21, epsilon: 0.64, NT_per_Second: 400, mem_slope: 0.2
Job: 5413, N_Quanta: 22, epsilon: 0.64, NT_per_Second: 10, mem_slope: 0.2
Job: 5414, N_Quanta: 22, epsilon: 0.64, NT_per_Second: 25, mem_slope: 0.2
Job: 5415, N_Quanta: 22, epsilon: 0.64, NT_per_Second: 50, mem_slope: 0.2
Job: 5416, N_Quanta: 22, epsilon: 0.64, NT_per_Second: 100, mem_slope: 0.2
Job: 5417, N_Quanta: 22, epsilon: 0.64, NT_per_Second: 200, mem_slope: 0.2
Job: 5418, N_Quanta: 22, epsilon: 0.64, NT_per_Second: 400, mem_slope: 0.2
Job: 5419, N_Quanta: 23, epsilon: 0.64, NT_per_Second: 10, mem_slope: 0.2
Job: 5420, N_Quanta: 23, epsilon: 0.64, NT_per_Second: 25, mem_slope: 0.2
Job: 5421, N_Quanta: 23, epsilon: 0.64, NT_per_Second: 50, mem_slope: 0.2
Job: 5422, N_Quanta: 23, epsilon: 0.64, NT_per_Second: 100, mem_slope: 0.2
Job: 5423, N_Quanta: 23, epsilon: 0.64, NT_per_Second: 200, mem_slope: 0.2
Job: 5424, N_Quanta: 23, epsilon: 0.64, NT_per_Second: 400, mem_slope: 0.2
Job: 5425, N_Quanta: 24, epsilon: 0.64, NT_per_Second: 10, mem_slope: 0.2
Job: 5426, N_Quanta: 24, epsilon: 0.64, NT_per_Second: 25, mem_slope: 0.2
Job: 5427, N_Quanta: 24, epsilon: 0.64, NT_per_Second: 50, mem_slope: 0.2
Job: 5428, N_Quanta: 24, epsilon: 0.64, NT_per_Second: 100, mem_slope: 0.2
Job: 5429, N_Quanta: 24, epsilon: 0.64, NT_per_Second: 200, mem_slope: 0.2
Job: 5430, N_Quanta: 24, epsilon: 0.64, NT_per_Second: 400, mem_slope: 0.2
Job: 5431, N_Quanta: 25, epsilon: 0.64, NT_per_Second: 10, mem_slope: 0.2
Job: 5432, N_Quanta: 25, epsilon: 0.64, NT_per_Second: 25, mem_slope: 0.2
Job: 5433, N_Quanta: 25, epsilon: 0.64, NT_per_Second: 50, mem_slope: 0.2
Job: 5434, N_Quanta: 25, epsilon: 0.64, NT_per_Second: 100, mem_slope: 0.2
Job: 5435, N_Quanta: 25, epsilon: 0.64, NT_per_Second: 200, mem_slope: 0.2
Job: 5436, N_Quanta: 25, epsilon: 0.64, NT_per_Second: 400, mem_slope: 0.2
Job: 5437, N_Quanta: 26, epsilon: 0.64, NT_per_Second: 10, mem_slope: 0.2
Job: 5438, N_Quanta: 26, epsilon: 0.64, NT_per_Second: 25, mem_slope: 0.2
Job: 5439, N_Quanta: 26, epsilon: 0.64, NT_per_Second: 50, mem_slope: 0.2
Job: 5440, N_Quanta: 26, epsilon: 0.64, NT_per_Second: 100, mem_slope: 0.2
Job: 5441, N_Quanta: 26, epsilon: 0.64, NT_per_Second: 200, mem_slope: 0.2
Job: 5442, N_Quanta: 26, epsilon: 0.64, NT_per_Second: 400, mem_slope: 0.2
Job: 5443, N_Quanta: 27, epsilon: 0.64, NT_per_Second: 10, mem_slope: 0.2
Job: 5444, N_Quanta: 27, epsilon: 0.64, NT_per_Second: 25, mem_slope: 0.2
Job: 5445, N_Quanta: 27, epsilon: 0.64, NT_per_Second: 50, mem_slope: 0.2
Job: 5446, N_Quanta: 27, epsilon: 0.64, NT_per_Second: 100, mem_slope: 0.2
Job: 5447, N_Quanta: 27, epsilon: 0.64, NT_per_Second: 200, mem_slope: 0.2
Job: 5448, N_Quanta: 27, epsilon: 0.64, NT_per_Second: 400, mem_slope: 0.2
Job: 5449, N_Quanta: 28, epsilon: 0.64, NT_per_Second: 10, mem_slope: 0.2
Job: 5450, N_Quanta: 28, epsilon: 0.64, NT_per_Second: 25, mem_slope: 0.2
Job: 5451, N_Quanta: 28, epsilon: 0.64, NT_per_Second: 50, mem_slope: 0.2
Job: 5452, N_Quanta: 28, epsilon: 0.64, NT_per_Second: 100, mem_slope: 0.2
Job: 5453, N_Quanta: 28, epsilon: 0.64, NT_per_Second: 200, mem_slope: 0.2
Job: 5454, N_Quanta: 28, epsilon: 0.64, NT_per_Second: 400, mem_slope: 0.2
Job: 5455, N_Quanta: 29, epsilon: 0.64, NT_per_Second: 10, mem_slope: 0.2
Job: 5456, N_Quanta: 29, epsilon: 0.64, NT_per_Second: 25, mem_slope: 0.2
Job: 5457, N_Quanta: 29, epsilon: 0.64, NT_per_Second: 50, mem_slope: 0.2
Job: 5458, N_Quanta: 29, epsilon: 0.64, NT_per_Second: 100, mem_slope: 0.2
Job: 5459, N_Quanta: 29, epsilon: 0.64, NT_per_Second: 200, mem_slope: 0.2
Job: 5460, N_Quanta: 29, epsilon: 0.64, NT_per_Second: 400, mem_slope: 0.2
Job: 5461, N_Quanta: 30, epsilon: 0.64, NT_per_Second: 10, mem_slope: 0.2
Job: 5462, N_Quanta: 30, epsilon: 0.64, NT_per_Second: 25, mem_slope: 0.2
Job: 5463, N_Quanta: 30, epsilon: 0.64, NT_per_Second: 50, mem_slope: 0.2
Job: 5464, N_Quanta: 30, epsilon: 0.64, NT_per_Second: 100, mem_slope: 0.2
Job: 5465, N_Quanta: 30, epsilon: 0.64, NT_per_Second: 200, mem_slope: 0.2
Job: 5466, N_Quanta: 30, epsilon: 0.64, NT_per_Second: 400, mem_slope: 0.2
Job: 5467, N_Quanta: 31, epsilon: 0.64, NT_per_Second: 10, mem_slope: 0.2
Job: 5468, N_Quanta: 31, epsilon: 0.64, NT_per_Second: 25, mem_slope: 0.2
Job: 5469, N_Quanta: 31, epsilon: 0.64, NT_per_Second: 50, mem_slope: 0.2
Job: 5470, N_Quanta: 31, epsilon: 0.64, NT_per_Second: 100, mem_slope: 0.2
Job: 5471, N_Quanta: 31, epsilon: 0.64, NT_per_Second: 200, mem_slope: 0.2
Job: 5472, N_Quanta: 31, epsilon: 0.64, NT_per_Second: 400, mem_slope: 0.2
Job: 5473, N_Quanta: 32, epsilon: 0.64, NT_per_Second: 10, mem_slope: 0.2
Job: 5474, N_Quanta: 32, epsilon: 0.64, NT_per_Second: 25, mem_slope: 0.2
Job: 5475, N_Quanta: 32, epsilon: 0.64, NT_per_Second: 50, mem_slope: 0.2
Job: 5476, N_Quanta: 32, epsilon: 0.64, NT_per_Second: 100, mem_slope: 0.2
Job: 5477, N_Quanta: 32, epsilon: 0.64, NT_per_Second: 200, mem_slope: 0.2
Job: 5478, N_Quanta: 32, epsilon: 0.64, NT_per_Second: 400, mem_slope: 0.2
Job: 5479, N_Quanta: 33, epsilon: 0.64, NT_per_Second: 10, mem_slope: 0.2
Job: 5480, N_Quanta: 33, epsilon: 0.64, NT_per_Second: 25, mem_slope: 0.2
Job: 5481, N_Quanta: 33, epsilon: 0.64, NT_per_Second: 50, mem_slope: 0.2
Job: 5482, N_Quanta: 33, epsilon: 0.64, NT_per_Second: 100, mem_slope: 0.2
Job: 5483, N_Quanta: 33, epsilon: 0.64, NT_per_Second: 200, mem_slope: 0.2
Job: 5484, N_Quanta: 33, epsilon: 0.64, NT_per_Second: 400, mem_slope: 0.2
Job: 5485, N_Quanta: 34, epsilon: 0.64, NT_per_Second: 10, mem_slope: 0.2
Job: 5486, N_Quanta: 34, epsilon: 0.64, NT_per_Second: 25, mem_slope: 0.2
Job: 5487, N_Quanta: 34, epsilon: 0.64, NT_per_Second: 50, mem_slope: 0.2
Job: 5488, N_Quanta: 34, epsilon: 0.64, NT_per_Second: 100, mem_slope: 0.2
Job: 5489, N_Quanta: 34, epsilon: 0.64, NT_per_Second: 200, mem_slope: 0.2
Job: 5490, N_Quanta: 34, epsilon: 0.64, NT_per_Second: 400, mem_slope: 0.2
Job: 5491, N_Quanta: 35, epsilon: 0.64, NT_per_Second: 10, mem_slope: 0.2
Job: 5492, N_Quanta: 35, epsilon: 0.64, NT_per_Second: 25, mem_slope: 0.2
Job: 5493, N_Quanta: 35, epsilon: 0.64, NT_per_Second: 50, mem_slope: 0.2
Job: 5494, N_Quanta: 35, epsilon: 0.64, NT_per_Second: 100, mem_slope: 0.2
Job: 5495, N_Quanta: 35, epsilon: 0.64, NT_per_Second: 200, mem_slope: 0.2
Job: 5496, N_Quanta: 35, epsilon: 0.64, NT_per_Second: 400, mem_slope: 0.2
Job: 5497, N_Quanta: 36, epsilon: 0.64, NT_per_Second: 10, mem_slope: 0.2
Job: 5498, N_Quanta: 36, epsilon: 0.64, NT_per_Second: 25, mem_slope: 0.2
Job: 5499, N_Quanta: 36, epsilon: 0.64, NT_per_Second: 50, mem_slope: 0.2
Job: 5500, N_Quanta: 36, epsilon: 0.64, NT_per_Second: 100, mem_slope: 0.2
Job: 5501, N_Quanta: 36, epsilon: 0.64, NT_per_Second: 200, mem_slope: 0.2
Job: 5502, N_Quanta: 36, epsilon: 0.64, NT_per_Second: 400, mem_slope: 0.2
Job: 5503, N_Quanta: 37, epsilon: 0.64, NT_per_Second: 10, mem_slope: 0.2
Job: 5504, N_Quanta: 37, epsilon: 0.64, NT_per_Second: 25, mem_slope: 0.2
Job: 5505, N_Quanta: 37, epsilon: 0.64, NT_per_Second: 50, mem_slope: 0.2
Job: 5506, N_Quanta: 37, epsilon: 0.64, NT_per_Second: 100, mem_slope: 0.2
Job: 5507, N_Quanta: 37, epsilon: 0.64, NT_per_Second: 200, mem_slope: 0.2
Job: 5508, N_Quanta: 37, epsilon: 0.64, NT_per_Second: 400, mem_slope: 0.2
Job: 5509, N_Quanta: 38, epsilon: 0.64, NT_per_Second: 10, mem_slope: 0.2
Job: 5510, N_Quanta: 38, epsilon: 0.64, NT_per_Second: 25, mem_slope: 0.2
Job: 5511, N_Quanta: 38, epsilon: 0.64, NT_per_Second: 50, mem_slope: 0.2
Job: 5512, N_Quanta: 38, epsilon: 0.64, NT_per_Second: 100, mem_slope: 0.2
Job: 5513, N_Quanta: 38, epsilon: 0.64, NT_per_Second: 200, mem_slope: 0.2
Job: 5514, N_Quanta: 38, epsilon: 0.64, NT_per_Second: 400, mem_slope: 0.2
Job: 5515, N_Quanta: 39, epsilon: 0.64, NT_per_Second: 10, mem_slope: 0.2
Job: 5516, N_Quanta: 39, epsilon: 0.64, NT_per_Second: 25, mem_slope: 0.2
Job: 5517, N_Quanta: 39, epsilon: 0.64, NT_per_Second: 50, mem_slope: 0.2
Job: 5518, N_Quanta: 39, epsilon: 0.64, NT_per_Second: 100, mem_slope: 0.2
Job: 5519, N_Quanta: 39, epsilon: 0.64, NT_per_Second: 200, mem_slope: 0.2
Job: 5520, N_Quanta: 39, epsilon: 0.64, NT_per_Second: 400, mem_slope: 0.2
Job: 5521, N_Quanta: 40, epsilon: 0.64, NT_per_Second: 10, mem_slope: 0.2
Job: 5522, N_Quanta: 40, epsilon: 0.64, NT_per_Second: 25, mem_slope: 0.2
Job: 5523, N_Quanta: 40, epsilon: 0.64, NT_per_Second: 50, mem_slope: 0.2
Job: 5524, N_Quanta: 40, epsilon: 0.64, NT_per_Second: 100, mem_slope: 0.2
Job: 5525, N_Quanta: 40, epsilon: 0.64, NT_per_Second: 200, mem_slope: 0.2
Job: 5526, N_Quanta: 40, epsilon: 0.64, NT_per_Second: 400, mem_slope: 0.2
Job: 5527, N_Quanta: 41, epsilon: 0.64, NT_per_Second: 10, mem_slope: 0.2
Job: 5528, N_Quanta: 41, epsilon: 0.64, NT_per_Second: 25, mem_slope: 0.2
Job: 5529, N_Quanta: 41, epsilon: 0.64, NT_per_Second: 50, mem_slope: 0.2
Job: 5530, N_Quanta: 41, epsilon: 0.64, NT_per_Second: 100, mem_slope: 0.2
Job: 5531, N_Quanta: 41, epsilon: 0.64, NT_per_Second: 200, mem_slope: 0.2
Job: 5532, N_Quanta: 41, epsilon: 0.64, NT_per_Second: 400, mem_slope: 0.2
Job: 5533, N_Quanta: 42, epsilon: 0.64, NT_per_Second: 10, mem_slope: 0.2
Job: 5534, N_Quanta: 42, epsilon: 0.64, NT_per_Second: 25, mem_slope: 0.2
Job: 5535, N_Quanta: 42, epsilon: 0.64, NT_per_Second: 50, mem_slope: 0.2
Job: 5536, N_Quanta: 42, epsilon: 0.64, NT_per_Second: 100, mem_slope: 0.2
Job: 5537, N_Quanta: 42, epsilon: 0.64, NT_per_Second: 200, mem_slope: 0.2
Job: 5538, N_Quanta: 42, epsilon: 0.64, NT_per_Second: 400, mem_slope: 0.2
Job: 5539, N_Quanta: 43, epsilon: 0.64, NT_per_Second: 10, mem_slope: 0.2
Job: 5540, N_Quanta: 43, epsilon: 0.64, NT_per_Second: 25, mem_slope: 0.2
Job: 5541, N_Quanta: 43, epsilon: 0.64, NT_per_Second: 50, mem_slope: 0.2
Job: 5542, N_Quanta: 43, epsilon: 0.64, NT_per_Second: 100, mem_slope: 0.2
Job: 5543, N_Quanta: 43, epsilon: 0.64, NT_per_Second: 200, mem_slope: 0.2
Job: 5544, N_Quanta: 43, epsilon: 0.64, NT_per_Second: 400, mem_slope: 0.2
Job: 5545, N_Quanta: 44, epsilon: 0.64, NT_per_Second: 10, mem_slope: 0.2
Job: 5546, N_Quanta: 44, epsilon: 0.64, NT_per_Second: 25, mem_slope: 0.2
Job: 5547, N_Quanta: 44, epsilon: 0.64, NT_per_Second: 50, mem_slope: 0.2
Job: 5548, N_Quanta: 44, epsilon: 0.64, NT_per_Second: 100, mem_slope: 0.2
Job: 5549, N_Quanta: 44, epsilon: 0.64, NT_per_Second: 200, mem_slope: 0.2
Job: 5550, N_Quanta: 44, epsilon: 0.64, NT_per_Second: 400, mem_slope: 0.2
Job: 5551, N_Quanta: 45, epsilon: 0.64, NT_per_Second: 10, mem_slope: 0.2
Job: 5552, N_Quanta: 45, epsilon: 0.64, NT_per_Second: 25, mem_slope: 0.2
Job: 5553, N_Quanta: 45, epsilon: 0.64, NT_per_Second: 50, mem_slope: 0.2
Job: 5554, N_Quanta: 45, epsilon: 0.64, NT_per_Second: 100, mem_slope: 0.2
Job: 5555, N_Quanta: 45, epsilon: 0.64, NT_per_Second: 200, mem_slope: 0.2
Job: 5556, N_Quanta: 45, epsilon: 0.64, NT_per_Second: 400, mem_slope: 0.2
Job: 5557, N_Quanta: 46, epsilon: 0.64, NT_per_Second: 10, mem_slope: 0.2
Job: 5558, N_Quanta: 46, epsilon: 0.64, NT_per_Second: 25, mem_slope: 0.2
Job: 5559, N_Quanta: 46, epsilon: 0.64, NT_per_Second: 50, mem_slope: 0.2
Job: 5560, N_Quanta: 46, epsilon: 0.64, NT_per_Second: 100, mem_slope: 0.2
Job: 5561, N_Quanta: 46, epsilon: 0.64, NT_per_Second: 200, mem_slope: 0.2
Job: 5562, N_Quanta: 46, epsilon: 0.64, NT_per_Second: 400, mem_slope: 0.2
Job: 5563, N_Quanta: 47, epsilon: 0.64, NT_per_Second: 10, mem_slope: 0.2
Job: 5564, N_Quanta: 47, epsilon: 0.64, NT_per_Second: 25, mem_slope: 0.2
Job: 5565, N_Quanta: 47, epsilon: 0.64, NT_per_Second: 50, mem_slope: 0.2
Job: 5566, N_Quanta: 47, epsilon: 0.64, NT_per_Second: 100, mem_slope: 0.2
Job: 5567, N_Quanta: 47, epsilon: 0.64, NT_per_Second: 200, mem_slope: 0.2
Job: 5568, N_Quanta: 47, epsilon: 0.64, NT_per_Second: 400, mem_slope: 0.2
Job: 5569, N_Quanta: 48, epsilon: 0.64, NT_per_Second: 10, mem_slope: 0.2
Job: 5570, N_Quanta: 48, epsilon: 0.64, NT_per_Second: 25, mem_slope: 0.2
Job: 5571, N_Quanta: 48, epsilon: 0.64, NT_per_Second: 50, mem_slope: 0.2
Job: 5572, N_Quanta: 48, epsilon: 0.64, NT_per_Second: 100, mem_slope: 0.2
Job: 5573, N_Quanta: 48, epsilon: 0.64, NT_per_Second: 200, mem_slope: 0.2
Job: 5574, N_Quanta: 48, epsilon: 0.64, NT_per_Second: 400, mem_slope: 0.2
Job: 5575, N_Quanta: 49, epsilon: 0.64, NT_per_Second: 10, mem_slope: 0.2
Job: 5576, N_Quanta: 49, epsilon: 0.64, NT_per_Second: 25, mem_slope: 0.2
Job: 5577, N_Quanta: 49, epsilon: 0.64, NT_per_Second: 50, mem_slope: 0.2
Job: 5578, N_Quanta: 49, epsilon: 0.64, NT_per_Second: 100, mem_slope: 0.2
Job: 5579, N_Quanta: 49, epsilon: 0.64, NT_per_Second: 200, mem_slope: 0.2
Job: 5580, N_Quanta: 49, epsilon: 0.64, NT_per_Second: 400, mem_slope: 0.2
Job: 5581, N_Quanta: 50, epsilon: 0.64, NT_per_Second: 10, mem_slope: 0.2
Job: 5582, N_Quanta: 50, epsilon: 0.64, NT_per_Second: 25, mem_slope: 0.2
Job: 5583, N_Quanta: 50, epsilon: 0.64, NT_per_Second: 50, mem_slope: 0.2
Job: 5584, N_Quanta: 50, epsilon: 0.64, NT_per_Second: 100, mem_slope: 0.2
Job: 5585, N_Quanta: 50, epsilon: 0.64, NT_per_Second: 200, mem_slope: 0.2
Job: 5586, N_Quanta: 50, epsilon: 0.64, NT_per_Second: 400, mem_slope: 0.2
Job: 5587, N_Quanta: 2, epsilon: 0.62, NT_per_Second: 10, mem_slope: 0.2
Job: 5588, N_Quanta: 2, epsilon: 0.62, NT_per_Second: 25, mem_slope: 0.2
Job: 5589, N_Quanta: 2, epsilon: 0.62, NT_per_Second: 50, mem_slope: 0.2
Job: 5590, N_Quanta: 2, epsilon: 0.62, NT_per_Second: 100, mem_slope: 0.2
Job: 5591, N_Quanta: 2, epsilon: 0.62, NT_per_Second: 200, mem_slope: 0.2
Job: 5592, N_Quanta: 2, epsilon: 0.62, NT_per_Second: 400, mem_slope: 0.2
Job: 5593, N_Quanta: 3, epsilon: 0.62, NT_per_Second: 10, mem_slope: 0.2
Job: 5594, N_Quanta: 3, epsilon: 0.62, NT_per_Second: 25, mem_slope: 0.2
Job: 5595, N_Quanta: 3, epsilon: 0.62, NT_per_Second: 50, mem_slope: 0.2
Job: 5596, N_Quanta: 3, epsilon: 0.62, NT_per_Second: 100, mem_slope: 0.2
Job: 5597, N_Quanta: 3, epsilon: 0.62, NT_per_Second: 200, mem_slope: 0.2
Job: 5598, N_Quanta: 3, epsilon: 0.62, NT_per_Second: 400, mem_slope: 0.2
Job: 5599, N_Quanta: 4, epsilon: 0.62, NT_per_Second: 10, mem_slope: 0.2
Job: 5600, N_Quanta: 4, epsilon: 0.62, NT_per_Second: 25, mem_slope: 0.2
Job: 5601, N_Quanta: 4, epsilon: 0.62, NT_per_Second: 50, mem_slope: 0.2
Job: 5602, N_Quanta: 4, epsilon: 0.62, NT_per_Second: 100, mem_slope: 0.2
Job: 5603, N_Quanta: 4, epsilon: 0.62, NT_per_Second: 200, mem_slope: 0.2
Job: 5604, N_Quanta: 4, epsilon: 0.62, NT_per_Second: 400, mem_slope: 0.2
Job: 5605, N_Quanta: 5, epsilon: 0.62, NT_per_Second: 10, mem_slope: 0.2
Job: 5606, N_Quanta: 5, epsilon: 0.62, NT_per_Second: 25, mem_slope: 0.2
Job: 5607, N_Quanta: 5, epsilon: 0.62, NT_per_Second: 50, mem_slope: 0.2
Job: 5608, N_Quanta: 5, epsilon: 0.62, NT_per_Second: 100, mem_slope: 0.2
Job: 5609, N_Quanta: 5, epsilon: 0.62, NT_per_Second: 200, mem_slope: 0.2
Job: 5610, N_Quanta: 5, epsilon: 0.62, NT_per_Second: 400, mem_slope: 0.2
Job: 5611, N_Quanta: 6, epsilon: 0.62, NT_per_Second: 10, mem_slope: 0.2
Job: 5612, N_Quanta: 6, epsilon: 0.62, NT_per_Second: 25, mem_slope: 0.2
Job: 5613, N_Quanta: 6, epsilon: 0.62, NT_per_Second: 50, mem_slope: 0.2
Job: 5614, N_Quanta: 6, epsilon: 0.62, NT_per_Second: 100, mem_slope: 0.2
Job: 5615, N_Quanta: 6, epsilon: 0.62, NT_per_Second: 200, mem_slope: 0.2
Job: 5616, N_Quanta: 6, epsilon: 0.62, NT_per_Second: 400, mem_slope: 0.2
Job: 5617, N_Quanta: 7, epsilon: 0.62, NT_per_Second: 10, mem_slope: 0.2
Job: 5618, N_Quanta: 7, epsilon: 0.62, NT_per_Second: 25, mem_slope: 0.2
Job: 5619, N_Quanta: 7, epsilon: 0.62, NT_per_Second: 50, mem_slope: 0.2
Job: 5620, N_Quanta: 7, epsilon: 0.62, NT_per_Second: 100, mem_slope: 0.2
Job: 5621, N_Quanta: 7, epsilon: 0.62, NT_per_Second: 200, mem_slope: 0.2
Job: 5622, N_Quanta: 7, epsilon: 0.62, NT_per_Second: 400, mem_slope: 0.2
Job: 5623, N_Quanta: 8, epsilon: 0.62, NT_per_Second: 10, mem_slope: 0.2
Job: 5624, N_Quanta: 8, epsilon: 0.62, NT_per_Second: 25, mem_slope: 0.2
Job: 5625, N_Quanta: 8, epsilon: 0.62, NT_per_Second: 50, mem_slope: 0.2
Job: 5626, N_Quanta: 8, epsilon: 0.62, NT_per_Second: 100, mem_slope: 0.2
Job: 5627, N_Quanta: 8, epsilon: 0.62, NT_per_Second: 200, mem_slope: 0.2
Job: 5628, N_Quanta: 8, epsilon: 0.62, NT_per_Second: 400, mem_slope: 0.2
Job: 5629, N_Quanta: 9, epsilon: 0.62, NT_per_Second: 10, mem_slope: 0.2
Job: 5630, N_Quanta: 9, epsilon: 0.62, NT_per_Second: 25, mem_slope: 0.2
Job: 5631, N_Quanta: 9, epsilon: 0.62, NT_per_Second: 50, mem_slope: 0.2
Job: 5632, N_Quanta: 9, epsilon: 0.62, NT_per_Second: 100, mem_slope: 0.2
Job: 5633, N_Quanta: 9, epsilon: 0.62, NT_per_Second: 200, mem_slope: 0.2
Job: 5634, N_Quanta: 9, epsilon: 0.62, NT_per_Second: 400, mem_slope: 0.2
Job: 5635, N_Quanta: 10, epsilon: 0.62, NT_per_Second: 10, mem_slope: 0.2
