N_Jobs_Total: 144
Starting optimization with optimizer DiffEvoOpt{FitPopulation{Float64}, RadiusLimitedSelector, BlackBoxOptim.AdaptiveDiffEvoRandBin{3}, RandomBound{ContinuousRectSearchSpace}}
0.00 secs, 0 evals, 0 steps
28.45 secs, 2 evals, 1 steps, fitness=5.185232847
53.54 secs, 4 evals, 2 steps, improv/step: 0.500 (last = 1.0000), fitness=5.185232847
82.32 secs, 6 evals, 3 steps, improv/step: 0.333 (last = 0.0000), fitness=4.211719430
110.31 secs, 8 evals, 4 steps, improv/step: 0.250 (last = 0.0000), fitness=4.211719430
132.02 secs, 10 evals, 5 steps, improv/step: 0.400 (last = 1.0000), fitness=4.211719430
152.34 secs, 12 evals, 6 steps, improv/step: 0.333 (last = 0.0000), fitness=4.211719430
180.78 secs, 14 evals, 7 steps, improv/step: 0.429 (last = 1.0000), fitness=4.211719430
209.20 secs, 16 evals, 8 steps, improv/step: 0.500 (last = 1.0000), fitness=3.583782863
234.70 secs, 18 evals, 9 steps, improv/step: 0.444 (last = 0.0000), fitness=3.583782863
261.43 secs, 20 evals, 10 steps, improv/step: 0.400 (last = 0.0000), fitness=3.583782863
290.57 secs, 22 evals, 11 steps, improv/step: 0.455 (last = 1.0000), fitness=3.583782863
319.59 secs, 24 evals, 12 steps, improv/step: 0.417 (last = 0.0000), fitness=3.583782863
344.50 secs, 26 evals, 13 steps, improv/step: 0.462 (last = 1.0000), fitness=3.583782863
372.89 secs, 28 evals, 14 steps, improv/step: 0.429 (last = 0.0000), fitness=2.821630095
401.83 secs, 30 evals, 15 steps, improv/step: 0.467 (last = 1.0000), fitness=2.821630095
430.84 secs, 32 evals, 16 steps, improv/step: 0.438 (last = 0.0000), fitness=2.821630095
458.44 secs, 34 evals, 17 steps, improv/step: 0.412 (last = 0.0000), fitness=2.821630095
482.91 secs, 36 evals, 18 steps, improv/step: 0.389 (last = 0.0000), fitness=2.821630095
509.80 secs, 38 evals, 19 steps, improv/step: 0.368 (last = 0.0000), fitness=2.821630095
523.93 secs, 39 evals, 20 steps, improv/step: 0.350 (last = 0.0000), fitness=2.821630095
551.09 secs, 41 evals, 21 steps, improv/step: 0.333 (last = 0.0000), fitness=2.821630095
569.04 secs, 43 evals, 22 steps, improv/step: 0.318 (last = 0.0000), fitness=2.821630095
597.20 secs, 45 evals, 23 steps, improv/step: 0.304 (last = 0.0000), fitness=2.821630095
621.30 secs, 47 evals, 24 steps, improv/step: 0.292 (last = 0.0000), fitness=2.821630095
646.20 secs, 49 evals, 25 steps, improv/step: 0.320 (last = 1.0000), fitness=2.821630095
660.48 secs, 50 evals, 26 steps, improv/step: 0.308 (last = 0.0000), fitness=2.821630095
688.88 secs, 52 evals, 27 steps, improv/step: 0.333 (last = 1.0000), fitness=2.821630095
716.36 secs, 54 evals, 28 steps, improv/step: 0.321 (last = 0.0000), fitness=2.821630095
744.25 secs, 56 evals, 29 steps, improv/step: 0.345 (last = 1.0000), fitness=2.821630095
773.33 secs, 58 evals, 30 steps, improv/step: 0.333 (last = 0.0000), fitness=2.821630095
801.45 secs, 60 evals, 31 steps, improv/step: 0.355 (last = 1.0000), fitness=2.821630095
826.76 secs, 62 evals, 32 steps, improv/step: 0.375 (last = 1.0000), fitness=2.821630095
838.90 secs, 64 evals, 33 steps, improv/step: 0.364 (last = 0.0000), fitness=2.821630095
860.02 secs, 66 evals, 34 steps, improv/step: 0.353 (last = 0.0000), fitness=2.821630095
887.67 secs, 68 evals, 35 steps, improv/step: 0.371 (last = 1.0000), fitness=2.792462360
901.67 secs, 69 evals, 36 steps, improv/step: 0.389 (last = 1.0000), fitness=2.792462360
915.95 secs, 70 evals, 37 steps, improv/step: 0.405 (last = 1.0000), fitness=2.792462360
944.89 secs, 72 evals, 38 steps, improv/step: 0.395 (last = 0.0000), fitness=2.792462360
973.36 secs, 74 evals, 39 steps, improv/step: 0.385 (last = 0.0000), fitness=2.792462360
998.43 secs, 76 evals, 40 steps, improv/step: 0.400 (last = 1.0000), fitness=2.792462360
1010.93 secs, 78 evals, 41 steps, improv/step: 0.390 (last = 0.0000), fitness=2.792462360
1025.33 secs, 79 evals, 42 steps, improv/step: 0.405 (last = 1.0000), fitness=2.792462360
1044.27 secs, 81 evals, 43 steps, improv/step: 0.395 (last = 0.0000), fitness=2.792462360
1072.22 secs, 83 evals, 44 steps, improv/step: 0.409 (last = 1.0000), fitness=2.792462360
1100.06 secs, 85 evals, 45 steps, improv/step: 0.422 (last = 1.0000), fitness=2.792462360
1118.92 secs, 87 evals, 46 steps, improv/step: 0.413 (last = 0.0000), fitness=2.792462360
1147.56 secs, 89 evals, 47 steps, improv/step: 0.404 (last = 0.0000), fitness=2.792462360
1162.04 secs, 90 evals, 48 steps, improv/step: 0.417 (last = 1.0000), fitness=2.792462360
1175.98 secs, 91 evals, 49 steps, improv/step: 0.429 (last = 1.0000), fitness=2.792462360
1190.35 secs, 92 evals, 50 steps, improv/step: 0.440 (last = 1.0000), fitness=2.792462360
1204.06 secs, 93 evals, 51 steps, improv/step: 0.431 (last = 0.0000), fitness=2.792462360
1218.40 secs, 94 evals, 52 steps, improv/step: 0.442 (last = 1.0000), fitness=2.792462360
1247.30 secs, 96 evals, 53 steps, improv/step: 0.434 (last = 0.0000), fitness=2.792462360
1261.57 secs, 97 evals, 54 steps, improv/step: 0.444 (last = 1.0000), fitness=2.792462360
1275.52 secs, 98 evals, 55 steps, improv/step: 0.455 (last = 1.0000), fitness=2.792462360
1289.97 secs, 99 evals, 56 steps, improv/step: 0.446 (last = 0.0000), fitness=2.792462360
1318.78 secs, 101 evals, 57 steps, improv/step: 0.456 (last = 1.0000), fitness=2.792462360
1333.10 secs, 102 evals, 58 steps, improv/step: 0.448 (last = 0.0000), fitness=2.792462360
1359.64 secs, 104 evals, 59 steps, improv/step: 0.458 (last = 1.0000), fitness=2.792462360
1374.03 secs, 105 evals, 60 steps, improv/step: 0.450 (last = 0.0000), fitness=2.792462360
1402.93 secs, 107 evals, 61 steps, improv/step: 0.459 (last = 1.0000), fitness=2.792462360
1424.26 secs, 109 evals, 62 steps, improv/step: 0.452 (last = 0.0000), fitness=2.792462360
1443.09 secs, 111 evals, 63 steps, improv/step: 0.444 (last = 0.0000), fitness=2.792462360
1471.52 secs, 113 evals, 64 steps, improv/step: 0.453 (last = 1.0000), fitness=2.792462360
1485.44 secs, 114 evals, 65 steps, improv/step: 0.462 (last = 1.0000), fitness=2.792462360
1499.37 secs, 115 evals, 66 steps, improv/step: 0.455 (last = 0.0000), fitness=2.792462360
1521.52 secs, 117 evals, 67 steps, improv/step: 0.463 (last = 1.0000), fitness=2.792462360
1535.75 secs, 118 evals, 68 steps, improv/step: 0.456 (last = 0.0000), fitness=2.792462360
1556.54 secs, 120 evals, 69 steps, improv/step: 0.449 (last = 0.0000), fitness=2.792462360
1582.21 secs, 122 evals, 70 steps, improv/step: 0.457 (last = 1.0000), fitness=2.792462360
1596.15 secs, 123 evals, 71 steps, improv/step: 0.465 (last = 1.0000), fitness=2.792462360
1610.44 secs, 124 evals, 72 steps, improv/step: 0.458 (last = 0.0000), fitness=2.792462360
1624.19 secs, 125 evals, 73 steps, improv/step: 0.452 (last = 0.0000), fitness=2.792462360
1638.00 secs, 126 evals, 74 steps, improv/step: 0.446 (last = 0.0000), fitness=2.792462360
1652.44 secs, 127 evals, 75 steps, improv/step: 0.453 (last = 1.0000), fitness=2.792462360
1674.79 secs, 129 evals, 76 steps, improv/step: 0.461 (last = 1.0000), fitness=2.792462360
1703.02 secs, 131 evals, 77 steps, improv/step: 0.455 (last = 0.0000), fitness=2.792462360
1717.15 secs, 132 evals, 78 steps, improv/step: 0.449 (last = 0.0000), fitness=2.792462360
1730.86 secs, 133 evals, 79 steps, improv/step: 0.443 (last = 0.0000), fitness=2.792462360
1744.96 secs, 134 evals, 80 steps, improv/step: 0.450 (last = 1.0000), fitness=2.792462360
1769.08 secs, 136 evals, 81 steps, improv/step: 0.444 (last = 0.0000), fitness=2.771516921
1797.41 secs, 138 evals, 82 steps, improv/step: 0.439 (last = 0.0000), fitness=2.771516921
1826.37 secs, 140 evals, 83 steps, improv/step: 0.446 (last = 1.0000), fitness=2.771516921
1840.76 secs, 141 evals, 84 steps, improv/step: 0.440 (last = 0.0000), fitness=2.771516921
1855.17 secs, 142 evals, 85 steps, improv/step: 0.447 (last = 1.0000), fitness=2.771516921
1869.70 secs, 143 evals, 86 steps, improv/step: 0.442 (last = 0.0000), fitness=2.771516921
1898.42 secs, 145 evals, 87 steps, improv/step: 0.437 (last = 0.0000), fitness=2.771516921
1920.13 secs, 147 evals, 88 steps, improv/step: 0.443 (last = 1.0000), fitness=2.771516921
1934.73 secs, 148 evals, 89 steps, improv/step: 0.449 (last = 1.0000), fitness=2.771516921
1963.51 secs, 150 evals, 90 steps, improv/step: 0.456 (last = 1.0000), fitness=2.771516921
1977.98 secs, 151 evals, 91 steps, improv/step: 0.462 (last = 1.0000), fitness=2.764803612
1992.41 secs, 152 evals, 92 steps, improv/step: 0.457 (last = 0.0000), fitness=2.764803612
2006.63 secs, 153 evals, 93 steps, improv/step: 0.452 (last = 0.0000), fitness=2.764803612
2019.71 secs, 154 evals, 94 steps, improv/step: 0.447 (last = 0.0000), fitness=2.764803612
2034.07 secs, 155 evals, 95 steps, improv/step: 0.453 (last = 1.0000), fitness=2.764803612
2063.27 secs, 157 evals, 96 steps, improv/step: 0.458 (last = 1.0000), fitness=2.764803612
2077.99 secs, 158 evals, 97 steps, improv/step: 0.454 (last = 0.0000), fitness=2.764803612
2092.06 secs, 159 evals, 98 steps, improv/step: 0.449 (last = 0.0000), fitness=2.764803612
2120.81 secs, 161 evals, 99 steps, improv/step: 0.455 (last = 1.0000), fitness=2.764803612
2139.34 secs, 163 evals, 100 steps, improv/step: 0.450 (last = 0.0000), fitness=2.764803612
2168.37 secs, 165 evals, 101 steps, improv/step: 0.446 (last = 0.0000), fitness=2.746436390
2182.94 secs, 166 evals, 102 steps, improv/step: 0.451 (last = 1.0000), fitness=2.746436390
2201.52 secs, 168 evals, 103 steps, improv/step: 0.456 (last = 1.0000), fitness=2.746436390
2216.13 secs, 169 evals, 104 steps, improv/step: 0.452 (last = 0.0000), fitness=2.746436390
2230.32 secs, 170 evals, 105 steps, improv/step: 0.448 (last = 0.0000), fitness=2.746436390
2244.73 secs, 171 evals, 106 steps, improv/step: 0.443 (last = 0.0000), fitness=2.746436390
2259.04 secs, 172 evals, 107 steps, improv/step: 0.449 (last = 1.0000), fitness=2.746436390
2264.26 secs, 173 evals, 108 steps, improv/step: 0.444 (last = 0.0000), fitness=2.746436390
2274.25 secs, 174 evals, 109 steps, improv/step: 0.440 (last = 0.0000), fitness=2.746436390
2288.72 secs, 175 evals, 110 steps, improv/step: 0.445 (last = 1.0000), fitness=2.746436390
2303.25 secs, 176 evals, 111 steps, improv/step: 0.450 (last = 1.0000), fitness=2.746436390
2317.76 secs, 177 evals, 112 steps, improv/step: 0.446 (last = 0.0000), fitness=2.746436390
2346.55 secs, 179 evals, 113 steps, improv/step: 0.442 (last = 0.0000), fitness=2.746436390
2361.08 secs, 180 evals, 114 steps, improv/step: 0.439 (last = 0.0000), fitness=2.746436390
2390.16 secs, 182 evals, 115 steps, improv/step: 0.443 (last = 1.0000), fitness=2.746436390
2404.66 secs, 183 evals, 116 steps, improv/step: 0.440 (last = 0.0000), fitness=2.746436390
2431.54 secs, 185 evals, 117 steps, improv/step: 0.444 (last = 1.0000), fitness=2.746436390
2445.93 secs, 186 evals, 118 steps, improv/step: 0.441 (last = 0.0000), fitness=2.746436390
2460.74 secs, 187 evals, 119 steps, improv/step: 0.437 (last = 0.0000), fitness=2.746436390
2489.98 secs, 189 evals, 120 steps, improv/step: 0.433 (last = 0.0000), fitness=2.746436390
2504.33 secs, 190 evals, 121 steps, improv/step: 0.430 (last = 0.0000), fitness=2.746436390
2533.03 secs, 192 evals, 122 steps, improv/step: 0.434 (last = 1.0000), fitness=2.746436390
2547.70 secs, 193 evals, 123 steps, improv/step: 0.431 (last = 0.0000), fitness=2.746436390
2562.03 secs, 194 evals, 124 steps, improv/step: 0.435 (last = 1.0000), fitness=2.746436390
2591.13 secs, 196 evals, 125 steps, improv/step: 0.440 (last = 1.0000), fitness=2.666180258
2620.32 secs, 198 evals, 126 steps, improv/step: 0.444 (last = 1.0000), fitness=2.666180258
2634.91 secs, 199 evals, 127 steps, improv/step: 0.441 (last = 0.0000), fitness=2.666180258
2648.92 secs, 200 evals, 128 steps, improv/step: 0.438 (last = 0.0000), fitness=2.666180258
2662.96 secs, 201 evals, 129 steps, improv/step: 0.434 (last = 0.0000), fitness=2.666180258
2677.67 secs, 202 evals, 130 steps, improv/step: 0.431 (last = 0.0000), fitness=2.666180258
2706.46 secs, 204 evals, 131 steps, improv/step: 0.427 (last = 0.0000), fitness=2.666180258
2720.50 secs, 205 evals, 132 steps, improv/step: 0.424 (last = 0.0000), fitness=2.666180258
2735.00 secs, 206 evals, 133 steps, improv/step: 0.421 (last = 0.0000), fitness=2.666180258
2764.16 secs, 208 evals, 134 steps, improv/step: 0.418 (last = 0.0000), fitness=2.666180258
2778.76 secs, 209 evals, 135 steps, improv/step: 0.422 (last = 1.0000), fitness=2.666180258
2792.48 secs, 210 evals, 136 steps, improv/step: 0.419 (last = 0.0000), fitness=2.666180258
2821.32 secs, 212 evals, 137 steps, improv/step: 0.423 (last = 1.0000), fitness=2.666180258
2835.70 secs, 213 evals, 138 steps, improv/step: 0.420 (last = 0.0000), fitness=2.666180258
2847.44 secs, 214 evals, 139 steps, improv/step: 0.417 (last = 0.0000), fitness=2.666180258
2875.64 secs, 216 evals, 140 steps, improv/step: 0.414 (last = 0.0000), fitness=2.666180258
2890.19 secs, 217 evals, 141 steps, improv/step: 0.418 (last = 1.0000), fitness=2.666180258
2914.53 secs, 219 evals, 142 steps, improv/step: 0.423 (last = 1.0000), fitness=2.666180258
2942.18 secs, 221 evals, 143 steps, improv/step: 0.427 (last = 1.0000), fitness=2.666180258
2956.73 secs, 222 evals, 144 steps, improv/step: 0.431 (last = 1.0000), fitness=2.666180258
2985.20 secs, 224 evals, 145 steps, improv/step: 0.428 (last = 0.0000), fitness=2.666180258
2999.80 secs, 225 evals, 146 steps, improv/step: 0.425 (last = 0.0000), fitness=2.666180258
3013.89 secs, 226 evals, 147 steps, improv/step: 0.429 (last = 1.0000), fitness=2.666180258
3028.22 secs, 227 evals, 148 steps, improv/step: 0.426 (last = 0.0000), fitness=2.666180258
3053.46 secs, 229 evals, 149 steps, improv/step: 0.423 (last = 0.0000), fitness=2.666180258
3068.04 secs, 230 evals, 150 steps, improv/step: 0.427 (last = 1.0000), fitness=2.666180258
3081.82 secs, 231 evals, 151 steps, improv/step: 0.424 (last = 0.0000), fitness=2.666180258
3096.18 secs, 232 evals, 152 steps, improv/step: 0.421 (last = 0.0000), fitness=2.666180258
3109.57 secs, 233 evals, 153 steps, improv/step: 0.418 (last = 0.0000), fitness=2.666180258
3124.15 secs, 234 evals, 154 steps, improv/step: 0.422 (last = 1.0000), fitness=2.666180258
3138.75 secs, 235 evals, 155 steps, improv/step: 0.419 (last = 0.0000), fitness=2.666180258
3153.11 secs, 236 evals, 156 steps, improv/step: 0.417 (last = 0.0000), fitness=2.666180258
3167.65 secs, 237 evals, 157 steps, improv/step: 0.414 (last = 0.0000), fitness=2.666180258
3196.20 secs, 239 evals, 158 steps, improv/step: 0.418 (last = 1.0000), fitness=2.666180258
3210.48 secs, 240 evals, 159 steps, improv/step: 0.421 (last = 1.0000), fitness=2.666180258
3237.99 secs, 242 evals, 160 steps, improv/step: 0.419 (last = 0.0000), fitness=2.666180258
3252.31 secs, 243 evals, 161 steps, improv/step: 0.416 (last = 0.0000), fitness=2.666180258
3266.55 secs, 244 evals, 162 steps, improv/step: 0.414 (last = 0.0000), fitness=2.666180258
3280.82 secs, 245 evals, 163 steps, improv/step: 0.411 (last = 0.0000), fitness=2.666180258
3309.64 secs, 247 evals, 164 steps, improv/step: 0.409 (last = 0.0000), fitness=2.666180258
3324.21 secs, 248 evals, 165 steps, improv/step: 0.406 (last = 0.0000), fitness=2.666180258
3338.77 secs, 249 evals, 166 steps, improv/step: 0.404 (last = 0.0000), fitness=2.666180258
3367.67 secs, 251 evals, 167 steps, improv/step: 0.407 (last = 1.0000), fitness=2.666180258
3382.14 secs, 252 evals, 168 steps, improv/step: 0.411 (last = 1.0000), fitness=2.666180258
3396.65 secs, 253 evals, 169 steps, improv/step: 0.408 (last = 0.0000), fitness=2.666180258
3411.07 secs, 254 evals, 170 steps, improv/step: 0.412 (last = 1.0000), fitness=2.666180258
3425.39 secs, 255 evals, 171 steps, improv/step: 0.415 (last = 1.0000), fitness=2.666180258
3439.60 secs, 256 evals, 172 steps, improv/step: 0.413 (last = 0.0000), fitness=2.666180258
3452.85 secs, 257 evals, 173 steps, improv/step: 0.410 (last = 0.0000), fitness=2.666180258
3467.06 secs, 258 evals, 174 steps, improv/step: 0.408 (last = 0.0000), fitness=2.666180258
3495.63 secs, 260 evals, 175 steps, improv/step: 0.411 (last = 1.0000), fitness=2.666180258
3510.10 secs, 261 evals, 176 steps, improv/step: 0.409 (last = 0.0000), fitness=2.666180258
3524.58 secs, 262 evals, 177 steps, improv/step: 0.412 (last = 1.0000), fitness=2.666180258
3553.69 secs, 264 evals, 178 steps, improv/step: 0.410 (last = 0.0000), fitness=2.666180258
3568.15 secs, 265 evals, 179 steps, improv/step: 0.408 (last = 0.0000), fitness=2.666180258
3596.51 secs, 267 evals, 180 steps, improv/step: 0.406 (last = 0.0000), fitness=2.666180258
3611.00 secs, 268 evals, 181 steps, improv/step: 0.403 (last = 0.0000), fitness=2.666180258
3639.28 secs, 270 evals, 182 steps, improv/step: 0.407 (last = 1.0000), fitness=2.666180258
3653.70 secs, 271 evals, 183 steps, improv/step: 0.404 (last = 0.0000), fitness=2.666180258
3682.02 secs, 273 evals, 184 steps, improv/step: 0.402 (last = 0.0000), fitness=2.666180258
3709.75 secs, 275 evals, 185 steps, improv/step: 0.400 (last = 0.0000), fitness=2.666180258
3738.52 secs, 277 evals, 186 steps, improv/step: 0.403 (last = 1.0000), fitness=2.666180258
3752.93 secs, 278 evals, 187 steps, improv/step: 0.406 (last = 1.0000), fitness=2.666180258
3767.33 secs, 279 evals, 188 steps, improv/step: 0.410 (last = 1.0000), fitness=2.666180258
3781.72 secs, 280 evals, 189 steps, improv/step: 0.413 (last = 1.0000), fitness=2.570745044
3796.05 secs, 281 evals, 190 steps, improv/step: 0.416 (last = 1.0000), fitness=2.570745044
3810.42 secs, 282 evals, 191 steps, improv/step: 0.419 (last = 1.0000), fitness=2.570745044
3824.81 secs, 283 evals, 192 steps, improv/step: 0.422 (last = 1.0000), fitness=2.570745044
3852.84 secs, 285 evals, 193 steps, improv/step: 0.420 (last = 0.0000), fitness=2.570745044
3867.37 secs, 286 evals, 194 steps, improv/step: 0.418 (last = 0.0000), fitness=2.570745044
3881.80 secs, 287 evals, 195 steps, improv/step: 0.421 (last = 1.0000), fitness=2.570745044
3896.06 secs, 288 evals, 196 steps, improv/step: 0.423 (last = 1.0000), fitness=2.570745044
3910.48 secs, 289 evals, 197 steps, improv/step: 0.421 (last = 0.0000), fitness=2.570745044
3924.83 secs, 290 evals, 198 steps, improv/step: 0.424 (last = 1.0000), fitness=2.570745044
3939.25 secs, 291 evals, 199 steps, improv/step: 0.427 (last = 1.0000), fitness=2.570745044
3953.64 secs, 292 evals, 200 steps, improv/step: 0.430 (last = 1.0000), fitness=2.570745044
3968.13 secs, 293 evals, 201 steps, improv/step: 0.428 (last = 0.0000), fitness=2.570745044
3982.38 secs, 294 evals, 202 steps, improv/step: 0.431 (last = 1.0000), fitness=2.570745044
4011.32 secs, 296 evals, 203 steps, improv/step: 0.429 (last = 0.0000), fitness=2.570745044
4025.48 secs, 297 evals, 204 steps, improv/step: 0.426 (last = 0.0000), fitness=2.570745044
4039.78 secs, 298 evals, 205 steps, improv/step: 0.424 (last = 0.0000), fitness=2.570745044
4054.08 secs, 299 evals, 206 steps, improv/step: 0.422 (last = 0.0000), fitness=2.570745044
4067.63 secs, 300 evals, 207 steps, improv/step: 0.420 (last = 0.0000), fitness=2.570745044
4082.06 secs, 301 evals, 208 steps, improv/step: 0.418 (last = 0.0000), fitness=2.570745044
4096.49 secs, 302 evals, 209 steps, improv/step: 0.416 (last = 0.0000), fitness=2.570745044
4124.89 secs, 304 evals, 210 steps, improv/step: 0.414 (last = 0.0000), fitness=2.570745044
4139.61 secs, 305 evals, 211 steps, improv/step: 0.412 (last = 0.0000), fitness=2.570745044
4154.14 secs, 306 evals, 212 steps, improv/step: 0.410 (last = 0.0000), fitness=2.570745044
4168.54 secs, 307 evals, 213 steps, improv/step: 0.408 (last = 0.0000), fitness=2.570745044
4183.01 secs, 308 evals, 214 steps, improv/step: 0.411 (last = 1.0000), fitness=2.570745044
4197.67 secs, 309 evals, 215 steps, improv/step: 0.409 (last = 0.0000), fitness=2.570745044
4212.01 secs, 310 evals, 216 steps, improv/step: 0.412 (last = 1.0000), fitness=2.570745044
4226.32 secs, 311 evals, 217 steps, improv/step: 0.410 (last = 0.0000), fitness=2.570745044
4240.67 secs, 312 evals, 218 steps, improv/step: 0.408 (last = 0.0000), fitness=2.570745044
4255.15 secs, 313 evals, 219 steps, improv/step: 0.406 (last = 0.0000), fitness=2.570745044
4283.40 secs, 315 evals, 220 steps, improv/step: 0.405 (last = 0.0000), fitness=2.570745044
4297.63 secs, 316 evals, 221 steps, improv/step: 0.407 (last = 1.0000), fitness=2.570745044
4311.96 secs, 317 evals, 222 steps, improv/step: 0.405 (last = 0.0000), fitness=2.570745044
4326.23 secs, 318 evals, 223 steps, improv/step: 0.404 (last = 0.0000), fitness=2.570745044
4354.84 secs, 320 evals, 224 steps, improv/step: 0.406 (last = 1.0000), fitness=2.570745044
4368.84 secs, 321 evals, 225 steps, improv/step: 0.404 (last = 0.0000), fitness=2.570745044
4383.20 secs, 322 evals, 226 steps, improv/step: 0.403 (last = 0.0000), fitness=2.570745044
4397.55 secs, 323 evals, 227 steps, improv/step: 0.405 (last = 1.0000), fitness=2.570745044
4426.24 secs, 325 evals, 228 steps, improv/step: 0.408 (last = 1.0000), fitness=2.570745044
4440.74 secs, 326 evals, 229 steps, improv/step: 0.406 (last = 0.0000), fitness=2.570745044
4455.24 secs, 327 evals, 230 steps, improv/step: 0.404 (last = 0.0000), fitness=2.570745044
4469.47 secs, 328 evals, 231 steps, improv/step: 0.403 (last = 0.0000), fitness=2.570745044
4497.91 secs, 330 evals, 232 steps, improv/step: 0.401 (last = 0.0000), fitness=2.570745044
4512.31 secs, 331 evals, 233 steps, improv/step: 0.403 (last = 1.0000), fitness=2.570745044
4526.64 secs, 332 evals, 234 steps, improv/step: 0.406 (last = 1.0000), fitness=2.570745044
4540.97 secs, 333 evals, 235 steps, improv/step: 0.404 (last = 0.0000), fitness=2.570745044
4555.34 secs, 334 evals, 236 steps, improv/step: 0.403 (last = 0.0000), fitness=2.570745044
4569.69 secs, 335 evals, 237 steps, improv/step: 0.405 (last = 1.0000), fitness=2.506827204
4583.97 secs, 336 evals, 238 steps, improv/step: 0.408 (last = 1.0000), fitness=2.506827204
4598.43 secs, 337 evals, 239 steps, improv/step: 0.406 (last = 0.0000), fitness=2.506827204
4612.93 secs, 338 evals, 240 steps, improv/step: 0.404 (last = 0.0000), fitness=2.506827204
4627.47 secs, 339 evals, 241 steps, improv/step: 0.402 (last = 0.0000), fitness=2.506827204
4641.68 secs, 340 evals, 242 steps, improv/step: 0.401 (last = 0.0000), fitness=2.506827204
4655.50 secs, 341 evals, 243 steps, improv/step: 0.399 (last = 0.0000), fitness=2.506827204
4683.75 secs, 343 evals, 244 steps, improv/step: 0.402 (last = 1.0000), fitness=2.506827204
4698.16 secs, 344 evals, 245 steps, improv/step: 0.400 (last = 0.0000), fitness=2.506827204
4712.64 secs, 345 evals, 246 steps, improv/step: 0.398 (last = 0.0000), fitness=2.506827204
4727.08 secs, 346 evals, 247 steps, improv/step: 0.397 (last = 0.0000), fitness=2.506827204
4741.66 secs, 347 evals, 248 steps, improv/step: 0.395 (last = 0.0000), fitness=2.506827204
4756.15 secs, 348 evals, 249 steps, improv/step: 0.394 (last = 0.0000), fitness=2.506827204
4770.32 secs, 349 evals, 250 steps, improv/step: 0.392 (last = 0.0000), fitness=2.506827204
4784.50 secs, 350 evals, 251 steps, improv/step: 0.390 (last = 0.0000), fitness=2.506827204
4796.93 secs, 351 evals, 252 steps, improv/step: 0.389 (last = 0.0000), fitness=2.506827204
4811.28 secs, 352 evals, 253 steps, improv/step: 0.387 (last = 0.0000), fitness=2.506827204
4840.21 secs, 354 evals, 254 steps, improv/step: 0.386 (last = 0.0000), fitness=2.506827204
4854.50 secs, 355 evals, 255 steps, improv/step: 0.384 (last = 0.0000), fitness=2.506827204
4868.96 secs, 356 evals, 256 steps, improv/step: 0.387 (last = 1.0000), fitness=2.506827204
4883.45 secs, 357 evals, 257 steps, improv/step: 0.385 (last = 0.0000), fitness=2.506827204
4897.82 secs, 358 evals, 258 steps, improv/step: 0.388 (last = 1.0000), fitness=2.506827204
4912.41 secs, 359 evals, 259 steps, improv/step: 0.386 (last = 0.0000), fitness=2.506827204
4926.83 secs, 360 evals, 260 steps, improv/step: 0.388 (last = 1.0000), fitness=2.506827204
4955.42 secs, 362 evals, 261 steps, improv/step: 0.387 (last = 0.0000), fitness=2.506827204
4969.60 secs, 363 evals, 262 steps, improv/step: 0.385 (last = 0.0000), fitness=2.506827204
4984.00 secs, 364 evals, 263 steps, improv/step: 0.384 (last = 0.0000), fitness=2.506827204
5012.42 secs, 366 evals, 264 steps, improv/step: 0.386 (last = 1.0000), fitness=2.506827204
5026.93 secs, 367 evals, 265 steps, improv/step: 0.385 (last = 0.0000), fitness=2.506827204
5041.38 secs, 368 evals, 266 steps, improv/step: 0.383 (last = 0.0000), fitness=2.506827204
5055.70 secs, 369 evals, 267 steps, improv/step: 0.386 (last = 1.0000), fitness=2.506827204
5070.09 secs, 370 evals, 268 steps, improv/step: 0.384 (last = 0.0000), fitness=2.506827204
5084.42 secs, 371 evals, 269 steps, improv/step: 0.383 (last = 0.0000), fitness=2.506827204
5098.89 secs, 372 evals, 270 steps, improv/step: 0.385 (last = 1.0000), fitness=2.506827204
5113.29 secs, 373 evals, 271 steps, improv/step: 0.384 (last = 0.0000), fitness=2.506827204
5127.77 secs, 374 evals, 272 steps, improv/step: 0.382 (last = 0.0000), fitness=2.506827204
5142.09 secs, 375 evals, 273 steps, improv/step: 0.381 (last = 0.0000), fitness=2.506827204
5156.50 secs, 376 evals, 274 steps, improv/step: 0.380 (last = 0.0000), fitness=2.506827204
5170.84 secs, 377 evals, 275 steps, improv/step: 0.378 (last = 0.0000), fitness=2.506827204
5199.63 secs, 379 evals, 276 steps, improv/step: 0.380 (last = 1.0000), fitness=2.506827204
5214.11 secs, 380 evals, 277 steps, improv/step: 0.379 (last = 0.0000), fitness=2.506827204
5228.59 secs, 381 evals, 278 steps, improv/step: 0.381 (last = 1.0000), fitness=2.506827204
5242.98 secs, 382 evals, 279 steps, improv/step: 0.380 (last = 0.0000), fitness=2.506827204
5257.57 secs, 383 evals, 280 steps, improv/step: 0.379 (last = 0.0000), fitness=2.506827204
5286.35 secs, 385 evals, 281 steps, improv/step: 0.377 (last = 0.0000), fitness=2.506827204
5300.80 secs, 386 evals, 282 steps, improv/step: 0.376 (last = 0.0000), fitness=2.506827204
5315.10 secs, 387 evals, 283 steps, improv/step: 0.378 (last = 1.0000), fitness=2.506827204
5329.59 secs, 388 evals, 284 steps, improv/step: 0.377 (last = 0.0000), fitness=2.506827204
5343.86 secs, 389 evals, 285 steps, improv/step: 0.375 (last = 0.0000), fitness=2.506827204
5358.13 secs, 390 evals, 286 steps, improv/step: 0.374 (last = 0.0000), fitness=2.506827204
5371.99 secs, 391 evals, 287 steps, improv/step: 0.373 (last = 0.0000), fitness=2.506827204
5400.80 secs, 393 evals, 288 steps, improv/step: 0.372 (last = 0.0000), fitness=2.506827204
5415.14 secs, 394 evals, 289 steps, improv/step: 0.374 (last = 1.0000), fitness=2.506827204
5429.53 secs, 395 evals, 290 steps, improv/step: 0.372 (last = 0.0000), fitness=2.506827204
5443.18 secs, 396 evals, 291 steps, improv/step: 0.371 (last = 0.0000), fitness=2.506827204
5457.69 secs, 397 evals, 292 steps, improv/step: 0.370 (last = 0.0000), fitness=2.506827204
5472.28 secs, 398 evals, 293 steps, improv/step: 0.369 (last = 0.0000), fitness=2.506827204
5486.84 secs, 399 evals, 294 steps, improv/step: 0.367 (last = 0.0000), fitness=2.506827204
5501.30 secs, 400 evals, 295 steps, improv/step: 0.366 (last = 0.0000), fitness=2.506827204
5515.08 secs, 401 evals, 296 steps, improv/step: 0.365 (last = 0.0000), fitness=2.506827204
5529.46 secs, 402 evals, 297 steps, improv/step: 0.367 (last = 1.0000), fitness=2.506827204
5543.91 secs, 403 evals, 298 steps, improv/step: 0.366 (last = 0.0000), fitness=2.506827204
5558.19 secs, 404 evals, 299 steps, improv/step: 0.365 (last = 0.0000), fitness=2.506827204
5572.66 secs, 405 evals, 300 steps, improv/step: 0.367 (last = 1.0000), fitness=2.506827204
5587.17 secs, 406 evals, 301 steps, improv/step: 0.365 (last = 0.0000), fitness=2.506827204
5601.54 secs, 407 evals, 302 steps, improv/step: 0.364 (last = 0.0000), fitness=2.506827204
5630.25 secs, 409 evals, 303 steps, improv/step: 0.363 (last = 0.0000), fitness=2.506827204
5644.73 secs, 410 evals, 304 steps, improv/step: 0.362 (last = 0.0000), fitness=2.506827204
5659.06 secs, 411 evals, 305 steps, improv/step: 0.361 (last = 0.0000), fitness=2.506827204
5673.63 secs, 412 evals, 306 steps, improv/step: 0.363 (last = 1.0000), fitness=2.506827204
5688.06 secs, 413 evals, 307 steps, improv/step: 0.362 (last = 0.0000), fitness=2.506827204
5702.59 secs, 414 evals, 308 steps, improv/step: 0.364 (last = 1.0000), fitness=2.506827204
5716.08 secs, 415 evals, 309 steps, improv/step: 0.362 (last = 0.0000), fitness=2.506827204
5730.40 secs, 416 evals, 310 steps, improv/step: 0.361 (last = 0.0000), fitness=2.506827204
5744.90 secs, 417 evals, 311 steps, improv/step: 0.360 (last = 0.0000), fitness=2.506827204
5759.27 secs, 418 evals, 312 steps, improv/step: 0.362 (last = 1.0000), fitness=2.506827204
5773.63 secs, 419 evals, 313 steps, improv/step: 0.361 (last = 0.0000), fitness=2.506827204
5787.96 secs, 420 evals, 314 steps, improv/step: 0.360 (last = 0.0000), fitness=2.506827204
5802.31 secs, 421 evals, 315 steps, improv/step: 0.362 (last = 1.0000), fitness=2.506827204
5816.65 secs, 422 evals, 316 steps, improv/step: 0.364 (last = 1.0000), fitness=2.506827204
5830.84 secs, 423 evals, 317 steps, improv/step: 0.366 (last = 1.0000), fitness=2.506827204
5844.80 secs, 424 evals, 318 steps, improv/step: 0.365 (last = 0.0000), fitness=2.506827204
5859.26 secs, 425 evals, 319 steps, improv/step: 0.364 (last = 0.0000), fitness=2.506827204
5873.66 secs, 426 evals, 320 steps, improv/step: 0.362 (last = 0.0000), fitness=2.506827204
5888.18 secs, 427 evals, 321 steps, improv/step: 0.361 (last = 0.0000), fitness=2.506827204
5902.50 secs, 428 evals, 322 steps, improv/step: 0.360 (last = 0.0000), fitness=2.506827204
5916.80 secs, 429 evals, 323 steps, improv/step: 0.359 (last = 0.0000), fitness=2.506827204
5931.34 secs, 430 evals, 324 steps, improv/step: 0.358 (last = 0.0000), fitness=2.506827204
5944.53 secs, 431 evals, 325 steps, improv/step: 0.357 (last = 0.0000), fitness=2.506827204
5958.96 secs, 432 evals, 326 steps, improv/step: 0.356 (last = 0.0000), fitness=2.506827204
5973.33 secs, 433 evals, 327 steps, improv/step: 0.355 (last = 0.0000), fitness=2.506827204
5987.72 secs, 434 evals, 328 steps, improv/step: 0.357 (last = 1.0000), fitness=2.506827204
6002.11 secs, 435 evals, 329 steps, improv/step: 0.356 (last = 0.0000), fitness=2.506827204
6016.67 secs, 436 evals, 330 steps, improv/step: 0.358 (last = 1.0000), fitness=2.506827204
6031.08 secs, 437 evals, 331 steps, improv/step: 0.356 (last = 0.0000), fitness=2.506827204
6045.51 secs, 438 evals, 332 steps, improv/step: 0.355 (last = 0.0000), fitness=2.506827204
6059.75 secs, 439 evals, 333 steps, improv/step: 0.354 (last = 0.0000), fitness=2.506827204
6074.22 secs, 440 evals, 334 steps, improv/step: 0.353 (last = 0.0000), fitness=2.506827204
6088.25 secs, 441 evals, 335 steps, improv/step: 0.352 (last = 0.0000), fitness=2.506827204
6102.58 secs, 442 evals, 336 steps, improv/step: 0.351 (last = 0.0000), fitness=2.506827204
6117.03 secs, 443 evals, 337 steps, improv/step: 0.353 (last = 1.0000), fitness=2.506827204
6131.51 secs, 444 evals, 338 steps, improv/step: 0.352 (last = 0.0000), fitness=2.506827204
6145.93 secs, 445 evals, 339 steps, improv/step: 0.351 (last = 0.0000), fitness=2.506827204
6160.35 secs, 446 evals, 340 steps, improv/step: 0.350 (last = 0.0000), fitness=2.506827204
6174.86 secs, 447 evals, 341 steps, improv/step: 0.352 (last = 1.0000), fitness=2.506827204
6189.19 secs, 448 evals, 342 steps, improv/step: 0.351 (last = 0.0000), fitness=2.506827204
6203.62 secs, 449 evals, 343 steps, improv/step: 0.353 (last = 1.0000), fitness=2.506827204
6218.15 secs, 450 evals, 344 steps, improv/step: 0.352 (last = 0.0000), fitness=2.506827204
6246.82 secs, 452 evals, 345 steps, improv/step: 0.354 (last = 1.0000), fitness=2.506827204
6261.31 secs, 453 evals, 346 steps, improv/step: 0.355 (last = 1.0000), fitness=2.506827204
6275.54 secs, 454 evals, 347 steps, improv/step: 0.354 (last = 0.0000), fitness=2.506827204
6290.02 secs, 455 evals, 348 steps, improv/step: 0.353 (last = 0.0000), fitness=2.506827204
6304.35 secs, 456 evals, 349 steps, improv/step: 0.355 (last = 1.0000), fitness=2.506827204
6318.62 secs, 457 evals, 350 steps, improv/step: 0.354 (last = 0.0000), fitness=2.506827204
6333.00 secs, 458 evals, 351 steps, improv/step: 0.356 (last = 1.0000), fitness=2.506827204
6347.37 secs, 459 evals, 352 steps, improv/step: 0.355 (last = 0.0000), fitness=2.506827204
6361.75 secs, 460 evals, 353 steps, improv/step: 0.357 (last = 1.0000), fitness=2.506827204
6376.09 secs, 461 evals, 354 steps, improv/step: 0.359 (last = 1.0000), fitness=2.506827204
6389.96 secs, 462 evals, 355 steps, improv/step: 0.358 (last = 0.0000), fitness=2.506827204
6404.40 secs, 463 evals, 356 steps, improv/step: 0.357 (last = 0.0000), fitness=2.506827204
6418.95 secs, 464 evals, 357 steps, improv/step: 0.356 (last = 0.0000), fitness=2.506827204
6433.26 secs, 465 evals, 358 steps, improv/step: 0.355 (last = 0.0000), fitness=2.506827204
6447.58 secs, 466 evals, 359 steps, improv/step: 0.354 (last = 0.0000), fitness=2.506827204
6461.90 secs, 467 evals, 360 steps, improv/step: 0.353 (last = 0.0000), fitness=2.506827204
6476.24 secs, 468 evals, 361 steps, improv/step: 0.352 (last = 0.0000), fitness=2.506827204
6490.58 secs, 469 evals, 362 steps, improv/step: 0.351 (last = 0.0000), fitness=2.506827204
6504.91 secs, 470 evals, 363 steps, improv/step: 0.350 (last = 0.0000), fitness=2.506827204
6519.38 secs, 471 evals, 364 steps, improv/step: 0.352 (last = 1.0000), fitness=2.506827204
6533.80 secs, 472 evals, 365 steps, improv/step: 0.353 (last = 1.0000), fitness=2.506827204
6548.21 secs, 473 evals, 366 steps, improv/step: 0.352 (last = 0.0000), fitness=2.506827204
6562.55 secs, 474 evals, 367 steps, improv/step: 0.351 (last = 0.0000), fitness=2.506827204
6576.96 secs, 475 evals, 368 steps, improv/step: 0.351 (last = 0.0000), fitness=2.506827204
6591.25 secs, 476 evals, 369 steps, improv/step: 0.352 (last = 1.0000), fitness=2.506827204
6619.41 secs, 478 evals, 370 steps, improv/step: 0.351 (last = 0.0000), fitness=2.506827204
6633.68 secs, 479 evals, 371 steps, improv/step: 0.350 (last = 0.0000), fitness=2.506827204
6647.94 secs, 480 evals, 372 steps, improv/step: 0.349 (last = 0.0000), fitness=2.506827204
6662.42 secs, 481 evals, 373 steps, improv/step: 0.349 (last = 0.0000), fitness=2.506827204
6676.79 secs, 482 evals, 374 steps, improv/step: 0.350 (last = 1.0000), fitness=2.506827204
6691.20 secs, 483 evals, 375 steps, improv/step: 0.349 (last = 0.0000), fitness=2.506827204
6705.61 secs, 484 evals, 376 steps, improv/step: 0.351 (last = 1.0000), fitness=2.506827204
6719.97 secs, 485 evals, 377 steps, improv/step: 0.350 (last = 0.0000), fitness=2.506827204
6734.40 secs, 486 evals, 378 steps, improv/step: 0.349 (last = 0.0000), fitness=2.506827204
6748.64 secs, 487 evals, 379 steps, improv/step: 0.348 (last = 0.0000), fitness=2.506827204
6762.94 secs, 488 evals, 380 steps, improv/step: 0.350 (last = 1.0000), fitness=2.506827204
6777.35 secs, 489 evals, 381 steps, improv/step: 0.349 (last = 0.0000), fitness=2.506827204
6791.78 secs, 490 evals, 382 steps, improv/step: 0.348 (last = 0.0000), fitness=2.506827204
6806.02 secs, 491 evals, 383 steps, improv/step: 0.347 (last = 0.0000), fitness=2.506827204
6820.23 secs, 492 evals, 384 steps, improv/step: 0.346 (last = 0.0000), fitness=2.506827204
6834.62 secs, 493 evals, 385 steps, improv/step: 0.348 (last = 1.0000), fitness=2.506827204
6849.05 secs, 494 evals, 386 steps, improv/step: 0.347 (last = 0.0000), fitness=2.506827204
6863.35 secs, 495 evals, 387 steps, improv/step: 0.349 (last = 1.0000), fitness=2.506827204
6877.68 secs, 496 evals, 388 steps, improv/step: 0.348 (last = 0.0000), fitness=2.506827204
6891.97 secs, 497 evals, 389 steps, improv/step: 0.347 (last = 0.0000), fitness=2.506827204
6906.29 secs, 498 evals, 390 steps, improv/step: 0.346 (last = 0.0000), fitness=2.506827204
6920.66 secs, 499 evals, 391 steps, improv/step: 0.348 (last = 1.0000), fitness=2.506827204
6935.00 secs, 500 evals, 392 steps, improv/step: 0.347 (last = 0.0000), fitness=2.506827204
6949.36 secs, 501 evals, 393 steps, improv/step: 0.346 (last = 0.0000), fitness=2.506827204
6963.64 secs, 502 evals, 394 steps, improv/step: 0.345 (last = 0.0000), fitness=2.506827204
6977.86 secs, 503 evals, 395 steps, improv/step: 0.347 (last = 1.0000), fitness=2.506827204
6992.18 secs, 504 evals, 396 steps, improv/step: 0.346 (last = 0.0000), fitness=2.506827204
7006.46 secs, 505 evals, 397 steps, improv/step: 0.345 (last = 0.0000), fitness=2.506827204
7020.82 secs, 506 evals, 398 steps, improv/step: 0.344 (last = 0.0000), fitness=2.506827204
7035.30 secs, 507 evals, 399 steps, improv/step: 0.346 (last = 1.0000), fitness=2.506827204
7049.63 secs, 508 evals, 400 steps, improv/step: 0.347 (last = 1.0000), fitness=2.506827204
7063.90 secs, 509 evals, 401 steps, improv/step: 0.347 (last = 0.0000), fitness=2.506827204
7078.32 secs, 510 evals, 402 steps, improv/step: 0.346 (last = 0.0000), fitness=2.506827204
7092.64 secs, 511 evals, 403 steps, improv/step: 0.345 (last = 0.0000), fitness=2.506827204
7106.94 secs, 512 evals, 404 steps, improv/step: 0.347 (last = 1.0000), fitness=2.506827204
7121.30 secs, 513 evals, 405 steps, improv/step: 0.346 (last = 0.0000), fitness=2.506827204
7135.73 secs, 514 evals, 406 steps, improv/step: 0.345 (last = 0.0000), fitness=2.506827204
7150.09 secs, 515 evals, 407 steps, improv/step: 0.344 (last = 0.0000), fitness=2.506827204
7164.41 secs, 516 evals, 408 steps, improv/step: 0.346 (last = 1.0000), fitness=2.506827204
7178.64 secs, 517 evals, 409 steps, improv/step: 0.345 (last = 0.0000), fitness=2.506827204
7193.05 secs, 518 evals, 410 steps, improv/step: 0.344 (last = 0.0000), fitness=2.506827204
7221.60 secs, 520 evals, 411 steps, improv/step: 0.345 (last = 1.0000), fitness=2.506827204
7235.96 secs, 521 evals, 412 steps, improv/step: 0.347 (last = 1.0000), fitness=2.506827204
7250.28 secs, 522 evals, 413 steps, improv/step: 0.346 (last = 0.0000), fitness=2.506827204
7264.68 secs, 523 evals, 414 steps, improv/step: 0.345 (last = 0.0000), fitness=2.506827204
7278.95 secs, 524 evals, 415 steps, improv/step: 0.345 (last = 0.0000), fitness=2.506827204
7293.25 secs, 525 evals, 416 steps, improv/step: 0.344 (last = 0.0000), fitness=2.506827204
7307.57 secs, 526 evals, 417 steps, improv/step: 0.345 (last = 1.0000), fitness=2.506827204
7321.90 secs, 527 evals, 418 steps, improv/step: 0.344 (last = 0.0000), fitness=2.506827204
7336.35 secs, 528 evals, 419 steps, improv/step: 0.344 (last = 0.0000), fitness=2.506827204
7350.79 secs, 529 evals, 420 steps, improv/step: 0.343 (last = 0.0000), fitness=2.506827204
7365.17 secs, 530 evals, 421 steps, improv/step: 0.344 (last = 1.0000), fitness=2.506827204
7379.54 secs, 531 evals, 422 steps, improv/step: 0.344 (last = 0.0000), fitness=2.506827204
7393.81 secs, 532 evals, 423 steps, improv/step: 0.343 (last = 0.0000), fitness=2.506827204
7408.17 secs, 533 evals, 424 steps, improv/step: 0.344 (last = 1.0000), fitness=2.506827204
7422.67 secs, 534 evals, 425 steps, improv/step: 0.344 (last = 0.0000), fitness=2.506827204
7437.03 secs, 535 evals, 426 steps, improv/step: 0.343 (last = 0.0000), fitness=2.506827204
7465.59 secs, 537 evals, 427 steps, improv/step: 0.344 (last = 1.0000), fitness=2.506827204
7479.98 secs, 538 evals, 428 steps, improv/step: 0.343 (last = 0.0000), fitness=2.506827204
7494.21 secs, 539 evals, 429 steps, improv/step: 0.343 (last = 0.0000), fitness=2.506827204
7508.48 secs, 540 evals, 430 steps, improv/step: 0.342 (last = 0.0000), fitness=2.506827204
7522.76 secs, 541 evals, 431 steps, improv/step: 0.341 (last = 0.0000), fitness=2.506827204
7536.99 secs, 542 evals, 432 steps, improv/step: 0.340 (last = 0.0000), fitness=2.506827204
7551.21 secs, 543 evals, 433 steps, improv/step: 0.339 (last = 0.0000), fitness=2.506827204
7565.65 secs, 544 evals, 434 steps, improv/step: 0.341 (last = 1.0000), fitness=2.506827204
7580.07 secs, 545 evals, 435 steps, improv/step: 0.340 (last = 0.0000), fitness=2.506827204
7594.61 secs, 546 evals, 436 steps, improv/step: 0.339 (last = 0.0000), fitness=2.506827204
7608.95 secs, 547 evals, 437 steps, improv/step: 0.341 (last = 1.0000), fitness=2.506827204
7623.23 secs, 548 evals, 438 steps, improv/step: 0.340 (last = 0.0000), fitness=2.506827204
7637.59 secs, 549 evals, 439 steps, improv/step: 0.339 (last = 0.0000), fitness=2.506827204
7652.01 secs, 550 evals, 440 steps, improv/step: 0.339 (last = 0.0000), fitness=2.506827204
7666.52 secs, 551 evals, 441 steps, improv/step: 0.338 (last = 0.0000), fitness=2.506827204
7680.62 secs, 552 evals, 442 steps, improv/step: 0.337 (last = 0.0000), fitness=2.506827204
7694.93 secs, 553 evals, 443 steps, improv/step: 0.339 (last = 1.0000), fitness=2.506827204
7709.29 secs, 554 evals, 444 steps, improv/step: 0.340 (last = 1.0000), fitness=2.506827204
7723.61 secs, 555 evals, 445 steps, improv/step: 0.342 (last = 1.0000), fitness=2.506827204
7738.08 secs, 556 evals, 446 steps, improv/step: 0.341 (last = 0.0000), fitness=2.506827204
7752.52 secs, 557 evals, 447 steps, improv/step: 0.340 (last = 0.0000), fitness=2.506827204
7766.76 secs, 558 evals, 448 steps, improv/step: 0.342 (last = 1.0000), fitness=2.506827204
7781.07 secs, 559 evals, 449 steps, improv/step: 0.341 (last = 0.0000), fitness=2.506827204
7795.31 secs, 560 evals, 450 steps, improv/step: 0.340 (last = 0.0000), fitness=2.506827204
7809.78 secs, 561 evals, 451 steps, improv/step: 0.339 (last = 0.0000), fitness=2.506827204
7824.08 secs, 562 evals, 452 steps, improv/step: 0.338 (last = 0.0000), fitness=2.506827204
7838.59 secs, 563 evals, 453 steps, improv/step: 0.340 (last = 1.0000), fitness=2.506827204
7853.04 secs, 564 evals, 454 steps, improv/step: 0.339 (last = 0.0000), fitness=2.506827204
7867.38 secs, 565 evals, 455 steps, improv/step: 0.338 (last = 0.0000), fitness=2.506827204
7881.85 secs, 566 evals, 456 steps, improv/step: 0.338 (last = 0.0000), fitness=2.506827204
7896.33 secs, 567 evals, 457 steps, improv/step: 0.337 (last = 0.0000), fitness=2.506827204
7910.64 secs, 568 evals, 458 steps, improv/step: 0.338 (last = 1.0000), fitness=2.506827204
7925.16 secs, 569 evals, 459 steps, improv/step: 0.338 (last = 0.0000), fitness=2.506827204
7939.52 secs, 570 evals, 460 steps, improv/step: 0.337 (last = 0.0000), fitness=2.506827204
7953.90 secs, 571 evals, 461 steps, improv/step: 0.336 (last = 0.0000), fitness=2.506827204
7968.21 secs, 572 evals, 462 steps, improv/step: 0.335 (last = 0.0000), fitness=2.506827204
7982.47 secs, 573 evals, 463 steps, improv/step: 0.335 (last = 0.0000), fitness=2.506827204
7996.87 secs, 574 evals, 464 steps, improv/step: 0.336 (last = 1.0000), fitness=2.506827204
8010.96 secs, 575 evals, 465 steps, improv/step: 0.335 (last = 0.0000), fitness=2.506827204
8025.28 secs, 576 evals, 466 steps, improv/step: 0.337 (last = 1.0000), fitness=2.506827204
8039.72 secs, 577 evals, 467 steps, improv/step: 0.336 (last = 0.0000), fitness=2.506827204
8054.05 secs, 578 evals, 468 steps, improv/step: 0.335 (last = 0.0000), fitness=2.506827204
8068.23 secs, 579 evals, 469 steps, improv/step: 0.335 (last = 0.0000), fitness=2.506827204
8082.55 secs, 580 evals, 470 steps, improv/step: 0.334 (last = 0.0000), fitness=2.506827204
8096.76 secs, 581 evals, 471 steps, improv/step: 0.333 (last = 0.0000), fitness=2.506827204
8111.09 secs, 582 evals, 472 steps, improv/step: 0.335 (last = 1.0000), fitness=2.506827204
8125.66 secs, 583 evals, 473 steps, improv/step: 0.334 (last = 0.0000), fitness=2.506827204
8140.10 secs, 584 evals, 474 steps, improv/step: 0.335 (last = 1.0000), fitness=2.506827204
8154.35 secs, 585 evals, 475 steps, improv/step: 0.335 (last = 0.0000), fitness=2.506827204
8168.71 secs, 586 evals, 476 steps, improv/step: 0.336 (last = 1.0000), fitness=2.506827204
8183.06 secs, 587 evals, 477 steps, improv/step: 0.338 (last = 1.0000), fitness=2.506827204
8197.44 secs, 588 evals, 478 steps, improv/step: 0.337 (last = 0.0000), fitness=2.506827204
8211.84 secs, 589 evals, 479 steps, improv/step: 0.336 (last = 0.0000), fitness=2.506827204
8226.19 secs, 590 evals, 480 steps, improv/step: 0.335 (last = 0.0000), fitness=2.506827204
8240.59 secs, 591 evals, 481 steps, improv/step: 0.335 (last = 0.0000), fitness=2.506827204
8254.85 secs, 592 evals, 482 steps, improv/step: 0.334 (last = 0.0000), fitness=2.506827204
8269.17 secs, 593 evals, 483 steps, improv/step: 0.333 (last = 0.0000), fitness=2.506827204
8283.52 secs, 594 evals, 484 steps, improv/step: 0.335 (last = 1.0000), fitness=2.506827204
8297.91 secs, 595 evals, 485 steps, improv/step: 0.334 (last = 0.0000), fitness=2.506827204
8312.16 secs, 596 evals, 486 steps, improv/step: 0.335 (last = 1.0000), fitness=2.506827204
8326.54 secs, 597 evals, 487 steps, improv/step: 0.335 (last = 0.0000), fitness=2.506827204
8340.72 secs, 598 evals, 488 steps, improv/step: 0.334 (last = 0.0000), fitness=2.506827204
8354.97 secs, 599 evals, 489 steps, improv/step: 0.335 (last = 1.0000), fitness=2.506827204
8369.20 secs, 600 evals, 490 steps, improv/step: 0.335 (last = 0.0000), fitness=2.506827204
8383.65 secs, 601 evals, 491 steps, improv/step: 0.334 (last = 0.0000), fitness=2.506827204
8397.98 secs, 602 evals, 492 steps, improv/step: 0.333 (last = 0.0000), fitness=2.506827204
8412.52 secs, 603 evals, 493 steps, improv/step: 0.333 (last = 0.0000), fitness=2.506827204
8426.98 secs, 604 evals, 494 steps, improv/step: 0.332 (last = 0.0000), fitness=2.506827204
8441.49 secs, 605 evals, 495 steps, improv/step: 0.331 (last = 0.0000), fitness=2.506827204
8455.80 secs, 606 evals, 496 steps, improv/step: 0.333 (last = 1.0000), fitness=2.506827204
8470.19 secs, 607 evals, 497 steps, improv/step: 0.332 (last = 0.0000), fitness=2.506827204
8484.57 secs, 608 evals, 498 steps, improv/step: 0.331 (last = 0.0000), fitness=2.506827204
8498.92 secs, 609 evals, 499 steps, improv/step: 0.331 (last = 0.0000), fitness=2.506827204
8513.12 secs, 610 evals, 500 steps, improv/step: 0.330 (last = 0.0000), fitness=2.506827204
8527.46 secs, 611 evals, 501 steps, improv/step: 0.331 (last = 1.0000), fitness=2.506827204
8541.75 secs, 612 evals, 502 steps, improv/step: 0.331 (last = 0.0000), fitness=2.506827204
8555.97 secs, 613 evals, 503 steps, improv/step: 0.332 (last = 1.0000), fitness=2.506827204
8570.27 secs, 614 evals, 504 steps, improv/step: 0.331 (last = 0.0000), fitness=2.506827204
8584.64 secs, 615 evals, 505 steps, improv/step: 0.331 (last = 0.0000), fitness=2.506827204
8598.96 secs, 616 evals, 506 steps, improv/step: 0.330 (last = 0.0000), fitness=2.506827204
8613.23 secs, 617 evals, 507 steps, improv/step: 0.329 (last = 0.0000), fitness=2.506827204
8627.62 secs, 618 evals, 508 steps, improv/step: 0.331 (last = 1.0000), fitness=2.506827204
8641.91 secs, 619 evals, 509 steps, improv/step: 0.330 (last = 0.0000), fitness=2.506827204
8656.28 secs, 620 evals, 510 steps, improv/step: 0.329 (last = 0.0000), fitness=2.506827204
8670.76 secs, 621 evals, 511 steps, improv/step: 0.329 (last = 0.0000), fitness=2.506827204
8685.06 secs, 622 evals, 512 steps, improv/step: 0.328 (last = 0.0000), fitness=2.506827204
8699.37 secs, 623 evals, 513 steps, improv/step: 0.327 (last = 0.0000), fitness=2.506827204
8713.73 secs, 624 evals, 514 steps, improv/step: 0.327 (last = 0.0000), fitness=2.506827204
8728.09 secs, 625 evals, 515 steps, improv/step: 0.326 (last = 0.0000), fitness=2.506827204
8742.46 secs, 626 evals, 516 steps, improv/step: 0.328 (last = 1.0000), fitness=2.506827204
8756.78 secs, 627 evals, 517 steps, improv/step: 0.327 (last = 0.0000), fitness=2.506827204
8770.99 secs, 628 evals, 518 steps, improv/step: 0.326 (last = 0.0000), fitness=2.506827204
8785.29 secs, 629 evals, 519 steps, improv/step: 0.326 (last = 0.0000), fitness=2.506827204
8799.67 secs, 630 evals, 520 steps, improv/step: 0.325 (last = 0.0000), fitness=2.506827204
8814.10 secs, 631 evals, 521 steps, improv/step: 0.324 (last = 0.0000), fitness=2.506827204
8828.49 secs, 632 evals, 522 steps, improv/step: 0.326 (last = 1.0000), fitness=2.498306782
8842.79 secs, 633 evals, 523 steps, improv/step: 0.325 (last = 0.0000), fitness=2.498306782
8856.99 secs, 634 evals, 524 steps, improv/step: 0.324 (last = 0.0000), fitness=2.498306782
8871.23 secs, 635 evals, 525 steps, improv/step: 0.324 (last = 0.0000), fitness=2.498306782
8885.57 secs, 636 evals, 526 steps, improv/step: 0.323 (last = 0.0000), fitness=2.498306782
8899.87 secs, 637 evals, 527 steps, improv/step: 0.324 (last = 1.0000), fitness=2.498306782
8914.27 secs, 638 evals, 528 steps, improv/step: 0.326 (last = 1.0000), fitness=2.498306782
8928.61 secs, 639 evals, 529 steps, improv/step: 0.325 (last = 0.0000), fitness=2.498306782
8942.92 secs, 640 evals, 530 steps, improv/step: 0.326 (last = 1.0000), fitness=2.498306782
8957.40 secs, 641 evals, 531 steps, improv/step: 0.326 (last = 0.0000), fitness=2.498306782
8971.80 secs, 642 evals, 532 steps, improv/step: 0.325 (last = 0.0000), fitness=2.498306782
8986.10 secs, 643 evals, 533 steps, improv/step: 0.325 (last = 0.0000), fitness=2.498306782
9000.50 secs, 644 evals, 534 steps, improv/step: 0.324 (last = 0.0000), fitness=2.498306782
9014.77 secs, 645 evals, 535 steps, improv/step: 0.323 (last = 0.0000), fitness=2.498306782
9029.11 secs, 646 evals, 536 steps, improv/step: 0.323 (last = 0.0000), fitness=2.498306782
9043.47 secs, 647 evals, 537 steps, improv/step: 0.322 (last = 0.0000), fitness=2.498306782
9057.75 secs, 648 evals, 538 steps, improv/step: 0.322 (last = 0.0000), fitness=2.498306782
9072.00 secs, 649 evals, 539 steps, improv/step: 0.321 (last = 0.0000), fitness=2.498306782
9086.28 secs, 650 evals, 540 steps, improv/step: 0.320 (last = 0.0000), fitness=2.498306782
9100.57 secs, 651 evals, 541 steps, improv/step: 0.320 (last = 0.0000), fitness=2.498306782
9114.88 secs, 652 evals, 542 steps, improv/step: 0.321 (last = 1.0000), fitness=2.498306782
9129.17 secs, 653 evals, 543 steps, improv/step: 0.320 (last = 0.0000), fitness=2.498306782
9143.58 secs, 654 evals, 544 steps, improv/step: 0.320 (last = 0.0000), fitness=2.498306782
9157.97 secs, 655 evals, 545 steps, improv/step: 0.319 (last = 0.0000), fitness=2.498306782
9172.26 secs, 656 evals, 546 steps, improv/step: 0.319 (last = 0.0000), fitness=2.498306782
9186.31 secs, 657 evals, 547 steps, improv/step: 0.318 (last = 0.0000), fitness=2.498306782
9200.72 secs, 658 evals, 548 steps, improv/step: 0.319 (last = 1.0000), fitness=2.498306782
9215.06 secs, 659 evals, 549 steps, improv/step: 0.321 (last = 1.0000), fitness=2.498306782
9229.46 secs, 660 evals, 550 steps, improv/step: 0.320 (last = 0.0000), fitness=2.498306782
9243.79 secs, 661 evals, 551 steps, improv/step: 0.321 (last = 1.0000), fitness=2.498306782
9258.12 secs, 662 evals, 552 steps, improv/step: 0.321 (last = 0.0000), fitness=2.498306782
9272.34 secs, 663 evals, 553 steps, improv/step: 0.320 (last = 0.0000), fitness=2.498306782
9286.63 secs, 664 evals, 554 steps, improv/step: 0.321 (last = 1.0000), fitness=2.498306782
9300.97 secs, 665 evals, 555 steps, improv/step: 0.321 (last = 0.0000), fitness=2.498306782
9315.26 secs, 666 evals, 556 steps, improv/step: 0.320 (last = 0.0000), fitness=2.498306782
9329.46 secs, 667 evals, 557 steps, improv/step: 0.320 (last = 0.0000), fitness=2.498306782
9343.83 secs, 668 evals, 558 steps, improv/step: 0.319 (last = 0.0000), fitness=2.498306782
9357.85 secs, 669 evals, 559 steps, improv/step: 0.318 (last = 0.0000), fitness=2.498306782
9372.15 secs, 670 evals, 560 steps, improv/step: 0.318 (last = 0.0000), fitness=2.498306782
9386.55 secs, 671 evals, 561 steps, improv/step: 0.317 (last = 0.0000), fitness=2.498306782
9400.87 secs, 672 evals, 562 steps, improv/step: 0.319 (last = 1.0000), fitness=2.498306782
9415.21 secs, 673 evals, 563 steps, improv/step: 0.320 (last = 1.0000), fitness=2.498306782
9429.59 secs, 674 evals, 564 steps, improv/step: 0.321 (last = 1.0000), fitness=2.498306782
9443.90 secs, 675 evals, 565 steps, improv/step: 0.320 (last = 0.0000), fitness=2.498306782
9458.19 secs, 676 evals, 566 steps, improv/step: 0.322 (last = 1.0000), fitness=2.498306782
9472.56 secs, 677 evals, 567 steps, improv/step: 0.321 (last = 0.0000), fitness=2.498306782
9486.86 secs, 678 evals, 568 steps, improv/step: 0.320 (last = 0.0000), fitness=2.498306782
9501.22 secs, 679 evals, 569 steps, improv/step: 0.320 (last = 0.0000), fitness=2.498306782
9515.57 secs, 680 evals, 570 steps, improv/step: 0.319 (last = 0.0000), fitness=2.498306782
9529.87 secs, 681 evals, 571 steps, improv/step: 0.320 (last = 1.0000), fitness=2.498306782
9544.14 secs, 682 evals, 572 steps, improv/step: 0.320 (last = 0.0000), fitness=2.498306782
9558.42 secs, 683 evals, 573 steps, improv/step: 0.319 (last = 0.0000), fitness=2.498306782
9572.69 secs, 684 evals, 574 steps, improv/step: 0.319 (last = 0.0000), fitness=2.498306782
9586.95 secs, 685 evals, 575 steps, improv/step: 0.318 (last = 0.0000), fitness=2.498306782
9601.17 secs, 686 evals, 576 steps, improv/step: 0.318 (last = 0.0000), fitness=2.498306782
9615.41 secs, 687 evals, 577 steps, improv/step: 0.317 (last = 0.0000), fitness=2.498306782
9629.67 secs, 688 evals, 578 steps, improv/step: 0.318 (last = 1.0000), fitness=2.498306782
9644.02 secs, 689 evals, 579 steps, improv/step: 0.318 (last = 0.0000), fitness=2.498306782
9658.37 secs, 690 evals, 581 steps, improv/step: 0.317 (last = 0.0000), fitness=2.498306782
9672.70 secs, 691 evals, 582 steps, improv/step: 0.316 (last = 0.0000), fitness=2.498306782
9686.91 secs, 692 evals, 583 steps, improv/step: 0.316 (last = 0.0000), fitness=2.498306782
9701.20 secs, 693 evals, 584 steps, improv/step: 0.315 (last = 0.0000), fitness=2.498306782
9715.53 secs, 694 evals, 585 steps, improv/step: 0.315 (last = 0.0000), fitness=2.498306782
9729.94 secs, 695 evals, 586 steps, improv/step: 0.314 (last = 0.0000), fitness=2.498306782
9744.11 secs, 696 evals, 587 steps, improv/step: 0.313 (last = 0.0000), fitness=2.498306782
9758.40 secs, 697 evals, 588 steps, improv/step: 0.313 (last = 0.0000), fitness=2.498306782
9772.57 secs, 698 evals, 589 steps, improv/step: 0.312 (last = 0.0000), fitness=2.498306782
9786.83 secs, 699 evals, 590 steps, improv/step: 0.312 (last = 0.0000), fitness=2.498306782
9801.12 secs, 700 evals, 591 steps, improv/step: 0.313 (last = 1.0000), fitness=2.498306782
9815.41 secs, 701 evals, 592 steps, improv/step: 0.312 (last = 0.0000), fitness=2.498306782
9829.68 secs, 702 evals, 593 steps, improv/step: 0.312 (last = 0.0000), fitness=2.498306782
9844.06 secs, 703 evals, 594 steps, improv/step: 0.311 (last = 0.0000), fitness=2.498306782
9858.29 secs, 704 evals, 595 steps, improv/step: 0.311 (last = 0.0000), fitness=2.498306782
9872.65 secs, 705 evals, 596 steps, improv/step: 0.312 (last = 1.0000), fitness=2.498306782
9886.98 secs, 706 evals, 597 steps, improv/step: 0.312 (last = 0.0000), fitness=2.498306782
9901.30 secs, 707 evals, 598 steps, improv/step: 0.311 (last = 0.0000), fitness=2.498306782
9915.63 secs, 708 evals, 599 steps, improv/step: 0.311 (last = 0.0000), fitness=2.498306782
9929.93 secs, 709 evals, 600 steps, improv/step: 0.312 (last = 1.0000), fitness=2.498306782
9944.17 secs, 710 evals, 601 steps, improv/step: 0.311 (last = 0.0000), fitness=2.498306782
9958.37 secs, 711 evals, 602 steps, improv/step: 0.311 (last = 0.0000), fitness=2.498306782
9972.65 secs, 712 evals, 603 steps, improv/step: 0.310 (last = 0.0000), fitness=2.498306782
9987.05 secs, 713 evals, 604 steps, improv/step: 0.311 (last = 1.0000), fitness=2.498306782
10001.29 secs, 714 evals, 605 steps, improv/step: 0.311 (last = 0.0000), fitness=2.498306782
10015.45 secs, 715 evals, 606 steps, improv/step: 0.310 (last = 0.0000), fitness=2.498306782
10029.77 secs, 716 evals, 607 steps, improv/step: 0.310 (last = 0.0000), fitness=2.498306782
10044.06 secs, 717 evals, 608 steps, improv/step: 0.311 (last = 1.0000), fitness=2.498306782
10058.25 secs, 718 evals, 609 steps, improv/step: 0.312 (last = 1.0000), fitness=2.498306782
10072.42 secs, 719 evals, 610 steps, improv/step: 0.313 (last = 1.0000), fitness=2.498306782
10086.68 secs, 720 evals, 611 steps, improv/step: 0.314 (last = 1.0000), fitness=2.498306782
10100.86 secs, 721 evals, 612 steps, improv/step: 0.315 (last = 1.0000), fitness=2.498306782
10115.19 secs, 722 evals, 613 steps, improv/step: 0.315 (last = 0.0000), fitness=2.498306782
10129.48 secs, 723 evals, 614 steps, improv/step: 0.314 (last = 0.0000), fitness=2.498306782
10143.73 secs, 724 evals, 615 steps, improv/step: 0.314 (last = 0.0000), fitness=2.498306782
10158.06 secs, 725 evals, 616 steps, improv/step: 0.313 (last = 0.0000), fitness=2.498306782
10172.32 secs, 726 evals, 617 steps, improv/step: 0.313 (last = 0.0000), fitness=2.498306782
10186.59 secs, 727 evals, 618 steps, improv/step: 0.312 (last = 0.0000), fitness=2.498306782
10200.85 secs, 728 evals, 619 steps, improv/step: 0.312 (last = 0.0000), fitness=2.498306782
10215.29 secs, 729 evals, 620 steps, improv/step: 0.311 (last = 0.0000), fitness=2.498306782
10229.62 secs, 730 evals, 621 steps, improv/step: 0.311 (last = 0.0000), fitness=2.498306782
10243.83 secs, 731 evals, 622 steps, improv/step: 0.310 (last = 0.0000), fitness=2.498306782
10258.03 secs, 732 evals, 623 steps, improv/step: 0.310 (last = 0.0000), fitness=2.498306782
10272.31 secs, 733 evals, 624 steps, improv/step: 0.311 (last = 1.0000), fitness=2.498306782
10286.63 secs, 734 evals, 625 steps, improv/step: 0.310 (last = 0.0000), fitness=2.498306782
10300.87 secs, 735 evals, 626 steps, improv/step: 0.310 (last = 0.0000), fitness=2.498306782
10315.05 secs, 736 evals, 627 steps, improv/step: 0.309 (last = 0.0000), fitness=2.498306782
10329.38 secs, 737 evals, 628 steps, improv/step: 0.309 (last = 0.0000), fitness=2.498306782
10343.67 secs, 738 evals, 629 steps, improv/step: 0.308 (last = 0.0000), fitness=2.498306782
10358.04 secs, 739 evals, 630 steps, improv/step: 0.308 (last = 0.0000), fitness=2.498306782
10372.34 secs, 740 evals, 631 steps, improv/step: 0.309 (last = 1.0000), fitness=2.498306782
10386.66 secs, 741 evals, 632 steps, improv/step: 0.310 (last = 1.0000), fitness=2.498306782
10401.03 secs, 742 evals, 633 steps, improv/step: 0.310 (last = 0.0000), fitness=2.498306782
10415.49 secs, 743 evals, 634 steps, improv/step: 0.309 (last = 0.0000), fitness=2.498306782
10429.81 secs, 744 evals, 635 steps, improv/step: 0.310 (last = 1.0000), fitness=2.498306782
10444.05 secs, 745 evals, 636 steps, improv/step: 0.310 (last = 0.0000), fitness=2.498306782
10458.35 secs, 746 evals, 637 steps, improv/step: 0.309 (last = 0.0000), fitness=2.498306782
10472.70 secs, 747 evals, 638 steps, improv/step: 0.309 (last = 0.0000), fitness=2.498306782
10486.97 secs, 748 evals, 639 steps, improv/step: 0.308 (last = 0.0000), fitness=2.498306782
10501.23 secs, 749 evals, 640 steps, improv/step: 0.308 (last = 0.0000), fitness=2.498306782
10515.53 secs, 750 evals, 641 steps, improv/step: 0.309 (last = 1.0000), fitness=2.498306782
10529.82 secs, 751 evals, 642 steps, improv/step: 0.308 (last = 0.0000), fitness=2.498306782
10544.08 secs, 752 evals, 643 steps, improv/step: 0.308 (last = 0.0000), fitness=2.498306782
10558.39 secs, 753 evals, 644 steps, improv/step: 0.307 (last = 0.0000), fitness=2.498306782
10572.59 secs, 754 evals, 645 steps, improv/step: 0.307 (last = 0.0000), fitness=2.498306782
10586.93 secs, 755 evals, 646 steps, improv/step: 0.307 (last = 0.0000), fitness=2.498306782
10601.25 secs, 756 evals, 647 steps, improv/step: 0.306 (last = 0.0000), fitness=2.498306782
10615.56 secs, 757 evals, 648 steps, improv/step: 0.306 (last = 0.0000), fitness=2.498306782
10629.94 secs, 758 evals, 649 steps, improv/step: 0.305 (last = 0.0000), fitness=2.498306782
10644.26 secs, 759 evals, 650 steps, improv/step: 0.305 (last = 0.0000), fitness=2.498306782
10658.57 secs, 760 evals, 651 steps, improv/step: 0.304 (last = 0.0000), fitness=2.498306782
10672.88 secs, 761 evals, 652 steps, improv/step: 0.305 (last = 1.0000), fitness=2.498306782
10687.16 secs, 762 evals, 653 steps, improv/step: 0.305 (last = 0.0000), fitness=2.498306782
10701.46 secs, 763 evals, 654 steps, improv/step: 0.304 (last = 0.0000), fitness=2.498306782
10715.73 secs, 764 evals, 655 steps, improv/step: 0.304 (last = 0.0000), fitness=2.498306782
10730.04 secs, 765 evals, 656 steps, improv/step: 0.305 (last = 1.0000), fitness=2.498306782
10744.29 secs, 766 evals, 657 steps, improv/step: 0.304 (last = 0.0000), fitness=2.498306782
10758.57 secs, 767 evals, 658 steps, improv/step: 0.305 (last = 1.0000), fitness=2.498306782
10772.93 secs, 768 evals, 659 steps, improv/step: 0.307 (last = 1.0000), fitness=2.498306782
10787.26 secs, 769 evals, 660 steps, improv/step: 0.306 (last = 0.0000), fitness=2.498306782

Optimization stopped after 661 steps and 10801.48 seconds
Termination reason: Max time (10800.0 s) reached
Steps per second = 0.06
Function evals per second = 0.07
Improvements/step = Inf
Total function evaluations = 770


Best candidate found: [0.717982, 0.473488]

Fitness: 2.498306782

