N_Jobs_Total: 14700
N_Runs: 60
Job: 13721, N_Quanta: 34, epsilon: 0.08, NT_per_Second: 200, mem_slope: 0.2
Job: 13722, N_Quanta: 34, epsilon: 0.08, NT_per_Second: 400, mem_slope: 0.2
Job: 13723, N_Quanta: 35, epsilon: 0.08, NT_per_Second: 10, mem_slope: 0.2
Job: 13724, N_Quanta: 35, epsilon: 0.08, NT_per_Second: 25, mem_slope: 0.2
Job: 13725, N_Quanta: 35, epsilon: 0.08, NT_per_Second: 50, mem_slope: 0.2
Job: 13726, N_Quanta: 35, epsilon: 0.08, NT_per_Second: 100, mem_slope: 0.2
Job: 13727, N_Quanta: 35, epsilon: 0.08, NT_per_Second: 200, mem_slope: 0.2
Job: 13728, N_Quanta: 35, epsilon: 0.08, NT_per_Second: 400, mem_slope: 0.2
Job: 13729, N_Quanta: 36, epsilon: 0.08, NT_per_Second: 10, mem_slope: 0.2
Job: 13730, N_Quanta: 36, epsilon: 0.08, NT_per_Second: 25, mem_slope: 0.2
Job: 13731, N_Quanta: 36, epsilon: 0.08, NT_per_Second: 50, mem_slope: 0.2
Job: 13732, N_Quanta: 36, epsilon: 0.08, NT_per_Second: 100, mem_slope: 0.2
Job: 13733, N_Quanta: 36, epsilon: 0.08, NT_per_Second: 200, mem_slope: 0.2
Job: 13734, N_Quanta: 36, epsilon: 0.08, NT_per_Second: 400, mem_slope: 0.2
Job: 13735, N_Quanta: 37, epsilon: 0.08, NT_per_Second: 10, mem_slope: 0.2
Job: 13736, N_Quanta: 37, epsilon: 0.08, NT_per_Second: 25, mem_slope: 0.2
Job: 13737, N_Quanta: 37, epsilon: 0.08, NT_per_Second: 50, mem_slope: 0.2
Job: 13738, N_Quanta: 37, epsilon: 0.08, NT_per_Second: 100, mem_slope: 0.2
Job: 13739, N_Quanta: 37, epsilon: 0.08, NT_per_Second: 200, mem_slope: 0.2
Job: 13740, N_Quanta: 37, epsilon: 0.08, NT_per_Second: 400, mem_slope: 0.2
Job: 13741, N_Quanta: 38, epsilon: 0.08, NT_per_Second: 10, mem_slope: 0.2
Job: 13742, N_Quanta: 38, epsilon: 0.08, NT_per_Second: 25, mem_slope: 0.2
Job: 13743, N_Quanta: 38, epsilon: 0.08, NT_per_Second: 50, mem_slope: 0.2
Job: 13744, N_Quanta: 38, epsilon: 0.08, NT_per_Second: 100, mem_slope: 0.2
Job: 13745, N_Quanta: 38, epsilon: 0.08, NT_per_Second: 200, mem_slope: 0.2
Job: 13746, N_Quanta: 38, epsilon: 0.08, NT_per_Second: 400, mem_slope: 0.2
Job: 13747, N_Quanta: 39, epsilon: 0.08, NT_per_Second: 10, mem_slope: 0.2
Job: 13748, N_Quanta: 39, epsilon: 0.08, NT_per_Second: 25, mem_slope: 0.2
Job: 13749, N_Quanta: 39, epsilon: 0.08, NT_per_Second: 50, mem_slope: 0.2
Job: 13750, N_Quanta: 39, epsilon: 0.08, NT_per_Second: 100, mem_slope: 0.2
Job: 13751, N_Quanta: 39, epsilon: 0.08, NT_per_Second: 200, mem_slope: 0.2
Job: 13752, N_Quanta: 39, epsilon: 0.08, NT_per_Second: 400, mem_slope: 0.2
Job: 13753, N_Quanta: 40, epsilon: 0.08, NT_per_Second: 10, mem_slope: 0.2
Job: 13754, N_Quanta: 40, epsilon: 0.08, NT_per_Second: 25, mem_slope: 0.2
Job: 13755, N_Quanta: 40, epsilon: 0.08, NT_per_Second: 50, mem_slope: 0.2
Job: 13756, N_Quanta: 40, epsilon: 0.08, NT_per_Second: 100, mem_slope: 0.2
Job: 13757, N_Quanta: 40, epsilon: 0.08, NT_per_Second: 200, mem_slope: 0.2
Job: 13758, N_Quanta: 40, epsilon: 0.08, NT_per_Second: 400, mem_slope: 0.2
Job: 13759, N_Quanta: 41, epsilon: 0.08, NT_per_Second: 10, mem_slope: 0.2
Job: 13760, N_Quanta: 41, epsilon: 0.08, NT_per_Second: 25, mem_slope: 0.2
Job: 13761, N_Quanta: 41, epsilon: 0.08, NT_per_Second: 50, mem_slope: 0.2
Job: 13762, N_Quanta: 41, epsilon: 0.08, NT_per_Second: 100, mem_slope: 0.2
Job: 13763, N_Quanta: 41, epsilon: 0.08, NT_per_Second: 200, mem_slope: 0.2
Job: 13764, N_Quanta: 41, epsilon: 0.08, NT_per_Second: 400, mem_slope: 0.2
Job: 13765, N_Quanta: 42, epsilon: 0.08, NT_per_Second: 10, mem_slope: 0.2
Job: 13766, N_Quanta: 42, epsilon: 0.08, NT_per_Second: 25, mem_slope: 0.2
Job: 13767, N_Quanta: 42, epsilon: 0.08, NT_per_Second: 50, mem_slope: 0.2
Job: 13768, N_Quanta: 42, epsilon: 0.08, NT_per_Second: 100, mem_slope: 0.2
Job: 13769, N_Quanta: 42, epsilon: 0.08, NT_per_Second: 200, mem_slope: 0.2
Job: 13770, N_Quanta: 42, epsilon: 0.08, NT_per_Second: 400, mem_slope: 0.2
Job: 13771, N_Quanta: 43, epsilon: 0.08, NT_per_Second: 10, mem_slope: 0.2
Job: 13772, N_Quanta: 43, epsilon: 0.08, NT_per_Second: 25, mem_slope: 0.2
Job: 13773, N_Quanta: 43, epsilon: 0.08, NT_per_Second: 50, mem_slope: 0.2
Job: 13774, N_Quanta: 43, epsilon: 0.08, NT_per_Second: 100, mem_slope: 0.2
Job: 13775, N_Quanta: 43, epsilon: 0.08, NT_per_Second: 200, mem_slope: 0.2
Job: 13776, N_Quanta: 43, epsilon: 0.08, NT_per_Second: 400, mem_slope: 0.2
Job: 13777, N_Quanta: 44, epsilon: 0.08, NT_per_Second: 10, mem_slope: 0.2
Job: 13778, N_Quanta: 44, epsilon: 0.08, NT_per_Second: 25, mem_slope: 0.2
Job: 13779, N_Quanta: 44, epsilon: 0.08, NT_per_Second: 50, mem_slope: 0.2
Job: 13780, N_Quanta: 44, epsilon: 0.08, NT_per_Second: 100, mem_slope: 0.2
Job: 13781, N_Quanta: 44, epsilon: 0.08, NT_per_Second: 200, mem_slope: 0.2
Job: 13782, N_Quanta: 44, epsilon: 0.08, NT_per_Second: 400, mem_slope: 0.2
Job: 13783, N_Quanta: 45, epsilon: 0.08, NT_per_Second: 10, mem_slope: 0.2
Job: 13784, N_Quanta: 45, epsilon: 0.08, NT_per_Second: 25, mem_slope: 0.2
Job: 13785, N_Quanta: 45, epsilon: 0.08, NT_per_Second: 50, mem_slope: 0.2
Job: 13786, N_Quanta: 45, epsilon: 0.08, NT_per_Second: 100, mem_slope: 0.2
Job: 13787, N_Quanta: 45, epsilon: 0.08, NT_per_Second: 200, mem_slope: 0.2
Job: 13788, N_Quanta: 45, epsilon: 0.08, NT_per_Second: 400, mem_slope: 0.2
Job: 13789, N_Quanta: 46, epsilon: 0.08, NT_per_Second: 10, mem_slope: 0.2
Job: 13790, N_Quanta: 46, epsilon: 0.08, NT_per_Second: 25, mem_slope: 0.2
Job: 13791, N_Quanta: 46, epsilon: 0.08, NT_per_Second: 50, mem_slope: 0.2
Job: 13792, N_Quanta: 46, epsilon: 0.08, NT_per_Second: 100, mem_slope: 0.2
Job: 13793, N_Quanta: 46, epsilon: 0.08, NT_per_Second: 200, mem_slope: 0.2
Job: 13794, N_Quanta: 46, epsilon: 0.08, NT_per_Second: 400, mem_slope: 0.2
Job: 13795, N_Quanta: 47, epsilon: 0.08, NT_per_Second: 10, mem_slope: 0.2
Job: 13796, N_Quanta: 47, epsilon: 0.08, NT_per_Second: 25, mem_slope: 0.2
Job: 13797, N_Quanta: 47, epsilon: 0.08, NT_per_Second: 50, mem_slope: 0.2
Job: 13798, N_Quanta: 47, epsilon: 0.08, NT_per_Second: 100, mem_slope: 0.2
Job: 13799, N_Quanta: 47, epsilon: 0.08, NT_per_Second: 200, mem_slope: 0.2
Job: 13800, N_Quanta: 47, epsilon: 0.08, NT_per_Second: 400, mem_slope: 0.2
Job: 13801, N_Quanta: 48, epsilon: 0.08, NT_per_Second: 10, mem_slope: 0.2
Job: 13802, N_Quanta: 48, epsilon: 0.08, NT_per_Second: 25, mem_slope: 0.2
Job: 13803, N_Quanta: 48, epsilon: 0.08, NT_per_Second: 50, mem_slope: 0.2
Job: 13804, N_Quanta: 48, epsilon: 0.08, NT_per_Second: 100, mem_slope: 0.2
Job: 13805, N_Quanta: 48, epsilon: 0.08, NT_per_Second: 200, mem_slope: 0.2
Job: 13806, N_Quanta: 48, epsilon: 0.08, NT_per_Second: 400, mem_slope: 0.2
Job: 13807, N_Quanta: 49, epsilon: 0.08, NT_per_Second: 10, mem_slope: 0.2
Job: 13808, N_Quanta: 49, epsilon: 0.08, NT_per_Second: 25, mem_slope: 0.2
Job: 13809, N_Quanta: 49, epsilon: 0.08, NT_per_Second: 50, mem_slope: 0.2
Job: 13810, N_Quanta: 49, epsilon: 0.08, NT_per_Second: 100, mem_slope: 0.2
Job: 13811, N_Quanta: 49, epsilon: 0.08, NT_per_Second: 200, mem_slope: 0.2
Job: 13812, N_Quanta: 49, epsilon: 0.08, NT_per_Second: 400, mem_slope: 0.2
Job: 13813, N_Quanta: 50, epsilon: 0.08, NT_per_Second: 10, mem_slope: 0.2
Job: 13814, N_Quanta: 50, epsilon: 0.08, NT_per_Second: 25, mem_slope: 0.2
Job: 13815, N_Quanta: 50, epsilon: 0.08, NT_per_Second: 50, mem_slope: 0.2
Job: 13816, N_Quanta: 50, epsilon: 0.08, NT_per_Second: 100, mem_slope: 0.2
Job: 13817, N_Quanta: 50, epsilon: 0.08, NT_per_Second: 200, mem_slope: 0.2
Job: 13818, N_Quanta: 50, epsilon: 0.08, NT_per_Second: 400, mem_slope: 0.2
Job: 13819, N_Quanta: 2, epsilon: 0.06, NT_per_Second: 10, mem_slope: 0.2
Job: 13820, N_Quanta: 2, epsilon: 0.06, NT_per_Second: 25, mem_slope: 0.2
Job: 13821, N_Quanta: 2, epsilon: 0.06, NT_per_Second: 50, mem_slope: 0.2
Job: 13822, N_Quanta: 2, epsilon: 0.06, NT_per_Second: 100, mem_slope: 0.2
Job: 13823, N_Quanta: 2, epsilon: 0.06, NT_per_Second: 200, mem_slope: 0.2
Job: 13824, N_Quanta: 2, epsilon: 0.06, NT_per_Second: 400, mem_slope: 0.2
Job: 13825, N_Quanta: 3, epsilon: 0.06, NT_per_Second: 10, mem_slope: 0.2
Job: 13826, N_Quanta: 3, epsilon: 0.06, NT_per_Second: 25, mem_slope: 0.2
Job: 13827, N_Quanta: 3, epsilon: 0.06, NT_per_Second: 50, mem_slope: 0.2
Job: 13828, N_Quanta: 3, epsilon: 0.06, NT_per_Second: 100, mem_slope: 0.2
Job: 13829, N_Quanta: 3, epsilon: 0.06, NT_per_Second: 200, mem_slope: 0.2
Job: 13830, N_Quanta: 3, epsilon: 0.06, NT_per_Second: 400, mem_slope: 0.2
Job: 13831, N_Quanta: 4, epsilon: 0.06, NT_per_Second: 10, mem_slope: 0.2
Job: 13832, N_Quanta: 4, epsilon: 0.06, NT_per_Second: 25, mem_slope: 0.2
Job: 13833, N_Quanta: 4, epsilon: 0.06, NT_per_Second: 50, mem_slope: 0.2
Job: 13834, N_Quanta: 4, epsilon: 0.06, NT_per_Second: 100, mem_slope: 0.2
Job: 13835, N_Quanta: 4, epsilon: 0.06, NT_per_Second: 200, mem_slope: 0.2
Job: 13836, N_Quanta: 4, epsilon: 0.06, NT_per_Second: 400, mem_slope: 0.2
Job: 13837, N_Quanta: 5, epsilon: 0.06, NT_per_Second: 10, mem_slope: 0.2
Job: 13838, N_Quanta: 5, epsilon: 0.06, NT_per_Second: 25, mem_slope: 0.2
Job: 13839, N_Quanta: 5, epsilon: 0.06, NT_per_Second: 50, mem_slope: 0.2
Job: 13840, N_Quanta: 5, epsilon: 0.06, NT_per_Second: 100, mem_slope: 0.2
Job: 13841, N_Quanta: 5, epsilon: 0.06, NT_per_Second: 200, mem_slope: 0.2
Job: 13842, N_Quanta: 5, epsilon: 0.06, NT_per_Second: 400, mem_slope: 0.2
Job: 13843, N_Quanta: 6, epsilon: 0.06, NT_per_Second: 10, mem_slope: 0.2
Job: 13844, N_Quanta: 6, epsilon: 0.06, NT_per_Second: 25, mem_slope: 0.2
Job: 13845, N_Quanta: 6, epsilon: 0.06, NT_per_Second: 50, mem_slope: 0.2
Job: 13846, N_Quanta: 6, epsilon: 0.06, NT_per_Second: 100, mem_slope: 0.2
Job: 13847, N_Quanta: 6, epsilon: 0.06, NT_per_Second: 200, mem_slope: 0.2
Job: 13848, N_Quanta: 6, epsilon: 0.06, NT_per_Second: 400, mem_slope: 0.2
Job: 13849, N_Quanta: 7, epsilon: 0.06, NT_per_Second: 10, mem_slope: 0.2
Job: 13850, N_Quanta: 7, epsilon: 0.06, NT_per_Second: 25, mem_slope: 0.2
Job: 13851, N_Quanta: 7, epsilon: 0.06, NT_per_Second: 50, mem_slope: 0.2
Job: 13852, N_Quanta: 7, epsilon: 0.06, NT_per_Second: 100, mem_slope: 0.2
Job: 13853, N_Quanta: 7, epsilon: 0.06, NT_per_Second: 200, mem_slope: 0.2
Job: 13854, N_Quanta: 7, epsilon: 0.06, NT_per_Second: 400, mem_slope: 0.2
Job: 13855, N_Quanta: 8, epsilon: 0.06, NT_per_Second: 10, mem_slope: 0.2
Job: 13856, N_Quanta: 8, epsilon: 0.06, NT_per_Second: 25, mem_slope: 0.2
Job: 13857, N_Quanta: 8, epsilon: 0.06, NT_per_Second: 50, mem_slope: 0.2
Job: 13858, N_Quanta: 8, epsilon: 0.06, NT_per_Second: 100, mem_slope: 0.2
Job: 13859, N_Quanta: 8, epsilon: 0.06, NT_per_Second: 200, mem_slope: 0.2
Job: 13860, N_Quanta: 8, epsilon: 0.06, NT_per_Second: 400, mem_slope: 0.2
Job: 13861, N_Quanta: 9, epsilon: 0.06, NT_per_Second: 10, mem_slope: 0.2
Job: 13862, N_Quanta: 9, epsilon: 0.06, NT_per_Second: 25, mem_slope: 0.2
Job: 13863, N_Quanta: 9, epsilon: 0.06, NT_per_Second: 50, mem_slope: 0.2
Job: 13864, N_Quanta: 9, epsilon: 0.06, NT_per_Second: 100, mem_slope: 0.2
Job: 13865, N_Quanta: 9, epsilon: 0.06, NT_per_Second: 200, mem_slope: 0.2
Job: 13866, N_Quanta: 9, epsilon: 0.06, NT_per_Second: 400, mem_slope: 0.2
Job: 13867, N_Quanta: 10, epsilon: 0.06, NT_per_Second: 10, mem_slope: 0.2
Job: 13868, N_Quanta: 10, epsilon: 0.06, NT_per_Second: 25, mem_slope: 0.2
Job: 13869, N_Quanta: 10, epsilon: 0.06, NT_per_Second: 50, mem_slope: 0.2
Job: 13870, N_Quanta: 10, epsilon: 0.06, NT_per_Second: 100, mem_slope: 0.2
Job: 13871, N_Quanta: 10, epsilon: 0.06, NT_per_Second: 200, mem_slope: 0.2
Job: 13872, N_Quanta: 10, epsilon: 0.06, NT_per_Second: 400, mem_slope: 0.2
Job: 13873, N_Quanta: 11, epsilon: 0.06, NT_per_Second: 10, mem_slope: 0.2
Job: 13874, N_Quanta: 11, epsilon: 0.06, NT_per_Second: 25, mem_slope: 0.2
Job: 13875, N_Quanta: 11, epsilon: 0.06, NT_per_Second: 50, mem_slope: 0.2
Job: 13876, N_Quanta: 11, epsilon: 0.06, NT_per_Second: 100, mem_slope: 0.2
Job: 13877, N_Quanta: 11, epsilon: 0.06, NT_per_Second: 200, mem_slope: 0.2
Job: 13878, N_Quanta: 11, epsilon: 0.06, NT_per_Second: 400, mem_slope: 0.2
Job: 13879, N_Quanta: 12, epsilon: 0.06, NT_per_Second: 10, mem_slope: 0.2
Job: 13880, N_Quanta: 12, epsilon: 0.06, NT_per_Second: 25, mem_slope: 0.2
Job: 13881, N_Quanta: 12, epsilon: 0.06, NT_per_Second: 50, mem_slope: 0.2
Job: 13882, N_Quanta: 12, epsilon: 0.06, NT_per_Second: 100, mem_slope: 0.2
Job: 13883, N_Quanta: 12, epsilon: 0.06, NT_per_Second: 200, mem_slope: 0.2
Job: 13884, N_Quanta: 12, epsilon: 0.06, NT_per_Second: 400, mem_slope: 0.2
Job: 13885, N_Quanta: 13, epsilon: 0.06, NT_per_Second: 10, mem_slope: 0.2
Job: 13886, N_Quanta: 13, epsilon: 0.06, NT_per_Second: 25, mem_slope: 0.2
Job: 13887, N_Quanta: 13, epsilon: 0.06, NT_per_Second: 50, mem_slope: 0.2
Job: 13888, N_Quanta: 13, epsilon: 0.06, NT_per_Second: 100, mem_slope: 0.2
Job: 13889, N_Quanta: 13, epsilon: 0.06, NT_per_Second: 200, mem_slope: 0.2
Job: 13890, N_Quanta: 13, epsilon: 0.06, NT_per_Second: 400, mem_slope: 0.2
Job: 13891, N_Quanta: 14, epsilon: 0.06, NT_per_Second: 10, mem_slope: 0.2
Job: 13892, N_Quanta: 14, epsilon: 0.06, NT_per_Second: 25, mem_slope: 0.2
Job: 13893, N_Quanta: 14, epsilon: 0.06, NT_per_Second: 50, mem_slope: 0.2
Job: 13894, N_Quanta: 14, epsilon: 0.06, NT_per_Second: 100, mem_slope: 0.2
Job: 13895, N_Quanta: 14, epsilon: 0.06, NT_per_Second: 200, mem_slope: 0.2
Job: 13896, N_Quanta: 14, epsilon: 0.06, NT_per_Second: 400, mem_slope: 0.2
Job: 13897, N_Quanta: 15, epsilon: 0.06, NT_per_Second: 10, mem_slope: 0.2
Job: 13898, N_Quanta: 15, epsilon: 0.06, NT_per_Second: 25, mem_slope: 0.2
Job: 13899, N_Quanta: 15, epsilon: 0.06, NT_per_Second: 50, mem_slope: 0.2
Job: 13900, N_Quanta: 15, epsilon: 0.06, NT_per_Second: 100, mem_slope: 0.2
Job: 13901, N_Quanta: 15, epsilon: 0.06, NT_per_Second: 200, mem_slope: 0.2
Job: 13902, N_Quanta: 15, epsilon: 0.06, NT_per_Second: 400, mem_slope: 0.2
Job: 13903, N_Quanta: 16, epsilon: 0.06, NT_per_Second: 10, mem_slope: 0.2
Job: 13904, N_Quanta: 16, epsilon: 0.06, NT_per_Second: 25, mem_slope: 0.2
Job: 13905, N_Quanta: 16, epsilon: 0.06, NT_per_Second: 50, mem_slope: 0.2
Job: 13906, N_Quanta: 16, epsilon: 0.06, NT_per_Second: 100, mem_slope: 0.2
Job: 13907, N_Quanta: 16, epsilon: 0.06, NT_per_Second: 200, mem_slope: 0.2
Job: 13908, N_Quanta: 16, epsilon: 0.06, NT_per_Second: 400, mem_slope: 0.2
Job: 13909, N_Quanta: 17, epsilon: 0.06, NT_per_Second: 10, mem_slope: 0.2
Job: 13910, N_Quanta: 17, epsilon: 0.06, NT_per_Second: 25, mem_slope: 0.2
Job: 13911, N_Quanta: 17, epsilon: 0.06, NT_per_Second: 50, mem_slope: 0.2
Job: 13912, N_Quanta: 17, epsilon: 0.06, NT_per_Second: 100, mem_slope: 0.2
Job: 13913, N_Quanta: 17, epsilon: 0.06, NT_per_Second: 200, mem_slope: 0.2
Job: 13914, N_Quanta: 17, epsilon: 0.06, NT_per_Second: 400, mem_slope: 0.2
Job: 13915, N_Quanta: 18, epsilon: 0.06, NT_per_Second: 10, mem_slope: 0.2
Job: 13916, N_Quanta: 18, epsilon: 0.06, NT_per_Second: 25, mem_slope: 0.2
Job: 13917, N_Quanta: 18, epsilon: 0.06, NT_per_Second: 50, mem_slope: 0.2
Job: 13918, N_Quanta: 18, epsilon: 0.06, NT_per_Second: 100, mem_slope: 0.2
Job: 13919, N_Quanta: 18, epsilon: 0.06, NT_per_Second: 200, mem_slope: 0.2
Job: 13920, N_Quanta: 18, epsilon: 0.06, NT_per_Second: 400, mem_slope: 0.2
Job: 13921, N_Quanta: 19, epsilon: 0.06, NT_per_Second: 10, mem_slope: 0.2
Job: 13922, N_Quanta: 19, epsilon: 0.06, NT_per_Second: 25, mem_slope: 0.2
Job: 13923, N_Quanta: 19, epsilon: 0.06, NT_per_Second: 50, mem_slope: 0.2
Job: 13924, N_Quanta: 19, epsilon: 0.06, NT_per_Second: 100, mem_slope: 0.2
Job: 13925, N_Quanta: 19, epsilon: 0.06, NT_per_Second: 200, mem_slope: 0.2
Job: 13926, N_Quanta: 19, epsilon: 0.06, NT_per_Second: 400, mem_slope: 0.2
Job: 13927, N_Quanta: 20, epsilon: 0.06, NT_per_Second: 10, mem_slope: 0.2
Job: 13928, N_Quanta: 20, epsilon: 0.06, NT_per_Second: 25, mem_slope: 0.2
Job: 13929, N_Quanta: 20, epsilon: 0.06, NT_per_Second: 50, mem_slope: 0.2
Job: 13930, N_Quanta: 20, epsilon: 0.06, NT_per_Second: 100, mem_slope: 0.2
Job: 13931, N_Quanta: 20, epsilon: 0.06, NT_per_Second: 200, mem_slope: 0.2
Job: 13932, N_Quanta: 20, epsilon: 0.06, NT_per_Second: 400, mem_slope: 0.2
Job: 13933, N_Quanta: 21, epsilon: 0.06, NT_per_Second: 10, mem_slope: 0.2
Job: 13934, N_Quanta: 21, epsilon: 0.06, NT_per_Second: 25, mem_slope: 0.2
Job: 13935, N_Quanta: 21, epsilon: 0.06, NT_per_Second: 50, mem_slope: 0.2
Job: 13936, N_Quanta: 21, epsilon: 0.06, NT_per_Second: 100, mem_slope: 0.2
Job: 13937, N_Quanta: 21, epsilon: 0.06, NT_per_Second: 200, mem_slope: 0.2
Job: 13938, N_Quanta: 21, epsilon: 0.06, NT_per_Second: 400, mem_slope: 0.2
Job: 13939, N_Quanta: 22, epsilon: 0.06, NT_per_Second: 10, mem_slope: 0.2
Job: 13940, N_Quanta: 22, epsilon: 0.06, NT_per_Second: 25, mem_slope: 0.2
Job: 13941, N_Quanta: 22, epsilon: 0.06, NT_per_Second: 50, mem_slope: 0.2
Job: 13942, N_Quanta: 22, epsilon: 0.06, NT_per_Second: 100, mem_slope: 0.2
Job: 13943, N_Quanta: 22, epsilon: 0.06, NT_per_Second: 200, mem_slope: 0.2
Job: 13944, N_Quanta: 22, epsilon: 0.06, NT_per_Second: 400, mem_slope: 0.2
Job: 13945, N_Quanta: 23, epsilon: 0.06, NT_per_Second: 10, mem_slope: 0.2
Job: 13946, N_Quanta: 23, epsilon: 0.06, NT_per_Second: 25, mem_slope: 0.2
Job: 13947, N_Quanta: 23, epsilon: 0.06, NT_per_Second: 50, mem_slope: 0.2
Job: 13948, N_Quanta: 23, epsilon: 0.06, NT_per_Second: 100, mem_slope: 0.2
Job: 13949, N_Quanta: 23, epsilon: 0.06, NT_per_Second: 200, mem_slope: 0.2
Job: 13950, N_Quanta: 23, epsilon: 0.06, NT_per_Second: 400, mem_slope: 0.2
Job: 13951, N_Quanta: 24, epsilon: 0.06, NT_per_Second: 10, mem_slope: 0.2
Job: 13952, N_Quanta: 24, epsilon: 0.06, NT_per_Second: 25, mem_slope: 0.2
Job: 13953, N_Quanta: 24, epsilon: 0.06, NT_per_Second: 50, mem_slope: 0.2
Job: 13954, N_Quanta: 24, epsilon: 0.06, NT_per_Second: 100, mem_slope: 0.2
Job: 13955, N_Quanta: 24, epsilon: 0.06, NT_per_Second: 200, mem_slope: 0.2
Job: 13956, N_Quanta: 24, epsilon: 0.06, NT_per_Second: 400, mem_slope: 0.2
Job: 13957, N_Quanta: 25, epsilon: 0.06, NT_per_Second: 10, mem_slope: 0.2
Job: 13958, N_Quanta: 25, epsilon: 0.06, NT_per_Second: 25, mem_slope: 0.2
Job: 13959, N_Quanta: 25, epsilon: 0.06, NT_per_Second: 50, mem_slope: 0.2
Job: 13960, N_Quanta: 25, epsilon: 0.06, NT_per_Second: 100, mem_slope: 0.2
Job: 13961, N_Quanta: 25, epsilon: 0.06, NT_per_Second: 200, mem_slope: 0.2
Job: 13962, N_Quanta: 25, epsilon: 0.06, NT_per_Second: 400, mem_slope: 0.2
Job: 13963, N_Quanta: 26, epsilon: 0.06, NT_per_Second: 10, mem_slope: 0.2
Job: 13964, N_Quanta: 26, epsilon: 0.06, NT_per_Second: 25, mem_slope: 0.2
Job: 13965, N_Quanta: 26, epsilon: 0.06, NT_per_Second: 50, mem_slope: 0.2
