N_Jobs_Total: 144
Starting optimization with optimizer DiffEvoOpt{FitPopulation{Float64}, RadiusLimitedSelector, BlackBoxOptim.AdaptiveDiffEvoRandBin{3}, RandomBound{ContinuousRectSearchSpace}}
0.00 secs, 0 evals, 0 steps
510.82 secs, 2 evals, 1 steps, improv/step: 1.000 (last = 1.0000), fitness=86.163755615
1082.23 secs, 4 evals, 2 steps, improv/step: 1.000 (last = 1.0000), fitness=86.163755615
1563.20 secs, 6 evals, 3 steps, improv/step: 0.667 (last = 0.0000), fitness=19.893508845
2137.54 secs, 8 evals, 4 steps, improv/step: 0.500 (last = 0.0000), fitness=19.893508845
2614.31 secs, 10 evals, 5 steps, improv/step: 0.600 (last = 1.0000), fitness=19.893508845
2982.93 secs, 12 evals, 6 steps, improv/step: 0.500 (last = 0.0000), fitness=0.781757270
3463.83 secs, 14 evals, 7 steps, improv/step: 0.571 (last = 1.0000), fitness=0.781757270
3934.33 secs, 16 evals, 8 steps, improv/step: 0.625 (last = 1.0000), fitness=0.781757270
4450.70 secs, 18 evals, 9 steps, improv/step: 0.556 (last = 0.0000), fitness=0.781757270
4837.71 secs, 20 evals, 10 steps, improv/step: 0.500 (last = 0.0000), fitness=0.781757270
5274.89 secs, 22 evals, 11 steps, improv/step: 0.545 (last = 1.0000), fitness=0.781757270
5528.14 secs, 23 evals, 12 steps, improv/step: 0.583 (last = 1.0000), fitness=0.781757270
5864.62 secs, 25 evals, 13 steps, improv/step: 0.538 (last = 0.0000), fitness=0.781757270
6201.53 secs, 27 evals, 14 steps, improv/step: 0.500 (last = 0.0000), fitness=0.781757270
6581.38 secs, 29 evals, 15 steps, improv/step: 0.467 (last = 0.0000), fitness=0.781757270
7011.42 secs, 31 evals, 16 steps, improv/step: 0.500 (last = 1.0000), fitness=0.781757270
7446.22 secs, 33 evals, 17 steps, improv/step: 0.529 (last = 1.0000), fitness=0.781757270
7890.95 secs, 35 evals, 18 steps, improv/step: 0.556 (last = 1.0000), fitness=0.781757270
8105.68 secs, 36 evals, 19 steps, improv/step: 0.579 (last = 1.0000), fitness=0.781757270
8326.92 secs, 37 evals, 20 steps, improv/step: 0.550 (last = 0.0000), fitness=0.781757270
8620.16 secs, 39 evals, 21 steps, improv/step: 0.571 (last = 1.0000), fitness=0.781757270
9045.90 secs, 41 evals, 22 steps, improv/step: 0.591 (last = 1.0000), fitness=0.781757270
9270.81 secs, 43 evals, 23 steps, improv/step: 0.609 (last = 1.0000), fitness=0.781757270
9694.05 secs, 45 evals, 24 steps, improv/step: 0.625 (last = 1.0000), fitness=0.781757270
10123.96 secs, 47 evals, 25 steps, improv/step: 0.600 (last = 0.0000), fitness=0.781757270
10593.34 secs, 49 evals, 26 steps, improv/step: 0.577 (last = 0.0000), fitness=0.781757270

Optimization stopped after 27 steps and 11020.16 seconds
Termination reason: Max time (10800.0 s) reached
Steps per second = 0.00
Function evals per second = 0.00
Improvements/step = Inf
Total function evaluations = 51


Best candidate found: [0.139464, 0.862944]

Fitness: 0.781757270

