N_Jobs_Total: 144
Starting optimization with optimizer DiffEvoOpt{FitPopulation{Float64}, RadiusLimitedSelector, BlackBoxOptim.AdaptiveDiffEvoRandBin{3}, RandomBound{ContinuousRectSearchSpace}}
0.00 secs, 0 evals, 0 steps
257.14 secs, 2 evals, 1 steps, improv/step: 1.000 (last = 1.0000), fitness=7.057164771
543.56 secs, 4 evals, 2 steps, improv/step: 1.000 (last = 1.0000), fitness=7.057164771
847.16 secs, 6 evals, 3 steps, improv/step: 0.667 (last = 0.0000), fitness=7.057164771
972.19 secs, 7 evals, 4 steps, improv/step: 0.750 (last = 1.0000), fitness=4.065395799
1219.79 secs, 9 evals, 5 steps, improv/step: 0.600 (last = 0.0000), fitness=4.065395799
1462.29 secs, 11 evals, 6 steps, improv/step: 0.667 (last = 1.0000), fitness=4.065395799
1751.63 secs, 13 evals, 7 steps, improv/step: 0.571 (last = 0.0000), fitness=4.065395799
2032.06 secs, 15 evals, 8 steps, improv/step: 0.500 (last = 0.0000), fitness=4.065395799
2268.63 secs, 17 evals, 9 steps, improv/step: 0.444 (last = 0.0000), fitness=4.065395799
2527.75 secs, 19 evals, 10 steps, improv/step: 0.400 (last = 0.0000), fitness=4.065395799
2818.06 secs, 21 evals, 11 steps, improv/step: 0.364 (last = 0.0000), fitness=4.065395799
3096.70 secs, 23 evals, 12 steps, improv/step: 0.417 (last = 1.0000), fitness=4.065395799
3407.68 secs, 25 evals, 13 steps, improv/step: 0.462 (last = 1.0000), fitness=4.065395799
3691.08 secs, 27 evals, 14 steps, improv/step: 0.429 (last = 0.0000), fitness=4.065395799
3896.54 secs, 29 evals, 15 steps, improv/step: 0.467 (last = 1.0000), fitness=4.065395799
4196.59 secs, 31 evals, 16 steps, improv/step: 0.500 (last = 1.0000), fitness=4.065395799
4472.71 secs, 33 evals, 17 steps, improv/step: 0.529 (last = 1.0000), fitness=4.065395799
4792.21 secs, 35 evals, 18 steps, improv/step: 0.500 (last = 0.0000), fitness=4.065395799
4991.75 secs, 37 evals, 19 steps, improv/step: 0.526 (last = 1.0000), fitness=4.065395799
5144.01 secs, 39 evals, 20 steps, improv/step: 0.500 (last = 0.0000), fitness=4.065395799
5405.39 secs, 41 evals, 21 steps, improv/step: 0.476 (last = 0.0000), fitness=4.065395799
5683.77 secs, 43 evals, 22 steps, improv/step: 0.500 (last = 1.0000), fitness=4.065395799
5947.64 secs, 45 evals, 23 steps, improv/step: 0.478 (last = 0.0000), fitness=4.065395799
6201.93 secs, 47 evals, 24 steps, improv/step: 0.500 (last = 1.0000), fitness=4.065395799
6339.58 secs, 48 evals, 25 steps, improv/step: 0.480 (last = 0.0000), fitness=4.065395799
6604.88 secs, 50 evals, 26 steps, improv/step: 0.500 (last = 1.0000), fitness=4.065395799
6829.22 secs, 52 evals, 27 steps, improv/step: 0.519 (last = 1.0000), fitness=3.478834521
6958.33 secs, 53 evals, 28 steps, improv/step: 0.536 (last = 1.0000), fitness=3.478834521
7180.40 secs, 55 evals, 29 steps, improv/step: 0.517 (last = 0.0000), fitness=3.478834521
7388.87 secs, 57 evals, 30 steps, improv/step: 0.533 (last = 1.0000), fitness=3.478834521
7604.17 secs, 59 evals, 31 steps, improv/step: 0.548 (last = 1.0000), fitness=1.444514930
7737.07 secs, 61 evals, 32 steps, improv/step: 0.531 (last = 0.0000), fitness=1.444514930
8003.36 secs, 63 evals, 33 steps, improv/step: 0.545 (last = 1.0000), fitness=1.444514930
8251.90 secs, 65 evals, 34 steps, improv/step: 0.559 (last = 1.0000), fitness=1.444514930
8506.37 secs, 67 evals, 35 steps, improv/step: 0.571 (last = 1.0000), fitness=1.444514930
8746.99 secs, 69 evals, 36 steps, improv/step: 0.556 (last = 0.0000), fitness=1.444514930
8866.69 secs, 70 evals, 37 steps, improv/step: 0.568 (last = 1.0000), fitness=1.444514930
9126.41 secs, 72 evals, 38 steps, improv/step: 0.553 (last = 0.0000), fitness=1.444514930
9169.26 secs, 73 evals, 39 steps, improv/step: 0.538 (last = 0.0000), fitness=1.444514930
9396.46 secs, 75 evals, 40 steps, improv/step: 0.525 (last = 0.0000), fitness=1.444514930
9617.58 secs, 77 evals, 41 steps, improv/step: 0.512 (last = 0.0000), fitness=1.444514930
9720.92 secs, 78 evals, 42 steps, improv/step: 0.500 (last = 0.0000), fitness=1.444514930
9854.67 secs, 80 evals, 43 steps, improv/step: 0.488 (last = 0.0000), fitness=1.444514930
10092.91 secs, 82 evals, 44 steps, improv/step: 0.477 (last = 0.0000), fitness=1.444514930
10335.42 secs, 84 evals, 45 steps, improv/step: 0.467 (last = 0.0000), fitness=1.444514930
10453.07 secs, 85 evals, 46 steps, improv/step: 0.478 (last = 1.0000), fitness=1.444514930
10679.46 secs, 87 evals, 47 steps, improv/step: 0.489 (last = 1.0000), fitness=1.444514930

Optimization stopped after 48 steps and 10812.55 seconds
Termination reason: Max time (10800.0 s) reached
Steps per second = 0.00
Function evals per second = 0.01
Improvements/step = Inf
Total function evaluations = 88


Best candidate found: [0.223074, 0.684169]

Fitness: 1.444514930

