N_Jobs_Total: 144
Starting optimization with optimizer DiffEvoOpt{FitPopulation{Float64}, RadiusLimitedSelector, BlackBoxOptim.AdaptiveDiffEvoRandBin{3}, RandomBound{ContinuousRectSearchSpace}}
0.00 secs, 0 evals, 0 steps
206.76 secs, 2 evals, 1 steps, fitness=10.423028643
349.35 secs, 4 evals, 2 steps, fitness=9.718641941
525.09 secs, 6 evals, 3 steps, improv/step: 0.333 (last = 1.0000), fitness=9.718641941
717.11 secs, 8 evals, 4 steps, improv/step: 0.500 (last = 1.0000), fitness=4.793779725
933.29 secs, 10 evals, 5 steps, improv/step: 0.600 (last = 1.0000), fitness=4.793779725
1128.54 secs, 12 evals, 6 steps, improv/step: 0.500 (last = 0.0000), fitness=4.793779725
1316.97 secs, 14 evals, 7 steps, improv/step: 0.571 (last = 1.0000), fitness=4.793779725
1412.63 secs, 15 evals, 8 steps, improv/step: 0.625 (last = 1.0000), fitness=4.793779725
1590.04 secs, 17 evals, 9 steps, improv/step: 0.667 (last = 1.0000), fitness=4.793779725
1771.05 secs, 19 evals, 10 steps, improv/step: 0.600 (last = 0.0000), fitness=4.793779725
1954.48 secs, 21 evals, 11 steps, improv/step: 0.545 (last = 0.0000), fitness=4.793779725
2143.69 secs, 23 evals, 12 steps, improv/step: 0.500 (last = 0.0000), fitness=4.793779725
2260.67 secs, 25 evals, 13 steps, improv/step: 0.538 (last = 1.0000), fitness=4.793779725
2441.52 secs, 27 evals, 14 steps, improv/step: 0.571 (last = 1.0000), fitness=4.793779725
2592.77 secs, 29 evals, 15 steps, improv/step: 0.600 (last = 1.0000), fitness=4.793779725
2630.25 secs, 30 evals, 16 steps, improv/step: 0.562 (last = 0.0000), fitness=4.793779725
2722.40 secs, 32 evals, 17 steps, improv/step: 0.588 (last = 1.0000), fitness=4.793779725
2894.72 secs, 34 evals, 18 steps, improv/step: 0.556 (last = 0.0000), fitness=4.793779725
3075.12 secs, 36 evals, 19 steps, improv/step: 0.579 (last = 1.0000), fitness=4.793779725
3210.79 secs, 38 evals, 20 steps, improv/step: 0.600 (last = 1.0000), fitness=3.824436963
3308.96 secs, 40 evals, 21 steps, improv/step: 0.619 (last = 1.0000), fitness=3.824436963
3486.77 secs, 42 evals, 22 steps, improv/step: 0.636 (last = 1.0000), fitness=3.824436963
3550.94 secs, 44 evals, 23 steps, improv/step: 0.609 (last = 0.0000), fitness=3.824436963
3678.74 secs, 46 evals, 24 steps, improv/step: 0.583 (last = 0.0000), fitness=3.824436963
3738.06 secs, 47 evals, 25 steps, improv/step: 0.600 (last = 1.0000), fitness=3.824436963
3918.41 secs, 49 evals, 26 steps, improv/step: 0.615 (last = 1.0000), fitness=3.824436963
4062.66 secs, 51 evals, 27 steps, improv/step: 0.593 (last = 0.0000), fitness=3.824436963
4124.35 secs, 53 evals, 28 steps, improv/step: 0.607 (last = 1.0000), fitness=3.824436963
4297.89 secs, 55 evals, 29 steps, improv/step: 0.586 (last = 0.0000), fitness=3.824436963
4485.18 secs, 57 evals, 30 steps, improv/step: 0.567 (last = 0.0000), fitness=3.824436963
4663.60 secs, 59 evals, 31 steps, improv/step: 0.548 (last = 0.0000), fitness=3.824436963
4744.50 secs, 60 evals, 32 steps, improv/step: 0.531 (last = 0.0000), fitness=3.824436963
4774.32 secs, 61 evals, 33 steps, improv/step: 0.515 (last = 0.0000), fitness=3.824436963
4947.67 secs, 63 evals, 34 steps, improv/step: 0.500 (last = 0.0000), fitness=3.824436963
5120.68 secs, 65 evals, 35 steps, improv/step: 0.514 (last = 1.0000), fitness=3.824436963
5289.79 secs, 67 evals, 36 steps, improv/step: 0.500 (last = 0.0000), fitness=3.824436963
5441.30 secs, 69 evals, 37 steps, improv/step: 0.486 (last = 0.0000), fitness=3.824436963
5524.19 secs, 70 evals, 38 steps, improv/step: 0.500 (last = 1.0000), fitness=3.824436963
5683.90 secs, 72 evals, 39 steps, improv/step: 0.487 (last = 0.0000), fitness=3.824436963
5757.12 secs, 73 evals, 40 steps, improv/step: 0.500 (last = 1.0000), fitness=3.824436963
5895.10 secs, 75 evals, 41 steps, improv/step: 0.512 (last = 1.0000), fitness=3.824436963
5981.44 secs, 76 evals, 42 steps, improv/step: 0.500 (last = 0.0000), fitness=3.824436963
6050.98 secs, 77 evals, 43 steps, improv/step: 0.512 (last = 1.0000), fitness=3.824436963
6118.73 secs, 79 evals, 44 steps, improv/step: 0.500 (last = 0.0000), fitness=3.824436963
6211.13 secs, 80 evals, 45 steps, improv/step: 0.489 (last = 0.0000), fitness=3.824436963
6381.31 secs, 82 evals, 46 steps, improv/step: 0.478 (last = 0.0000), fitness=3.824436963
6555.48 secs, 84 evals, 47 steps, improv/step: 0.489 (last = 1.0000), fitness=3.824436963
6695.99 secs, 86 evals, 48 steps, improv/step: 0.479 (last = 0.0000), fitness=3.824436963
6860.29 secs, 88 evals, 49 steps, improv/step: 0.469 (last = 0.0000), fitness=3.824436963
6939.45 secs, 89 evals, 50 steps, improv/step: 0.480 (last = 1.0000), fitness=3.824436963
7016.66 secs, 90 evals, 51 steps, improv/step: 0.490 (last = 1.0000), fitness=3.824436963
7142.95 secs, 92 evals, 52 steps, improv/step: 0.481 (last = 0.0000), fitness=3.824436963
7313.20 secs, 94 evals, 53 steps, improv/step: 0.472 (last = 0.0000), fitness=3.824436963
7339.65 secs, 95 evals, 54 steps, improv/step: 0.463 (last = 0.0000), fitness=3.824436963
7492.47 secs, 97 evals, 55 steps, improv/step: 0.473 (last = 1.0000), fitness=3.824436963
7574.29 secs, 98 evals, 56 steps, improv/step: 0.482 (last = 1.0000), fitness=3.824436963
7750.77 secs, 100 evals, 57 steps, improv/step: 0.491 (last = 1.0000), fitness=3.824436963
7916.87 secs, 102 evals, 58 steps, improv/step: 0.500 (last = 1.0000), fitness=3.824436963
8082.16 secs, 104 evals, 59 steps, improv/step: 0.492 (last = 0.0000), fitness=3.824436963
8166.61 secs, 105 evals, 60 steps, improv/step: 0.483 (last = 0.0000), fitness=3.824436963
8249.09 secs, 106 evals, 61 steps, improv/step: 0.475 (last = 0.0000), fitness=3.824436963
8424.81 secs, 108 evals, 62 steps, improv/step: 0.484 (last = 1.0000), fitness=3.824436963
8581.79 secs, 110 evals, 63 steps, improv/step: 0.492 (last = 1.0000), fitness=3.824436963
8665.37 secs, 111 evals, 64 steps, improv/step: 0.500 (last = 1.0000), fitness=3.824436963
8753.41 secs, 112 evals, 65 steps, improv/step: 0.492 (last = 0.0000), fitness=3.824436963
8808.23 secs, 113 evals, 66 steps, improv/step: 0.500 (last = 1.0000), fitness=3.824436963
8944.95 secs, 115 evals, 67 steps, improv/step: 0.507 (last = 1.0000), fitness=3.824436963
9069.17 secs, 117 evals, 68 steps, improv/step: 0.500 (last = 0.0000), fitness=2.451978781
9162.64 secs, 118 evals, 69 steps, improv/step: 0.493 (last = 0.0000), fitness=2.451978781
9245.47 secs, 119 evals, 70 steps, improv/step: 0.500 (last = 1.0000), fitness=2.451978781
9387.30 secs, 121 evals, 71 steps, improv/step: 0.493 (last = 0.0000), fitness=2.451978781
9561.01 secs, 123 evals, 72 steps, improv/step: 0.500 (last = 1.0000), fitness=2.451978781
9644.51 secs, 124 evals, 73 steps, improv/step: 0.493 (last = 0.0000), fitness=2.451978781
9672.81 secs, 125 evals, 74 steps, improv/step: 0.486 (last = 0.0000), fitness=2.451978781
9853.63 secs, 127 evals, 75 steps, improv/step: 0.493 (last = 1.0000), fitness=2.451978781
10011.65 secs, 129 evals, 76 steps, improv/step: 0.487 (last = 0.0000), fitness=2.451978781
10091.92 secs, 130 evals, 77 steps, improv/step: 0.494 (last = 1.0000), fitness=2.451978781
10167.54 secs, 131 evals, 78 steps, improv/step: 0.500 (last = 1.0000), fitness=2.451978781
10324.66 secs, 133 evals, 79 steps, improv/step: 0.494 (last = 0.0000), fitness=2.451978781
10412.84 secs, 134 evals, 80 steps, improv/step: 0.487 (last = 0.0000), fitness=2.451978781
10576.79 secs, 136 evals, 81 steps, improv/step: 0.481 (last = 0.0000), fitness=2.451978781
10646.19 secs, 137 evals, 82 steps, improv/step: 0.488 (last = 1.0000), fitness=2.451978781
10731.94 secs, 138 evals, 83 steps, improv/step: 0.482 (last = 0.0000), fitness=2.451978781

Optimization stopped after 84 steps and 10811.86 seconds
Termination reason: Max time (10800.0 s) reached
Steps per second = 0.01
Function evals per second = 0.01
Improvements/step = Inf
Total function evaluations = 139


Best candidate found: [0.665231, 0.986599]

Fitness: 2.451978781

