N_Jobs_Total: 144
Starting optimization with optimizer DiffEvoOpt{FitPopulation{Float64}, RadiusLimitedSelector, BlackBoxOptim.AdaptiveDiffEvoRandBin{3}, RandomBound{ContinuousRectSearchSpace}}
0.00 secs, 0 evals, 0 steps
25.95 secs, 2 evals, 1 steps, fitness=2.862625417
49.86 secs, 4 evals, 2 steps, fitness=1.890317471
71.30 secs, 6 evals, 3 steps, improv/step: 0.333 (last = 1.0000), fitness=1.890317471
97.20 secs, 8 evals, 4 steps, improv/step: 0.500 (last = 1.0000), fitness=1.890317471
122.81 secs, 10 evals, 5 steps, improv/step: 0.600 (last = 1.0000), fitness=1.890317471
134.30 secs, 11 evals, 6 steps, improv/step: 0.500 (last = 0.0000), fitness=1.890317471
152.09 secs, 13 evals, 7 steps, improv/step: 0.429 (last = 0.0000), fitness=1.890317471
175.25 secs, 15 evals, 8 steps, improv/step: 0.375 (last = 0.0000), fitness=1.890317471
196.35 secs, 17 evals, 9 steps, improv/step: 0.444 (last = 1.0000), fitness=1.890317471
209.02 secs, 18 evals, 10 steps, improv/step: 0.500 (last = 1.0000), fitness=1.890317471
233.08 secs, 20 evals, 11 steps, improv/step: 0.545 (last = 1.0000), fitness=1.890317471
256.69 secs, 22 evals, 12 steps, improv/step: 0.583 (last = 1.0000), fitness=1.890317471
281.85 secs, 24 evals, 13 steps, improv/step: 0.538 (last = 0.0000), fitness=1.890317471
307.04 secs, 26 evals, 14 steps, improv/step: 0.500 (last = 0.0000), fitness=1.890317471
331.58 secs, 28 evals, 15 steps, improv/step: 0.533 (last = 1.0000), fitness=1.890317471
352.25 secs, 30 evals, 16 steps, improv/step: 0.500 (last = 0.0000), fitness=1.869125630
374.59 secs, 32 evals, 17 steps, improv/step: 0.529 (last = 1.0000), fitness=1.869125630
399.66 secs, 34 evals, 18 steps, improv/step: 0.500 (last = 0.0000), fitness=1.869125630
424.55 secs, 36 evals, 19 steps, improv/step: 0.526 (last = 1.0000), fitness=1.869125630
449.72 secs, 38 evals, 20 steps, improv/step: 0.550 (last = 1.0000), fitness=1.869125630
475.48 secs, 40 evals, 21 steps, improv/step: 0.524 (last = 0.0000), fitness=1.795046795
493.26 secs, 42 evals, 22 steps, improv/step: 0.500 (last = 0.0000), fitness=1.795046795
507.57 secs, 44 evals, 23 steps, improv/step: 0.522 (last = 1.0000), fitness=1.795046795
520.22 secs, 45 evals, 24 steps, improv/step: 0.500 (last = 0.0000), fitness=1.795046795
545.45 secs, 47 evals, 25 steps, improv/step: 0.480 (last = 0.0000), fitness=1.795046795
571.80 secs, 49 evals, 26 steps, improv/step: 0.500 (last = 1.0000), fitness=1.795046795
591.54 secs, 51 evals, 27 steps, improv/step: 0.481 (last = 0.0000), fitness=1.795046795
611.01 secs, 53 evals, 28 steps, improv/step: 0.464 (last = 0.0000), fitness=1.795046795
624.35 secs, 54 evals, 29 steps, improv/step: 0.448 (last = 0.0000), fitness=1.795046795
649.38 secs, 56 evals, 30 steps, improv/step: 0.433 (last = 0.0000), fitness=1.795046795
662.42 secs, 57 evals, 31 steps, improv/step: 0.452 (last = 1.0000), fitness=1.795046795
680.21 secs, 59 evals, 32 steps, improv/step: 0.469 (last = 1.0000), fitness=1.795046795
699.40 secs, 61 evals, 33 steps, improv/step: 0.485 (last = 1.0000), fitness=1.795046795
721.91 secs, 63 evals, 34 steps, improv/step: 0.471 (last = 0.0000), fitness=1.795046795
739.81 secs, 65 evals, 35 steps, improv/step: 0.486 (last = 1.0000), fitness=1.795046795
753.04 secs, 66 evals, 36 steps, improv/step: 0.472 (last = 0.0000), fitness=1.795046795
764.48 secs, 67 evals, 37 steps, improv/step: 0.459 (last = 0.0000), fitness=1.795046795
785.66 secs, 69 evals, 38 steps, improv/step: 0.474 (last = 1.0000), fitness=1.647312087
808.54 secs, 71 evals, 39 steps, improv/step: 0.487 (last = 1.0000), fitness=1.647312087
831.70 secs, 73 evals, 40 steps, improv/step: 0.475 (last = 0.0000), fitness=1.647312087
844.69 secs, 74 evals, 41 steps, improv/step: 0.463 (last = 0.0000), fitness=1.647312087
871.30 secs, 76 evals, 42 steps, improv/step: 0.476 (last = 1.0000), fitness=1.647312087
884.43 secs, 77 evals, 43 steps, improv/step: 0.465 (last = 0.0000), fitness=1.647312087
910.87 secs, 79 evals, 44 steps, improv/step: 0.455 (last = 0.0000), fitness=1.647312087
936.55 secs, 81 evals, 45 steps, improv/step: 0.444 (last = 0.0000), fitness=1.391463866
962.14 secs, 83 evals, 46 steps, improv/step: 0.457 (last = 1.0000), fitness=1.391463866
985.80 secs, 85 evals, 47 steps, improv/step: 0.468 (last = 1.0000), fitness=1.391463866
1012.15 secs, 87 evals, 48 steps, improv/step: 0.458 (last = 0.0000), fitness=1.391463866
1023.99 secs, 88 evals, 49 steps, improv/step: 0.469 (last = 1.0000), fitness=1.391463866
1032.33 secs, 89 evals, 50 steps, improv/step: 0.460 (last = 0.0000), fitness=1.391463866
1058.64 secs, 91 evals, 51 steps, improv/step: 0.451 (last = 0.0000), fitness=1.391463866
1084.26 secs, 93 evals, 52 steps, improv/step: 0.442 (last = 0.0000), fitness=1.391463866
1110.10 secs, 95 evals, 53 steps, improv/step: 0.434 (last = 0.0000), fitness=1.391463866
1135.49 secs, 97 evals, 54 steps, improv/step: 0.444 (last = 1.0000), fitness=1.391463866
1144.28 secs, 98 evals, 55 steps, improv/step: 0.436 (last = 0.0000), fitness=1.391463866
1157.12 secs, 99 evals, 56 steps, improv/step: 0.446 (last = 1.0000), fitness=1.391463866
1183.52 secs, 101 evals, 57 steps, improv/step: 0.456 (last = 1.0000), fitness=1.391463866
1196.85 secs, 102 evals, 58 steps, improv/step: 0.466 (last = 1.0000), fitness=1.391463866
1209.51 secs, 103 evals, 59 steps, improv/step: 0.475 (last = 1.0000), fitness=1.391463866
1233.51 secs, 105 evals, 60 steps, improv/step: 0.483 (last = 1.0000), fitness=1.391463866
1245.95 secs, 106 evals, 61 steps, improv/step: 0.492 (last = 1.0000), fitness=1.391463866
1272.58 secs, 108 evals, 62 steps, improv/step: 0.500 (last = 1.0000), fitness=1.391463866
1298.09 secs, 110 evals, 63 steps, improv/step: 0.492 (last = 0.0000), fitness=1.391463866
1324.18 secs, 112 evals, 64 steps, improv/step: 0.484 (last = 0.0000), fitness=1.391463866
1349.33 secs, 114 evals, 65 steps, improv/step: 0.477 (last = 0.0000), fitness=1.369783608
1372.43 secs, 116 evals, 66 steps, improv/step: 0.470 (last = 0.0000), fitness=1.369783608
1397.32 secs, 118 evals, 67 steps, improv/step: 0.478 (last = 1.0000), fitness=1.369783608
1410.49 secs, 119 evals, 68 steps, improv/step: 0.485 (last = 1.0000), fitness=1.369783608
1435.83 secs, 121 evals, 69 steps, improv/step: 0.478 (last = 0.0000), fitness=1.369783608
1461.87 secs, 123 evals, 70 steps, improv/step: 0.486 (last = 1.0000), fitness=1.369783608
1487.84 secs, 125 evals, 71 steps, improv/step: 0.479 (last = 0.0000), fitness=1.369783608
1499.30 secs, 126 evals, 72 steps, improv/step: 0.472 (last = 0.0000), fitness=1.369783608
1524.48 secs, 128 evals, 73 steps, improv/step: 0.466 (last = 0.0000), fitness=1.369783608
1550.79 secs, 130 evals, 74 steps, improv/step: 0.473 (last = 1.0000), fitness=1.369783608
1561.23 secs, 131 evals, 75 steps, improv/step: 0.467 (last = 0.0000), fitness=1.369783608
1587.38 secs, 133 evals, 76 steps, improv/step: 0.474 (last = 1.0000), fitness=1.369783608
1613.58 secs, 135 evals, 77 steps, improv/step: 0.481 (last = 1.0000), fitness=1.369783608
1639.27 secs, 137 evals, 78 steps, improv/step: 0.474 (last = 0.0000), fitness=1.369783608
1651.27 secs, 138 evals, 79 steps, improv/step: 0.468 (last = 0.0000), fitness=1.369783608
1676.96 secs, 140 evals, 80 steps, improv/step: 0.463 (last = 0.0000), fitness=1.369783608
1702.96 secs, 142 evals, 81 steps, improv/step: 0.457 (last = 0.0000), fitness=1.369783608
1709.43 secs, 143 evals, 82 steps, improv/step: 0.451 (last = 0.0000), fitness=1.369783608
1714.34 secs, 144 evals, 83 steps, improv/step: 0.446 (last = 0.0000), fitness=1.369783608
1726.51 secs, 145 evals, 84 steps, improv/step: 0.440 (last = 0.0000), fitness=1.369783608
1752.91 secs, 147 evals, 85 steps, improv/step: 0.447 (last = 1.0000), fitness=1.369783608
1766.05 secs, 148 evals, 86 steps, improv/step: 0.442 (last = 0.0000), fitness=1.369783608
1790.80 secs, 150 evals, 87 steps, improv/step: 0.437 (last = 0.0000), fitness=1.369783608
1816.08 secs, 152 evals, 88 steps, improv/step: 0.443 (last = 1.0000), fitness=1.369783608
1829.16 secs, 153 evals, 89 steps, improv/step: 0.438 (last = 0.0000), fitness=1.369783608
1842.11 secs, 154 evals, 90 steps, improv/step: 0.433 (last = 0.0000), fitness=1.369783608
1868.40 secs, 156 evals, 91 steps, improv/step: 0.429 (last = 0.0000), fitness=1.369783608
1881.61 secs, 157 evals, 92 steps, improv/step: 0.424 (last = 0.0000), fitness=1.369783608
1907.15 secs, 159 evals, 93 steps, improv/step: 0.430 (last = 1.0000), fitness=1.369783608
1931.71 secs, 161 evals, 94 steps, improv/step: 0.426 (last = 0.0000), fitness=1.369783608
1944.70 secs, 162 evals, 95 steps, improv/step: 0.421 (last = 0.0000), fitness=1.369783608
1955.78 secs, 163 evals, 96 steps, improv/step: 0.417 (last = 0.0000), fitness=1.369783608
1980.83 secs, 165 evals, 97 steps, improv/step: 0.423 (last = 1.0000), fitness=1.369783608
1999.95 secs, 167 evals, 98 steps, improv/step: 0.429 (last = 1.0000), fitness=1.369783608
2012.63 secs, 168 evals, 99 steps, improv/step: 0.424 (last = 0.0000), fitness=1.369783608
2025.09 secs, 169 evals, 100 steps, improv/step: 0.420 (last = 0.0000), fitness=1.369783608
2050.74 secs, 171 evals, 101 steps, improv/step: 0.416 (last = 0.0000), fitness=1.369783608
2063.87 secs, 172 evals, 102 steps, improv/step: 0.422 (last = 1.0000), fitness=1.369783608
2076.33 secs, 173 evals, 103 steps, improv/step: 0.427 (last = 1.0000), fitness=1.369783608
2088.63 secs, 174 evals, 104 steps, improv/step: 0.433 (last = 1.0000), fitness=1.369783608
2100.99 secs, 175 evals, 105 steps, improv/step: 0.429 (last = 0.0000), fitness=1.369783608
2121.37 secs, 177 evals, 106 steps, improv/step: 0.425 (last = 0.0000), fitness=1.369783608
2143.36 secs, 179 evals, 107 steps, improv/step: 0.421 (last = 0.0000), fitness=1.369783608
2169.44 secs, 181 evals, 108 steps, improv/step: 0.417 (last = 0.0000), fitness=1.369783608
2181.97 secs, 182 evals, 109 steps, improv/step: 0.422 (last = 1.0000), fitness=1.369783608
2194.59 secs, 183 evals, 110 steps, improv/step: 0.427 (last = 1.0000), fitness=1.369783608
2220.33 secs, 185 evals, 111 steps, improv/step: 0.423 (last = 0.0000), fitness=1.369783608
2245.58 secs, 187 evals, 112 steps, improv/step: 0.420 (last = 0.0000), fitness=1.369783608
2268.16 secs, 189 evals, 113 steps, improv/step: 0.416 (last = 0.0000), fitness=1.369783608
2291.87 secs, 191 evals, 114 steps, improv/step: 0.412 (last = 0.0000), fitness=1.369783608
2316.36 secs, 193 evals, 115 steps, improv/step: 0.409 (last = 0.0000), fitness=1.369783608
2328.99 secs, 194 evals, 116 steps, improv/step: 0.405 (last = 0.0000), fitness=1.369783608
2353.37 secs, 196 evals, 117 steps, improv/step: 0.402 (last = 0.0000), fitness=1.348297300
2365.53 secs, 197 evals, 118 steps, improv/step: 0.407 (last = 1.0000), fitness=1.348297300
2377.52 secs, 198 evals, 119 steps, improv/step: 0.412 (last = 1.0000), fitness=1.348297300
2390.19 secs, 199 evals, 120 steps, improv/step: 0.408 (last = 0.0000), fitness=1.348297300
2402.72 secs, 200 evals, 121 steps, improv/step: 0.405 (last = 0.0000), fitness=1.348297300
2413.40 secs, 201 evals, 122 steps, improv/step: 0.402 (last = 0.0000), fitness=1.348297300
2438.12 secs, 203 evals, 123 steps, improv/step: 0.407 (last = 1.0000), fitness=1.337500185
2462.86 secs, 205 evals, 124 steps, improv/step: 0.403 (last = 0.0000), fitness=1.337500185
2475.58 secs, 206 evals, 125 steps, improv/step: 0.400 (last = 0.0000), fitness=1.337500185
2500.15 secs, 208 evals, 126 steps, improv/step: 0.405 (last = 1.0000), fitness=1.337500185
2512.59 secs, 209 evals, 127 steps, improv/step: 0.402 (last = 0.0000), fitness=1.337500185
2522.57 secs, 210 evals, 128 steps, improv/step: 0.398 (last = 0.0000), fitness=1.337500185
2532.06 secs, 211 evals, 129 steps, improv/step: 0.395 (last = 0.0000), fitness=1.337500185
2543.29 secs, 212 evals, 130 steps, improv/step: 0.392 (last = 0.0000), fitness=1.337500185
2555.39 secs, 213 evals, 131 steps, improv/step: 0.389 (last = 0.0000), fitness=1.337500185
2566.55 secs, 214 evals, 132 steps, improv/step: 0.386 (last = 0.0000), fitness=1.337500185
2579.14 secs, 215 evals, 133 steps, improv/step: 0.391 (last = 1.0000), fitness=1.337500185
2591.07 secs, 216 evals, 134 steps, improv/step: 0.396 (last = 1.0000), fitness=1.337500185
2603.06 secs, 217 evals, 135 steps, improv/step: 0.393 (last = 0.0000), fitness=1.337500185
2614.44 secs, 218 evals, 136 steps, improv/step: 0.397 (last = 1.0000), fitness=1.337500185
2626.86 secs, 219 evals, 137 steps, improv/step: 0.394 (last = 0.0000), fitness=1.337500185
2638.75 secs, 220 evals, 138 steps, improv/step: 0.399 (last = 1.0000), fitness=1.337500185
2650.78 secs, 221 evals, 139 steps, improv/step: 0.403 (last = 1.0000), fitness=1.337500185
2663.33 secs, 222 evals, 140 steps, improv/step: 0.400 (last = 0.0000), fitness=1.337500185
2688.22 secs, 224 evals, 141 steps, improv/step: 0.404 (last = 1.0000), fitness=1.337500185
2698.96 secs, 225 evals, 142 steps, improv/step: 0.401 (last = 0.0000), fitness=1.337500185
2708.86 secs, 226 evals, 143 steps, improv/step: 0.399 (last = 0.0000), fitness=1.337500185
2721.42 secs, 227 evals, 144 steps, improv/step: 0.403 (last = 1.0000), fitness=1.337500185
2734.16 secs, 228 evals, 145 steps, improv/step: 0.400 (last = 0.0000), fitness=1.337500185
2746.69 secs, 229 evals, 146 steps, improv/step: 0.397 (last = 0.0000), fitness=1.337500185
2758.94 secs, 230 evals, 147 steps, improv/step: 0.401 (last = 1.0000), fitness=1.337500185
2770.62 secs, 231 evals, 148 steps, improv/step: 0.399 (last = 0.0000), fitness=1.337500185
2782.14 secs, 232 evals, 149 steps, improv/step: 0.396 (last = 0.0000), fitness=1.337500185
2794.56 secs, 233 evals, 150 steps, improv/step: 0.400 (last = 1.0000), fitness=1.337500185
2806.55 secs, 234 evals, 151 steps, improv/step: 0.397 (last = 0.0000), fitness=1.337500185
2818.79 secs, 235 evals, 152 steps, improv/step: 0.401 (last = 1.0000), fitness=1.337500185
2843.84 secs, 237 evals, 153 steps, improv/step: 0.405 (last = 1.0000), fitness=1.337500185
2855.78 secs, 238 evals, 154 steps, improv/step: 0.403 (last = 0.0000), fitness=1.337500185
2867.06 secs, 239 evals, 155 steps, improv/step: 0.400 (last = 0.0000), fitness=1.337500185
2876.12 secs, 240 evals, 156 steps, improv/step: 0.397 (last = 0.0000), fitness=1.337500185
2888.47 secs, 241 evals, 157 steps, improv/step: 0.395 (last = 0.0000), fitness=1.337500185
2901.20 secs, 242 evals, 158 steps, improv/step: 0.392 (last = 0.0000), fitness=1.337500185
2913.57 secs, 243 evals, 159 steps, improv/step: 0.396 (last = 1.0000), fitness=1.337500185
2925.02 secs, 244 evals, 160 steps, improv/step: 0.394 (last = 0.0000), fitness=1.337500185
2949.62 secs, 246 evals, 161 steps, improv/step: 0.391 (last = 0.0000), fitness=1.337500185
2973.55 secs, 248 evals, 162 steps, improv/step: 0.395 (last = 1.0000), fitness=1.337500185
2985.60 secs, 249 evals, 163 steps, improv/step: 0.393 (last = 0.0000), fitness=1.337500185
2997.31 secs, 250 evals, 164 steps, improv/step: 0.390 (last = 0.0000), fitness=1.337500185
3009.88 secs, 251 evals, 165 steps, improv/step: 0.388 (last = 0.0000), fitness=1.337500185
3022.04 secs, 252 evals, 166 steps, improv/step: 0.386 (last = 0.0000), fitness=1.337500185
3034.90 secs, 253 evals, 167 steps, improv/step: 0.383 (last = 0.0000), fitness=1.337500185
3046.23 secs, 254 evals, 168 steps, improv/step: 0.381 (last = 0.0000), fitness=1.337500185
3058.77 secs, 255 evals, 169 steps, improv/step: 0.379 (last = 0.0000), fitness=1.337500185
3071.33 secs, 256 evals, 170 steps, improv/step: 0.376 (last = 0.0000), fitness=1.337500185
3083.47 secs, 257 evals, 171 steps, improv/step: 0.380 (last = 1.0000), fitness=1.337500185
3095.74 secs, 258 evals, 172 steps, improv/step: 0.378 (last = 0.0000), fitness=1.337500185
3105.93 secs, 259 evals, 173 steps, improv/step: 0.376 (last = 0.0000), fitness=1.337500185
3118.37 secs, 260 evals, 174 steps, improv/step: 0.374 (last = 0.0000), fitness=1.337500185
3130.03 secs, 261 evals, 175 steps, improv/step: 0.371 (last = 0.0000), fitness=1.337500185
3142.22 secs, 262 evals, 176 steps, improv/step: 0.369 (last = 0.0000), fitness=1.337500185
3165.73 secs, 264 evals, 177 steps, improv/step: 0.373 (last = 1.0000), fitness=1.337500185
3189.81 secs, 266 evals, 178 steps, improv/step: 0.371 (last = 0.0000), fitness=1.337500185
3197.51 secs, 267 evals, 179 steps, improv/step: 0.369 (last = 0.0000), fitness=1.337500185
3209.39 secs, 268 evals, 180 steps, improv/step: 0.367 (last = 0.0000), fitness=1.337500185
3221.10 secs, 269 evals, 181 steps, improv/step: 0.365 (last = 0.0000), fitness=1.337500185
3239.15 secs, 271 evals, 182 steps, improv/step: 0.363 (last = 0.0000), fitness=1.337500185
3247.26 secs, 272 evals, 183 steps, improv/step: 0.361 (last = 0.0000), fitness=1.337500185
3271.06 secs, 274 evals, 184 steps, improv/step: 0.359 (last = 0.0000), fitness=1.337500185
3281.97 secs, 275 evals, 185 steps, improv/step: 0.357 (last = 0.0000), fitness=1.337500185
3294.18 secs, 276 evals, 186 steps, improv/step: 0.355 (last = 0.0000), fitness=1.337500185
3306.87 secs, 277 evals, 187 steps, improv/step: 0.353 (last = 0.0000), fitness=1.337500185
3318.94 secs, 278 evals, 188 steps, improv/step: 0.356 (last = 1.0000), fitness=1.337500185
3343.57 secs, 280 evals, 189 steps, improv/step: 0.354 (last = 0.0000), fitness=1.337500185
3368.73 secs, 282 evals, 190 steps, improv/step: 0.353 (last = 0.0000), fitness=1.337500185
3381.17 secs, 283 evals, 191 steps, improv/step: 0.356 (last = 1.0000), fitness=1.337500185
3406.00 secs, 285 evals, 192 steps, improv/step: 0.354 (last = 0.0000), fitness=1.337500185
3418.73 secs, 286 evals, 193 steps, improv/step: 0.352 (last = 0.0000), fitness=1.337500185
3431.21 secs, 287 evals, 194 steps, improv/step: 0.351 (last = 0.0000), fitness=1.337500185
3441.73 secs, 288 evals, 195 steps, improv/step: 0.349 (last = 0.0000), fitness=1.337500185
3454.25 secs, 289 evals, 196 steps, improv/step: 0.352 (last = 1.0000), fitness=1.337500185
3479.45 secs, 291 evals, 197 steps, improv/step: 0.350 (last = 0.0000), fitness=1.337500185
3485.64 secs, 292 evals, 198 steps, improv/step: 0.348 (last = 0.0000), fitness=1.337500185
3496.49 secs, 293 evals, 199 steps, improv/step: 0.347 (last = 0.0000), fitness=1.337500185
3508.37 secs, 294 evals, 200 steps, improv/step: 0.345 (last = 0.0000), fitness=1.337500185
3521.21 secs, 295 evals, 201 steps, improv/step: 0.343 (last = 0.0000), fitness=1.337500185
3533.31 secs, 296 evals, 202 steps, improv/step: 0.342 (last = 0.0000), fitness=1.337500185
3545.97 secs, 297 evals, 203 steps, improv/step: 0.340 (last = 0.0000), fitness=1.337500185
3558.26 secs, 298 evals, 204 steps, improv/step: 0.343 (last = 1.0000), fitness=1.337500185
3570.88 secs, 299 evals, 205 steps, improv/step: 0.341 (last = 0.0000), fitness=1.337500185
3583.16 secs, 300 evals, 206 steps, improv/step: 0.345 (last = 1.0000), fitness=1.337500185
3608.22 secs, 302 evals, 207 steps, improv/step: 0.343 (last = 0.0000), fitness=1.337500185
3620.42 secs, 303 evals, 208 steps, improv/step: 0.341 (last = 0.0000), fitness=1.337500185
3632.94 secs, 304 evals, 209 steps, improv/step: 0.340 (last = 0.0000), fitness=1.337500185
3645.50 secs, 305 evals, 210 steps, improv/step: 0.338 (last = 0.0000), fitness=1.337500185
3657.81 secs, 306 evals, 211 steps, improv/step: 0.341 (last = 1.0000), fitness=1.337500185
3670.21 secs, 307 evals, 212 steps, improv/step: 0.340 (last = 0.0000), fitness=1.337500185
3682.39 secs, 308 evals, 213 steps, improv/step: 0.338 (last = 0.0000), fitness=1.337500185
3695.14 secs, 309 evals, 214 steps, improv/step: 0.336 (last = 0.0000), fitness=1.337500185
3720.30 secs, 311 evals, 215 steps, improv/step: 0.335 (last = 0.0000), fitness=1.337500185
3733.05 secs, 312 evals, 216 steps, improv/step: 0.338 (last = 1.0000), fitness=1.337500185
3745.05 secs, 313 evals, 217 steps, improv/step: 0.336 (last = 0.0000), fitness=1.337500185
3756.04 secs, 314 evals, 218 steps, improv/step: 0.335 (last = 0.0000), fitness=1.337500185
3768.71 secs, 315 evals, 219 steps, improv/step: 0.333 (last = 0.0000), fitness=1.337500185
3781.11 secs, 316 evals, 220 steps, improv/step: 0.336 (last = 1.0000), fitness=1.337500185
3793.47 secs, 317 evals, 221 steps, improv/step: 0.339 (last = 1.0000), fitness=1.337500185
3805.56 secs, 318 evals, 222 steps, improv/step: 0.342 (last = 1.0000), fitness=1.337500185
3817.41 secs, 319 evals, 223 steps, improv/step: 0.341 (last = 0.0000), fitness=1.337500185
3839.61 secs, 321 evals, 224 steps, improv/step: 0.339 (last = 0.0000), fitness=1.337500185
3864.54 secs, 323 evals, 225 steps, improv/step: 0.338 (last = 0.0000), fitness=1.337500185
3876.57 secs, 324 evals, 226 steps, improv/step: 0.341 (last = 1.0000), fitness=1.337500185
3889.27 secs, 325 evals, 227 steps, improv/step: 0.339 (last = 0.0000), fitness=1.337500185
3914.19 secs, 327 evals, 228 steps, improv/step: 0.338 (last = 0.0000), fitness=1.337500185
3925.26 secs, 328 evals, 229 steps, improv/step: 0.336 (last = 0.0000), fitness=1.337500185
3937.83 secs, 329 evals, 230 steps, improv/step: 0.339 (last = 1.0000), fitness=1.337500185
3943.05 secs, 330 evals, 231 steps, improv/step: 0.338 (last = 0.0000), fitness=1.337500185
3955.68 secs, 331 evals, 232 steps, improv/step: 0.336 (last = 0.0000), fitness=1.337500185
3967.16 secs, 332 evals, 233 steps, improv/step: 0.335 (last = 0.0000), fitness=1.337500185
3991.76 secs, 334 evals, 234 steps, improv/step: 0.338 (last = 1.0000), fitness=1.337500185
4004.15 secs, 335 evals, 235 steps, improv/step: 0.336 (last = 0.0000), fitness=1.337500185
4016.72 secs, 336 evals, 236 steps, improv/step: 0.339 (last = 1.0000), fitness=1.337500185
4029.35 secs, 337 evals, 237 steps, improv/step: 0.338 (last = 0.0000), fitness=1.337500185
4053.58 secs, 339 evals, 238 steps, improv/step: 0.336 (last = 0.0000), fitness=1.337500185
4066.10 secs, 340 evals, 239 steps, improv/step: 0.335 (last = 0.0000), fitness=1.337500185
4078.54 secs, 341 evals, 240 steps, improv/step: 0.333 (last = 0.0000), fitness=1.337500185
4090.67 secs, 342 evals, 241 steps, improv/step: 0.336 (last = 1.0000), fitness=1.337500185
4100.21 secs, 343 evals, 242 steps, improv/step: 0.335 (last = 0.0000), fitness=1.337500185
4112.12 secs, 344 evals, 243 steps, improv/step: 0.333 (last = 0.0000), fitness=1.337500185
4124.51 secs, 345 evals, 244 steps, improv/step: 0.336 (last = 1.0000), fitness=1.337500185
4136.11 secs, 346 evals, 245 steps, improv/step: 0.335 (last = 0.0000), fitness=1.337500185
4148.77 secs, 347 evals, 246 steps, improv/step: 0.333 (last = 0.0000), fitness=1.337500185
4161.20 secs, 348 evals, 247 steps, improv/step: 0.336 (last = 1.0000), fitness=1.337500185
4173.36 secs, 349 evals, 248 steps, improv/step: 0.339 (last = 1.0000), fitness=1.337500185
4185.63 secs, 350 evals, 249 steps, improv/step: 0.341 (last = 1.0000), fitness=1.337500185
4196.09 secs, 351 evals, 250 steps, improv/step: 0.340 (last = 0.0000), fitness=1.337500185
4208.67 secs, 352 evals, 251 steps, improv/step: 0.339 (last = 0.0000), fitness=1.337500185
4220.23 secs, 353 evals, 252 steps, improv/step: 0.337 (last = 0.0000), fitness=1.337500185
4232.85 secs, 354 evals, 253 steps, improv/step: 0.336 (last = 0.0000), fitness=1.337500185
4245.06 secs, 355 evals, 254 steps, improv/step: 0.339 (last = 1.0000), fitness=1.337500185
4269.50 secs, 357 evals, 255 steps, improv/step: 0.341 (last = 1.0000), fitness=1.337500185
4274.21 secs, 358 evals, 256 steps, improv/step: 0.340 (last = 0.0000), fitness=1.337500185
4298.43 secs, 360 evals, 257 steps, improv/step: 0.342 (last = 1.0000), fitness=1.337500185
4310.80 secs, 361 evals, 258 steps, improv/step: 0.345 (last = 1.0000), fitness=1.337500185
4334.39 secs, 363 evals, 259 steps, improv/step: 0.344 (last = 0.0000), fitness=1.337500185
4346.97 secs, 364 evals, 260 steps, improv/step: 0.342 (last = 0.0000), fitness=1.337500185
4371.47 secs, 366 evals, 261 steps, improv/step: 0.345 (last = 1.0000), fitness=1.337500185
4382.17 secs, 367 evals, 262 steps, improv/step: 0.344 (last = 0.0000), fitness=1.337500185
4394.54 secs, 368 evals, 263 steps, improv/step: 0.342 (last = 0.0000), fitness=1.337500185
4406.96 secs, 369 evals, 264 steps, improv/step: 0.341 (last = 0.0000), fitness=1.337500185
4418.69 secs, 370 evals, 265 steps, improv/step: 0.340 (last = 0.0000), fitness=1.337500185
4430.71 secs, 371 evals, 266 steps, improv/step: 0.338 (last = 0.0000), fitness=1.337500185
4443.05 secs, 372 evals, 267 steps, improv/step: 0.341 (last = 1.0000), fitness=1.337500185
4455.64 secs, 373 evals, 268 steps, improv/step: 0.340 (last = 0.0000), fitness=1.337500185
4467.71 secs, 374 evals, 269 steps, improv/step: 0.338 (last = 0.0000), fitness=1.337500185
4479.73 secs, 375 evals, 270 steps, improv/step: 0.341 (last = 1.0000), fitness=1.337500185
4490.92 secs, 376 evals, 271 steps, improv/step: 0.339 (last = 0.0000), fitness=1.337500185
4502.96 secs, 377 evals, 272 steps, improv/step: 0.342 (last = 1.0000), fitness=1.337500185
4526.99 secs, 379 evals, 273 steps, improv/step: 0.341 (last = 0.0000), fitness=1.337500185
4539.06 secs, 380 evals, 274 steps, improv/step: 0.339 (last = 0.0000), fitness=1.337500185
4550.94 secs, 381 evals, 275 steps, improv/step: 0.338 (last = 0.0000), fitness=1.337500185
4575.25 secs, 383 evals, 276 steps, improv/step: 0.337 (last = 0.0000), fitness=1.337500185
4587.03 secs, 384 evals, 277 steps, improv/step: 0.336 (last = 0.0000), fitness=1.337500185
4599.33 secs, 385 evals, 278 steps, improv/step: 0.335 (last = 0.0000), fitness=1.337500185
4611.55 secs, 386 evals, 279 steps, improv/step: 0.333 (last = 0.0000), fitness=1.337500185
4623.54 secs, 387 evals, 280 steps, improv/step: 0.336 (last = 1.0000), fitness=1.337500185
4635.77 secs, 388 evals, 281 steps, improv/step: 0.335 (last = 0.0000), fitness=1.337500185
4660.28 secs, 390 evals, 282 steps, improv/step: 0.333 (last = 0.0000), fitness=1.337500185
4670.89 secs, 391 evals, 283 steps, improv/step: 0.332 (last = 0.0000), fitness=1.337500185
4683.34 secs, 392 evals, 284 steps, improv/step: 0.331 (last = 0.0000), fitness=1.337500185
4695.72 secs, 393 evals, 285 steps, improv/step: 0.330 (last = 0.0000), fitness=1.337500185
4708.02 secs, 394 evals, 286 steps, improv/step: 0.329 (last = 0.0000), fitness=1.337500185
4720.61 secs, 395 evals, 287 steps, improv/step: 0.328 (last = 0.0000), fitness=1.337500185
4729.48 secs, 396 evals, 288 steps, improv/step: 0.326 (last = 0.0000), fitness=1.337500185
4742.09 secs, 397 evals, 289 steps, improv/step: 0.325 (last = 0.0000), fitness=1.337500185
4753.73 secs, 398 evals, 290 steps, improv/step: 0.324 (last = 0.0000), fitness=1.337500185
4764.60 secs, 399 evals, 291 steps, improv/step: 0.323 (last = 0.0000), fitness=1.337500185
4776.90 secs, 400 evals, 292 steps, improv/step: 0.325 (last = 1.0000), fitness=1.337500185
4787.39 secs, 401 evals, 293 steps, improv/step: 0.324 (last = 0.0000), fitness=1.337500185
4810.97 secs, 403 evals, 294 steps, improv/step: 0.327 (last = 1.0000), fitness=1.337500185
4823.26 secs, 404 evals, 295 steps, improv/step: 0.325 (last = 0.0000), fitness=1.337500185
4833.80 secs, 405 evals, 296 steps, improv/step: 0.324 (last = 0.0000), fitness=1.337500185
4845.83 secs, 406 evals, 297 steps, improv/step: 0.327 (last = 1.0000), fitness=1.337500185
4857.44 secs, 407 evals, 298 steps, improv/step: 0.326 (last = 0.0000), fitness=1.337500185
4869.95 secs, 408 evals, 299 steps, improv/step: 0.324 (last = 0.0000), fitness=1.337500185
4881.92 secs, 409 evals, 300 steps, improv/step: 0.323 (last = 0.0000), fitness=1.337500185
4894.14 secs, 410 evals, 301 steps, improv/step: 0.322 (last = 0.0000), fitness=1.337500185
4906.91 secs, 411 evals, 302 steps, improv/step: 0.321 (last = 0.0000), fitness=1.337500185
4918.79 secs, 412 evals, 303 steps, improv/step: 0.320 (last = 0.0000), fitness=1.337500185
4930.95 secs, 413 evals, 304 steps, improv/step: 0.322 (last = 1.0000), fitness=1.337500185
4943.25 secs, 414 evals, 305 steps, improv/step: 0.321 (last = 0.0000), fitness=1.337500185
4955.31 secs, 415 evals, 306 steps, improv/step: 0.320 (last = 0.0000), fitness=1.337500185
4967.55 secs, 416 evals, 307 steps, improv/step: 0.322 (last = 1.0000), fitness=1.337500185
4992.27 secs, 418 evals, 308 steps, improv/step: 0.321 (last = 0.0000), fitness=1.337500185
5002.88 secs, 419 evals, 309 steps, improv/step: 0.320 (last = 0.0000), fitness=1.337500185
5015.35 secs, 420 evals, 310 steps, improv/step: 0.319 (last = 0.0000), fitness=1.337500185
5026.83 secs, 421 evals, 311 steps, improv/step: 0.318 (last = 0.0000), fitness=1.337500185
5039.28 secs, 422 evals, 312 steps, improv/step: 0.321 (last = 1.0000), fitness=1.337500185
5051.37 secs, 423 evals, 313 steps, improv/step: 0.319 (last = 0.0000), fitness=1.337500185
5063.89 secs, 424 evals, 314 steps, improv/step: 0.322 (last = 1.0000), fitness=1.337500185
5076.09 secs, 425 evals, 315 steps, improv/step: 0.321 (last = 0.0000), fitness=1.337500185
5088.44 secs, 426 evals, 316 steps, improv/step: 0.320 (last = 0.0000), fitness=1.337500185
5100.77 secs, 427 evals, 317 steps, improv/step: 0.319 (last = 0.0000), fitness=1.337500185
5112.00 secs, 428 evals, 318 steps, improv/step: 0.318 (last = 0.0000), fitness=1.337500185
5123.90 secs, 429 evals, 319 steps, improv/step: 0.317 (last = 0.0000), fitness=1.337500185
5136.06 secs, 430 evals, 320 steps, improv/step: 0.316 (last = 0.0000), fitness=1.337500185
5148.34 secs, 431 evals, 321 steps, improv/step: 0.318 (last = 1.0000), fitness=1.337500185
5160.32 secs, 432 evals, 322 steps, improv/step: 0.317 (last = 0.0000), fitness=1.337500185
5172.69 secs, 433 evals, 323 steps, improv/step: 0.316 (last = 0.0000), fitness=1.337500185
5185.08 secs, 434 evals, 324 steps, improv/step: 0.318 (last = 1.0000), fitness=1.337500185
5197.51 secs, 435 evals, 325 steps, improv/step: 0.317 (last = 0.0000), fitness=1.337500185
5210.12 secs, 436 evals, 326 steps, improv/step: 0.316 (last = 0.0000), fitness=1.337500185
5235.00 secs, 438 evals, 327 steps, improv/step: 0.315 (last = 0.0000), fitness=1.337500185
5247.03 secs, 439 evals, 328 steps, improv/step: 0.314 (last = 0.0000), fitness=1.337500185
5259.59 secs, 440 evals, 329 steps, improv/step: 0.313 (last = 0.0000), fitness=1.337500185
5271.38 secs, 441 evals, 330 steps, improv/step: 0.312 (last = 0.0000), fitness=1.337500185
5283.89 secs, 442 evals, 331 steps, improv/step: 0.311 (last = 0.0000), fitness=1.337500185
5295.45 secs, 443 evals, 332 steps, improv/step: 0.310 (last = 0.0000), fitness=1.337500185
5320.35 secs, 445 evals, 333 steps, improv/step: 0.309 (last = 0.0000), fitness=1.337500185
5332.49 secs, 446 evals, 334 steps, improv/step: 0.311 (last = 1.0000), fitness=1.337500185
5345.11 secs, 447 evals, 335 steps, improv/step: 0.310 (last = 0.0000), fitness=1.337500185
5368.90 secs, 449 evals, 336 steps, improv/step: 0.312 (last = 1.0000), fitness=1.337500185
5381.46 secs, 450 evals, 337 steps, improv/step: 0.312 (last = 0.0000), fitness=1.337500185
5394.01 secs, 451 evals, 338 steps, improv/step: 0.311 (last = 0.0000), fitness=1.337500185
5406.54 secs, 452 evals, 339 steps, improv/step: 0.310 (last = 0.0000), fitness=1.337500185
5418.56 secs, 453 evals, 340 steps, improv/step: 0.309 (last = 0.0000), fitness=1.337500185
5430.93 secs, 454 evals, 341 steps, improv/step: 0.311 (last = 1.0000), fitness=1.337500185
5442.10 secs, 455 evals, 342 steps, improv/step: 0.310 (last = 0.0000), fitness=1.337500185
5453.52 secs, 456 evals, 343 steps, improv/step: 0.309 (last = 0.0000), fitness=1.337500185
5463.79 secs, 457 evals, 344 steps, improv/step: 0.308 (last = 0.0000), fitness=1.337500185
5475.82 secs, 458 evals, 345 steps, improv/step: 0.307 (last = 0.0000), fitness=1.337500185
5487.07 secs, 459 evals, 346 steps, improv/step: 0.306 (last = 0.0000), fitness=1.337500185
5499.61 secs, 460 evals, 347 steps, improv/step: 0.308 (last = 1.0000), fitness=1.337500185
5512.23 secs, 461 evals, 348 steps, improv/step: 0.307 (last = 0.0000), fitness=1.337500185
5524.54 secs, 462 evals, 349 steps, improv/step: 0.307 (last = 0.0000), fitness=1.337500185
5537.00 secs, 463 evals, 350 steps, improv/step: 0.306 (last = 0.0000), fitness=1.337500185
5549.54 secs, 464 evals, 351 steps, improv/step: 0.305 (last = 0.0000), fitness=1.337500185
5561.25 secs, 465 evals, 352 steps, improv/step: 0.304 (last = 0.0000), fitness=1.337500185
5573.16 secs, 466 evals, 353 steps, improv/step: 0.306 (last = 1.0000), fitness=1.337500185
5585.68 secs, 467 evals, 354 steps, improv/step: 0.305 (last = 0.0000), fitness=1.337500185
5597.99 secs, 468 evals, 355 steps, improv/step: 0.304 (last = 0.0000), fitness=1.337500185
5608.43 secs, 469 evals, 356 steps, improv/step: 0.303 (last = 0.0000), fitness=1.337500185
5620.54 secs, 470 evals, 357 steps, improv/step: 0.303 (last = 0.0000), fitness=1.337500185
5631.98 secs, 471 evals, 358 steps, improv/step: 0.302 (last = 0.0000), fitness=1.337500185
5643.64 secs, 472 evals, 359 steps, improv/step: 0.301 (last = 0.0000), fitness=1.337500185
5656.21 secs, 473 evals, 360 steps, improv/step: 0.300 (last = 0.0000), fitness=1.337500185
5668.30 secs, 474 evals, 361 steps, improv/step: 0.299 (last = 0.0000), fitness=1.337500185
5679.58 secs, 475 evals, 362 steps, improv/step: 0.298 (last = 0.0000), fitness=1.337500185
5692.03 secs, 476 evals, 363 steps, improv/step: 0.300 (last = 1.0000), fitness=1.337500185
5704.53 secs, 477 evals, 364 steps, improv/step: 0.299 (last = 0.0000), fitness=1.337500185
5716.90 secs, 478 evals, 365 steps, improv/step: 0.301 (last = 1.0000), fitness=1.337500185
5728.94 secs, 479 evals, 366 steps, improv/step: 0.301 (last = 0.0000), fitness=1.337500185
5741.02 secs, 480 evals, 367 steps, improv/step: 0.302 (last = 1.0000), fitness=1.337500185
5753.44 secs, 481 evals, 368 steps, improv/step: 0.302 (last = 0.0000), fitness=1.337500185
5765.92 secs, 482 evals, 369 steps, improv/step: 0.301 (last = 0.0000), fitness=1.337500185
5778.37 secs, 483 evals, 370 steps, improv/step: 0.303 (last = 1.0000), fitness=1.337500185
5790.49 secs, 484 evals, 371 steps, improv/step: 0.302 (last = 0.0000), fitness=1.337500185
5802.19 secs, 485 evals, 372 steps, improv/step: 0.301 (last = 0.0000), fitness=1.337500185
5827.12 secs, 487 evals, 373 steps, improv/step: 0.300 (last = 0.0000), fitness=1.337500185
5839.58 secs, 488 evals, 374 steps, improv/step: 0.299 (last = 0.0000), fitness=1.337500185
5852.14 secs, 489 evals, 375 steps, improv/step: 0.299 (last = 0.0000), fitness=1.337500185
5864.54 secs, 490 evals, 376 steps, improv/step: 0.301 (last = 1.0000), fitness=1.337500185
5876.12 secs, 491 evals, 377 steps, improv/step: 0.300 (last = 0.0000), fitness=1.337500185
5888.36 secs, 492 evals, 378 steps, improv/step: 0.299 (last = 0.0000), fitness=1.337500185
5898.95 secs, 493 evals, 379 steps, improv/step: 0.298 (last = 0.0000), fitness=1.337500185
5911.34 secs, 494 evals, 380 steps, improv/step: 0.297 (last = 0.0000), fitness=1.337500185
5923.09 secs, 495 evals, 381 steps, improv/step: 0.297 (last = 0.0000), fitness=1.337500185
5935.25 secs, 496 evals, 382 steps, improv/step: 0.298 (last = 1.0000), fitness=1.337500185
5947.59 secs, 497 evals, 383 steps, improv/step: 0.298 (last = 0.0000), fitness=1.337500185
5959.72 secs, 498 evals, 384 steps, improv/step: 0.299 (last = 1.0000), fitness=1.337500185
5983.93 secs, 500 evals, 385 steps, improv/step: 0.299 (last = 0.0000), fitness=1.337500185
5995.86 secs, 501 evals, 386 steps, improv/step: 0.301 (last = 1.0000), fitness=1.337500185
6008.24 secs, 502 evals, 387 steps, improv/step: 0.300 (last = 0.0000), fitness=1.337500185
6020.18 secs, 503 evals, 388 steps, improv/step: 0.302 (last = 1.0000), fitness=1.337500185
6032.57 secs, 504 evals, 389 steps, improv/step: 0.301 (last = 0.0000), fitness=1.337500185
6044.92 secs, 505 evals, 390 steps, improv/step: 0.300 (last = 0.0000), fitness=1.337500185
6056.33 secs, 506 evals, 391 steps, improv/step: 0.299 (last = 0.0000), fitness=1.337500185
6080.75 secs, 508 evals, 392 steps, improv/step: 0.298 (last = 0.0000), fitness=1.337500185
6092.97 secs, 509 evals, 393 steps, improv/step: 0.298 (last = 0.0000), fitness=1.337500185
6114.51 secs, 511 evals, 394 steps, improv/step: 0.297 (last = 0.0000), fitness=1.337500185
6126.59 secs, 512 evals, 395 steps, improv/step: 0.296 (last = 0.0000), fitness=1.337500185
6139.06 secs, 513 evals, 396 steps, improv/step: 0.295 (last = 0.0000), fitness=1.337500185
6151.53 secs, 514 evals, 397 steps, improv/step: 0.297 (last = 1.0000), fitness=1.337500185
6163.83 secs, 515 evals, 398 steps, improv/step: 0.299 (last = 1.0000), fitness=1.337500185
6175.52 secs, 516 evals, 399 steps, improv/step: 0.298 (last = 0.0000), fitness=1.337500185
6187.30 secs, 517 evals, 400 steps, improv/step: 0.300 (last = 1.0000), fitness=1.337500185
6199.48 secs, 518 evals, 401 steps, improv/step: 0.299 (last = 0.0000), fitness=1.337500185
6211.79 secs, 519 evals, 402 steps, improv/step: 0.299 (last = 0.0000), fitness=1.337500185
6224.04 secs, 520 evals, 403 steps, improv/step: 0.298 (last = 0.0000), fitness=1.337500185
6236.66 secs, 521 evals, 404 steps, improv/step: 0.297 (last = 0.0000), fitness=1.337500185
6248.97 secs, 522 evals, 405 steps, improv/step: 0.296 (last = 0.0000), fitness=1.337500185
6261.22 secs, 523 evals, 406 steps, improv/step: 0.296 (last = 0.0000), fitness=1.337500185
6273.66 secs, 524 evals, 407 steps, improv/step: 0.295 (last = 0.0000), fitness=1.337500185
6286.17 secs, 525 evals, 408 steps, improv/step: 0.294 (last = 0.0000), fitness=1.337500185
6298.39 secs, 526 evals, 409 steps, improv/step: 0.293 (last = 0.0000), fitness=1.337500185
6310.86 secs, 527 evals, 410 steps, improv/step: 0.293 (last = 0.0000), fitness=1.337500185
6322.22 secs, 528 evals, 411 steps, improv/step: 0.292 (last = 0.0000), fitness=1.337500185
6334.59 secs, 529 evals, 412 steps, improv/step: 0.294 (last = 1.0000), fitness=1.299912130
6346.85 secs, 530 evals, 413 steps, improv/step: 0.293 (last = 0.0000), fitness=1.299912130
6358.96 secs, 531 evals, 414 steps, improv/step: 0.292 (last = 0.0000), fitness=1.299912130
6370.63 secs, 532 evals, 415 steps, improv/step: 0.292 (last = 0.0000), fitness=1.299912130
6382.90 secs, 533 evals, 416 steps, improv/step: 0.291 (last = 0.0000), fitness=1.299912130
6395.40 secs, 534 evals, 417 steps, improv/step: 0.290 (last = 0.0000), fitness=1.299912130
6407.78 secs, 535 evals, 418 steps, improv/step: 0.289 (last = 0.0000), fitness=1.299912130
6420.18 secs, 536 evals, 419 steps, improv/step: 0.289 (last = 0.0000), fitness=1.299912130
6424.32 secs, 537 evals, 420 steps, improv/step: 0.288 (last = 0.0000), fitness=1.299912130
6436.61 secs, 538 evals, 421 steps, improv/step: 0.287 (last = 0.0000), fitness=1.299912130
6449.03 secs, 539 evals, 422 steps, improv/step: 0.287 (last = 0.0000), fitness=1.299912130
6461.61 secs, 540 evals, 423 steps, improv/step: 0.286 (last = 0.0000), fitness=1.299912130
6473.82 secs, 541 evals, 424 steps, improv/step: 0.285 (last = 0.0000), fitness=1.299912130
6486.52 secs, 542 evals, 425 steps, improv/step: 0.285 (last = 0.0000), fitness=1.299912130
6498.01 secs, 543 evals, 426 steps, improv/step: 0.284 (last = 0.0000), fitness=1.299912130
6510.52 secs, 544 evals, 427 steps, improv/step: 0.283 (last = 0.0000), fitness=1.299912130
6522.94 secs, 545 evals, 428 steps, improv/step: 0.283 (last = 0.0000), fitness=1.299912130
6534.72 secs, 546 evals, 429 steps, improv/step: 0.282 (last = 0.0000), fitness=1.299912130
6547.36 secs, 547 evals, 430 steps, improv/step: 0.281 (last = 0.0000), fitness=1.299912130
6559.57 secs, 548 evals, 431 steps, improv/step: 0.281 (last = 0.0000), fitness=1.299912130
6571.97 secs, 549 evals, 432 steps, improv/step: 0.280 (last = 0.0000), fitness=1.299912130
6583.95 secs, 550 evals, 433 steps, improv/step: 0.279 (last = 0.0000), fitness=1.299912130
6596.45 secs, 551 evals, 434 steps, improv/step: 0.279 (last = 0.0000), fitness=1.299912130
6608.90 secs, 552 evals, 435 steps, improv/step: 0.280 (last = 1.0000), fitness=1.299912130
6621.32 secs, 553 evals, 436 steps, improv/step: 0.282 (last = 1.0000), fitness=1.299912130
6633.80 secs, 554 evals, 437 steps, improv/step: 0.281 (last = 0.0000), fitness=1.299912130
6646.38 secs, 555 evals, 438 steps, improv/step: 0.281 (last = 0.0000), fitness=1.299912130
6658.65 secs, 556 evals, 439 steps, improv/step: 0.280 (last = 0.0000), fitness=1.299912130
6670.98 secs, 557 evals, 440 steps, improv/step: 0.280 (last = 0.0000), fitness=1.299912130
6682.99 secs, 558 evals, 441 steps, improv/step: 0.279 (last = 0.0000), fitness=1.299912130
6694.89 secs, 559 evals, 442 steps, improv/step: 0.278 (last = 0.0000), fitness=1.299912130
6707.20 secs, 560 evals, 443 steps, improv/step: 0.278 (last = 0.0000), fitness=1.299912130
6719.78 secs, 561 evals, 444 steps, improv/step: 0.277 (last = 0.0000), fitness=1.299912130
6731.81 secs, 562 evals, 445 steps, improv/step: 0.276 (last = 0.0000), fitness=1.299912130
6744.09 secs, 563 evals, 446 steps, improv/step: 0.276 (last = 0.0000), fitness=1.299912130
6756.54 secs, 564 evals, 447 steps, improv/step: 0.275 (last = 0.0000), fitness=1.299912130
6768.80 secs, 565 evals, 448 steps, improv/step: 0.277 (last = 1.0000), fitness=1.299912130
6781.06 secs, 566 evals, 449 steps, improv/step: 0.278 (last = 1.0000), fitness=1.299912130
6793.39 secs, 567 evals, 450 steps, improv/step: 0.280 (last = 1.0000), fitness=1.299912130
6805.74 secs, 568 evals, 451 steps, improv/step: 0.282 (last = 1.0000), fitness=1.299912130
6817.69 secs, 569 evals, 452 steps, improv/step: 0.281 (last = 0.0000), fitness=1.299912130
6842.03 secs, 571 evals, 453 steps, improv/step: 0.283 (last = 1.0000), fitness=1.299912130
6853.98 secs, 572 evals, 454 steps, improv/step: 0.282 (last = 0.0000), fitness=1.299912130
6878.33 secs, 574 evals, 455 steps, improv/step: 0.281 (last = 0.0000), fitness=1.299912130
6902.64 secs, 576 evals, 456 steps, improv/step: 0.283 (last = 1.0000), fitness=1.299912130
6915.05 secs, 577 evals, 457 steps, improv/step: 0.284 (last = 1.0000), fitness=1.299912130
6927.53 secs, 578 evals, 458 steps, improv/step: 0.284 (last = 0.0000), fitness=1.299912130
6939.90 secs, 579 evals, 459 steps, improv/step: 0.285 (last = 1.0000), fitness=1.299912130
6952.34 secs, 580 evals, 460 steps, improv/step: 0.285 (last = 0.0000), fitness=1.299912130
6964.26 secs, 581 evals, 461 steps, improv/step: 0.286 (last = 1.0000), fitness=1.299912130
6976.49 secs, 582 evals, 462 steps, improv/step: 0.288 (last = 1.0000), fitness=1.299912130
6988.68 secs, 583 evals, 463 steps, improv/step: 0.287 (last = 0.0000), fitness=1.299912130
7000.17 secs, 584 evals, 464 steps, improv/step: 0.287 (last = 0.0000), fitness=1.299912130
7012.54 secs, 585 evals, 465 steps, improv/step: 0.288 (last = 1.0000), fitness=1.299912130
7024.76 secs, 586 evals, 466 steps, improv/step: 0.288 (last = 0.0000), fitness=1.299912130
7037.34 secs, 587 evals, 467 steps, improv/step: 0.287 (last = 0.0000), fitness=1.299912130
7049.97 secs, 588 evals, 468 steps, improv/step: 0.288 (last = 1.0000), fitness=1.299912130
7062.24 secs, 589 evals, 469 steps, improv/step: 0.290 (last = 1.0000), fitness=1.299912130
7074.44 secs, 590 evals, 470 steps, improv/step: 0.291 (last = 1.0000), fitness=1.299912130
7086.77 secs, 591 evals, 471 steps, improv/step: 0.291 (last = 0.0000), fitness=1.299912130
7098.97 secs, 592 evals, 472 steps, improv/step: 0.290 (last = 0.0000), fitness=1.299912130
7111.33 secs, 593 evals, 473 steps, improv/step: 0.290 (last = 0.0000), fitness=1.299912130
7123.67 secs, 594 evals, 474 steps, improv/step: 0.291 (last = 1.0000), fitness=1.299912130
7136.19 secs, 595 evals, 475 steps, improv/step: 0.291 (last = 0.0000), fitness=1.299912130
7148.27 secs, 596 evals, 476 steps, improv/step: 0.290 (last = 0.0000), fitness=1.299912130
7160.18 secs, 597 evals, 477 steps, improv/step: 0.289 (last = 0.0000), fitness=1.299912130
7172.54 secs, 598 evals, 478 steps, improv/step: 0.289 (last = 0.0000), fitness=1.299912130
7184.85 secs, 599 evals, 479 steps, improv/step: 0.288 (last = 0.0000), fitness=1.299912130
7196.61 secs, 600 evals, 480 steps, improv/step: 0.287 (last = 0.0000), fitness=1.299912130
7209.03 secs, 601 evals, 481 steps, improv/step: 0.289 (last = 1.0000), fitness=1.299912130
7220.40 secs, 602 evals, 482 steps, improv/step: 0.288 (last = 0.0000), fitness=1.299912130
7232.93 secs, 603 evals, 483 steps, improv/step: 0.290 (last = 1.0000), fitness=1.299912130
7245.40 secs, 604 evals, 484 steps, improv/step: 0.289 (last = 0.0000), fitness=1.299912130
7257.69 secs, 605 evals, 485 steps, improv/step: 0.291 (last = 1.0000), fitness=1.299912130
7269.84 secs, 606 evals, 486 steps, improv/step: 0.290 (last = 0.0000), fitness=1.299912130
7282.01 secs, 607 evals, 487 steps, improv/step: 0.290 (last = 0.0000), fitness=1.299912130
7294.57 secs, 608 evals, 488 steps, improv/step: 0.289 (last = 0.0000), fitness=1.299912130
7307.03 secs, 609 evals, 489 steps, improv/step: 0.290 (last = 1.0000), fitness=1.299912130
7319.21 secs, 610 evals, 490 steps, improv/step: 0.290 (last = 0.0000), fitness=1.299912130
7331.56 secs, 611 evals, 491 steps, improv/step: 0.289 (last = 0.0000), fitness=1.299912130
7343.25 secs, 612 evals, 492 steps, improv/step: 0.289 (last = 0.0000), fitness=1.299912130
7355.41 secs, 613 evals, 493 steps, improv/step: 0.288 (last = 0.0000), fitness=1.299912130
7367.53 secs, 614 evals, 494 steps, improv/step: 0.287 (last = 0.0000), fitness=1.299912130
7379.82 secs, 615 evals, 495 steps, improv/step: 0.289 (last = 1.0000), fitness=1.299912130
7392.39 secs, 616 evals, 496 steps, improv/step: 0.288 (last = 0.0000), fitness=1.299912130
7404.63 secs, 617 evals, 497 steps, improv/step: 0.288 (last = 0.0000), fitness=1.299912130
7429.50 secs, 619 evals, 498 steps, improv/step: 0.289 (last = 1.0000), fitness=1.299912130
7441.94 secs, 620 evals, 499 steps, improv/step: 0.289 (last = 0.0000), fitness=1.299912130
7454.41 secs, 621 evals, 500 steps, improv/step: 0.288 (last = 0.0000), fitness=1.299912130
7466.37 secs, 622 evals, 501 steps, improv/step: 0.287 (last = 0.0000), fitness=1.299912130
7478.70 secs, 623 evals, 502 steps, improv/step: 0.287 (last = 0.0000), fitness=1.299912130
7491.08 secs, 624 evals, 503 steps, improv/step: 0.286 (last = 0.0000), fitness=1.299912130
7503.44 secs, 625 evals, 504 steps, improv/step: 0.286 (last = 0.0000), fitness=1.299912130
7515.82 secs, 626 evals, 505 steps, improv/step: 0.287 (last = 1.0000), fitness=1.299912130
7527.50 secs, 627 evals, 506 steps, improv/step: 0.287 (last = 0.0000), fitness=1.299912130
7539.94 secs, 628 evals, 507 steps, improv/step: 0.286 (last = 0.0000), fitness=1.299912130
7551.76 secs, 629 evals, 508 steps, improv/step: 0.285 (last = 0.0000), fitness=1.299912130
7564.17 secs, 630 evals, 509 steps, improv/step: 0.285 (last = 0.0000), fitness=1.299912130
7576.55 secs, 631 evals, 510 steps, improv/step: 0.284 (last = 0.0000), fitness=1.299912130
7589.00 secs, 632 evals, 511 steps, improv/step: 0.286 (last = 1.0000), fitness=1.299912130
7601.30 secs, 633 evals, 512 steps, improv/step: 0.287 (last = 1.0000), fitness=1.299912130
7613.68 secs, 634 evals, 513 steps, improv/step: 0.287 (last = 0.0000), fitness=1.299912130
7626.00 secs, 635 evals, 514 steps, improv/step: 0.286 (last = 0.0000), fitness=1.299912130
7638.28 secs, 636 evals, 515 steps, improv/step: 0.287 (last = 1.0000), fitness=1.299912130
7650.84 secs, 637 evals, 516 steps, improv/step: 0.289 (last = 1.0000), fitness=1.299912130
7663.11 secs, 638 evals, 517 steps, improv/step: 0.290 (last = 1.0000), fitness=1.299912130
7675.29 secs, 639 evals, 518 steps, improv/step: 0.290 (last = 0.0000), fitness=1.299912130
7687.52 secs, 640 evals, 519 steps, improv/step: 0.289 (last = 0.0000), fitness=1.299912130
7699.73 secs, 641 evals, 520 steps, improv/step: 0.288 (last = 0.0000), fitness=1.299912130
7712.05 secs, 642 evals, 521 steps, improv/step: 0.288 (last = 0.0000), fitness=1.299912130
7724.24 secs, 643 evals, 522 steps, improv/step: 0.287 (last = 0.0000), fitness=1.299912130
7736.52 secs, 644 evals, 523 steps, improv/step: 0.289 (last = 1.0000), fitness=1.299912130
7748.85 secs, 645 evals, 524 steps, improv/step: 0.288 (last = 0.0000), fitness=1.299912130
7761.32 secs, 646 evals, 525 steps, improv/step: 0.288 (last = 0.0000), fitness=1.299912130
7773.44 secs, 647 evals, 526 steps, improv/step: 0.287 (last = 0.0000), fitness=1.299912130
7785.71 secs, 648 evals, 527 steps, improv/step: 0.287 (last = 0.0000), fitness=1.299912130
7798.10 secs, 649 evals, 528 steps, improv/step: 0.286 (last = 0.0000), fitness=1.299912130
7822.71 secs, 651 evals, 529 steps, improv/step: 0.285 (last = 0.0000), fitness=1.299912130
7835.13 secs, 652 evals, 530 steps, improv/step: 0.285 (last = 0.0000), fitness=1.299912130
7847.44 secs, 653 evals, 531 steps, improv/step: 0.286 (last = 1.0000), fitness=1.299912130
7859.82 secs, 654 evals, 532 steps, improv/step: 0.286 (last = 0.0000), fitness=1.299912130
7872.21 secs, 655 evals, 533 steps, improv/step: 0.285 (last = 0.0000), fitness=1.299912130
7884.52 secs, 656 evals, 534 steps, improv/step: 0.285 (last = 0.0000), fitness=1.299912130
7896.55 secs, 657 evals, 535 steps, improv/step: 0.286 (last = 1.0000), fitness=1.299912130
7908.51 secs, 658 evals, 536 steps, improv/step: 0.285 (last = 0.0000), fitness=1.299912130
7920.61 secs, 659 evals, 537 steps, improv/step: 0.287 (last = 1.0000), fitness=1.299912130
7932.14 secs, 660 evals, 538 steps, improv/step: 0.286 (last = 0.0000), fitness=1.299912130
7944.17 secs, 661 evals, 539 steps, improv/step: 0.288 (last = 1.0000), fitness=1.299912130
7956.43 secs, 662 evals, 540 steps, improv/step: 0.287 (last = 0.0000), fitness=1.299912130
7968.72 secs, 663 evals, 541 steps, improv/step: 0.287 (last = 0.0000), fitness=1.299912130
7981.02 secs, 664 evals, 542 steps, improv/step: 0.286 (last = 0.0000), fitness=1.299912130
7992.93 secs, 665 evals, 543 steps, improv/step: 0.285 (last = 0.0000), fitness=1.299912130
8004.88 secs, 666 evals, 544 steps, improv/step: 0.287 (last = 1.0000), fitness=1.299912130
8016.80 secs, 667 evals, 545 steps, improv/step: 0.286 (last = 0.0000), fitness=1.299912130
8028.35 secs, 668 evals, 546 steps, improv/step: 0.286 (last = 0.0000), fitness=1.299912130
8040.55 secs, 669 evals, 547 steps, improv/step: 0.285 (last = 0.0000), fitness=1.299912130
8052.53 secs, 670 evals, 548 steps, improv/step: 0.285 (last = 0.0000), fitness=1.299912130
8064.72 secs, 671 evals, 549 steps, improv/step: 0.284 (last = 0.0000), fitness=1.299912130
8076.94 secs, 672 evals, 550 steps, improv/step: 0.284 (last = 0.0000), fitness=1.299912130
8089.08 secs, 673 evals, 551 steps, improv/step: 0.283 (last = 0.0000), fitness=1.299912130
8113.29 secs, 675 evals, 552 steps, improv/step: 0.283 (last = 0.0000), fitness=1.299912130
8125.29 secs, 676 evals, 553 steps, improv/step: 0.282 (last = 0.0000), fitness=1.299912130
8137.60 secs, 677 evals, 554 steps, improv/step: 0.283 (last = 1.0000), fitness=1.299912130
8149.85 secs, 678 evals, 555 steps, improv/step: 0.285 (last = 1.0000), fitness=1.299912130
8162.02 secs, 679 evals, 556 steps, improv/step: 0.284 (last = 0.0000), fitness=1.299912130
8174.19 secs, 680 evals, 557 steps, improv/step: 0.284 (last = 0.0000), fitness=1.299912130
8186.39 secs, 681 evals, 558 steps, improv/step: 0.283 (last = 0.0000), fitness=1.299912130
8198.43 secs, 682 evals, 559 steps, improv/step: 0.283 (last = 0.0000), fitness=1.299912130
8210.70 secs, 683 evals, 560 steps, improv/step: 0.282 (last = 0.0000), fitness=1.299912130
8222.82 secs, 684 evals, 561 steps, improv/step: 0.283 (last = 1.0000), fitness=1.299912130
8235.25 secs, 685 evals, 562 steps, improv/step: 0.285 (last = 1.0000), fitness=1.299912130
8247.56 secs, 686 evals, 563 steps, improv/step: 0.284 (last = 0.0000), fitness=1.299912130
8259.19 secs, 687 evals, 564 steps, improv/step: 0.284 (last = 0.0000), fitness=1.299912130
8271.25 secs, 688 evals, 565 steps, improv/step: 0.283 (last = 0.0000), fitness=1.299912130
8283.43 secs, 689 evals, 566 steps, improv/step: 0.284 (last = 1.0000), fitness=1.285516112
8295.36 secs, 690 evals, 567 steps, improv/step: 0.284 (last = 0.0000), fitness=1.285516112
8307.54 secs, 691 evals, 568 steps, improv/step: 0.285 (last = 1.0000), fitness=1.285516112
8319.85 secs, 692 evals, 569 steps, improv/step: 0.286 (last = 1.0000), fitness=1.285516112
8332.01 secs, 693 evals, 570 steps, improv/step: 0.286 (last = 0.0000), fitness=1.285516112
8344.21 secs, 694 evals, 571 steps, improv/step: 0.287 (last = 1.0000), fitness=1.285516112
8356.32 secs, 695 evals, 572 steps, improv/step: 0.287 (last = 0.0000), fitness=1.285516112
8368.51 secs, 696 evals, 573 steps, improv/step: 0.286 (last = 0.0000), fitness=1.285516112
8380.65 secs, 697 evals, 574 steps, improv/step: 0.286 (last = 0.0000), fitness=1.285516112
8392.56 secs, 698 evals, 575 steps, improv/step: 0.287 (last = 1.0000), fitness=1.285516112
8404.74 secs, 699 evals, 576 steps, improv/step: 0.286 (last = 0.0000), fitness=1.285516112
8416.70 secs, 700 evals, 577 steps, improv/step: 0.286 (last = 0.0000), fitness=1.285516112
8428.59 secs, 701 evals, 578 steps, improv/step: 0.285 (last = 0.0000), fitness=1.285516112
8440.43 secs, 702 evals, 579 steps, improv/step: 0.287 (last = 1.0000), fitness=1.285516112
8452.42 secs, 703 evals, 580 steps, improv/step: 0.288 (last = 1.0000), fitness=1.285516112
8464.58 secs, 704 evals, 581 steps, improv/step: 0.287 (last = 0.0000), fitness=1.285516112
8476.72 secs, 705 evals, 582 steps, improv/step: 0.289 (last = 1.0000), fitness=1.285516112
8488.47 secs, 706 evals, 583 steps, improv/step: 0.288 (last = 0.0000), fitness=1.285516112
8500.56 secs, 707 evals, 584 steps, improv/step: 0.288 (last = 0.0000), fitness=1.285516112
8512.55 secs, 708 evals, 585 steps, improv/step: 0.287 (last = 0.0000), fitness=1.285516112
8536.82 secs, 710 evals, 586 steps, improv/step: 0.287 (last = 0.0000), fitness=1.285516112
8548.82 secs, 711 evals, 587 steps, improv/step: 0.286 (last = 0.0000), fitness=1.285516112
8561.04 secs, 712 evals, 588 steps, improv/step: 0.287 (last = 1.0000), fitness=1.285516112
8573.20 secs, 713 evals, 589 steps, improv/step: 0.287 (last = 0.0000), fitness=1.285516112
8585.12 secs, 714 evals, 590 steps, improv/step: 0.286 (last = 0.0000), fitness=1.285516112
8597.22 secs, 715 evals, 591 steps, improv/step: 0.288 (last = 1.0000), fitness=1.285516112
8609.42 secs, 716 evals, 592 steps, improv/step: 0.287 (last = 0.0000), fitness=1.285516112
8621.56 secs, 717 evals, 593 steps, improv/step: 0.287 (last = 0.0000), fitness=1.285516112
8633.64 secs, 718 evals, 594 steps, improv/step: 0.286 (last = 0.0000), fitness=1.285516112
8645.60 secs, 719 evals, 595 steps, improv/step: 0.286 (last = 0.0000), fitness=1.285516112
8657.75 secs, 720 evals, 596 steps, improv/step: 0.285 (last = 0.0000), fitness=1.285516112
8670.04 secs, 721 evals, 597 steps, improv/step: 0.285 (last = 0.0000), fitness=1.285516112
8682.03 secs, 722 evals, 598 steps, improv/step: 0.286 (last = 1.0000), fitness=1.285516112
8694.24 secs, 723 evals, 599 steps, improv/step: 0.287 (last = 1.0000), fitness=1.285516112
8706.09 secs, 724 evals, 600 steps, improv/step: 0.287 (last = 0.0000), fitness=1.285516112
8718.19 secs, 725 evals, 601 steps, improv/step: 0.288 (last = 1.0000), fitness=1.285516112
8730.22 secs, 726 evals, 602 steps, improv/step: 0.287 (last = 0.0000), fitness=1.285516112
8742.19 secs, 727 evals, 603 steps, improv/step: 0.287 (last = 0.0000), fitness=1.285516112
8754.22 secs, 728 evals, 604 steps, improv/step: 0.288 (last = 1.0000), fitness=1.285516112
8766.17 secs, 729 evals, 605 steps, improv/step: 0.289 (last = 1.0000), fitness=1.285516112
8790.10 secs, 731 evals, 606 steps, improv/step: 0.289 (last = 0.0000), fitness=1.285516112
8801.91 secs, 732 evals, 607 steps, improv/step: 0.288 (last = 0.0000), fitness=1.285516112
8814.14 secs, 733 evals, 608 steps, improv/step: 0.288 (last = 0.0000), fitness=1.285516112
8826.17 secs, 734 evals, 609 steps, improv/step: 0.287 (last = 0.0000), fitness=1.285516112
8838.23 secs, 735 evals, 610 steps, improv/step: 0.289 (last = 1.0000), fitness=1.285516112
8850.33 secs, 736 evals, 611 steps, improv/step: 0.288 (last = 0.0000), fitness=1.285516112
8862.38 secs, 737 evals, 612 steps, improv/step: 0.288 (last = 0.0000), fitness=1.285516112
8874.07 secs, 738 evals, 613 steps, improv/step: 0.287 (last = 0.0000), fitness=1.285516112
8885.91 secs, 739 evals, 614 steps, improv/step: 0.287 (last = 0.0000), fitness=1.285516112
8898.04 secs, 740 evals, 615 steps, improv/step: 0.288 (last = 1.0000), fitness=1.285516112
8910.19 secs, 741 evals, 616 steps, improv/step: 0.287 (last = 0.0000), fitness=1.285516112
8922.31 secs, 742 evals, 617 steps, improv/step: 0.287 (last = 0.0000), fitness=1.285516112
8934.13 secs, 743 evals, 618 steps, improv/step: 0.286 (last = 0.0000), fitness=1.285516112
8945.90 secs, 744 evals, 619 steps, improv/step: 0.286 (last = 0.0000), fitness=1.285516112
8957.71 secs, 745 evals, 620 steps, improv/step: 0.287 (last = 1.0000), fitness=1.285516112
8969.61 secs, 746 evals, 621 steps, improv/step: 0.288 (last = 1.0000), fitness=1.285516112
8981.73 secs, 747 evals, 622 steps, improv/step: 0.288 (last = 0.0000), fitness=1.285516112
8993.72 secs, 748 evals, 623 steps, improv/step: 0.287 (last = 0.0000), fitness=1.285516112
9005.70 secs, 749 evals, 624 steps, improv/step: 0.287 (last = 0.0000), fitness=1.285516112
9017.82 secs, 750 evals, 625 steps, improv/step: 0.286 (last = 0.0000), fitness=1.285516112
9029.72 secs, 751 evals, 626 steps, improv/step: 0.286 (last = 0.0000), fitness=1.285516112
9041.79 secs, 752 evals, 627 steps, improv/step: 0.285 (last = 0.0000), fitness=1.285516112
9053.77 secs, 753 evals, 628 steps, improv/step: 0.285 (last = 0.0000), fitness=1.285516112
9065.87 secs, 754 evals, 629 steps, improv/step: 0.285 (last = 0.0000), fitness=1.285516112
9077.61 secs, 755 evals, 630 steps, improv/step: 0.284 (last = 0.0000), fitness=1.285516112
9089.77 secs, 756 evals, 631 steps, improv/step: 0.284 (last = 0.0000), fitness=1.285516112
9101.73 secs, 757 evals, 632 steps, improv/step: 0.285 (last = 1.0000), fitness=1.285516112
9113.68 secs, 758 evals, 633 steps, improv/step: 0.284 (last = 0.0000), fitness=1.285516112
9125.83 secs, 759 evals, 634 steps, improv/step: 0.284 (last = 0.0000), fitness=1.285516112
9137.92 secs, 760 evals, 635 steps, improv/step: 0.283 (last = 0.0000), fitness=1.285516112
9149.89 secs, 761 evals, 636 steps, improv/step: 0.283 (last = 0.0000), fitness=1.285516112
9161.89 secs, 762 evals, 637 steps, improv/step: 0.283 (last = 0.0000), fitness=1.285516112
9173.86 secs, 763 evals, 638 steps, improv/step: 0.282 (last = 0.0000), fitness=1.285516112
9185.89 secs, 764 evals, 639 steps, improv/step: 0.282 (last = 0.0000), fitness=1.285516112
9198.13 secs, 765 evals, 640 steps, improv/step: 0.281 (last = 0.0000), fitness=1.285516112
9210.11 secs, 766 evals, 641 steps, improv/step: 0.281 (last = 0.0000), fitness=1.285516112
9222.18 secs, 767 evals, 642 steps, improv/step: 0.280 (last = 0.0000), fitness=1.285516112
9234.32 secs, 768 evals, 643 steps, improv/step: 0.280 (last = 0.0000), fitness=1.285516112
9246.45 secs, 769 evals, 644 steps, improv/step: 0.280 (last = 0.0000), fitness=1.285516112
9258.50 secs, 770 evals, 645 steps, improv/step: 0.279 (last = 0.0000), fitness=1.285516112
9270.59 secs, 771 evals, 646 steps, improv/step: 0.279 (last = 0.0000), fitness=1.285516112
9282.73 secs, 772 evals, 647 steps, improv/step: 0.280 (last = 1.0000), fitness=1.285516112
9294.58 secs, 773 evals, 648 steps, improv/step: 0.279 (last = 0.0000), fitness=1.285516112
9306.61 secs, 774 evals, 649 steps, improv/step: 0.279 (last = 0.0000), fitness=1.285516112
9318.87 secs, 775 evals, 650 steps, improv/step: 0.278 (last = 0.0000), fitness=1.285516112
9331.12 secs, 776 evals, 651 steps, improv/step: 0.280 (last = 1.0000), fitness=1.285516112
9343.32 secs, 777 evals, 652 steps, improv/step: 0.279 (last = 0.0000), fitness=1.285516112
9355.37 secs, 778 evals, 653 steps, improv/step: 0.280 (last = 1.0000), fitness=1.285516112
9367.18 secs, 779 evals, 654 steps, improv/step: 0.280 (last = 0.0000), fitness=1.285516112
9379.34 secs, 780 evals, 655 steps, improv/step: 0.279 (last = 0.0000), fitness=1.285516112
9391.40 secs, 781 evals, 656 steps, improv/step: 0.279 (last = 0.0000), fitness=1.285516112
9403.38 secs, 782 evals, 657 steps, improv/step: 0.280 (last = 1.0000), fitness=1.285516112
9415.61 secs, 783 evals, 658 steps, improv/step: 0.281 (last = 1.0000), fitness=1.285516112
9427.78 secs, 784 evals, 659 steps, improv/step: 0.282 (last = 1.0000), fitness=1.285516112
9439.87 secs, 785 evals, 660 steps, improv/step: 0.282 (last = 0.0000), fitness=1.285516112
9451.98 secs, 786 evals, 661 steps, improv/step: 0.281 (last = 0.0000), fitness=1.285516112
9464.12 secs, 787 evals, 662 steps, improv/step: 0.282 (last = 1.0000), fitness=1.285516112
9476.11 secs, 788 evals, 663 steps, improv/step: 0.282 (last = 0.0000), fitness=1.285516112
9487.93 secs, 789 evals, 664 steps, improv/step: 0.282 (last = 0.0000), fitness=1.285516112
9499.92 secs, 790 evals, 665 steps, improv/step: 0.281 (last = 0.0000), fitness=1.285516112
9511.67 secs, 791 evals, 666 steps, improv/step: 0.281 (last = 0.0000), fitness=1.285516112
9523.52 secs, 792 evals, 667 steps, improv/step: 0.280 (last = 0.0000), fitness=1.285516112
9535.43 secs, 793 evals, 668 steps, improv/step: 0.280 (last = 0.0000), fitness=1.285516112
9546.90 secs, 794 evals, 669 steps, improv/step: 0.280 (last = 0.0000), fitness=1.285516112
9559.05 secs, 795 evals, 670 steps, improv/step: 0.279 (last = 0.0000), fitness=1.285516112
9571.16 secs, 796 evals, 671 steps, improv/step: 0.279 (last = 0.0000), fitness=1.285516112
9583.20 secs, 797 evals, 672 steps, improv/step: 0.280 (last = 1.0000), fitness=1.285516112
9595.18 secs, 798 evals, 673 steps, improv/step: 0.279 (last = 0.0000), fitness=1.285516112
9607.16 secs, 799 evals, 674 steps, improv/step: 0.280 (last = 1.0000), fitness=1.285516112
9619.21 secs, 800 evals, 675 steps, improv/step: 0.281 (last = 1.0000), fitness=1.285516112
9631.14 secs, 801 evals, 676 steps, improv/step: 0.283 (last = 1.0000), fitness=1.285516112
9643.12 secs, 802 evals, 677 steps, improv/step: 0.284 (last = 1.0000), fitness=1.285516112
9655.23 secs, 803 evals, 678 steps, improv/step: 0.285 (last = 1.0000), fitness=1.285516112
9667.37 secs, 804 evals, 679 steps, improv/step: 0.284 (last = 0.0000), fitness=1.285516112
9679.15 secs, 805 evals, 680 steps, improv/step: 0.284 (last = 0.0000), fitness=1.285516112
9691.30 secs, 806 evals, 681 steps, improv/step: 0.285 (last = 1.0000), fitness=1.285516112
9703.32 secs, 807 evals, 682 steps, improv/step: 0.284 (last = 0.0000), fitness=1.285516112
9715.37 secs, 808 evals, 683 steps, improv/step: 0.284 (last = 0.0000), fitness=1.285516112
9727.23 secs, 809 evals, 684 steps, improv/step: 0.284 (last = 0.0000), fitness=1.285516112
9738.52 secs, 810 evals, 685 steps, improv/step: 0.283 (last = 0.0000), fitness=1.285516112
9750.35 secs, 811 evals, 686 steps, improv/step: 0.283 (last = 0.0000), fitness=1.285516112
9762.43 secs, 812 evals, 687 steps, improv/step: 0.282 (last = 0.0000), fitness=1.285516112
9774.32 secs, 813 evals, 688 steps, improv/step: 0.282 (last = 0.0000), fitness=1.285516112
9786.29 secs, 814 evals, 689 steps, improv/step: 0.282 (last = 0.0000), fitness=1.285516112
9798.14 secs, 815 evals, 690 steps, improv/step: 0.281 (last = 0.0000), fitness=1.285516112
9809.95 secs, 816 evals, 691 steps, improv/step: 0.281 (last = 0.0000), fitness=1.285516112
9822.04 secs, 817 evals, 692 steps, improv/step: 0.280 (last = 0.0000), fitness=1.285516112
9833.98 secs, 818 evals, 693 steps, improv/step: 0.280 (last = 0.0000), fitness=1.285516112
9845.94 secs, 819 evals, 694 steps, improv/step: 0.280 (last = 0.0000), fitness=1.285516112
9857.91 secs, 820 evals, 695 steps, improv/step: 0.281 (last = 1.0000), fitness=1.285516112
9869.85 secs, 821 evals, 696 steps, improv/step: 0.280 (last = 0.0000), fitness=1.285516112
9882.08 secs, 822 evals, 697 steps, improv/step: 0.280 (last = 0.0000), fitness=1.285516112
9894.08 secs, 823 evals, 698 steps, improv/step: 0.279 (last = 0.0000), fitness=1.285516112
9906.19 secs, 824 evals, 699 steps, improv/step: 0.280 (last = 1.0000), fitness=1.285516112
9918.10 secs, 825 evals, 700 steps, improv/step: 0.280 (last = 0.0000), fitness=1.285516112
9930.09 secs, 826 evals, 701 steps, improv/step: 0.280 (last = 0.0000), fitness=1.285516112
9942.06 secs, 827 evals, 702 steps, improv/step: 0.281 (last = 1.0000), fitness=1.285516112
9953.84 secs, 828 evals, 703 steps, improv/step: 0.280 (last = 0.0000), fitness=1.285516112
9965.92 secs, 829 evals, 704 steps, improv/step: 0.280 (last = 0.0000), fitness=1.285516112
9978.00 secs, 830 evals, 705 steps, improv/step: 0.279 (last = 0.0000), fitness=1.285516112
9989.98 secs, 831 evals, 706 steps, improv/step: 0.279 (last = 0.0000), fitness=1.285516112
10002.06 secs, 832 evals, 707 steps, improv/step: 0.279 (last = 0.0000), fitness=1.285516112
10014.18 secs, 833 evals, 708 steps, improv/step: 0.280 (last = 1.0000), fitness=1.285516112
10026.28 secs, 834 evals, 709 steps, improv/step: 0.279 (last = 0.0000), fitness=1.285516112
10038.14 secs, 835 evals, 710 steps, improv/step: 0.280 (last = 1.0000), fitness=1.285516112
10050.07 secs, 836 evals, 711 steps, improv/step: 0.281 (last = 1.0000), fitness=1.285516112
10061.73 secs, 837 evals, 712 steps, improv/step: 0.281 (last = 0.0000), fitness=1.285516112
10073.63 secs, 838 evals, 713 steps, improv/step: 0.281 (last = 0.0000), fitness=1.285516112
10085.19 secs, 839 evals, 714 steps, improv/step: 0.280 (last = 0.0000), fitness=1.285516112
10097.17 secs, 840 evals, 715 steps, improv/step: 0.281 (last = 1.0000), fitness=1.285516112
10109.07 secs, 841 evals, 716 steps, improv/step: 0.281 (last = 0.0000), fitness=1.285516112
10121.09 secs, 842 evals, 717 steps, improv/step: 0.280 (last = 0.0000), fitness=1.285516112
10132.98 secs, 843 evals, 718 steps, improv/step: 0.280 (last = 0.0000), fitness=1.285516112
10145.02 secs, 844 evals, 719 steps, improv/step: 0.280 (last = 0.0000), fitness=1.285516112
10156.83 secs, 845 evals, 720 steps, improv/step: 0.279 (last = 0.0000), fitness=1.285516112
10168.60 secs, 846 evals, 721 steps, improv/step: 0.280 (last = 1.0000), fitness=1.285516112
10180.46 secs, 847 evals, 722 steps, improv/step: 0.280 (last = 0.0000), fitness=1.285516112
10192.32 secs, 848 evals, 723 steps, improv/step: 0.279 (last = 0.0000), fitness=1.285516112
10204.21 secs, 849 evals, 724 steps, improv/step: 0.279 (last = 0.0000), fitness=1.285516112
10216.07 secs, 850 evals, 725 steps, improv/step: 0.279 (last = 0.0000), fitness=1.285516112
10227.98 secs, 851 evals, 726 steps, improv/step: 0.280 (last = 1.0000), fitness=1.285516112
10239.64 secs, 852 evals, 727 steps, improv/step: 0.279 (last = 0.0000), fitness=1.285516112
10251.52 secs, 853 evals, 728 steps, improv/step: 0.279 (last = 0.0000), fitness=1.285516112
10263.19 secs, 854 evals, 729 steps, improv/step: 0.278 (last = 0.0000), fitness=1.285516112
10274.95 secs, 855 evals, 730 steps, improv/step: 0.278 (last = 0.0000), fitness=1.285516112
10286.82 secs, 856 evals, 731 steps, improv/step: 0.278 (last = 0.0000), fitness=1.285516112
10298.67 secs, 857 evals, 732 steps, improv/step: 0.277 (last = 0.0000), fitness=1.285516112
10310.57 secs, 858 evals, 733 steps, improv/step: 0.277 (last = 0.0000), fitness=1.285516112
10322.39 secs, 859 evals, 734 steps, improv/step: 0.278 (last = 1.0000), fitness=1.285516112
10334.20 secs, 860 evals, 735 steps, improv/step: 0.279 (last = 1.0000), fitness=1.285516112
10345.96 secs, 861 evals, 736 steps, improv/step: 0.279 (last = 0.0000), fitness=1.285516112
10357.93 secs, 862 evals, 737 steps, improv/step: 0.278 (last = 0.0000), fitness=1.285516112
10369.72 secs, 863 evals, 738 steps, improv/step: 0.278 (last = 0.0000), fitness=1.285516112
10381.63 secs, 864 evals, 739 steps, improv/step: 0.279 (last = 1.0000), fitness=1.285516112
10393.43 secs, 865 evals, 740 steps, improv/step: 0.278 (last = 0.0000), fitness=1.285516112
10405.03 secs, 866 evals, 741 steps, improv/step: 0.278 (last = 0.0000), fitness=1.285516112
10416.64 secs, 867 evals, 742 steps, improv/step: 0.278 (last = 0.0000), fitness=1.285516112
10428.48 secs, 868 evals, 743 steps, improv/step: 0.277 (last = 0.0000), fitness=1.285516112
10440.38 secs, 869 evals, 744 steps, improv/step: 0.277 (last = 0.0000), fitness=1.285516112
10451.95 secs, 870 evals, 745 steps, improv/step: 0.277 (last = 0.0000), fitness=1.285516112
10463.87 secs, 871 evals, 746 steps, improv/step: 0.276 (last = 0.0000), fitness=1.285516112
10475.74 secs, 872 evals, 747 steps, improv/step: 0.276 (last = 0.0000), fitness=1.285516112
10487.67 secs, 873 evals, 748 steps, improv/step: 0.275 (last = 0.0000), fitness=1.285516112
10499.50 secs, 874 evals, 749 steps, improv/step: 0.275 (last = 0.0000), fitness=1.285516112
10511.40 secs, 875 evals, 750 steps, improv/step: 0.275 (last = 0.0000), fitness=1.285516112
10523.00 secs, 876 evals, 751 steps, improv/step: 0.274 (last = 0.0000), fitness=1.285516112
10534.66 secs, 877 evals, 752 steps, improv/step: 0.274 (last = 0.0000), fitness=1.285516112
10546.56 secs, 878 evals, 753 steps, improv/step: 0.274 (last = 0.0000), fitness=1.285516112
10558.17 secs, 879 evals, 754 steps, improv/step: 0.273 (last = 0.0000), fitness=1.285516112
10570.04 secs, 880 evals, 755 steps, improv/step: 0.273 (last = 0.0000), fitness=1.285516112
10581.81 secs, 881 evals, 756 steps, improv/step: 0.272 (last = 0.0000), fitness=1.285516112
10593.77 secs, 882 evals, 757 steps, improv/step: 0.272 (last = 0.0000), fitness=1.285516112
10605.58 secs, 883 evals, 758 steps, improv/step: 0.272 (last = 0.0000), fitness=1.285516112
10617.41 secs, 884 evals, 759 steps, improv/step: 0.271 (last = 0.0000), fitness=1.285516112
10629.26 secs, 885 evals, 760 steps, improv/step: 0.272 (last = 1.0000), fitness=1.285516112
10640.99 secs, 886 evals, 761 steps, improv/step: 0.272 (last = 0.0000), fitness=1.285516112
10652.91 secs, 887 evals, 762 steps, improv/step: 0.273 (last = 1.0000), fitness=1.285516112
10664.82 secs, 888 evals, 763 steps, improv/step: 0.273 (last = 0.0000), fitness=1.285516112
10676.63 secs, 889 evals, 764 steps, improv/step: 0.272 (last = 0.0000), fitness=1.285516112
10688.55 secs, 890 evals, 765 steps, improv/step: 0.273 (last = 1.0000), fitness=1.285516112
10700.31 secs, 891 evals, 766 steps, improv/step: 0.273 (last = 0.0000), fitness=1.285516112
10712.06 secs, 892 evals, 767 steps, improv/step: 0.272 (last = 0.0000), fitness=1.285516112
10723.73 secs, 893 evals, 768 steps, improv/step: 0.272 (last = 0.0000), fitness=1.285516112
10735.47 secs, 894 evals, 769 steps, improv/step: 0.272 (last = 0.0000), fitness=1.285516112
10747.23 secs, 895 evals, 770 steps, improv/step: 0.273 (last = 1.0000), fitness=1.285516112
10759.02 secs, 896 evals, 771 steps, improv/step: 0.274 (last = 1.0000), fitness=1.285516112
10770.92 secs, 897 evals, 772 steps, improv/step: 0.273 (last = 0.0000), fitness=1.285516112
10782.88 secs, 898 evals, 773 steps, improv/step: 0.273 (last = 0.0000), fitness=1.285516112
10794.77 secs, 899 evals, 774 steps, improv/step: 0.273 (last = 0.0000), fitness=1.285516112

Optimization stopped after 775 steps and 10806.73 seconds
Termination reason: Max time (10800.0 s) reached
Steps per second = 0.07
Function evals per second = 0.08
Improvements/step = Inf
Total function evaluations = 900


Best candidate found: [0.514451, 0.774844]

Fitness: 1.285516112

