N_Jobs_Total: 144
Starting optimization with optimizer DiffEvoOpt{FitPopulation{Float64}, RadiusLimitedSelector, BlackBoxOptim.AdaptiveDiffEvoRandBin{3}, RandomBound{ContinuousRectSearchSpace}}
0.00 secs, 0 evals, 0 steps
494.59 secs, 2 evals, 1 steps, fitness=7.412729381
836.79 secs, 4 evals, 2 steps, fitness=7.030729643
1143.58 secs, 6 evals, 3 steps, improv/step: 0.333 (last = 1.0000), fitness=7.030729643
1358.15 secs, 8 evals, 4 steps, improv/step: 0.250 (last = 0.0000), fitness=7.030729643
1662.72 secs, 10 evals, 5 steps, improv/step: 0.400 (last = 1.0000), fitness=7.030729643
2008.41 secs, 12 evals, 6 steps, improv/step: 0.333 (last = 0.0000), fitness=6.835671148
2351.31 secs, 14 evals, 7 steps, improv/step: 0.286 (last = 0.0000), fitness=6.835671148
2838.94 secs, 16 evals, 8 steps, improv/step: 0.250 (last = 0.0000), fitness=6.835671148
3164.51 secs, 18 evals, 9 steps, improv/step: 0.222 (last = 0.0000), fitness=6.835671148
3567.27 secs, 20 evals, 10 steps, improv/step: 0.300 (last = 1.0000), fitness=6.835671148
3999.42 secs, 22 evals, 11 steps, improv/step: 0.273 (last = 0.0000), fitness=6.835671148
4400.02 secs, 24 evals, 12 steps, improv/step: 0.333 (last = 1.0000), fitness=6.835671148
4809.99 secs, 26 evals, 13 steps, improv/step: 0.308 (last = 0.0000), fitness=6.835671148
5161.40 secs, 28 evals, 14 steps, improv/step: 0.357 (last = 1.0000), fitness=6.835671148
5498.35 secs, 30 evals, 15 steps, improv/step: 0.400 (last = 1.0000), fitness=6.835671148
5915.18 secs, 32 evals, 16 steps, improv/step: 0.375 (last = 0.0000), fitness=6.835671148
6338.95 secs, 34 evals, 17 steps, improv/step: 0.353 (last = 0.0000), fitness=6.835671148
6736.87 secs, 36 evals, 18 steps, improv/step: 0.389 (last = 1.0000), fitness=6.835671148
7132.21 secs, 38 evals, 19 steps, improv/step: 0.368 (last = 0.0000), fitness=6.362143402
7454.83 secs, 40 evals, 20 steps, improv/step: 0.400 (last = 1.0000), fitness=6.362143402
7791.51 secs, 42 evals, 21 steps, improv/step: 0.429 (last = 1.0000), fitness=6.362143402
8046.12 secs, 44 evals, 22 steps, improv/step: 0.409 (last = 0.0000), fitness=6.362143402
8391.78 secs, 46 evals, 23 steps, improv/step: 0.435 (last = 1.0000), fitness=6.362143402
8752.26 secs, 48 evals, 24 steps, improv/step: 0.417 (last = 0.0000), fitness=6.362143402
9032.57 secs, 50 evals, 25 steps, improv/step: 0.440 (last = 1.0000), fitness=6.362143402
9224.05 secs, 51 evals, 26 steps, improv/step: 0.423 (last = 0.0000), fitness=6.362143402
9642.39 secs, 53 evals, 27 steps, improv/step: 0.407 (last = 0.0000), fitness=6.362143402
9849.99 secs, 54 evals, 28 steps, improv/step: 0.393 (last = 0.0000), fitness=6.362143402
10238.21 secs, 56 evals, 29 steps, improv/step: 0.414 (last = 1.0000), fitness=6.362143402
10626.98 secs, 58 evals, 30 steps, improv/step: 0.433 (last = 1.0000), fitness=6.362143402

Optimization stopped after 31 steps and 11047.14 seconds
Termination reason: Max time (10800.0 s) reached
Steps per second = 0.00
Function evals per second = 0.01
Improvements/step = Inf
Total function evaluations = 60


Best candidate found: [0.823859, 0.902703]

Fitness: 6.362143402

