N_Jobs_Total: 144
Starting optimization with optimizer DiffEvoOpt{FitPopulation{Float64}, RadiusLimitedSelector, BlackBoxOptim.AdaptiveDiffEvoRandBin{3}, RandomBound{ContinuousRectSearchSpace}}
0.00 secs, 0 evals, 0 steps
295.41 secs, 2 evals, 1 steps, improv/step: 1.000 (last = 1.0000), fitness=26.537320684
542.62 secs, 4 evals, 2 steps, improv/step: 0.500 (last = 0.0000), fitness=4.423317180
836.54 secs, 6 evals, 3 steps, improv/step: 0.333 (last = 0.0000), fitness=4.423317180
1116.52 secs, 8 evals, 4 steps, improv/step: 0.500 (last = 1.0000), fitness=4.423317180
1387.37 secs, 10 evals, 5 steps, improv/step: 0.400 (last = 0.0000), fitness=4.423317180
1662.01 secs, 12 evals, 6 steps, improv/step: 0.333 (last = 0.0000), fitness=4.423317180
1934.65 secs, 14 evals, 7 steps, improv/step: 0.429 (last = 1.0000), fitness=4.423317180
2214.52 secs, 16 evals, 8 steps, improv/step: 0.500 (last = 1.0000), fitness=4.423317180
2509.60 secs, 18 evals, 9 steps, improv/step: 0.444 (last = 0.0000), fitness=4.423317180
2819.17 secs, 20 evals, 10 steps, improv/step: 0.400 (last = 0.0000), fitness=4.423317180
2936.87 secs, 21 evals, 11 steps, improv/step: 0.455 (last = 1.0000), fitness=3.823579162
3179.66 secs, 23 evals, 12 steps, improv/step: 0.500 (last = 1.0000), fitness=1.317394183
3452.48 secs, 25 evals, 13 steps, improv/step: 0.462 (last = 0.0000), fitness=1.317394183
3714.52 secs, 27 evals, 14 steps, improv/step: 0.429 (last = 0.0000), fitness=1.317394183
3995.17 secs, 29 evals, 15 steps, improv/step: 0.400 (last = 0.0000), fitness=1.317394183
4146.73 secs, 31 evals, 16 steps, improv/step: 0.438 (last = 1.0000), fitness=1.317394183
4391.87 secs, 33 evals, 17 steps, improv/step: 0.412 (last = 0.0000), fitness=1.317394183
4690.17 secs, 35 evals, 18 steps, improv/step: 0.444 (last = 1.0000), fitness=1.317394183
4830.83 secs, 36 evals, 19 steps, improv/step: 0.474 (last = 1.0000), fitness=1.317394183
5064.80 secs, 38 evals, 20 steps, improv/step: 0.450 (last = 0.0000), fitness=1.317394183
5269.16 secs, 40 evals, 21 steps, improv/step: 0.429 (last = 0.0000), fitness=1.317394183
5536.36 secs, 42 evals, 22 steps, improv/step: 0.455 (last = 1.0000), fitness=1.317394183
5807.22 secs, 44 evals, 23 steps, improv/step: 0.435 (last = 0.0000), fitness=1.317394183
6095.41 secs, 46 evals, 24 steps, improv/step: 0.417 (last = 0.0000), fitness=1.317394183
6367.07 secs, 48 evals, 25 steps, improv/step: 0.400 (last = 0.0000), fitness=1.317394183
6661.24 secs, 50 evals, 26 steps, improv/step: 0.385 (last = 0.0000), fitness=1.317394183
6873.91 secs, 52 evals, 27 steps, improv/step: 0.370 (last = 0.0000), fitness=1.317394183
7113.80 secs, 54 evals, 28 steps, improv/step: 0.357 (last = 0.0000), fitness=1.317394183
7390.38 secs, 56 evals, 29 steps, improv/step: 0.345 (last = 0.0000), fitness=1.317394183
7631.20 secs, 58 evals, 30 steps, improv/step: 0.333 (last = 0.0000), fitness=1.317394183
7871.55 secs, 60 evals, 31 steps, improv/step: 0.323 (last = 0.0000), fitness=1.317394183
8118.85 secs, 62 evals, 32 steps, improv/step: 0.344 (last = 1.0000), fitness=1.317394183
8373.38 secs, 64 evals, 33 steps, improv/step: 0.333 (last = 0.0000), fitness=1.317394183
8545.23 secs, 66 evals, 34 steps, improv/step: 0.353 (last = 1.0000), fitness=1.317394183
8732.01 secs, 68 evals, 35 steps, improv/step: 0.343 (last = 0.0000), fitness=1.317394183
8817.11 secs, 70 evals, 36 steps, improv/step: 0.361 (last = 1.0000), fitness=1.317394183
9006.62 secs, 72 evals, 37 steps, improv/step: 0.351 (last = 0.0000), fitness=1.317394183
9260.62 secs, 74 evals, 38 steps, improv/step: 0.368 (last = 1.0000), fitness=1.317394183
9501.40 secs, 76 evals, 39 steps, improv/step: 0.385 (last = 1.0000), fitness=1.317394183
9737.68 secs, 78 evals, 40 steps, improv/step: 0.400 (last = 1.0000), fitness=1.317394183
9960.20 secs, 80 evals, 41 steps, improv/step: 0.415 (last = 1.0000), fitness=1.317394183
10219.23 secs, 82 evals, 42 steps, improv/step: 0.405 (last = 0.0000), fitness=1.317394183
10460.39 secs, 84 evals, 43 steps, improv/step: 0.395 (last = 0.0000), fitness=1.317394183
10665.92 secs, 86 evals, 44 steps, improv/step: 0.386 (last = 0.0000), fitness=1.317394183

Optimization stopped after 45 steps and 10924.53 seconds
Termination reason: Max time (10800.0 s) reached
Steps per second = 0.00
Function evals per second = 0.01
Improvements/step = Inf
Total function evaluations = 88


Best candidate found: [0.374468, 0.861862]

Fitness: 1.317394183

