N_Jobs_Total: 144
Starting optimization with optimizer DiffEvoOpt{FitPopulation{Float64}, RadiusLimitedSelector, BlackBoxOptim.AdaptiveDiffEvoRandBin{3}, RandomBound{ContinuousRectSearchSpace}}
0.00 secs, 0 evals, 0 steps
224.03 secs, 2 evals, 1 steps, fitness=19.107547372
457.41 secs, 4 evals, 2 steps, improv/step: 0.500 (last = 1.0000), fitness=15.212679592
644.47 secs, 6 evals, 3 steps, improv/step: 0.333 (last = 0.0000), fitness=15.212679592
888.13 secs, 8 evals, 4 steps, improv/step: 0.250 (last = 0.0000), fitness=15.212679592
1120.79 secs, 10 evals, 5 steps, improv/step: 0.400 (last = 1.0000), fitness=15.212679592
1325.91 secs, 12 evals, 6 steps, improv/step: 0.500 (last = 1.0000), fitness=6.819294588
1396.02 secs, 13 evals, 7 steps, improv/step: 0.429 (last = 0.0000), fitness=6.819294588
1634.66 secs, 15 evals, 8 steps, improv/step: 0.375 (last = 0.0000), fitness=6.819294588
1833.32 secs, 17 evals, 9 steps, improv/step: 0.444 (last = 1.0000), fitness=6.819294588
1944.42 secs, 18 evals, 10 steps, improv/step: 0.400 (last = 0.0000), fitness=6.819294588
2156.24 secs, 20 evals, 11 steps, improv/step: 0.455 (last = 1.0000), fitness=6.819294588
2304.36 secs, 22 evals, 12 steps, improv/step: 0.417 (last = 0.0000), fitness=6.819294588
2449.92 secs, 24 evals, 13 steps, improv/step: 0.385 (last = 0.0000), fitness=6.819294588
2644.09 secs, 26 evals, 14 steps, improv/step: 0.429 (last = 1.0000), fitness=6.819294588
2800.32 secs, 28 evals, 15 steps, improv/step: 0.400 (last = 0.0000), fitness=6.819294588
2963.79 secs, 30 evals, 16 steps, improv/step: 0.438 (last = 1.0000), fitness=6.819294588
3112.58 secs, 32 evals, 17 steps, improv/step: 0.412 (last = 0.0000), fitness=5.212203345
3317.07 secs, 34 evals, 18 steps, improv/step: 0.389 (last = 0.0000), fitness=5.212203345
3423.30 secs, 36 evals, 19 steps, improv/step: 0.421 (last = 1.0000), fitness=5.212203345
3640.54 secs, 38 evals, 20 steps, improv/step: 0.400 (last = 0.0000), fitness=5.212203345
3785.75 secs, 40 evals, 21 steps, improv/step: 0.429 (last = 1.0000), fitness=5.212203345
3940.84 secs, 42 evals, 22 steps, improv/step: 0.409 (last = 0.0000), fitness=2.031306472
4151.40 secs, 44 evals, 23 steps, improv/step: 0.435 (last = 1.0000), fitness=2.031306472
4353.36 secs, 46 evals, 24 steps, improv/step: 0.417 (last = 0.0000), fitness=2.031306472
4558.61 secs, 48 evals, 25 steps, improv/step: 0.400 (last = 0.0000), fitness=2.031306472
4766.38 secs, 50 evals, 26 steps, improv/step: 0.385 (last = 0.0000), fitness=2.031306472
4970.34 secs, 52 evals, 27 steps, improv/step: 0.407 (last = 1.0000), fitness=2.031306472
5138.22 secs, 54 evals, 28 steps, improv/step: 0.429 (last = 1.0000), fitness=2.031306472
5172.29 secs, 55 evals, 29 steps, improv/step: 0.414 (last = 0.0000), fitness=2.031306472
5334.44 secs, 57 evals, 30 steps, improv/step: 0.433 (last = 1.0000), fitness=2.031306472
5552.59 secs, 59 evals, 31 steps, improv/step: 0.452 (last = 1.0000), fitness=2.031306472
5754.00 secs, 61 evals, 32 steps, improv/step: 0.469 (last = 1.0000), fitness=2.031306472
5969.11 secs, 63 evals, 33 steps, improv/step: 0.455 (last = 0.0000), fitness=2.031306472
6082.68 secs, 64 evals, 34 steps, improv/step: 0.441 (last = 0.0000), fitness=2.031306472
6216.55 secs, 66 evals, 35 steps, improv/step: 0.457 (last = 1.0000), fitness=2.031306472
6413.55 secs, 68 evals, 36 steps, improv/step: 0.472 (last = 1.0000), fitness=1.289632866
6496.56 secs, 69 evals, 37 steps, improv/step: 0.486 (last = 1.0000), fitness=1.289632866
6684.51 secs, 71 evals, 38 steps, improv/step: 0.474 (last = 0.0000), fitness=1.289632866
6874.90 secs, 73 evals, 39 steps, improv/step: 0.487 (last = 1.0000), fitness=1.093840561
6988.80 secs, 74 evals, 40 steps, improv/step: 0.475 (last = 0.0000), fitness=1.093840561
7159.33 secs, 76 evals, 41 steps, improv/step: 0.463 (last = 0.0000), fitness=1.093840561
7247.43 secs, 77 evals, 42 steps, improv/step: 0.452 (last = 0.0000), fitness=1.093840561
7358.42 secs, 78 evals, 43 steps, improv/step: 0.442 (last = 0.0000), fitness=1.093840561
7584.43 secs, 80 evals, 44 steps, improv/step: 0.455 (last = 1.0000), fitness=1.093840561
7679.04 secs, 81 evals, 45 steps, improv/step: 0.444 (last = 0.0000), fitness=1.093840561
7787.80 secs, 82 evals, 46 steps, improv/step: 0.435 (last = 0.0000), fitness=1.093840561
7865.88 secs, 84 evals, 47 steps, improv/step: 0.426 (last = 0.0000), fitness=1.093840561
7972.00 secs, 85 evals, 48 steps, improv/step: 0.438 (last = 1.0000), fitness=1.093840561
8157.00 secs, 87 evals, 49 steps, improv/step: 0.429 (last = 0.0000), fitness=1.093840561
8327.38 secs, 89 evals, 50 steps, improv/step: 0.420 (last = 0.0000), fitness=1.093840561
8431.50 secs, 90 evals, 51 steps, improv/step: 0.412 (last = 0.0000), fitness=1.093840561
8647.51 secs, 92 evals, 52 steps, improv/step: 0.404 (last = 0.0000), fitness=1.093840561
8839.71 secs, 94 evals, 53 steps, improv/step: 0.415 (last = 1.0000), fitness=1.093840561
9041.75 secs, 96 evals, 54 steps, improv/step: 0.407 (last = 0.0000), fitness=1.093840561
9196.45 secs, 98 evals, 55 steps, improv/step: 0.418 (last = 1.0000), fitness=1.093840561
9298.98 secs, 99 evals, 56 steps, improv/step: 0.429 (last = 1.0000), fitness=1.093840561
9505.41 secs, 101 evals, 57 steps, improv/step: 0.439 (last = 1.0000), fitness=1.093840561
9612.39 secs, 102 evals, 58 steps, improv/step: 0.431 (last = 0.0000), fitness=1.093840561
9718.60 secs, 103 evals, 59 steps, improv/step: 0.424 (last = 0.0000), fitness=1.093840561
9853.91 secs, 105 evals, 60 steps, improv/step: 0.417 (last = 0.0000), fitness=1.093840561
9958.83 secs, 106 evals, 61 steps, improv/step: 0.410 (last = 0.0000), fitness=1.093840561
10095.86 secs, 108 evals, 62 steps, improv/step: 0.403 (last = 0.0000), fitness=1.093840561
10305.31 secs, 110 evals, 63 steps, improv/step: 0.413 (last = 1.0000), fitness=1.093840561
10499.42 secs, 112 evals, 64 steps, improv/step: 0.406 (last = 0.0000), fitness=1.093840561
10679.87 secs, 114 evals, 65 steps, improv/step: 0.400 (last = 0.0000), fitness=1.093840561

Optimization stopped after 66 steps and 10841.27 seconds
Termination reason: Max time (10800.0 s) reached
Steps per second = 0.01
Function evals per second = 0.01
Improvements/step = Inf
Total function evaluations = 116


Best candidate found: [0.261723, 0.801794]

Fitness: 1.093840561

