N_Jobs_Total: 144
Starting optimization with optimizer DiffEvoOpt{FitPopulation{Float64}, RadiusLimitedSelector, BlackBoxOptim.AdaptiveDiffEvoRandBin{3}, RandomBound{ContinuousRectSearchSpace}}
0.00 secs, 0 evals, 0 steps
347.27 secs, 2 evals, 1 steps, improv/step: 1.000 (last = 1.0000), fitness=42.388408384
711.99 secs, 4 evals, 2 steps, improv/step: 1.000 (last = 1.0000), fitness=42.388408384
1062.36 secs, 6 evals, 3 steps, improv/step: 0.667 (last = 0.0000), fitness=42.388408384
1420.93 secs, 8 evals, 4 steps, improv/step: 0.500 (last = 0.0000), fitness=42.388408384
1780.48 secs, 10 evals, 5 steps, improv/step: 0.400 (last = 0.0000), fitness=17.056410475
1946.71 secs, 11 evals, 6 steps, improv/step: 0.500 (last = 1.0000), fitness=17.056410475
2233.04 secs, 13 evals, 7 steps, improv/step: 0.571 (last = 1.0000), fitness=4.235660685
2578.62 secs, 15 evals, 8 steps, improv/step: 0.625 (last = 1.0000), fitness=4.235660685
2940.33 secs, 17 evals, 9 steps, improv/step: 0.556 (last = 0.0000), fitness=4.235660685
3266.46 secs, 19 evals, 10 steps, improv/step: 0.600 (last = 1.0000), fitness=4.235660685
3540.03 secs, 21 evals, 11 steps, improv/step: 0.636 (last = 1.0000), fitness=4.235660685
3666.86 secs, 22 evals, 12 steps, improv/step: 0.667 (last = 1.0000), fitness=2.791635965
3723.97 secs, 23 evals, 13 steps, improv/step: 0.615 (last = 0.0000), fitness=2.791635965
4033.60 secs, 25 evals, 14 steps, improv/step: 0.643 (last = 1.0000), fitness=2.791635965
4345.10 secs, 27 evals, 15 steps, improv/step: 0.600 (last = 0.0000), fitness=2.791635965
4515.34 secs, 28 evals, 16 steps, improv/step: 0.562 (last = 0.0000), fitness=2.791635965
4840.87 secs, 30 evals, 17 steps, improv/step: 0.529 (last = 0.0000), fitness=2.791635965
4998.13 secs, 31 evals, 18 steps, improv/step: 0.556 (last = 1.0000), fitness=2.791635965
5209.07 secs, 33 evals, 19 steps, improv/step: 0.526 (last = 0.0000), fitness=2.791635965
5515.81 secs, 35 evals, 20 steps, improv/step: 0.500 (last = 0.0000), fitness=2.791635965
5847.40 secs, 37 evals, 21 steps, improv/step: 0.524 (last = 1.0000), fitness=2.791635965
6151.21 secs, 39 evals, 22 steps, improv/step: 0.545 (last = 1.0000), fitness=2.791635965
6428.33 secs, 41 evals, 23 steps, improv/step: 0.565 (last = 1.0000), fitness=2.791635965
6641.99 secs, 43 evals, 24 steps, improv/step: 0.583 (last = 1.0000), fitness=2.791635965
6918.05 secs, 45 evals, 25 steps, improv/step: 0.560 (last = 0.0000), fitness=2.791635965
7076.93 secs, 46 evals, 26 steps, improv/step: 0.538 (last = 0.0000), fitness=2.791635965
7380.78 secs, 48 evals, 27 steps, improv/step: 0.556 (last = 1.0000), fitness=2.791635965
7687.37 secs, 50 evals, 28 steps, improv/step: 0.536 (last = 0.0000), fitness=2.791635965
7989.87 secs, 52 evals, 29 steps, improv/step: 0.552 (last = 1.0000), fitness=2.791635965
8144.88 secs, 53 evals, 30 steps, improv/step: 0.533 (last = 0.0000), fitness=2.791635965
8448.12 secs, 55 evals, 31 steps, improv/step: 0.516 (last = 0.0000), fitness=2.791635965
8733.28 secs, 57 evals, 32 steps, improv/step: 0.531 (last = 1.0000), fitness=2.791635965
8867.92 secs, 58 evals, 33 steps, improv/step: 0.515 (last = 0.0000), fitness=2.791635965
9084.30 secs, 60 evals, 34 steps, improv/step: 0.500 (last = 0.0000), fitness=2.791635965
9403.33 secs, 62 evals, 35 steps, improv/step: 0.514 (last = 1.0000), fitness=2.791635965
9691.06 secs, 64 evals, 36 steps, improv/step: 0.500 (last = 0.0000), fitness=2.791635965
9906.33 secs, 66 evals, 37 steps, improv/step: 0.486 (last = 0.0000), fitness=1.439598314
10114.19 secs, 68 evals, 38 steps, improv/step: 0.500 (last = 1.0000), fitness=1.439598314
10424.25 secs, 70 evals, 39 steps, improv/step: 0.513 (last = 1.0000), fitness=1.439598314
10739.12 secs, 72 evals, 40 steps, improv/step: 0.500 (last = 0.0000), fitness=1.439598314

Optimization stopped after 41 steps and 11029.05 seconds
Termination reason: Max time (10800.0 s) reached
Steps per second = 0.00
Function evals per second = 0.01
Improvements/step = Inf
Total function evaluations = 74


Best candidate found: [0.156178, 0.468052]

Fitness: 1.439598314

