N_Jobs_Total: 144
Starting optimization with optimizer DiffEvoOpt{FitPopulation{Float64}, RadiusLimitedSelector, BlackBoxOptim.AdaptiveDiffEvoRandBin{3}, RandomBound{ContinuousRectSearchSpace}}
0.00 secs, 0 evals, 0 steps
28.94 secs, 2 evals, 1 steps, fitness=74.828932426
48.20 secs, 4 evals, 2 steps, improv/step: 0.500 (last = 1.0000), fitness=4.676131064
69.48 secs, 6 evals, 3 steps, improv/step: 0.667 (last = 1.0000), fitness=4.676131064
95.25 secs, 8 evals, 4 steps, improv/step: 0.750 (last = 1.0000), fitness=4.676131064
123.12 secs, 10 evals, 5 steps, improv/step: 0.600 (last = 0.0000), fitness=4.676131064
151.64 secs, 12 evals, 6 steps, improv/step: 0.500 (last = 0.0000), fitness=4.676131064
156.58 secs, 13 evals, 7 steps, improv/step: 0.429 (last = 0.0000), fitness=4.676131064
184.25 secs, 15 evals, 8 steps, improv/step: 0.500 (last = 1.0000), fitness=4.676131064
207.59 secs, 17 evals, 9 steps, improv/step: 0.444 (last = 0.0000), fitness=2.616696451
235.60 secs, 19 evals, 10 steps, improv/step: 0.400 (last = 0.0000), fitness=2.616696451
264.10 secs, 21 evals, 11 steps, improv/step: 0.364 (last = 0.0000), fitness=2.616696451
288.62 secs, 23 evals, 12 steps, improv/step: 0.417 (last = 1.0000), fitness=2.616696451
316.38 secs, 25 evals, 13 steps, improv/step: 0.385 (last = 0.0000), fitness=2.616696451
342.82 secs, 27 evals, 14 steps, improv/step: 0.357 (last = 0.0000), fitness=2.616696451
370.06 secs, 29 evals, 15 steps, improv/step: 0.333 (last = 0.0000), fitness=2.616696451
395.27 secs, 31 evals, 16 steps, improv/step: 0.375 (last = 1.0000), fitness=2.616696451
420.50 secs, 33 evals, 17 steps, improv/step: 0.412 (last = 1.0000), fitness=2.616696451
449.34 secs, 35 evals, 18 steps, improv/step: 0.389 (last = 0.0000), fitness=2.616696451
476.95 secs, 37 evals, 19 steps, improv/step: 0.421 (last = 1.0000), fitness=2.616696451
505.07 secs, 39 evals, 20 steps, improv/step: 0.450 (last = 1.0000), fitness=2.616696451
533.22 secs, 41 evals, 21 steps, improv/step: 0.429 (last = 0.0000), fitness=2.616696451
552.15 secs, 43 evals, 22 steps, improv/step: 0.409 (last = 0.0000), fitness=2.616696451
580.81 secs, 45 evals, 23 steps, improv/step: 0.391 (last = 0.0000), fitness=2.616696451
608.93 secs, 47 evals, 24 steps, improv/step: 0.375 (last = 0.0000), fitness=2.616696451
637.52 secs, 49 evals, 25 steps, improv/step: 0.400 (last = 1.0000), fitness=2.616696451
665.37 secs, 51 evals, 26 steps, improv/step: 0.385 (last = 0.0000), fitness=2.616696451
693.49 secs, 53 evals, 27 steps, improv/step: 0.370 (last = 0.0000), fitness=2.616696451
720.52 secs, 55 evals, 28 steps, improv/step: 0.357 (last = 0.0000), fitness=2.616696451
742.85 secs, 57 evals, 29 steps, improv/step: 0.379 (last = 1.0000), fitness=2.616696451
771.25 secs, 59 evals, 30 steps, improv/step: 0.367 (last = 0.0000), fitness=2.616696451
798.24 secs, 61 evals, 31 steps, improv/step: 0.387 (last = 1.0000), fitness=2.616696451
827.24 secs, 63 evals, 32 steps, improv/step: 0.375 (last = 0.0000), fitness=2.616696451
841.39 secs, 64 evals, 33 steps, improv/step: 0.364 (last = 0.0000), fitness=2.616696451
855.35 secs, 65 evals, 34 steps, improv/step: 0.353 (last = 0.0000), fitness=2.616696451
872.48 secs, 67 evals, 35 steps, improv/step: 0.343 (last = 0.0000), fitness=2.616696451
899.98 secs, 69 evals, 36 steps, improv/step: 0.361 (last = 1.0000), fitness=2.616696451
913.94 secs, 70 evals, 37 steps, improv/step: 0.351 (last = 0.0000), fitness=2.616696451
941.36 secs, 72 evals, 38 steps, improv/step: 0.342 (last = 0.0000), fitness=2.616696451
955.32 secs, 73 evals, 39 steps, improv/step: 0.333 (last = 0.0000), fitness=2.616696451
984.19 secs, 75 evals, 40 steps, improv/step: 0.350 (last = 1.0000), fitness=2.616696451
1012.31 secs, 77 evals, 41 steps, improv/step: 0.366 (last = 1.0000), fitness=2.616696451
1039.78 secs, 79 evals, 42 steps, improv/step: 0.357 (last = 0.0000), fitness=2.616696451
1062.55 secs, 81 evals, 43 steps, improv/step: 0.349 (last = 0.0000), fitness=2.616696451
1076.26 secs, 82 evals, 44 steps, improv/step: 0.341 (last = 0.0000), fitness=2.616696451
1103.02 secs, 84 evals, 45 steps, improv/step: 0.356 (last = 1.0000), fitness=2.616696451
1128.43 secs, 86 evals, 46 steps, improv/step: 0.370 (last = 1.0000), fitness=2.616696451
1142.86 secs, 87 evals, 47 steps, improv/step: 0.362 (last = 0.0000), fitness=2.616696451
1170.85 secs, 89 evals, 48 steps, improv/step: 0.375 (last = 1.0000), fitness=2.616696451
1196.48 secs, 91 evals, 49 steps, improv/step: 0.367 (last = 0.0000), fitness=2.616696451
1210.75 secs, 92 evals, 50 steps, improv/step: 0.360 (last = 0.0000), fitness=2.616696451
1238.95 secs, 94 evals, 51 steps, improv/step: 0.373 (last = 1.0000), fitness=2.616696451
1250.12 secs, 95 evals, 52 steps, improv/step: 0.365 (last = 0.0000), fitness=2.616696451
1264.51 secs, 96 evals, 53 steps, improv/step: 0.358 (last = 0.0000), fitness=2.616696451
1277.54 secs, 97 evals, 54 steps, improv/step: 0.352 (last = 0.0000), fitness=2.616696451
1306.06 secs, 99 evals, 55 steps, improv/step: 0.364 (last = 1.0000), fitness=2.616696451
1319.53 secs, 100 evals, 56 steps, improv/step: 0.375 (last = 1.0000), fitness=2.616696451
1325.07 secs, 101 evals, 57 steps, improv/step: 0.386 (last = 1.0000), fitness=2.616696451
1338.84 secs, 102 evals, 58 steps, improv/step: 0.397 (last = 1.0000), fitness=2.616696451
1362.58 secs, 104 evals, 59 steps, improv/step: 0.390 (last = 0.0000), fitness=2.616696451
1375.66 secs, 105 evals, 60 steps, improv/step: 0.383 (last = 0.0000), fitness=2.616696451
1397.82 secs, 107 evals, 61 steps, improv/step: 0.393 (last = 1.0000), fitness=2.616696451
1411.15 secs, 108 evals, 62 steps, improv/step: 0.387 (last = 0.0000), fitness=2.616696451
1423.92 secs, 109 evals, 63 steps, improv/step: 0.381 (last = 0.0000), fitness=2.616696451
1449.55 secs, 111 evals, 64 steps, improv/step: 0.391 (last = 1.0000), fitness=2.616696451
1478.14 secs, 113 evals, 65 steps, improv/step: 0.385 (last = 0.0000), fitness=2.616696451
1506.41 secs, 115 evals, 66 steps, improv/step: 0.394 (last = 1.0000), fitness=2.616696451
1534.21 secs, 117 evals, 67 steps, improv/step: 0.388 (last = 0.0000), fitness=2.616696451
1552.97 secs, 119 evals, 68 steps, improv/step: 0.397 (last = 1.0000), fitness=2.616696451
1567.11 secs, 120 evals, 69 steps, improv/step: 0.406 (last = 1.0000), fitness=2.616696451
1578.99 secs, 121 evals, 70 steps, improv/step: 0.414 (last = 1.0000), fitness=2.616696451
1593.26 secs, 122 evals, 71 steps, improv/step: 0.408 (last = 0.0000), fitness=2.616696451
1611.65 secs, 124 evals, 72 steps, improv/step: 0.403 (last = 0.0000), fitness=2.616696451
1618.88 secs, 125 evals, 73 steps, improv/step: 0.397 (last = 0.0000), fitness=2.616696451
1627.24 secs, 126 evals, 74 steps, improv/step: 0.405 (last = 1.0000), fitness=1.758927111
1632.36 secs, 127 evals, 75 steps, improv/step: 0.400 (last = 0.0000), fitness=1.758927111
1639.30 secs, 128 evals, 76 steps, improv/step: 0.395 (last = 0.0000), fitness=1.758927111
1661.32 secs, 130 evals, 77 steps, improv/step: 0.403 (last = 1.0000), fitness=1.758927111
1689.24 secs, 132 evals, 78 steps, improv/step: 0.410 (last = 1.0000), fitness=1.758927111
1702.98 secs, 133 evals, 79 steps, improv/step: 0.405 (last = 0.0000), fitness=1.758927111
1717.37 secs, 134 evals, 80 steps, improv/step: 0.400 (last = 0.0000), fitness=1.758927111
1743.21 secs, 136 evals, 81 steps, improv/step: 0.407 (last = 1.0000), fitness=1.758927111
1756.79 secs, 137 evals, 82 steps, improv/step: 0.402 (last = 0.0000), fitness=1.758927111
1782.83 secs, 139 evals, 83 steps, improv/step: 0.410 (last = 1.0000), fitness=1.758927111
1807.29 secs, 141 evals, 84 steps, improv/step: 0.417 (last = 1.0000), fitness=1.758927111
1836.19 secs, 143 evals, 85 steps, improv/step: 0.412 (last = 0.0000), fitness=1.758927111
1857.00 secs, 145 evals, 86 steps, improv/step: 0.419 (last = 1.0000), fitness=1.758927111
1884.37 secs, 147 evals, 87 steps, improv/step: 0.414 (last = 0.0000), fitness=1.758927111
1890.01 secs, 148 evals, 88 steps, improv/step: 0.409 (last = 0.0000), fitness=1.758927111
1900.95 secs, 149 evals, 89 steps, improv/step: 0.416 (last = 1.0000), fitness=1.758927111
1914.92 secs, 150 evals, 90 steps, improv/step: 0.411 (last = 0.0000), fitness=1.758927111
1936.30 secs, 152 evals, 91 steps, improv/step: 0.418 (last = 1.0000), fitness=1.758927111
1946.93 secs, 153 evals, 92 steps, improv/step: 0.424 (last = 1.0000), fitness=1.758927111
1961.36 secs, 154 evals, 93 steps, improv/step: 0.419 (last = 0.0000), fitness=1.758927111
1975.47 secs, 155 evals, 94 steps, improv/step: 0.415 (last = 0.0000), fitness=1.758927111
1982.99 secs, 156 evals, 95 steps, improv/step: 0.411 (last = 0.0000), fitness=1.758927111
1996.97 secs, 157 evals, 96 steps, improv/step: 0.406 (last = 0.0000), fitness=1.758927111
2008.98 secs, 158 evals, 97 steps, improv/step: 0.402 (last = 0.0000), fitness=1.758927111
2037.64 secs, 160 evals, 98 steps, improv/step: 0.408 (last = 1.0000), fitness=1.758927111
2048.06 secs, 161 evals, 99 steps, improv/step: 0.414 (last = 1.0000), fitness=1.758927111
2065.46 secs, 163 evals, 100 steps, improv/step: 0.420 (last = 1.0000), fitness=1.758927111
2077.47 secs, 164 evals, 101 steps, improv/step: 0.416 (last = 0.0000), fitness=1.758927111
2090.98 secs, 165 evals, 102 steps, improv/step: 0.422 (last = 1.0000), fitness=1.758927111
2115.98 secs, 167 evals, 103 steps, improv/step: 0.427 (last = 1.0000), fitness=1.758927111
2129.72 secs, 168 evals, 104 steps, improv/step: 0.423 (last = 0.0000), fitness=1.758927111
2152.53 secs, 170 evals, 105 steps, improv/step: 0.419 (last = 0.0000), fitness=1.663752896
2161.40 secs, 172 evals, 106 steps, improv/step: 0.425 (last = 1.0000), fitness=1.663752896
2174.88 secs, 174 evals, 107 steps, improv/step: 0.430 (last = 1.0000), fitness=1.663752896
2189.21 secs, 175 evals, 108 steps, improv/step: 0.426 (last = 0.0000), fitness=1.663752896
2212.62 secs, 177 evals, 109 steps, improv/step: 0.431 (last = 1.0000), fitness=1.063626821
2236.18 secs, 179 evals, 110 steps, improv/step: 0.436 (last = 1.0000), fitness=1.063626821
2248.94 secs, 180 evals, 111 steps, improv/step: 0.432 (last = 0.0000), fitness=1.063626821
2263.18 secs, 181 evals, 112 steps, improv/step: 0.429 (last = 0.0000), fitness=1.063626821
2276.06 secs, 182 evals, 113 steps, improv/step: 0.425 (last = 0.0000), fitness=1.063626821
2290.54 secs, 183 evals, 114 steps, improv/step: 0.421 (last = 0.0000), fitness=1.063626821
2319.13 secs, 185 evals, 115 steps, improv/step: 0.426 (last = 1.0000), fitness=1.063626821
2340.49 secs, 187 evals, 116 steps, improv/step: 0.422 (last = 0.0000), fitness=1.063626821
2345.21 secs, 188 evals, 117 steps, improv/step: 0.427 (last = 1.0000), fitness=1.063626821
2357.69 secs, 189 evals, 118 steps, improv/step: 0.432 (last = 1.0000), fitness=1.063626821
2369.73 secs, 190 evals, 119 steps, improv/step: 0.429 (last = 0.0000), fitness=1.063626821
2379.03 secs, 191 evals, 120 steps, improv/step: 0.433 (last = 1.0000), fitness=1.063626821
2385.72 secs, 192 evals, 121 steps, improv/step: 0.430 (last = 0.0000), fitness=1.063626821
2399.80 secs, 193 evals, 122 steps, improv/step: 0.426 (last = 0.0000), fitness=1.063626821
2413.63 secs, 194 evals, 123 steps, improv/step: 0.423 (last = 0.0000), fitness=1.063626821
2427.45 secs, 195 evals, 124 steps, improv/step: 0.427 (last = 1.0000), fitness=1.063626821
2441.31 secs, 196 evals, 125 steps, improv/step: 0.424 (last = 0.0000), fitness=1.063626821
2455.07 secs, 197 evals, 126 steps, improv/step: 0.421 (last = 0.0000), fitness=1.063626821
2468.98 secs, 198 evals, 127 steps, improv/step: 0.417 (last = 0.0000), fitness=1.063626821
2481.57 secs, 199 evals, 128 steps, improv/step: 0.422 (last = 1.0000), fitness=1.063626821
2492.77 secs, 200 evals, 129 steps, improv/step: 0.419 (last = 0.0000), fitness=1.063626821
2517.90 secs, 202 evals, 130 steps, improv/step: 0.423 (last = 1.0000), fitness=1.063626821
2531.96 secs, 203 evals, 131 steps, improv/step: 0.420 (last = 0.0000), fitness=1.063626821
2559.27 secs, 205 evals, 132 steps, improv/step: 0.417 (last = 0.0000), fitness=1.063626821
2572.26 secs, 206 evals, 133 steps, improv/step: 0.414 (last = 0.0000), fitness=1.063626821
2586.04 secs, 207 evals, 134 steps, improv/step: 0.410 (last = 0.0000), fitness=1.063626821
2593.05 secs, 208 evals, 135 steps, improv/step: 0.415 (last = 1.0000), fitness=1.063626821
2602.53 secs, 209 evals, 136 steps, improv/step: 0.419 (last = 1.0000), fitness=1.063626821
2614.26 secs, 210 evals, 137 steps, improv/step: 0.416 (last = 0.0000), fitness=1.063626821
2627.68 secs, 212 evals, 138 steps, improv/step: 0.413 (last = 0.0000), fitness=1.063626821
2637.15 secs, 213 evals, 139 steps, improv/step: 0.417 (last = 1.0000), fitness=1.063626821
2663.83 secs, 215 evals, 140 steps, improv/step: 0.414 (last = 0.0000), fitness=1.063626821
2672.88 secs, 216 evals, 141 steps, improv/step: 0.418 (last = 1.0000), fitness=1.063626821
2677.57 secs, 217 evals, 142 steps, improv/step: 0.415 (last = 0.0000), fitness=1.063626821
2699.68 secs, 219 evals, 143 steps, improv/step: 0.413 (last = 0.0000), fitness=1.063626821
2711.43 secs, 220 evals, 144 steps, improv/step: 0.410 (last = 0.0000), fitness=1.063626821
2715.87 secs, 221 evals, 145 steps, improv/step: 0.407 (last = 0.0000), fitness=1.063626821
2730.06 secs, 222 evals, 146 steps, improv/step: 0.404 (last = 0.0000), fitness=1.063626821
2756.38 secs, 224 evals, 147 steps, improv/step: 0.408 (last = 1.0000), fitness=1.063626821
2767.21 secs, 225 evals, 148 steps, improv/step: 0.405 (last = 0.0000), fitness=1.063626821
2772.36 secs, 226 evals, 149 steps, improv/step: 0.403 (last = 0.0000), fitness=1.063626821
2785.46 secs, 227 evals, 150 steps, improv/step: 0.400 (last = 0.0000), fitness=1.063626821
2795.97 secs, 228 evals, 151 steps, improv/step: 0.404 (last = 1.0000), fitness=1.063626821
2819.38 secs, 230 evals, 152 steps, improv/step: 0.408 (last = 1.0000), fitness=1.063626821
2832.14 secs, 231 evals, 153 steps, improv/step: 0.405 (last = 0.0000), fitness=1.063626821
2846.10 secs, 232 evals, 154 steps, improv/step: 0.403 (last = 0.0000), fitness=1.063626821
2850.74 secs, 233 evals, 155 steps, improv/step: 0.406 (last = 1.0000), fitness=1.063626821
2860.07 secs, 234 evals, 156 steps, improv/step: 0.410 (last = 1.0000), fitness=1.063626821
2868.15 secs, 235 evals, 157 steps, improv/step: 0.414 (last = 1.0000), fitness=1.063626821
2882.43 secs, 236 evals, 158 steps, improv/step: 0.411 (last = 0.0000), fitness=1.063626821
2894.58 secs, 237 evals, 159 steps, improv/step: 0.409 (last = 0.0000), fitness=1.063626821
2904.37 secs, 238 evals, 160 steps, improv/step: 0.412 (last = 1.0000), fitness=1.063626821
2915.36 secs, 239 evals, 161 steps, improv/step: 0.416 (last = 1.0000), fitness=1.063626821
2925.72 secs, 240 evals, 162 steps, improv/step: 0.420 (last = 1.0000), fitness=1.063626821
2939.65 secs, 241 evals, 163 steps, improv/step: 0.417 (last = 0.0000), fitness=1.063626821
2950.30 secs, 242 evals, 164 steps, improv/step: 0.415 (last = 0.0000), fitness=1.063626821
2960.31 secs, 243 evals, 165 steps, improv/step: 0.418 (last = 1.0000), fitness=1.063626821
2973.13 secs, 244 evals, 166 steps, improv/step: 0.416 (last = 0.0000), fitness=1.063626821
2977.57 secs, 245 evals, 167 steps, improv/step: 0.413 (last = 0.0000), fitness=1.063626821
2990.54 secs, 246 evals, 168 steps, improv/step: 0.411 (last = 0.0000), fitness=1.063626821
2999.23 secs, 247 evals, 169 steps, improv/step: 0.408 (last = 0.0000), fitness=1.063626821
3010.90 secs, 248 evals, 170 steps, improv/step: 0.406 (last = 0.0000), fitness=1.063626821
3025.27 secs, 249 evals, 171 steps, improv/step: 0.404 (last = 0.0000), fitness=1.063626821
3038.02 secs, 250 evals, 172 steps, improv/step: 0.401 (last = 0.0000), fitness=1.063626821
3044.50 secs, 251 evals, 173 steps, improv/step: 0.399 (last = 0.0000), fitness=1.063626821
3058.62 secs, 252 evals, 174 steps, improv/step: 0.397 (last = 0.0000), fitness=1.063626821
3075.21 secs, 254 evals, 175 steps, improv/step: 0.394 (last = 0.0000), fitness=1.063626821
3089.23 secs, 255 evals, 176 steps, improv/step: 0.398 (last = 1.0000), fitness=1.063626821
3093.84 secs, 256 evals, 177 steps, improv/step: 0.395 (last = 0.0000), fitness=1.063626821
3107.62 secs, 257 evals, 178 steps, improv/step: 0.399 (last = 1.0000), fitness=1.063626821
3117.80 secs, 258 evals, 179 steps, improv/step: 0.397 (last = 0.0000), fitness=1.063626821
3132.32 secs, 259 evals, 180 steps, improv/step: 0.394 (last = 0.0000), fitness=1.063626821
3146.76 secs, 260 evals, 181 steps, improv/step: 0.392 (last = 0.0000), fitness=1.063626821
3159.52 secs, 261 evals, 182 steps, improv/step: 0.390 (last = 0.0000), fitness=1.063626821
3165.12 secs, 262 evals, 183 steps, improv/step: 0.393 (last = 1.0000), fitness=1.063626821
3176.09 secs, 263 evals, 184 steps, improv/step: 0.397 (last = 1.0000), fitness=1.063626821
3202.77 secs, 265 evals, 185 steps, improv/step: 0.400 (last = 1.0000), fitness=1.063626821
3227.75 secs, 267 evals, 186 steps, improv/step: 0.403 (last = 1.0000), fitness=1.063626821
3239.27 secs, 268 evals, 187 steps, improv/step: 0.406 (last = 1.0000), fitness=1.063626821
3251.68 secs, 269 evals, 188 steps, improv/step: 0.404 (last = 0.0000), fitness=1.063626821
3262.12 secs, 270 evals, 189 steps, improv/step: 0.402 (last = 0.0000), fitness=1.063626821
3276.22 secs, 271 evals, 190 steps, improv/step: 0.405 (last = 1.0000), fitness=1.063626821
3288.85 secs, 272 evals, 191 steps, improv/step: 0.408 (last = 1.0000), fitness=1.063626821
3297.79 secs, 273 evals, 192 steps, improv/step: 0.406 (last = 0.0000), fitness=1.063626821
3319.96 secs, 275 evals, 193 steps, improv/step: 0.404 (last = 0.0000), fitness=1.063626821
3330.46 secs, 276 evals, 194 steps, improv/step: 0.402 (last = 0.0000), fitness=1.063626821
3355.74 secs, 278 evals, 195 steps, improv/step: 0.405 (last = 1.0000), fitness=1.063626821
3363.04 secs, 279 evals, 196 steps, improv/step: 0.403 (last = 0.0000), fitness=1.063626821
3372.09 secs, 280 evals, 197 steps, improv/step: 0.406 (last = 1.0000), fitness=1.063626821
3381.77 secs, 281 evals, 198 steps, improv/step: 0.409 (last = 1.0000), fitness=1.063626821
3392.57 secs, 282 evals, 199 steps, improv/step: 0.407 (last = 0.0000), fitness=1.063626821
3403.11 secs, 283 evals, 200 steps, improv/step: 0.405 (last = 0.0000), fitness=1.063626821
3415.38 secs, 284 evals, 201 steps, improv/step: 0.408 (last = 1.0000), fitness=1.063626821
3422.96 secs, 285 evals, 202 steps, improv/step: 0.406 (last = 0.0000), fitness=1.063626821
3433.39 secs, 286 evals, 203 steps, improv/step: 0.404 (last = 0.0000), fitness=1.063626821
3440.55 secs, 287 evals, 204 steps, improv/step: 0.402 (last = 0.0000), fitness=1.063626821
3452.44 secs, 288 evals, 205 steps, improv/step: 0.400 (last = 0.0000), fitness=1.063626821
3459.95 secs, 289 evals, 206 steps, improv/step: 0.398 (last = 0.0000), fitness=1.063626821
3473.11 secs, 290 evals, 207 steps, improv/step: 0.401 (last = 1.0000), fitness=1.063626821
3484.71 secs, 291 evals, 208 steps, improv/step: 0.399 (last = 0.0000), fitness=1.063626821
3495.93 secs, 292 evals, 209 steps, improv/step: 0.402 (last = 1.0000), fitness=1.063626821
3518.23 secs, 294 evals, 210 steps, improv/step: 0.400 (last = 0.0000), fitness=1.063626821
3546.41 secs, 296 evals, 211 steps, improv/step: 0.403 (last = 1.0000), fitness=1.063626821
3560.23 secs, 297 evals, 212 steps, improv/step: 0.401 (last = 0.0000), fitness=1.063626821
3572.00 secs, 298 evals, 213 steps, improv/step: 0.399 (last = 0.0000), fitness=1.063626821
3577.34 secs, 299 evals, 214 steps, improv/step: 0.397 (last = 0.0000), fitness=1.063626821
3587.72 secs, 300 evals, 215 steps, improv/step: 0.395 (last = 0.0000), fitness=1.063626821
3598.05 secs, 301 evals, 216 steps, improv/step: 0.398 (last = 1.0000), fitness=1.063626821
3608.30 secs, 302 evals, 217 steps, improv/step: 0.401 (last = 1.0000), fitness=1.063626821
3620.96 secs, 303 evals, 218 steps, improv/step: 0.399 (last = 0.0000), fitness=1.063626821
3634.32 secs, 304 evals, 219 steps, improv/step: 0.397 (last = 0.0000), fitness=1.063626821
3642.05 secs, 305 evals, 220 steps, improv/step: 0.395 (last = 0.0000), fitness=1.063626821
3654.46 secs, 306 evals, 221 steps, improv/step: 0.398 (last = 1.0000), fitness=1.063626821
3675.51 secs, 308 evals, 222 steps, improv/step: 0.396 (last = 0.0000), fitness=1.063626821
3693.03 secs, 310 evals, 223 steps, improv/step: 0.395 (last = 0.0000), fitness=1.063626821
3704.25 secs, 311 evals, 224 steps, improv/step: 0.393 (last = 0.0000), fitness=1.063626821
3712.47 secs, 312 evals, 225 steps, improv/step: 0.396 (last = 1.0000), fitness=1.063626821
3723.71 secs, 313 evals, 226 steps, improv/step: 0.394 (last = 0.0000), fitness=1.063626821
3731.99 secs, 314 evals, 227 steps, improv/step: 0.392 (last = 0.0000), fitness=1.063626821
3745.03 secs, 315 evals, 228 steps, improv/step: 0.395 (last = 1.0000), fitness=1.063626821
3758.08 secs, 316 evals, 229 steps, improv/step: 0.393 (last = 0.0000), fitness=1.063626821
3769.31 secs, 317 evals, 230 steps, improv/step: 0.396 (last = 1.0000), fitness=1.063626821
3782.97 secs, 318 evals, 231 steps, improv/step: 0.394 (last = 0.0000), fitness=1.063626821
3796.05 secs, 319 evals, 232 steps, improv/step: 0.397 (last = 1.0000), fitness=1.063626821
3809.99 secs, 320 evals, 233 steps, improv/step: 0.395 (last = 0.0000), fitness=1.063626821
3822.29 secs, 321 evals, 234 steps, improv/step: 0.397 (last = 1.0000), fitness=1.063626821
3829.74 secs, 322 evals, 235 steps, improv/step: 0.396 (last = 0.0000), fitness=1.063626821
3837.24 secs, 323 evals, 236 steps, improv/step: 0.394 (last = 0.0000), fitness=1.063626821
3850.79 secs, 324 evals, 237 steps, improv/step: 0.392 (last = 0.0000), fitness=1.063626821
3858.66 secs, 325 evals, 238 steps, improv/step: 0.395 (last = 1.0000), fitness=1.063626821
3871.78 secs, 326 evals, 239 steps, improv/step: 0.393 (last = 0.0000), fitness=1.063626821
3885.05 secs, 327 evals, 240 steps, improv/step: 0.392 (last = 0.0000), fitness=1.063626821
3897.65 secs, 328 evals, 241 steps, improv/step: 0.390 (last = 0.0000), fitness=1.063626821
3908.98 secs, 329 evals, 242 steps, improv/step: 0.388 (last = 0.0000), fitness=1.063626821
3918.05 secs, 330 evals, 243 steps, improv/step: 0.387 (last = 0.0000), fitness=1.063626821
3926.84 secs, 331 evals, 244 steps, improv/step: 0.389 (last = 1.0000), fitness=1.063626821
3938.70 secs, 332 evals, 245 steps, improv/step: 0.388 (last = 0.0000), fitness=1.063626821
3944.94 secs, 333 evals, 246 steps, improv/step: 0.386 (last = 0.0000), fitness=1.063626821
3958.84 secs, 334 evals, 247 steps, improv/step: 0.385 (last = 0.0000), fitness=1.063626821
3971.81 secs, 335 evals, 248 steps, improv/step: 0.383 (last = 0.0000), fitness=1.063626821
3981.72 secs, 336 evals, 249 steps, improv/step: 0.382 (last = 0.0000), fitness=1.063626821
3994.82 secs, 337 evals, 250 steps, improv/step: 0.380 (last = 0.0000), fitness=1.063626821
4003.78 secs, 338 evals, 251 steps, improv/step: 0.382 (last = 1.0000), fitness=1.063626821
4018.02 secs, 339 evals, 252 steps, improv/step: 0.381 (last = 0.0000), fitness=1.063626821
4030.15 secs, 340 evals, 253 steps, improv/step: 0.383 (last = 1.0000), fitness=1.063626821
4037.82 secs, 341 evals, 254 steps, improv/step: 0.386 (last = 1.0000), fitness=1.063626821
4052.01 secs, 342 evals, 255 steps, improv/step: 0.384 (last = 0.0000), fitness=1.063626821
4063.61 secs, 343 evals, 256 steps, improv/step: 0.383 (last = 0.0000), fitness=1.063626821
4070.63 secs, 344 evals, 257 steps, improv/step: 0.385 (last = 1.0000), fitness=1.063626821
4077.39 secs, 345 evals, 258 steps, improv/step: 0.388 (last = 1.0000), fitness=1.063626821
4088.64 secs, 346 evals, 259 steps, improv/step: 0.390 (last = 1.0000), fitness=1.063626821
4095.00 secs, 347 evals, 260 steps, improv/step: 0.388 (last = 0.0000), fitness=1.063626821
4109.28 secs, 349 evals, 261 steps, improv/step: 0.387 (last = 0.0000), fitness=1.063626821
4121.89 secs, 350 evals, 262 steps, improv/step: 0.385 (last = 0.0000), fitness=1.063626821
4135.41 secs, 351 evals, 263 steps, improv/step: 0.384 (last = 0.0000), fitness=1.063626821
4145.96 secs, 352 evals, 264 steps, improv/step: 0.386 (last = 1.0000), fitness=1.063626821
4152.49 secs, 353 evals, 265 steps, improv/step: 0.389 (last = 1.0000), fitness=1.063626821
4164.63 secs, 354 evals, 266 steps, improv/step: 0.387 (last = 0.0000), fitness=1.063626821
4173.92 secs, 355 evals, 267 steps, improv/step: 0.390 (last = 1.0000), fitness=1.063626821
4186.26 secs, 356 evals, 268 steps, improv/step: 0.388 (last = 0.0000), fitness=1.063626821
4194.74 secs, 357 evals, 269 steps, improv/step: 0.387 (last = 0.0000), fitness=1.063626821
4199.19 secs, 358 evals, 270 steps, improv/step: 0.385 (last = 0.0000), fitness=1.063626821
4205.72 secs, 359 evals, 271 steps, improv/step: 0.384 (last = 0.0000), fitness=1.063626821
4217.24 secs, 360 evals, 272 steps, improv/step: 0.382 (last = 0.0000), fitness=1.063626821
4228.21 secs, 361 evals, 273 steps, improv/step: 0.385 (last = 1.0000), fitness=1.063626821
4238.99 secs, 362 evals, 274 steps, improv/step: 0.387 (last = 1.0000), fitness=1.063626821
4251.71 secs, 363 evals, 275 steps, improv/step: 0.385 (last = 0.0000), fitness=1.063626821
4265.47 secs, 364 evals, 276 steps, improv/step: 0.384 (last = 0.0000), fitness=1.063626821
4276.38 secs, 365 evals, 277 steps, improv/step: 0.383 (last = 0.0000), fitness=1.063626821
4284.70 secs, 366 evals, 278 steps, improv/step: 0.385 (last = 1.0000), fitness=1.063626821
4296.29 secs, 367 evals, 279 steps, improv/step: 0.384 (last = 0.0000), fitness=1.063626821
4304.16 secs, 368 evals, 280 steps, improv/step: 0.386 (last = 1.0000), fitness=1.063626821
4317.05 secs, 369 evals, 281 steps, improv/step: 0.384 (last = 0.0000), fitness=1.063626821
4330.42 secs, 370 evals, 282 steps, improv/step: 0.383 (last = 0.0000), fitness=1.063626821
4338.57 secs, 371 evals, 283 steps, improv/step: 0.385 (last = 1.0000), fitness=1.063626821
4351.50 secs, 372 evals, 284 steps, improv/step: 0.384 (last = 0.0000), fitness=1.063626821
4359.69 secs, 373 evals, 285 steps, improv/step: 0.386 (last = 1.0000), fitness=1.063626821
4373.95 secs, 375 evals, 286 steps, improv/step: 0.388 (last = 1.0000), fitness=1.063626821
4386.27 secs, 376 evals, 287 steps, improv/step: 0.390 (last = 1.0000), fitness=1.063626821
4395.69 secs, 377 evals, 288 steps, improv/step: 0.392 (last = 1.0000), fitness=1.063626821
4405.95 secs, 378 evals, 289 steps, improv/step: 0.394 (last = 1.0000), fitness=1.063626821
4419.42 secs, 379 evals, 290 steps, improv/step: 0.393 (last = 0.0000), fitness=1.063626821
4430.03 secs, 380 evals, 291 steps, improv/step: 0.392 (last = 0.0000), fitness=1.063626821
4441.03 secs, 381 evals, 292 steps, improv/step: 0.390 (last = 0.0000), fitness=1.063626821
4446.53 secs, 382 evals, 293 steps, improv/step: 0.389 (last = 0.0000), fitness=1.063626821
4457.49 secs, 383 evals, 294 steps, improv/step: 0.388 (last = 0.0000), fitness=1.063626821
4464.46 secs, 384 evals, 295 steps, improv/step: 0.386 (last = 0.0000), fitness=1.063626821
4470.01 secs, 385 evals, 296 steps, improv/step: 0.385 (last = 0.0000), fitness=1.063626821
4481.77 secs, 386 evals, 297 steps, improv/step: 0.384 (last = 0.0000), fitness=1.063626821
4494.02 secs, 387 evals, 298 steps, improv/step: 0.386 (last = 1.0000), fitness=1.063626821
4503.93 secs, 388 evals, 299 steps, improv/step: 0.388 (last = 1.0000), fitness=1.063626821
4514.41 secs, 389 evals, 300 steps, improv/step: 0.387 (last = 0.0000), fitness=1.063626821
4524.54 secs, 390 evals, 301 steps, improv/step: 0.389 (last = 1.0000), fitness=1.063626821
4543.76 secs, 392 evals, 302 steps, improv/step: 0.387 (last = 0.0000), fitness=1.063626821
4549.70 secs, 393 evals, 303 steps, improv/step: 0.386 (last = 0.0000), fitness=1.063626821
4555.87 secs, 394 evals, 304 steps, improv/step: 0.385 (last = 0.0000), fitness=1.063626821
4565.34 secs, 395 evals, 305 steps, improv/step: 0.387 (last = 1.0000), fitness=1.063626821
4575.42 secs, 396 evals, 306 steps, improv/step: 0.389 (last = 1.0000), fitness=1.063626821
4589.59 secs, 397 evals, 307 steps, improv/step: 0.388 (last = 0.0000), fitness=1.063626821
4598.99 secs, 398 evals, 308 steps, improv/step: 0.390 (last = 1.0000), fitness=1.063626821
4611.50 secs, 399 evals, 309 steps, improv/step: 0.388 (last = 0.0000), fitness=1.063626821
4618.88 secs, 400 evals, 310 steps, improv/step: 0.387 (last = 0.0000), fitness=1.063626821
4639.59 secs, 402 evals, 311 steps, improv/step: 0.386 (last = 0.0000), fitness=1.063626821
4649.74 secs, 403 evals, 312 steps, improv/step: 0.385 (last = 0.0000), fitness=1.063626821
4661.04 secs, 404 evals, 313 steps, improv/step: 0.383 (last = 0.0000), fitness=1.063626821
4673.52 secs, 405 evals, 314 steps, improv/step: 0.382 (last = 0.0000), fitness=1.063626821
4681.65 secs, 406 evals, 315 steps, improv/step: 0.381 (last = 0.0000), fitness=1.063626821
4692.24 secs, 407 evals, 316 steps, improv/step: 0.380 (last = 0.0000), fitness=1.063626821
4697.46 secs, 408 evals, 317 steps, improv/step: 0.379 (last = 0.0000), fitness=1.063626821
4707.17 secs, 409 evals, 318 steps, improv/step: 0.381 (last = 1.0000), fitness=1.063626821
4713.57 secs, 410 evals, 319 steps, improv/step: 0.379 (last = 0.0000), fitness=1.063626821
4720.28 secs, 411 evals, 320 steps, improv/step: 0.378 (last = 0.0000), fitness=1.063626821
4728.47 secs, 412 evals, 321 steps, improv/step: 0.380 (last = 1.0000), fitness=1.063626821
4739.09 secs, 413 evals, 322 steps, improv/step: 0.379 (last = 0.0000), fitness=1.063626821
4747.73 secs, 414 evals, 323 steps, improv/step: 0.381 (last = 1.0000), fitness=1.063626821
4758.38 secs, 415 evals, 324 steps, improv/step: 0.383 (last = 1.0000), fitness=1.063626821
4766.20 secs, 416 evals, 325 steps, improv/step: 0.382 (last = 0.0000), fitness=1.063626821
4773.69 secs, 417 evals, 326 steps, improv/step: 0.380 (last = 0.0000), fitness=1.063626821
4785.75 secs, 418 evals, 327 steps, improv/step: 0.379 (last = 0.0000), fitness=1.063626821
4794.11 secs, 419 evals, 328 steps, improv/step: 0.378 (last = 0.0000), fitness=1.063626821
4805.17 secs, 420 evals, 329 steps, improv/step: 0.377 (last = 0.0000), fitness=1.063626821
4817.66 secs, 421 evals, 330 steps, improv/step: 0.376 (last = 0.0000), fitness=1.063626821
4829.49 secs, 422 evals, 331 steps, improv/step: 0.375 (last = 0.0000), fitness=1.063626821
4835.60 secs, 423 evals, 332 steps, improv/step: 0.373 (last = 0.0000), fitness=1.063626821
4842.96 secs, 424 evals, 333 steps, improv/step: 0.372 (last = 0.0000), fitness=1.063626821
4851.65 secs, 425 evals, 334 steps, improv/step: 0.374 (last = 1.0000), fitness=1.063626821
4865.17 secs, 426 evals, 335 steps, improv/step: 0.373 (last = 0.0000), fitness=1.063626821
4878.23 secs, 427 evals, 336 steps, improv/step: 0.372 (last = 0.0000), fitness=1.063626821
4888.40 secs, 428 evals, 337 steps, improv/step: 0.371 (last = 0.0000), fitness=1.063626821
4894.55 secs, 429 evals, 338 steps, improv/step: 0.370 (last = 0.0000), fitness=1.063626821
4900.52 secs, 430 evals, 339 steps, improv/step: 0.369 (last = 0.0000), fitness=1.063626821
4907.51 secs, 431 evals, 340 steps, improv/step: 0.368 (last = 0.0000), fitness=1.063626821
4918.25 secs, 432 evals, 341 steps, improv/step: 0.367 (last = 0.0000), fitness=1.063626821
4931.04 secs, 433 evals, 342 steps, improv/step: 0.365 (last = 0.0000), fitness=1.063626821
4939.76 secs, 434 evals, 343 steps, improv/step: 0.364 (last = 0.0000), fitness=1.063626821
4948.23 secs, 435 evals, 344 steps, improv/step: 0.363 (last = 0.0000), fitness=1.063626821
4954.31 secs, 436 evals, 345 steps, improv/step: 0.362 (last = 0.0000), fitness=1.063626821
4971.24 secs, 438 evals, 346 steps, improv/step: 0.361 (last = 0.0000), fitness=1.063626821
4980.99 secs, 439 evals, 347 steps, improv/step: 0.363 (last = 1.0000), fitness=1.063626821
4986.58 secs, 440 evals, 348 steps, improv/step: 0.362 (last = 0.0000), fitness=1.063626821
4996.92 secs, 441 evals, 349 steps, improv/step: 0.361 (last = 0.0000), fitness=1.063626821
5005.88 secs, 442 evals, 350 steps, improv/step: 0.360 (last = 0.0000), fitness=1.063626821
5016.05 secs, 443 evals, 351 steps, improv/step: 0.359 (last = 0.0000), fitness=1.063626821
5027.06 secs, 444 evals, 352 steps, improv/step: 0.358 (last = 0.0000), fitness=1.063626821
5035.20 secs, 445 evals, 353 steps, improv/step: 0.360 (last = 1.0000), fitness=1.063626821
5043.17 secs, 446 evals, 354 steps, improv/step: 0.362 (last = 1.0000), fitness=1.063626821
5051.63 secs, 447 evals, 355 steps, improv/step: 0.363 (last = 1.0000), fitness=1.063626821
5061.58 secs, 448 evals, 356 steps, improv/step: 0.362 (last = 0.0000), fitness=1.063626821
5072.25 secs, 449 evals, 357 steps, improv/step: 0.361 (last = 0.0000), fitness=1.063626821
5089.42 secs, 451 evals, 358 steps, improv/step: 0.363 (last = 1.0000), fitness=1.063626821
5108.26 secs, 453 evals, 359 steps, improv/step: 0.362 (last = 0.0000), fitness=1.063626821
5116.05 secs, 454 evals, 360 steps, improv/step: 0.361 (last = 0.0000), fitness=1.063626821
5126.28 secs, 455 evals, 361 steps, improv/step: 0.360 (last = 0.0000), fitness=1.063626821
5134.77 secs, 456 evals, 362 steps, improv/step: 0.362 (last = 1.0000), fitness=1.063626821
5140.57 secs, 457 evals, 363 steps, improv/step: 0.361 (last = 0.0000), fitness=1.063626821
5150.35 secs, 458 evals, 364 steps, improv/step: 0.363 (last = 1.0000), fitness=1.063626821
5159.15 secs, 459 evals, 365 steps, improv/step: 0.364 (last = 1.0000), fitness=1.063626821
5166.94 secs, 460 evals, 366 steps, improv/step: 0.366 (last = 1.0000), fitness=1.063626821
5175.89 secs, 461 evals, 367 steps, improv/step: 0.365 (last = 0.0000), fitness=1.063626821
5186.55 secs, 462 evals, 368 steps, improv/step: 0.364 (last = 0.0000), fitness=1.063626821
5197.94 secs, 463 evals, 369 steps, improv/step: 0.363 (last = 0.0000), fitness=1.063626821
5205.89 secs, 464 evals, 370 steps, improv/step: 0.362 (last = 0.0000), fitness=1.063626821
5212.47 secs, 465 evals, 371 steps, improv/step: 0.361 (last = 0.0000), fitness=1.063626821
5222.05 secs, 466 evals, 372 steps, improv/step: 0.360 (last = 0.0000), fitness=1.063626821
5229.87 secs, 467 evals, 373 steps, improv/step: 0.362 (last = 1.0000), fitness=1.063626821
5236.92 secs, 468 evals, 374 steps, improv/step: 0.361 (last = 0.0000), fitness=1.063626821
5249.32 secs, 469 evals, 375 steps, improv/step: 0.360 (last = 0.0000), fitness=1.063626821
5257.76 secs, 470 evals, 376 steps, improv/step: 0.359 (last = 0.0000), fitness=1.063626821
5262.72 secs, 471 evals, 377 steps, improv/step: 0.358 (last = 0.0000), fitness=1.063626821
5268.38 secs, 472 evals, 378 steps, improv/step: 0.357 (last = 0.0000), fitness=1.063626821
5280.40 secs, 473 evals, 379 steps, improv/step: 0.356 (last = 0.0000), fitness=1.063626821
5288.15 secs, 474 evals, 380 steps, improv/step: 0.355 (last = 0.0000), fitness=1.063626821
5295.09 secs, 475 evals, 381 steps, improv/step: 0.354 (last = 0.0000), fitness=1.063626821
5305.44 secs, 476 evals, 382 steps, improv/step: 0.353 (last = 0.0000), fitness=1.063626821
5314.46 secs, 477 evals, 383 steps, improv/step: 0.352 (last = 0.0000), fitness=1.063626821
5321.78 secs, 478 evals, 384 steps, improv/step: 0.352 (last = 0.0000), fitness=1.063626821
5332.82 secs, 479 evals, 385 steps, improv/step: 0.351 (last = 0.0000), fitness=1.063626821
5339.71 secs, 480 evals, 386 steps, improv/step: 0.350 (last = 0.0000), fitness=1.063626821
5347.77 secs, 481 evals, 387 steps, improv/step: 0.351 (last = 1.0000), fitness=1.063626821
5356.01 secs, 482 evals, 388 steps, improv/step: 0.351 (last = 0.0000), fitness=1.063626821
5369.00 secs, 483 evals, 389 steps, improv/step: 0.350 (last = 0.0000), fitness=1.063626821
5388.83 secs, 485 evals, 390 steps, improv/step: 0.349 (last = 0.0000), fitness=1.063626821
5396.84 secs, 486 evals, 391 steps, improv/step: 0.348 (last = 0.0000), fitness=1.063626821
5407.96 secs, 487 evals, 392 steps, improv/step: 0.347 (last = 0.0000), fitness=1.063626821
5419.22 secs, 488 evals, 393 steps, improv/step: 0.346 (last = 0.0000), fitness=1.063626821
5431.10 secs, 489 evals, 394 steps, improv/step: 0.345 (last = 0.0000), fitness=1.063626821
5441.26 secs, 490 evals, 395 steps, improv/step: 0.347 (last = 1.0000), fitness=1.063626821
5449.60 secs, 491 evals, 396 steps, improv/step: 0.348 (last = 1.0000), fitness=1.063626821
5459.48 secs, 492 evals, 397 steps, improv/step: 0.350 (last = 1.0000), fitness=1.063626821
5468.70 secs, 493 evals, 398 steps, improv/step: 0.352 (last = 1.0000), fitness=1.063626821
5479.23 secs, 494 evals, 399 steps, improv/step: 0.353 (last = 1.0000), fitness=1.063626821
5487.34 secs, 495 evals, 400 steps, improv/step: 0.352 (last = 0.0000), fitness=1.063626821
5493.66 secs, 496 evals, 401 steps, improv/step: 0.352 (last = 0.0000), fitness=1.063626821
5503.64 secs, 497 evals, 402 steps, improv/step: 0.351 (last = 0.0000), fitness=1.063626821
5508.27 secs, 498 evals, 403 steps, improv/step: 0.350 (last = 0.0000), fitness=1.063626821
5526.41 secs, 500 evals, 404 steps, improv/step: 0.351 (last = 1.0000), fitness=1.063626821
5539.16 secs, 501 evals, 405 steps, improv/step: 0.351 (last = 0.0000), fitness=1.063626821
5550.54 secs, 502 evals, 406 steps, improv/step: 0.350 (last = 0.0000), fitness=1.063626821
5558.49 secs, 503 evals, 407 steps, improv/step: 0.351 (last = 1.0000), fitness=1.063626821
5568.66 secs, 504 evals, 408 steps, improv/step: 0.350 (last = 0.0000), fitness=1.063626821
5578.66 secs, 505 evals, 409 steps, improv/step: 0.350 (last = 0.0000), fitness=1.063626821
5588.84 secs, 506 evals, 410 steps, improv/step: 0.349 (last = 0.0000), fitness=1.063626821
5598.45 secs, 507 evals, 411 steps, improv/step: 0.348 (last = 0.0000), fitness=1.063626821
5607.79 secs, 508 evals, 412 steps, improv/step: 0.347 (last = 0.0000), fitness=1.063626821
5617.22 secs, 509 evals, 413 steps, improv/step: 0.349 (last = 1.0000), fitness=1.063626821
5629.76 secs, 510 evals, 414 steps, improv/step: 0.348 (last = 0.0000), fitness=1.063626821
5638.54 secs, 511 evals, 415 steps, improv/step: 0.349 (last = 1.0000), fitness=1.063626821
5651.45 secs, 512 evals, 416 steps, improv/step: 0.349 (last = 0.0000), fitness=1.063626821
5659.12 secs, 513 evals, 417 steps, improv/step: 0.348 (last = 0.0000), fitness=1.063626821
5667.91 secs, 514 evals, 418 steps, improv/step: 0.347 (last = 0.0000), fitness=1.063626821
5677.69 secs, 515 evals, 419 steps, improv/step: 0.346 (last = 0.0000), fitness=1.063626821
5685.35 secs, 516 evals, 420 steps, improv/step: 0.348 (last = 1.0000), fitness=1.063626821
5692.39 secs, 517 evals, 421 steps, improv/step: 0.347 (last = 0.0000), fitness=1.063626821
5705.31 secs, 518 evals, 422 steps, improv/step: 0.346 (last = 0.0000), fitness=1.063626821
5712.33 secs, 519 evals, 423 steps, improv/step: 0.345 (last = 0.0000), fitness=1.063626821
5724.47 secs, 520 evals, 424 steps, improv/step: 0.344 (last = 0.0000), fitness=1.063626821
5733.86 secs, 521 evals, 425 steps, improv/step: 0.346 (last = 1.0000), fitness=1.063626821
5744.16 secs, 522 evals, 426 steps, improv/step: 0.345 (last = 0.0000), fitness=1.063626821
5754.81 secs, 523 evals, 427 steps, improv/step: 0.347 (last = 1.0000), fitness=1.063626821
5761.24 secs, 524 evals, 428 steps, improv/step: 0.346 (last = 0.0000), fitness=1.063626821
5769.79 secs, 525 evals, 429 steps, improv/step: 0.347 (last = 1.0000), fitness=1.063626821
5778.73 secs, 526 evals, 430 steps, improv/step: 0.347 (last = 0.0000), fitness=1.063626821
5788.09 secs, 527 evals, 431 steps, improv/step: 0.346 (last = 0.0000), fitness=1.063626821
5795.37 secs, 528 evals, 432 steps, improv/step: 0.345 (last = 0.0000), fitness=1.063626821
5802.69 secs, 529 evals, 433 steps, improv/step: 0.344 (last = 0.0000), fitness=1.063626821
5813.33 secs, 530 evals, 434 steps, improv/step: 0.343 (last = 0.0000), fitness=1.063626821
5822.10 secs, 531 evals, 435 steps, improv/step: 0.345 (last = 1.0000), fitness=1.063626821
5830.05 secs, 532 evals, 436 steps, improv/step: 0.344 (last = 0.0000), fitness=1.063626821
5841.09 secs, 533 evals, 437 steps, improv/step: 0.343 (last = 0.0000), fitness=1.063626821
5852.06 secs, 534 evals, 438 steps, improv/step: 0.342 (last = 0.0000), fitness=1.063626821
5859.72 secs, 535 evals, 439 steps, improv/step: 0.344 (last = 1.0000), fitness=1.063626821
5869.81 secs, 536 evals, 440 steps, improv/step: 0.343 (last = 0.0000), fitness=1.063626821
5879.63 secs, 537 evals, 441 steps, improv/step: 0.345 (last = 1.0000), fitness=1.063626821
5890.43 secs, 538 evals, 442 steps, improv/step: 0.344 (last = 0.0000), fitness=1.063626821
5900.07 secs, 539 evals, 443 steps, improv/step: 0.345 (last = 1.0000), fitness=1.063626821
5909.90 secs, 540 evals, 444 steps, improv/step: 0.345 (last = 0.0000), fitness=1.063626821
5921.77 secs, 541 evals, 445 steps, improv/step: 0.346 (last = 1.0000), fitness=1.063626821
5930.32 secs, 542 evals, 446 steps, improv/step: 0.345 (last = 0.0000), fitness=1.063626821
5937.14 secs, 543 evals, 447 steps, improv/step: 0.345 (last = 0.0000), fitness=1.063626821
5947.62 secs, 544 evals, 448 steps, improv/step: 0.344 (last = 0.0000), fitness=1.063626821
5958.82 secs, 545 evals, 449 steps, improv/step: 0.343 (last = 0.0000), fitness=1.063626821
5969.14 secs, 546 evals, 450 steps, improv/step: 0.342 (last = 0.0000), fitness=1.063626821
5979.63 secs, 547 evals, 451 steps, improv/step: 0.341 (last = 0.0000), fitness=1.063626821
5991.38 secs, 548 evals, 452 steps, improv/step: 0.341 (last = 0.0000), fitness=1.063626821
5998.60 secs, 549 evals, 453 steps, improv/step: 0.340 (last = 0.0000), fitness=1.063626821
6009.64 secs, 550 evals, 454 steps, improv/step: 0.341 (last = 1.0000), fitness=1.063626821
6018.05 secs, 551 evals, 455 steps, improv/step: 0.341 (last = 0.0000), fitness=1.063626821
6028.29 secs, 552 evals, 456 steps, improv/step: 0.342 (last = 1.0000), fitness=1.063626821
6036.81 secs, 553 evals, 457 steps, improv/step: 0.344 (last = 1.0000), fitness=1.063626821
6044.66 secs, 554 evals, 458 steps, improv/step: 0.345 (last = 1.0000), fitness=1.063626821
6054.66 secs, 555 evals, 459 steps, improv/step: 0.344 (last = 0.0000), fitness=1.063626821
6064.06 secs, 556 evals, 460 steps, improv/step: 0.343 (last = 0.0000), fitness=1.063626821
6073.54 secs, 557 evals, 461 steps, improv/step: 0.343 (last = 0.0000), fitness=1.063626821
6092.11 secs, 559 evals, 462 steps, improv/step: 0.342 (last = 0.0000), fitness=1.063626821
6099.75 secs, 560 evals, 463 steps, improv/step: 0.341 (last = 0.0000), fitness=1.063626821
6108.33 secs, 561 evals, 464 steps, improv/step: 0.343 (last = 1.0000), fitness=1.063626821
6120.33 secs, 562 evals, 465 steps, improv/step: 0.342 (last = 0.0000), fitness=1.063626821
6129.13 secs, 563 evals, 466 steps, improv/step: 0.343 (last = 1.0000), fitness=1.063626821
6139.12 secs, 564 evals, 467 steps, improv/step: 0.345 (last = 1.0000), fitness=1.063626821
6149.08 secs, 565 evals, 468 steps, improv/step: 0.346 (last = 1.0000), fitness=1.063626821
6159.40 secs, 566 evals, 469 steps, improv/step: 0.345 (last = 0.0000), fitness=1.063626821
6167.45 secs, 567 evals, 470 steps, improv/step: 0.345 (last = 0.0000), fitness=1.063626821
6178.21 secs, 568 evals, 471 steps, improv/step: 0.346 (last = 1.0000), fitness=1.063626821
6189.06 secs, 569 evals, 472 steps, improv/step: 0.345 (last = 0.0000), fitness=1.063626821
6194.23 secs, 570 evals, 473 steps, improv/step: 0.345 (last = 0.0000), fitness=1.063626821
6202.39 secs, 571 evals, 474 steps, improv/step: 0.346 (last = 1.0000), fitness=1.063626821
6210.79 secs, 572 evals, 475 steps, improv/step: 0.347 (last = 1.0000), fitness=1.063626821
6219.56 secs, 573 evals, 476 steps, improv/step: 0.349 (last = 1.0000), fitness=1.063626821
6231.02 secs, 574 evals, 477 steps, improv/step: 0.348 (last = 0.0000), fitness=1.063626821
6241.88 secs, 575 evals, 478 steps, improv/step: 0.347 (last = 0.0000), fitness=1.063626821
6249.35 secs, 576 evals, 479 steps, improv/step: 0.347 (last = 0.0000), fitness=1.063626821
6257.08 secs, 577 evals, 480 steps, improv/step: 0.346 (last = 0.0000), fitness=1.063626821
6268.66 secs, 578 evals, 481 steps, improv/step: 0.345 (last = 0.0000), fitness=1.063626821
6286.39 secs, 580 evals, 482 steps, improv/step: 0.346 (last = 1.0000), fitness=1.063626821
6291.39 secs, 581 evals, 483 steps, improv/step: 0.346 (last = 0.0000), fitness=1.063626821
6301.90 secs, 582 evals, 484 steps, improv/step: 0.345 (last = 0.0000), fitness=1.063626821
6306.47 secs, 583 evals, 485 steps, improv/step: 0.344 (last = 0.0000), fitness=1.063626821
6318.97 secs, 584 evals, 486 steps, improv/step: 0.344 (last = 0.0000), fitness=1.063626821
6328.81 secs, 585 evals, 487 steps, improv/step: 0.343 (last = 0.0000), fitness=1.063626821
6338.40 secs, 586 evals, 488 steps, improv/step: 0.344 (last = 1.0000), fitness=1.063626821
6346.76 secs, 587 evals, 489 steps, improv/step: 0.346 (last = 1.0000), fitness=1.063626821
6355.31 secs, 588 evals, 490 steps, improv/step: 0.345 (last = 0.0000), fitness=1.063626821
6367.01 secs, 589 evals, 491 steps, improv/step: 0.344 (last = 0.0000), fitness=1.063626821
6375.74 secs, 590 evals, 492 steps, improv/step: 0.346 (last = 1.0000), fitness=1.063626821
6388.01 secs, 591 evals, 493 steps, improv/step: 0.345 (last = 0.0000), fitness=1.063626821
6398.55 secs, 592 evals, 494 steps, improv/step: 0.344 (last = 0.0000), fitness=1.063626821
6409.38 secs, 593 evals, 495 steps, improv/step: 0.343 (last = 0.0000), fitness=1.063626821
6420.48 secs, 594 evals, 496 steps, improv/step: 0.345 (last = 1.0000), fitness=1.063626821
6430.06 secs, 595 evals, 497 steps, improv/step: 0.346 (last = 1.0000), fitness=1.063626821
6441.11 secs, 596 evals, 498 steps, improv/step: 0.345 (last = 0.0000), fitness=1.063626821
6452.28 secs, 597 evals, 499 steps, improv/step: 0.345 (last = 0.0000), fitness=1.063626821
6460.16 secs, 598 evals, 500 steps, improv/step: 0.344 (last = 0.0000), fitness=1.063626821
6471.78 secs, 599 evals, 501 steps, improv/step: 0.343 (last = 0.0000), fitness=1.063626821
6482.00 secs, 600 evals, 502 steps, improv/step: 0.343 (last = 0.0000), fitness=1.063626821
6494.04 secs, 601 evals, 503 steps, improv/step: 0.344 (last = 1.0000), fitness=1.063626821
6501.60 secs, 602 evals, 504 steps, improv/step: 0.345 (last = 1.0000), fitness=1.063626821
6508.83 secs, 603 evals, 505 steps, improv/step: 0.345 (last = 0.0000), fitness=1.063626821
6516.13 secs, 604 evals, 506 steps, improv/step: 0.344 (last = 0.0000), fitness=1.063626821
6524.28 secs, 605 evals, 507 steps, improv/step: 0.343 (last = 0.0000), fitness=1.063626821
6528.85 secs, 606 evals, 508 steps, improv/step: 0.343 (last = 0.0000), fitness=1.063626821
6536.81 secs, 607 evals, 509 steps, improv/step: 0.344 (last = 1.0000), fitness=1.063626821
6546.16 secs, 608 evals, 510 steps, improv/step: 0.343 (last = 0.0000), fitness=1.063626821
6554.95 secs, 609 evals, 511 steps, improv/step: 0.342 (last = 0.0000), fitness=1.063626821
6564.29 secs, 610 evals, 512 steps, improv/step: 0.344 (last = 1.0000), fitness=1.063626821
6572.09 secs, 611 evals, 513 steps, improv/step: 0.343 (last = 0.0000), fitness=1.063626821
6579.53 secs, 612 evals, 514 steps, improv/step: 0.342 (last = 0.0000), fitness=1.063626821
6590.95 secs, 613 evals, 515 steps, improv/step: 0.342 (last = 0.0000), fitness=1.063626821
6598.52 secs, 614 evals, 516 steps, improv/step: 0.341 (last = 0.0000), fitness=1.063626821
6605.44 secs, 615 evals, 517 steps, improv/step: 0.340 (last = 0.0000), fitness=1.063626821
6614.19 secs, 616 evals, 518 steps, improv/step: 0.342 (last = 1.0000), fitness=1.063626821
6624.08 secs, 617 evals, 519 steps, improv/step: 0.341 (last = 0.0000), fitness=1.063626821
6630.56 secs, 618 evals, 520 steps, improv/step: 0.340 (last = 0.0000), fitness=1.063626821
6637.01 secs, 619 evals, 521 steps, improv/step: 0.340 (last = 0.0000), fitness=1.063626821
6644.57 secs, 620 evals, 522 steps, improv/step: 0.339 (last = 0.0000), fitness=1.063626821
6652.03 secs, 621 evals, 523 steps, improv/step: 0.338 (last = 0.0000), fitness=1.063626821
6665.37 secs, 622 evals, 524 steps, improv/step: 0.338 (last = 0.0000), fitness=1.063626821
6673.92 secs, 623 evals, 525 steps, improv/step: 0.337 (last = 0.0000), fitness=1.063626821
6683.13 secs, 624 evals, 526 steps, improv/step: 0.337 (last = 0.0000), fitness=1.063626821
6692.12 secs, 625 evals, 527 steps, improv/step: 0.338 (last = 1.0000), fitness=1.063626821
6700.40 secs, 626 evals, 528 steps, improv/step: 0.337 (last = 0.0000), fitness=1.063626821
6710.27 secs, 627 evals, 529 steps, improv/step: 0.336 (last = 0.0000), fitness=1.063626821
6718.68 secs, 628 evals, 530 steps, improv/step: 0.338 (last = 1.0000), fitness=1.063626821
6728.40 secs, 629 evals, 531 steps, improv/step: 0.339 (last = 1.0000), fitness=1.063626821
6739.08 secs, 630 evals, 532 steps, improv/step: 0.338 (last = 0.0000), fitness=1.063626821
6747.53 secs, 631 evals, 533 steps, improv/step: 0.338 (last = 0.0000), fitness=1.063626821
6755.70 secs, 632 evals, 534 steps, improv/step: 0.339 (last = 1.0000), fitness=1.063626821
6764.77 secs, 633 evals, 535 steps, improv/step: 0.338 (last = 0.0000), fitness=1.063626821
6776.81 secs, 634 evals, 536 steps, improv/step: 0.338 (last = 0.0000), fitness=1.063626821
6785.68 secs, 635 evals, 537 steps, improv/step: 0.339 (last = 1.0000), fitness=1.063626821
6794.22 secs, 636 evals, 538 steps, improv/step: 0.340 (last = 1.0000), fitness=1.063626821
6804.95 secs, 637 evals, 539 steps, improv/step: 0.340 (last = 0.0000), fitness=1.063626821
6811.68 secs, 638 evals, 540 steps, improv/step: 0.339 (last = 0.0000), fitness=1.063626821
6821.62 secs, 639 evals, 541 steps, improv/step: 0.338 (last = 0.0000), fitness=1.063626821
6834.62 secs, 640 evals, 542 steps, improv/step: 0.338 (last = 0.0000), fitness=1.063626821
6844.94 secs, 641 evals, 543 steps, improv/step: 0.337 (last = 0.0000), fitness=1.063626821
6854.56 secs, 642 evals, 544 steps, improv/step: 0.338 (last = 1.0000), fitness=1.063626821
6862.26 secs, 643 evals, 545 steps, improv/step: 0.338 (last = 0.0000), fitness=1.063626821
6874.56 secs, 644 evals, 546 steps, improv/step: 0.337 (last = 0.0000), fitness=1.063626821
6884.53 secs, 645 evals, 547 steps, improv/step: 0.336 (last = 0.0000), fitness=1.063626821
6893.26 secs, 646 evals, 548 steps, improv/step: 0.338 (last = 1.0000), fitness=1.063626821
6903.17 secs, 647 evals, 549 steps, improv/step: 0.339 (last = 1.0000), fitness=1.063626821
6909.87 secs, 648 evals, 550 steps, improv/step: 0.338 (last = 0.0000), fitness=1.063626821
6918.93 secs, 649 evals, 551 steps, improv/step: 0.339 (last = 1.0000), fitness=1.063626821
6928.27 secs, 650 evals, 552 steps, improv/step: 0.339 (last = 0.0000), fitness=1.063626821
6936.52 secs, 651 evals, 553 steps, improv/step: 0.338 (last = 0.0000), fitness=1.063626821
6946.80 secs, 652 evals, 554 steps, improv/step: 0.338 (last = 0.0000), fitness=1.063626821
6955.88 secs, 653 evals, 555 steps, improv/step: 0.339 (last = 1.0000), fitness=1.063626821
6965.30 secs, 654 evals, 556 steps, improv/step: 0.338 (last = 0.0000), fitness=1.063626821
6973.27 secs, 655 evals, 557 steps, improv/step: 0.339 (last = 1.0000), fitness=1.063626821
6983.60 secs, 656 evals, 558 steps, improv/step: 0.339 (last = 0.0000), fitness=1.063626821
6992.69 secs, 657 evals, 559 steps, improv/step: 0.338 (last = 0.0000), fitness=1.063626821
7001.89 secs, 658 evals, 560 steps, improv/step: 0.339 (last = 1.0000), fitness=1.063626821
7011.82 secs, 659 evals, 561 steps, improv/step: 0.340 (last = 1.0000), fitness=1.063626821
7016.81 secs, 660 evals, 562 steps, improv/step: 0.340 (last = 0.0000), fitness=1.063626821
7027.45 secs, 661 evals, 563 steps, improv/step: 0.339 (last = 0.0000), fitness=1.063626821
7035.05 secs, 662 evals, 564 steps, improv/step: 0.339 (last = 0.0000), fitness=1.063626821
7044.23 secs, 663 evals, 565 steps, improv/step: 0.338 (last = 0.0000), fitness=1.063626821
7054.05 secs, 664 evals, 566 steps, improv/step: 0.339 (last = 1.0000), fitness=1.063626821
7062.11 secs, 665 evals, 567 steps, improv/step: 0.339 (last = 0.0000), fitness=1.063626821
7068.76 secs, 666 evals, 568 steps, improv/step: 0.338 (last = 0.0000), fitness=1.063626821
7079.48 secs, 667 evals, 569 steps, improv/step: 0.337 (last = 0.0000), fitness=1.063626821
7089.32 secs, 668 evals, 570 steps, improv/step: 0.339 (last = 1.0000), fitness=1.063626821
7097.35 secs, 669 evals, 571 steps, improv/step: 0.338 (last = 0.0000), fitness=1.063626821
7108.07 secs, 670 evals, 572 steps, improv/step: 0.337 (last = 0.0000), fitness=1.063626821
7115.87 secs, 671 evals, 573 steps, improv/step: 0.337 (last = 0.0000), fitness=1.063626821
7125.42 secs, 672 evals, 574 steps, improv/step: 0.336 (last = 0.0000), fitness=1.063626821
7137.32 secs, 673 evals, 575 steps, improv/step: 0.336 (last = 0.0000), fitness=1.063626821
7147.27 secs, 674 evals, 576 steps, improv/step: 0.335 (last = 0.0000), fitness=1.063626821
7157.02 secs, 675 evals, 577 steps, improv/step: 0.336 (last = 1.0000), fitness=1.063626821
7166.76 secs, 676 evals, 578 steps, improv/step: 0.336 (last = 0.0000), fitness=1.063626821
7175.61 secs, 677 evals, 579 steps, improv/step: 0.337 (last = 1.0000), fitness=1.063626821
7185.65 secs, 678 evals, 580 steps, improv/step: 0.336 (last = 0.0000), fitness=1.063626821
7194.32 secs, 679 evals, 581 steps, improv/step: 0.337 (last = 1.0000), fitness=1.063626821
7204.51 secs, 680 evals, 582 steps, improv/step: 0.337 (last = 0.0000), fitness=1.063626821
7216.08 secs, 681 evals, 583 steps, improv/step: 0.336 (last = 0.0000), fitness=1.063626821
7225.89 secs, 682 evals, 584 steps, improv/step: 0.336 (last = 0.0000), fitness=1.063626821
7236.31 secs, 683 evals, 585 steps, improv/step: 0.335 (last = 0.0000), fitness=1.063626821
7245.79 secs, 684 evals, 586 steps, improv/step: 0.336 (last = 1.0000), fitness=1.063626821
7254.37 secs, 685 evals, 587 steps, improv/step: 0.337 (last = 1.0000), fitness=1.063626821
7263.33 secs, 686 evals, 588 steps, improv/step: 0.338 (last = 1.0000), fitness=1.023235309
7275.52 secs, 687 evals, 589 steps, improv/step: 0.338 (last = 0.0000), fitness=1.023235309
7283.71 secs, 688 evals, 590 steps, improv/step: 0.337 (last = 0.0000), fitness=1.023235309
7292.79 secs, 689 evals, 591 steps, improv/step: 0.337 (last = 0.0000), fitness=1.023235309
7301.55 secs, 690 evals, 592 steps, improv/step: 0.336 (last = 0.0000), fitness=1.023235309
7308.53 secs, 691 evals, 593 steps, improv/step: 0.336 (last = 0.0000), fitness=1.023235309
7315.26 secs, 692 evals, 594 steps, improv/step: 0.335 (last = 0.0000), fitness=1.023235309
7324.84 secs, 693 evals, 595 steps, improv/step: 0.334 (last = 0.0000), fitness=1.023235309
7335.91 secs, 694 evals, 596 steps, improv/step: 0.334 (last = 0.0000), fitness=1.023235309
7344.20 secs, 695 evals, 597 steps, improv/step: 0.333 (last = 0.0000), fitness=1.023235309
7353.16 secs, 696 evals, 598 steps, improv/step: 0.334 (last = 1.0000), fitness=1.023235309
7363.70 secs, 697 evals, 599 steps, improv/step: 0.334 (last = 0.0000), fitness=1.023235309
7371.12 secs, 698 evals, 600 steps, improv/step: 0.333 (last = 0.0000), fitness=1.023235309
7381.38 secs, 699 evals, 601 steps, improv/step: 0.333 (last = 0.0000), fitness=1.023235309
7393.05 secs, 700 evals, 602 steps, improv/step: 0.332 (last = 0.0000), fitness=1.023235309
7403.23 secs, 701 evals, 603 steps, improv/step: 0.332 (last = 0.0000), fitness=1.023235309
7413.87 secs, 702 evals, 604 steps, improv/step: 0.331 (last = 0.0000), fitness=1.023235309
7425.85 secs, 703 evals, 605 steps, improv/step: 0.331 (last = 0.0000), fitness=1.023235309
7436.19 secs, 704 evals, 606 steps, improv/step: 0.330 (last = 0.0000), fitness=1.023235309
7444.54 secs, 705 evals, 607 steps, improv/step: 0.329 (last = 0.0000), fitness=1.023235309
7454.37 secs, 706 evals, 608 steps, improv/step: 0.329 (last = 0.0000), fitness=1.023235309
7465.75 secs, 707 evals, 609 steps, improv/step: 0.328 (last = 0.0000), fitness=1.023235309
7474.50 secs, 708 evals, 610 steps, improv/step: 0.328 (last = 0.0000), fitness=1.023235309
7483.28 secs, 709 evals, 611 steps, improv/step: 0.329 (last = 1.0000), fitness=1.023235309
7495.50 secs, 710 evals, 612 steps, improv/step: 0.328 (last = 0.0000), fitness=1.023235309
7507.05 secs, 711 evals, 613 steps, improv/step: 0.328 (last = 0.0000), fitness=1.023235309
7515.28 secs, 712 evals, 614 steps, improv/step: 0.327 (last = 0.0000), fitness=1.023235309
7527.10 secs, 713 evals, 615 steps, improv/step: 0.327 (last = 0.0000), fitness=1.023235309
7535.61 secs, 714 evals, 616 steps, improv/step: 0.326 (last = 0.0000), fitness=1.023235309
7545.24 secs, 715 evals, 617 steps, improv/step: 0.326 (last = 0.0000), fitness=1.023235309
7555.36 secs, 716 evals, 618 steps, improv/step: 0.325 (last = 0.0000), fitness=1.023235309
7562.79 secs, 717 evals, 619 steps, improv/step: 0.325 (last = 0.0000), fitness=1.023235309
7573.32 secs, 718 evals, 620 steps, improv/step: 0.324 (last = 0.0000), fitness=1.023235309
7582.83 secs, 719 evals, 621 steps, improv/step: 0.324 (last = 0.0000), fitness=1.023235309
7590.16 secs, 720 evals, 622 steps, improv/step: 0.323 (last = 0.0000), fitness=1.023235309
7600.87 secs, 721 evals, 623 steps, improv/step: 0.323 (last = 0.0000), fitness=1.023235309
7610.97 secs, 722 evals, 624 steps, improv/step: 0.322 (last = 0.0000), fitness=1.023235309
7621.19 secs, 723 evals, 625 steps, improv/step: 0.322 (last = 0.0000), fitness=1.023235309
7629.70 secs, 724 evals, 626 steps, improv/step: 0.321 (last = 0.0000), fitness=1.023235309
7638.71 secs, 725 evals, 627 steps, improv/step: 0.322 (last = 1.0000), fitness=1.023235309
7647.94 secs, 726 evals, 628 steps, improv/step: 0.323 (last = 1.0000), fitness=1.023235309
7656.61 secs, 727 evals, 629 steps, improv/step: 0.324 (last = 1.0000), fitness=1.023235309
7665.41 secs, 728 evals, 630 steps, improv/step: 0.325 (last = 1.0000), fitness=1.023235309
7676.14 secs, 729 evals, 631 steps, improv/step: 0.325 (last = 0.0000), fitness=1.023235309
7686.03 secs, 730 evals, 632 steps, improv/step: 0.326 (last = 1.0000), fitness=1.023235309
7696.19 secs, 731 evals, 633 steps, improv/step: 0.325 (last = 0.0000), fitness=1.023235309
7704.46 secs, 732 evals, 634 steps, improv/step: 0.325 (last = 0.0000), fitness=1.023235309
7715.07 secs, 733 evals, 635 steps, improv/step: 0.324 (last = 0.0000), fitness=1.023235309
7725.46 secs, 734 evals, 636 steps, improv/step: 0.324 (last = 0.0000), fitness=1.023235309
7735.64 secs, 735 evals, 637 steps, improv/step: 0.323 (last = 0.0000), fitness=1.023235309
7747.00 secs, 736 evals, 638 steps, improv/step: 0.323 (last = 0.0000), fitness=1.023235309
7756.48 secs, 737 evals, 639 steps, improv/step: 0.322 (last = 0.0000), fitness=1.023235309
7765.52 secs, 738 evals, 640 steps, improv/step: 0.322 (last = 0.0000), fitness=1.023235309
7770.75 secs, 739 evals, 641 steps, improv/step: 0.321 (last = 0.0000), fitness=1.023235309
7777.53 secs, 740 evals, 642 steps, improv/step: 0.321 (last = 0.0000), fitness=1.023235309
7786.32 secs, 741 evals, 643 steps, improv/step: 0.322 (last = 1.0000), fitness=1.023235309
7794.86 secs, 742 evals, 644 steps, improv/step: 0.321 (last = 0.0000), fitness=1.023235309
7802.94 secs, 743 evals, 645 steps, improv/step: 0.321 (last = 0.0000), fitness=1.023235309
7812.13 secs, 744 evals, 646 steps, improv/step: 0.322 (last = 1.0000), fitness=1.023235309
7821.50 secs, 745 evals, 647 steps, improv/step: 0.321 (last = 0.0000), fitness=1.023235309
7830.24 secs, 746 evals, 648 steps, improv/step: 0.321 (last = 0.0000), fitness=1.023235309
7838.22 secs, 747 evals, 649 steps, improv/step: 0.320 (last = 0.0000), fitness=1.023235309
7847.81 secs, 748 evals, 650 steps, improv/step: 0.320 (last = 0.0000), fitness=1.023235309
7857.96 secs, 749 evals, 651 steps, improv/step: 0.320 (last = 0.0000), fitness=1.023235309
7865.69 secs, 750 evals, 652 steps, improv/step: 0.321 (last = 1.0000), fitness=1.023235309
7874.36 secs, 751 evals, 653 steps, improv/step: 0.322 (last = 1.0000), fitness=1.023235309
7882.79 secs, 752 evals, 654 steps, improv/step: 0.321 (last = 0.0000), fitness=1.023235309
7890.28 secs, 753 evals, 655 steps, improv/step: 0.321 (last = 0.0000), fitness=1.023235309
7898.87 secs, 754 evals, 656 steps, improv/step: 0.322 (last = 1.0000), fitness=1.023235309
7908.62 secs, 755 evals, 657 steps, improv/step: 0.321 (last = 0.0000), fitness=1.023235309
7918.46 secs, 756 evals, 658 steps, improv/step: 0.321 (last = 0.0000), fitness=1.023235309
7927.47 secs, 757 evals, 659 steps, improv/step: 0.320 (last = 0.0000), fitness=1.023235309
7938.10 secs, 758 evals, 660 steps, improv/step: 0.320 (last = 0.0000), fitness=1.023235309
7946.88 secs, 759 evals, 661 steps, improv/step: 0.321 (last = 1.0000), fitness=1.023235309
7958.56 secs, 760 evals, 662 steps, improv/step: 0.322 (last = 1.0000), fitness=1.023235309
7966.59 secs, 761 evals, 663 steps, improv/step: 0.321 (last = 0.0000), fitness=1.023235309
7977.09 secs, 762 evals, 664 steps, improv/step: 0.321 (last = 0.0000), fitness=1.023235309
7985.68 secs, 763 evals, 665 steps, improv/step: 0.322 (last = 1.0000), fitness=1.023235309
7994.33 secs, 764 evals, 666 steps, improv/step: 0.321 (last = 0.0000), fitness=1.023235309
8000.48 secs, 765 evals, 667 steps, improv/step: 0.321 (last = 0.0000), fitness=1.023235309
8010.68 secs, 766 evals, 668 steps, improv/step: 0.320 (last = 0.0000), fitness=1.023235309
8022.73 secs, 767 evals, 669 steps, improv/step: 0.320 (last = 0.0000), fitness=1.023235309
8031.75 secs, 768 evals, 670 steps, improv/step: 0.319 (last = 0.0000), fitness=1.023235309
8040.33 secs, 769 evals, 671 steps, improv/step: 0.320 (last = 1.0000), fitness=1.023235309
8047.47 secs, 770 evals, 672 steps, improv/step: 0.320 (last = 0.0000), fitness=1.023235309
8054.07 secs, 771 evals, 673 steps, improv/step: 0.319 (last = 0.0000), fitness=1.023235309
8063.77 secs, 772 evals, 674 steps, improv/step: 0.319 (last = 0.0000), fitness=1.023235309
8072.80 secs, 773 evals, 675 steps, improv/step: 0.320 (last = 1.0000), fitness=1.023235309
8083.32 secs, 774 evals, 676 steps, improv/step: 0.320 (last = 0.0000), fitness=1.023235309
8092.51 secs, 775 evals, 677 steps, improv/step: 0.319 (last = 0.0000), fitness=1.023235309
8102.12 secs, 776 evals, 678 steps, improv/step: 0.320 (last = 1.0000), fitness=1.023235309
8112.87 secs, 777 evals, 679 steps, improv/step: 0.320 (last = 0.0000), fitness=1.023235309
8123.18 secs, 778 evals, 680 steps, improv/step: 0.319 (last = 0.0000), fitness=1.023235309
8135.25 secs, 779 evals, 681 steps, improv/step: 0.319 (last = 0.0000), fitness=1.023235309
8144.24 secs, 780 evals, 682 steps, improv/step: 0.320 (last = 1.0000), fitness=1.023235309
8152.76 secs, 781 evals, 683 steps, improv/step: 0.319 (last = 0.0000), fitness=1.023235309
8161.20 secs, 782 evals, 684 steps, improv/step: 0.319 (last = 0.0000), fitness=1.023235309
8170.55 secs, 783 evals, 685 steps, improv/step: 0.320 (last = 1.0000), fitness=1.023235309
8178.35 secs, 784 evals, 686 steps, improv/step: 0.319 (last = 0.0000), fitness=1.023235309
8188.26 secs, 785 evals, 687 steps, improv/step: 0.319 (last = 0.0000), fitness=1.023235309
8198.01 secs, 786 evals, 688 steps, improv/step: 0.320 (last = 1.0000), fitness=1.023235309
8206.42 secs, 787 evals, 689 steps, improv/step: 0.319 (last = 0.0000), fitness=1.023235309
8214.12 secs, 788 evals, 690 steps, improv/step: 0.319 (last = 0.0000), fitness=1.023235309
8223.75 secs, 789 evals, 691 steps, improv/step: 0.318 (last = 0.0000), fitness=1.023235309
8233.19 secs, 790 evals, 692 steps, improv/step: 0.319 (last = 1.0000), fitness=1.023235309
8243.73 secs, 791 evals, 693 steps, improv/step: 0.319 (last = 0.0000), fitness=1.023235309
8253.63 secs, 792 evals, 694 steps, improv/step: 0.318 (last = 0.0000), fitness=1.023235309
8261.46 secs, 793 evals, 695 steps, improv/step: 0.318 (last = 0.0000), fitness=1.023235309
8270.48 secs, 794 evals, 696 steps, improv/step: 0.319 (last = 1.0000), fitness=0.977746873
8279.20 secs, 795 evals, 697 steps, improv/step: 0.320 (last = 1.0000), fitness=0.977746873
8288.93 secs, 796 evals, 698 steps, improv/step: 0.319 (last = 0.0000), fitness=0.977746873
8298.38 secs, 797 evals, 699 steps, improv/step: 0.319 (last = 0.0000), fitness=0.977746873
8306.67 secs, 798 evals, 700 steps, improv/step: 0.320 (last = 1.0000), fitness=0.977746873
8316.85 secs, 799 evals, 701 steps, improv/step: 0.321 (last = 1.0000), fitness=0.977746873
8326.07 secs, 800 evals, 702 steps, improv/step: 0.321 (last = 0.0000), fitness=0.977746873
8332.39 secs, 801 evals, 703 steps, improv/step: 0.320 (last = 0.0000), fitness=0.977746873
8340.23 secs, 802 evals, 704 steps, improv/step: 0.320 (last = 0.0000), fitness=0.977746873
8349.26 secs, 803 evals, 705 steps, improv/step: 0.319 (last = 0.0000), fitness=0.977746873
8358.98 secs, 804 evals, 706 steps, improv/step: 0.319 (last = 0.0000), fitness=0.977746873
8365.67 secs, 805 evals, 707 steps, improv/step: 0.318 (last = 0.0000), fitness=0.977746873
8376.66 secs, 806 evals, 708 steps, improv/step: 0.318 (last = 0.0000), fitness=0.977746873
8387.17 secs, 807 evals, 709 steps, improv/step: 0.317 (last = 0.0000), fitness=0.977746873
8397.77 secs, 808 evals, 710 steps, improv/step: 0.317 (last = 0.0000), fitness=0.977746873
8406.93 secs, 809 evals, 711 steps, improv/step: 0.316 (last = 0.0000), fitness=0.977746873
8415.24 secs, 810 evals, 712 steps, improv/step: 0.316 (last = 0.0000), fitness=0.977746873
8424.97 secs, 811 evals, 713 steps, improv/step: 0.316 (last = 0.0000), fitness=0.977746873
8429.78 secs, 812 evals, 714 steps, improv/step: 0.315 (last = 0.0000), fitness=0.977746873
8440.80 secs, 813 evals, 715 steps, improv/step: 0.316 (last = 1.0000), fitness=0.977746873
8450.74 secs, 814 evals, 716 steps, improv/step: 0.316 (last = 0.0000), fitness=0.977746873
8459.13 secs, 815 evals, 717 steps, improv/step: 0.315 (last = 0.0000), fitness=0.977746873
8466.57 secs, 816 evals, 718 steps, improv/step: 0.315 (last = 0.0000), fitness=0.977746873
8475.30 secs, 817 evals, 719 steps, improv/step: 0.314 (last = 0.0000), fitness=0.977746873
8485.27 secs, 818 evals, 720 steps, improv/step: 0.314 (last = 0.0000), fitness=0.977746873
8494.30 secs, 819 evals, 721 steps, improv/step: 0.315 (last = 1.0000), fitness=0.977746873
8503.31 secs, 820 evals, 722 steps, improv/step: 0.314 (last = 0.0000), fitness=0.977746873
8512.27 secs, 821 evals, 723 steps, improv/step: 0.315 (last = 1.0000), fitness=0.977746873
8522.08 secs, 822 evals, 724 steps, improv/step: 0.315 (last = 0.0000), fitness=0.977746873
8529.91 secs, 823 evals, 725 steps, improv/step: 0.314 (last = 0.0000), fitness=0.977746873
8538.69 secs, 824 evals, 726 steps, improv/step: 0.314 (last = 0.0000), fitness=0.977746873
8548.03 secs, 825 evals, 727 steps, improv/step: 0.315 (last = 1.0000), fitness=0.977746873
8556.40 secs, 826 evals, 728 steps, improv/step: 0.315 (last = 0.0000), fitness=0.977746873
8565.77 secs, 827 evals, 729 steps, improv/step: 0.316 (last = 1.0000), fitness=0.977746873
8574.85 secs, 828 evals, 730 steps, improv/step: 0.315 (last = 0.0000), fitness=0.977746873
8582.66 secs, 829 evals, 731 steps, improv/step: 0.315 (last = 0.0000), fitness=0.977746873
8591.72 secs, 830 evals, 732 steps, improv/step: 0.316 (last = 1.0000), fitness=0.977746873
8597.82 secs, 831 evals, 733 steps, improv/step: 0.315 (last = 0.0000), fitness=0.977746873
8602.68 secs, 832 evals, 734 steps, improv/step: 0.315 (last = 0.0000), fitness=0.977746873
8611.28 secs, 833 evals, 735 steps, improv/step: 0.314 (last = 0.0000), fitness=0.977746873
8623.43 secs, 834 evals, 736 steps, improv/step: 0.314 (last = 0.0000), fitness=0.977746873
8632.90 secs, 835 evals, 737 steps, improv/step: 0.313 (last = 0.0000), fitness=0.977746873
8641.06 secs, 836 evals, 738 steps, improv/step: 0.313 (last = 0.0000), fitness=0.977746873
8649.54 secs, 837 evals, 739 steps, improv/step: 0.313 (last = 0.0000), fitness=0.977746873
8657.84 secs, 838 evals, 740 steps, improv/step: 0.312 (last = 0.0000), fitness=0.977746873
8666.40 secs, 839 evals, 741 steps, improv/step: 0.312 (last = 0.0000), fitness=0.977746873
8675.73 secs, 840 evals, 742 steps, improv/step: 0.311 (last = 0.0000), fitness=0.977746873
8684.83 secs, 841 evals, 743 steps, improv/step: 0.311 (last = 0.0000), fitness=0.977746873
8694.85 secs, 842 evals, 744 steps, improv/step: 0.310 (last = 0.0000), fitness=0.977746873
8700.15 secs, 843 evals, 745 steps, improv/step: 0.310 (last = 0.0000), fitness=0.977746873
8707.02 secs, 844 evals, 746 steps, improv/step: 0.310 (last = 0.0000), fitness=0.977746873
8715.39 secs, 845 evals, 747 steps, improv/step: 0.309 (last = 0.0000), fitness=0.977746873
8724.53 secs, 846 evals, 748 steps, improv/step: 0.309 (last = 0.0000), fitness=0.977746873
8732.72 secs, 847 evals, 749 steps, improv/step: 0.310 (last = 1.0000), fitness=0.977746873
8742.04 secs, 848 evals, 750 steps, improv/step: 0.309 (last = 0.0000), fitness=0.977746873
8751.96 secs, 849 evals, 751 steps, improv/step: 0.309 (last = 0.0000), fitness=0.977746873
8760.35 secs, 850 evals, 752 steps, improv/step: 0.309 (last = 0.0000), fitness=0.977746873
8768.39 secs, 851 evals, 753 steps, improv/step: 0.308 (last = 0.0000), fitness=0.977746873
8778.21 secs, 852 evals, 754 steps, improv/step: 0.309 (last = 1.0000), fitness=0.977746873
8785.89 secs, 853 evals, 755 steps, improv/step: 0.309 (last = 0.0000), fitness=0.977746873
8795.16 secs, 854 evals, 756 steps, improv/step: 0.308 (last = 0.0000), fitness=0.977746873
8804.19 secs, 855 evals, 757 steps, improv/step: 0.308 (last = 0.0000), fitness=0.977746873
8812.76 secs, 856 evals, 758 steps, improv/step: 0.307 (last = 0.0000), fitness=0.977746873
8821.75 secs, 857 evals, 759 steps, improv/step: 0.308 (last = 1.0000), fitness=0.977746873
8829.70 secs, 858 evals, 760 steps, improv/step: 0.308 (last = 0.0000), fitness=0.977746873
8838.91 secs, 859 evals, 761 steps, improv/step: 0.309 (last = 1.0000), fitness=0.977746873
8847.56 secs, 860 evals, 762 steps, improv/step: 0.308 (last = 0.0000), fitness=0.977746873
8857.70 secs, 861 evals, 763 steps, improv/step: 0.308 (last = 0.0000), fitness=0.977746873
8865.87 secs, 862 evals, 764 steps, improv/step: 0.308 (last = 0.0000), fitness=0.977746873
8875.14 secs, 863 evals, 765 steps, improv/step: 0.307 (last = 0.0000), fitness=0.977746873
8882.15 secs, 864 evals, 766 steps, improv/step: 0.307 (last = 0.0000), fitness=0.977746873
8890.64 secs, 865 evals, 767 steps, improv/step: 0.306 (last = 0.0000), fitness=0.977746873
8899.71 secs, 866 evals, 768 steps, improv/step: 0.306 (last = 0.0000), fitness=0.977746873
8908.63 secs, 867 evals, 769 steps, improv/step: 0.307 (last = 1.0000), fitness=0.977746873
8917.94 secs, 868 evals, 770 steps, improv/step: 0.306 (last = 0.0000), fitness=0.977746873
8927.55 secs, 869 evals, 771 steps, improv/step: 0.307 (last = 1.0000), fitness=0.977746873
8937.65 secs, 870 evals, 772 steps, improv/step: 0.307 (last = 0.0000), fitness=0.977746873
8945.67 secs, 871 evals, 773 steps, improv/step: 0.307 (last = 0.0000), fitness=0.977746873
8953.53 secs, 872 evals, 774 steps, improv/step: 0.306 (last = 0.0000), fitness=0.977746873
8962.94 secs, 873 evals, 775 steps, improv/step: 0.306 (last = 0.0000), fitness=0.977746873
8974.34 secs, 874 evals, 776 steps, improv/step: 0.305 (last = 0.0000), fitness=0.977746873
8984.24 secs, 875 evals, 777 steps, improv/step: 0.305 (last = 0.0000), fitness=0.977746873
8993.19 secs, 876 evals, 778 steps, improv/step: 0.305 (last = 0.0000), fitness=0.977746873
9001.38 secs, 877 evals, 779 steps, improv/step: 0.304 (last = 0.0000), fitness=0.977746873
9009.31 secs, 878 evals, 780 steps, improv/step: 0.304 (last = 0.0000), fitness=0.977746873
9018.77 secs, 879 evals, 781 steps, improv/step: 0.303 (last = 0.0000), fitness=0.977746873
9028.12 secs, 880 evals, 782 steps, improv/step: 0.304 (last = 1.0000), fitness=0.977746873
9037.73 secs, 881 evals, 783 steps, improv/step: 0.304 (last = 0.0000), fitness=0.977746873
9045.85 secs, 882 evals, 784 steps, improv/step: 0.304 (last = 0.0000), fitness=0.977746873
9054.98 secs, 883 evals, 785 steps, improv/step: 0.303 (last = 0.0000), fitness=0.977746873
9064.16 secs, 884 evals, 786 steps, improv/step: 0.303 (last = 0.0000), fitness=0.977746873
9073.12 secs, 885 evals, 787 steps, improv/step: 0.302 (last = 0.0000), fitness=0.977746873
9078.89 secs, 886 evals, 788 steps, improv/step: 0.302 (last = 0.0000), fitness=0.977746873
9087.79 secs, 887 evals, 789 steps, improv/step: 0.302 (last = 0.0000), fitness=0.977746873
9096.16 secs, 888 evals, 790 steps, improv/step: 0.301 (last = 0.0000), fitness=0.977746873
9105.37 secs, 889 evals, 791 steps, improv/step: 0.301 (last = 0.0000), fitness=0.977746873
9115.12 secs, 890 evals, 792 steps, improv/step: 0.301 (last = 0.0000), fitness=0.977746873
9123.66 secs, 891 evals, 793 steps, improv/step: 0.300 (last = 0.0000), fitness=0.977746873
9133.11 secs, 892 evals, 794 steps, improv/step: 0.300 (last = 0.0000), fitness=0.977746873
9142.78 secs, 893 evals, 795 steps, improv/step: 0.301 (last = 1.0000), fitness=0.977746873
9150.88 secs, 894 evals, 796 steps, improv/step: 0.300 (last = 0.0000), fitness=0.977746873
9158.87 secs, 895 evals, 797 steps, improv/step: 0.300 (last = 0.0000), fitness=0.977746873
9168.08 secs, 896 evals, 798 steps, improv/step: 0.299 (last = 0.0000), fitness=0.977746873
9178.32 secs, 897 evals, 799 steps, improv/step: 0.299 (last = 0.0000), fitness=0.977746873
9187.80 secs, 898 evals, 800 steps, improv/step: 0.299 (last = 0.0000), fitness=0.977746873
9196.69 secs, 899 evals, 801 steps, improv/step: 0.298 (last = 0.0000), fitness=0.977746873
9203.79 secs, 900 evals, 802 steps, improv/step: 0.298 (last = 0.0000), fitness=0.977746873
9212.26 secs, 901 evals, 803 steps, improv/step: 0.298 (last = 0.0000), fitness=0.977746873
9223.92 secs, 902 evals, 804 steps, improv/step: 0.297 (last = 0.0000), fitness=0.977746873
9233.69 secs, 903 evals, 805 steps, improv/step: 0.297 (last = 0.0000), fitness=0.977746873
9242.15 secs, 904 evals, 806 steps, improv/step: 0.297 (last = 0.0000), fitness=0.977746873
9251.41 secs, 905 evals, 807 steps, improv/step: 0.296 (last = 0.0000), fitness=0.977746873
9261.85 secs, 906 evals, 808 steps, improv/step: 0.296 (last = 0.0000), fitness=0.977746873
9271.22 secs, 907 evals, 809 steps, improv/step: 0.295 (last = 0.0000), fitness=0.977746873
9281.94 secs, 908 evals, 810 steps, improv/step: 0.295 (last = 0.0000), fitness=0.977746873
9289.32 secs, 909 evals, 811 steps, improv/step: 0.295 (last = 0.0000), fitness=0.977746873
9297.63 secs, 910 evals, 812 steps, improv/step: 0.294 (last = 0.0000), fitness=0.977746873
9307.89 secs, 911 evals, 813 steps, improv/step: 0.294 (last = 0.0000), fitness=0.977746873
9317.51 secs, 912 evals, 814 steps, improv/step: 0.294 (last = 0.0000), fitness=0.977746873
9326.75 secs, 913 evals, 815 steps, improv/step: 0.293 (last = 0.0000), fitness=0.977746873
9332.28 secs, 914 evals, 816 steps, improv/step: 0.293 (last = 0.0000), fitness=0.977746873
9343.18 secs, 915 evals, 817 steps, improv/step: 0.293 (last = 0.0000), fitness=0.977746873
9352.99 secs, 916 evals, 818 steps, improv/step: 0.292 (last = 0.0000), fitness=0.977746873
9362.63 secs, 917 evals, 819 steps, improv/step: 0.292 (last = 0.0000), fitness=0.977746873
9371.72 secs, 918 evals, 820 steps, improv/step: 0.291 (last = 0.0000), fitness=0.977746873
9380.77 secs, 919 evals, 821 steps, improv/step: 0.291 (last = 0.0000), fitness=0.977746873
9390.02 secs, 920 evals, 822 steps, improv/step: 0.291 (last = 0.0000), fitness=0.977746873
9401.96 secs, 921 evals, 823 steps, improv/step: 0.290 (last = 0.0000), fitness=0.977746873
9408.77 secs, 922 evals, 824 steps, improv/step: 0.290 (last = 0.0000), fitness=0.977746873
9418.96 secs, 923 evals, 825 steps, improv/step: 0.290 (last = 0.0000), fitness=0.977746873
9429.14 secs, 924 evals, 826 steps, improv/step: 0.289 (last = 0.0000), fitness=0.977746873
9436.65 secs, 925 evals, 827 steps, improv/step: 0.289 (last = 0.0000), fitness=0.977746873
9445.52 secs, 926 evals, 828 steps, improv/step: 0.289 (last = 0.0000), fitness=0.977746873
9455.10 secs, 927 evals, 829 steps, improv/step: 0.288 (last = 0.0000), fitness=0.977746873
9465.45 secs, 928 evals, 830 steps, improv/step: 0.288 (last = 0.0000), fitness=0.977746873
9473.03 secs, 929 evals, 831 steps, improv/step: 0.288 (last = 0.0000), fitness=0.977746873
9481.44 secs, 930 evals, 832 steps, improv/step: 0.287 (last = 0.0000), fitness=0.977746873
9490.81 secs, 931 evals, 833 steps, improv/step: 0.287 (last = 0.0000), fitness=0.977746873
9498.69 secs, 932 evals, 834 steps, improv/step: 0.287 (last = 0.0000), fitness=0.977746873
9507.76 secs, 933 evals, 835 steps, improv/step: 0.287 (last = 1.0000), fitness=0.977746873
9517.06 secs, 934 evals, 836 steps, improv/step: 0.287 (last = 0.0000), fitness=0.977746873
9525.45 secs, 935 evals, 837 steps, improv/step: 0.287 (last = 0.0000), fitness=0.977746873
9532.40 secs, 936 evals, 838 steps, improv/step: 0.286 (last = 0.0000), fitness=0.977746873
9541.56 secs, 937 evals, 839 steps, improv/step: 0.286 (last = 0.0000), fitness=0.977746873
9548.72 secs, 938 evals, 840 steps, improv/step: 0.286 (last = 0.0000), fitness=0.977746873
9556.10 secs, 939 evals, 841 steps, improv/step: 0.285 (last = 0.0000), fitness=0.977746873
9565.73 secs, 940 evals, 842 steps, improv/step: 0.285 (last = 0.0000), fitness=0.977746873
9573.75 secs, 941 evals, 843 steps, improv/step: 0.285 (last = 0.0000), fitness=0.977746873
9583.03 secs, 942 evals, 844 steps, improv/step: 0.286 (last = 1.0000), fitness=0.977746873
9592.75 secs, 943 evals, 845 steps, improv/step: 0.285 (last = 0.0000), fitness=0.977746873
9602.79 secs, 944 evals, 846 steps, improv/step: 0.285 (last = 0.0000), fitness=0.977746873
9610.63 secs, 945 evals, 847 steps, improv/step: 0.285 (last = 0.0000), fitness=0.977746873
9619.42 secs, 946 evals, 848 steps, improv/step: 0.284 (last = 0.0000), fitness=0.977746873
9627.84 secs, 947 evals, 849 steps, improv/step: 0.284 (last = 0.0000), fitness=0.977746873
9636.50 secs, 948 evals, 850 steps, improv/step: 0.285 (last = 1.0000), fitness=0.977746873
9645.11 secs, 949 evals, 851 steps, improv/step: 0.286 (last = 1.0000), fitness=0.977746873
9654.64 secs, 950 evals, 852 steps, improv/step: 0.286 (last = 1.0000), fitness=0.977746873
9662.77 secs, 951 evals, 853 steps, improv/step: 0.286 (last = 0.0000), fitness=0.977746873
9671.49 secs, 952 evals, 854 steps, improv/step: 0.286 (last = 0.0000), fitness=0.977746873
9681.62 secs, 953 evals, 855 steps, improv/step: 0.287 (last = 1.0000), fitness=0.977746873
9688.91 secs, 954 evals, 856 steps, improv/step: 0.286 (last = 0.0000), fitness=0.977746873
9697.63 secs, 955 evals, 857 steps, improv/step: 0.286 (last = 0.0000), fitness=0.977746873
9705.99 secs, 956 evals, 858 steps, improv/step: 0.286 (last = 0.0000), fitness=0.977746873
9715.34 secs, 957 evals, 859 steps, improv/step: 0.285 (last = 0.0000), fitness=0.977746873
9724.27 secs, 958 evals, 860 steps, improv/step: 0.285 (last = 0.0000), fitness=0.977746873
9729.77 secs, 959 evals, 861 steps, improv/step: 0.285 (last = 0.0000), fitness=0.977746873
9738.14 secs, 960 evals, 862 steps, improv/step: 0.285 (last = 1.0000), fitness=0.977746873
9747.36 secs, 961 evals, 863 steps, improv/step: 0.285 (last = 0.0000), fitness=0.977746873
9756.81 secs, 962 evals, 864 steps, improv/step: 0.285 (last = 0.0000), fitness=0.977746873
9766.66 secs, 963 evals, 865 steps, improv/step: 0.284 (last = 0.0000), fitness=0.977746873
9772.66 secs, 964 evals, 866 steps, improv/step: 0.284 (last = 0.0000), fitness=0.977746873
9781.70 secs, 965 evals, 867 steps, improv/step: 0.284 (last = 0.0000), fitness=0.977746873
9790.23 secs, 966 evals, 868 steps, improv/step: 0.283 (last = 0.0000), fitness=0.977746873
9799.57 secs, 967 evals, 869 steps, improv/step: 0.283 (last = 0.0000), fitness=0.977746873
9808.44 secs, 968 evals, 870 steps, improv/step: 0.283 (last = 0.0000), fitness=0.977746873
9818.56 secs, 969 evals, 871 steps, improv/step: 0.282 (last = 0.0000), fitness=0.977746873
9827.23 secs, 970 evals, 872 steps, improv/step: 0.282 (last = 0.0000), fitness=0.977746873
9836.19 secs, 971 evals, 873 steps, improv/step: 0.282 (last = 0.0000), fitness=0.977746873
9845.07 secs, 972 evals, 874 steps, improv/step: 0.283 (last = 1.0000), fitness=0.977746873
9853.75 secs, 973 evals, 875 steps, improv/step: 0.282 (last = 0.0000), fitness=0.977746873
9861.09 secs, 974 evals, 876 steps, improv/step: 0.282 (last = 0.0000), fitness=0.977746873
9870.47 secs, 975 evals, 877 steps, improv/step: 0.283 (last = 1.0000), fitness=0.977746873
9880.33 secs, 976 evals, 878 steps, improv/step: 0.282 (last = 0.0000), fitness=0.977746873
9888.32 secs, 977 evals, 879 steps, improv/step: 0.282 (last = 0.0000), fitness=0.977746873
9897.86 secs, 978 evals, 880 steps, improv/step: 0.283 (last = 1.0000), fitness=0.977746873
9907.34 secs, 979 evals, 881 steps, improv/step: 0.283 (last = 0.0000), fitness=0.977746873
9916.01 secs, 980 evals, 882 steps, improv/step: 0.282 (last = 0.0000), fitness=0.977746873
9926.59 secs, 981 evals, 883 steps, improv/step: 0.282 (last = 0.0000), fitness=0.977746873
9935.14 secs, 982 evals, 884 steps, improv/step: 0.282 (last = 0.0000), fitness=0.977746873
9945.54 secs, 983 evals, 885 steps, improv/step: 0.281 (last = 0.0000), fitness=0.977746873
9954.41 secs, 984 evals, 886 steps, improv/step: 0.282 (last = 1.0000), fitness=0.977746873
9963.49 secs, 985 evals, 887 steps, improv/step: 0.282 (last = 0.0000), fitness=0.977746873
9971.80 secs, 986 evals, 888 steps, improv/step: 0.282 (last = 0.0000), fitness=0.977746873
9980.29 secs, 987 evals, 889 steps, improv/step: 0.282 (last = 1.0000), fitness=0.977746873
9989.60 secs, 988 evals, 890 steps, improv/step: 0.283 (last = 1.0000), fitness=0.977746873
9999.41 secs, 989 evals, 891 steps, improv/step: 0.283 (last = 0.0000), fitness=0.977746873
10008.62 secs, 990 evals, 892 steps, improv/step: 0.284 (last = 1.0000), fitness=0.977746873
10016.88 secs, 991 evals, 893 steps, improv/step: 0.283 (last = 0.0000), fitness=0.977746873
10026.24 secs, 992 evals, 894 steps, improv/step: 0.284 (last = 1.0000), fitness=0.977746873
10035.06 secs, 993 evals, 895 steps, improv/step: 0.284 (last = 0.0000), fitness=0.977746873
10044.12 secs, 994 evals, 896 steps, improv/step: 0.285 (last = 1.0000), fitness=0.977746873
10054.18 secs, 995 evals, 897 steps, improv/step: 0.284 (last = 0.0000), fitness=0.977746873
10063.49 secs, 996 evals, 898 steps, improv/step: 0.285 (last = 1.0000), fitness=0.977746873
10073.51 secs, 997 evals, 899 steps, improv/step: 0.285 (last = 0.0000), fitness=0.977746873
10082.45 secs, 998 evals, 900 steps, improv/step: 0.284 (last = 0.0000), fitness=0.977746873
10091.43 secs, 999 evals, 901 steps, improv/step: 0.284 (last = 0.0000), fitness=0.977746873
10101.31 secs, 1000 evals, 902 steps, improv/step: 0.284 (last = 0.0000), fitness=0.977746873
10111.20 secs, 1001 evals, 903 steps, improv/step: 0.285 (last = 1.0000), fitness=0.977746873
10120.18 secs, 1002 evals, 904 steps, improv/step: 0.284 (last = 0.0000), fitness=0.977746873
10129.70 secs, 1003 evals, 905 steps, improv/step: 0.284 (last = 0.0000), fitness=0.977746873
10139.11 secs, 1004 evals, 906 steps, improv/step: 0.284 (last = 0.0000), fitness=0.977746873
10148.11 secs, 1005 evals, 907 steps, improv/step: 0.283 (last = 0.0000), fitness=0.977746873
10156.98 secs, 1006 evals, 908 steps, improv/step: 0.283 (last = 0.0000), fitness=0.977746873
10165.38 secs, 1007 evals, 909 steps, improv/step: 0.283 (last = 0.0000), fitness=0.977746873
10174.45 secs, 1008 evals, 910 steps, improv/step: 0.282 (last = 0.0000), fitness=0.977746873
10182.06 secs, 1009 evals, 911 steps, improv/step: 0.282 (last = 0.0000), fitness=0.977746873
10190.69 secs, 1010 evals, 912 steps, improv/step: 0.283 (last = 1.0000), fitness=0.977746873
10199.34 secs, 1011 evals, 913 steps, improv/step: 0.283 (last = 0.0000), fitness=0.977746873
10208.00 secs, 1012 evals, 914 steps, improv/step: 0.282 (last = 0.0000), fitness=0.977746873
10218.29 secs, 1013 evals, 915 steps, improv/step: 0.282 (last = 0.0000), fitness=0.977746873
10228.05 secs, 1014 evals, 916 steps, improv/step: 0.282 (last = 0.0000), fitness=0.977746873
10237.48 secs, 1015 evals, 917 steps, improv/step: 0.281 (last = 0.0000), fitness=0.977746873
10245.16 secs, 1016 evals, 918 steps, improv/step: 0.281 (last = 0.0000), fitness=0.977746873
10253.08 secs, 1017 evals, 919 steps, improv/step: 0.281 (last = 0.0000), fitness=0.977746873
10261.07 secs, 1018 evals, 920 steps, improv/step: 0.280 (last = 0.0000), fitness=0.977746873
10269.25 secs, 1019 evals, 921 steps, improv/step: 0.280 (last = 0.0000), fitness=0.977746873
10278.34 secs, 1020 evals, 922 steps, improv/step: 0.280 (last = 0.0000), fitness=0.977746873
10286.84 secs, 1021 evals, 923 steps, improv/step: 0.280 (last = 0.0000), fitness=0.977746873
10295.35 secs, 1022 evals, 924 steps, improv/step: 0.279 (last = 0.0000), fitness=0.977746873
10305.66 secs, 1023 evals, 925 steps, improv/step: 0.279 (last = 0.0000), fitness=0.977746873
10315.23 secs, 1024 evals, 926 steps, improv/step: 0.280 (last = 1.0000), fitness=0.977746873
10325.27 secs, 1025 evals, 927 steps, improv/step: 0.280 (last = 1.0000), fitness=0.977746873
10336.43 secs, 1026 evals, 928 steps, improv/step: 0.280 (last = 0.0000), fitness=0.977746873
10344.68 secs, 1027 evals, 929 steps, improv/step: 0.280 (last = 0.0000), fitness=0.977746873
10353.78 secs, 1028 evals, 930 steps, improv/step: 0.280 (last = 0.0000), fitness=0.977746873
10362.70 secs, 1029 evals, 931 steps, improv/step: 0.279 (last = 0.0000), fitness=0.977746873
10371.28 secs, 1030 evals, 932 steps, improv/step: 0.280 (last = 1.0000), fitness=0.977746873
10382.59 secs, 1031 evals, 933 steps, improv/step: 0.280 (last = 0.0000), fitness=0.977746873
10391.96 secs, 1032 evals, 934 steps, improv/step: 0.279 (last = 0.0000), fitness=0.977746873
10401.04 secs, 1033 evals, 935 steps, improv/step: 0.279 (last = 0.0000), fitness=0.977746873
10409.48 secs, 1034 evals, 936 steps, improv/step: 0.280 (last = 1.0000), fitness=0.977746873
10418.92 secs, 1035 evals, 937 steps, improv/step: 0.281 (last = 1.0000), fitness=0.977746873
10426.90 secs, 1036 evals, 938 steps, improv/step: 0.280 (last = 0.0000), fitness=0.977746873
10436.28 secs, 1037 evals, 939 steps, improv/step: 0.281 (last = 1.0000), fitness=0.977746873
10445.33 secs, 1038 evals, 940 steps, improv/step: 0.281 (last = 0.0000), fitness=0.977746873
10454.76 secs, 1039 evals, 941 steps, improv/step: 0.281 (last = 0.0000), fitness=0.977746873
10463.97 secs, 1040 evals, 942 steps, improv/step: 0.281 (last = 1.0000), fitness=0.977746873
10472.72 secs, 1041 evals, 943 steps, improv/step: 0.281 (last = 0.0000), fitness=0.977746873
10481.73 secs, 1042 evals, 944 steps, improv/step: 0.282 (last = 1.0000), fitness=0.964116920
10488.91 secs, 1043 evals, 945 steps, improv/step: 0.281 (last = 0.0000), fitness=0.964116920
10499.06 secs, 1044 evals, 946 steps, improv/step: 0.281 (last = 0.0000), fitness=0.964116920
10509.22 secs, 1045 evals, 947 steps, improv/step: 0.281 (last = 0.0000), fitness=0.964116920
10518.40 secs, 1046 evals, 948 steps, improv/step: 0.282 (last = 1.0000), fitness=0.964116920
10526.66 secs, 1047 evals, 949 steps, improv/step: 0.282 (last = 1.0000), fitness=0.964116920
10535.66 secs, 1048 evals, 950 steps, improv/step: 0.282 (last = 0.0000), fitness=0.964116920
10544.90 secs, 1049 evals, 951 steps, improv/step: 0.283 (last = 1.0000), fitness=0.964116920
10554.69 secs, 1050 evals, 952 steps, improv/step: 0.283 (last = 0.0000), fitness=0.964116920
10563.98 secs, 1051 evals, 953 steps, improv/step: 0.282 (last = 0.0000), fitness=0.964116920
10572.98 secs, 1052 evals, 954 steps, improv/step: 0.282 (last = 0.0000), fitness=0.964116920
10581.89 secs, 1053 evals, 955 steps, improv/step: 0.283 (last = 1.0000), fitness=0.964116920
10591.42 secs, 1054 evals, 956 steps, improv/step: 0.283 (last = 1.0000), fitness=0.964116920
10600.47 secs, 1055 evals, 957 steps, improv/step: 0.283 (last = 0.0000), fitness=0.964116920
10609.52 secs, 1056 evals, 958 steps, improv/step: 0.284 (last = 1.0000), fitness=0.888271715
10618.06 secs, 1057 evals, 959 steps, improv/step: 0.284 (last = 0.0000), fitness=0.888271715
10625.81 secs, 1058 evals, 960 steps, improv/step: 0.283 (last = 0.0000), fitness=0.888271715
10635.50 secs, 1059 evals, 961 steps, improv/step: 0.283 (last = 0.0000), fitness=0.888271715
10644.59 secs, 1060 evals, 962 steps, improv/step: 0.284 (last = 1.0000), fitness=0.888271715
10653.23 secs, 1061 evals, 963 steps, improv/step: 0.283 (last = 0.0000), fitness=0.888271715
10661.86 secs, 1062 evals, 964 steps, improv/step: 0.283 (last = 0.0000), fitness=0.888271715
10670.53 secs, 1063 evals, 965 steps, improv/step: 0.284 (last = 1.0000), fitness=0.888271715
10679.90 secs, 1064 evals, 966 steps, improv/step: 0.284 (last = 0.0000), fitness=0.888271715
10689.27 secs, 1065 evals, 967 steps, improv/step: 0.283 (last = 0.0000), fitness=0.888271715
10698.58 secs, 1066 evals, 968 steps, improv/step: 0.284 (last = 1.0000), fitness=0.888271715
10707.04 secs, 1067 evals, 969 steps, improv/step: 0.284 (last = 0.0000), fitness=0.888271715
10716.57 secs, 1068 evals, 970 steps, improv/step: 0.285 (last = 1.0000), fitness=0.888271715
10725.10 secs, 1069 evals, 971 steps, improv/step: 0.284 (last = 0.0000), fitness=0.888271715
10732.46 secs, 1070 evals, 972 steps, improv/step: 0.284 (last = 0.0000), fitness=0.888271715
10741.88 secs, 1071 evals, 973 steps, improv/step: 0.285 (last = 1.0000), fitness=0.888271715
10751.12 secs, 1072 evals, 974 steps, improv/step: 0.285 (last = 1.0000), fitness=0.888271715
10760.20 secs, 1073 evals, 975 steps, improv/step: 0.285 (last = 0.0000), fitness=0.888271715
10766.68 secs, 1074 evals, 976 steps, improv/step: 0.285 (last = 0.0000), fitness=0.888271715
10776.06 secs, 1075 evals, 977 steps, improv/step: 0.286 (last = 1.0000), fitness=0.888271715
10785.16 secs, 1076 evals, 978 steps, improv/step: 0.285 (last = 0.0000), fitness=0.888271715
10794.12 secs, 1077 evals, 979 steps, improv/step: 0.286 (last = 1.0000), fitness=0.888271715

Optimization stopped after 980 steps and 10803.44 seconds
Termination reason: Max time (10800.0 s) reached
Steps per second = 0.09
Function evals per second = 0.10
Improvements/step = Inf
Total function evaluations = 1078


Best candidate found: [0.135796, 0.852733]

Fitness: 0.888271715

