N_Jobs_Total: 144
Starting optimization with optimizer DiffEvoOpt{FitPopulation{Float64}, RadiusLimitedSelector, BlackBoxOptim.AdaptiveDiffEvoRandBin{3}, RandomBound{ContinuousRectSearchSpace}}
0.00 secs, 0 evals, 0 steps
596.02 secs, 2 evals, 1 steps, improv/step: 1.000 (last = 1.0000), fitness=69.927153430
1229.67 secs, 4 evals, 2 steps, improv/step: 0.500 (last = 0.0000), fitness=69.927153430
1814.18 secs, 6 evals, 3 steps, improv/step: 0.333 (last = 0.0000), fitness=69.927153430
2403.20 secs, 8 evals, 4 steps, improv/step: 0.250 (last = 0.0000), fitness=69.095382806
3023.72 secs, 10 evals, 5 steps, improv/step: 0.400 (last = 1.0000), fitness=69.095382806
3544.80 secs, 12 evals, 6 steps, improv/step: 0.500 (last = 1.0000), fitness=39.786237983
3907.25 secs, 14 evals, 7 steps, improv/step: 0.429 (last = 0.0000), fitness=23.425820946
4330.08 secs, 16 evals, 8 steps, improv/step: 0.375 (last = 0.0000), fitness=13.287137656
4692.45 secs, 18 evals, 9 steps, improv/step: 0.444 (last = 1.0000), fitness=6.940382899
5230.91 secs, 20 evals, 10 steps, improv/step: 0.500 (last = 1.0000), fitness=6.940382899
5787.77 secs, 22 evals, 11 steps, improv/step: 0.455 (last = 0.0000), fitness=6.940382899
6272.26 secs, 24 evals, 12 steps, improv/step: 0.417 (last = 0.0000), fitness=6.940382899
6812.12 secs, 26 evals, 13 steps, improv/step: 0.462 (last = 1.0000), fitness=6.940382899
7341.14 secs, 28 evals, 14 steps, improv/step: 0.500 (last = 1.0000), fitness=6.940382899
7819.70 secs, 30 evals, 15 steps, improv/step: 0.533 (last = 1.0000), fitness=6.940382899
8104.39 secs, 32 evals, 16 steps, improv/step: 0.562 (last = 1.0000), fitness=4.618243093
8623.82 secs, 34 evals, 17 steps, improv/step: 0.588 (last = 1.0000), fitness=4.618243093
8957.69 secs, 36 evals, 18 steps, improv/step: 0.556 (last = 0.0000), fitness=4.618243093
9442.82 secs, 38 evals, 19 steps, improv/step: 0.579 (last = 1.0000), fitness=4.618243093
9784.08 secs, 40 evals, 20 steps, improv/step: 0.600 (last = 1.0000), fitness=4.375292367
10261.87 secs, 42 evals, 21 steps, improv/step: 0.571 (last = 0.0000), fitness=4.375292367
10703.29 secs, 44 evals, 22 steps, improv/step: 0.545 (last = 0.0000), fitness=4.375292367

Optimization stopped after 23 steps and 11201.71 seconds
Termination reason: Max time (10800.0 s) reached
Steps per second = 0.00
Function evals per second = 0.00
Improvements/step = Inf
Total function evaluations = 46


Best candidate found: [0.108001, 0.81925]

Fitness: 4.375292367

