N_Jobs_Total: 144
Starting optimization with optimizer DiffEvoOpt{FitPopulation{Float64}, RadiusLimitedSelector, BlackBoxOptim.AdaptiveDiffEvoRandBin{3}, RandomBound{ContinuousRectSearchSpace}}
0.00 secs, 0 evals, 0 steps
25.51 secs, 2 evals, 1 steps, improv/step: 1.000 (last = 1.0000), fitness=5.668260066
53.36 secs, 4 evals, 2 steps, improv/step: 1.000 (last = 1.0000), fitness=5.668260066
79.09 secs, 6 evals, 3 steps, improv/step: 1.000 (last = 1.0000), fitness=2.735231671
107.84 secs, 8 evals, 4 steps, improv/step: 1.000 (last = 1.0000), fitness=2.735231671
137.68 secs, 10 evals, 5 steps, improv/step: 1.000 (last = 1.0000), fitness=2.735231671
165.69 secs, 12 evals, 6 steps, improv/step: 1.000 (last = 1.0000), fitness=2.735231671
191.70 secs, 14 evals, 7 steps, improv/step: 1.000 (last = 1.0000), fitness=2.735231671
221.73 secs, 16 evals, 8 steps, improv/step: 1.000 (last = 1.0000), fitness=2.735231671
251.63 secs, 18 evals, 9 steps, improv/step: 1.000 (last = 1.0000), fitness=2.735231671
274.11 secs, 20 evals, 10 steps, improv/step: 1.000 (last = 1.0000), fitness=2.735231671
303.37 secs, 22 evals, 11 steps, improv/step: 1.000 (last = 1.0000), fitness=2.735231671
332.42 secs, 24 evals, 12 steps, improv/step: 0.917 (last = 0.0000), fitness=2.735231671
362.08 secs, 26 evals, 13 steps, improv/step: 0.846 (last = 0.0000), fitness=2.735231671
389.18 secs, 28 evals, 14 steps, improv/step: 0.857 (last = 1.0000), fitness=2.735231671
417.72 secs, 30 evals, 15 steps, improv/step: 0.867 (last = 1.0000), fitness=2.735231671
447.54 secs, 32 evals, 16 steps, improv/step: 0.875 (last = 1.0000), fitness=2.735231671
476.13 secs, 34 evals, 17 steps, improv/step: 0.824 (last = 0.0000), fitness=2.735231671
495.32 secs, 36 evals, 18 steps, improv/step: 0.778 (last = 0.0000), fitness=2.735231671
518.13 secs, 38 evals, 19 steps, improv/step: 0.737 (last = 0.0000), fitness=2.735231671
547.70 secs, 40 evals, 20 steps, improv/step: 0.750 (last = 1.0000), fitness=2.735231671
576.29 secs, 42 evals, 21 steps, improv/step: 0.714 (last = 0.0000), fitness=2.735231671
605.79 secs, 44 evals, 22 steps, improv/step: 0.727 (last = 1.0000), fitness=2.735231671
635.29 secs, 46 evals, 23 steps, improv/step: 0.696 (last = 0.0000), fitness=2.735231671
664.73 secs, 48 evals, 24 steps, improv/step: 0.708 (last = 1.0000), fitness=2.735231671
694.62 secs, 50 evals, 25 steps, improv/step: 0.680 (last = 0.0000), fitness=2.735231671
719.05 secs, 52 evals, 26 steps, improv/step: 0.654 (last = 0.0000), fitness=2.735231671
734.07 secs, 53 evals, 27 steps, improv/step: 0.630 (last = 0.0000), fitness=2.735231671
762.54 secs, 55 evals, 28 steps, improv/step: 0.643 (last = 1.0000), fitness=2.735231671
781.79 secs, 57 evals, 29 steps, improv/step: 0.621 (last = 0.0000), fitness=2.735231671
796.68 secs, 58 evals, 30 steps, improv/step: 0.600 (last = 0.0000), fitness=2.735231671
817.23 secs, 60 evals, 31 steps, improv/step: 0.613 (last = 1.0000), fitness=2.735231671
845.87 secs, 62 evals, 32 steps, improv/step: 0.625 (last = 1.0000), fitness=2.735231671
875.30 secs, 64 evals, 33 steps, improv/step: 0.636 (last = 1.0000), fitness=2.735231671
900.12 secs, 66 evals, 34 steps, improv/step: 0.647 (last = 1.0000), fitness=2.735231671
905.53 secs, 67 evals, 35 steps, improv/step: 0.629 (last = 0.0000), fitness=2.735231671
935.25 secs, 69 evals, 36 steps, improv/step: 0.639 (last = 1.0000), fitness=2.735231671
948.31 secs, 70 evals, 37 steps, improv/step: 0.622 (last = 0.0000), fitness=2.735231671
977.57 secs, 72 evals, 38 steps, improv/step: 0.632 (last = 1.0000), fitness=2.735231671
987.01 secs, 74 evals, 39 steps, improv/step: 0.615 (last = 0.0000), fitness=2.735231671
1016.19 secs, 76 evals, 40 steps, improv/step: 0.600 (last = 0.0000), fitness=2.735231671
1030.91 secs, 77 evals, 41 steps, improv/step: 0.610 (last = 1.0000), fitness=2.735231671
1045.90 secs, 78 evals, 42 steps, improv/step: 0.595 (last = 0.0000), fitness=2.735231671
1073.70 secs, 80 evals, 43 steps, improv/step: 0.605 (last = 1.0000), fitness=2.735231671
1102.92 secs, 82 evals, 44 steps, improv/step: 0.591 (last = 0.0000), fitness=2.735231671
1110.83 secs, 83 evals, 45 steps, improv/step: 0.578 (last = 0.0000), fitness=2.735231671
1125.67 secs, 84 evals, 46 steps, improv/step: 0.587 (last = 1.0000), fitness=2.735231671
1154.93 secs, 86 evals, 47 steps, improv/step: 0.596 (last = 1.0000), fitness=2.735231671
1170.14 secs, 87 evals, 48 steps, improv/step: 0.583 (last = 0.0000), fitness=2.735231671
1185.16 secs, 88 evals, 49 steps, improv/step: 0.571 (last = 0.0000), fitness=2.735231671
1213.21 secs, 90 evals, 50 steps, improv/step: 0.580 (last = 1.0000), fitness=2.735231671
1227.00 secs, 91 evals, 51 steps, improv/step: 0.569 (last = 0.0000), fitness=2.735231671
1255.93 secs, 93 evals, 52 steps, improv/step: 0.577 (last = 1.0000), fitness=2.735231671
1285.24 secs, 95 evals, 53 steps, improv/step: 0.585 (last = 1.0000), fitness=2.735231671
1300.13 secs, 96 evals, 54 steps, improv/step: 0.593 (last = 1.0000), fitness=2.735231671
1315.19 secs, 97 evals, 55 steps, improv/step: 0.582 (last = 0.0000), fitness=2.735231671
1328.34 secs, 98 evals, 56 steps, improv/step: 0.571 (last = 0.0000), fitness=2.735231671
1347.79 secs, 100 evals, 57 steps, improv/step: 0.579 (last = 1.0000), fitness=2.735231671
1362.75 secs, 101 evals, 58 steps, improv/step: 0.569 (last = 0.0000), fitness=2.735231671
1377.64 secs, 102 evals, 59 steps, improv/step: 0.559 (last = 0.0000), fitness=2.735231671
1392.22 secs, 103 evals, 60 steps, improv/step: 0.567 (last = 1.0000), fitness=2.735231671
1406.64 secs, 104 evals, 61 steps, improv/step: 0.574 (last = 1.0000), fitness=2.735231671
1435.83 secs, 106 evals, 62 steps, improv/step: 0.565 (last = 0.0000), fitness=2.735231671
1457.02 secs, 108 evals, 63 steps, improv/step: 0.571 (last = 1.0000), fitness=2.735231671
1486.19 secs, 110 evals, 64 steps, improv/step: 0.578 (last = 1.0000), fitness=2.642189785
1500.10 secs, 111 evals, 65 steps, improv/step: 0.569 (last = 0.0000), fitness=2.642189785
1514.62 secs, 112 evals, 66 steps, improv/step: 0.576 (last = 1.0000), fitness=2.642189785
1528.53 secs, 113 evals, 67 steps, improv/step: 0.582 (last = 1.0000), fitness=2.642189785
1542.82 secs, 114 evals, 68 steps, improv/step: 0.588 (last = 1.0000), fitness=2.642189785
1567.94 secs, 116 evals, 69 steps, improv/step: 0.594 (last = 1.0000), fitness=2.642189785
1595.79 secs, 118 evals, 70 steps, improv/step: 0.586 (last = 0.0000), fitness=2.642189785
1610.27 secs, 119 evals, 71 steps, improv/step: 0.577 (last = 0.0000), fitness=2.642189785
1625.12 secs, 120 evals, 72 steps, improv/step: 0.583 (last = 1.0000), fitness=2.642189785
1640.16 secs, 121 evals, 73 steps, improv/step: 0.575 (last = 0.0000), fitness=2.642189785
1654.85 secs, 122 evals, 74 steps, improv/step: 0.581 (last = 1.0000), fitness=2.642189785
1669.33 secs, 123 evals, 75 steps, improv/step: 0.573 (last = 0.0000), fitness=2.642189785
1698.67 secs, 125 evals, 76 steps, improv/step: 0.579 (last = 1.0000), fitness=2.642189785
1727.80 secs, 127 evals, 77 steps, improv/step: 0.571 (last = 0.0000), fitness=2.642189785
1742.07 secs, 128 evals, 78 steps, improv/step: 0.564 (last = 0.0000), fitness=2.642189785
1753.39 secs, 129 evals, 79 steps, improv/step: 0.557 (last = 0.0000), fitness=2.642189785
1765.69 secs, 130 evals, 80 steps, improv/step: 0.550 (last = 0.0000), fitness=2.642189785
1780.34 secs, 131 evals, 81 steps, improv/step: 0.556 (last = 1.0000), fitness=2.642189785
1792.46 secs, 132 evals, 82 steps, improv/step: 0.549 (last = 0.0000), fitness=2.642189785
1805.02 secs, 133 evals, 83 steps, improv/step: 0.542 (last = 0.0000), fitness=2.642189785
1817.46 secs, 134 evals, 84 steps, improv/step: 0.536 (last = 0.0000), fitness=2.642189785
1846.36 secs, 136 evals, 85 steps, improv/step: 0.541 (last = 1.0000), fitness=2.642189785
1874.14 secs, 138 evals, 86 steps, improv/step: 0.535 (last = 0.0000), fitness=2.642189785
1888.12 secs, 139 evals, 87 steps, improv/step: 0.540 (last = 1.0000), fitness=2.642189785
1900.89 secs, 140 evals, 88 steps, improv/step: 0.534 (last = 0.0000), fitness=2.642189785
1916.01 secs, 141 evals, 89 steps, improv/step: 0.528 (last = 0.0000), fitness=2.642189785
1930.96 secs, 142 evals, 90 steps, improv/step: 0.533 (last = 1.0000), fitness=2.642189785
1945.88 secs, 143 evals, 91 steps, improv/step: 0.538 (last = 1.0000), fitness=2.642189785
1965.73 secs, 145 evals, 92 steps, improv/step: 0.533 (last = 0.0000), fitness=2.642189785
1995.42 secs, 147 evals, 93 steps, improv/step: 0.538 (last = 1.0000), fitness=2.642189785
2000.48 secs, 148 evals, 94 steps, improv/step: 0.532 (last = 0.0000), fitness=2.642189785
2029.42 secs, 150 evals, 95 steps, improv/step: 0.526 (last = 0.0000), fitness=2.642189785
2038.23 secs, 151 evals, 96 steps, improv/step: 0.521 (last = 0.0000), fitness=2.642189785
2052.44 secs, 152 evals, 97 steps, improv/step: 0.515 (last = 0.0000), fitness=2.642189785
2067.34 secs, 153 evals, 98 steps, improv/step: 0.510 (last = 0.0000), fitness=2.642189785
2082.14 secs, 154 evals, 99 steps, improv/step: 0.505 (last = 0.0000), fitness=2.642189785
2111.55 secs, 156 evals, 100 steps, improv/step: 0.500 (last = 0.0000), fitness=2.642189785
2126.37 secs, 157 evals, 101 steps, improv/step: 0.495 (last = 0.0000), fitness=2.642189785
2155.60 secs, 159 evals, 102 steps, improv/step: 0.500 (last = 1.0000), fitness=2.642189785
2168.68 secs, 160 evals, 103 steps, improv/step: 0.495 (last = 0.0000), fitness=2.642189785
2197.89 secs, 162 evals, 104 steps, improv/step: 0.490 (last = 0.0000), fitness=2.642189785
2213.00 secs, 163 evals, 105 steps, improv/step: 0.486 (last = 0.0000), fitness=2.642189785
2227.74 secs, 164 evals, 106 steps, improv/step: 0.481 (last = 0.0000), fitness=2.642189785
2242.34 secs, 165 evals, 107 steps, improv/step: 0.486 (last = 1.0000), fitness=2.642189785
2252.20 secs, 166 evals, 108 steps, improv/step: 0.481 (last = 0.0000), fitness=2.642189785
2266.92 secs, 167 evals, 109 steps, improv/step: 0.477 (last = 0.0000), fitness=2.642189785
2296.81 secs, 169 evals, 110 steps, improv/step: 0.473 (last = 0.0000), fitness=2.642189785
2326.52 secs, 171 evals, 111 steps, improv/step: 0.477 (last = 1.0000), fitness=2.642189785
2341.38 secs, 172 evals, 112 steps, improv/step: 0.482 (last = 1.0000), fitness=2.642189785
2356.32 secs, 173 evals, 113 steps, improv/step: 0.478 (last = 0.0000), fitness=2.642189785
2385.77 secs, 175 evals, 114 steps, improv/step: 0.474 (last = 0.0000), fitness=2.642189785
2414.80 secs, 177 evals, 115 steps, improv/step: 0.478 (last = 1.0000), fitness=2.642189785
2428.18 secs, 178 evals, 116 steps, improv/step: 0.474 (last = 0.0000), fitness=2.642189785
2442.95 secs, 179 evals, 117 steps, improv/step: 0.470 (last = 0.0000), fitness=2.642189785
2449.55 secs, 180 evals, 118 steps, improv/step: 0.466 (last = 0.0000), fitness=2.642189785
2479.24 secs, 182 evals, 119 steps, improv/step: 0.471 (last = 1.0000), fitness=2.642189785
2493.15 secs, 183 evals, 120 steps, improv/step: 0.467 (last = 0.0000), fitness=2.642189785
2508.21 secs, 184 evals, 121 steps, improv/step: 0.463 (last = 0.0000), fitness=2.642189785
2523.15 secs, 185 evals, 122 steps, improv/step: 0.467 (last = 1.0000), fitness=2.642189785
2536.48 secs, 186 evals, 123 steps, improv/step: 0.463 (last = 0.0000), fitness=2.642189785
2541.43 secs, 187 evals, 124 steps, improv/step: 0.460 (last = 0.0000), fitness=2.642189785
2556.45 secs, 188 evals, 125 steps, improv/step: 0.456 (last = 0.0000), fitness=2.642189785
2585.58 secs, 190 evals, 126 steps, improv/step: 0.460 (last = 1.0000), fitness=2.642189785
2615.49 secs, 192 evals, 127 steps, improv/step: 0.465 (last = 1.0000), fitness=2.642189785
2630.01 secs, 193 evals, 128 steps, improv/step: 0.469 (last = 1.0000), fitness=2.642189785
2659.51 secs, 195 evals, 129 steps, improv/step: 0.473 (last = 1.0000), fitness=2.642189785
2672.94 secs, 196 evals, 130 steps, improv/step: 0.469 (last = 0.0000), fitness=2.642189785
2696.53 secs, 198 evals, 131 steps, improv/step: 0.473 (last = 1.0000), fitness=2.642189785
2711.29 secs, 199 evals, 132 steps, improv/step: 0.470 (last = 0.0000), fitness=2.642189785
2726.21 secs, 200 evals, 133 steps, improv/step: 0.466 (last = 0.0000), fitness=2.642189785
2735.69 secs, 201 evals, 134 steps, improv/step: 0.463 (last = 0.0000), fitness=2.642189785
2750.55 secs, 202 evals, 135 steps, improv/step: 0.459 (last = 0.0000), fitness=2.642189785
2765.45 secs, 203 evals, 136 steps, improv/step: 0.456 (last = 0.0000), fitness=2.642189785
2779.88 secs, 204 evals, 137 steps, improv/step: 0.453 (last = 0.0000), fitness=2.642189785
2794.18 secs, 205 evals, 138 steps, improv/step: 0.457 (last = 1.0000), fitness=2.642189785
2808.94 secs, 206 evals, 139 steps, improv/step: 0.453 (last = 0.0000), fitness=2.642189785
2822.96 secs, 207 evals, 140 steps, improv/step: 0.450 (last = 0.0000), fitness=2.642189785
2837.77 secs, 208 evals, 141 steps, improv/step: 0.454 (last = 1.0000), fitness=2.642189785
2862.12 secs, 210 evals, 142 steps, improv/step: 0.451 (last = 0.0000), fitness=2.642189785
2876.75 secs, 211 evals, 143 steps, improv/step: 0.455 (last = 1.0000), fitness=2.642189785
2891.41 secs, 212 evals, 144 steps, improv/step: 0.458 (last = 1.0000), fitness=2.642189785
2905.67 secs, 213 evals, 145 steps, improv/step: 0.462 (last = 1.0000), fitness=2.642189785
2920.20 secs, 214 evals, 146 steps, improv/step: 0.466 (last = 1.0000), fitness=2.642189785
2935.01 secs, 215 evals, 147 steps, improv/step: 0.463 (last = 0.0000), fitness=2.642189785
2949.48 secs, 216 evals, 148 steps, improv/step: 0.466 (last = 1.0000), fitness=2.567443910
2964.32 secs, 217 evals, 149 steps, improv/step: 0.470 (last = 1.0000), fitness=2.567443910
2977.59 secs, 218 evals, 150 steps, improv/step: 0.467 (last = 0.0000), fitness=2.567443910
3004.74 secs, 220 evals, 151 steps, improv/step: 0.464 (last = 0.0000), fitness=2.567443910
3019.55 secs, 221 evals, 152 steps, improv/step: 0.461 (last = 0.0000), fitness=2.567443910
3034.43 secs, 222 evals, 153 steps, improv/step: 0.458 (last = 0.0000), fitness=2.567443910
3049.14 secs, 223 evals, 154 steps, improv/step: 0.461 (last = 1.0000), fitness=2.567443910
3063.94 secs, 224 evals, 155 steps, improv/step: 0.458 (last = 0.0000), fitness=2.567443910
3078.75 secs, 225 evals, 156 steps, improv/step: 0.455 (last = 0.0000), fitness=2.567443910
3093.65 secs, 226 evals, 157 steps, improv/step: 0.452 (last = 0.0000), fitness=2.567443910
3107.23 secs, 227 evals, 158 steps, improv/step: 0.449 (last = 0.0000), fitness=2.567443910
3121.78 secs, 228 evals, 159 steps, improv/step: 0.453 (last = 1.0000), fitness=2.567443910
3135.87 secs, 229 evals, 160 steps, improv/step: 0.450 (last = 0.0000), fitness=2.567443910
3150.61 secs, 230 evals, 161 steps, improv/step: 0.453 (last = 1.0000), fitness=2.567443910
3174.72 secs, 232 evals, 162 steps, improv/step: 0.451 (last = 0.0000), fitness=2.567443910
3203.50 secs, 234 evals, 163 steps, improv/step: 0.448 (last = 0.0000), fitness=2.567443910
3218.38 secs, 235 evals, 164 steps, improv/step: 0.451 (last = 1.0000), fitness=2.567443910
3245.67 secs, 237 evals, 165 steps, improv/step: 0.455 (last = 1.0000), fitness=2.567443910
3260.31 secs, 238 evals, 166 steps, improv/step: 0.452 (last = 0.0000), fitness=2.567443910
3274.99 secs, 239 evals, 167 steps, improv/step: 0.455 (last = 1.0000), fitness=2.567443910
3290.01 secs, 240 evals, 168 steps, improv/step: 0.452 (last = 0.0000), fitness=2.567443910
3303.38 secs, 241 evals, 169 steps, improv/step: 0.450 (last = 0.0000), fitness=2.567443910
3318.09 secs, 242 evals, 170 steps, improv/step: 0.447 (last = 0.0000), fitness=2.567443910
3346.73 secs, 244 evals, 171 steps, improv/step: 0.450 (last = 1.0000), fitness=2.567443910
3360.87 secs, 245 evals, 172 steps, improv/step: 0.448 (last = 0.0000), fitness=2.567443910
3375.26 secs, 246 evals, 173 steps, improv/step: 0.445 (last = 0.0000), fitness=2.567443910
3390.09 secs, 247 evals, 174 steps, improv/step: 0.448 (last = 1.0000), fitness=2.567443910
3405.21 secs, 248 evals, 175 steps, improv/step: 0.446 (last = 0.0000), fitness=2.567443910
3420.22 secs, 249 evals, 176 steps, improv/step: 0.443 (last = 0.0000), fitness=2.567443910
3434.51 secs, 250 evals, 177 steps, improv/step: 0.441 (last = 0.0000), fitness=2.567443910
3449.40 secs, 251 evals, 178 steps, improv/step: 0.438 (last = 0.0000), fitness=2.567443910
3462.80 secs, 252 evals, 179 steps, improv/step: 0.436 (last = 0.0000), fitness=2.567443910
3477.67 secs, 253 evals, 180 steps, improv/step: 0.433 (last = 0.0000), fitness=2.567443910
3491.66 secs, 254 evals, 181 steps, improv/step: 0.431 (last = 0.0000), fitness=2.567443910
3506.35 secs, 255 evals, 182 steps, improv/step: 0.429 (last = 0.0000), fitness=2.567443910
3521.23 secs, 256 evals, 183 steps, improv/step: 0.426 (last = 0.0000), fitness=2.567443910
3534.67 secs, 257 evals, 184 steps, improv/step: 0.424 (last = 0.0000), fitness=2.567443910
3548.05 secs, 258 evals, 185 steps, improv/step: 0.422 (last = 0.0000), fitness=2.567443910
3562.99 secs, 259 evals, 186 steps, improv/step: 0.419 (last = 0.0000), fitness=2.567443910
3578.02 secs, 260 evals, 187 steps, improv/step: 0.417 (last = 0.0000), fitness=2.567443910
3592.41 secs, 261 evals, 188 steps, improv/step: 0.420 (last = 1.0000), fitness=2.567443910
3607.03 secs, 262 evals, 189 steps, improv/step: 0.423 (last = 1.0000), fitness=2.567443910
3622.14 secs, 263 evals, 190 steps, improv/step: 0.421 (last = 0.0000), fitness=2.567443910
3637.13 secs, 264 evals, 191 steps, improv/step: 0.419 (last = 0.0000), fitness=2.567443910
3651.62 secs, 265 evals, 192 steps, improv/step: 0.417 (last = 0.0000), fitness=2.567443910
3665.82 secs, 266 evals, 193 steps, improv/step: 0.415 (last = 0.0000), fitness=2.567443910
3677.83 secs, 267 evals, 194 steps, improv/step: 0.412 (last = 0.0000), fitness=2.567443910
3692.79 secs, 268 evals, 195 steps, improv/step: 0.410 (last = 0.0000), fitness=2.567443910
3707.54 secs, 269 evals, 196 steps, improv/step: 0.408 (last = 0.0000), fitness=2.567443910
3722.21 secs, 270 evals, 197 steps, improv/step: 0.411 (last = 1.0000), fitness=2.567443910
3737.01 secs, 271 evals, 198 steps, improv/step: 0.409 (last = 0.0000), fitness=2.567443910
3752.15 secs, 272 evals, 199 steps, improv/step: 0.407 (last = 0.0000), fitness=2.567443910
3766.38 secs, 273 evals, 200 steps, improv/step: 0.405 (last = 0.0000), fitness=2.567443910
3781.44 secs, 274 evals, 201 steps, improv/step: 0.403 (last = 0.0000), fitness=2.567443910
3796.14 secs, 275 evals, 202 steps, improv/step: 0.401 (last = 0.0000), fitness=2.567443910
3809.67 secs, 276 evals, 203 steps, improv/step: 0.399 (last = 0.0000), fitness=2.567443910
3824.46 secs, 277 evals, 204 steps, improv/step: 0.397 (last = 0.0000), fitness=2.567443910
3838.95 secs, 278 evals, 205 steps, improv/step: 0.395 (last = 0.0000), fitness=2.567443910
3853.76 secs, 279 evals, 206 steps, improv/step: 0.393 (last = 0.0000), fitness=2.567443910
3868.18 secs, 280 evals, 207 steps, improv/step: 0.396 (last = 1.0000), fitness=2.567443910
3882.88 secs, 281 evals, 208 steps, improv/step: 0.394 (last = 0.0000), fitness=2.567443910
3897.36 secs, 282 evals, 209 steps, improv/step: 0.392 (last = 0.0000), fitness=2.567443910
3911.60 secs, 283 evals, 210 steps, improv/step: 0.390 (last = 0.0000), fitness=2.567443910
3926.49 secs, 284 evals, 211 steps, improv/step: 0.393 (last = 1.0000), fitness=2.567443910
3954.93 secs, 286 evals, 212 steps, improv/step: 0.392 (last = 0.0000), fitness=2.567443910
3969.78 secs, 287 evals, 213 steps, improv/step: 0.394 (last = 1.0000), fitness=2.567443910
3983.72 secs, 288 evals, 214 steps, improv/step: 0.397 (last = 1.0000), fitness=2.567443910
3998.43 secs, 289 evals, 215 steps, improv/step: 0.400 (last = 1.0000), fitness=2.567443910
4013.37 secs, 290 evals, 216 steps, improv/step: 0.398 (last = 0.0000), fitness=2.567443910
4028.07 secs, 291 evals, 217 steps, improv/step: 0.401 (last = 1.0000), fitness=2.567443910
4041.98 secs, 292 evals, 218 steps, improv/step: 0.399 (last = 0.0000), fitness=2.567443910
4056.46 secs, 293 evals, 219 steps, improv/step: 0.397 (last = 0.0000), fitness=2.567443910
4070.74 secs, 294 evals, 220 steps, improv/step: 0.395 (last = 0.0000), fitness=2.567443910
4085.35 secs, 295 evals, 221 steps, improv/step: 0.394 (last = 0.0000), fitness=2.567443910
4099.42 secs, 296 evals, 222 steps, improv/step: 0.392 (last = 0.0000), fitness=2.567443910
4113.97 secs, 297 evals, 223 steps, improv/step: 0.390 (last = 0.0000), fitness=2.567443910
4128.32 secs, 298 evals, 224 steps, improv/step: 0.388 (last = 0.0000), fitness=2.567443910
4142.53 secs, 299 evals, 225 steps, improv/step: 0.387 (last = 0.0000), fitness=2.567443910
4156.97 secs, 300 evals, 226 steps, improv/step: 0.389 (last = 1.0000), fitness=2.567443910
4170.96 secs, 301 evals, 227 steps, improv/step: 0.388 (last = 0.0000), fitness=2.567443910
4185.16 secs, 302 evals, 228 steps, improv/step: 0.386 (last = 0.0000), fitness=2.567443910
4200.13 secs, 303 evals, 229 steps, improv/step: 0.389 (last = 1.0000), fitness=2.567443910
4214.56 secs, 304 evals, 230 steps, improv/step: 0.391 (last = 1.0000), fitness=2.567443910
4228.99 secs, 305 evals, 231 steps, improv/step: 0.394 (last = 1.0000), fitness=2.567443910
4243.80 secs, 306 evals, 232 steps, improv/step: 0.392 (last = 0.0000), fitness=2.567443910
4258.13 secs, 307 evals, 233 steps, improv/step: 0.395 (last = 1.0000), fitness=2.567443910
4272.98 secs, 308 evals, 234 steps, improv/step: 0.393 (last = 0.0000), fitness=2.567443910
4287.13 secs, 309 evals, 235 steps, improv/step: 0.391 (last = 0.0000), fitness=2.567443910
4301.64 secs, 310 evals, 236 steps, improv/step: 0.394 (last = 1.0000), fitness=2.567443910
4315.28 secs, 311 evals, 237 steps, improv/step: 0.392 (last = 0.0000), fitness=2.567443910
4329.83 secs, 312 evals, 238 steps, improv/step: 0.395 (last = 1.0000), fitness=2.547633487
4344.51 secs, 313 evals, 239 steps, improv/step: 0.397 (last = 1.0000), fitness=2.547633487
4357.54 secs, 314 evals, 240 steps, improv/step: 0.396 (last = 0.0000), fitness=2.547633487
4372.33 secs, 315 evals, 241 steps, improv/step: 0.394 (last = 0.0000), fitness=2.547633487
4386.64 secs, 316 evals, 242 steps, improv/step: 0.397 (last = 1.0000), fitness=2.547633487
4398.41 secs, 317 evals, 243 steps, improv/step: 0.395 (last = 0.0000), fitness=2.547633487
4411.26 secs, 318 evals, 244 steps, improv/step: 0.393 (last = 0.0000), fitness=2.547633487
4440.45 secs, 320 evals, 245 steps, improv/step: 0.392 (last = 0.0000), fitness=2.547633487
4455.32 secs, 321 evals, 246 steps, improv/step: 0.390 (last = 0.0000), fitness=2.547633487
4469.58 secs, 322 evals, 247 steps, improv/step: 0.389 (last = 0.0000), fitness=2.547633487
4484.31 secs, 323 evals, 248 steps, improv/step: 0.387 (last = 0.0000), fitness=2.547633487
4499.10 secs, 324 evals, 249 steps, improv/step: 0.390 (last = 1.0000), fitness=2.547633487
4513.54 secs, 325 evals, 250 steps, improv/step: 0.392 (last = 1.0000), fitness=2.547633487
4526.63 secs, 326 evals, 251 steps, improv/step: 0.390 (last = 0.0000), fitness=2.547633487
4541.58 secs, 327 evals, 252 steps, improv/step: 0.389 (last = 0.0000), fitness=2.547633487
4556.44 secs, 328 evals, 253 steps, improv/step: 0.387 (last = 0.0000), fitness=2.547633487
4570.80 secs, 329 evals, 254 steps, improv/step: 0.386 (last = 0.0000), fitness=2.547633487
4585.39 secs, 330 evals, 255 steps, improv/step: 0.388 (last = 1.0000), fitness=2.547633487
4600.26 secs, 331 evals, 256 steps, improv/step: 0.387 (last = 0.0000), fitness=2.547633487
4614.54 secs, 332 evals, 257 steps, improv/step: 0.385 (last = 0.0000), fitness=2.547633487
4628.25 secs, 333 evals, 258 steps, improv/step: 0.384 (last = 0.0000), fitness=2.547633487
4642.76 secs, 334 evals, 259 steps, improv/step: 0.386 (last = 1.0000), fitness=2.547633487
4657.29 secs, 335 evals, 260 steps, improv/step: 0.385 (last = 0.0000), fitness=2.547633487
4671.91 secs, 336 evals, 261 steps, improv/step: 0.383 (last = 0.0000), fitness=2.547633487
4686.45 secs, 337 evals, 262 steps, improv/step: 0.382 (last = 0.0000), fitness=2.547633487
4700.94 secs, 338 evals, 263 steps, improv/step: 0.384 (last = 1.0000), fitness=2.547633487
4714.99 secs, 339 evals, 264 steps, improv/step: 0.386 (last = 1.0000), fitness=2.547633487
4729.92 secs, 340 evals, 265 steps, improv/step: 0.385 (last = 0.0000), fitness=2.547633487
4744.47 secs, 341 evals, 266 steps, improv/step: 0.383 (last = 0.0000), fitness=2.547633487
4759.55 secs, 342 evals, 267 steps, improv/step: 0.382 (last = 0.0000), fitness=2.547633487
4774.23 secs, 343 evals, 268 steps, improv/step: 0.381 (last = 0.0000), fitness=2.547633487
4789.36 secs, 344 evals, 269 steps, improv/step: 0.379 (last = 0.0000), fitness=2.547633487
4804.27 secs, 345 evals, 270 steps, improv/step: 0.378 (last = 0.0000), fitness=2.547633487
4818.84 secs, 346 evals, 271 steps, improv/step: 0.376 (last = 0.0000), fitness=2.547633487
4833.49 secs, 347 evals, 272 steps, improv/step: 0.379 (last = 1.0000), fitness=2.547633487
4847.64 secs, 348 evals, 273 steps, improv/step: 0.377 (last = 0.0000), fitness=2.547633487
4862.02 secs, 349 evals, 274 steps, improv/step: 0.380 (last = 1.0000), fitness=2.547633487
4876.35 secs, 350 evals, 275 steps, improv/step: 0.378 (last = 0.0000), fitness=2.547633487
4891.02 secs, 351 evals, 276 steps, improv/step: 0.377 (last = 0.0000), fitness=2.547633487
4905.16 secs, 352 evals, 277 steps, improv/step: 0.379 (last = 1.0000), fitness=2.547633487
4919.66 secs, 353 evals, 278 steps, improv/step: 0.381 (last = 1.0000), fitness=2.547633487
4934.23 secs, 354 evals, 279 steps, improv/step: 0.384 (last = 1.0000), fitness=2.547633487
4948.52 secs, 355 evals, 280 steps, improv/step: 0.386 (last = 1.0000), fitness=2.547633487
4962.93 secs, 356 evals, 281 steps, improv/step: 0.384 (last = 0.0000), fitness=2.547633487
4977.26 secs, 357 evals, 282 steps, improv/step: 0.383 (last = 0.0000), fitness=2.547633487
4991.83 secs, 358 evals, 283 steps, improv/step: 0.382 (last = 0.0000), fitness=2.547633487
5006.26 secs, 359 evals, 284 steps, improv/step: 0.380 (last = 0.0000), fitness=2.547633487
5020.98 secs, 360 evals, 285 steps, improv/step: 0.379 (last = 0.0000), fitness=2.547633487
5035.69 secs, 361 evals, 286 steps, improv/step: 0.378 (last = 0.0000), fitness=2.547633487
5050.79 secs, 362 evals, 287 steps, improv/step: 0.376 (last = 0.0000), fitness=2.547633487
5064.93 secs, 363 evals, 288 steps, improv/step: 0.378 (last = 1.0000), fitness=2.547633487
5079.14 secs, 364 evals, 289 steps, improv/step: 0.377 (last = 0.0000), fitness=2.547633487
5093.70 secs, 365 evals, 290 steps, improv/step: 0.379 (last = 1.0000), fitness=2.547633487
5108.32 secs, 366 evals, 291 steps, improv/step: 0.381 (last = 1.0000), fitness=2.547633487
5123.27 secs, 367 evals, 292 steps, improv/step: 0.380 (last = 0.0000), fitness=2.547633487
5136.90 secs, 368 evals, 293 steps, improv/step: 0.379 (last = 0.0000), fitness=2.547633487
5151.33 secs, 369 evals, 294 steps, improv/step: 0.378 (last = 0.0000), fitness=2.547633487
5165.98 secs, 370 evals, 295 steps, improv/step: 0.376 (last = 0.0000), fitness=2.547633487
5194.42 secs, 372 evals, 296 steps, improv/step: 0.378 (last = 1.0000), fitness=2.547633487
5209.27 secs, 373 evals, 297 steps, improv/step: 0.377 (last = 0.0000), fitness=2.547633487
5223.76 secs, 374 evals, 298 steps, improv/step: 0.379 (last = 1.0000), fitness=2.547633487
5238.52 secs, 375 evals, 299 steps, improv/step: 0.378 (last = 0.0000), fitness=2.547633487
5253.63 secs, 376 evals, 300 steps, improv/step: 0.380 (last = 1.0000), fitness=2.547633487
5267.33 secs, 377 evals, 301 steps, improv/step: 0.379 (last = 0.0000), fitness=2.547633487
5280.54 secs, 378 evals, 302 steps, improv/step: 0.377 (last = 0.0000), fitness=2.547633487
5295.11 secs, 379 evals, 303 steps, improv/step: 0.376 (last = 0.0000), fitness=2.547633487
5309.86 secs, 380 evals, 304 steps, improv/step: 0.378 (last = 1.0000), fitness=2.547633487
5338.66 secs, 382 evals, 305 steps, improv/step: 0.377 (last = 0.0000), fitness=2.547633487
5352.87 secs, 383 evals, 306 steps, improv/step: 0.376 (last = 0.0000), fitness=2.547633487
5367.41 secs, 384 evals, 307 steps, improv/step: 0.375 (last = 0.0000), fitness=2.547633487
5382.05 secs, 385 evals, 308 steps, improv/step: 0.377 (last = 1.0000), fitness=2.547633487
5396.87 secs, 386 evals, 309 steps, improv/step: 0.375 (last = 0.0000), fitness=2.547633487
5411.65 secs, 387 evals, 310 steps, improv/step: 0.374 (last = 0.0000), fitness=2.547633487
5426.31 secs, 388 evals, 311 steps, improv/step: 0.376 (last = 1.0000), fitness=2.547633487
5440.67 secs, 389 evals, 312 steps, improv/step: 0.378 (last = 1.0000), fitness=2.547633487
5455.36 secs, 390 evals, 313 steps, improv/step: 0.380 (last = 1.0000), fitness=2.547633487
5469.67 secs, 391 evals, 314 steps, improv/step: 0.382 (last = 1.0000), fitness=2.547633487
5484.40 secs, 392 evals, 315 steps, improv/step: 0.381 (last = 0.0000), fitness=2.547633487
5499.02 secs, 393 evals, 316 steps, improv/step: 0.383 (last = 1.0000), fitness=2.547633487
5513.50 secs, 394 evals, 317 steps, improv/step: 0.382 (last = 0.0000), fitness=2.547633487
5542.27 secs, 396 evals, 318 steps, improv/step: 0.381 (last = 0.0000), fitness=2.547633487
5556.72 secs, 397 evals, 319 steps, improv/step: 0.382 (last = 1.0000), fitness=2.547633487
5571.46 secs, 398 evals, 320 steps, improv/step: 0.384 (last = 1.0000), fitness=2.547633487
5586.01 secs, 399 evals, 321 steps, improv/step: 0.383 (last = 0.0000), fitness=2.547633487
5614.90 secs, 401 evals, 322 steps, improv/step: 0.385 (last = 1.0000), fitness=2.547633487
5629.61 secs, 402 evals, 323 steps, improv/step: 0.384 (last = 0.0000), fitness=2.547633487
5644.23 secs, 403 evals, 324 steps, improv/step: 0.386 (last = 1.0000), fitness=2.547633487
5659.23 secs, 404 evals, 325 steps, improv/step: 0.385 (last = 0.0000), fitness=2.547633487
5673.90 secs, 405 evals, 326 steps, improv/step: 0.383 (last = 0.0000), fitness=2.547633487
5688.78 secs, 406 evals, 327 steps, improv/step: 0.382 (last = 0.0000), fitness=2.547633487
5703.40 secs, 407 evals, 328 steps, improv/step: 0.384 (last = 1.0000), fitness=2.547633487
5718.11 secs, 408 evals, 329 steps, improv/step: 0.386 (last = 1.0000), fitness=2.547633487
5732.61 secs, 409 evals, 330 steps, improv/step: 0.385 (last = 0.0000), fitness=2.547633487
5747.17 secs, 410 evals, 331 steps, improv/step: 0.387 (last = 1.0000), fitness=2.547633487
5761.89 secs, 411 evals, 332 steps, improv/step: 0.389 (last = 1.0000), fitness=2.547633487
5775.73 secs, 412 evals, 333 steps, improv/step: 0.387 (last = 0.0000), fitness=2.547633487
5790.36 secs, 413 evals, 334 steps, improv/step: 0.386 (last = 0.0000), fitness=2.547633487
5819.76 secs, 415 evals, 335 steps, improv/step: 0.385 (last = 0.0000), fitness=2.547633487
5833.77 secs, 416 evals, 336 steps, improv/step: 0.384 (last = 0.0000), fitness=2.547633487
5848.44 secs, 417 evals, 337 steps, improv/step: 0.383 (last = 0.0000), fitness=2.547633487
5863.01 secs, 418 evals, 338 steps, improv/step: 0.382 (last = 0.0000), fitness=2.547633487
5877.40 secs, 419 evals, 339 steps, improv/step: 0.381 (last = 0.0000), fitness=2.547633487
5891.89 secs, 420 evals, 340 steps, improv/step: 0.382 (last = 1.0000), fitness=2.547633487
5905.93 secs, 421 evals, 341 steps, improv/step: 0.381 (last = 0.0000), fitness=2.547633487
5920.71 secs, 422 evals, 342 steps, improv/step: 0.380 (last = 0.0000), fitness=2.547633487
5935.32 secs, 423 evals, 343 steps, improv/step: 0.379 (last = 0.0000), fitness=2.547633487
5949.10 secs, 424 evals, 344 steps, improv/step: 0.378 (last = 0.0000), fitness=2.547633487
5963.74 secs, 425 evals, 345 steps, improv/step: 0.377 (last = 0.0000), fitness=2.547633487
5978.54 secs, 426 evals, 346 steps, improv/step: 0.376 (last = 0.0000), fitness=2.547633487
5992.33 secs, 427 evals, 347 steps, improv/step: 0.375 (last = 0.0000), fitness=2.547633487
6006.67 secs, 428 evals, 348 steps, improv/step: 0.374 (last = 0.0000), fitness=2.547633487
6021.15 secs, 429 evals, 349 steps, improv/step: 0.375 (last = 1.0000), fitness=2.547633487
6034.87 secs, 430 evals, 350 steps, improv/step: 0.374 (last = 0.0000), fitness=2.547633487
6049.21 secs, 431 evals, 351 steps, improv/step: 0.373 (last = 0.0000), fitness=2.547633487
6063.85 secs, 432 evals, 352 steps, improv/step: 0.375 (last = 1.0000), fitness=2.547633487
6078.12 secs, 433 evals, 353 steps, improv/step: 0.374 (last = 0.0000), fitness=2.547633487
6093.07 secs, 434 evals, 354 steps, improv/step: 0.373 (last = 0.0000), fitness=2.547633487
6107.34 secs, 435 evals, 355 steps, improv/step: 0.372 (last = 0.0000), fitness=2.547633487
6122.21 secs, 436 evals, 356 steps, improv/step: 0.371 (last = 0.0000), fitness=2.547633487
6136.81 secs, 437 evals, 357 steps, improv/step: 0.373 (last = 1.0000), fitness=2.547633487
6151.33 secs, 438 evals, 358 steps, improv/step: 0.374 (last = 1.0000), fitness=2.547633487
6165.70 secs, 439 evals, 359 steps, improv/step: 0.373 (last = 0.0000), fitness=2.547633487
6180.29 secs, 440 evals, 360 steps, improv/step: 0.372 (last = 0.0000), fitness=2.547633487
6194.80 secs, 441 evals, 361 steps, improv/step: 0.374 (last = 1.0000), fitness=2.547633487
6208.99 secs, 442 evals, 362 steps, improv/step: 0.373 (last = 0.0000), fitness=2.547633487
6223.36 secs, 443 evals, 363 steps, improv/step: 0.372 (last = 0.0000), fitness=2.547633487
6237.90 secs, 444 evals, 364 steps, improv/step: 0.371 (last = 0.0000), fitness=2.547633487
6252.57 secs, 445 evals, 365 steps, improv/step: 0.370 (last = 0.0000), fitness=2.547633487
6267.00 secs, 446 evals, 366 steps, improv/step: 0.372 (last = 1.0000), fitness=2.547633487
6295.51 secs, 448 evals, 367 steps, improv/step: 0.373 (last = 1.0000), fitness=2.547633487
6310.04 secs, 449 evals, 368 steps, improv/step: 0.375 (last = 1.0000), fitness=2.376293775
6324.47 secs, 450 evals, 369 steps, improv/step: 0.377 (last = 1.0000), fitness=2.376293775
6338.74 secs, 451 evals, 370 steps, improv/step: 0.376 (last = 0.0000), fitness=2.376293775
6353.19 secs, 452 evals, 371 steps, improv/step: 0.375 (last = 0.0000), fitness=2.376293775
6367.51 secs, 453 evals, 372 steps, improv/step: 0.374 (last = 0.0000), fitness=2.376293775
6381.84 secs, 454 evals, 373 steps, improv/step: 0.373 (last = 0.0000), fitness=2.376293775
6396.29 secs, 455 evals, 374 steps, improv/step: 0.372 (last = 0.0000), fitness=2.376293775
6411.01 secs, 456 evals, 375 steps, improv/step: 0.373 (last = 1.0000), fitness=2.376293775
6440.54 secs, 458 evals, 376 steps, improv/step: 0.372 (last = 0.0000), fitness=2.376293775
6454.92 secs, 459 evals, 377 steps, improv/step: 0.371 (last = 0.0000), fitness=2.376293775
6469.90 secs, 460 evals, 378 steps, improv/step: 0.370 (last = 0.0000), fitness=2.376293775
6484.63 secs, 461 evals, 379 steps, improv/step: 0.369 (last = 0.0000), fitness=2.376293775
6499.22 secs, 462 evals, 380 steps, improv/step: 0.368 (last = 0.0000), fitness=2.376293775
6522.73 secs, 464 evals, 381 steps, improv/step: 0.367 (last = 0.0000), fitness=2.376293775
6537.01 secs, 465 evals, 382 steps, improv/step: 0.366 (last = 0.0000), fitness=2.376293775
6551.49 secs, 466 evals, 383 steps, improv/step: 0.368 (last = 1.0000), fitness=2.376293775
6566.09 secs, 467 evals, 384 steps, improv/step: 0.370 (last = 1.0000), fitness=2.376293775
6581.03 secs, 468 evals, 385 steps, improv/step: 0.369 (last = 0.0000), fitness=2.376293775
6594.32 secs, 469 evals, 386 steps, improv/step: 0.368 (last = 0.0000), fitness=2.376293775
6603.45 secs, 470 evals, 387 steps, improv/step: 0.367 (last = 0.0000), fitness=2.376293775
6617.85 secs, 471 evals, 388 steps, improv/step: 0.366 (last = 0.0000), fitness=2.376293775
6632.70 secs, 472 evals, 389 steps, improv/step: 0.365 (last = 0.0000), fitness=2.376293775
6647.28 secs, 473 evals, 390 steps, improv/step: 0.367 (last = 1.0000), fitness=2.376293775
6661.48 secs, 474 evals, 391 steps, improv/step: 0.366 (last = 0.0000), fitness=2.376293775
6676.09 secs, 475 evals, 392 steps, improv/step: 0.367 (last = 1.0000), fitness=2.376293775
6690.54 secs, 476 evals, 393 steps, improv/step: 0.369 (last = 1.0000), fitness=2.376293775
6705.34 secs, 477 evals, 394 steps, improv/step: 0.368 (last = 0.0000), fitness=2.376293775
6720.11 secs, 478 evals, 395 steps, improv/step: 0.367 (last = 0.0000), fitness=2.376293775
6730.79 secs, 479 evals, 396 steps, improv/step: 0.366 (last = 0.0000), fitness=2.376293775
6744.99 secs, 480 evals, 397 steps, improv/step: 0.365 (last = 0.0000), fitness=2.376293775
6759.30 secs, 481 evals, 398 steps, improv/step: 0.364 (last = 0.0000), fitness=2.376293775
6773.89 secs, 482 evals, 399 steps, improv/step: 0.366 (last = 1.0000), fitness=2.376293775
6788.19 secs, 483 evals, 400 steps, improv/step: 0.365 (last = 0.0000), fitness=2.376293775
6802.83 secs, 484 evals, 401 steps, improv/step: 0.367 (last = 1.0000), fitness=2.376293775
6815.01 secs, 485 evals, 402 steps, improv/step: 0.366 (last = 0.0000), fitness=2.376293775
6829.53 secs, 486 evals, 403 steps, improv/step: 0.365 (last = 0.0000), fitness=2.376293775
6844.04 secs, 487 evals, 404 steps, improv/step: 0.366 (last = 1.0000), fitness=2.376293775
6858.62 secs, 488 evals, 405 steps, improv/step: 0.365 (last = 0.0000), fitness=2.376293775
6873.37 secs, 489 evals, 406 steps, improv/step: 0.367 (last = 1.0000), fitness=2.376293775
6887.83 secs, 490 evals, 407 steps, improv/step: 0.369 (last = 1.0000), fitness=2.376293775
6902.40 secs, 491 evals, 408 steps, improv/step: 0.368 (last = 0.0000), fitness=2.376293775
6916.89 secs, 492 evals, 409 steps, improv/step: 0.367 (last = 0.0000), fitness=2.376293775
6931.51 secs, 493 evals, 410 steps, improv/step: 0.368 (last = 1.0000), fitness=2.376293775
6945.99 secs, 494 evals, 411 steps, improv/step: 0.370 (last = 1.0000), fitness=2.376293775
6960.50 secs, 495 evals, 412 steps, improv/step: 0.371 (last = 1.0000), fitness=2.376293775
6975.35 secs, 496 evals, 413 steps, improv/step: 0.373 (last = 1.0000), fitness=2.376293775
6990.23 secs, 497 evals, 414 steps, improv/step: 0.372 (last = 0.0000), fitness=2.376293775
7004.63 secs, 498 evals, 415 steps, improv/step: 0.371 (last = 0.0000), fitness=2.376293775
7019.28 secs, 499 evals, 416 steps, improv/step: 0.373 (last = 1.0000), fitness=2.376293775
7033.94 secs, 500 evals, 417 steps, improv/step: 0.374 (last = 1.0000), fitness=2.376293775
7048.31 secs, 501 evals, 418 steps, improv/step: 0.373 (last = 0.0000), fitness=2.376293775
7062.16 secs, 502 evals, 419 steps, improv/step: 0.372 (last = 0.0000), fitness=2.376293775
7076.61 secs, 503 evals, 420 steps, improv/step: 0.371 (last = 0.0000), fitness=2.376293775
7090.92 secs, 504 evals, 421 steps, improv/step: 0.371 (last = 0.0000), fitness=2.376293775
7104.44 secs, 505 evals, 422 steps, improv/step: 0.370 (last = 0.0000), fitness=2.376293775
7119.07 secs, 506 evals, 423 steps, improv/step: 0.369 (last = 0.0000), fitness=2.376293775
7133.65 secs, 507 evals, 424 steps, improv/step: 0.370 (last = 1.0000), fitness=2.376293775
7145.08 secs, 508 evals, 425 steps, improv/step: 0.369 (last = 0.0000), fitness=2.376293775
7159.62 secs, 509 evals, 426 steps, improv/step: 0.371 (last = 1.0000), fitness=2.376293775
7174.26 secs, 510 evals, 427 steps, improv/step: 0.370 (last = 0.0000), fitness=2.376293775
7188.68 secs, 511 evals, 428 steps, improv/step: 0.371 (last = 1.0000), fitness=2.376293775
7203.39 secs, 512 evals, 429 steps, improv/step: 0.371 (last = 0.0000), fitness=2.376293775
7218.00 secs, 513 evals, 430 steps, improv/step: 0.372 (last = 1.0000), fitness=2.376293775
7232.61 secs, 514 evals, 431 steps, improv/step: 0.371 (last = 0.0000), fitness=2.376293775
7246.93 secs, 515 evals, 432 steps, improv/step: 0.370 (last = 0.0000), fitness=2.376293775
7261.79 secs, 516 evals, 433 steps, improv/step: 0.370 (last = 0.0000), fitness=2.376293775
7276.41 secs, 517 evals, 434 steps, improv/step: 0.369 (last = 0.0000), fitness=2.376293775
7290.84 secs, 518 evals, 435 steps, improv/step: 0.368 (last = 0.0000), fitness=2.376293775
7305.69 secs, 519 evals, 436 steps, improv/step: 0.367 (last = 0.0000), fitness=2.376293775
7320.19 secs, 520 evals, 437 steps, improv/step: 0.368 (last = 1.0000), fitness=2.376293775
7334.96 secs, 521 evals, 438 steps, improv/step: 0.368 (last = 0.0000), fitness=2.376293775
7347.24 secs, 522 evals, 439 steps, improv/step: 0.367 (last = 0.0000), fitness=2.376293775
7361.88 secs, 523 evals, 440 steps, improv/step: 0.366 (last = 0.0000), fitness=2.376293775
7376.68 secs, 524 evals, 441 steps, improv/step: 0.365 (last = 0.0000), fitness=2.376293775
7391.04 secs, 525 evals, 442 steps, improv/step: 0.364 (last = 0.0000), fitness=2.376293775
7405.86 secs, 526 evals, 443 steps, improv/step: 0.363 (last = 0.0000), fitness=2.376293775
7420.20 secs, 527 evals, 444 steps, improv/step: 0.363 (last = 0.0000), fitness=2.376293775
7434.46 secs, 528 evals, 445 steps, improv/step: 0.362 (last = 0.0000), fitness=2.376293775
7449.12 secs, 529 evals, 446 steps, improv/step: 0.361 (last = 0.0000), fitness=2.376293775
7464.07 secs, 530 evals, 447 steps, improv/step: 0.360 (last = 0.0000), fitness=2.376293775
7478.64 secs, 531 evals, 448 steps, improv/step: 0.362 (last = 1.0000), fitness=2.376293775
7493.26 secs, 532 evals, 449 steps, improv/step: 0.361 (last = 0.0000), fitness=2.376293775
7507.67 secs, 533 evals, 450 steps, improv/step: 0.360 (last = 0.0000), fitness=2.376293775
7522.34 secs, 534 evals, 451 steps, improv/step: 0.359 (last = 0.0000), fitness=2.376293775
7537.38 secs, 535 evals, 452 steps, improv/step: 0.358 (last = 0.0000), fitness=2.376293775
7551.99 secs, 536 evals, 453 steps, improv/step: 0.358 (last = 0.0000), fitness=2.376293775
7566.90 secs, 537 evals, 454 steps, improv/step: 0.357 (last = 0.0000), fitness=2.376293775
7595.91 secs, 539 evals, 455 steps, improv/step: 0.356 (last = 0.0000), fitness=2.376293775
7610.76 secs, 540 evals, 456 steps, improv/step: 0.355 (last = 0.0000), fitness=2.376293775
7625.55 secs, 541 evals, 457 steps, improv/step: 0.357 (last = 1.0000), fitness=2.376293775
7639.97 secs, 542 evals, 458 steps, improv/step: 0.358 (last = 1.0000), fitness=2.376293775
7654.66 secs, 543 evals, 459 steps, improv/step: 0.357 (last = 0.0000), fitness=2.376293775
7669.16 secs, 544 evals, 460 steps, improv/step: 0.357 (last = 0.0000), fitness=2.376293775
7683.67 secs, 545 evals, 461 steps, improv/step: 0.356 (last = 0.0000), fitness=2.376293775
7698.62 secs, 546 evals, 462 steps, improv/step: 0.355 (last = 0.0000), fitness=2.376293775
7713.50 secs, 547 evals, 463 steps, improv/step: 0.354 (last = 0.0000), fitness=2.376293775
7728.09 secs, 548 evals, 464 steps, improv/step: 0.356 (last = 1.0000), fitness=2.376293775
7742.92 secs, 549 evals, 465 steps, improv/step: 0.355 (last = 0.0000), fitness=2.376293775
7757.35 secs, 550 evals, 466 steps, improv/step: 0.354 (last = 0.0000), fitness=2.376293775
7772.00 secs, 551 evals, 467 steps, improv/step: 0.353 (last = 0.0000), fitness=2.376293775
7786.25 secs, 552 evals, 468 steps, improv/step: 0.353 (last = 0.0000), fitness=2.376293775
7800.85 secs, 553 evals, 469 steps, improv/step: 0.352 (last = 0.0000), fitness=2.376293775
7815.53 secs, 554 evals, 470 steps, improv/step: 0.351 (last = 0.0000), fitness=2.376293775
7830.06 secs, 555 evals, 471 steps, improv/step: 0.350 (last = 0.0000), fitness=2.376293775
7844.71 secs, 556 evals, 472 steps, improv/step: 0.350 (last = 0.0000), fitness=2.376293775
7859.32 secs, 557 evals, 473 steps, improv/step: 0.349 (last = 0.0000), fitness=2.376293775
7873.79 secs, 558 evals, 474 steps, improv/step: 0.350 (last = 1.0000), fitness=2.376293775
7888.41 secs, 559 evals, 475 steps, improv/step: 0.352 (last = 1.0000), fitness=2.376293775
7902.94 secs, 560 evals, 476 steps, improv/step: 0.353 (last = 1.0000), fitness=2.376293775
7917.47 secs, 561 evals, 477 steps, improv/step: 0.352 (last = 0.0000), fitness=2.376293775
7932.14 secs, 562 evals, 478 steps, improv/step: 0.354 (last = 1.0000), fitness=2.376293775
7946.72 secs, 563 evals, 479 steps, improv/step: 0.355 (last = 1.0000), fitness=2.376293775
7961.11 secs, 564 evals, 480 steps, improv/step: 0.354 (last = 0.0000), fitness=2.376293775
7975.54 secs, 565 evals, 481 steps, improv/step: 0.353 (last = 0.0000), fitness=2.376293775
7990.03 secs, 566 evals, 482 steps, improv/step: 0.353 (last = 0.0000), fitness=2.376293775
8004.44 secs, 567 evals, 483 steps, improv/step: 0.352 (last = 0.0000), fitness=2.376293775
8018.88 secs, 568 evals, 484 steps, improv/step: 0.351 (last = 0.0000), fitness=2.376293775
8033.22 secs, 569 evals, 485 steps, improv/step: 0.351 (last = 0.0000), fitness=2.376293775
8047.90 secs, 570 evals, 486 steps, improv/step: 0.352 (last = 1.0000), fitness=2.376293775
8062.63 secs, 571 evals, 487 steps, improv/step: 0.351 (last = 0.0000), fitness=2.376293775
8077.32 secs, 572 evals, 488 steps, improv/step: 0.350 (last = 0.0000), fitness=2.376293775
8091.89 secs, 573 evals, 489 steps, improv/step: 0.352 (last = 1.0000), fitness=2.376293775
8106.52 secs, 574 evals, 490 steps, improv/step: 0.353 (last = 1.0000), fitness=2.376293775
8120.65 secs, 575 evals, 491 steps, improv/step: 0.352 (last = 0.0000), fitness=2.376293775
8135.51 secs, 576 evals, 492 steps, improv/step: 0.352 (last = 0.0000), fitness=2.376293775
8150.13 secs, 577 evals, 493 steps, improv/step: 0.353 (last = 1.0000), fitness=2.376293775
8164.69 secs, 578 evals, 494 steps, improv/step: 0.352 (last = 0.0000), fitness=2.376293775
8179.01 secs, 579 evals, 495 steps, improv/step: 0.352 (last = 0.0000), fitness=2.376293775
8193.51 secs, 580 evals, 496 steps, improv/step: 0.351 (last = 0.0000), fitness=2.376293775
8208.11 secs, 581 evals, 497 steps, improv/step: 0.350 (last = 0.0000), fitness=2.376293775
8222.65 secs, 582 evals, 498 steps, improv/step: 0.349 (last = 0.0000), fitness=2.376293775
8237.23 secs, 583 evals, 499 steps, improv/step: 0.349 (last = 0.0000), fitness=2.376293775
8251.72 secs, 584 evals, 500 steps, improv/step: 0.350 (last = 1.0000), fitness=2.376293775
8266.27 secs, 585 evals, 501 steps, improv/step: 0.351 (last = 1.0000), fitness=2.376293775
8280.84 secs, 586 evals, 502 steps, improv/step: 0.351 (last = 0.0000), fitness=2.376293775
8295.35 secs, 587 evals, 503 steps, improv/step: 0.350 (last = 0.0000), fitness=2.376293775
8309.96 secs, 588 evals, 504 steps, improv/step: 0.349 (last = 0.0000), fitness=2.376293775
8339.02 secs, 590 evals, 505 steps, improv/step: 0.350 (last = 1.0000), fitness=2.376293775
8353.91 secs, 591 evals, 506 steps, improv/step: 0.350 (last = 0.0000), fitness=2.376293775
8368.54 secs, 592 evals, 507 steps, improv/step: 0.351 (last = 1.0000), fitness=2.376293775
8383.05 secs, 593 evals, 508 steps, improv/step: 0.350 (last = 0.0000), fitness=2.376293775
8397.54 secs, 594 evals, 509 steps, improv/step: 0.350 (last = 0.0000), fitness=2.376293775
8412.13 secs, 595 evals, 510 steps, improv/step: 0.349 (last = 0.0000), fitness=2.376293775
8426.52 secs, 596 evals, 511 steps, improv/step: 0.348 (last = 0.0000), fitness=2.376293775
8441.13 secs, 597 evals, 512 steps, improv/step: 0.350 (last = 1.0000), fitness=2.376293775
8455.93 secs, 598 evals, 513 steps, improv/step: 0.349 (last = 0.0000), fitness=2.376293775
8470.79 secs, 599 evals, 514 steps, improv/step: 0.348 (last = 0.0000), fitness=2.376293775
8485.77 secs, 600 evals, 515 steps, improv/step: 0.348 (last = 0.0000), fitness=2.376293775
8500.37 secs, 601 evals, 516 steps, improv/step: 0.349 (last = 1.0000), fitness=2.376293775
8515.12 secs, 602 evals, 517 steps, improv/step: 0.348 (last = 0.0000), fitness=2.376293775
8529.91 secs, 603 evals, 518 steps, improv/step: 0.349 (last = 1.0000), fitness=2.376293775
8544.85 secs, 604 evals, 519 steps, improv/step: 0.349 (last = 0.0000), fitness=2.376293775
8559.40 secs, 605 evals, 520 steps, improv/step: 0.350 (last = 1.0000), fitness=2.376293775
8573.91 secs, 606 evals, 521 steps, improv/step: 0.349 (last = 0.0000), fitness=2.376293775
8588.80 secs, 607 evals, 522 steps, improv/step: 0.349 (last = 0.0000), fitness=2.376293775
8603.16 secs, 608 evals, 523 steps, improv/step: 0.350 (last = 1.0000), fitness=2.376293775
8617.65 secs, 609 evals, 524 steps, improv/step: 0.349 (last = 0.0000), fitness=2.376293775
8631.98 secs, 610 evals, 525 steps, improv/step: 0.349 (last = 0.0000), fitness=2.376293775
8646.55 secs, 611 evals, 526 steps, improv/step: 0.350 (last = 1.0000), fitness=2.376293775
8661.57 secs, 612 evals, 527 steps, improv/step: 0.349 (last = 0.0000), fitness=2.376293775
8676.43 secs, 613 evals, 528 steps, improv/step: 0.348 (last = 0.0000), fitness=2.376293775
8691.13 secs, 614 evals, 529 steps, improv/step: 0.350 (last = 1.0000), fitness=2.376293775
8705.78 secs, 615 evals, 530 steps, improv/step: 0.351 (last = 1.0000), fitness=2.376293775
8720.42 secs, 616 evals, 531 steps, improv/step: 0.350 (last = 0.0000), fitness=2.376293775
8735.05 secs, 617 evals, 532 steps, improv/step: 0.350 (last = 0.0000), fitness=2.376293775
8749.40 secs, 618 evals, 533 steps, improv/step: 0.349 (last = 0.0000), fitness=2.376293775
8763.98 secs, 619 evals, 534 steps, improv/step: 0.348 (last = 0.0000), fitness=2.376293775
8778.46 secs, 620 evals, 535 steps, improv/step: 0.348 (last = 0.0000), fitness=2.376293775
8793.04 secs, 621 evals, 536 steps, improv/step: 0.349 (last = 1.0000), fitness=2.376293775
8807.34 secs, 622 evals, 537 steps, improv/step: 0.348 (last = 0.0000), fitness=2.376293775
8821.87 secs, 623 evals, 538 steps, improv/step: 0.348 (last = 0.0000), fitness=2.376293775
8836.29 secs, 624 evals, 539 steps, improv/step: 0.347 (last = 0.0000), fitness=2.376293775
8850.81 secs, 625 evals, 540 steps, improv/step: 0.346 (last = 0.0000), fitness=2.376293775
8865.35 secs, 626 evals, 541 steps, improv/step: 0.346 (last = 0.0000), fitness=2.376293775
8879.85 secs, 627 evals, 542 steps, improv/step: 0.347 (last = 1.0000), fitness=2.376293775
8894.47 secs, 628 evals, 543 steps, improv/step: 0.348 (last = 1.0000), fitness=2.376293775
8908.90 secs, 629 evals, 544 steps, improv/step: 0.347 (last = 0.0000), fitness=2.376293775
8923.56 secs, 630 evals, 545 steps, improv/step: 0.347 (last = 0.0000), fitness=2.376293775
8938.18 secs, 631 evals, 546 steps, improv/step: 0.346 (last = 0.0000), fitness=2.376293775
8953.02 secs, 632 evals, 547 steps, improv/step: 0.347 (last = 1.0000), fitness=2.376293775
8967.66 secs, 633 evals, 548 steps, improv/step: 0.347 (last = 0.0000), fitness=2.376293775
8982.36 secs, 634 evals, 549 steps, improv/step: 0.348 (last = 1.0000), fitness=2.376293775
8997.02 secs, 635 evals, 550 steps, improv/step: 0.347 (last = 0.0000), fitness=2.376293775
9011.33 secs, 636 evals, 551 steps, improv/step: 0.347 (last = 0.0000), fitness=2.376293775
9026.17 secs, 637 evals, 552 steps, improv/step: 0.348 (last = 1.0000), fitness=2.376293775
9040.38 secs, 638 evals, 553 steps, improv/step: 0.347 (last = 0.0000), fitness=2.376293775
9054.78 secs, 639 evals, 554 steps, improv/step: 0.348 (last = 1.0000), fitness=2.376293775
9069.49 secs, 640 evals, 555 steps, improv/step: 0.350 (last = 1.0000), fitness=2.376293775
9083.91 secs, 641 evals, 556 steps, improv/step: 0.349 (last = 0.0000), fitness=2.376293775
9098.21 secs, 642 evals, 557 steps, improv/step: 0.348 (last = 0.0000), fitness=2.376293775
9112.62 secs, 643 evals, 558 steps, improv/step: 0.349 (last = 1.0000), fitness=2.376293775
9127.12 secs, 644 evals, 559 steps, improv/step: 0.349 (last = 0.0000), fitness=2.376293775
9141.52 secs, 645 evals, 560 steps, improv/step: 0.350 (last = 1.0000), fitness=2.376293775
9156.30 secs, 646 evals, 561 steps, improv/step: 0.349 (last = 0.0000), fitness=2.376293775
9171.19 secs, 647 evals, 562 steps, improv/step: 0.349 (last = 0.0000), fitness=2.376293775
9186.09 secs, 648 evals, 563 steps, improv/step: 0.350 (last = 1.0000), fitness=2.376293775
9200.80 secs, 649 evals, 564 steps, improv/step: 0.349 (last = 0.0000), fitness=2.376293775
9215.41 secs, 650 evals, 565 steps, improv/step: 0.350 (last = 1.0000), fitness=2.376293775
9229.90 secs, 651 evals, 566 steps, improv/step: 0.350 (last = 0.0000), fitness=2.376293775
9244.39 secs, 652 evals, 567 steps, improv/step: 0.351 (last = 1.0000), fitness=2.376293775
9259.01 secs, 653 evals, 568 steps, improv/step: 0.352 (last = 1.0000), fitness=2.376293775
9273.74 secs, 654 evals, 569 steps, improv/step: 0.353 (last = 1.0000), fitness=2.376293775
9288.65 secs, 655 evals, 570 steps, improv/step: 0.353 (last = 0.0000), fitness=2.376293775
9303.19 secs, 656 evals, 571 steps, improv/step: 0.352 (last = 0.0000), fitness=2.376293775
9317.79 secs, 657 evals, 572 steps, improv/step: 0.351 (last = 0.0000), fitness=2.376293775
9332.41 secs, 658 evals, 573 steps, improv/step: 0.351 (last = 0.0000), fitness=2.376293775
9347.10 secs, 659 evals, 574 steps, improv/step: 0.350 (last = 0.0000), fitness=2.376293775
9361.70 secs, 660 evals, 575 steps, improv/step: 0.350 (last = 0.0000), fitness=2.376293775
9376.40 secs, 661 evals, 576 steps, improv/step: 0.349 (last = 0.0000), fitness=2.376293775
9390.97 secs, 662 evals, 577 steps, improv/step: 0.348 (last = 0.0000), fitness=2.376293775
9405.18 secs, 663 evals, 578 steps, improv/step: 0.348 (last = 0.0000), fitness=2.376293775
9419.73 secs, 664 evals, 579 steps, improv/step: 0.347 (last = 0.0000), fitness=2.376293775
9434.18 secs, 665 evals, 580 steps, improv/step: 0.347 (last = 0.0000), fitness=2.376293775
9448.89 secs, 666 evals, 581 steps, improv/step: 0.346 (last = 0.0000), fitness=2.376293775
9463.17 secs, 667 evals, 582 steps, improv/step: 0.345 (last = 0.0000), fitness=2.376293775
9477.77 secs, 668 evals, 583 steps, improv/step: 0.345 (last = 0.0000), fitness=2.376293775
9492.39 secs, 669 evals, 584 steps, improv/step: 0.346 (last = 1.0000), fitness=2.376293775
9507.01 secs, 670 evals, 585 steps, improv/step: 0.345 (last = 0.0000), fitness=2.376293775
9521.68 secs, 671 evals, 586 steps, improv/step: 0.345 (last = 0.0000), fitness=2.376293775
9536.09 secs, 672 evals, 587 steps, improv/step: 0.344 (last = 0.0000), fitness=2.376293775
9550.94 secs, 673 evals, 588 steps, improv/step: 0.344 (last = 0.0000), fitness=2.376293775
9565.49 secs, 674 evals, 589 steps, improv/step: 0.343 (last = 0.0000), fitness=2.376293775
9580.13 secs, 675 evals, 590 steps, improv/step: 0.344 (last = 1.0000), fitness=2.376293775
9594.78 secs, 676 evals, 591 steps, improv/step: 0.343 (last = 0.0000), fitness=2.376293775
9609.30 secs, 677 evals, 592 steps, improv/step: 0.345 (last = 1.0000), fitness=2.376293775
9623.94 secs, 678 evals, 593 steps, improv/step: 0.344 (last = 0.0000), fitness=2.376293775
9638.57 secs, 679 evals, 594 steps, improv/step: 0.343 (last = 0.0000), fitness=2.376293775
9653.26 secs, 680 evals, 595 steps, improv/step: 0.343 (last = 0.0000), fitness=2.376293775
9667.67 secs, 681 evals, 596 steps, improv/step: 0.342 (last = 0.0000), fitness=2.376293775
9682.24 secs, 682 evals, 597 steps, improv/step: 0.342 (last = 0.0000), fitness=2.376293775
9696.69 secs, 683 evals, 598 steps, improv/step: 0.341 (last = 0.0000), fitness=2.376293775
9711.37 secs, 684 evals, 599 steps, improv/step: 0.341 (last = 0.0000), fitness=2.376293775
9725.88 secs, 685 evals, 600 steps, improv/step: 0.340 (last = 0.0000), fitness=2.376293775
9740.62 secs, 686 evals, 601 steps, improv/step: 0.339 (last = 0.0000), fitness=2.376293775
9755.23 secs, 687 evals, 602 steps, improv/step: 0.339 (last = 0.0000), fitness=2.376293775
9769.80 secs, 688 evals, 603 steps, improv/step: 0.340 (last = 1.0000), fitness=2.376293775
9784.26 secs, 689 evals, 604 steps, improv/step: 0.339 (last = 0.0000), fitness=2.376293775
9798.77 secs, 690 evals, 605 steps, improv/step: 0.339 (last = 0.0000), fitness=2.376293775
9813.59 secs, 691 evals, 606 steps, improv/step: 0.338 (last = 0.0000), fitness=2.376293775
9828.16 secs, 692 evals, 607 steps, improv/step: 0.338 (last = 0.0000), fitness=2.376293775
9842.95 secs, 693 evals, 608 steps, improv/step: 0.337 (last = 0.0000), fitness=2.376293775
9857.00 secs, 694 evals, 609 steps, improv/step: 0.337 (last = 0.0000), fitness=2.376293775
9871.47 secs, 695 evals, 610 steps, improv/step: 0.336 (last = 0.0000), fitness=2.376293775
9886.06 secs, 696 evals, 611 steps, improv/step: 0.337 (last = 1.0000), fitness=2.376293775
9900.71 secs, 697 evals, 612 steps, improv/step: 0.337 (last = 0.0000), fitness=2.376293775
9915.41 secs, 698 evals, 613 steps, improv/step: 0.338 (last = 1.0000), fitness=2.376293775
9930.16 secs, 699 evals, 614 steps, improv/step: 0.337 (last = 0.0000), fitness=2.376293775
9944.65 secs, 700 evals, 615 steps, improv/step: 0.337 (last = 0.0000), fitness=2.376293775
9959.27 secs, 701 evals, 616 steps, improv/step: 0.338 (last = 1.0000), fitness=2.376293775
9973.84 secs, 702 evals, 617 steps, improv/step: 0.337 (last = 0.0000), fitness=2.376293775
9988.63 secs, 703 evals, 618 steps, improv/step: 0.338 (last = 1.0000), fitness=2.376293775
10003.27 secs, 704 evals, 619 steps, improv/step: 0.339 (last = 1.0000), fitness=2.376293775
10017.96 secs, 705 evals, 620 steps, improv/step: 0.340 (last = 1.0000), fitness=2.376293775
10032.53 secs, 706 evals, 621 steps, improv/step: 0.340 (last = 0.0000), fitness=2.376293775
10047.37 secs, 707 evals, 622 steps, improv/step: 0.339 (last = 0.0000), fitness=2.376293775
10062.07 secs, 708 evals, 623 steps, improv/step: 0.339 (last = 0.0000), fitness=2.376293775
10076.70 secs, 709 evals, 624 steps, improv/step: 0.338 (last = 0.0000), fitness=2.376293775
10091.23 secs, 710 evals, 625 steps, improv/step: 0.339 (last = 1.0000), fitness=2.376293775
10105.64 secs, 711 evals, 626 steps, improv/step: 0.339 (last = 0.0000), fitness=2.376293775
10120.13 secs, 712 evals, 627 steps, improv/step: 0.340 (last = 1.0000), fitness=2.376293775
10134.63 secs, 713 evals, 628 steps, improv/step: 0.339 (last = 0.0000), fitness=2.376293775
10149.24 secs, 714 evals, 629 steps, improv/step: 0.339 (last = 0.0000), fitness=2.376293775
10163.98 secs, 715 evals, 630 steps, improv/step: 0.338 (last = 0.0000), fitness=2.376293775
10178.59 secs, 716 evals, 631 steps, improv/step: 0.338 (last = 0.0000), fitness=2.376293775
10193.16 secs, 717 evals, 632 steps, improv/step: 0.337 (last = 0.0000), fitness=2.376293775
10207.92 secs, 718 evals, 633 steps, improv/step: 0.336 (last = 0.0000), fitness=2.376293775
10221.87 secs, 719 evals, 634 steps, improv/step: 0.336 (last = 0.0000), fitness=2.376293775
10236.67 secs, 720 evals, 635 steps, improv/step: 0.337 (last = 1.0000), fitness=2.376293775
10251.30 secs, 721 evals, 636 steps, improv/step: 0.338 (last = 1.0000), fitness=2.376293775
10265.99 secs, 722 evals, 637 steps, improv/step: 0.339 (last = 1.0000), fitness=2.376293775
10280.45 secs, 723 evals, 638 steps, improv/step: 0.340 (last = 1.0000), fitness=2.376293775
10295.15 secs, 724 evals, 639 steps, improv/step: 0.340 (last = 0.0000), fitness=2.376293775
10309.45 secs, 725 evals, 640 steps, improv/step: 0.339 (last = 0.0000), fitness=2.376293775
10324.05 secs, 726 evals, 641 steps, improv/step: 0.339 (last = 0.0000), fitness=2.376293775
10338.65 secs, 727 evals, 642 steps, improv/step: 0.338 (last = 0.0000), fitness=2.376293775
10353.27 secs, 728 evals, 643 steps, improv/step: 0.337 (last = 0.0000), fitness=2.376293775
10367.90 secs, 729 evals, 644 steps, improv/step: 0.337 (last = 0.0000), fitness=2.376293775
10382.49 secs, 730 evals, 645 steps, improv/step: 0.336 (last = 0.0000), fitness=2.376293775
10396.94 secs, 731 evals, 646 steps, improv/step: 0.336 (last = 0.0000), fitness=2.376293775
10411.54 secs, 732 evals, 647 steps, improv/step: 0.335 (last = 0.0000), fitness=2.376293775
10425.89 secs, 733 evals, 648 steps, improv/step: 0.335 (last = 0.0000), fitness=2.376293775
10440.52 secs, 734 evals, 649 steps, improv/step: 0.336 (last = 1.0000), fitness=2.376293775
10454.92 secs, 735 evals, 650 steps, improv/step: 0.337 (last = 1.0000), fitness=2.376293775
10469.37 secs, 736 evals, 651 steps, improv/step: 0.338 (last = 1.0000), fitness=2.376293775
10483.92 secs, 737 evals, 652 steps, improv/step: 0.339 (last = 1.0000), fitness=2.376293775
10498.64 secs, 738 evals, 653 steps, improv/step: 0.338 (last = 0.0000), fitness=2.376293775
10513.20 secs, 739 evals, 654 steps, improv/step: 0.338 (last = 0.0000), fitness=2.376293775
10527.82 secs, 740 evals, 655 steps, improv/step: 0.339 (last = 1.0000), fitness=2.376293775
10542.13 secs, 741 evals, 656 steps, improv/step: 0.338 (last = 0.0000), fitness=2.376293775
10556.69 secs, 742 evals, 657 steps, improv/step: 0.339 (last = 1.0000), fitness=2.376293775
10571.18 secs, 743 evals, 658 steps, improv/step: 0.339 (last = 0.0000), fitness=2.376293775
10585.71 secs, 744 evals, 659 steps, improv/step: 0.340 (last = 1.0000), fitness=2.376293775
10599.96 secs, 745 evals, 660 steps, improv/step: 0.339 (last = 0.0000), fitness=2.376293775
10614.61 secs, 746 evals, 661 steps, improv/step: 0.340 (last = 1.0000), fitness=2.376293775
10629.22 secs, 747 evals, 662 steps, improv/step: 0.340 (last = 0.0000), fitness=2.376293775
10643.74 secs, 748 evals, 663 steps, improv/step: 0.339 (last = 0.0000), fitness=2.376293775
10658.22 secs, 749 evals, 664 steps, improv/step: 0.340 (last = 1.0000), fitness=2.376293775
10672.78 secs, 750 evals, 665 steps, improv/step: 0.341 (last = 1.0000), fitness=2.376293775
10687.32 secs, 751 evals, 666 steps, improv/step: 0.341 (last = 0.0000), fitness=2.376293775
10702.15 secs, 752 evals, 667 steps, improv/step: 0.340 (last = 0.0000), fitness=2.376293775
10716.44 secs, 753 evals, 668 steps, improv/step: 0.340 (last = 0.0000), fitness=2.376293775
10730.65 secs, 754 evals, 669 steps, improv/step: 0.339 (last = 0.0000), fitness=2.376293775
10745.09 secs, 755 evals, 670 steps, improv/step: 0.339 (last = 0.0000), fitness=2.376293775
10759.82 secs, 756 evals, 671 steps, improv/step: 0.338 (last = 0.0000), fitness=2.376293775
10774.55 secs, 757 evals, 672 steps, improv/step: 0.338 (last = 0.0000), fitness=2.376293775
10789.37 secs, 758 evals, 673 steps, improv/step: 0.337 (last = 0.0000), fitness=2.376293775

Optimization stopped after 674 steps and 10803.53 seconds
Termination reason: Max time (10800.0 s) reached
Steps per second = 0.06
Function evals per second = 0.07
Improvements/step = Inf
Total function evaluations = 759


Best candidate found: [0.496096, 0.656413]

Fitness: 2.376293775

