N_Jobs_Total: 144
Starting optimization with optimizer DiffEvoOpt{FitPopulation{Float64}, RadiusLimitedSelector, BlackBoxOptim.AdaptiveDiffEvoRandBin{3}, RandomBound{ContinuousRectSearchSpace}}
0.00 secs, 0 evals, 0 steps
364.04 secs, 2 evals, 1 steps, improv/step: 1.000 (last = 1.0000), fitness=15.199916917
862.09 secs, 4 evals, 2 steps, improv/step: 0.500 (last = 0.0000), fitness=12.377242457
1091.73 secs, 6 evals, 3 steps, improv/step: 0.333 (last = 0.0000), fitness=12.377242457
1580.44 secs, 8 evals, 4 steps, improv/step: 0.250 (last = 0.0000), fitness=12.377242457
1893.90 secs, 10 evals, 5 steps, improv/step: 0.200 (last = 0.0000), fitness=12.377242457
2368.29 secs, 12 evals, 6 steps, improv/step: 0.333 (last = 1.0000), fitness=12.377242457
2880.55 secs, 14 evals, 7 steps, improv/step: 0.429 (last = 1.0000), fitness=10.268177312
3121.59 secs, 15 evals, 8 steps, improv/step: 0.500 (last = 1.0000), fitness=10.268177312
3597.13 secs, 17 evals, 9 steps, improv/step: 0.556 (last = 1.0000), fitness=10.268177312
3791.96 secs, 18 evals, 10 steps, improv/step: 0.500 (last = 0.0000), fitness=10.268177312
4105.05 secs, 20 evals, 11 steps, improv/step: 0.455 (last = 0.0000), fitness=10.268177312
4574.51 secs, 22 evals, 12 steps, improv/step: 0.500 (last = 1.0000), fitness=10.268177312
4994.29 secs, 24 evals, 13 steps, improv/step: 0.538 (last = 1.0000), fitness=10.268177312
5415.47 secs, 26 evals, 14 steps, improv/step: 0.571 (last = 1.0000), fitness=10.268177312
5607.74 secs, 27 evals, 15 steps, improv/step: 0.533 (last = 0.0000), fitness=10.268177312
6021.13 secs, 29 evals, 16 steps, improv/step: 0.500 (last = 0.0000), fitness=10.268177312
6421.41 secs, 31 evals, 17 steps, improv/step: 0.471 (last = 0.0000), fitness=10.268177312
6842.54 secs, 33 evals, 18 steps, improv/step: 0.444 (last = 0.0000), fitness=10.268177312
7237.17 secs, 35 evals, 19 steps, improv/step: 0.474 (last = 1.0000), fitness=10.268177312
7684.05 secs, 37 evals, 20 steps, improv/step: 0.500 (last = 1.0000), fitness=10.268177312
7959.84 secs, 39 evals, 21 steps, improv/step: 0.524 (last = 1.0000), fitness=10.268177312
8184.25 secs, 40 evals, 22 steps, improv/step: 0.545 (last = 1.0000), fitness=10.268177312
8534.44 secs, 42 evals, 23 steps, improv/step: 0.522 (last = 0.0000), fitness=10.268177312
8819.50 secs, 44 evals, 24 steps, improv/step: 0.500 (last = 0.0000), fitness=10.268177312
9220.43 secs, 46 evals, 25 steps, improv/step: 0.520 (last = 1.0000), fitness=10.268177312
9616.52 secs, 48 evals, 26 steps, improv/step: 0.500 (last = 0.0000), fitness=10.268177312
9843.96 secs, 49 evals, 27 steps, improv/step: 0.481 (last = 0.0000), fitness=10.268177312
10261.59 secs, 51 evals, 28 steps, improv/step: 0.464 (last = 0.0000), fitness=10.268177312
10664.42 secs, 53 evals, 29 steps, improv/step: 0.448 (last = 0.0000), fitness=10.268177312

Optimization stopped after 30 steps and 11041.14 seconds
Termination reason: Max time (10800.0 s) reached
Steps per second = 0.00
Function evals per second = 0.00
Improvements/step = Inf
Total function evaluations = 55


Best candidate found: [0.990612, 0.0780956]

Fitness: 10.268177312

