N_Jobs_Total: 144
Starting optimization with optimizer DiffEvoOpt{FitPopulation{Float64}, RadiusLimitedSelector, BlackBoxOptim.AdaptiveDiffEvoRandBin{3}, RandomBound{ContinuousRectSearchSpace}}
0.00 secs, 0 evals, 0 steps
437.55 secs, 2 evals, 1 steps, improv/step: 1.000 (last = 1.0000), fitness=71.152623392
799.12 secs, 4 evals, 2 steps, improv/step: 1.000 (last = 1.0000), fitness=17.743792740
1208.00 secs, 6 evals, 3 steps, improv/step: 1.000 (last = 1.0000), fitness=17.743792740
1619.97 secs, 8 evals, 4 steps, improv/step: 1.000 (last = 1.0000), fitness=17.743792740
2063.43 secs, 10 evals, 5 steps, improv/step: 1.000 (last = 1.0000), fitness=17.743792740
2512.58 secs, 12 evals, 6 steps, improv/step: 0.833 (last = 0.0000), fitness=17.743792740
2936.25 secs, 14 evals, 7 steps, improv/step: 0.857 (last = 1.0000), fitness=17.743792740
3134.65 secs, 15 evals, 8 steps, improv/step: 0.875 (last = 1.0000), fitness=17.743792740
3357.79 secs, 16 evals, 9 steps, improv/step: 0.778 (last = 0.0000), fitness=17.743792740
3781.08 secs, 18 evals, 10 steps, improv/step: 0.700 (last = 0.0000), fitness=17.743792740
4221.84 secs, 20 evals, 11 steps, improv/step: 0.727 (last = 1.0000), fitness=17.743792740
4680.64 secs, 22 evals, 12 steps, improv/step: 0.667 (last = 0.0000), fitness=17.743792740
5102.09 secs, 24 evals, 13 steps, improv/step: 0.615 (last = 0.0000), fitness=17.743792740
5525.03 secs, 26 evals, 14 steps, improv/step: 0.571 (last = 0.0000), fitness=17.743792740
5970.05 secs, 28 evals, 15 steps, improv/step: 0.600 (last = 1.0000), fitness=17.743792740
6374.25 secs, 30 evals, 16 steps, improv/step: 0.625 (last = 1.0000), fitness=17.743792740
6545.56 secs, 31 evals, 17 steps, improv/step: 0.647 (last = 1.0000), fitness=17.135982339
6969.29 secs, 33 evals, 18 steps, improv/step: 0.611 (last = 0.0000), fitness=17.135982339
7396.21 secs, 35 evals, 19 steps, improv/step: 0.632 (last = 1.0000), fitness=17.135982339
7586.30 secs, 37 evals, 20 steps, improv/step: 0.650 (last = 1.0000), fitness=4.391679735
8013.31 secs, 39 evals, 21 steps, improv/step: 0.667 (last = 1.0000), fitness=4.391679735
8406.11 secs, 41 evals, 22 steps, improv/step: 0.682 (last = 1.0000), fitness=4.391679735
8853.06 secs, 43 evals, 23 steps, improv/step: 0.696 (last = 1.0000), fitness=4.391679735
9061.76 secs, 44 evals, 24 steps, improv/step: 0.667 (last = 0.0000), fitness=4.391679735
9280.73 secs, 45 evals, 25 steps, improv/step: 0.640 (last = 0.0000), fitness=4.391679735
9596.39 secs, 47 evals, 26 steps, improv/step: 0.615 (last = 0.0000), fitness=1.821719041
9766.88 secs, 48 evals, 27 steps, improv/step: 0.630 (last = 1.0000), fitness=1.821719041
10103.63 secs, 50 evals, 28 steps, improv/step: 0.607 (last = 0.0000), fitness=1.821719041
10507.99 secs, 52 evals, 29 steps, improv/step: 0.586 (last = 0.0000), fitness=1.821719041

Optimization stopped after 30 steps and 10977.82 seconds
Termination reason: Max time (10800.0 s) reached
Steps per second = 0.00
Function evals per second = 0.00
Improvements/step = Inf
Total function evaluations = 54


Best candidate found: [0.118933, 0.790925]

Fitness: 1.821719041

