N_Jobs_Total: 144
Starting optimization with optimizer DiffEvoOpt{FitPopulation{Float64}, RadiusLimitedSelector, BlackBoxOptim.AdaptiveDiffEvoRandBin{3}, RandomBound{ContinuousRectSearchSpace}}
0.00 secs, 0 evals, 0 steps
322.26 secs, 2 evals, 1 steps, fitness=47.569753705
691.51 secs, 4 evals, 2 steps, fitness=47.569753705
960.08 secs, 6 evals, 3 steps, fitness=1.586482125
1311.37 secs, 8 evals, 4 steps, fitness=1.586482125
1673.57 secs, 10 evals, 5 steps, fitness=1.586482125
1909.23 secs, 12 evals, 6 steps, improv/step: 0.167 (last = 1.0000), fitness=1.586482125
2210.63 secs, 14 evals, 7 steps, improv/step: 0.286 (last = 1.0000), fitness=1.586482125
2580.92 secs, 16 evals, 8 steps, improv/step: 0.375 (last = 1.0000), fitness=1.586482125
2907.52 secs, 18 evals, 9 steps, improv/step: 0.333 (last = 0.0000), fitness=1.586482125
3175.68 secs, 20 evals, 10 steps, improv/step: 0.400 (last = 1.0000), fitness=1.586482125
3503.23 secs, 22 evals, 11 steps, improv/step: 0.455 (last = 1.0000), fitness=1.586482125
3716.72 secs, 24 evals, 12 steps, improv/step: 0.417 (last = 0.0000), fitness=1.586482125
3975.92 secs, 26 evals, 13 steps, improv/step: 0.462 (last = 1.0000), fitness=1.586482125
4290.68 secs, 28 evals, 14 steps, improv/step: 0.500 (last = 1.0000), fitness=1.586482125
4600.60 secs, 30 evals, 15 steps, improv/step: 0.467 (last = 0.0000), fitness=1.586482125
4893.85 secs, 32 evals, 16 steps, improv/step: 0.500 (last = 1.0000), fitness=1.586482125
5177.41 secs, 34 evals, 17 steps, improv/step: 0.471 (last = 0.0000), fitness=1.586482125
5472.02 secs, 36 evals, 18 steps, improv/step: 0.500 (last = 1.0000), fitness=1.586482125
5723.50 secs, 38 evals, 19 steps, improv/step: 0.526 (last = 1.0000), fitness=1.586482125
6023.11 secs, 40 evals, 20 steps, improv/step: 0.500 (last = 0.0000), fitness=1.586482125
6170.20 secs, 41 evals, 21 steps, improv/step: 0.524 (last = 1.0000), fitness=1.586482125
6371.65 secs, 43 evals, 22 steps, improv/step: 0.545 (last = 1.0000), fitness=1.586482125
6521.03 secs, 44 evals, 23 steps, improv/step: 0.565 (last = 1.0000), fitness=1.586482125
6727.29 secs, 46 evals, 24 steps, improv/step: 0.583 (last = 1.0000), fitness=1.586482125
6872.98 secs, 47 evals, 25 steps, improv/step: 0.560 (last = 0.0000), fitness=1.586482125
7136.47 secs, 49 evals, 26 steps, improv/step: 0.577 (last = 1.0000), fitness=1.586482125
7442.08 secs, 51 evals, 27 steps, improv/step: 0.556 (last = 0.0000), fitness=1.586482125
7742.63 secs, 53 evals, 28 steps, improv/step: 0.536 (last = 0.0000), fitness=1.586482125
8040.52 secs, 55 evals, 29 steps, improv/step: 0.552 (last = 1.0000), fitness=1.586482125
8101.46 secs, 56 evals, 30 steps, improv/step: 0.567 (last = 1.0000), fitness=1.586482125
8422.70 secs, 58 evals, 31 steps, improv/step: 0.548 (last = 0.0000), fitness=1.586482125
8626.99 secs, 60 evals, 32 steps, improv/step: 0.562 (last = 1.0000), fitness=1.148771247
8884.69 secs, 62 evals, 33 steps, improv/step: 0.576 (last = 1.0000), fitness=1.148771247
9090.09 secs, 64 evals, 34 steps, improv/step: 0.588 (last = 1.0000), fitness=1.148771247
9196.75 secs, 66 evals, 35 steps, improv/step: 0.600 (last = 1.0000), fitness=1.148771247
9338.65 secs, 67 evals, 36 steps, improv/step: 0.611 (last = 1.0000), fitness=1.148771247
9645.81 secs, 69 evals, 37 steps, improv/step: 0.595 (last = 0.0000), fitness=1.148771247
9784.82 secs, 70 evals, 38 steps, improv/step: 0.605 (last = 1.0000), fitness=1.148771247
10076.28 secs, 72 evals, 39 steps, improv/step: 0.590 (last = 0.0000), fitness=1.148771247
10387.53 secs, 74 evals, 40 steps, improv/step: 0.600 (last = 1.0000), fitness=1.148771247
10708.27 secs, 76 evals, 41 steps, improv/step: 0.585 (last = 0.0000), fitness=1.148771247

Optimization stopped after 42 steps and 10895.96 seconds
Termination reason: Max time (10800.0 s) reached
Steps per second = 0.00
Function evals per second = 0.01
Improvements/step = Inf
Total function evaluations = 78


Best candidate found: [0.0928727, 0.780778]

Fitness: 1.148771247

