N_Jobs_Total: 144
Starting optimization with optimizer DiffEvoOpt{FitPopulation{Float64}, RadiusLimitedSelector, BlackBoxOptim.AdaptiveDiffEvoRandBin{3}, RandomBound{ContinuousRectSearchSpace}}
0.00 secs, 0 evals, 0 steps
292.48 secs, 2 evals, 1 steps, improv/step: 1.000 (last = 1.0000), fitness=18.572211560
580.01 secs, 4 evals, 2 steps, improv/step: 1.000 (last = 1.0000), fitness=18.572211560
884.45 secs, 6 evals, 3 steps, improv/step: 1.000 (last = 1.0000), fitness=12.525142320
1088.94 secs, 8 evals, 4 steps, improv/step: 0.750 (last = 0.0000), fitness=12.525142320
1396.27 secs, 10 evals, 5 steps, improv/step: 0.800 (last = 1.0000), fitness=12.525142320
1547.44 secs, 11 evals, 6 steps, improv/step: 0.833 (last = 1.0000), fitness=12.525142320
1821.77 secs, 13 evals, 7 steps, improv/step: 0.714 (last = 0.0000), fitness=12.525142320
2118.62 secs, 15 evals, 8 steps, improv/step: 0.750 (last = 1.0000), fitness=12.391087312
2343.67 secs, 17 evals, 9 steps, improv/step: 0.667 (last = 0.0000), fitness=12.391087312
2503.81 secs, 18 evals, 10 steps, improv/step: 0.700 (last = 1.0000), fitness=11.944434877
2798.11 secs, 20 evals, 11 steps, improv/step: 0.636 (last = 0.0000), fitness=11.944434877
3066.63 secs, 22 evals, 12 steps, improv/step: 0.583 (last = 0.0000), fitness=11.944434877
3217.66 secs, 23 evals, 13 steps, improv/step: 0.538 (last = 0.0000), fitness=11.944434877
3366.02 secs, 24 evals, 14 steps, improv/step: 0.571 (last = 1.0000), fitness=11.944434877
3610.90 secs, 26 evals, 15 steps, improv/step: 0.600 (last = 1.0000), fitness=11.944434877
3907.28 secs, 28 evals, 16 steps, improv/step: 0.562 (last = 0.0000), fitness=11.354881321
4039.47 secs, 30 evals, 17 steps, improv/step: 0.588 (last = 1.0000), fitness=11.354881321
4177.35 secs, 31 evals, 18 steps, improv/step: 0.556 (last = 0.0000), fitness=11.354881321
4451.11 secs, 33 evals, 19 steps, improv/step: 0.526 (last = 0.0000), fitness=11.344470132
4550.91 secs, 35 evals, 20 steps, improv/step: 0.550 (last = 1.0000), fitness=11.344470132
4600.68 secs, 36 evals, 21 steps, improv/step: 0.524 (last = 0.0000), fitness=11.344470132
4845.16 secs, 38 evals, 22 steps, improv/step: 0.545 (last = 1.0000), fitness=11.344470132
5133.36 secs, 40 evals, 23 steps, improv/step: 0.565 (last = 1.0000), fitness=11.266931728
5404.70 secs, 42 evals, 24 steps, improv/step: 0.542 (last = 0.0000), fitness=11.266931728
5656.90 secs, 44 evals, 25 steps, improv/step: 0.520 (last = 0.0000), fitness=11.266931728
5921.52 secs, 46 evals, 26 steps, improv/step: 0.500 (last = 0.0000), fitness=11.266931728
6215.60 secs, 48 evals, 27 steps, improv/step: 0.519 (last = 1.0000), fitness=11.266931728
6325.65 secs, 50 evals, 28 steps, improv/step: 0.500 (last = 0.0000), fitness=11.266931728
6582.09 secs, 52 evals, 29 steps, improv/step: 0.483 (last = 0.0000), fitness=11.266931728
6852.51 secs, 54 evals, 30 steps, improv/step: 0.467 (last = 0.0000), fitness=11.266931728
7107.49 secs, 56 evals, 31 steps, improv/step: 0.484 (last = 1.0000), fitness=11.266931728
7229.03 secs, 57 evals, 32 steps, improv/step: 0.469 (last = 0.0000), fitness=11.266931728
7391.22 secs, 59 evals, 33 steps, improv/step: 0.485 (last = 1.0000), fitness=11.266931728
7475.41 secs, 60 evals, 34 steps, improv/step: 0.471 (last = 0.0000), fitness=11.266931728
7719.19 secs, 62 evals, 35 steps, improv/step: 0.457 (last = 0.0000), fitness=11.266931728
7989.25 secs, 64 evals, 36 steps, improv/step: 0.472 (last = 1.0000), fitness=11.266931728
8252.11 secs, 66 evals, 37 steps, improv/step: 0.486 (last = 1.0000), fitness=11.266931728
8477.67 secs, 68 evals, 38 steps, improv/step: 0.474 (last = 0.0000), fitness=11.266931728
8699.51 secs, 70 evals, 39 steps, improv/step: 0.487 (last = 1.0000), fitness=11.266931728
8951.58 secs, 72 evals, 40 steps, improv/step: 0.500 (last = 1.0000), fitness=11.266931728
9076.46 secs, 73 evals, 41 steps, improv/step: 0.488 (last = 0.0000), fitness=11.266931728
9344.11 secs, 75 evals, 42 steps, improv/step: 0.476 (last = 0.0000), fitness=11.236986799
9610.35 secs, 77 evals, 43 steps, improv/step: 0.488 (last = 1.0000), fitness=11.236986799
9808.14 secs, 79 evals, 44 steps, improv/step: 0.477 (last = 0.0000), fitness=11.236986799
10052.39 secs, 81 evals, 45 steps, improv/step: 0.467 (last = 0.0000), fitness=11.236986799
10307.33 secs, 83 evals, 47 steps, improv/step: 0.447 (last = 0.0000), fitness=11.236986799
10576.33 secs, 85 evals, 48 steps, improv/step: 0.458 (last = 1.0000), fitness=11.236986799

Optimization stopped after 49 steps and 10830.66 seconds
Termination reason: Max time (10800.0 s) reached
Steps per second = 0.00
Function evals per second = 0.01
Improvements/step = Inf
Total function evaluations = 87


Best candidate found: [0.938479, 0.503263]

Fitness: 11.236986799

