N_Jobs_Total: 144
Starting optimization with optimizer DiffEvoOpt{FitPopulation{Float64}, RadiusLimitedSelector, BlackBoxOptim.AdaptiveDiffEvoRandBin{3}, RandomBound{ContinuousRectSearchSpace}}
0.00 secs, 0 evals, 0 steps
107.02 secs, 2 evals, 1 steps, fitness=2.040844342
260.92 secs, 4 evals, 2 steps, improv/step: 0.500 (last = 1.0000), fitness=2.040844342
419.25 secs, 6 evals, 3 steps, improv/step: 0.333 (last = 0.0000), fitness=2.040844342
484.07 secs, 8 evals, 4 steps, improv/step: 0.250 (last = 0.0000), fitness=2.040844342
646.17 secs, 10 evals, 5 steps, improv/step: 0.200 (last = 0.0000), fitness=2.040844342
760.27 secs, 12 evals, 6 steps, improv/step: 0.167 (last = 0.0000), fitness=1.793854133
912.23 secs, 14 evals, 7 steps, improv/step: 0.143 (last = 0.0000), fitness=1.793854133
1070.96 secs, 16 evals, 8 steps, improv/step: 0.250 (last = 1.0000), fitness=1.793854133
1211.12 secs, 18 evals, 9 steps, improv/step: 0.222 (last = 0.0000), fitness=1.793854133
1342.19 secs, 20 evals, 10 steps, improv/step: 0.300 (last = 1.0000), fitness=1.793854133
1501.50 secs, 22 evals, 11 steps, improv/step: 0.273 (last = 0.0000), fitness=1.793854133
1646.68 secs, 24 evals, 12 steps, improv/step: 0.333 (last = 1.0000), fitness=1.793854133
1796.98 secs, 26 evals, 13 steps, improv/step: 0.308 (last = 0.0000), fitness=1.793854133
1944.92 secs, 28 evals, 14 steps, improv/step: 0.286 (last = 0.0000), fitness=1.793854133
2074.42 secs, 30 evals, 15 steps, improv/step: 0.267 (last = 0.0000), fitness=1.793854133
2228.36 secs, 32 evals, 16 steps, improv/step: 0.312 (last = 1.0000), fitness=1.793854133
2377.95 secs, 34 evals, 17 steps, improv/step: 0.294 (last = 0.0000), fitness=1.793854133
2534.60 secs, 36 evals, 18 steps, improv/step: 0.333 (last = 1.0000), fitness=1.793854133
2697.97 secs, 38 evals, 19 steps, improv/step: 0.368 (last = 1.0000), fitness=1.793854133
2819.08 secs, 40 evals, 20 steps, improv/step: 0.350 (last = 0.0000), fitness=1.793854133
2983.11 secs, 42 evals, 21 steps, improv/step: 0.333 (last = 0.0000), fitness=1.793854133
3077.53 secs, 44 evals, 22 steps, improv/step: 0.364 (last = 1.0000), fitness=1.793854133
3156.01 secs, 45 evals, 23 steps, improv/step: 0.348 (last = 0.0000), fitness=1.793854133
3228.80 secs, 46 evals, 24 steps, improv/step: 0.333 (last = 0.0000), fitness=1.793854133
3357.85 secs, 48 evals, 25 steps, improv/step: 0.320 (last = 0.0000), fitness=1.793854133
3382.98 secs, 49 evals, 26 steps, improv/step: 0.346 (last = 1.0000), fitness=1.793854133
3511.98 secs, 51 evals, 27 steps, improv/step: 0.370 (last = 1.0000), fitness=1.793854133
3664.31 secs, 53 evals, 28 steps, improv/step: 0.357 (last = 0.0000), fitness=1.793854133
3809.82 secs, 55 evals, 29 steps, improv/step: 0.379 (last = 1.0000), fitness=1.793854133
3906.90 secs, 57 evals, 30 steps, improv/step: 0.367 (last = 0.0000), fitness=1.793854133
3958.11 secs, 58 evals, 31 steps, improv/step: 0.387 (last = 1.0000), fitness=1.793854133
4078.26 secs, 60 evals, 32 steps, improv/step: 0.375 (last = 0.0000), fitness=1.727554934
4106.26 secs, 61 evals, 33 steps, improv/step: 0.364 (last = 0.0000), fitness=1.727554934
4227.48 secs, 63 evals, 34 steps, improv/step: 0.382 (last = 1.0000), fitness=1.727554934
4330.78 secs, 65 evals, 35 steps, improv/step: 0.400 (last = 1.0000), fitness=1.727554934
4477.65 secs, 67 evals, 36 steps, improv/step: 0.389 (last = 0.0000), fitness=1.727554934
4579.99 secs, 69 evals, 37 steps, improv/step: 0.405 (last = 1.0000), fitness=1.727554934
4683.34 secs, 71 evals, 38 steps, improv/step: 0.395 (last = 0.0000), fitness=1.727554934
4816.48 secs, 73 evals, 39 steps, improv/step: 0.410 (last = 1.0000), fitness=1.727554934
4945.91 secs, 75 evals, 40 steps, improv/step: 0.425 (last = 1.0000), fitness=1.727554934
5083.40 secs, 77 evals, 41 steps, improv/step: 0.439 (last = 1.0000), fitness=1.727554934
5180.54 secs, 79 evals, 42 steps, improv/step: 0.429 (last = 0.0000), fitness=1.727554934
5291.17 secs, 81 evals, 43 steps, improv/step: 0.442 (last = 1.0000), fitness=1.727554934
5422.00 secs, 83 evals, 44 steps, improv/step: 0.455 (last = 1.0000), fitness=1.727554934
5506.27 secs, 85 evals, 45 steps, improv/step: 0.467 (last = 1.0000), fitness=1.727554934
5657.02 secs, 87 evals, 46 steps, improv/step: 0.478 (last = 1.0000), fitness=1.727554934
5729.35 secs, 88 evals, 47 steps, improv/step: 0.468 (last = 0.0000), fitness=1.727554934
5805.23 secs, 89 evals, 48 steps, improv/step: 0.458 (last = 0.0000), fitness=1.727554934
5878.58 secs, 90 evals, 49 steps, improv/step: 0.449 (last = 0.0000), fitness=1.727554934
5983.99 secs, 92 evals, 50 steps, improv/step: 0.460 (last = 1.0000), fitness=1.727554934
6141.11 secs, 94 evals, 51 steps, improv/step: 0.451 (last = 0.0000), fitness=1.727554934
6268.67 secs, 96 evals, 52 steps, improv/step: 0.442 (last = 0.0000), fitness=1.727554934
6414.24 secs, 98 evals, 53 steps, improv/step: 0.434 (last = 0.0000), fitness=1.727554934
6554.44 secs, 100 evals, 54 steps, improv/step: 0.426 (last = 0.0000), fitness=1.727554934
6603.96 secs, 102 evals, 55 steps, improv/step: 0.418 (last = 0.0000), fitness=1.727554934
6707.14 secs, 104 evals, 56 steps, improv/step: 0.429 (last = 1.0000), fitness=1.727554934
6781.03 secs, 105 evals, 57 steps, improv/step: 0.421 (last = 0.0000), fitness=1.727554934
6858.51 secs, 106 evals, 58 steps, improv/step: 0.414 (last = 0.0000), fitness=1.727554934
6911.86 secs, 107 evals, 59 steps, improv/step: 0.424 (last = 1.0000), fitness=1.727554934
7066.33 secs, 109 evals, 60 steps, improv/step: 0.433 (last = 1.0000), fitness=1.727554934
7185.39 secs, 111 evals, 61 steps, improv/step: 0.443 (last = 1.0000), fitness=1.727554934
7248.91 secs, 112 evals, 62 steps, improv/step: 0.435 (last = 0.0000), fitness=1.727554934
7396.31 secs, 114 evals, 63 steps, improv/step: 0.444 (last = 1.0000), fitness=1.727554934
7550.76 secs, 116 evals, 64 steps, improv/step: 0.453 (last = 1.0000), fitness=1.727554934
7695.98 secs, 118 evals, 65 steps, improv/step: 0.462 (last = 1.0000), fitness=1.727554934
7773.93 secs, 120 evals, 66 steps, improv/step: 0.470 (last = 1.0000), fitness=1.727554934
7846.06 secs, 121 evals, 67 steps, improv/step: 0.463 (last = 0.0000), fitness=1.727554934
7927.42 secs, 122 evals, 68 steps, improv/step: 0.456 (last = 0.0000), fitness=1.727554934
8073.75 secs, 124 evals, 69 steps, improv/step: 0.464 (last = 1.0000), fitness=1.727554934
8212.82 secs, 126 evals, 70 steps, improv/step: 0.471 (last = 1.0000), fitness=1.727554934
8366.04 secs, 128 evals, 71 steps, improv/step: 0.479 (last = 1.0000), fitness=1.727554934
8415.60 secs, 130 evals, 72 steps, improv/step: 0.472 (last = 0.0000), fitness=1.727554934
8573.17 secs, 132 evals, 73 steps, improv/step: 0.466 (last = 0.0000), fitness=1.727554934
8650.55 secs, 133 evals, 74 steps, improv/step: 0.459 (last = 0.0000), fitness=1.727554934
8714.20 secs, 135 evals, 75 steps, improv/step: 0.467 (last = 1.0000), fitness=1.314502209
8775.17 secs, 136 evals, 76 steps, improv/step: 0.461 (last = 0.0000), fitness=1.314502209
8805.52 secs, 137 evals, 77 steps, improv/step: 0.468 (last = 1.0000), fitness=1.314502209
8882.66 secs, 138 evals, 78 steps, improv/step: 0.462 (last = 0.0000), fitness=1.314502209
8906.73 secs, 139 evals, 79 steps, improv/step: 0.456 (last = 0.0000), fitness=1.314502209
8973.40 secs, 140 evals, 80 steps, improv/step: 0.450 (last = 0.0000), fitness=1.314502209
9025.09 secs, 141 evals, 81 steps, improv/step: 0.457 (last = 1.0000), fitness=1.314502209
9179.85 secs, 143 evals, 82 steps, improv/step: 0.463 (last = 1.0000), fitness=1.314502209
9225.14 secs, 144 evals, 83 steps, improv/step: 0.458 (last = 0.0000), fitness=1.314502209
9256.17 secs, 145 evals, 84 steps, improv/step: 0.464 (last = 1.0000), fitness=1.314502209
9328.53 secs, 146 evals, 85 steps, improv/step: 0.459 (last = 0.0000), fitness=1.314502209
9415.88 secs, 148 evals, 86 steps, improv/step: 0.453 (last = 0.0000), fitness=1.314502209
9506.34 secs, 150 evals, 87 steps, improv/step: 0.448 (last = 0.0000), fitness=1.314502209
9574.75 secs, 151 evals, 88 steps, improv/step: 0.443 (last = 0.0000), fitness=1.314502209
9720.08 secs, 153 evals, 89 steps, improv/step: 0.438 (last = 0.0000), fitness=1.314502209
9746.86 secs, 154 evals, 90 steps, improv/step: 0.433 (last = 0.0000), fitness=1.314502209
9825.60 secs, 155 evals, 91 steps, improv/step: 0.429 (last = 0.0000), fitness=1.314502209
9882.08 secs, 156 evals, 92 steps, improv/step: 0.424 (last = 0.0000), fitness=1.314502209
10004.44 secs, 158 evals, 93 steps, improv/step: 0.419 (last = 0.0000), fitness=1.314502209
10078.10 secs, 159 evals, 94 steps, improv/step: 0.415 (last = 0.0000), fitness=1.314502209
10102.11 secs, 160 evals, 95 steps, improv/step: 0.421 (last = 1.0000), fitness=1.314502209
10248.69 secs, 162 evals, 96 steps, improv/step: 0.417 (last = 0.0000), fitness=1.314502209
10403.48 secs, 164 evals, 97 steps, improv/step: 0.423 (last = 1.0000), fitness=1.314502209
10516.40 secs, 166 evals, 98 steps, improv/step: 0.418 (last = 0.0000), fitness=1.314502209
10592.26 secs, 167 evals, 99 steps, improv/step: 0.414 (last = 0.0000), fitness=1.314502209
10640.09 secs, 168 evals, 100 steps, improv/step: 0.420 (last = 1.0000), fitness=1.314502209
10714.12 secs, 170 evals, 101 steps, improv/step: 0.416 (last = 0.0000), fitness=1.314502209
10792.19 secs, 171 evals, 102 steps, improv/step: 0.412 (last = 0.0000), fitness=1.314502209

Optimization stopped after 103 steps and 10843.71 seconds
Termination reason: Max time (10800.0 s) reached
Steps per second = 0.01
Function evals per second = 0.02
Improvements/step = Inf
Total function evaluations = 172


Best candidate found: [0.0824163, 0.469839]

Fitness: 1.314502209

