N_Jobs_Total: 144
Starting optimization with optimizer DiffEvoOpt{FitPopulation{Float64}, RadiusLimitedSelector, BlackBoxOptim.AdaptiveDiffEvoRandBin{3}, RandomBound{ContinuousRectSearchSpace}}
0.00 secs, 0 evals, 0 steps
449.88 secs, 2 evals, 1 steps, improv/step: 1.000 (last = 1.0000), fitness=11.611219710
970.42 secs, 4 evals, 2 steps, improv/step: 0.500 (last = 0.0000), fitness=11.611219710
1466.42 secs, 6 evals, 3 steps, improv/step: 0.333 (last = 0.0000), fitness=11.611219710
1674.11 secs, 8 evals, 4 steps, improv/step: 0.250 (last = 0.0000), fitness=11.611219710
2176.29 secs, 10 evals, 5 steps, improv/step: 0.200 (last = 0.0000), fitness=4.750903768
2656.20 secs, 12 evals, 6 steps, improv/step: 0.167 (last = 0.0000), fitness=4.750903768
3075.58 secs, 14 evals, 7 steps, improv/step: 0.286 (last = 1.0000), fitness=4.750903768
3521.92 secs, 16 evals, 8 steps, improv/step: 0.250 (last = 0.0000), fitness=4.750903768
3856.14 secs, 18 evals, 9 steps, improv/step: 0.333 (last = 1.0000), fitness=4.344606040
4241.38 secs, 20 evals, 10 steps, improv/step: 0.400 (last = 1.0000), fitness=4.344606040
4680.14 secs, 22 evals, 11 steps, improv/step: 0.364 (last = 0.0000), fitness=4.344606040
5124.98 secs, 24 evals, 12 steps, improv/step: 0.333 (last = 0.0000), fitness=4.344606040
5283.69 secs, 25 evals, 13 steps, improv/step: 0.385 (last = 1.0000), fitness=4.344606040
5703.12 secs, 27 evals, 14 steps, improv/step: 0.357 (last = 0.0000), fitness=4.344606040
6088.89 secs, 29 evals, 15 steps, improv/step: 0.400 (last = 1.0000), fitness=4.344606040
6510.14 secs, 31 evals, 16 steps, improv/step: 0.375 (last = 0.0000), fitness=4.344606040
6849.98 secs, 33 evals, 17 steps, improv/step: 0.353 (last = 0.0000), fitness=3.979606730
6982.69 secs, 35 evals, 18 steps, improv/step: 0.389 (last = 1.0000), fitness=3.979606730
7385.71 secs, 37 evals, 19 steps, improv/step: 0.421 (last = 1.0000), fitness=3.979606730
7513.12 secs, 38 evals, 20 steps, improv/step: 0.450 (last = 1.0000), fitness=3.279106433
7735.89 secs, 40 evals, 21 steps, improv/step: 0.476 (last = 1.0000), fitness=3.279106433
8122.42 secs, 42 evals, 22 steps, improv/step: 0.500 (last = 1.0000), fitness=3.279106433
8543.71 secs, 44 evals, 23 steps, improv/step: 0.478 (last = 0.0000), fitness=3.279106433
8945.35 secs, 46 evals, 24 steps, improv/step: 0.458 (last = 0.0000), fitness=3.279106433
9158.69 secs, 48 evals, 25 steps, improv/step: 0.440 (last = 0.0000), fitness=3.279106433
9530.20 secs, 50 evals, 26 steps, improv/step: 0.462 (last = 1.0000), fitness=3.279106433
9661.02 secs, 52 evals, 27 steps, improv/step: 0.444 (last = 0.0000), fitness=3.279106433
10047.50 secs, 54 evals, 28 steps, improv/step: 0.464 (last = 1.0000), fitness=3.279106433
10444.67 secs, 56 evals, 29 steps, improv/step: 0.448 (last = 0.0000), fitness=3.279106433
10788.43 secs, 58 evals, 30 steps, improv/step: 0.433 (last = 0.0000), fitness=3.279106433

Optimization stopped after 31 steps and 11130.90 seconds
Termination reason: Max time (10800.0 s) reached
Steps per second = 0.00
Function evals per second = 0.01
Improvements/step = Inf
Total function evaluations = 60


Best candidate found: [0.273475, 0.875562]

Fitness: 3.279106433

