N_Jobs_Total: 144
Starting optimization with optimizer DiffEvoOpt{FitPopulation{Float64}, RadiusLimitedSelector, BlackBoxOptim.AdaptiveDiffEvoRandBin{3}, RandomBound{ContinuousRectSearchSpace}}
0.00 secs, 0 evals, 0 steps
280.81 secs, 2 evals, 1 steps, improv/step: 1.000 (last = 1.0000), fitness=24.362577846
575.27 secs, 4 evals, 2 steps, improv/step: 0.500 (last = 0.0000), fitness=24.362577846
879.67 secs, 6 evals, 3 steps, improv/step: 0.333 (last = 0.0000), fitness=24.362577846
1117.31 secs, 8 evals, 4 steps, improv/step: 0.500 (last = 1.0000), fitness=3.061443265
1419.02 secs, 10 evals, 5 steps, improv/step: 0.600 (last = 1.0000), fitness=3.061443265
1576.47 secs, 11 evals, 6 steps, improv/step: 0.500 (last = 0.0000), fitness=3.061443265
1848.57 secs, 13 evals, 7 steps, improv/step: 0.429 (last = 0.0000), fitness=3.061443265
2069.34 secs, 15 evals, 8 steps, improv/step: 0.500 (last = 1.0000), fitness=3.061443265
2357.93 secs, 17 evals, 9 steps, improv/step: 0.444 (last = 0.0000), fitness=3.061443265
2651.80 secs, 19 evals, 10 steps, improv/step: 0.500 (last = 1.0000), fitness=3.061443265
2947.33 secs, 21 evals, 11 steps, improv/step: 0.455 (last = 0.0000), fitness=3.061443265
3248.37 secs, 23 evals, 12 steps, improv/step: 0.500 (last = 1.0000), fitness=3.061443265
3538.11 secs, 25 evals, 13 steps, improv/step: 0.462 (last = 0.0000), fitness=3.061443265
3752.64 secs, 27 evals, 14 steps, improv/step: 0.500 (last = 1.0000), fitness=2.896953668
4038.35 secs, 29 evals, 15 steps, improv/step: 0.533 (last = 1.0000), fitness=2.896953668
4246.07 secs, 31 evals, 16 steps, improv/step: 0.562 (last = 1.0000), fitness=2.896953668
4481.09 secs, 33 evals, 17 steps, improv/step: 0.588 (last = 1.0000), fitness=1.273633273
4770.11 secs, 35 evals, 18 steps, improv/step: 0.556 (last = 0.0000), fitness=1.273633273
4897.11 secs, 36 evals, 19 steps, improv/step: 0.579 (last = 1.0000), fitness=1.273633273
5162.42 secs, 38 evals, 20 steps, improv/step: 0.600 (last = 1.0000), fitness=1.273633273
5453.84 secs, 40 evals, 21 steps, improv/step: 0.619 (last = 1.0000), fitness=1.273633273
5721.65 secs, 42 evals, 22 steps, improv/step: 0.591 (last = 0.0000), fitness=1.273633273
5998.78 secs, 44 evals, 23 steps, improv/step: 0.609 (last = 1.0000), fitness=1.273633273
6270.95 secs, 46 evals, 24 steps, improv/step: 0.625 (last = 1.0000), fitness=1.273633273
6544.02 secs, 48 evals, 25 steps, improv/step: 0.600 (last = 0.0000), fitness=1.273633273
6756.60 secs, 50 evals, 26 steps, improv/step: 0.615 (last = 1.0000), fitness=1.273633273
6989.18 secs, 52 evals, 27 steps, improv/step: 0.593 (last = 0.0000), fitness=1.273633273
7158.47 secs, 54 evals, 28 steps, improv/step: 0.571 (last = 0.0000), fitness=1.273633273
7325.09 secs, 56 evals, 29 steps, improv/step: 0.586 (last = 1.0000), fitness=1.273633273
7483.89 secs, 58 evals, 30 steps, improv/step: 0.600 (last = 1.0000), fitness=1.273633273
7604.95 secs, 59 evals, 31 steps, improv/step: 0.613 (last = 1.0000), fitness=1.273633273
7797.54 secs, 61 evals, 32 steps, improv/step: 0.625 (last = 1.0000), fitness=1.273633273
8040.32 secs, 63 evals, 33 steps, improv/step: 0.606 (last = 0.0000), fitness=1.273633273
8155.71 secs, 64 evals, 34 steps, improv/step: 0.588 (last = 0.0000), fitness=1.273633273
8399.95 secs, 66 evals, 35 steps, improv/step: 0.600 (last = 1.0000), fitness=1.273633273
8518.35 secs, 67 evals, 36 steps, improv/step: 0.611 (last = 1.0000), fitness=1.273633273
8721.94 secs, 69 evals, 37 steps, improv/step: 0.622 (last = 1.0000), fitness=1.273633273
8966.94 secs, 71 evals, 38 steps, improv/step: 0.632 (last = 1.0000), fitness=1.273633273
9077.94 secs, 72 evals, 39 steps, improv/step: 0.615 (last = 0.0000), fitness=1.273633273
9332.91 secs, 74 evals, 40 steps, improv/step: 0.625 (last = 1.0000), fitness=1.273633273
9579.70 secs, 76 evals, 41 steps, improv/step: 0.634 (last = 1.0000), fitness=1.273633273
9832.58 secs, 78 evals, 42 steps, improv/step: 0.643 (last = 1.0000), fitness=1.273633273
10063.81 secs, 80 evals, 43 steps, improv/step: 0.628 (last = 0.0000), fitness=1.273633273
10193.37 secs, 81 evals, 44 steps, improv/step: 0.614 (last = 0.0000), fitness=1.273633273
10318.53 secs, 82 evals, 45 steps, improv/step: 0.600 (last = 0.0000), fitness=1.273633273
10528.91 secs, 84 evals, 46 steps, improv/step: 0.609 (last = 1.0000), fitness=1.273633273
10639.51 secs, 85 evals, 47 steps, improv/step: 0.617 (last = 1.0000), fitness=1.273633273

Optimization stopped after 48 steps and 10814.33 seconds
Termination reason: Max time (10800.0 s) reached
Steps per second = 0.00
Function evals per second = 0.01
Improvements/step = Inf
Total function evaluations = 87


Best candidate found: [0.164151, 0.490929]

Fitness: 1.273633273

