N_Jobs_Total: 144
Starting optimization with optimizer DiffEvoOpt{FitPopulation{Float64}, RadiusLimitedSelector, BlackBoxOptim.AdaptiveDiffEvoRandBin{3}, RandomBound{ContinuousRectSearchSpace}}
0.00 secs, 0 evals, 0 steps
605.31 secs, 2 evals, 1 steps, improv/step: 1.000 (last = 1.0000), fitness=120.769375301
959.55 secs, 4 evals, 2 steps, improv/step: 1.000 (last = 1.0000), fitness=3.917919794
1504.78 secs, 6 evals, 3 steps, improv/step: 1.000 (last = 1.0000), fitness=3.917919794
2017.29 secs, 8 evals, 4 steps, improv/step: 1.000 (last = 1.0000), fitness=3.917919794
2122.62 secs, 9 evals, 5 steps, improv/step: 0.800 (last = 0.0000), fitness=3.917919794
2657.22 secs, 11 evals, 6 steps, improv/step: 0.667 (last = 0.0000), fitness=3.917919794
3013.57 secs, 13 evals, 7 steps, improv/step: 0.714 (last = 1.0000), fitness=1.860736170
3548.47 secs, 15 evals, 8 steps, improv/step: 0.625 (last = 0.0000), fitness=1.860736170
3792.79 secs, 17 evals, 9 steps, improv/step: 0.667 (last = 1.0000), fitness=1.860736170
4155.18 secs, 19 evals, 10 steps, improv/step: 0.600 (last = 0.0000), fitness=1.860736170
4475.48 secs, 21 evals, 11 steps, improv/step: 0.636 (last = 1.0000), fitness=1.860736170
4941.83 secs, 23 evals, 12 steps, improv/step: 0.583 (last = 0.0000), fitness=1.860736170
5340.32 secs, 25 evals, 13 steps, improv/step: 0.615 (last = 1.0000), fitness=1.860736170
5847.82 secs, 27 evals, 14 steps, improv/step: 0.571 (last = 0.0000), fitness=1.860736170
6211.76 secs, 29 evals, 15 steps, improv/step: 0.533 (last = 0.0000), fitness=1.860736170
6308.40 secs, 30 evals, 16 steps, improv/step: 0.562 (last = 1.0000), fitness=1.860736170
6760.76 secs, 32 evals, 17 steps, improv/step: 0.588 (last = 1.0000), fitness=1.860736170
6841.25 secs, 33 evals, 18 steps, improv/step: 0.611 (last = 1.0000), fitness=1.860736170
7358.57 secs, 35 evals, 19 steps, improv/step: 0.579 (last = 0.0000), fitness=1.860736170
7504.50 secs, 36 evals, 20 steps, improv/step: 0.600 (last = 1.0000), fitness=1.860736170
7957.54 secs, 38 evals, 21 steps, improv/step: 0.571 (last = 0.0000), fitness=1.860736170
8275.04 secs, 40 evals, 22 steps, improv/step: 0.545 (last = 0.0000), fitness=1.860736170
8745.45 secs, 42 evals, 23 steps, improv/step: 0.565 (last = 1.0000), fitness=1.860736170
9003.39 secs, 44 evals, 24 steps, improv/step: 0.583 (last = 1.0000), fitness=1.860736170
9481.05 secs, 46 evals, 25 steps, improv/step: 0.560 (last = 0.0000), fitness=1.860736170
9815.05 secs, 48 evals, 26 steps, improv/step: 0.577 (last = 1.0000), fitness=1.860736170
10081.87 secs, 50 evals, 27 steps, improv/step: 0.556 (last = 0.0000), fitness=0.753335036
10432.39 secs, 52 evals, 28 steps, improv/step: 0.571 (last = 1.0000), fitness=0.753335036

Optimization stopped after 29 steps and 10909.42 seconds
Termination reason: Max time (10800.0 s) reached
Steps per second = 0.00
Function evals per second = 0.00
Improvements/step = Inf
Total function evaluations = 54


Best candidate found: [0.146761, 0.923948]

Fitness: 0.753335036

