N_Jobs_Total: 144
Starting optimization with optimizer DiffEvoOpt{FitPopulation{Float64}, RadiusLimitedSelector, BlackBoxOptim.AdaptiveDiffEvoRandBin{3}, RandomBound{ContinuousRectSearchSpace}}
0.00 secs, 0 evals, 0 steps
27.96 secs, 2 evals, 1 steps, improv/step: 1.000 (last = 1.0000), fitness=38.942467988
54.22 secs, 4 evals, 2 steps, improv/step: 0.500 (last = 0.0000), fitness=17.439305423
79.54 secs, 6 evals, 3 steps, improv/step: 0.667 (last = 1.0000), fitness=9.709876311
106.61 secs, 8 evals, 4 steps, improv/step: 0.500 (last = 0.0000), fitness=9.709876311
115.16 secs, 10 evals, 5 steps, improv/step: 0.600 (last = 1.0000), fitness=9.709876311
130.56 secs, 12 evals, 6 steps, improv/step: 0.667 (last = 1.0000), fitness=1.620226536
158.73 secs, 14 evals, 7 steps, improv/step: 0.714 (last = 1.0000), fitness=1.620226536
178.70 secs, 16 evals, 8 steps, improv/step: 0.750 (last = 1.0000), fitness=1.620226536
205.89 secs, 18 evals, 9 steps, improv/step: 0.667 (last = 0.0000), fitness=1.620226536
231.82 secs, 20 evals, 10 steps, improv/step: 0.700 (last = 1.0000), fitness=1.620226536
256.88 secs, 22 evals, 11 steps, improv/step: 0.636 (last = 0.0000), fitness=1.620226536
271.11 secs, 23 evals, 12 steps, improv/step: 0.583 (last = 0.0000), fitness=1.620226536
298.74 secs, 25 evals, 13 steps, improv/step: 0.538 (last = 0.0000), fitness=1.620226536
324.63 secs, 27 evals, 14 steps, improv/step: 0.571 (last = 1.0000), fitness=1.620226536
352.79 secs, 29 evals, 15 steps, improv/step: 0.533 (last = 0.0000), fitness=1.620226536
379.73 secs, 31 evals, 16 steps, improv/step: 0.500 (last = 0.0000), fitness=1.620226536
406.72 secs, 33 evals, 17 steps, improv/step: 0.471 (last = 0.0000), fitness=1.620226536
435.05 secs, 35 evals, 18 steps, improv/step: 0.500 (last = 1.0000), fitness=1.620226536
458.95 secs, 37 evals, 19 steps, improv/step: 0.474 (last = 0.0000), fitness=1.620226536
486.28 secs, 39 evals, 20 steps, improv/step: 0.450 (last = 0.0000), fitness=1.620226536
509.06 secs, 41 evals, 21 steps, improv/step: 0.476 (last = 1.0000), fitness=1.620226536
517.80 secs, 42 evals, 22 steps, improv/step: 0.500 (last = 1.0000), fitness=1.620226536
531.23 secs, 43 evals, 23 steps, improv/step: 0.478 (last = 0.0000), fitness=1.620226536
559.02 secs, 45 evals, 24 steps, improv/step: 0.500 (last = 1.0000), fitness=1.620226536
585.00 secs, 47 evals, 25 steps, improv/step: 0.480 (last = 0.0000), fitness=1.620226536
613.35 secs, 49 evals, 26 steps, improv/step: 0.500 (last = 1.0000), fitness=1.620226536
638.11 secs, 51 evals, 27 steps, improv/step: 0.481 (last = 0.0000), fitness=1.620226536
663.31 secs, 53 evals, 28 steps, improv/step: 0.500 (last = 1.0000), fitness=1.620226536
689.96 secs, 55 evals, 29 steps, improv/step: 0.517 (last = 1.0000), fitness=1.620226536
703.78 secs, 56 evals, 30 steps, improv/step: 0.500 (last = 0.0000), fitness=1.620226536
731.54 secs, 58 evals, 31 steps, improv/step: 0.516 (last = 1.0000), fitness=1.620226536
749.59 secs, 60 evals, 32 steps, improv/step: 0.500 (last = 0.0000), fitness=1.620226536
776.62 secs, 62 evals, 33 steps, improv/step: 0.485 (last = 0.0000), fitness=1.620226536
790.91 secs, 63 evals, 34 steps, improv/step: 0.471 (last = 0.0000), fitness=1.620226536
818.29 secs, 65 evals, 35 steps, improv/step: 0.486 (last = 1.0000), fitness=1.620226536
830.94 secs, 66 evals, 36 steps, improv/step: 0.500 (last = 1.0000), fitness=1.620226536
840.51 secs, 67 evals, 37 steps, improv/step: 0.514 (last = 1.0000), fitness=1.620226536
867.28 secs, 69 evals, 38 steps, improv/step: 0.526 (last = 1.0000), fitness=1.620226536
895.44 secs, 71 evals, 39 steps, improv/step: 0.538 (last = 1.0000), fitness=1.620226536
901.85 secs, 72 evals, 40 steps, improv/step: 0.525 (last = 0.0000), fitness=1.620226536
914.86 secs, 73 evals, 41 steps, improv/step: 0.512 (last = 0.0000), fitness=1.620226536
939.51 secs, 75 evals, 42 steps, improv/step: 0.500 (last = 0.0000), fitness=1.620226536
946.00 secs, 76 evals, 43 steps, improv/step: 0.488 (last = 0.0000), fitness=1.620226536
974.21 secs, 78 evals, 44 steps, improv/step: 0.477 (last = 0.0000), fitness=1.620226536
986.28 secs, 79 evals, 45 steps, improv/step: 0.489 (last = 1.0000), fitness=1.620226536
1012.64 secs, 81 evals, 46 steps, improv/step: 0.478 (last = 0.0000), fitness=1.620226536
1037.10 secs, 83 evals, 47 steps, improv/step: 0.489 (last = 1.0000), fitness=1.620226536
1050.74 secs, 84 evals, 48 steps, improv/step: 0.479 (last = 0.0000), fitness=1.620226536
1064.60 secs, 85 evals, 49 steps, improv/step: 0.469 (last = 0.0000), fitness=1.620226536
1076.11 secs, 86 evals, 50 steps, improv/step: 0.480 (last = 1.0000), fitness=1.620226536
1096.52 secs, 88 evals, 51 steps, improv/step: 0.490 (last = 1.0000), fitness=1.620226536
1110.38 secs, 89 evals, 52 steps, improv/step: 0.481 (last = 0.0000), fitness=1.620226536
1124.15 secs, 90 evals, 53 steps, improv/step: 0.472 (last = 0.0000), fitness=1.620226536
1135.87 secs, 91 evals, 54 steps, improv/step: 0.481 (last = 1.0000), fitness=1.620226536
1160.44 secs, 93 evals, 55 steps, improv/step: 0.491 (last = 1.0000), fitness=1.620226536
1174.34 secs, 94 evals, 56 steps, improv/step: 0.482 (last = 0.0000), fitness=1.620226536
1188.35 secs, 95 evals, 57 steps, improv/step: 0.474 (last = 0.0000), fitness=1.620226536
1216.28 secs, 97 evals, 58 steps, improv/step: 0.466 (last = 0.0000), fitness=1.620226536
1240.64 secs, 99 evals, 59 steps, improv/step: 0.458 (last = 0.0000), fitness=1.620226536
1268.49 secs, 101 evals, 60 steps, improv/step: 0.467 (last = 1.0000), fitness=1.620226536
1281.94 secs, 102 evals, 61 steps, improv/step: 0.459 (last = 0.0000), fitness=1.620226536
1296.33 secs, 103 evals, 62 steps, improv/step: 0.468 (last = 1.0000), fitness=1.620226536
1310.67 secs, 104 evals, 63 steps, improv/step: 0.460 (last = 0.0000), fitness=1.620226536
1338.48 secs, 106 evals, 64 steps, improv/step: 0.453 (last = 0.0000), fitness=1.620226536
1365.40 secs, 108 evals, 65 steps, improv/step: 0.462 (last = 1.0000), fitness=1.620226536
1378.64 secs, 109 evals, 66 steps, improv/step: 0.470 (last = 1.0000), fitness=1.620226536
1392.56 secs, 110 evals, 67 steps, improv/step: 0.463 (last = 0.0000), fitness=1.620226536
1418.91 secs, 112 evals, 68 steps, improv/step: 0.471 (last = 1.0000), fitness=1.620226536
1437.32 secs, 114 evals, 69 steps, improv/step: 0.478 (last = 1.0000), fitness=1.620226536
1465.08 secs, 116 evals, 70 steps, improv/step: 0.486 (last = 1.0000), fitness=1.620226536
1478.53 secs, 117 evals, 71 steps, improv/step: 0.493 (last = 1.0000), fitness=1.620226536
1492.68 secs, 118 evals, 72 steps, improv/step: 0.486 (last = 0.0000), fitness=1.620226536
1520.56 secs, 120 evals, 73 steps, improv/step: 0.479 (last = 0.0000), fitness=1.620226536
1547.39 secs, 122 evals, 74 steps, improv/step: 0.486 (last = 1.0000), fitness=1.620226536
1574.79 secs, 124 evals, 75 steps, improv/step: 0.493 (last = 1.0000), fitness=1.620226536
1603.12 secs, 126 evals, 76 steps, improv/step: 0.487 (last = 0.0000), fitness=1.620226536
1614.90 secs, 127 evals, 77 steps, improv/step: 0.494 (last = 1.0000), fitness=1.620226536
1629.17 secs, 128 evals, 78 steps, improv/step: 0.487 (last = 0.0000), fitness=1.620226536
1633.50 secs, 129 evals, 79 steps, improv/step: 0.494 (last = 1.0000), fitness=1.620226536
1662.00 secs, 131 evals, 80 steps, improv/step: 0.487 (last = 0.0000), fitness=1.620226536
1674.96 secs, 132 evals, 81 steps, improv/step: 0.494 (last = 1.0000), fitness=1.620226536
1689.05 secs, 133 evals, 82 steps, improv/step: 0.488 (last = 0.0000), fitness=1.620226536
1713.08 secs, 135 evals, 83 steps, improv/step: 0.482 (last = 0.0000), fitness=1.620226536
1726.49 secs, 136 evals, 84 steps, improv/step: 0.476 (last = 0.0000), fitness=1.620226536
1731.46 secs, 137 evals, 85 steps, improv/step: 0.471 (last = 0.0000), fitness=1.620226536
1755.63 secs, 139 evals, 86 steps, improv/step: 0.477 (last = 1.0000), fitness=1.620226536
1783.19 secs, 141 evals, 87 steps, improv/step: 0.483 (last = 1.0000), fitness=1.620226536
1795.89 secs, 142 evals, 88 steps, improv/step: 0.477 (last = 0.0000), fitness=1.620226536
1806.33 secs, 143 evals, 89 steps, improv/step: 0.483 (last = 1.0000), fitness=1.620226536
1818.92 secs, 144 evals, 90 steps, improv/step: 0.489 (last = 1.0000), fitness=1.620226536
1846.75 secs, 146 evals, 91 steps, improv/step: 0.484 (last = 0.0000), fitness=1.620226536
1874.98 secs, 148 evals, 92 steps, improv/step: 0.489 (last = 1.0000), fitness=1.620226536
1888.95 secs, 149 evals, 93 steps, improv/step: 0.484 (last = 0.0000), fitness=1.620226536
1914.89 secs, 151 evals, 94 steps, improv/step: 0.489 (last = 1.0000), fitness=1.620226536
1919.27 secs, 152 evals, 95 steps, improv/step: 0.484 (last = 0.0000), fitness=1.620226536
1946.80 secs, 154 evals, 96 steps, improv/step: 0.490 (last = 1.0000), fitness=1.620226536
1961.08 secs, 155 evals, 97 steps, improv/step: 0.485 (last = 0.0000), fitness=1.620226536
1988.67 secs, 157 evals, 98 steps, improv/step: 0.480 (last = 0.0000), fitness=1.620226536
2002.63 secs, 158 evals, 99 steps, improv/step: 0.475 (last = 0.0000), fitness=1.620226536
2016.17 secs, 159 evals, 100 steps, improv/step: 0.480 (last = 1.0000), fitness=1.620226536
2030.38 secs, 160 evals, 101 steps, improv/step: 0.475 (last = 0.0000), fitness=1.620226536
2044.44 secs, 161 evals, 102 steps, improv/step: 0.471 (last = 0.0000), fitness=1.620226536
2057.76 secs, 162 evals, 103 steps, improv/step: 0.476 (last = 1.0000), fitness=1.620226536
2071.83 secs, 163 evals, 104 steps, improv/step: 0.471 (last = 0.0000), fitness=1.620226536
2082.93 secs, 164 evals, 105 steps, improv/step: 0.476 (last = 1.0000), fitness=1.620226536
2107.66 secs, 166 evals, 106 steps, improv/step: 0.472 (last = 0.0000), fitness=1.620226536
2113.65 secs, 167 evals, 107 steps, improv/step: 0.467 (last = 0.0000), fitness=1.620226536
2142.23 secs, 169 evals, 108 steps, improv/step: 0.472 (last = 1.0000), fitness=1.620226536
2155.37 secs, 170 evals, 109 steps, improv/step: 0.477 (last = 1.0000), fitness=1.620226536
2169.53 secs, 171 evals, 110 steps, improv/step: 0.473 (last = 0.0000), fitness=1.620226536
2197.22 secs, 173 evals, 111 steps, improv/step: 0.477 (last = 1.0000), fitness=1.620226536
2211.39 secs, 174 evals, 112 steps, improv/step: 0.473 (last = 0.0000), fitness=1.620226536
2220.71 secs, 175 evals, 113 steps, improv/step: 0.478 (last = 1.0000), fitness=1.620226536
2233.49 secs, 176 evals, 114 steps, improv/step: 0.474 (last = 0.0000), fitness=1.620226536
2261.24 secs, 178 evals, 115 steps, improv/step: 0.478 (last = 1.0000), fitness=1.620226536
2274.83 secs, 179 evals, 116 steps, improv/step: 0.474 (last = 0.0000), fitness=1.620226536
2297.97 secs, 181 evals, 117 steps, improv/step: 0.470 (last = 0.0000), fitness=1.620226536
2319.78 secs, 183 evals, 118 steps, improv/step: 0.475 (last = 1.0000), fitness=1.620226536
2331.28 secs, 184 evals, 119 steps, improv/step: 0.471 (last = 0.0000), fitness=1.620226536
2352.94 secs, 186 evals, 120 steps, improv/step: 0.467 (last = 0.0000), fitness=1.620226536
2366.88 secs, 187 evals, 121 steps, improv/step: 0.463 (last = 0.0000), fitness=1.620226536
2380.94 secs, 188 evals, 122 steps, improv/step: 0.459 (last = 0.0000), fitness=1.620226536
2394.01 secs, 189 evals, 123 steps, improv/step: 0.455 (last = 0.0000), fitness=1.620226536
2406.64 secs, 190 evals, 124 steps, improv/step: 0.452 (last = 0.0000), fitness=1.620226536
2419.87 secs, 191 evals, 125 steps, improv/step: 0.456 (last = 1.0000), fitness=1.620226536
2446.12 secs, 193 evals, 126 steps, improv/step: 0.452 (last = 0.0000), fitness=1.620226536
2456.67 secs, 194 evals, 127 steps, improv/step: 0.457 (last = 1.0000), fitness=1.620226536
2470.29 secs, 195 evals, 128 steps, improv/step: 0.453 (last = 0.0000), fitness=1.620226536
2480.09 secs, 196 evals, 129 steps, improv/step: 0.457 (last = 1.0000), fitness=1.620226536
2493.30 secs, 197 evals, 130 steps, improv/step: 0.454 (last = 0.0000), fitness=1.620226536
2506.49 secs, 198 evals, 131 steps, improv/step: 0.458 (last = 1.0000), fitness=1.620226536
2518.83 secs, 199 evals, 132 steps, improv/step: 0.462 (last = 1.0000), fitness=1.620226536
2531.05 secs, 200 evals, 133 steps, improv/step: 0.466 (last = 1.0000), fitness=1.620226536
2536.80 secs, 201 evals, 134 steps, improv/step: 0.463 (last = 0.0000), fitness=1.620226536
2543.72 secs, 202 evals, 135 steps, improv/step: 0.459 (last = 0.0000), fitness=1.620226536
2549.79 secs, 203 evals, 136 steps, improv/step: 0.456 (last = 0.0000), fitness=1.620226536
2560.90 secs, 204 evals, 137 steps, improv/step: 0.460 (last = 1.0000), fitness=1.620226536
2572.73 secs, 205 evals, 138 steps, improv/step: 0.464 (last = 1.0000), fitness=1.620226536
2599.06 secs, 207 evals, 139 steps, improv/step: 0.460 (last = 0.0000), fitness=1.620226536
2620.97 secs, 209 evals, 140 steps, improv/step: 0.464 (last = 1.0000), fitness=1.620226536
2634.14 secs, 210 evals, 141 steps, improv/step: 0.461 (last = 0.0000), fitness=1.620226536
2648.12 secs, 211 evals, 142 steps, improv/step: 0.458 (last = 0.0000), fitness=1.620226536
2661.65 secs, 212 evals, 143 steps, improv/step: 0.462 (last = 1.0000), fitness=1.620226536
2675.78 secs, 213 evals, 144 steps, improv/step: 0.458 (last = 0.0000), fitness=1.620226536
2701.10 secs, 215 evals, 145 steps, improv/step: 0.455 (last = 0.0000), fitness=1.620226536
2714.87 secs, 216 evals, 146 steps, improv/step: 0.452 (last = 0.0000), fitness=1.620226536
2742.50 secs, 218 evals, 147 steps, improv/step: 0.456 (last = 1.0000), fitness=1.620226536
2755.22 secs, 219 evals, 148 steps, improv/step: 0.453 (last = 0.0000), fitness=1.620226536
2768.20 secs, 220 evals, 149 steps, improv/step: 0.450 (last = 0.0000), fitness=1.620226536
2781.64 secs, 221 evals, 150 steps, improv/step: 0.447 (last = 0.0000), fitness=1.620226536
2795.13 secs, 222 evals, 151 steps, improv/step: 0.444 (last = 0.0000), fitness=1.620226536
2808.43 secs, 223 evals, 152 steps, improv/step: 0.441 (last = 0.0000), fitness=1.620226536
2815.57 secs, 224 evals, 153 steps, improv/step: 0.438 (last = 0.0000), fitness=1.620226536
2833.52 secs, 226 evals, 154 steps, improv/step: 0.435 (last = 0.0000), fitness=1.620226536
2858.46 secs, 228 evals, 155 steps, improv/step: 0.439 (last = 1.0000), fitness=1.620226536
2881.50 secs, 230 evals, 156 steps, improv/step: 0.436 (last = 0.0000), fitness=1.620226536
2894.71 secs, 231 evals, 157 steps, improv/step: 0.433 (last = 0.0000), fitness=1.620226536
2907.63 secs, 232 evals, 158 steps, improv/step: 0.430 (last = 0.0000), fitness=1.620226536
2914.94 secs, 233 evals, 159 steps, improv/step: 0.428 (last = 0.0000), fitness=1.620226536
2921.45 secs, 234 evals, 160 steps, improv/step: 0.425 (last = 0.0000), fitness=1.620226536
2933.08 secs, 235 evals, 161 steps, improv/step: 0.429 (last = 1.0000), fitness=1.620226536
2960.93 secs, 237 evals, 162 steps, improv/step: 0.426 (last = 0.0000), fitness=1.620226536
2973.32 secs, 238 evals, 163 steps, improv/step: 0.429 (last = 1.0000), fitness=1.620226536
2981.09 secs, 239 evals, 164 steps, improv/step: 0.433 (last = 1.0000), fitness=1.620226536
2993.99 secs, 240 evals, 165 steps, improv/step: 0.430 (last = 0.0000), fitness=1.620226536
3006.08 secs, 241 evals, 166 steps, improv/step: 0.434 (last = 1.0000), fitness=1.620226536
3017.77 secs, 242 evals, 167 steps, improv/step: 0.437 (last = 1.0000), fitness=1.620226536
3030.64 secs, 243 evals, 168 steps, improv/step: 0.440 (last = 1.0000), fitness=1.620226536
3044.60 secs, 244 evals, 169 steps, improv/step: 0.438 (last = 0.0000), fitness=1.620226536
3054.82 secs, 245 evals, 170 steps, improv/step: 0.435 (last = 0.0000), fitness=1.620226536
3066.53 secs, 246 evals, 171 steps, improv/step: 0.439 (last = 1.0000), fitness=1.620226536
3077.35 secs, 247 evals, 172 steps, improv/step: 0.436 (last = 0.0000), fitness=1.620226536
3090.25 secs, 248 evals, 173 steps, improv/step: 0.434 (last = 0.0000), fitness=1.620226536
3104.00 secs, 249 evals, 174 steps, improv/step: 0.431 (last = 0.0000), fitness=1.620226536
3127.79 secs, 251 evals, 175 steps, improv/step: 0.429 (last = 0.0000), fitness=1.620226536
3135.81 secs, 252 evals, 176 steps, improv/step: 0.426 (last = 0.0000), fitness=1.620226536
3161.15 secs, 254 evals, 177 steps, improv/step: 0.429 (last = 1.0000), fitness=1.620226536
3174.84 secs, 255 evals, 178 steps, improv/step: 0.427 (last = 0.0000), fitness=1.620226536
3186.01 secs, 256 evals, 179 steps, improv/step: 0.430 (last = 1.0000), fitness=1.620226536
3199.25 secs, 257 evals, 180 steps, improv/step: 0.428 (last = 0.0000), fitness=1.620226536
3211.75 secs, 258 evals, 181 steps, improv/step: 0.425 (last = 0.0000), fitness=1.620226536
3216.86 secs, 259 evals, 182 steps, improv/step: 0.423 (last = 0.0000), fitness=1.620226536
3230.12 secs, 260 evals, 183 steps, improv/step: 0.421 (last = 0.0000), fitness=1.620226536
3251.25 secs, 262 evals, 184 steps, improv/step: 0.424 (last = 1.0000), fitness=1.620226536
3258.00 secs, 263 evals, 185 steps, improv/step: 0.422 (last = 0.0000), fitness=1.620226536
3270.66 secs, 264 evals, 186 steps, improv/step: 0.419 (last = 0.0000), fitness=1.620226536
3283.59 secs, 265 evals, 187 steps, improv/step: 0.422 (last = 1.0000), fitness=1.620226536
3297.03 secs, 266 evals, 188 steps, improv/step: 0.420 (last = 0.0000), fitness=1.620226536
3304.89 secs, 267 evals, 189 steps, improv/step: 0.418 (last = 0.0000), fitness=1.620226536
3317.31 secs, 268 evals, 190 steps, improv/step: 0.416 (last = 0.0000), fitness=1.620226536
3345.42 secs, 270 evals, 191 steps, improv/step: 0.414 (last = 0.0000), fitness=1.620226536
3356.29 secs, 271 evals, 192 steps, improv/step: 0.411 (last = 0.0000), fitness=1.620226536
3369.37 secs, 272 evals, 193 steps, improv/step: 0.415 (last = 1.0000), fitness=1.620226536
3382.95 secs, 273 evals, 194 steps, improv/step: 0.412 (last = 0.0000), fitness=1.620226536
3410.33 secs, 275 evals, 195 steps, improv/step: 0.410 (last = 0.0000), fitness=1.620226536
3414.93 secs, 276 evals, 196 steps, improv/step: 0.408 (last = 0.0000), fitness=1.620226536
3428.87 secs, 277 evals, 197 steps, improv/step: 0.406 (last = 0.0000), fitness=1.620226536
3437.09 secs, 278 evals, 198 steps, improv/step: 0.404 (last = 0.0000), fitness=1.620226536
3451.30 secs, 279 evals, 199 steps, improv/step: 0.402 (last = 0.0000), fitness=1.620226536
3465.32 secs, 280 evals, 200 steps, improv/step: 0.400 (last = 0.0000), fitness=1.620226536
3478.14 secs, 281 evals, 201 steps, improv/step: 0.398 (last = 0.0000), fitness=1.620226536
3491.73 secs, 282 evals, 202 steps, improv/step: 0.396 (last = 0.0000), fitness=1.620226536
3504.72 secs, 283 evals, 203 steps, improv/step: 0.394 (last = 0.0000), fitness=1.620226536
3513.04 secs, 284 evals, 204 steps, improv/step: 0.392 (last = 0.0000), fitness=1.620226536
3524.68 secs, 285 evals, 205 steps, improv/step: 0.395 (last = 1.0000), fitness=1.620226536
3535.93 secs, 286 evals, 206 steps, improv/step: 0.393 (last = 0.0000), fitness=1.620226536
3542.64 secs, 287 evals, 207 steps, improv/step: 0.391 (last = 0.0000), fitness=1.620226536
3555.99 secs, 288 evals, 208 steps, improv/step: 0.389 (last = 0.0000), fitness=1.620226536
3569.76 secs, 289 evals, 209 steps, improv/step: 0.388 (last = 0.0000), fitness=1.620226536
3582.32 secs, 290 evals, 210 steps, improv/step: 0.386 (last = 0.0000), fitness=1.620226536
3595.42 secs, 291 evals, 211 steps, improv/step: 0.389 (last = 1.0000), fitness=1.620226536
3608.43 secs, 292 evals, 212 steps, improv/step: 0.387 (last = 0.0000), fitness=1.620226536
3635.58 secs, 294 evals, 213 steps, improv/step: 0.390 (last = 1.0000), fitness=1.620226536
3652.57 secs, 296 evals, 214 steps, improv/step: 0.388 (last = 0.0000), fitness=1.620226536
3666.15 secs, 297 evals, 215 steps, improv/step: 0.386 (last = 0.0000), fitness=1.620226536
3686.60 secs, 299 evals, 216 steps, improv/step: 0.389 (last = 1.0000), fitness=1.620226536
3697.90 secs, 300 evals, 217 steps, improv/step: 0.392 (last = 1.0000), fitness=1.620226536
3710.95 secs, 301 evals, 218 steps, improv/step: 0.394 (last = 1.0000), fitness=1.620226536
3734.47 secs, 303 evals, 219 steps, improv/step: 0.397 (last = 1.0000), fitness=1.620226536
3748.60 secs, 304 evals, 220 steps, improv/step: 0.395 (last = 0.0000), fitness=1.620226536
3760.79 secs, 305 evals, 221 steps, improv/step: 0.398 (last = 1.0000), fitness=1.620226536
3774.11 secs, 306 evals, 222 steps, improv/step: 0.396 (last = 0.0000), fitness=1.620226536
3786.02 secs, 307 evals, 223 steps, improv/step: 0.395 (last = 0.0000), fitness=1.620226536
3798.24 secs, 308 evals, 224 steps, improv/step: 0.393 (last = 0.0000), fitness=1.620226536
3810.20 secs, 309 evals, 225 steps, improv/step: 0.396 (last = 1.0000), fitness=1.620226536
3822.90 secs, 310 evals, 226 steps, improv/step: 0.394 (last = 0.0000), fitness=1.620226536
3836.27 secs, 311 evals, 227 steps, improv/step: 0.392 (last = 0.0000), fitness=1.620226536
3843.56 secs, 312 evals, 228 steps, improv/step: 0.390 (last = 0.0000), fitness=1.620226536
3867.54 secs, 314 evals, 229 steps, improv/step: 0.389 (last = 0.0000), fitness=1.620226536
3879.47 secs, 315 evals, 230 steps, improv/step: 0.387 (last = 0.0000), fitness=1.620226536
3891.60 secs, 316 evals, 231 steps, improv/step: 0.390 (last = 1.0000), fitness=1.620226536
3901.39 secs, 317 evals, 232 steps, improv/step: 0.392 (last = 1.0000), fitness=1.620226536
3913.54 secs, 318 evals, 233 steps, improv/step: 0.391 (last = 0.0000), fitness=1.620226536
3923.59 secs, 319 evals, 234 steps, improv/step: 0.393 (last = 1.0000), fitness=1.620226536
3945.26 secs, 321 evals, 235 steps, improv/step: 0.396 (last = 1.0000), fitness=1.620226536
3958.48 secs, 322 evals, 236 steps, improv/step: 0.394 (last = 0.0000), fitness=1.620226536
3970.90 secs, 323 evals, 237 steps, improv/step: 0.392 (last = 0.0000), fitness=1.620226536
3982.71 secs, 324 evals, 238 steps, improv/step: 0.391 (last = 0.0000), fitness=1.620226536
3992.25 secs, 325 evals, 239 steps, improv/step: 0.393 (last = 1.0000), fitness=1.620226536
4000.29 secs, 326 evals, 240 steps, improv/step: 0.392 (last = 0.0000), fitness=1.620226536
4009.32 secs, 327 evals, 241 steps, improv/step: 0.390 (last = 0.0000), fitness=1.620226536
4019.42 secs, 328 evals, 242 steps, improv/step: 0.393 (last = 1.0000), fitness=1.620226536
4030.21 secs, 329 evals, 243 steps, improv/step: 0.395 (last = 1.0000), fitness=1.620226536
4042.14 secs, 330 evals, 244 steps, improv/step: 0.398 (last = 1.0000), fitness=1.620226536
4054.38 secs, 331 evals, 245 steps, improv/step: 0.396 (last = 0.0000), fitness=1.620226536
4064.87 secs, 332 evals, 246 steps, improv/step: 0.398 (last = 1.0000), fitness=1.620226536
4077.05 secs, 333 evals, 247 steps, improv/step: 0.397 (last = 0.0000), fitness=1.620226536
4086.83 secs, 334 evals, 248 steps, improv/step: 0.399 (last = 1.0000), fitness=1.620226536
4099.99 secs, 335 evals, 249 steps, improv/step: 0.398 (last = 0.0000), fitness=1.620226536
4110.39 secs, 336 evals, 250 steps, improv/step: 0.400 (last = 1.0000), fitness=1.620226536
4118.99 secs, 337 evals, 251 steps, improv/step: 0.398 (last = 0.0000), fitness=1.620226536
4123.83 secs, 338 evals, 252 steps, improv/step: 0.397 (last = 0.0000), fitness=1.620226536
4135.32 secs, 339 evals, 253 steps, improv/step: 0.399 (last = 1.0000), fitness=1.620226536
4147.55 secs, 340 evals, 254 steps, improv/step: 0.398 (last = 0.0000), fitness=1.620226536
4160.69 secs, 341 evals, 255 steps, improv/step: 0.400 (last = 1.0000), fitness=1.620226536
4174.43 secs, 342 evals, 256 steps, improv/step: 0.398 (last = 0.0000), fitness=1.620226536
4183.26 secs, 343 evals, 257 steps, improv/step: 0.401 (last = 1.0000), fitness=1.620226536
4196.56 secs, 344 evals, 258 steps, improv/step: 0.399 (last = 0.0000), fitness=1.620226536
4208.01 secs, 345 evals, 259 steps, improv/step: 0.398 (last = 0.0000), fitness=1.620226536
4213.60 secs, 346 evals, 260 steps, improv/step: 0.396 (last = 0.0000), fitness=1.620226536
4221.32 secs, 347 evals, 261 steps, improv/step: 0.398 (last = 1.0000), fitness=1.620226536
4235.22 secs, 348 evals, 262 steps, improv/step: 0.397 (last = 0.0000), fitness=1.620226536
4245.75 secs, 349 evals, 263 steps, improv/step: 0.399 (last = 1.0000), fitness=1.620226536
4258.04 secs, 350 evals, 264 steps, improv/step: 0.398 (last = 0.0000), fitness=1.620226536
4269.22 secs, 351 evals, 265 steps, improv/step: 0.400 (last = 1.0000), fitness=1.620226536
4282.67 secs, 352 evals, 266 steps, improv/step: 0.398 (last = 0.0000), fitness=1.620226536
4293.82 secs, 353 evals, 267 steps, improv/step: 0.401 (last = 1.0000), fitness=1.620226536
4301.19 secs, 354 evals, 268 steps, improv/step: 0.399 (last = 0.0000), fitness=1.620226536
4327.70 secs, 356 evals, 269 steps, improv/step: 0.401 (last = 1.0000), fitness=1.620226536
4335.64 secs, 357 evals, 270 steps, improv/step: 0.400 (last = 0.0000), fitness=1.620226536
4348.52 secs, 358 evals, 271 steps, improv/step: 0.399 (last = 0.0000), fitness=1.620226536
4353.20 secs, 359 evals, 272 steps, improv/step: 0.397 (last = 0.0000), fitness=1.620226536
4365.60 secs, 360 evals, 273 steps, improv/step: 0.399 (last = 1.0000), fitness=1.620226536
4375.21 secs, 361 evals, 274 steps, improv/step: 0.401 (last = 1.0000), fitness=1.620226536
4387.70 secs, 362 evals, 275 steps, improv/step: 0.400 (last = 0.0000), fitness=1.620226536
4400.34 secs, 363 evals, 276 steps, improv/step: 0.399 (last = 0.0000), fitness=1.620226536
4412.69 secs, 364 evals, 277 steps, improv/step: 0.401 (last = 1.0000), fitness=1.620226536
4426.90 secs, 365 evals, 278 steps, improv/step: 0.399 (last = 0.0000), fitness=1.620226536
4438.69 secs, 366 evals, 279 steps, improv/step: 0.401 (last = 1.0000), fitness=1.620226536
4451.14 secs, 367 evals, 280 steps, improv/step: 0.400 (last = 0.0000), fitness=1.620226536
4463.59 secs, 368 evals, 281 steps, improv/step: 0.399 (last = 0.0000), fitness=1.620226536
4475.24 secs, 369 evals, 282 steps, improv/step: 0.397 (last = 0.0000), fitness=1.620226536
4499.94 secs, 371 evals, 283 steps, improv/step: 0.399 (last = 1.0000), fitness=1.620226536
4510.43 secs, 372 evals, 284 steps, improv/step: 0.401 (last = 1.0000), fitness=1.620226536
4518.84 secs, 373 evals, 285 steps, improv/step: 0.400 (last = 0.0000), fitness=1.620226536
4528.33 secs, 374 evals, 286 steps, improv/step: 0.399 (last = 0.0000), fitness=1.620226536
4536.62 secs, 375 evals, 287 steps, improv/step: 0.401 (last = 1.0000), fitness=1.620226536
4544.07 secs, 376 evals, 288 steps, improv/step: 0.399 (last = 0.0000), fitness=1.620226536
4551.89 secs, 377 evals, 289 steps, improv/step: 0.398 (last = 0.0000), fitness=1.620226536
4564.97 secs, 378 evals, 290 steps, improv/step: 0.397 (last = 0.0000), fitness=1.620226536
4575.84 secs, 379 evals, 291 steps, improv/step: 0.399 (last = 1.0000), fitness=1.620226536
4588.85 secs, 380 evals, 292 steps, improv/step: 0.397 (last = 0.0000), fitness=1.620226536
4601.54 secs, 381 evals, 293 steps, improv/step: 0.396 (last = 0.0000), fitness=1.620226536
4612.27 secs, 382 evals, 294 steps, improv/step: 0.398 (last = 1.0000), fitness=1.620226536
4622.48 secs, 383 evals, 295 steps, improv/step: 0.400 (last = 1.0000), fitness=1.620226536
4633.67 secs, 384 evals, 296 steps, improv/step: 0.402 (last = 1.0000), fitness=1.620226536
4645.75 secs, 385 evals, 297 steps, improv/step: 0.401 (last = 0.0000), fitness=1.620226536
4655.53 secs, 386 evals, 298 steps, improv/step: 0.403 (last = 1.0000), fitness=1.620226536
4667.30 secs, 387 evals, 299 steps, improv/step: 0.401 (last = 0.0000), fitness=1.620226536
4671.59 secs, 388 evals, 300 steps, improv/step: 0.400 (last = 0.0000), fitness=1.620226536
4682.78 secs, 389 evals, 301 steps, improv/step: 0.402 (last = 1.0000), fitness=1.620226536
4694.03 secs, 390 evals, 302 steps, improv/step: 0.401 (last = 0.0000), fitness=1.620226536
4707.12 secs, 391 evals, 303 steps, improv/step: 0.399 (last = 0.0000), fitness=1.620226536
4717.50 secs, 392 evals, 304 steps, improv/step: 0.401 (last = 1.0000), fitness=1.620226536
4731.19 secs, 393 evals, 305 steps, improv/step: 0.400 (last = 0.0000), fitness=1.620226536
4742.99 secs, 394 evals, 306 steps, improv/step: 0.399 (last = 0.0000), fitness=1.620226536
4754.53 secs, 395 evals, 307 steps, improv/step: 0.397 (last = 0.0000), fitness=1.620226536
4762.61 secs, 396 evals, 308 steps, improv/step: 0.396 (last = 0.0000), fitness=1.620226536
4774.71 secs, 397 evals, 309 steps, improv/step: 0.395 (last = 0.0000), fitness=1.620226536
4787.33 secs, 398 evals, 310 steps, improv/step: 0.394 (last = 0.0000), fitness=1.620226536
4798.80 secs, 399 evals, 311 steps, improv/step: 0.395 (last = 1.0000), fitness=1.620226536
4810.13 secs, 400 evals, 312 steps, improv/step: 0.394 (last = 0.0000), fitness=1.620226536
4822.33 secs, 401 evals, 313 steps, improv/step: 0.393 (last = 0.0000), fitness=1.620226536
4835.23 secs, 402 evals, 314 steps, improv/step: 0.392 (last = 0.0000), fitness=1.620226536
4846.76 secs, 403 evals, 315 steps, improv/step: 0.394 (last = 1.0000), fitness=1.620226536
4870.49 secs, 405 evals, 316 steps, improv/step: 0.396 (last = 1.0000), fitness=1.620226536
4879.81 secs, 406 evals, 317 steps, improv/step: 0.397 (last = 1.0000), fitness=1.620226536
4892.38 secs, 407 evals, 318 steps, improv/step: 0.396 (last = 0.0000), fitness=1.620226536
4903.68 secs, 408 evals, 319 steps, improv/step: 0.398 (last = 1.0000), fitness=1.620226536
4913.27 secs, 409 evals, 320 steps, improv/step: 0.397 (last = 0.0000), fitness=1.620226536
4937.62 secs, 411 evals, 321 steps, improv/step: 0.396 (last = 0.0000), fitness=1.620226536
4950.29 secs, 412 evals, 322 steps, improv/step: 0.398 (last = 1.0000), fitness=1.620226536
4960.84 secs, 413 evals, 323 steps, improv/step: 0.399 (last = 1.0000), fitness=1.620226536
4970.54 secs, 414 evals, 324 steps, improv/step: 0.401 (last = 1.0000), fitness=1.620226536
4977.08 secs, 415 evals, 325 steps, improv/step: 0.400 (last = 0.0000), fitness=1.620226536
4986.95 secs, 416 evals, 326 steps, improv/step: 0.402 (last = 1.0000), fitness=1.620226536
4994.52 secs, 417 evals, 327 steps, improv/step: 0.401 (last = 0.0000), fitness=1.620226536
5006.07 secs, 418 evals, 328 steps, improv/step: 0.399 (last = 0.0000), fitness=1.620226536
5016.36 secs, 419 evals, 329 steps, improv/step: 0.398 (last = 0.0000), fitness=1.620226536
5025.82 secs, 420 evals, 330 steps, improv/step: 0.397 (last = 0.0000), fitness=1.620226536
5037.33 secs, 421 evals, 331 steps, improv/step: 0.396 (last = 0.0000), fitness=1.620226536
5046.90 secs, 422 evals, 332 steps, improv/step: 0.398 (last = 1.0000), fitness=1.620226536
5060.05 secs, 423 evals, 333 steps, improv/step: 0.396 (last = 0.0000), fitness=1.620226536
5072.70 secs, 424 evals, 334 steps, improv/step: 0.395 (last = 0.0000), fitness=1.620226536
5085.70 secs, 425 evals, 335 steps, improv/step: 0.394 (last = 0.0000), fitness=1.620226536
5098.26 secs, 426 evals, 336 steps, improv/step: 0.393 (last = 0.0000), fitness=1.620226536
5104.28 secs, 427 evals, 337 steps, improv/step: 0.392 (last = 0.0000), fitness=1.620226536
5115.51 secs, 428 evals, 338 steps, improv/step: 0.393 (last = 1.0000), fitness=1.620226536
5124.83 secs, 429 evals, 339 steps, improv/step: 0.392 (last = 0.0000), fitness=1.620226536
5131.25 secs, 430 evals, 340 steps, improv/step: 0.391 (last = 0.0000), fitness=1.620226536
5142.65 secs, 431 evals, 341 steps, improv/step: 0.393 (last = 1.0000), fitness=1.620226536
5154.39 secs, 432 evals, 342 steps, improv/step: 0.392 (last = 0.0000), fitness=1.620226536
5164.40 secs, 433 evals, 343 steps, improv/step: 0.394 (last = 1.0000), fitness=1.613782573
5175.18 secs, 434 evals, 344 steps, improv/step: 0.392 (last = 0.0000), fitness=1.613782573
5186.66 secs, 435 evals, 345 steps, improv/step: 0.391 (last = 0.0000), fitness=1.613782573
5196.89 secs, 436 evals, 346 steps, improv/step: 0.393 (last = 1.0000), fitness=1.613782573
5205.40 secs, 437 evals, 347 steps, improv/step: 0.392 (last = 0.0000), fitness=1.613782573
5215.53 secs, 438 evals, 348 steps, improv/step: 0.391 (last = 0.0000), fitness=1.613782573
5227.39 secs, 439 evals, 349 steps, improv/step: 0.390 (last = 0.0000), fitness=1.613782573
5234.58 secs, 440 evals, 350 steps, improv/step: 0.389 (last = 0.0000), fitness=1.613782573
5246.92 secs, 441 evals, 351 steps, improv/step: 0.390 (last = 1.0000), fitness=1.613782573
5259.29 secs, 442 evals, 352 steps, improv/step: 0.389 (last = 0.0000), fitness=1.613782573
5271.65 secs, 443 evals, 353 steps, improv/step: 0.388 (last = 0.0000), fitness=1.613782573
5281.73 secs, 444 evals, 354 steps, improv/step: 0.387 (last = 0.0000), fitness=1.613782573
5294.40 secs, 445 evals, 355 steps, improv/step: 0.386 (last = 0.0000), fitness=1.613782573
5304.91 secs, 446 evals, 356 steps, improv/step: 0.388 (last = 1.0000), fitness=1.613782573
5312.44 secs, 447 evals, 357 steps, improv/step: 0.387 (last = 0.0000), fitness=1.613782573
5320.25 secs, 448 evals, 358 steps, improv/step: 0.385 (last = 0.0000), fitness=1.613782573
5330.79 secs, 449 evals, 359 steps, improv/step: 0.387 (last = 1.0000), fitness=1.613782573
5340.10 secs, 450 evals, 360 steps, improv/step: 0.386 (last = 0.0000), fitness=1.613782573
5352.94 secs, 451 evals, 361 steps, improv/step: 0.385 (last = 0.0000), fitness=1.613782573
5364.13 secs, 452 evals, 362 steps, improv/step: 0.387 (last = 1.0000), fitness=1.613782573
5375.48 secs, 453 evals, 363 steps, improv/step: 0.386 (last = 0.0000), fitness=1.613782573
5386.24 secs, 454 evals, 364 steps, improv/step: 0.387 (last = 1.0000), fitness=1.613782573
5394.59 secs, 455 evals, 365 steps, improv/step: 0.386 (last = 0.0000), fitness=1.613782573
5405.18 secs, 456 evals, 366 steps, improv/step: 0.388 (last = 1.0000), fitness=1.613782573
5417.27 secs, 457 evals, 367 steps, improv/step: 0.387 (last = 0.0000), fitness=1.613782573
5426.01 secs, 458 evals, 368 steps, improv/step: 0.386 (last = 0.0000), fitness=1.613782573
5434.02 secs, 459 evals, 369 steps, improv/step: 0.388 (last = 1.0000), fitness=1.613782573
5444.20 secs, 460 evals, 370 steps, improv/step: 0.389 (last = 1.0000), fitness=1.613782573
5451.67 secs, 461 evals, 371 steps, improv/step: 0.388 (last = 0.0000), fitness=1.613782573
5462.44 secs, 462 evals, 372 steps, improv/step: 0.387 (last = 0.0000), fitness=1.613782573
5469.74 secs, 463 evals, 373 steps, improv/step: 0.386 (last = 0.0000), fitness=1.613782573
5476.71 secs, 464 evals, 374 steps, improv/step: 0.385 (last = 0.0000), fitness=1.613782573
5489.93 secs, 465 evals, 375 steps, improv/step: 0.384 (last = 0.0000), fitness=1.613782573
5499.09 secs, 466 evals, 376 steps, improv/step: 0.383 (last = 0.0000), fitness=1.613782573
5511.36 secs, 467 evals, 377 steps, improv/step: 0.382 (last = 0.0000), fitness=1.613782573
5523.44 secs, 468 evals, 378 steps, improv/step: 0.381 (last = 0.0000), fitness=1.613782573
5534.82 secs, 469 evals, 379 steps, improv/step: 0.383 (last = 1.0000), fitness=1.613782573
5546.13 secs, 470 evals, 380 steps, improv/step: 0.384 (last = 1.0000), fitness=1.613782573
5556.69 secs, 471 evals, 381 steps, improv/step: 0.386 (last = 1.0000), fitness=1.613782573
5569.94 secs, 472 evals, 382 steps, improv/step: 0.385 (last = 0.0000), fitness=1.613782573
5581.78 secs, 473 evals, 383 steps, improv/step: 0.384 (last = 0.0000), fitness=1.613782573
5593.91 secs, 474 evals, 384 steps, improv/step: 0.383 (last = 0.0000), fitness=1.613782573
5606.08 secs, 475 evals, 385 steps, improv/step: 0.382 (last = 0.0000), fitness=1.613782573
5617.92 secs, 476 evals, 386 steps, improv/step: 0.381 (last = 0.0000), fitness=1.613782573
5625.36 secs, 477 evals, 387 steps, improv/step: 0.380 (last = 0.0000), fitness=1.613782573
5635.79 secs, 478 evals, 388 steps, improv/step: 0.379 (last = 0.0000), fitness=1.613782573
5648.10 secs, 479 evals, 389 steps, improv/step: 0.378 (last = 0.0000), fitness=1.613782573
5659.07 secs, 480 evals, 390 steps, improv/step: 0.379 (last = 1.0000), fitness=1.613782573
5670.41 secs, 481 evals, 391 steps, improv/step: 0.379 (last = 0.0000), fitness=1.613782573
5683.09 secs, 482 evals, 392 steps, improv/step: 0.378 (last = 0.0000), fitness=1.613782573
5691.72 secs, 483 evals, 393 steps, improv/step: 0.377 (last = 0.0000), fitness=1.613782573
5699.41 secs, 484 evals, 394 steps, improv/step: 0.376 (last = 0.0000), fitness=1.613782573
5711.92 secs, 485 evals, 395 steps, improv/step: 0.375 (last = 0.0000), fitness=1.613782573
5724.92 secs, 486 evals, 396 steps, improv/step: 0.374 (last = 0.0000), fitness=1.613782573
5736.46 secs, 487 evals, 397 steps, improv/step: 0.373 (last = 0.0000), fitness=1.613782573
5746.33 secs, 488 evals, 398 steps, improv/step: 0.374 (last = 1.0000), fitness=1.613782573
5758.02 secs, 489 evals, 399 steps, improv/step: 0.373 (last = 0.0000), fitness=1.613782573
5770.21 secs, 490 evals, 400 steps, improv/step: 0.372 (last = 0.0000), fitness=1.613782573
5778.64 secs, 491 evals, 401 steps, improv/step: 0.372 (last = 0.0000), fitness=1.613782573
5788.39 secs, 492 evals, 402 steps, improv/step: 0.371 (last = 0.0000), fitness=1.613782573
5794.27 secs, 493 evals, 403 steps, improv/step: 0.370 (last = 0.0000), fitness=1.613782573
5801.60 secs, 494 evals, 404 steps, improv/step: 0.369 (last = 0.0000), fitness=1.613782573
5813.81 secs, 495 evals, 405 steps, improv/step: 0.368 (last = 0.0000), fitness=1.613782573
5823.51 secs, 496 evals, 406 steps, improv/step: 0.367 (last = 0.0000), fitness=1.613782573
5832.98 secs, 497 evals, 407 steps, improv/step: 0.366 (last = 0.0000), fitness=1.613782573
5846.29 secs, 498 evals, 408 steps, improv/step: 0.365 (last = 0.0000), fitness=1.613782573
5850.59 secs, 499 evals, 409 steps, improv/step: 0.364 (last = 0.0000), fitness=1.613782573
5862.93 secs, 500 evals, 410 steps, improv/step: 0.363 (last = 0.0000), fitness=1.613782573
5875.37 secs, 501 evals, 411 steps, improv/step: 0.363 (last = 0.0000), fitness=1.613782573
5887.84 secs, 502 evals, 412 steps, improv/step: 0.362 (last = 0.0000), fitness=1.613782573
5909.70 secs, 504 evals, 413 steps, improv/step: 0.361 (last = 0.0000), fitness=1.613782573
5922.81 secs, 505 evals, 414 steps, improv/step: 0.360 (last = 0.0000), fitness=1.613782573
5934.84 secs, 506 evals, 415 steps, improv/step: 0.359 (last = 0.0000), fitness=1.613782573
5943.35 secs, 507 evals, 416 steps, improv/step: 0.358 (last = 0.0000), fitness=1.613782573
5955.11 secs, 508 evals, 417 steps, improv/step: 0.357 (last = 0.0000), fitness=1.613782573
5965.56 secs, 509 evals, 418 steps, improv/step: 0.359 (last = 1.0000), fitness=1.613782573
5975.59 secs, 510 evals, 419 steps, improv/step: 0.360 (last = 1.0000), fitness=1.613782573
5987.05 secs, 511 evals, 420 steps, improv/step: 0.362 (last = 1.0000), fitness=1.613782573
6007.23 secs, 513 evals, 421 steps, improv/step: 0.361 (last = 0.0000), fitness=1.613782573
6019.57 secs, 514 evals, 422 steps, improv/step: 0.360 (last = 0.0000), fitness=1.613782573
6030.65 secs, 515 evals, 423 steps, improv/step: 0.359 (last = 0.0000), fitness=1.613782573
6035.32 secs, 516 evals, 424 steps, improv/step: 0.358 (last = 0.0000), fitness=1.613782573
6045.15 secs, 517 evals, 425 steps, improv/step: 0.360 (last = 1.0000), fitness=1.613782573
6053.95 secs, 518 evals, 426 steps, improv/step: 0.359 (last = 0.0000), fitness=1.613782573
6063.80 secs, 519 evals, 427 steps, improv/step: 0.358 (last = 0.0000), fitness=1.613782573
6074.54 secs, 520 evals, 428 steps, improv/step: 0.360 (last = 1.0000), fitness=1.613782573
6086.58 secs, 521 evals, 429 steps, improv/step: 0.359 (last = 0.0000), fitness=1.613782573
6096.04 secs, 522 evals, 430 steps, improv/step: 0.360 (last = 1.0000), fitness=1.613782573
6105.94 secs, 523 evals, 431 steps, improv/step: 0.362 (last = 1.0000), fitness=1.613782573
6116.18 secs, 524 evals, 432 steps, improv/step: 0.363 (last = 1.0000), fitness=1.601705790
6126.91 secs, 525 evals, 433 steps, improv/step: 0.365 (last = 1.0000), fitness=1.601705790
6138.86 secs, 526 evals, 434 steps, improv/step: 0.364 (last = 0.0000), fitness=1.601705790
6149.91 secs, 527 evals, 435 steps, improv/step: 0.363 (last = 0.0000), fitness=1.601705790
6162.41 secs, 528 evals, 436 steps, improv/step: 0.362 (last = 0.0000), fitness=1.601705790
6172.25 secs, 529 evals, 437 steps, improv/step: 0.362 (last = 0.0000), fitness=1.601705790
6182.56 secs, 530 evals, 438 steps, improv/step: 0.361 (last = 0.0000), fitness=1.601705790
6192.52 secs, 531 evals, 439 steps, improv/step: 0.362 (last = 1.0000), fitness=1.563047393
6201.13 secs, 532 evals, 440 steps, improv/step: 0.361 (last = 0.0000), fitness=1.563047393
6212.21 secs, 533 evals, 441 steps, improv/step: 0.363 (last = 1.0000), fitness=1.563047393
6222.40 secs, 534 evals, 442 steps, improv/step: 0.364 (last = 1.0000), fitness=1.563047393
6231.57 secs, 535 evals, 443 steps, improv/step: 0.366 (last = 1.0000), fitness=1.563047393
6242.17 secs, 536 evals, 444 steps, improv/step: 0.367 (last = 1.0000), fitness=1.563047393
6253.31 secs, 537 evals, 445 steps, improv/step: 0.366 (last = 0.0000), fitness=1.563047393
6265.18 secs, 538 evals, 446 steps, improv/step: 0.365 (last = 0.0000), fitness=1.563047393
6274.73 secs, 539 evals, 447 steps, improv/step: 0.367 (last = 1.0000), fitness=1.563047393
6285.59 secs, 540 evals, 448 steps, improv/step: 0.368 (last = 1.0000), fitness=1.563047393
6296.78 secs, 541 evals, 449 steps, improv/step: 0.367 (last = 0.0000), fitness=1.563047393
6307.72 secs, 542 evals, 450 steps, improv/step: 0.369 (last = 1.0000), fitness=1.563047393
6318.72 secs, 543 evals, 451 steps, improv/step: 0.370 (last = 1.0000), fitness=1.563047393
6328.68 secs, 544 evals, 452 steps, improv/step: 0.372 (last = 1.0000), fitness=1.563047393
6336.28 secs, 545 evals, 453 steps, improv/step: 0.371 (last = 0.0000), fitness=1.563047393
6346.40 secs, 546 evals, 454 steps, improv/step: 0.370 (last = 0.0000), fitness=1.563047393
6355.68 secs, 547 evals, 455 steps, improv/step: 0.369 (last = 0.0000), fitness=1.563047393
6365.96 secs, 548 evals, 456 steps, improv/step: 0.371 (last = 1.0000), fitness=1.563047393
6378.10 secs, 549 evals, 457 steps, improv/step: 0.370 (last = 0.0000), fitness=1.563047393
6382.51 secs, 550 evals, 458 steps, improv/step: 0.369 (last = 0.0000), fitness=1.563047393
6392.19 secs, 551 evals, 459 steps, improv/step: 0.370 (last = 1.0000), fitness=1.563047393
6401.63 secs, 552 evals, 460 steps, improv/step: 0.370 (last = 0.0000), fitness=1.563047393
6409.27 secs, 553 evals, 461 steps, improv/step: 0.369 (last = 0.0000), fitness=1.563047393
6421.16 secs, 554 evals, 462 steps, improv/step: 0.368 (last = 0.0000), fitness=1.563047393
6432.95 secs, 555 evals, 463 steps, improv/step: 0.367 (last = 0.0000), fitness=1.563047393
6438.96 secs, 556 evals, 464 steps, improv/step: 0.366 (last = 0.0000), fitness=1.563047393
6450.34 secs, 557 evals, 465 steps, improv/step: 0.366 (last = 0.0000), fitness=1.563047393
6460.10 secs, 558 evals, 466 steps, improv/step: 0.367 (last = 1.0000), fitness=1.563047393
6469.62 secs, 559 evals, 467 steps, improv/step: 0.366 (last = 0.0000), fitness=1.563047393
6480.90 secs, 560 evals, 468 steps, improv/step: 0.365 (last = 0.0000), fitness=1.563047393
6490.68 secs, 561 evals, 469 steps, improv/step: 0.367 (last = 1.0000), fitness=1.563047393
6500.84 secs, 562 evals, 470 steps, improv/step: 0.368 (last = 1.0000), fitness=1.563047393
6510.60 secs, 563 evals, 471 steps, improv/step: 0.369 (last = 1.0000), fitness=1.563047393
6521.18 secs, 564 evals, 472 steps, improv/step: 0.369 (last = 0.0000), fitness=1.563047393
6531.09 secs, 565 evals, 473 steps, improv/step: 0.370 (last = 1.0000), fitness=1.241755129
6541.81 secs, 566 evals, 474 steps, improv/step: 0.371 (last = 1.0000), fitness=1.241755129
6548.55 secs, 567 evals, 475 steps, improv/step: 0.371 (last = 0.0000), fitness=1.241755129
6557.46 secs, 568 evals, 476 steps, improv/step: 0.370 (last = 0.0000), fitness=1.241755129
6569.01 secs, 569 evals, 477 steps, improv/step: 0.369 (last = 0.0000), fitness=1.241755129
6573.89 secs, 570 evals, 478 steps, improv/step: 0.368 (last = 0.0000), fitness=1.241755129
6581.96 secs, 571 evals, 479 steps, improv/step: 0.367 (last = 0.0000), fitness=1.241755129
6592.51 secs, 572 evals, 480 steps, improv/step: 0.367 (last = 0.0000), fitness=1.241755129
6604.11 secs, 573 evals, 481 steps, improv/step: 0.366 (last = 0.0000), fitness=1.241755129
6626.65 secs, 575 evals, 482 steps, improv/step: 0.365 (last = 0.0000), fitness=1.241755129
6638.21 secs, 576 evals, 483 steps, improv/step: 0.364 (last = 0.0000), fitness=1.241755129
6650.26 secs, 577 evals, 484 steps, improv/step: 0.364 (last = 0.0000), fitness=1.241755129
6660.21 secs, 578 evals, 485 steps, improv/step: 0.363 (last = 0.0000), fitness=1.241755129
6666.35 secs, 579 evals, 486 steps, improv/step: 0.362 (last = 0.0000), fitness=1.241755129
6677.05 secs, 580 evals, 487 steps, improv/step: 0.361 (last = 0.0000), fitness=1.241755129
6684.20 secs, 581 evals, 488 steps, improv/step: 0.361 (last = 0.0000), fitness=1.241755129
6693.71 secs, 582 evals, 489 steps, improv/step: 0.360 (last = 0.0000), fitness=1.241755129
6706.47 secs, 583 evals, 490 steps, improv/step: 0.359 (last = 0.0000), fitness=1.241755129
6716.66 secs, 584 evals, 491 steps, improv/step: 0.360 (last = 1.0000), fitness=1.241755129
6726.77 secs, 585 evals, 492 steps, improv/step: 0.362 (last = 1.0000), fitness=1.241755129
6737.14 secs, 586 evals, 493 steps, improv/step: 0.363 (last = 1.0000), fitness=1.241755129
6747.07 secs, 587 evals, 494 steps, improv/step: 0.364 (last = 1.0000), fitness=1.241755129
6755.26 secs, 588 evals, 495 steps, improv/step: 0.364 (last = 0.0000), fitness=1.241755129
6764.66 secs, 589 evals, 496 steps, improv/step: 0.363 (last = 0.0000), fitness=1.241755129
6774.74 secs, 590 evals, 497 steps, improv/step: 0.364 (last = 1.0000), fitness=1.241755129
6785.31 secs, 591 evals, 498 steps, improv/step: 0.363 (last = 0.0000), fitness=1.241755129
6795.08 secs, 592 evals, 499 steps, improv/step: 0.365 (last = 1.0000), fitness=1.241755129
6806.35 secs, 593 evals, 500 steps, improv/step: 0.364 (last = 0.0000), fitness=1.241755129
6817.70 secs, 594 evals, 501 steps, improv/step: 0.363 (last = 0.0000), fitness=1.241755129
6827.10 secs, 595 evals, 502 steps, improv/step: 0.363 (last = 0.0000), fitness=1.241755129
6837.74 secs, 596 evals, 503 steps, improv/step: 0.364 (last = 1.0000), fitness=1.241755129
6848.80 secs, 597 evals, 504 steps, improv/step: 0.363 (last = 0.0000), fitness=1.241755129
6860.19 secs, 598 evals, 505 steps, improv/step: 0.364 (last = 1.0000), fitness=1.241755129
6869.85 secs, 599 evals, 506 steps, improv/step: 0.364 (last = 0.0000), fitness=1.241755129
6880.34 secs, 600 evals, 507 steps, improv/step: 0.363 (last = 0.0000), fitness=1.241755129
6893.28 secs, 601 evals, 508 steps, improv/step: 0.362 (last = 0.0000), fitness=1.241755129
6904.01 secs, 602 evals, 509 steps, improv/step: 0.361 (last = 0.0000), fitness=1.241755129
6913.67 secs, 603 evals, 510 steps, improv/step: 0.361 (last = 0.0000), fitness=1.241755129
6925.57 secs, 604 evals, 511 steps, improv/step: 0.360 (last = 0.0000), fitness=1.241755129
6936.19 secs, 605 evals, 512 steps, improv/step: 0.359 (last = 0.0000), fitness=1.241755129
6947.00 secs, 606 evals, 513 steps, improv/step: 0.359 (last = 0.0000), fitness=1.241755129
6958.40 secs, 607 evals, 514 steps, improv/step: 0.358 (last = 0.0000), fitness=1.241755129
6963.20 secs, 608 evals, 515 steps, improv/step: 0.357 (last = 0.0000), fitness=1.241755129
6972.98 secs, 609 evals, 516 steps, improv/step: 0.357 (last = 0.0000), fitness=1.241755129
6984.71 secs, 610 evals, 517 steps, improv/step: 0.356 (last = 0.0000), fitness=1.241755129
6995.69 secs, 611 evals, 518 steps, improv/step: 0.355 (last = 0.0000), fitness=1.241755129
7006.10 secs, 612 evals, 519 steps, improv/step: 0.356 (last = 1.0000), fitness=1.241755129
7016.16 secs, 613 evals, 520 steps, improv/step: 0.358 (last = 1.0000), fitness=1.241755129
7026.97 secs, 614 evals, 521 steps, improv/step: 0.357 (last = 0.0000), fitness=1.241755129
7037.31 secs, 615 evals, 522 steps, improv/step: 0.356 (last = 0.0000), fitness=1.241755129
7050.05 secs, 616 evals, 523 steps, improv/step: 0.356 (last = 0.0000), fitness=1.241755129
7059.48 secs, 617 evals, 524 steps, improv/step: 0.357 (last = 1.0000), fitness=1.241755129
7068.90 secs, 618 evals, 525 steps, improv/step: 0.356 (last = 0.0000), fitness=1.241755129
7078.61 secs, 619 evals, 526 steps, improv/step: 0.356 (last = 0.0000), fitness=1.241755129
7091.79 secs, 620 evals, 527 steps, improv/step: 0.355 (last = 0.0000), fitness=1.241755129
7101.70 secs, 621 evals, 528 steps, improv/step: 0.356 (last = 1.0000), fitness=1.241755129
7112.71 secs, 622 evals, 529 steps, improv/step: 0.357 (last = 1.0000), fitness=1.241755129
7123.84 secs, 623 evals, 530 steps, improv/step: 0.357 (last = 0.0000), fitness=1.241755129
7135.59 secs, 624 evals, 531 steps, improv/step: 0.356 (last = 0.0000), fitness=1.241755129
7146.56 secs, 625 evals, 532 steps, improv/step: 0.355 (last = 0.0000), fitness=1.241755129
7158.21 secs, 626 evals, 533 steps, improv/step: 0.355 (last = 0.0000), fitness=1.241755129
7167.79 secs, 627 evals, 534 steps, improv/step: 0.354 (last = 0.0000), fitness=1.241755129
7177.78 secs, 628 evals, 535 steps, improv/step: 0.355 (last = 1.0000), fitness=1.241755129
7188.32 secs, 629 evals, 536 steps, improv/step: 0.354 (last = 0.0000), fitness=1.241755129
7198.43 secs, 630 evals, 537 steps, improv/step: 0.354 (last = 0.0000), fitness=1.241755129
7208.42 secs, 631 evals, 538 steps, improv/step: 0.355 (last = 1.0000), fitness=1.241755129
7218.31 secs, 632 evals, 539 steps, improv/step: 0.354 (last = 0.0000), fitness=1.241755129
7226.27 secs, 633 evals, 540 steps, improv/step: 0.354 (last = 0.0000), fitness=1.241755129
7236.86 secs, 634 evals, 541 steps, improv/step: 0.355 (last = 1.0000), fitness=1.241755129
7245.98 secs, 635 evals, 542 steps, improv/step: 0.354 (last = 0.0000), fitness=1.241755129
7256.99 secs, 636 evals, 543 steps, improv/step: 0.354 (last = 0.0000), fitness=1.241755129
7267.66 secs, 637 evals, 544 steps, improv/step: 0.355 (last = 1.0000), fitness=1.241755129
7278.12 secs, 638 evals, 545 steps, improv/step: 0.354 (last = 0.0000), fitness=1.241755129
7289.52 secs, 639 evals, 546 steps, improv/step: 0.353 (last = 0.0000), fitness=1.241755129
7300.49 secs, 640 evals, 547 steps, improv/step: 0.353 (last = 0.0000), fitness=1.241755129
7306.27 secs, 641 evals, 548 steps, improv/step: 0.352 (last = 0.0000), fitness=1.241755129
7316.41 secs, 642 evals, 549 steps, improv/step: 0.352 (last = 0.0000), fitness=1.241755129
7326.91 secs, 643 evals, 550 steps, improv/step: 0.353 (last = 1.0000), fitness=1.241755129
7351.10 secs, 645 evals, 551 steps, improv/step: 0.352 (last = 0.0000), fitness=1.241755129
7362.71 secs, 646 evals, 552 steps, improv/step: 0.351 (last = 0.0000), fitness=1.241755129
7373.03 secs, 647 evals, 553 steps, improv/step: 0.351 (last = 0.0000), fitness=1.241755129
7384.12 secs, 648 evals, 554 steps, improv/step: 0.350 (last = 0.0000), fitness=1.241755129
7394.02 secs, 649 evals, 555 steps, improv/step: 0.351 (last = 1.0000), fitness=1.241755129
7404.57 secs, 650 evals, 556 steps, improv/step: 0.351 (last = 0.0000), fitness=1.241755129
7415.47 secs, 651 evals, 557 steps, improv/step: 0.350 (last = 0.0000), fitness=1.241755129
7425.68 secs, 652 evals, 558 steps, improv/step: 0.349 (last = 0.0000), fitness=1.241755129
7436.77 secs, 653 evals, 559 steps, improv/step: 0.349 (last = 0.0000), fitness=1.241755129
7456.83 secs, 655 evals, 560 steps, improv/step: 0.348 (last = 0.0000), fitness=1.241755129
7467.55 secs, 656 evals, 561 steps, improv/step: 0.348 (last = 0.0000), fitness=1.241755129
7476.49 secs, 657 evals, 562 steps, improv/step: 0.347 (last = 0.0000), fitness=1.241755129
7487.27 secs, 658 evals, 563 steps, improv/step: 0.348 (last = 1.0000), fitness=1.241755129
7494.68 secs, 659 evals, 564 steps, improv/step: 0.348 (last = 0.0000), fitness=1.241755129
7503.61 secs, 660 evals, 565 steps, improv/step: 0.347 (last = 0.0000), fitness=1.241755129
7515.36 secs, 661 evals, 566 steps, improv/step: 0.346 (last = 0.0000), fitness=1.241755129
7525.91 secs, 662 evals, 567 steps, improv/step: 0.346 (last = 0.0000), fitness=1.241755129
7535.32 secs, 663 evals, 568 steps, improv/step: 0.345 (last = 0.0000), fitness=1.241755129
7546.53 secs, 664 evals, 569 steps, improv/step: 0.346 (last = 1.0000), fitness=1.241755129
7567.28 secs, 666 evals, 570 steps, improv/step: 0.347 (last = 1.0000), fitness=1.241755129
7577.21 secs, 667 evals, 571 steps, improv/step: 0.347 (last = 0.0000), fitness=1.241755129
7587.77 secs, 668 evals, 572 steps, improv/step: 0.346 (last = 0.0000), fitness=1.241755129
7598.52 secs, 669 evals, 573 steps, improv/step: 0.347 (last = 1.0000), fitness=1.241755129
7610.95 secs, 670 evals, 574 steps, improv/step: 0.347 (last = 0.0000), fitness=1.241755129
7621.00 secs, 671 evals, 575 steps, improv/step: 0.348 (last = 1.0000), fitness=1.241755129
7633.65 secs, 672 evals, 576 steps, improv/step: 0.347 (last = 0.0000), fitness=1.241755129
7641.79 secs, 673 evals, 577 steps, improv/step: 0.347 (last = 0.0000), fitness=1.241755129
7651.41 secs, 674 evals, 578 steps, improv/step: 0.348 (last = 1.0000), fitness=1.241755129
7662.25 secs, 675 evals, 579 steps, improv/step: 0.349 (last = 1.0000), fitness=1.241755129
7673.04 secs, 676 evals, 580 steps, improv/step: 0.350 (last = 1.0000), fitness=1.241755129
7685.61 secs, 677 evals, 581 steps, improv/step: 0.349 (last = 0.0000), fitness=1.241755129
7696.68 secs, 678 evals, 582 steps, improv/step: 0.351 (last = 1.0000), fitness=1.241755129
7706.08 secs, 679 evals, 583 steps, improv/step: 0.350 (last = 0.0000), fitness=1.241755129
7717.39 secs, 680 evals, 584 steps, improv/step: 0.349 (last = 0.0000), fitness=1.241755129
7727.58 secs, 681 evals, 585 steps, improv/step: 0.349 (last = 0.0000), fitness=1.241755129
7737.13 secs, 682 evals, 586 steps, improv/step: 0.348 (last = 0.0000), fitness=1.241755129
7746.97 secs, 683 evals, 587 steps, improv/step: 0.349 (last = 1.0000), fitness=1.241755129
7758.75 secs, 684 evals, 588 steps, improv/step: 0.349 (last = 0.0000), fitness=1.241755129
7768.98 secs, 685 evals, 589 steps, improv/step: 0.350 (last = 1.0000), fitness=1.241755129
7776.04 secs, 686 evals, 590 steps, improv/step: 0.349 (last = 0.0000), fitness=1.241755129
7787.57 secs, 687 evals, 591 steps, improv/step: 0.349 (last = 0.0000), fitness=1.241755129
7797.83 secs, 688 evals, 592 steps, improv/step: 0.348 (last = 0.0000), fitness=1.241755129
7807.39 secs, 689 evals, 593 steps, improv/step: 0.347 (last = 0.0000), fitness=1.241755129
7819.28 secs, 690 evals, 594 steps, improv/step: 0.347 (last = 0.0000), fitness=1.241755129
7828.28 secs, 691 evals, 595 steps, improv/step: 0.346 (last = 0.0000), fitness=1.241755129
7836.50 secs, 692 evals, 596 steps, improv/step: 0.346 (last = 0.0000), fitness=1.241755129
7846.96 secs, 693 evals, 597 steps, improv/step: 0.347 (last = 1.0000), fitness=1.241755129
7859.42 secs, 694 evals, 598 steps, improv/step: 0.346 (last = 0.0000), fitness=1.241755129
7869.28 secs, 695 evals, 599 steps, improv/step: 0.347 (last = 1.0000), fitness=1.241755129
7875.39 secs, 696 evals, 600 steps, improv/step: 0.347 (last = 0.0000), fitness=1.241755129
7885.88 secs, 697 evals, 601 steps, improv/step: 0.346 (last = 0.0000), fitness=1.241755129
7898.60 secs, 698 evals, 602 steps, improv/step: 0.346 (last = 0.0000), fitness=1.241755129
7908.72 secs, 699 evals, 603 steps, improv/step: 0.347 (last = 1.0000), fitness=1.241755129
7918.77 secs, 700 evals, 604 steps, improv/step: 0.348 (last = 1.0000), fitness=1.241755129
7929.33 secs, 701 evals, 605 steps, improv/step: 0.347 (last = 0.0000), fitness=1.241755129
7940.20 secs, 702 evals, 606 steps, improv/step: 0.347 (last = 0.0000), fitness=1.241755129
7949.97 secs, 703 evals, 607 steps, improv/step: 0.346 (last = 0.0000), fitness=1.241755129
7958.90 secs, 704 evals, 608 steps, improv/step: 0.345 (last = 0.0000), fitness=1.241755129
7968.55 secs, 705 evals, 609 steps, improv/step: 0.345 (last = 0.0000), fitness=1.241755129
7979.83 secs, 706 evals, 610 steps, improv/step: 0.344 (last = 0.0000), fitness=1.241755129
7991.35 secs, 707 evals, 611 steps, improv/step: 0.344 (last = 0.0000), fitness=1.241755129
8004.07 secs, 708 evals, 612 steps, improv/step: 0.343 (last = 0.0000), fitness=1.241755129
8008.61 secs, 709 evals, 613 steps, improv/step: 0.343 (last = 0.0000), fitness=1.241755129
8021.40 secs, 710 evals, 614 steps, improv/step: 0.342 (last = 0.0000), fitness=1.241755129
8031.13 secs, 711 evals, 615 steps, improv/step: 0.343 (last = 1.0000), fitness=1.241755129
8039.22 secs, 712 evals, 616 steps, improv/step: 0.343 (last = 0.0000), fitness=1.241755129
8048.43 secs, 713 evals, 617 steps, improv/step: 0.342 (last = 0.0000), fitness=1.241755129
8058.02 secs, 714 evals, 618 steps, improv/step: 0.343 (last = 1.0000), fitness=1.241755129
8068.04 secs, 715 evals, 619 steps, improv/step: 0.342 (last = 0.0000), fitness=1.241755129
8078.33 secs, 716 evals, 620 steps, improv/step: 0.342 (last = 0.0000), fitness=1.241755129
8088.38 secs, 717 evals, 621 steps, improv/step: 0.343 (last = 1.0000), fitness=1.241755129
8098.83 secs, 718 evals, 622 steps, improv/step: 0.342 (last = 0.0000), fitness=1.241755129
8105.13 secs, 719 evals, 623 steps, improv/step: 0.342 (last = 0.0000), fitness=1.241755129
8116.17 secs, 720 evals, 624 steps, improv/step: 0.341 (last = 0.0000), fitness=1.241755129
8126.99 secs, 721 evals, 625 steps, improv/step: 0.341 (last = 0.0000), fitness=1.241755129
8137.23 secs, 722 evals, 626 steps, improv/step: 0.342 (last = 1.0000), fitness=1.241755129
8144.48 secs, 723 evals, 627 steps, improv/step: 0.341 (last = 0.0000), fitness=1.241755129
8154.61 secs, 724 evals, 628 steps, improv/step: 0.341 (last = 0.0000), fitness=1.241755129
8163.94 secs, 725 evals, 629 steps, improv/step: 0.340 (last = 0.0000), fitness=1.241755129
8174.02 secs, 726 evals, 630 steps, improv/step: 0.341 (last = 1.0000), fitness=1.241755129
8185.75 secs, 727 evals, 631 steps, improv/step: 0.341 (last = 0.0000), fitness=1.241755129
8195.13 secs, 728 evals, 632 steps, improv/step: 0.340 (last = 0.0000), fitness=1.241755129
8205.60 secs, 729 evals, 633 steps, improv/step: 0.340 (last = 0.0000), fitness=1.241755129
8214.64 secs, 730 evals, 634 steps, improv/step: 0.339 (last = 0.0000), fitness=1.241755129
8224.67 secs, 731 evals, 635 steps, improv/step: 0.339 (last = 0.0000), fitness=1.241755129
8232.99 secs, 732 evals, 636 steps, improv/step: 0.338 (last = 0.0000), fitness=1.241755129
8243.58 secs, 733 evals, 637 steps, improv/step: 0.338 (last = 0.0000), fitness=1.241755129
8253.67 secs, 734 evals, 638 steps, improv/step: 0.339 (last = 1.0000), fitness=1.241755129
8264.56 secs, 735 evals, 639 steps, improv/step: 0.338 (last = 0.0000), fitness=1.241755129
8274.10 secs, 736 evals, 640 steps, improv/step: 0.338 (last = 0.0000), fitness=1.241755129
8282.95 secs, 737 evals, 641 steps, improv/step: 0.337 (last = 0.0000), fitness=1.241755129
8293.35 secs, 738 evals, 642 steps, improv/step: 0.336 (last = 0.0000), fitness=1.241755129
8301.69 secs, 739 evals, 643 steps, improv/step: 0.336 (last = 0.0000), fitness=1.241755129
8312.25 secs, 740 evals, 644 steps, improv/step: 0.337 (last = 1.0000), fitness=1.241755129
8322.86 secs, 741 evals, 645 steps, improv/step: 0.336 (last = 0.0000), fitness=1.241755129
8332.11 secs, 742 evals, 646 steps, improv/step: 0.336 (last = 0.0000), fitness=1.241755129
8340.30 secs, 743 evals, 647 steps, improv/step: 0.335 (last = 0.0000), fitness=1.241755129
8349.94 secs, 744 evals, 648 steps, improv/step: 0.336 (last = 1.0000), fitness=1.241755129
8361.36 secs, 745 evals, 649 steps, improv/step: 0.336 (last = 0.0000), fitness=1.241755129
8372.01 secs, 746 evals, 650 steps, improv/step: 0.335 (last = 0.0000), fitness=1.241755129
8380.73 secs, 747 evals, 651 steps, improv/step: 0.335 (last = 0.0000), fitness=1.241755129
8389.79 secs, 748 evals, 652 steps, improv/step: 0.334 (last = 0.0000), fitness=1.241755129
8398.28 secs, 749 evals, 653 steps, improv/step: 0.334 (last = 0.0000), fitness=1.241755129
8408.13 secs, 750 evals, 654 steps, improv/step: 0.335 (last = 1.0000), fitness=1.241755129
8416.39 secs, 751 evals, 655 steps, improv/step: 0.334 (last = 0.0000), fitness=1.241755129
8423.81 secs, 752 evals, 656 steps, improv/step: 0.334 (last = 0.0000), fitness=1.241755129
8433.79 secs, 753 evals, 657 steps, improv/step: 0.335 (last = 1.0000), fitness=1.241755129
8441.65 secs, 754 evals, 658 steps, improv/step: 0.334 (last = 0.0000), fitness=1.241755129
8451.79 secs, 755 evals, 659 steps, improv/step: 0.335 (last = 1.0000), fitness=1.241755129
8462.89 secs, 756 evals, 660 steps, improv/step: 0.336 (last = 1.0000), fitness=1.241755129
8474.15 secs, 757 evals, 661 steps, improv/step: 0.337 (last = 1.0000), fitness=1.241755129
8485.03 secs, 758 evals, 662 steps, improv/step: 0.338 (last = 1.0000), fitness=1.241755129
8493.38 secs, 759 evals, 663 steps, improv/step: 0.338 (last = 0.0000), fitness=1.241755129
8502.68 secs, 760 evals, 664 steps, improv/step: 0.337 (last = 0.0000), fitness=1.241755129
8513.45 secs, 761 evals, 665 steps, improv/step: 0.337 (last = 0.0000), fitness=1.241755129
8524.92 secs, 762 evals, 666 steps, improv/step: 0.336 (last = 0.0000), fitness=1.241755129
8535.32 secs, 763 evals, 667 steps, improv/step: 0.337 (last = 1.0000), fitness=1.241755129
8547.74 secs, 764 evals, 668 steps, improv/step: 0.337 (last = 0.0000), fitness=1.241755129
8558.95 secs, 765 evals, 669 steps, improv/step: 0.336 (last = 0.0000), fitness=1.241755129
8568.69 secs, 766 evals, 670 steps, improv/step: 0.336 (last = 0.0000), fitness=1.241755129
8578.06 secs, 767 evals, 671 steps, improv/step: 0.335 (last = 0.0000), fitness=1.241755129
8586.74 secs, 768 evals, 672 steps, improv/step: 0.335 (last = 0.0000), fitness=1.241755129
8595.99 secs, 769 evals, 673 steps, improv/step: 0.334 (last = 0.0000), fitness=1.241755129
8603.48 secs, 770 evals, 674 steps, improv/step: 0.334 (last = 0.0000), fitness=1.241755129
8613.42 secs, 771 evals, 675 steps, improv/step: 0.333 (last = 0.0000), fitness=1.241755129
8624.11 secs, 772 evals, 676 steps, improv/step: 0.333 (last = 0.0000), fitness=1.241755129
8635.36 secs, 773 evals, 677 steps, improv/step: 0.334 (last = 1.0000), fitness=1.241755129
8645.91 secs, 774 evals, 678 steps, improv/step: 0.333 (last = 0.0000), fitness=1.241755129
8650.48 secs, 775 evals, 679 steps, improv/step: 0.333 (last = 0.0000), fitness=1.241755129
8660.45 secs, 776 evals, 680 steps, improv/step: 0.334 (last = 1.0000), fitness=1.241755129
8670.34 secs, 777 evals, 681 steps, improv/step: 0.335 (last = 1.0000), fitness=1.241755129
8679.69 secs, 778 evals, 682 steps, improv/step: 0.334 (last = 0.0000), fitness=1.241755129
8689.88 secs, 779 evals, 683 steps, improv/step: 0.334 (last = 0.0000), fitness=1.241755129
8698.73 secs, 780 evals, 684 steps, improv/step: 0.333 (last = 0.0000), fitness=1.241755129
8708.69 secs, 781 evals, 685 steps, improv/step: 0.333 (last = 0.0000), fitness=1.241755129
8718.14 secs, 782 evals, 686 steps, improv/step: 0.332 (last = 0.0000), fitness=1.241755129
8727.93 secs, 783 evals, 687 steps, improv/step: 0.332 (last = 0.0000), fitness=1.241755129
8738.81 secs, 784 evals, 688 steps, improv/step: 0.331 (last = 0.0000), fitness=1.241755129
8749.75 secs, 785 evals, 689 steps, improv/step: 0.331 (last = 0.0000), fitness=1.241755129
8759.78 secs, 786 evals, 690 steps, improv/step: 0.332 (last = 1.0000), fitness=1.241755129
8765.08 secs, 787 evals, 691 steps, improv/step: 0.331 (last = 0.0000), fitness=1.241755129
8776.87 secs, 788 evals, 692 steps, improv/step: 0.331 (last = 0.0000), fitness=1.241755129
8787.27 secs, 789 evals, 693 steps, improv/step: 0.330 (last = 0.0000), fitness=1.241755129
8797.33 secs, 790 evals, 694 steps, improv/step: 0.331 (last = 1.0000), fitness=1.241755129
8806.87 secs, 791 evals, 695 steps, improv/step: 0.331 (last = 0.0000), fitness=1.241755129
8817.16 secs, 792 evals, 696 steps, improv/step: 0.332 (last = 1.0000), fitness=1.241755129
8826.91 secs, 793 evals, 697 steps, improv/step: 0.331 (last = 0.0000), fitness=1.241755129
8837.69 secs, 794 evals, 698 steps, improv/step: 0.331 (last = 0.0000), fitness=1.241755129
8847.79 secs, 795 evals, 699 steps, improv/step: 0.330 (last = 0.0000), fitness=1.241755129
8857.27 secs, 796 evals, 700 steps, improv/step: 0.330 (last = 0.0000), fitness=1.241755129
8867.31 secs, 797 evals, 701 steps, improv/step: 0.331 (last = 1.0000), fitness=1.241755129
8878.23 secs, 798 evals, 702 steps, improv/step: 0.330 (last = 0.0000), fitness=1.241755129
8885.38 secs, 799 evals, 703 steps, improv/step: 0.330 (last = 0.0000), fitness=1.241755129
8895.34 secs, 800 evals, 704 steps, improv/step: 0.330 (last = 0.0000), fitness=1.241755129
8905.46 secs, 801 evals, 705 steps, improv/step: 0.329 (last = 0.0000), fitness=1.241755129
8914.01 secs, 802 evals, 706 steps, improv/step: 0.329 (last = 0.0000), fitness=1.241755129
8924.12 secs, 803 evals, 707 steps, improv/step: 0.328 (last = 0.0000), fitness=1.241755129
8933.33 secs, 804 evals, 708 steps, improv/step: 0.328 (last = 0.0000), fitness=1.241755129
8943.84 secs, 805 evals, 709 steps, improv/step: 0.327 (last = 0.0000), fitness=1.241755129
8954.56 secs, 806 evals, 710 steps, improv/step: 0.327 (last = 0.0000), fitness=1.241755129
8964.61 secs, 807 evals, 711 steps, improv/step: 0.328 (last = 1.0000), fitness=1.241755129
8973.90 secs, 808 evals, 712 steps, improv/step: 0.327 (last = 0.0000), fitness=1.241755129
8984.08 secs, 809 evals, 713 steps, improv/step: 0.328 (last = 1.0000), fitness=1.241755129
8994.07 secs, 810 evals, 714 steps, improv/step: 0.329 (last = 1.0000), fitness=1.241755129
9003.43 secs, 811 evals, 715 steps, improv/step: 0.329 (last = 0.0000), fitness=1.241755129
9012.65 secs, 812 evals, 716 steps, improv/step: 0.328 (last = 0.0000), fitness=1.241755129
9022.52 secs, 813 evals, 717 steps, improv/step: 0.328 (last = 0.0000), fitness=1.241755129
9033.19 secs, 814 evals, 718 steps, improv/step: 0.327 (last = 0.0000), fitness=1.241755129
9043.66 secs, 815 evals, 719 steps, improv/step: 0.327 (last = 0.0000), fitness=1.241755129
9053.50 secs, 816 evals, 720 steps, improv/step: 0.328 (last = 1.0000), fitness=1.241755129
9062.72 secs, 817 evals, 721 steps, improv/step: 0.327 (last = 0.0000), fitness=1.241755129
9074.55 secs, 818 evals, 722 steps, improv/step: 0.327 (last = 0.0000), fitness=1.241755129
9085.18 secs, 819 evals, 723 steps, improv/step: 0.326 (last = 0.0000), fitness=1.241755129
9094.90 secs, 820 evals, 724 steps, improv/step: 0.327 (last = 1.0000), fitness=1.241755129
9105.47 secs, 821 evals, 725 steps, improv/step: 0.327 (last = 0.0000), fitness=1.241755129
9115.79 secs, 822 evals, 726 steps, improv/step: 0.326 (last = 0.0000), fitness=1.241755129
9126.33 secs, 823 evals, 727 steps, improv/step: 0.326 (last = 0.0000), fitness=1.241755129
9136.40 secs, 824 evals, 728 steps, improv/step: 0.326 (last = 0.0000), fitness=1.241755129
9147.24 secs, 825 evals, 729 steps, improv/step: 0.325 (last = 0.0000), fitness=1.241755129
9157.15 secs, 826 evals, 730 steps, improv/step: 0.326 (last = 1.0000), fitness=1.241755129
9166.96 secs, 827 evals, 731 steps, improv/step: 0.326 (last = 0.0000), fitness=1.241755129
9171.91 secs, 828 evals, 732 steps, improv/step: 0.325 (last = 0.0000), fitness=1.241755129
9182.24 secs, 829 evals, 733 steps, improv/step: 0.326 (last = 1.0000), fitness=1.241755129
9192.97 secs, 830 evals, 734 steps, improv/step: 0.327 (last = 1.0000), fitness=1.241755129
9203.17 secs, 831 evals, 735 steps, improv/step: 0.328 (last = 1.0000), fitness=1.241755129
9213.07 secs, 832 evals, 736 steps, improv/step: 0.329 (last = 1.0000), fitness=1.241755129
9223.23 secs, 833 evals, 737 steps, improv/step: 0.328 (last = 0.0000), fitness=1.241755129
9233.35 secs, 834 evals, 738 steps, improv/step: 0.328 (last = 0.0000), fitness=1.241755129
9244.39 secs, 835 evals, 739 steps, improv/step: 0.327 (last = 0.0000), fitness=1.241755129
9254.31 secs, 836 evals, 740 steps, improv/step: 0.328 (last = 1.0000), fitness=1.241755129
9264.14 secs, 837 evals, 741 steps, improv/step: 0.328 (last = 0.0000), fitness=1.241755129
9273.70 secs, 838 evals, 742 steps, improv/step: 0.327 (last = 0.0000), fitness=1.241755129
9285.69 secs, 839 evals, 743 steps, improv/step: 0.327 (last = 0.0000), fitness=1.241755129
9298.09 secs, 840 evals, 744 steps, improv/step: 0.327 (last = 0.0000), fitness=1.241755129
9307.60 secs, 841 evals, 745 steps, improv/step: 0.326 (last = 0.0000), fitness=1.241755129
9317.65 secs, 842 evals, 746 steps, improv/step: 0.326 (last = 0.0000), fitness=1.241755129
9328.13 secs, 843 evals, 747 steps, improv/step: 0.327 (last = 1.0000), fitness=1.241755129
9338.11 secs, 844 evals, 748 steps, improv/step: 0.326 (last = 0.0000), fitness=1.241755129
9348.10 secs, 845 evals, 749 steps, improv/step: 0.327 (last = 1.0000), fitness=1.241755129
9358.41 secs, 846 evals, 750 steps, improv/step: 0.327 (last = 0.0000), fitness=1.241755129
9368.81 secs, 847 evals, 751 steps, improv/step: 0.328 (last = 1.0000), fitness=1.241755129
9378.86 secs, 848 evals, 752 steps, improv/step: 0.327 (last = 0.0000), fitness=1.241755129
9388.12 secs, 849 evals, 753 steps, improv/step: 0.327 (last = 0.0000), fitness=1.241755129
9397.44 secs, 850 evals, 754 steps, improv/step: 0.326 (last = 0.0000), fitness=1.241755129
9406.95 secs, 851 evals, 755 steps, improv/step: 0.326 (last = 0.0000), fitness=1.241755129
9416.96 secs, 852 evals, 756 steps, improv/step: 0.327 (last = 1.0000), fitness=1.241755129
9423.45 secs, 853 evals, 757 steps, improv/step: 0.326 (last = 0.0000), fitness=1.241755129
9433.44 secs, 854 evals, 758 steps, improv/step: 0.327 (last = 1.0000), fitness=1.241755129
9443.81 secs, 855 evals, 759 steps, improv/step: 0.327 (last = 0.0000), fitness=1.241755129
9454.07 secs, 856 evals, 760 steps, improv/step: 0.326 (last = 0.0000), fitness=1.241755129
9465.29 secs, 857 evals, 761 steps, improv/step: 0.326 (last = 0.0000), fitness=1.241755129
9475.59 secs, 858 evals, 762 steps, improv/step: 0.327 (last = 1.0000), fitness=1.241755129
9485.51 secs, 859 evals, 763 steps, improv/step: 0.326 (last = 0.0000), fitness=1.241755129
9495.90 secs, 860 evals, 764 steps, improv/step: 0.326 (last = 0.0000), fitness=1.241755129
9505.61 secs, 861 evals, 765 steps, improv/step: 0.325 (last = 0.0000), fitness=1.241755129
9514.09 secs, 862 evals, 766 steps, improv/step: 0.325 (last = 0.0000), fitness=1.241755129
9524.13 secs, 863 evals, 767 steps, improv/step: 0.325 (last = 0.0000), fitness=1.241755129
9535.30 secs, 864 evals, 768 steps, improv/step: 0.324 (last = 0.0000), fitness=1.241755129
9545.91 secs, 865 evals, 769 steps, improv/step: 0.324 (last = 0.0000), fitness=1.241755129
9555.17 secs, 866 evals, 770 steps, improv/step: 0.323 (last = 0.0000), fitness=1.241755129
9565.03 secs, 867 evals, 771 steps, improv/step: 0.324 (last = 1.0000), fitness=1.241755129
9575.17 secs, 868 evals, 772 steps, improv/step: 0.325 (last = 1.0000), fitness=1.241755129
9584.62 secs, 869 evals, 773 steps, improv/step: 0.325 (last = 0.0000), fitness=1.241755129
9593.91 secs, 870 evals, 774 steps, improv/step: 0.324 (last = 0.0000), fitness=1.241755129
9603.97 secs, 871 evals, 775 steps, improv/step: 0.325 (last = 1.0000), fitness=1.241755129
9612.66 secs, 872 evals, 776 steps, improv/step: 0.325 (last = 0.0000), fitness=1.241755129
9622.74 secs, 873 evals, 777 steps, improv/step: 0.326 (last = 1.0000), fitness=1.221516747
9632.85 secs, 874 evals, 778 steps, improv/step: 0.325 (last = 0.0000), fitness=1.221516747
9642.76 secs, 875 evals, 779 steps, improv/step: 0.326 (last = 1.0000), fitness=1.221516747
9652.88 secs, 876 evals, 780 steps, improv/step: 0.327 (last = 1.0000), fitness=1.221516747
9663.11 secs, 877 evals, 781 steps, improv/step: 0.327 (last = 0.0000), fitness=1.221516747
9673.52 secs, 878 evals, 782 steps, improv/step: 0.326 (last = 0.0000), fitness=1.221516747
9683.05 secs, 879 evals, 783 steps, improv/step: 0.326 (last = 0.0000), fitness=1.221516747
9693.41 secs, 880 evals, 784 steps, improv/step: 0.325 (last = 0.0000), fitness=1.221516747
9703.54 secs, 881 evals, 785 steps, improv/step: 0.326 (last = 1.0000), fitness=1.221516747
9713.50 secs, 882 evals, 786 steps, improv/step: 0.326 (last = 0.0000), fitness=1.221516747
9723.87 secs, 883 evals, 787 steps, improv/step: 0.327 (last = 1.0000), fitness=1.221516747
9733.64 secs, 884 evals, 788 steps, improv/step: 0.326 (last = 0.0000), fitness=1.221516747
9743.11 secs, 885 evals, 789 steps, improv/step: 0.326 (last = 0.0000), fitness=1.221516747
9752.96 secs, 886 evals, 790 steps, improv/step: 0.325 (last = 0.0000), fitness=1.221516747
9757.20 secs, 887 evals, 791 steps, improv/step: 0.325 (last = 0.0000), fitness=1.221516747
9767.07 secs, 888 evals, 792 steps, improv/step: 0.324 (last = 0.0000), fitness=1.221516747
9776.82 secs, 889 evals, 793 steps, improv/step: 0.324 (last = 0.0000), fitness=1.221516747
9787.27 secs, 890 evals, 794 steps, improv/step: 0.325 (last = 1.0000), fitness=1.221516747
9798.76 secs, 891 evals, 795 steps, improv/step: 0.325 (last = 0.0000), fitness=1.221516747
9808.58 secs, 892 evals, 796 steps, improv/step: 0.324 (last = 0.0000), fitness=1.221516747
9818.56 secs, 893 evals, 797 steps, improv/step: 0.325 (last = 1.0000), fitness=1.221516747
9827.80 secs, 894 evals, 798 steps, improv/step: 0.325 (last = 0.0000), fitness=1.221516747
9839.11 secs, 895 evals, 799 steps, improv/step: 0.325 (last = 1.0000), fitness=1.221516747
9849.19 secs, 896 evals, 800 steps, improv/step: 0.326 (last = 1.0000), fitness=1.221516747
9858.91 secs, 897 evals, 801 steps, improv/step: 0.326 (last = 0.0000), fitness=1.221516747
9868.54 secs, 898 evals, 802 steps, improv/step: 0.325 (last = 0.0000), fitness=1.221516747
9878.44 secs, 899 evals, 803 steps, improv/step: 0.326 (last = 1.0000), fitness=1.221516747
9888.00 secs, 900 evals, 804 steps, improv/step: 0.326 (last = 0.0000), fitness=1.221516747
9897.80 secs, 901 evals, 805 steps, improv/step: 0.325 (last = 0.0000), fitness=1.221516747
9908.23 secs, 902 evals, 806 steps, improv/step: 0.325 (last = 0.0000), fitness=1.221516747
9918.58 secs, 903 evals, 807 steps, improv/step: 0.326 (last = 1.0000), fitness=1.221516747
9929.21 secs, 904 evals, 808 steps, improv/step: 0.325 (last = 0.0000), fitness=1.221516747
9938.92 secs, 905 evals, 809 steps, improv/step: 0.325 (last = 0.0000), fitness=1.221516747
9947.94 secs, 906 evals, 810 steps, improv/step: 0.325 (last = 0.0000), fitness=1.221516747
9958.89 secs, 907 evals, 811 steps, improv/step: 0.324 (last = 0.0000), fitness=1.221516747
9968.39 secs, 908 evals, 812 steps, improv/step: 0.324 (last = 0.0000), fitness=1.221516747
9974.69 secs, 909 evals, 813 steps, improv/step: 0.323 (last = 0.0000), fitness=1.221516747
9984.73 secs, 910 evals, 814 steps, improv/step: 0.324 (last = 1.0000), fitness=1.221516747
9994.35 secs, 911 evals, 815 steps, improv/step: 0.325 (last = 1.0000), fitness=1.221516747
10003.82 secs, 912 evals, 816 steps, improv/step: 0.325 (last = 0.0000), fitness=1.221516747
10013.53 secs, 913 evals, 817 steps, improv/step: 0.324 (last = 0.0000), fitness=1.221516747
10024.21 secs, 914 evals, 818 steps, improv/step: 0.324 (last = 0.0000), fitness=1.221516747
10033.86 secs, 915 evals, 819 steps, improv/step: 0.324 (last = 0.0000), fitness=1.221516747
10044.41 secs, 916 evals, 820 steps, improv/step: 0.323 (last = 0.0000), fitness=1.221516747
10054.26 secs, 917 evals, 821 steps, improv/step: 0.324 (last = 1.0000), fitness=1.221516747
10064.93 secs, 918 evals, 822 steps, improv/step: 0.324 (last = 0.0000), fitness=1.221516747
10074.84 secs, 919 evals, 823 steps, improv/step: 0.323 (last = 0.0000), fitness=1.221516747
10084.48 secs, 920 evals, 824 steps, improv/step: 0.323 (last = 0.0000), fitness=1.221516747
10094.79 secs, 921 evals, 825 steps, improv/step: 0.322 (last = 0.0000), fitness=1.221516747
10105.88 secs, 922 evals, 826 steps, improv/step: 0.322 (last = 0.0000), fitness=1.221516747
10115.66 secs, 923 evals, 827 steps, improv/step: 0.323 (last = 1.0000), fitness=1.221516747
10125.49 secs, 924 evals, 828 steps, improv/step: 0.322 (last = 0.0000), fitness=1.221516747
10135.72 secs, 925 evals, 829 steps, improv/step: 0.322 (last = 0.0000), fitness=1.221516747
10144.81 secs, 926 evals, 830 steps, improv/step: 0.322 (last = 0.0000), fitness=1.221516747
10154.22 secs, 927 evals, 831 steps, improv/step: 0.321 (last = 0.0000), fitness=1.221516747
10164.17 secs, 928 evals, 832 steps, improv/step: 0.321 (last = 0.0000), fitness=1.221516747
10175.56 secs, 929 evals, 833 steps, improv/step: 0.321 (last = 0.0000), fitness=1.221516747
10185.66 secs, 930 evals, 834 steps, improv/step: 0.320 (last = 0.0000), fitness=1.221516747
10196.00 secs, 931 evals, 835 steps, improv/step: 0.320 (last = 0.0000), fitness=1.221516747
10207.98 secs, 932 evals, 836 steps, improv/step: 0.319 (last = 0.0000), fitness=1.221516747
10217.97 secs, 933 evals, 837 steps, improv/step: 0.320 (last = 1.0000), fitness=1.221516747
10228.44 secs, 934 evals, 838 steps, improv/step: 0.320 (last = 0.0000), fitness=1.221516747
10238.31 secs, 935 evals, 839 steps, improv/step: 0.319 (last = 0.0000), fitness=1.221516747
10246.67 secs, 936 evals, 840 steps, improv/step: 0.319 (last = 0.0000), fitness=1.221516747
10256.69 secs, 937 evals, 841 steps, improv/step: 0.319 (last = 0.0000), fitness=1.221516747
10267.03 secs, 938 evals, 842 steps, improv/step: 0.319 (last = 1.0000), fitness=1.221516747
10277.74 secs, 939 evals, 843 steps, improv/step: 0.319 (last = 0.0000), fitness=1.221516747
10287.73 secs, 940 evals, 844 steps, improv/step: 0.320 (last = 1.0000), fitness=1.221516747
10296.93 secs, 941 evals, 845 steps, improv/step: 0.320 (last = 0.0000), fitness=1.221516747
10306.11 secs, 942 evals, 846 steps, improv/step: 0.319 (last = 0.0000), fitness=1.221516747
10315.80 secs, 943 evals, 847 steps, improv/step: 0.319 (last = 0.0000), fitness=1.221516747
10329.20 secs, 944 evals, 848 steps, improv/step: 0.318 (last = 0.0000), fitness=1.221516747
10340.12 secs, 945 evals, 849 steps, improv/step: 0.318 (last = 0.0000), fitness=1.221516747
10349.79 secs, 946 evals, 850 steps, improv/step: 0.318 (last = 0.0000), fitness=1.221516747
10359.76 secs, 947 evals, 851 steps, improv/step: 0.317 (last = 0.0000), fitness=1.221516747
10369.70 secs, 948 evals, 852 steps, improv/step: 0.318 (last = 1.0000), fitness=1.221516747
10380.49 secs, 949 evals, 853 steps, improv/step: 0.318 (last = 0.0000), fitness=1.221516747
10389.91 secs, 950 evals, 854 steps, improv/step: 0.317 (last = 0.0000), fitness=1.221516747
10399.77 secs, 951 evals, 855 steps, improv/step: 0.318 (last = 1.0000), fitness=1.221516747
10409.94 secs, 952 evals, 856 steps, improv/step: 0.318 (last = 0.0000), fitness=1.221516747
10420.13 secs, 953 evals, 857 steps, improv/step: 0.317 (last = 0.0000), fitness=1.221516747
10430.39 secs, 954 evals, 858 steps, improv/step: 0.317 (last = 0.0000), fitness=1.221516747
10440.60 secs, 955 evals, 859 steps, improv/step: 0.317 (last = 0.0000), fitness=1.221516747
10450.68 secs, 956 evals, 860 steps, improv/step: 0.316 (last = 0.0000), fitness=1.221516747
10460.75 secs, 957 evals, 861 steps, improv/step: 0.316 (last = 0.0000), fitness=1.221516747
10470.42 secs, 958 evals, 862 steps, improv/step: 0.316 (last = 0.0000), fitness=1.221516747
10480.27 secs, 959 evals, 863 steps, improv/step: 0.315 (last = 0.0000), fitness=1.221516747
10490.30 secs, 960 evals, 864 steps, improv/step: 0.315 (last = 0.0000), fitness=1.221516747
10501.30 secs, 961 evals, 865 steps, improv/step: 0.314 (last = 0.0000), fitness=1.221516747
10510.89 secs, 962 evals, 866 steps, improv/step: 0.314 (last = 0.0000), fitness=1.221516747
10519.67 secs, 963 evals, 867 steps, improv/step: 0.314 (last = 0.0000), fitness=1.221516747
10529.54 secs, 964 evals, 868 steps, improv/step: 0.313 (last = 0.0000), fitness=1.221516747
10538.86 secs, 965 evals, 869 steps, improv/step: 0.313 (last = 0.0000), fitness=1.221516747
10549.76 secs, 966 evals, 870 steps, improv/step: 0.313 (last = 0.0000), fitness=1.221516747
10559.88 secs, 967 evals, 871 steps, improv/step: 0.313 (last = 1.0000), fitness=1.221516747
10569.70 secs, 968 evals, 872 steps, improv/step: 0.313 (last = 0.0000), fitness=1.221516747
10579.64 secs, 969 evals, 873 steps, improv/step: 0.314 (last = 1.0000), fitness=1.221516747
10590.67 secs, 970 evals, 874 steps, improv/step: 0.314 (last = 0.0000), fitness=1.221516747
10600.22 secs, 971 evals, 875 steps, improv/step: 0.313 (last = 0.0000), fitness=1.221516747
10610.71 secs, 972 evals, 876 steps, improv/step: 0.313 (last = 0.0000), fitness=1.221516747
10621.35 secs, 973 evals, 877 steps, improv/step: 0.312 (last = 0.0000), fitness=1.221516747
10631.23 secs, 974 evals, 878 steps, improv/step: 0.312 (last = 0.0000), fitness=1.221516747
10641.53 secs, 975 evals, 879 steps, improv/step: 0.313 (last = 1.0000), fitness=1.221516747
10652.03 secs, 976 evals, 880 steps, improv/step: 0.312 (last = 0.0000), fitness=1.221516747
10661.63 secs, 977 evals, 881 steps, improv/step: 0.312 (last = 0.0000), fitness=1.221516747
10671.55 secs, 978 evals, 882 steps, improv/step: 0.313 (last = 1.0000), fitness=1.221516747
10681.48 secs, 979 evals, 883 steps, improv/step: 0.313 (last = 0.0000), fitness=1.221516747
10691.92 secs, 980 evals, 884 steps, improv/step: 0.312 (last = 0.0000), fitness=1.221516747
10702.84 secs, 981 evals, 885 steps, improv/step: 0.312 (last = 0.0000), fitness=1.221516747
10712.81 secs, 982 evals, 886 steps, improv/step: 0.312 (last = 0.0000), fitness=1.221516747
10722.65 secs, 983 evals, 887 steps, improv/step: 0.311 (last = 0.0000), fitness=1.221516747
10733.00 secs, 984 evals, 888 steps, improv/step: 0.311 (last = 0.0000), fitness=1.221516747
10742.79 secs, 985 evals, 889 steps, improv/step: 0.310 (last = 0.0000), fitness=1.221516747
10753.97 secs, 986 evals, 890 steps, improv/step: 0.310 (last = 0.0000), fitness=1.221516747
10764.32 secs, 987 evals, 891 steps, improv/step: 0.310 (last = 0.0000), fitness=1.221516747
10774.33 secs, 988 evals, 892 steps, improv/step: 0.311 (last = 1.0000), fitness=1.221516747
10784.28 secs, 989 evals, 893 steps, improv/step: 0.311 (last = 1.0000), fitness=1.221516747
10793.81 secs, 990 evals, 894 steps, improv/step: 0.311 (last = 0.0000), fitness=1.221516747

Optimization stopped after 895 steps and 10804.20 seconds
Termination reason: Max time (10800.0 s) reached
Steps per second = 0.08
Function evals per second = 0.09
Improvements/step = Inf
Total function evaluations = 991


Best candidate found: [0.111803, 0.30855]

Fitness: 1.221516747

