N_Jobs_Total: 144
Starting optimization with optimizer DiffEvoOpt{FitPopulation{Float64}, RadiusLimitedSelector, BlackBoxOptim.AdaptiveDiffEvoRandBin{3}, RandomBound{ContinuousRectSearchSpace}}
0.00 secs, 0 evals, 0 steps
209.07 secs, 2 evals, 1 steps, fitness=8.527826615
422.83 secs, 4 evals, 2 steps, improv/step: 0.500 (last = 1.0000), fitness=8.527826615
711.15 secs, 6 evals, 3 steps, improv/step: 0.667 (last = 1.0000), fitness=8.527826615
873.24 secs, 8 evals, 4 steps, improv/step: 0.500 (last = 0.0000), fitness=8.527826615
1013.78 secs, 10 evals, 5 steps, improv/step: 0.400 (last = 0.0000), fitness=8.527826615
1227.27 secs, 12 evals, 6 steps, improv/step: 0.333 (last = 0.0000), fitness=7.910897964
1492.71 secs, 14 evals, 7 steps, improv/step: 0.429 (last = 1.0000), fitness=7.910897964
1608.84 secs, 16 evals, 8 steps, improv/step: 0.375 (last = 0.0000), fitness=7.910897964
1896.75 secs, 18 evals, 9 steps, improv/step: 0.444 (last = 1.0000), fitness=7.910897964
2183.41 secs, 20 evals, 10 steps, improv/step: 0.500 (last = 1.0000), fitness=7.910897964
2422.28 secs, 22 evals, 11 steps, improv/step: 0.455 (last = 0.0000), fitness=7.910897964
2728.28 secs, 24 evals, 12 steps, improv/step: 0.500 (last = 1.0000), fitness=7.731664199
3040.80 secs, 26 evals, 13 steps, improv/step: 0.462 (last = 0.0000), fitness=5.313995409
3178.77 secs, 28 evals, 14 steps, improv/step: 0.429 (last = 0.0000), fitness=5.313995409
3489.32 secs, 30 evals, 15 steps, improv/step: 0.467 (last = 1.0000), fitness=5.313995409
3560.58 secs, 31 evals, 16 steps, improv/step: 0.438 (last = 0.0000), fitness=5.313995409
3845.98 secs, 33 evals, 17 steps, improv/step: 0.471 (last = 1.0000), fitness=5.313995409
4144.68 secs, 35 evals, 18 steps, improv/step: 0.444 (last = 0.0000), fitness=5.313995409
4442.33 secs, 37 evals, 19 steps, improv/step: 0.421 (last = 0.0000), fitness=5.313995409
4711.99 secs, 39 evals, 20 steps, improv/step: 0.400 (last = 0.0000), fitness=5.313995409
4833.63 secs, 40 evals, 21 steps, improv/step: 0.381 (last = 0.0000), fitness=5.313995409
5049.55 secs, 42 evals, 22 steps, improv/step: 0.364 (last = 0.0000), fitness=5.313995409
5221.19 secs, 44 evals, 23 steps, improv/step: 0.391 (last = 1.0000), fitness=5.313995409
5438.56 secs, 46 evals, 24 steps, improv/step: 0.375 (last = 0.0000), fitness=5.032855778
5573.83 secs, 47 evals, 25 steps, improv/step: 0.360 (last = 0.0000), fitness=5.032855778
5716.90 secs, 48 evals, 26 steps, improv/step: 0.385 (last = 1.0000), fitness=5.032855778
5823.05 secs, 49 evals, 27 steps, improv/step: 0.370 (last = 0.0000), fitness=5.032855778
6115.27 secs, 51 evals, 28 steps, improv/step: 0.357 (last = 0.0000), fitness=5.032855778
6376.50 secs, 53 evals, 29 steps, improv/step: 0.345 (last = 0.0000), fitness=5.032855778
6638.00 secs, 55 evals, 30 steps, improv/step: 0.333 (last = 0.0000), fitness=5.032855778
6844.30 secs, 57 evals, 31 steps, improv/step: 0.323 (last = 0.0000), fitness=5.032855778
6931.84 secs, 58 evals, 32 steps, improv/step: 0.312 (last = 0.0000), fitness=5.032855778
7125.46 secs, 60 evals, 33 steps, improv/step: 0.303 (last = 0.0000), fitness=5.032855778
7392.56 secs, 62 evals, 34 steps, improv/step: 0.294 (last = 0.0000), fitness=5.032855778
7456.08 secs, 63 evals, 35 steps, improv/step: 0.286 (last = 0.0000), fitness=5.032855778
7577.94 secs, 64 evals, 36 steps, improv/step: 0.278 (last = 0.0000), fitness=5.032855778
7838.54 secs, 66 evals, 37 steps, improv/step: 0.297 (last = 1.0000), fitness=5.032855778
8106.47 secs, 68 evals, 38 steps, improv/step: 0.316 (last = 1.0000), fitness=5.032855778
8242.52 secs, 69 evals, 39 steps, improv/step: 0.333 (last = 1.0000), fitness=5.032855778
8492.94 secs, 71 evals, 40 steps, improv/step: 0.350 (last = 1.0000), fitness=5.032855778
8759.22 secs, 73 evals, 41 steps, improv/step: 0.366 (last = 1.0000), fitness=5.032855778
9007.35 secs, 75 evals, 42 steps, improv/step: 0.381 (last = 1.0000), fitness=5.032855778
9197.54 secs, 77 evals, 43 steps, improv/step: 0.395 (last = 1.0000), fitness=5.032855778
9310.01 secs, 78 evals, 44 steps, improv/step: 0.386 (last = 0.0000), fitness=5.032855778
9497.92 secs, 80 evals, 45 steps, improv/step: 0.400 (last = 1.0000), fitness=5.032855778
9771.36 secs, 82 evals, 46 steps, improv/step: 0.391 (last = 0.0000), fitness=5.032855778
10035.96 secs, 84 evals, 47 steps, improv/step: 0.404 (last = 1.0000), fitness=5.032855778
10168.79 secs, 85 evals, 48 steps, improv/step: 0.396 (last = 0.0000), fitness=5.032855778
10441.97 secs, 87 evals, 49 steps, improv/step: 0.388 (last = 0.0000), fitness=5.032855778
10485.83 secs, 88 evals, 50 steps, improv/step: 0.380 (last = 0.0000), fitness=5.032855778
10748.12 secs, 90 evals, 51 steps, improv/step: 0.392 (last = 1.0000), fitness=5.032855778

Optimization stopped after 52 steps and 10983.82 seconds
Termination reason: Max time (10800.0 s) reached
Steps per second = 0.00
Function evals per second = 0.01
Improvements/step = Inf
Total function evaluations = 92


Best candidate found: [0.816338, 0.917058]

Fitness: 5.032855778

