N_Jobs_Total: 2520
Job: 361, N_Quanta: 2, epsilon: 0.15, NT_per_Second: 25
Job: 362, N_Quanta: 2, epsilon: 0.15, NT_per_Second: 50
Job: 363, N_Quanta: 2, epsilon: 0.15, NT_per_Second: 100
Job: 364, N_Quanta: 2, epsilon: 0.15, NT_per_Second: 200
Job: 365, N_Quanta: 2, epsilon: 0.15, NT_per_Second: 400
Job: 366, N_Quanta: 2, epsilon: 0.15, NT_per_Second: 800
Job: 367, N_Quanta: 4, epsilon: 0.15, NT_per_Second: 25
Job: 368, N_Quanta: 4, epsilon: 0.15, NT_per_Second: 50
Job: 369, N_Quanta: 4, epsilon: 0.15, NT_per_Second: 100
Job: 370, N_Quanta: 4, epsilon: 0.15, NT_per_Second: 200
Job: 371, N_Quanta: 4, epsilon: 0.15, NT_per_Second: 400
Job: 372, N_Quanta: 4, epsilon: 0.15, NT_per_Second: 800
Job: 373, N_Quanta: 6, epsilon: 0.15, NT_per_Second: 25
Job: 374, N_Quanta: 6, epsilon: 0.15, NT_per_Second: 50
Job: 375, N_Quanta: 6, epsilon: 0.15, NT_per_Second: 100
Job: 376, N_Quanta: 6, epsilon: 0.15, NT_per_Second: 200
Job: 377, N_Quanta: 6, epsilon: 0.15, NT_per_Second: 400
Job: 378, N_Quanta: 6, epsilon: 0.15, NT_per_Second: 800
Job: 379, N_Quanta: 8, epsilon: 0.15, NT_per_Second: 25
Job: 380, N_Quanta: 8, epsilon: 0.15, NT_per_Second: 50
Job: 381, N_Quanta: 8, epsilon: 0.15, NT_per_Second: 100
Job: 382, N_Quanta: 8, epsilon: 0.15, NT_per_Second: 200
Job: 383, N_Quanta: 8, epsilon: 0.15, NT_per_Second: 400
Job: 384, N_Quanta: 8, epsilon: 0.15, NT_per_Second: 800
Job: 385, N_Quanta: 10, epsilon: 0.15, NT_per_Second: 25
Job: 386, N_Quanta: 10, epsilon: 0.15, NT_per_Second: 50
Job: 387, N_Quanta: 10, epsilon: 0.15, NT_per_Second: 100
Job: 388, N_Quanta: 10, epsilon: 0.15, NT_per_Second: 200
Job: 389, N_Quanta: 10, epsilon: 0.15, NT_per_Second: 400
Job: 390, N_Quanta: 10, epsilon: 0.15, NT_per_Second: 800
Job: 391, N_Quanta: 12, epsilon: 0.15, NT_per_Second: 25
Job: 392, N_Quanta: 12, epsilon: 0.15, NT_per_Second: 50
Job: 393, N_Quanta: 12, epsilon: 0.15, NT_per_Second: 100
Job: 394, N_Quanta: 12, epsilon: 0.15, NT_per_Second: 200
Job: 395, N_Quanta: 12, epsilon: 0.15, NT_per_Second: 400
Job: 396, N_Quanta: 12, epsilon: 0.15, NT_per_Second: 800
Job: 397, N_Quanta: 14, epsilon: 0.15, NT_per_Second: 25
Job: 398, N_Quanta: 14, epsilon: 0.15, NT_per_Second: 50
Job: 399, N_Quanta: 14, epsilon: 0.15, NT_per_Second: 100
Job: 400, N_Quanta: 14, epsilon: 0.15, NT_per_Second: 200
Job: 401, N_Quanta: 14, epsilon: 0.15, NT_per_Second: 400
Job: 402, N_Quanta: 14, epsilon: 0.15, NT_per_Second: 800
Job: 403, N_Quanta: 16, epsilon: 0.15, NT_per_Second: 25
Job: 404, N_Quanta: 16, epsilon: 0.15, NT_per_Second: 50
Job: 405, N_Quanta: 16, epsilon: 0.15, NT_per_Second: 100
Job: 406, N_Quanta: 16, epsilon: 0.15, NT_per_Second: 200
Job: 407, N_Quanta: 16, epsilon: 0.15, NT_per_Second: 400
Job: 408, N_Quanta: 16, epsilon: 0.15, NT_per_Second: 800
Job: 409, N_Quanta: 18, epsilon: 0.15, NT_per_Second: 25
Job: 410, N_Quanta: 18, epsilon: 0.15, NT_per_Second: 50
Job: 411, N_Quanta: 18, epsilon: 0.15, NT_per_Second: 100
Job: 412, N_Quanta: 18, epsilon: 0.15, NT_per_Second: 200
Job: 413, N_Quanta: 18, epsilon: 0.15, NT_per_Second: 400
Job: 414, N_Quanta: 18, epsilon: 0.15, NT_per_Second: 800
Job: 415, N_Quanta: 20, epsilon: 0.15, NT_per_Second: 25
Job: 416, N_Quanta: 20, epsilon: 0.15, NT_per_Second: 50
Job: 417, N_Quanta: 20, epsilon: 0.15, NT_per_Second: 100
Job: 418, N_Quanta: 20, epsilon: 0.15, NT_per_Second: 200
Job: 419, N_Quanta: 20, epsilon: 0.15, NT_per_Second: 400
Job: 420, N_Quanta: 20, epsilon: 0.15, NT_per_Second: 800
Job: 421, N_Quanta: 22, epsilon: 0.15, NT_per_Second: 25
Job: 422, N_Quanta: 22, epsilon: 0.15, NT_per_Second: 50
Job: 423, N_Quanta: 22, epsilon: 0.15, NT_per_Second: 100
Job: 424, N_Quanta: 22, epsilon: 0.15, NT_per_Second: 200
Job: 425, N_Quanta: 22, epsilon: 0.15, NT_per_Second: 400
Job: 426, N_Quanta: 22, epsilon: 0.15, NT_per_Second: 800
Job: 427, N_Quanta: 24, epsilon: 0.15, NT_per_Second: 25
Job: 428, N_Quanta: 24, epsilon: 0.15, NT_per_Second: 50
Job: 429, N_Quanta: 24, epsilon: 0.15, NT_per_Second: 100
Job: 430, N_Quanta: 24, epsilon: 0.15, NT_per_Second: 200
Job: 431, N_Quanta: 24, epsilon: 0.15, NT_per_Second: 400
Job: 432, N_Quanta: 24, epsilon: 0.15, NT_per_Second: 800
Job: 433, N_Quanta: 26, epsilon: 0.15, NT_per_Second: 25
Job: 434, N_Quanta: 26, epsilon: 0.15, NT_per_Second: 50
Job: 435, N_Quanta: 26, epsilon: 0.15, NT_per_Second: 100
Job: 436, N_Quanta: 26, epsilon: 0.15, NT_per_Second: 200
Job: 437, N_Quanta: 26, epsilon: 0.15, NT_per_Second: 400
Job: 438, N_Quanta: 26, epsilon: 0.15, NT_per_Second: 800
Job: 439, N_Quanta: 28, epsilon: 0.15, NT_per_Second: 25
Job: 440, N_Quanta: 28, epsilon: 0.15, NT_per_Second: 50
Job: 441, N_Quanta: 28, epsilon: 0.15, NT_per_Second: 100
Job: 442, N_Quanta: 28, epsilon: 0.15, NT_per_Second: 200
Job: 443, N_Quanta: 28, epsilon: 0.15, NT_per_Second: 400
Job: 444, N_Quanta: 28, epsilon: 0.15, NT_per_Second: 800
Job: 445, N_Quanta: 30, epsilon: 0.15, NT_per_Second: 25
Job: 446, N_Quanta: 30, epsilon: 0.15, NT_per_Second: 50
Job: 447, N_Quanta: 30, epsilon: 0.15, NT_per_Second: 100
Job: 448, N_Quanta: 30, epsilon: 0.15, NT_per_Second: 200
Job: 449, N_Quanta: 30, epsilon: 0.15, NT_per_Second: 400
Job: 450, N_Quanta: 30, epsilon: 0.15, NT_per_Second: 800
Job: 451, N_Quanta: 32, epsilon: 0.15, NT_per_Second: 25
Job: 452, N_Quanta: 32, epsilon: 0.15, NT_per_Second: 50
Job: 453, N_Quanta: 32, epsilon: 0.15, NT_per_Second: 100
Job: 454, N_Quanta: 32, epsilon: 0.15, NT_per_Second: 200
Job: 455, N_Quanta: 32, epsilon: 0.15, NT_per_Second: 400
Job: 456, N_Quanta: 32, epsilon: 0.15, NT_per_Second: 800
Job: 457, N_Quanta: 34, epsilon: 0.15, NT_per_Second: 25
Job: 458, N_Quanta: 34, epsilon: 0.15, NT_per_Second: 50
Job: 459, N_Quanta: 34, epsilon: 0.15, NT_per_Second: 100
Job: 460, N_Quanta: 34, epsilon: 0.15, NT_per_Second: 200
Job: 461, N_Quanta: 34, epsilon: 0.15, NT_per_Second: 400
Job: 462, N_Quanta: 34, epsilon: 0.15, NT_per_Second: 800
Job: 463, N_Quanta: 36, epsilon: 0.15, NT_per_Second: 25
Job: 464, N_Quanta: 36, epsilon: 0.15, NT_per_Second: 50
Job: 465, N_Quanta: 36, epsilon: 0.15, NT_per_Second: 100
Job: 466, N_Quanta: 36, epsilon: 0.15, NT_per_Second: 200
Job: 467, N_Quanta: 36, epsilon: 0.15, NT_per_Second: 400
Job: 468, N_Quanta: 36, epsilon: 0.15, NT_per_Second: 800
Job: 469, N_Quanta: 38, epsilon: 0.15, NT_per_Second: 25
Job: 470, N_Quanta: 38, epsilon: 0.15, NT_per_Second: 50
Job: 471, N_Quanta: 38, epsilon: 0.15, NT_per_Second: 100
Job: 472, N_Quanta: 38, epsilon: 0.15, NT_per_Second: 200
Job: 473, N_Quanta: 38, epsilon: 0.15, NT_per_Second: 400
Job: 474, N_Quanta: 38, epsilon: 0.15, NT_per_Second: 800
Job: 475, N_Quanta: 40, epsilon: 0.15, NT_per_Second: 25
Job: 476, N_Quanta: 40, epsilon: 0.15, NT_per_Second: 50
Job: 477, N_Quanta: 40, epsilon: 0.15, NT_per_Second: 100
Job: 478, N_Quanta: 40, epsilon: 0.15, NT_per_Second: 200
Job: 479, N_Quanta: 40, epsilon: 0.15, NT_per_Second: 400
Job: 480, N_Quanta: 40, epsilon: 0.15, NT_per_Second: 800
Job: 481, N_Quanta: 2, epsilon: 0.2, NT_per_Second: 25
Job: 482, N_Quanta: 2, epsilon: 0.2, NT_per_Second: 50
Job: 483, N_Quanta: 2, epsilon: 0.2, NT_per_Second: 100
Job: 484, N_Quanta: 2, epsilon: 0.2, NT_per_Second: 200
Job: 485, N_Quanta: 2, epsilon: 0.2, NT_per_Second: 400
Job: 486, N_Quanta: 2, epsilon: 0.2, NT_per_Second: 800
Job: 487, N_Quanta: 4, epsilon: 0.2, NT_per_Second: 25
Job: 488, N_Quanta: 4, epsilon: 0.2, NT_per_Second: 50
Job: 489, N_Quanta: 4, epsilon: 0.2, NT_per_Second: 100
Job: 490, N_Quanta: 4, epsilon: 0.2, NT_per_Second: 200
Job: 491, N_Quanta: 4, epsilon: 0.2, NT_per_Second: 400
Job: 492, N_Quanta: 4, epsilon: 0.2, NT_per_Second: 800
Job: 493, N_Quanta: 6, epsilon: 0.2, NT_per_Second: 25
Job: 494, N_Quanta: 6, epsilon: 0.2, NT_per_Second: 50
Job: 495, N_Quanta: 6, epsilon: 0.2, NT_per_Second: 100
Job: 496, N_Quanta: 6, epsilon: 0.2, NT_per_Second: 200
Job: 497, N_Quanta: 6, epsilon: 0.2, NT_per_Second: 400
Job: 498, N_Quanta: 6, epsilon: 0.2, NT_per_Second: 800
Job: 499, N_Quanta: 8, epsilon: 0.2, NT_per_Second: 25
Job: 500, N_Quanta: 8, epsilon: 0.2, NT_per_Second: 50
Job: 501, N_Quanta: 8, epsilon: 0.2, NT_per_Second: 100
Job: 502, N_Quanta: 8, epsilon: 0.2, NT_per_Second: 200
Job: 503, N_Quanta: 8, epsilon: 0.2, NT_per_Second: 400
Job: 504, N_Quanta: 8, epsilon: 0.2, NT_per_Second: 800
Job: 505, N_Quanta: 10, epsilon: 0.2, NT_per_Second: 25
Job: 506, N_Quanta: 10, epsilon: 0.2, NT_per_Second: 50
Job: 507, N_Quanta: 10, epsilon: 0.2, NT_per_Second: 100
Job: 508, N_Quanta: 10, epsilon: 0.2, NT_per_Second: 200
Job: 509, N_Quanta: 10, epsilon: 0.2, NT_per_Second: 400
Job: 510, N_Quanta: 10, epsilon: 0.2, NT_per_Second: 800
Job: 511, N_Quanta: 12, epsilon: 0.2, NT_per_Second: 25
Job: 512, N_Quanta: 12, epsilon: 0.2, NT_per_Second: 50
Job: 513, N_Quanta: 12, epsilon: 0.2, NT_per_Second: 100
Job: 514, N_Quanta: 12, epsilon: 0.2, NT_per_Second: 200
Job: 515, N_Quanta: 12, epsilon: 0.2, NT_per_Second: 400
Job: 516, N_Quanta: 12, epsilon: 0.2, NT_per_Second: 800
Job: 517, N_Quanta: 14, epsilon: 0.2, NT_per_Second: 25
Job: 518, N_Quanta: 14, epsilon: 0.2, NT_per_Second: 50
Job: 519, N_Quanta: 14, epsilon: 0.2, NT_per_Second: 100
Job: 520, N_Quanta: 14, epsilon: 0.2, NT_per_Second: 200
Job: 521, N_Quanta: 14, epsilon: 0.2, NT_per_Second: 400
Job: 522, N_Quanta: 14, epsilon: 0.2, NT_per_Second: 800
Job: 523, N_Quanta: 16, epsilon: 0.2, NT_per_Second: 25
Job: 524, N_Quanta: 16, epsilon: 0.2, NT_per_Second: 50
Job: 525, N_Quanta: 16, epsilon: 0.2, NT_per_Second: 100
Job: 526, N_Quanta: 16, epsilon: 0.2, NT_per_Second: 200
Job: 527, N_Quanta: 16, epsilon: 0.2, NT_per_Second: 400
Job: 528, N_Quanta: 16, epsilon: 0.2, NT_per_Second: 800
Job: 529, N_Quanta: 18, epsilon: 0.2, NT_per_Second: 25
Job: 530, N_Quanta: 18, epsilon: 0.2, NT_per_Second: 50
Job: 531, N_Quanta: 18, epsilon: 0.2, NT_per_Second: 100
Job: 532, N_Quanta: 18, epsilon: 0.2, NT_per_Second: 200
Job: 533, N_Quanta: 18, epsilon: 0.2, NT_per_Second: 400
Job: 534, N_Quanta: 18, epsilon: 0.2, NT_per_Second: 800
Job: 535, N_Quanta: 20, epsilon: 0.2, NT_per_Second: 25
Job: 536, N_Quanta: 20, epsilon: 0.2, NT_per_Second: 50
Job: 537, N_Quanta: 20, epsilon: 0.2, NT_per_Second: 100
Job: 538, N_Quanta: 20, epsilon: 0.2, NT_per_Second: 200
Job: 539, N_Quanta: 20, epsilon: 0.2, NT_per_Second: 400
Job: 540, N_Quanta: 20, epsilon: 0.2, NT_per_Second: 800
