N_Jobs_Total: 19502
N_Runs: 98
Job: 601, N_Quanta: 8, epsilon: 0.97, NT_per_Second: 25, mem_slope: 0.2
Job: 602, N_Quanta: 8, epsilon: 0.97, NT_per_Second: 50, mem_slope: 0.2
Job: 603, N_Quanta: 9, epsilon: 0.97, NT_per_Second: 25, mem_slope: 0.2
Job: 604, N_Quanta: 9, epsilon: 0.97, NT_per_Second: 50, mem_slope: 0.2
Job: 605, N_Quanta: 10, epsilon: 0.97, NT_per_Second: 25, mem_slope: 0.2
Job: 606, N_Quanta: 10, epsilon: 0.97, NT_per_Second: 50, mem_slope: 0.2
Job: 607, N_Quanta: 11, epsilon: 0.97, NT_per_Second: 25, mem_slope: 0.2
Job: 608, N_Quanta: 11, epsilon: 0.97, NT_per_Second: 50, mem_slope: 0.2
Job: 609, N_Quanta: 12, epsilon: 0.97, NT_per_Second: 25, mem_slope: 0.2
Job: 610, N_Quanta: 12, epsilon: 0.97, NT_per_Second: 50, mem_slope: 0.2
Job: 611, N_Quanta: 13, epsilon: 0.97, NT_per_Second: 25, mem_slope: 0.2
Job: 612, N_Quanta: 13, epsilon: 0.97, NT_per_Second: 50, mem_slope: 0.2
Job: 613, N_Quanta: 14, epsilon: 0.97, NT_per_Second: 25, mem_slope: 0.2
Job: 614, N_Quanta: 14, epsilon: 0.97, NT_per_Second: 50, mem_slope: 0.2
Job: 615, N_Quanta: 15, epsilon: 0.97, NT_per_Second: 25, mem_slope: 0.2
Job: 616, N_Quanta: 15, epsilon: 0.97, NT_per_Second: 50, mem_slope: 0.2
Job: 617, N_Quanta: 16, epsilon: 0.97, NT_per_Second: 25, mem_slope: 0.2
Job: 618, N_Quanta: 16, epsilon: 0.97, NT_per_Second: 50, mem_slope: 0.2
Job: 619, N_Quanta: 17, epsilon: 0.97, NT_per_Second: 25, mem_slope: 0.2
Job: 620, N_Quanta: 17, epsilon: 0.97, NT_per_Second: 50, mem_slope: 0.2
Job: 621, N_Quanta: 18, epsilon: 0.97, NT_per_Second: 25, mem_slope: 0.2
Job: 622, N_Quanta: 18, epsilon: 0.97, NT_per_Second: 50, mem_slope: 0.2
Job: 623, N_Quanta: 19, epsilon: 0.97, NT_per_Second: 25, mem_slope: 0.2
Job: 624, N_Quanta: 19, epsilon: 0.97, NT_per_Second: 50, mem_slope: 0.2
Job: 625, N_Quanta: 20, epsilon: 0.97, NT_per_Second: 25, mem_slope: 0.2
Job: 626, N_Quanta: 20, epsilon: 0.97, NT_per_Second: 50, mem_slope: 0.2
Job: 627, N_Quanta: 21, epsilon: 0.97, NT_per_Second: 25, mem_slope: 0.2
Job: 628, N_Quanta: 21, epsilon: 0.97, NT_per_Second: 50, mem_slope: 0.2
Job: 629, N_Quanta: 22, epsilon: 0.97, NT_per_Second: 25, mem_slope: 0.2
Job: 630, N_Quanta: 22, epsilon: 0.97, NT_per_Second: 50, mem_slope: 0.2
Job: 631, N_Quanta: 23, epsilon: 0.97, NT_per_Second: 25, mem_slope: 0.2
Job: 632, N_Quanta: 23, epsilon: 0.97, NT_per_Second: 50, mem_slope: 0.2
Job: 633, N_Quanta: 24, epsilon: 0.97, NT_per_Second: 25, mem_slope: 0.2
Job: 634, N_Quanta: 24, epsilon: 0.97, NT_per_Second: 50, mem_slope: 0.2
Job: 635, N_Quanta: 25, epsilon: 0.97, NT_per_Second: 25, mem_slope: 0.2
Job: 636, N_Quanta: 25, epsilon: 0.97, NT_per_Second: 50, mem_slope: 0.2
Job: 637, N_Quanta: 26, epsilon: 0.97, NT_per_Second: 25, mem_slope: 0.2
Job: 638, N_Quanta: 26, epsilon: 0.97, NT_per_Second: 50, mem_slope: 0.2
Job: 639, N_Quanta: 27, epsilon: 0.97, NT_per_Second: 25, mem_slope: 0.2
Job: 640, N_Quanta: 27, epsilon: 0.97, NT_per_Second: 50, mem_slope: 0.2
Job: 641, N_Quanta: 28, epsilon: 0.97, NT_per_Second: 25, mem_slope: 0.2
Job: 642, N_Quanta: 28, epsilon: 0.97, NT_per_Second: 50, mem_slope: 0.2
Job: 643, N_Quanta: 29, epsilon: 0.97, NT_per_Second: 25, mem_slope: 0.2
Job: 644, N_Quanta: 29, epsilon: 0.97, NT_per_Second: 50, mem_slope: 0.2
Job: 645, N_Quanta: 30, epsilon: 0.97, NT_per_Second: 25, mem_slope: 0.2
Job: 646, N_Quanta: 30, epsilon: 0.97, NT_per_Second: 50, mem_slope: 0.2
Job: 647, N_Quanta: 31, epsilon: 0.97, NT_per_Second: 25, mem_slope: 0.2
Job: 648, N_Quanta: 31, epsilon: 0.97, NT_per_Second: 50, mem_slope: 0.2
Job: 649, N_Quanta: 32, epsilon: 0.97, NT_per_Second: 25, mem_slope: 0.2
Job: 650, N_Quanta: 32, epsilon: 0.97, NT_per_Second: 50, mem_slope: 0.2
Job: 651, N_Quanta: 33, epsilon: 0.97, NT_per_Second: 25, mem_slope: 0.2
Job: 652, N_Quanta: 33, epsilon: 0.97, NT_per_Second: 50, mem_slope: 0.2
Job: 653, N_Quanta: 34, epsilon: 0.97, NT_per_Second: 25, mem_slope: 0.2
Job: 654, N_Quanta: 34, epsilon: 0.97, NT_per_Second: 50, mem_slope: 0.2
Job: 655, N_Quanta: 35, epsilon: 0.97, NT_per_Second: 25, mem_slope: 0.2
Job: 656, N_Quanta: 35, epsilon: 0.97, NT_per_Second: 50, mem_slope: 0.2
Job: 657, N_Quanta: 36, epsilon: 0.97, NT_per_Second: 25, mem_slope: 0.2
Job: 658, N_Quanta: 36, epsilon: 0.97, NT_per_Second: 50, mem_slope: 0.2
Job: 659, N_Quanta: 37, epsilon: 0.97, NT_per_Second: 25, mem_slope: 0.2
Job: 660, N_Quanta: 37, epsilon: 0.97, NT_per_Second: 50, mem_slope: 0.2
Job: 661, N_Quanta: 38, epsilon: 0.97, NT_per_Second: 25, mem_slope: 0.2
Job: 662, N_Quanta: 38, epsilon: 0.97, NT_per_Second: 50, mem_slope: 0.2
Job: 663, N_Quanta: 39, epsilon: 0.97, NT_per_Second: 25, mem_slope: 0.2
Job: 664, N_Quanta: 39, epsilon: 0.97, NT_per_Second: 50, mem_slope: 0.2
Job: 665, N_Quanta: 40, epsilon: 0.97, NT_per_Second: 25, mem_slope: 0.2
Job: 666, N_Quanta: 40, epsilon: 0.97, NT_per_Second: 50, mem_slope: 0.2
Job: 667, N_Quanta: 41, epsilon: 0.97, NT_per_Second: 25, mem_slope: 0.2
Job: 668, N_Quanta: 41, epsilon: 0.97, NT_per_Second: 50, mem_slope: 0.2
Job: 669, N_Quanta: 42, epsilon: 0.97, NT_per_Second: 25, mem_slope: 0.2
Job: 670, N_Quanta: 42, epsilon: 0.97, NT_per_Second: 50, mem_slope: 0.2
Job: 671, N_Quanta: 43, epsilon: 0.97, NT_per_Second: 25, mem_slope: 0.2
Job: 672, N_Quanta: 43, epsilon: 0.97, NT_per_Second: 50, mem_slope: 0.2
Job: 673, N_Quanta: 44, epsilon: 0.97, NT_per_Second: 25, mem_slope: 0.2
Job: 674, N_Quanta: 44, epsilon: 0.97, NT_per_Second: 50, mem_slope: 0.2
Job: 675, N_Quanta: 45, epsilon: 0.97, NT_per_Second: 25, mem_slope: 0.2
Job: 676, N_Quanta: 45, epsilon: 0.97, NT_per_Second: 50, mem_slope: 0.2
Job: 677, N_Quanta: 46, epsilon: 0.97, NT_per_Second: 25, mem_slope: 0.2
Job: 678, N_Quanta: 46, epsilon: 0.97, NT_per_Second: 50, mem_slope: 0.2
Job: 679, N_Quanta: 47, epsilon: 0.97, NT_per_Second: 25, mem_slope: 0.2
Job: 680, N_Quanta: 47, epsilon: 0.97, NT_per_Second: 50, mem_slope: 0.2
Job: 681, N_Quanta: 48, epsilon: 0.97, NT_per_Second: 25, mem_slope: 0.2
Job: 682, N_Quanta: 48, epsilon: 0.97, NT_per_Second: 50, mem_slope: 0.2
Job: 683, N_Quanta: 49, epsilon: 0.97, NT_per_Second: 25, mem_slope: 0.2
Job: 684, N_Quanta: 49, epsilon: 0.97, NT_per_Second: 50, mem_slope: 0.2
Job: 685, N_Quanta: 50, epsilon: 0.97, NT_per_Second: 25, mem_slope: 0.2
Job: 686, N_Quanta: 50, epsilon: 0.97, NT_per_Second: 50, mem_slope: 0.2
Job: 687, N_Quanta: 2, epsilon: 0.965, NT_per_Second: 25, mem_slope: 0.2
Job: 688, N_Quanta: 2, epsilon: 0.965, NT_per_Second: 50, mem_slope: 0.2
Job: 689, N_Quanta: 3, epsilon: 0.965, NT_per_Second: 25, mem_slope: 0.2
Job: 690, N_Quanta: 3, epsilon: 0.965, NT_per_Second: 50, mem_slope: 0.2
Job: 691, N_Quanta: 4, epsilon: 0.965, NT_per_Second: 25, mem_slope: 0.2
Job: 692, N_Quanta: 4, epsilon: 0.965, NT_per_Second: 50, mem_slope: 0.2
Job: 693, N_Quanta: 5, epsilon: 0.965, NT_per_Second: 25, mem_slope: 0.2
Job: 694, N_Quanta: 5, epsilon: 0.965, NT_per_Second: 50, mem_slope: 0.2
Job: 695, N_Quanta: 6, epsilon: 0.965, NT_per_Second: 25, mem_slope: 0.2
Job: 696, N_Quanta: 6, epsilon: 0.965, NT_per_Second: 50, mem_slope: 0.2
Job: 697, N_Quanta: 7, epsilon: 0.965, NT_per_Second: 25, mem_slope: 0.2
Job: 698, N_Quanta: 7, epsilon: 0.965, NT_per_Second: 50, mem_slope: 0.2
Job: 699, N_Quanta: 8, epsilon: 0.965, NT_per_Second: 25, mem_slope: 0.2
Job: 700, N_Quanta: 8, epsilon: 0.965, NT_per_Second: 50, mem_slope: 0.2
Job: 701, N_Quanta: 9, epsilon: 0.965, NT_per_Second: 25, mem_slope: 0.2
Job: 702, N_Quanta: 9, epsilon: 0.965, NT_per_Second: 50, mem_slope: 0.2
Job: 703, N_Quanta: 10, epsilon: 0.965, NT_per_Second: 25, mem_slope: 0.2
Job: 704, N_Quanta: 10, epsilon: 0.965, NT_per_Second: 50, mem_slope: 0.2
Job: 705, N_Quanta: 11, epsilon: 0.965, NT_per_Second: 25, mem_slope: 0.2
Job: 706, N_Quanta: 11, epsilon: 0.965, NT_per_Second: 50, mem_slope: 0.2
Job: 707, N_Quanta: 12, epsilon: 0.965, NT_per_Second: 25, mem_slope: 0.2
Job: 708, N_Quanta: 12, epsilon: 0.965, NT_per_Second: 50, mem_slope: 0.2
Job: 709, N_Quanta: 13, epsilon: 0.965, NT_per_Second: 25, mem_slope: 0.2
Job: 710, N_Quanta: 13, epsilon: 0.965, NT_per_Second: 50, mem_slope: 0.2
Job: 711, N_Quanta: 14, epsilon: 0.965, NT_per_Second: 25, mem_slope: 0.2
Job: 712, N_Quanta: 14, epsilon: 0.965, NT_per_Second: 50, mem_slope: 0.2
Job: 713, N_Quanta: 15, epsilon: 0.965, NT_per_Second: 25, mem_slope: 0.2
Job: 714, N_Quanta: 15, epsilon: 0.965, NT_per_Second: 50, mem_slope: 0.2
Job: 715, N_Quanta: 16, epsilon: 0.965, NT_per_Second: 25, mem_slope: 0.2
Job: 716, N_Quanta: 16, epsilon: 0.965, NT_per_Second: 50, mem_slope: 0.2
Job: 717, N_Quanta: 17, epsilon: 0.965, NT_per_Second: 25, mem_slope: 0.2
Job: 718, N_Quanta: 17, epsilon: 0.965, NT_per_Second: 50, mem_slope: 0.2
Job: 719, N_Quanta: 18, epsilon: 0.965, NT_per_Second: 25, mem_slope: 0.2
Job: 720, N_Quanta: 18, epsilon: 0.965, NT_per_Second: 50, mem_slope: 0.2
Job: 721, N_Quanta: 19, epsilon: 0.965, NT_per_Second: 25, mem_slope: 0.2
Job: 722, N_Quanta: 19, epsilon: 0.965, NT_per_Second: 50, mem_slope: 0.2
Job: 723, N_Quanta: 20, epsilon: 0.965, NT_per_Second: 25, mem_slope: 0.2
Job: 724, N_Quanta: 20, epsilon: 0.965, NT_per_Second: 50, mem_slope: 0.2
Job: 725, N_Quanta: 21, epsilon: 0.965, NT_per_Second: 25, mem_slope: 0.2
Job: 726, N_Quanta: 21, epsilon: 0.965, NT_per_Second: 50, mem_slope: 0.2
Job: 727, N_Quanta: 22, epsilon: 0.965, NT_per_Second: 25, mem_slope: 0.2
Job: 728, N_Quanta: 22, epsilon: 0.965, NT_per_Second: 50, mem_slope: 0.2
Job: 729, N_Quanta: 23, epsilon: 0.965, NT_per_Second: 25, mem_slope: 0.2
Job: 730, N_Quanta: 23, epsilon: 0.965, NT_per_Second: 50, mem_slope: 0.2
Job: 731, N_Quanta: 24, epsilon: 0.965, NT_per_Second: 25, mem_slope: 0.2
Job: 732, N_Quanta: 24, epsilon: 0.965, NT_per_Second: 50, mem_slope: 0.2
Job: 733, N_Quanta: 25, epsilon: 0.965, NT_per_Second: 25, mem_slope: 0.2
Job: 734, N_Quanta: 25, epsilon: 0.965, NT_per_Second: 50, mem_slope: 0.2
Job: 735, N_Quanta: 26, epsilon: 0.965, NT_per_Second: 25, mem_slope: 0.2
Job: 736, N_Quanta: 26, epsilon: 0.965, NT_per_Second: 50, mem_slope: 0.2
Job: 737, N_Quanta: 27, epsilon: 0.965, NT_per_Second: 25, mem_slope: 0.2
Job: 738, N_Quanta: 27, epsilon: 0.965, NT_per_Second: 50, mem_slope: 0.2
Job: 739, N_Quanta: 28, epsilon: 0.965, NT_per_Second: 25, mem_slope: 0.2
Job: 740, N_Quanta: 28, epsilon: 0.965, NT_per_Second: 50, mem_slope: 0.2
Job: 741, N_Quanta: 29, epsilon: 0.965, NT_per_Second: 25, mem_slope: 0.2
Job: 742, N_Quanta: 29, epsilon: 0.965, NT_per_Second: 50, mem_slope: 0.2
Job: 743, N_Quanta: 30, epsilon: 0.965, NT_per_Second: 25, mem_slope: 0.2
Job: 744, N_Quanta: 30, epsilon: 0.965, NT_per_Second: 50, mem_slope: 0.2
Job: 745, N_Quanta: 31, epsilon: 0.965, NT_per_Second: 25, mem_slope: 0.2
Job: 746, N_Quanta: 31, epsilon: 0.965, NT_per_Second: 50, mem_slope: 0.2
Job: 747, N_Quanta: 32, epsilon: 0.965, NT_per_Second: 25, mem_slope: 0.2
Job: 748, N_Quanta: 32, epsilon: 0.965, NT_per_Second: 50, mem_slope: 0.2
Job: 749, N_Quanta: 33, epsilon: 0.965, NT_per_Second: 25, mem_slope: 0.2
Job: 750, N_Quanta: 33, epsilon: 0.965, NT_per_Second: 50, mem_slope: 0.2
Job: 751, N_Quanta: 34, epsilon: 0.965, NT_per_Second: 25, mem_slope: 0.2
Job: 752, N_Quanta: 34, epsilon: 0.965, NT_per_Second: 50, mem_slope: 0.2
Job: 753, N_Quanta: 35, epsilon: 0.965, NT_per_Second: 25, mem_slope: 0.2
Job: 754, N_Quanta: 35, epsilon: 0.965, NT_per_Second: 50, mem_slope: 0.2
Job: 755, N_Quanta: 36, epsilon: 0.965, NT_per_Second: 25, mem_slope: 0.2
Job: 756, N_Quanta: 36, epsilon: 0.965, NT_per_Second: 50, mem_slope: 0.2
Job: 757, N_Quanta: 37, epsilon: 0.965, NT_per_Second: 25, mem_slope: 0.2
Job: 758, N_Quanta: 37, epsilon: 0.965, NT_per_Second: 50, mem_slope: 0.2
Job: 759, N_Quanta: 38, epsilon: 0.965, NT_per_Second: 25, mem_slope: 0.2
Job: 760, N_Quanta: 38, epsilon: 0.965, NT_per_Second: 50, mem_slope: 0.2
Job: 761, N_Quanta: 39, epsilon: 0.965, NT_per_Second: 25, mem_slope: 0.2
Job: 762, N_Quanta: 39, epsilon: 0.965, NT_per_Second: 50, mem_slope: 0.2
Job: 763, N_Quanta: 40, epsilon: 0.965, NT_per_Second: 25, mem_slope: 0.2
Job: 764, N_Quanta: 40, epsilon: 0.965, NT_per_Second: 50, mem_slope: 0.2
Job: 765, N_Quanta: 41, epsilon: 0.965, NT_per_Second: 25, mem_slope: 0.2
Job: 766, N_Quanta: 41, epsilon: 0.965, NT_per_Second: 50, mem_slope: 0.2
Job: 767, N_Quanta: 42, epsilon: 0.965, NT_per_Second: 25, mem_slope: 0.2
Job: 768, N_Quanta: 42, epsilon: 0.965, NT_per_Second: 50, mem_slope: 0.2
Job: 769, N_Quanta: 43, epsilon: 0.965, NT_per_Second: 25, mem_slope: 0.2
Job: 770, N_Quanta: 43, epsilon: 0.965, NT_per_Second: 50, mem_slope: 0.2
Job: 771, N_Quanta: 44, epsilon: 0.965, NT_per_Second: 25, mem_slope: 0.2
Job: 772, N_Quanta: 44, epsilon: 0.965, NT_per_Second: 50, mem_slope: 0.2
Job: 773, N_Quanta: 45, epsilon: 0.965, NT_per_Second: 25, mem_slope: 0.2
Job: 774, N_Quanta: 45, epsilon: 0.965, NT_per_Second: 50, mem_slope: 0.2
Job: 775, N_Quanta: 46, epsilon: 0.965, NT_per_Second: 25, mem_slope: 0.2
Job: 776, N_Quanta: 46, epsilon: 0.965, NT_per_Second: 50, mem_slope: 0.2
Job: 777, N_Quanta: 47, epsilon: 0.965, NT_per_Second: 25, mem_slope: 0.2
Job: 778, N_Quanta: 47, epsilon: 0.965, NT_per_Second: 50, mem_slope: 0.2
Job: 779, N_Quanta: 48, epsilon: 0.965, NT_per_Second: 25, mem_slope: 0.2
Job: 780, N_Quanta: 48, epsilon: 0.965, NT_per_Second: 50, mem_slope: 0.2
Job: 781, N_Quanta: 49, epsilon: 0.965, NT_per_Second: 25, mem_slope: 0.2
Job: 782, N_Quanta: 49, epsilon: 0.965, NT_per_Second: 50, mem_slope: 0.2
Job: 783, N_Quanta: 50, epsilon: 0.965, NT_per_Second: 25, mem_slope: 0.2
Job: 784, N_Quanta: 50, epsilon: 0.965, NT_per_Second: 50, mem_slope: 0.2
Job: 785, N_Quanta: 2, epsilon: 0.96, NT_per_Second: 25, mem_slope: 0.2
Job: 786, N_Quanta: 2, epsilon: 0.96, NT_per_Second: 50, mem_slope: 0.2
Job: 787, N_Quanta: 3, epsilon: 0.96, NT_per_Second: 25, mem_slope: 0.2
Job: 788, N_Quanta: 3, epsilon: 0.96, NT_per_Second: 50, mem_slope: 0.2
Job: 789, N_Quanta: 4, epsilon: 0.96, NT_per_Second: 25, mem_slope: 0.2
Job: 790, N_Quanta: 4, epsilon: 0.96, NT_per_Second: 50, mem_slope: 0.2
Job: 791, N_Quanta: 5, epsilon: 0.96, NT_per_Second: 25, mem_slope: 0.2
Job: 792, N_Quanta: 5, epsilon: 0.96, NT_per_Second: 50, mem_slope: 0.2
Job: 793, N_Quanta: 6, epsilon: 0.96, NT_per_Second: 25, mem_slope: 0.2
Job: 794, N_Quanta: 6, epsilon: 0.96, NT_per_Second: 50, mem_slope: 0.2
Job: 795, N_Quanta: 7, epsilon: 0.96, NT_per_Second: 25, mem_slope: 0.2
Job: 796, N_Quanta: 7, epsilon: 0.96, NT_per_Second: 50, mem_slope: 0.2
Job: 797, N_Quanta: 8, epsilon: 0.96, NT_per_Second: 25, mem_slope: 0.2
Job: 798, N_Quanta: 8, epsilon: 0.96, NT_per_Second: 50, mem_slope: 0.2
Job: 799, N_Quanta: 9, epsilon: 0.96, NT_per_Second: 25, mem_slope: 0.2
Job: 800, N_Quanta: 9, epsilon: 0.96, NT_per_Second: 50, mem_slope: 0.2
