N_Jobs_Total: 144
Starting optimization with optimizer DiffEvoOpt{FitPopulation{Float64}, RadiusLimitedSelector, BlackBoxOptim.AdaptiveDiffEvoRandBin{3}, RandomBound{ContinuousRectSearchSpace}}
0.00 secs, 0 evals, 0 steps
377.06 secs, 2 evals, 1 steps, fitness=8.364994627
911.24 secs, 4 evals, 2 steps, improv/step: 0.500 (last = 1.0000), fitness=8.364994627
1230.76 secs, 6 evals, 3 steps, improv/step: 0.333 (last = 0.0000), fitness=8.364994627
1475.09 secs, 8 evals, 4 steps, improv/step: 0.500 (last = 1.0000), fitness=5.040555442
1660.44 secs, 9 evals, 5 steps, improv/step: 0.600 (last = 1.0000), fitness=5.040555442
1825.26 secs, 11 evals, 6 steps, improv/step: 0.667 (last = 1.0000), fitness=5.040555442
2180.70 secs, 13 evals, 7 steps, improv/step: 0.714 (last = 1.0000), fitness=2.501301086
2301.27 secs, 14 evals, 8 steps, improv/step: 0.750 (last = 1.0000), fitness=2.501301086
2810.24 secs, 16 evals, 9 steps, improv/step: 0.667 (last = 0.0000), fitness=2.501301086
3248.24 secs, 18 evals, 10 steps, improv/step: 0.600 (last = 0.0000), fitness=2.501301086
3707.31 secs, 20 evals, 11 steps, improv/step: 0.636 (last = 1.0000), fitness=2.501301086
4127.80 secs, 22 evals, 12 steps, improv/step: 0.583 (last = 0.0000), fitness=2.501301086
4503.30 secs, 24 evals, 13 steps, improv/step: 0.615 (last = 1.0000), fitness=2.501301086
4905.05 secs, 26 evals, 14 steps, improv/step: 0.571 (last = 0.0000), fitness=2.501301086
5320.30 secs, 28 evals, 15 steps, improv/step: 0.600 (last = 1.0000), fitness=2.501301086
5733.49 secs, 30 evals, 16 steps, improv/step: 0.562 (last = 0.0000), fitness=2.501301086
6069.30 secs, 32 evals, 17 steps, improv/step: 0.588 (last = 1.0000), fitness=2.501301086
6475.50 secs, 34 evals, 18 steps, improv/step: 0.556 (last = 0.0000), fitness=2.501301086
6875.57 secs, 36 evals, 19 steps, improv/step: 0.579 (last = 1.0000), fitness=2.501301086
7279.19 secs, 38 evals, 20 steps, improv/step: 0.600 (last = 1.0000), fitness=2.501301086
7685.60 secs, 40 evals, 21 steps, improv/step: 0.571 (last = 0.0000), fitness=2.501301086
7956.17 secs, 42 evals, 22 steps, improv/step: 0.591 (last = 1.0000), fitness=2.501301086
8148.81 secs, 43 evals, 23 steps, improv/step: 0.565 (last = 0.0000), fitness=2.501301086
8340.22 secs, 44 evals, 24 steps, improv/step: 0.583 (last = 1.0000), fitness=2.501301086
8752.11 secs, 46 evals, 25 steps, improv/step: 0.600 (last = 1.0000), fitness=2.501301086
9103.33 secs, 48 evals, 26 steps, improv/step: 0.577 (last = 0.0000), fitness=2.501301086
9499.59 secs, 50 evals, 27 steps, improv/step: 0.593 (last = 1.0000), fitness=2.501301086
9893.18 secs, 52 evals, 28 steps, improv/step: 0.607 (last = 1.0000), fitness=2.501301086
10266.20 secs, 54 evals, 29 steps, improv/step: 0.586 (last = 0.0000), fitness=2.501301086
10419.14 secs, 56 evals, 30 steps, improv/step: 0.600 (last = 1.0000), fitness=2.501301086
10494.99 secs, 57 evals, 31 steps, improv/step: 0.581 (last = 0.0000), fitness=2.501301086
10715.86 secs, 58 evals, 32 steps, improv/step: 0.562 (last = 0.0000), fitness=2.501301086

Optimization stopped after 33 steps and 11167.63 seconds
Termination reason: Max time (10800.0 s) reached
Steps per second = 0.00
Function evals per second = 0.01
Improvements/step = Inf
Total function evaluations = 60


Best candidate found: [0.122667, 0.48182]

Fitness: 2.501301086

