N_Jobs_Total: 144
Starting optimization with optimizer DiffEvoOpt{FitPopulation{Float64}, RadiusLimitedSelector, BlackBoxOptim.AdaptiveDiffEvoRandBin{3}, RandomBound{ContinuousRectSearchSpace}}
0.00 secs, 0 evals, 0 steps
277.69 secs, 2 evals, 1 steps, improv/step: 1.000 (last = 1.0000), fitness=7.014940736
493.14 secs, 4 evals, 2 steps, improv/step: 1.000 (last = 1.0000), fitness=7.014940736
717.42 secs, 6 evals, 3 steps, improv/step: 0.667 (last = 0.0000), fitness=4.147649210
922.01 secs, 8 evals, 4 steps, improv/step: 0.750 (last = 1.0000), fitness=4.147649210
1173.56 secs, 10 evals, 5 steps, improv/step: 0.600 (last = 0.0000), fitness=4.147649210
1433.29 secs, 12 evals, 6 steps, improv/step: 0.500 (last = 0.0000), fitness=4.147649210
1625.72 secs, 14 evals, 7 steps, improv/step: 0.429 (last = 0.0000), fitness=4.147649210
1913.69 secs, 16 evals, 8 steps, improv/step: 0.500 (last = 1.0000), fitness=4.147649210
2036.23 secs, 18 evals, 9 steps, improv/step: 0.444 (last = 0.0000), fitness=2.939352263
2239.33 secs, 20 evals, 10 steps, improv/step: 0.400 (last = 0.0000), fitness=2.939352263
2482.01 secs, 22 evals, 11 steps, improv/step: 0.455 (last = 1.0000), fitness=1.634601485
2702.04 secs, 24 evals, 12 steps, improv/step: 0.500 (last = 1.0000), fitness=1.634601485
2751.68 secs, 25 evals, 13 steps, improv/step: 0.462 (last = 0.0000), fitness=1.634601485
2859.59 secs, 27 evals, 14 steps, improv/step: 0.429 (last = 0.0000), fitness=1.634601485
3122.94 secs, 29 evals, 15 steps, improv/step: 0.467 (last = 1.0000), fitness=1.634601485
3321.93 secs, 31 evals, 16 steps, improv/step: 0.438 (last = 0.0000), fitness=1.634601485
3510.55 secs, 33 evals, 17 steps, improv/step: 0.412 (last = 0.0000), fitness=1.634601485
3703.26 secs, 35 evals, 18 steps, improv/step: 0.444 (last = 1.0000), fitness=1.634601485
3934.71 secs, 37 evals, 19 steps, improv/step: 0.421 (last = 0.0000), fitness=1.634601485
4066.08 secs, 38 evals, 20 steps, improv/step: 0.400 (last = 0.0000), fitness=1.634601485
4266.86 secs, 40 evals, 21 steps, improv/step: 0.429 (last = 1.0000), fitness=1.634601485
4512.88 secs, 42 evals, 22 steps, improv/step: 0.455 (last = 1.0000), fitness=1.634601485
4595.02 secs, 43 evals, 23 steps, improv/step: 0.478 (last = 1.0000), fitness=1.634601485
4825.06 secs, 45 evals, 24 steps, improv/step: 0.500 (last = 1.0000), fitness=1.634601485
5080.47 secs, 47 evals, 25 steps, improv/step: 0.480 (last = 0.0000), fitness=1.634601485
5149.77 secs, 48 evals, 26 steps, improv/step: 0.462 (last = 0.0000), fitness=1.634601485
5400.40 secs, 50 evals, 27 steps, improv/step: 0.444 (last = 0.0000), fitness=1.634601485
5640.77 secs, 52 evals, 28 steps, improv/step: 0.464 (last = 1.0000), fitness=1.634601485
5762.98 secs, 53 evals, 29 steps, improv/step: 0.448 (last = 0.0000), fitness=1.634601485
5927.89 secs, 55 evals, 30 steps, improv/step: 0.433 (last = 0.0000), fitness=1.634601485
6016.30 secs, 56 evals, 31 steps, improv/step: 0.452 (last = 1.0000), fitness=1.634601485
6132.00 secs, 57 evals, 32 steps, improv/step: 0.438 (last = 0.0000), fitness=1.634601485
6328.81 secs, 59 evals, 33 steps, improv/step: 0.455 (last = 1.0000), fitness=1.634601485
6509.88 secs, 61 evals, 34 steps, improv/step: 0.441 (last = 0.0000), fitness=1.634601485
6579.95 secs, 63 evals, 35 steps, improv/step: 0.457 (last = 1.0000), fitness=1.634601485
6827.91 secs, 65 evals, 36 steps, improv/step: 0.472 (last = 1.0000), fitness=1.634601485
6952.22 secs, 66 evals, 37 steps, improv/step: 0.459 (last = 0.0000), fitness=1.634601485
7171.99 secs, 68 evals, 38 steps, improv/step: 0.447 (last = 0.0000), fitness=1.634601485
7228.11 secs, 69 evals, 39 steps, improv/step: 0.436 (last = 0.0000), fitness=1.634601485
7327.48 secs, 70 evals, 40 steps, improv/step: 0.425 (last = 0.0000), fitness=1.634601485
7478.98 secs, 72 evals, 41 steps, improv/step: 0.415 (last = 0.0000), fitness=1.634601485
7708.33 secs, 74 evals, 42 steps, improv/step: 0.429 (last = 1.0000), fitness=1.634601485
7907.21 secs, 76 evals, 43 steps, improv/step: 0.419 (last = 0.0000), fitness=1.634601485
8080.11 secs, 78 evals, 44 steps, improv/step: 0.409 (last = 0.0000), fitness=1.634601485
8194.24 secs, 79 evals, 45 steps, improv/step: 0.422 (last = 1.0000), fitness=1.634601485
8403.32 secs, 81 evals, 46 steps, improv/step: 0.413 (last = 0.0000), fitness=1.634601485
8607.98 secs, 83 evals, 47 steps, improv/step: 0.426 (last = 1.0000), fitness=1.634601485
8830.34 secs, 85 evals, 48 steps, improv/step: 0.438 (last = 1.0000), fitness=1.634601485
9050.32 secs, 87 evals, 49 steps, improv/step: 0.429 (last = 0.0000), fitness=1.634601485
9265.78 secs, 89 evals, 50 steps, improv/step: 0.420 (last = 0.0000), fitness=1.634601485
9416.01 secs, 91 evals, 51 steps, improv/step: 0.412 (last = 0.0000), fitness=1.634601485
9540.19 secs, 92 evals, 52 steps, improv/step: 0.423 (last = 1.0000), fitness=1.634601485
9622.55 secs, 94 evals, 53 steps, improv/step: 0.415 (last = 0.0000), fitness=1.634601485
9857.03 secs, 96 evals, 54 steps, improv/step: 0.407 (last = 0.0000), fitness=1.634601485
10053.82 secs, 98 evals, 55 steps, improv/step: 0.400 (last = 0.0000), fitness=1.634601485
10238.88 secs, 100 evals, 56 steps, improv/step: 0.393 (last = 0.0000), fitness=1.634601485
10447.91 secs, 102 evals, 57 steps, improv/step: 0.386 (last = 0.0000), fitness=1.634601485
10558.37 secs, 103 evals, 58 steps, improv/step: 0.379 (last = 0.0000), fitness=1.634601485
10787.82 secs, 105 evals, 59 steps, improv/step: 0.373 (last = 0.0000), fitness=1.634601485

Optimization stopped after 60 steps and 10911.71 seconds
Termination reason: Max time (10800.0 s) reached
Steps per second = 0.01
Function evals per second = 0.01
Improvements/step = Inf
Total function evaluations = 106


Best candidate found: [0.479795, 0.944257]

Fitness: 1.634601485

