N_Jobs_Total: 144
Starting optimization with optimizer DiffEvoOpt{FitPopulation{Float64}, RadiusLimitedSelector, BlackBoxOptim.AdaptiveDiffEvoRandBin{3}, RandomBound{ContinuousRectSearchSpace}}
0.00 secs, 0 evals, 0 steps
463.67 secs, 2 evals, 1 steps, improv/step: 1.000 (last = 1.0000), fitness=10.697518927
901.98 secs, 4 evals, 2 steps, improv/step: 0.500 (last = 0.0000), fitness=10.697518927
1212.56 secs, 6 evals, 3 steps, improv/step: 0.333 (last = 0.0000), fitness=10.697518927
1532.94 secs, 8 evals, 4 steps, improv/step: 0.250 (last = 0.0000), fitness=10.697518927
1967.57 secs, 10 evals, 5 steps, improv/step: 0.200 (last = 0.0000), fitness=10.697518927
2378.21 secs, 12 evals, 6 steps, improv/step: 0.167 (last = 0.0000), fitness=10.697518927
2690.81 secs, 14 evals, 7 steps, improv/step: 0.143 (last = 0.0000), fitness=10.697518927
3138.40 secs, 16 evals, 8 steps, improv/step: 0.250 (last = 1.0000), fitness=10.697518927
3609.11 secs, 18 evals, 9 steps, improv/step: 0.333 (last = 1.0000), fitness=10.681874975
3907.27 secs, 20 evals, 10 steps, improv/step: 0.300 (last = 0.0000), fitness=10.681874975
4336.45 secs, 22 evals, 11 steps, improv/step: 0.273 (last = 0.0000), fitness=10.681874975
4785.26 secs, 24 evals, 12 steps, improv/step: 0.250 (last = 0.0000), fitness=10.681874975
5207.64 secs, 26 evals, 13 steps, improv/step: 0.308 (last = 1.0000), fitness=10.681874975
5622.91 secs, 28 evals, 14 steps, improv/step: 0.286 (last = 0.0000), fitness=10.681874975
5937.06 secs, 30 evals, 15 steps, improv/step: 0.333 (last = 1.0000), fitness=10.681874975
6348.46 secs, 32 evals, 16 steps, improv/step: 0.312 (last = 0.0000), fitness=10.681874975
6811.58 secs, 34 evals, 17 steps, improv/step: 0.353 (last = 1.0000), fitness=10.681874975
7183.54 secs, 36 evals, 18 steps, improv/step: 0.389 (last = 1.0000), fitness=10.681874975
7619.62 secs, 38 evals, 19 steps, improv/step: 0.368 (last = 0.0000), fitness=10.286552213
8072.90 secs, 40 evals, 20 steps, improv/step: 0.400 (last = 1.0000), fitness=10.286552213
8391.66 secs, 42 evals, 21 steps, improv/step: 0.429 (last = 1.0000), fitness=10.286552213
8607.40 secs, 43 evals, 22 steps, improv/step: 0.455 (last = 1.0000), fitness=10.286552213
9035.45 secs, 45 evals, 23 steps, improv/step: 0.478 (last = 1.0000), fitness=10.286552213
9447.69 secs, 47 evals, 24 steps, improv/step: 0.500 (last = 1.0000), fitness=10.286552213
9870.00 secs, 49 evals, 25 steps, improv/step: 0.480 (last = 0.0000), fitness=10.286552213
10259.17 secs, 51 evals, 26 steps, improv/step: 0.500 (last = 1.0000), fitness=10.286552213
10692.90 secs, 53 evals, 27 steps, improv/step: 0.481 (last = 0.0000), fitness=10.286552213

Optimization stopped after 28 steps and 11123.50 seconds
Termination reason: Max time (10800.0 s) reached
Steps per second = 0.00
Function evals per second = 0.00
Improvements/step = Inf
Total function evaluations = 55


Best candidate found: [0.973692, 0.771466]

Fitness: 10.286552213

