N_Jobs_Total: 144
Starting optimization with optimizer DiffEvoOpt{FitPopulation{Float64}, RadiusLimitedSelector, BlackBoxOptim.AdaptiveDiffEvoRandBin{3}, RandomBound{ContinuousRectSearchSpace}}
0.00 secs, 0 evals, 0 steps
337.82 secs, 2 evals, 1 steps, fitness=63.987030591
638.50 secs, 4 evals, 2 steps, fitness=13.458633004
1010.23 secs, 6 evals, 3 steps, improv/step: 0.333 (last = 1.0000), fitness=13.458633004
1311.81 secs, 8 evals, 4 steps, improv/step: 0.500 (last = 1.0000), fitness=13.458633004
1683.34 secs, 10 evals, 5 steps, improv/step: 0.600 (last = 1.0000), fitness=13.458633004
1929.96 secs, 12 evals, 6 steps, improv/step: 0.667 (last = 1.0000), fitness=13.458633004
2255.63 secs, 14 evals, 7 steps, improv/step: 0.571 (last = 0.0000), fitness=13.458633004
2361.23 secs, 16 evals, 8 steps, improv/step: 0.500 (last = 0.0000), fitness=13.458633004
2711.92 secs, 18 evals, 9 steps, improv/step: 0.444 (last = 0.0000), fitness=13.458633004
3076.77 secs, 20 evals, 10 steps, improv/step: 0.500 (last = 1.0000), fitness=13.458633004
3410.24 secs, 22 evals, 11 steps, improv/step: 0.455 (last = 0.0000), fitness=13.458633004
3764.11 secs, 24 evals, 12 steps, improv/step: 0.417 (last = 0.0000), fitness=13.458633004
4112.45 secs, 26 evals, 13 steps, improv/step: 0.462 (last = 1.0000), fitness=13.458633004
4381.04 secs, 28 evals, 14 steps, improv/step: 0.429 (last = 0.0000), fitness=0.974587951
4701.84 secs, 30 evals, 15 steps, improv/step: 0.400 (last = 0.0000), fitness=0.974587951
4852.04 secs, 31 evals, 16 steps, improv/step: 0.438 (last = 1.0000), fitness=0.974587951
5177.10 secs, 33 evals, 17 steps, improv/step: 0.412 (last = 0.0000), fitness=0.974587951
5499.75 secs, 35 evals, 18 steps, improv/step: 0.444 (last = 1.0000), fitness=0.974587951
5785.61 secs, 37 evals, 19 steps, improv/step: 0.474 (last = 1.0000), fitness=0.974587951
5940.29 secs, 38 evals, 20 steps, improv/step: 0.500 (last = 1.0000), fitness=0.974587951
6246.28 secs, 40 evals, 21 steps, improv/step: 0.524 (last = 1.0000), fitness=0.974587951
6456.19 secs, 42 evals, 22 steps, improv/step: 0.545 (last = 1.0000), fitness=0.974587951
6759.72 secs, 44 evals, 23 steps, improv/step: 0.522 (last = 0.0000), fitness=0.974587951
6861.47 secs, 45 evals, 24 steps, improv/step: 0.500 (last = 0.0000), fitness=0.974587951
6945.43 secs, 46 evals, 25 steps, improv/step: 0.520 (last = 1.0000), fitness=0.974587951
7083.13 secs, 47 evals, 26 steps, improv/step: 0.538 (last = 1.0000), fitness=0.974587951
7409.52 secs, 49 evals, 27 steps, improv/step: 0.556 (last = 1.0000), fitness=0.974587951
7552.86 secs, 50 evals, 28 steps, improv/step: 0.571 (last = 1.0000), fitness=0.974587951
7746.63 secs, 52 evals, 29 steps, improv/step: 0.586 (last = 1.0000), fitness=0.974587951
7884.91 secs, 54 evals, 30 steps, improv/step: 0.600 (last = 1.0000), fitness=0.974587951
8188.86 secs, 56 evals, 31 steps, improv/step: 0.613 (last = 1.0000), fitness=0.974587951
8279.70 secs, 57 evals, 32 steps, improv/step: 0.625 (last = 1.0000), fitness=0.974587951
8413.58 secs, 58 evals, 33 steps, improv/step: 0.636 (last = 1.0000), fitness=0.974587951
8734.50 secs, 60 evals, 34 steps, improv/step: 0.618 (last = 0.0000), fitness=0.974587951
9048.42 secs, 62 evals, 35 steps, improv/step: 0.629 (last = 1.0000), fitness=0.974587951
9367.79 secs, 64 evals, 36 steps, improv/step: 0.611 (last = 0.0000), fitness=0.974587951
9473.19 secs, 66 evals, 37 steps, improv/step: 0.622 (last = 1.0000), fitness=0.974587951
9791.99 secs, 68 evals, 38 steps, improv/step: 0.632 (last = 1.0000), fitness=0.974587951
10119.08 secs, 70 evals, 39 steps, improv/step: 0.615 (last = 0.0000), fitness=0.974587951
10415.44 secs, 72 evals, 40 steps, improv/step: 0.625 (last = 1.0000), fitness=0.974587951
10571.19 secs, 73 evals, 41 steps, improv/step: 0.610 (last = 0.0000), fitness=0.974587951
10660.85 secs, 74 evals, 42 steps, improv/step: 0.619 (last = 1.0000), fitness=0.974587951

Optimization stopped after 43 steps and 10963.85 seconds
Termination reason: Max time (10800.0 s) reached
Steps per second = 0.00
Function evals per second = 0.01
Improvements/step = Inf
Total function evaluations = 76


Best candidate found: [0.0831732, 0.440253]

Fitness: 0.974587951

