N_Jobs_Total: 144
Starting optimization with optimizer DiffEvoOpt{FitPopulation{Float64}, RadiusLimitedSelector, BlackBoxOptim.AdaptiveDiffEvoRandBin{3}, RandomBound{ContinuousRectSearchSpace}}
0.00 secs, 0 evals, 0 steps
216.15 secs, 2 evals, 1 steps, fitness=67.323619556
440.83 secs, 4 evals, 2 steps, improv/step: 0.500 (last = 1.0000), fitness=67.323619556
653.65 secs, 6 evals, 3 steps, improv/step: 0.667 (last = 1.0000), fitness=67.323619556
891.48 secs, 8 evals, 4 steps, improv/step: 0.500 (last = 0.0000), fitness=67.323619556
1130.80 secs, 10 evals, 5 steps, improv/step: 0.400 (last = 0.0000), fitness=67.323619556
1346.21 secs, 12 evals, 6 steps, improv/step: 0.333 (last = 0.0000), fitness=67.323619556
1532.07 secs, 14 evals, 7 steps, improv/step: 0.286 (last = 0.0000), fitness=22.514145126
1759.53 secs, 16 evals, 8 steps, improv/step: 0.375 (last = 1.0000), fitness=22.514145126
2009.99 secs, 18 evals, 9 steps, improv/step: 0.444 (last = 1.0000), fitness=22.514145126
2232.21 secs, 20 evals, 10 steps, improv/step: 0.500 (last = 1.0000), fitness=22.514145126
2463.65 secs, 22 evals, 11 steps, improv/step: 0.455 (last = 0.0000), fitness=22.514145126
2700.15 secs, 24 evals, 12 steps, improv/step: 0.417 (last = 0.0000), fitness=22.514145126
2815.38 secs, 25 evals, 13 steps, improv/step: 0.385 (last = 0.0000), fitness=22.514145126
3031.77 secs, 27 evals, 14 steps, improv/step: 0.357 (last = 0.0000), fitness=22.514145126
3224.54 secs, 29 evals, 15 steps, improv/step: 0.333 (last = 0.0000), fitness=22.514145126
3449.83 secs, 31 evals, 16 steps, improv/step: 0.375 (last = 1.0000), fitness=22.514145126
3610.45 secs, 33 evals, 17 steps, improv/step: 0.353 (last = 0.0000), fitness=1.646836403
3828.05 secs, 35 evals, 18 steps, improv/step: 0.389 (last = 1.0000), fitness=1.646836403
3914.27 secs, 37 evals, 19 steps, improv/step: 0.368 (last = 0.0000), fitness=1.646836403
4029.51 secs, 38 evals, 20 steps, improv/step: 0.350 (last = 0.0000), fitness=1.646836403
4112.89 secs, 40 evals, 21 steps, improv/step: 0.333 (last = 0.0000), fitness=1.646836403
4214.59 secs, 41 evals, 22 steps, improv/step: 0.318 (last = 0.0000), fitness=1.646836403
4381.25 secs, 43 evals, 23 steps, improv/step: 0.304 (last = 0.0000), fitness=1.646836403
4592.07 secs, 45 evals, 24 steps, improv/step: 0.292 (last = 0.0000), fitness=1.646836403
4807.16 secs, 47 evals, 25 steps, improv/step: 0.280 (last = 0.0000), fitness=1.646836403
4998.50 secs, 49 evals, 26 steps, improv/step: 0.308 (last = 1.0000), fitness=1.646836403
5220.30 secs, 51 evals, 27 steps, improv/step: 0.296 (last = 0.0000), fitness=1.646836403
5436.84 secs, 53 evals, 28 steps, improv/step: 0.321 (last = 1.0000), fitness=1.646836403
5664.75 secs, 55 evals, 29 steps, improv/step: 0.310 (last = 0.0000), fitness=1.646836403
5776.26 secs, 56 evals, 30 steps, improv/step: 0.300 (last = 0.0000), fitness=1.646836403
5879.29 secs, 57 evals, 31 steps, improv/step: 0.323 (last = 1.0000), fitness=1.646836403
6115.64 secs, 59 evals, 32 steps, improv/step: 0.312 (last = 0.0000), fitness=1.646836403
6329.86 secs, 61 evals, 33 steps, improv/step: 0.333 (last = 1.0000), fitness=1.646836403
6547.73 secs, 63 evals, 34 steps, improv/step: 0.324 (last = 0.0000), fitness=1.646836403
6700.70 secs, 65 evals, 35 steps, improv/step: 0.343 (last = 1.0000), fitness=1.646836403
6913.31 secs, 67 evals, 36 steps, improv/step: 0.361 (last = 1.0000), fitness=1.646836403
7134.62 secs, 69 evals, 37 steps, improv/step: 0.378 (last = 1.0000), fitness=1.646836403
7369.28 secs, 71 evals, 38 steps, improv/step: 0.395 (last = 1.0000), fitness=1.646836403
7452.10 secs, 72 evals, 39 steps, improv/step: 0.410 (last = 1.0000), fitness=1.646836403
7663.33 secs, 74 evals, 40 steps, improv/step: 0.400 (last = 0.0000), fitness=1.646836403
7875.92 secs, 76 evals, 41 steps, improv/step: 0.390 (last = 0.0000), fitness=1.646836403
8008.87 secs, 78 evals, 42 steps, improv/step: 0.405 (last = 1.0000), fitness=1.646836403
8105.36 secs, 80 evals, 43 steps, improv/step: 0.419 (last = 1.0000), fitness=0.898971501
8254.04 secs, 82 evals, 44 steps, improv/step: 0.432 (last = 1.0000), fitness=0.898971501
8489.90 secs, 84 evals, 45 steps, improv/step: 0.422 (last = 0.0000), fitness=0.898971501
8617.78 secs, 86 evals, 46 steps, improv/step: 0.435 (last = 1.0000), fitness=0.898971501
8726.34 secs, 87 evals, 47 steps, improv/step: 0.426 (last = 0.0000), fitness=0.898971501
8910.41 secs, 89 evals, 48 steps, improv/step: 0.438 (last = 1.0000), fitness=0.898971501
9115.26 secs, 91 evals, 49 steps, improv/step: 0.449 (last = 1.0000), fitness=0.898971501
9273.76 secs, 93 evals, 50 steps, improv/step: 0.440 (last = 0.0000), fitness=0.898971501
9394.38 secs, 94 evals, 51 steps, improv/step: 0.451 (last = 1.0000), fitness=0.898971501
9620.53 secs, 96 evals, 52 steps, improv/step: 0.442 (last = 0.0000), fitness=0.898971501
9837.82 secs, 98 evals, 53 steps, improv/step: 0.453 (last = 1.0000), fitness=0.898971501
10042.21 secs, 100 evals, 54 steps, improv/step: 0.463 (last = 1.0000), fitness=0.898971501
10256.15 secs, 102 evals, 55 steps, improv/step: 0.473 (last = 1.0000), fitness=0.898971501
10434.24 secs, 104 evals, 56 steps, improv/step: 0.482 (last = 1.0000), fitness=0.898971501
10503.48 secs, 105 evals, 57 steps, improv/step: 0.491 (last = 1.0000), fitness=0.898971501
10707.11 secs, 107 evals, 58 steps, improv/step: 0.500 (last = 1.0000), fitness=0.898971501
10792.19 secs, 108 evals, 59 steps, improv/step: 0.508 (last = 1.0000), fitness=0.898971501

Optimization stopped after 60 steps and 10898.80 seconds
Termination reason: Max time (10800.0 s) reached
Steps per second = 0.01
Function evals per second = 0.01
Improvements/step = Inf
Total function evaluations = 109


Best candidate found: [0.108845, 0.817192]

Fitness: 0.898971501

