N_Jobs_Total: 144
Starting optimization with optimizer DiffEvoOpt{FitPopulation{Float64}, RadiusLimitedSelector, BlackBoxOptim.AdaptiveDiffEvoRandBin{3}, RandomBound{ContinuousRectSearchSpace}}
0.00 secs, 0 evals, 0 steps
26.31 secs, 2 evals, 1 steps, fitness=40.137226975
55.35 secs, 4 evals, 2 steps, improv/step: 0.500 (last = 1.0000), fitness=13.031427457
84.16 secs, 6 evals, 3 steps, improv/step: 0.333 (last = 0.0000), fitness=13.031427457
110.95 secs, 8 evals, 4 steps, improv/step: 0.500 (last = 1.0000), fitness=13.031427457
138.97 secs, 10 evals, 5 steps, improv/step: 0.400 (last = 0.0000), fitness=13.031427457
157.71 secs, 12 evals, 6 steps, improv/step: 0.333 (last = 0.0000), fitness=13.031427457
185.14 secs, 14 evals, 7 steps, improv/step: 0.286 (last = 0.0000), fitness=13.031427457
213.77 secs, 16 evals, 8 steps, improv/step: 0.375 (last = 1.0000), fitness=13.031427457
242.24 secs, 18 evals, 9 steps, improv/step: 0.444 (last = 1.0000), fitness=13.031427457
261.70 secs, 20 evals, 10 steps, improv/step: 0.400 (last = 0.0000), fitness=13.031427457
276.23 secs, 22 evals, 11 steps, improv/step: 0.364 (last = 0.0000), fitness=13.031427457
305.03 secs, 24 evals, 12 steps, improv/step: 0.333 (last = 0.0000), fitness=12.417615714
327.52 secs, 26 evals, 13 steps, improv/step: 0.385 (last = 1.0000), fitness=12.417615714
356.37 secs, 28 evals, 14 steps, improv/step: 0.357 (last = 0.0000), fitness=12.417615714
384.04 secs, 30 evals, 15 steps, improv/step: 0.400 (last = 1.0000), fitness=12.417615714
410.44 secs, 32 evals, 16 steps, improv/step: 0.438 (last = 1.0000), fitness=12.417615714
427.43 secs, 34 evals, 17 steps, improv/step: 0.412 (last = 0.0000), fitness=12.417615714
456.21 secs, 36 evals, 18 steps, improv/step: 0.444 (last = 1.0000), fitness=12.417615714
465.25 secs, 38 evals, 19 steps, improv/step: 0.421 (last = 0.0000), fitness=12.417615714
485.85 secs, 40 evals, 20 steps, improv/step: 0.400 (last = 0.0000), fitness=12.417615714
504.32 secs, 42 evals, 21 steps, improv/step: 0.381 (last = 0.0000), fitness=12.417615714
532.44 secs, 44 evals, 22 steps, improv/step: 0.364 (last = 0.0000), fitness=12.417615714
558.38 secs, 46 evals, 23 steps, improv/step: 0.348 (last = 0.0000), fitness=12.417615714
577.56 secs, 48 evals, 24 steps, improv/step: 0.375 (last = 1.0000), fitness=12.417615714
603.09 secs, 50 evals, 25 steps, improv/step: 0.400 (last = 1.0000), fitness=12.417615714
629.51 secs, 52 evals, 26 steps, improv/step: 0.423 (last = 1.0000), fitness=12.417615714
649.57 secs, 54 evals, 27 steps, improv/step: 0.407 (last = 0.0000), fitness=12.417615714
664.01 secs, 55 evals, 28 steps, improv/step: 0.393 (last = 0.0000), fitness=12.417615714
692.63 secs, 57 evals, 29 steps, improv/step: 0.379 (last = 0.0000), fitness=12.417615714
721.56 secs, 59 evals, 30 steps, improv/step: 0.367 (last = 0.0000), fitness=12.417615714
750.37 secs, 61 evals, 31 steps, improv/step: 0.355 (last = 0.0000), fitness=12.307524398
778.79 secs, 63 evals, 32 steps, improv/step: 0.344 (last = 0.0000), fitness=12.307524398
806.82 secs, 65 evals, 33 steps, improv/step: 0.364 (last = 1.0000), fitness=12.307524398
835.23 secs, 67 evals, 34 steps, improv/step: 0.353 (last = 0.0000), fitness=12.307524398
848.68 secs, 68 evals, 35 steps, improv/step: 0.371 (last = 1.0000), fitness=12.307524398
877.21 secs, 70 evals, 36 steps, improv/step: 0.389 (last = 1.0000), fitness=12.307524398
905.38 secs, 72 evals, 37 steps, improv/step: 0.405 (last = 1.0000), fitness=12.307524398
933.96 secs, 74 evals, 38 steps, improv/step: 0.395 (last = 0.0000), fitness=12.307524398
948.37 secs, 75 evals, 39 steps, improv/step: 0.410 (last = 1.0000), fitness=12.307524398
967.25 secs, 77 evals, 40 steps, improv/step: 0.425 (last = 1.0000), fitness=12.307524398
988.22 secs, 79 evals, 41 steps, improv/step: 0.415 (last = 0.0000), fitness=12.307524398
1012.91 secs, 81 evals, 42 steps, improv/step: 0.405 (last = 0.0000), fitness=12.307524398
1027.64 secs, 83 evals, 43 steps, improv/step: 0.395 (last = 0.0000), fitness=12.307524398
1056.33 secs, 85 evals, 44 steps, improv/step: 0.386 (last = 0.0000), fitness=12.307524398
1084.97 secs, 87 evals, 45 steps, improv/step: 0.400 (last = 1.0000), fitness=12.307524398
1104.45 secs, 89 evals, 46 steps, improv/step: 0.391 (last = 0.0000), fitness=12.307524398
1123.86 secs, 91 evals, 47 steps, improv/step: 0.404 (last = 1.0000), fitness=12.307524398
1138.18 secs, 92 evals, 48 steps, improv/step: 0.417 (last = 1.0000), fitness=12.307524398
1151.53 secs, 93 evals, 49 steps, improv/step: 0.408 (last = 0.0000), fitness=12.307524398
1172.62 secs, 95 evals, 50 steps, improv/step: 0.420 (last = 1.0000), fitness=12.307524398
1201.01 secs, 97 evals, 51 steps, improv/step: 0.412 (last = 0.0000), fitness=12.307524398
1215.14 secs, 98 evals, 52 steps, improv/step: 0.423 (last = 1.0000), fitness=12.307524398
1243.93 secs, 100 evals, 53 steps, improv/step: 0.434 (last = 1.0000), fitness=12.307524398
1268.73 secs, 102 evals, 54 steps, improv/step: 0.426 (last = 0.0000), fitness=12.307524398
1283.02 secs, 103 evals, 55 steps, improv/step: 0.436 (last = 1.0000), fitness=12.307524398
1305.65 secs, 105 evals, 56 steps, improv/step: 0.446 (last = 1.0000), fitness=12.307524398
1319.19 secs, 106 evals, 57 steps, improv/step: 0.456 (last = 1.0000), fitness=12.307524398
1332.76 secs, 107 evals, 58 steps, improv/step: 0.448 (last = 0.0000), fitness=12.307524398
1346.97 secs, 108 evals, 59 steps, improv/step: 0.441 (last = 0.0000), fitness=12.307524398
1361.27 secs, 109 evals, 60 steps, improv/step: 0.450 (last = 1.0000), fitness=12.307524398
1389.27 secs, 111 evals, 61 steps, improv/step: 0.459 (last = 1.0000), fitness=12.307524398
1408.81 secs, 113 evals, 62 steps, improv/step: 0.468 (last = 1.0000), fitness=12.307524398
1435.54 secs, 115 evals, 63 steps, improv/step: 0.476 (last = 1.0000), fitness=12.307524398
1449.22 secs, 116 evals, 64 steps, improv/step: 0.484 (last = 1.0000), fitness=12.307524398
1476.27 secs, 118 evals, 65 steps, improv/step: 0.477 (last = 0.0000), fitness=12.307524398
1504.56 secs, 120 evals, 66 steps, improv/step: 0.485 (last = 1.0000), fitness=12.307524398
1518.43 secs, 121 evals, 67 steps, improv/step: 0.478 (last = 0.0000), fitness=12.307524398
1531.36 secs, 122 evals, 68 steps, improv/step: 0.471 (last = 0.0000), fitness=12.307524398
1559.15 secs, 124 evals, 69 steps, improv/step: 0.478 (last = 1.0000), fitness=12.307524398
1573.19 secs, 125 evals, 70 steps, improv/step: 0.486 (last = 1.0000), fitness=12.307524398
1587.38 secs, 126 evals, 71 steps, improv/step: 0.479 (last = 0.0000), fitness=12.307524398
1601.12 secs, 127 evals, 72 steps, improv/step: 0.472 (last = 0.0000), fitness=12.307524398
1627.94 secs, 129 evals, 73 steps, improv/step: 0.466 (last = 0.0000), fitness=12.307524398
1642.21 secs, 130 evals, 74 steps, improv/step: 0.459 (last = 0.0000), fitness=12.307524398
1670.08 secs, 132 evals, 75 steps, improv/step: 0.467 (last = 1.0000), fitness=12.307524398
1684.24 secs, 133 evals, 76 steps, improv/step: 0.474 (last = 1.0000), fitness=12.307524398
1712.38 secs, 135 evals, 77 steps, improv/step: 0.481 (last = 1.0000), fitness=12.307524398
1726.64 secs, 136 evals, 78 steps, improv/step: 0.474 (last = 0.0000), fitness=12.307524398
1740.98 secs, 137 evals, 79 steps, improv/step: 0.481 (last = 1.0000), fitness=12.307524398
1754.73 secs, 138 evals, 80 steps, improv/step: 0.475 (last = 0.0000), fitness=12.307524398
1768.89 secs, 139 evals, 81 steps, improv/step: 0.481 (last = 1.0000), fitness=12.307524398
1783.24 secs, 140 evals, 82 steps, improv/step: 0.488 (last = 1.0000), fitness=10.825180263
1811.57 secs, 142 evals, 83 steps, improv/step: 0.494 (last = 1.0000), fitness=10.825180263
1823.78 secs, 143 evals, 84 steps, improv/step: 0.500 (last = 1.0000), fitness=10.825180263
1837.86 secs, 144 evals, 85 steps, improv/step: 0.494 (last = 0.0000), fitness=10.825180263
1852.07 secs, 145 evals, 86 steps, improv/step: 0.500 (last = 1.0000), fitness=10.825180263
1880.32 secs, 147 evals, 87 steps, improv/step: 0.506 (last = 1.0000), fitness=10.825180263
1908.73 secs, 149 evals, 88 steps, improv/step: 0.511 (last = 1.0000), fitness=10.825180263
1922.88 secs, 150 evals, 89 steps, improv/step: 0.506 (last = 0.0000), fitness=10.825180263
1937.06 secs, 151 evals, 90 steps, improv/step: 0.500 (last = 0.0000), fitness=10.825180263
1963.74 secs, 153 evals, 91 steps, improv/step: 0.495 (last = 0.0000), fitness=10.825180263
1977.98 secs, 154 evals, 92 steps, improv/step: 0.500 (last = 1.0000), fitness=10.825180263
1992.02 secs, 155 evals, 93 steps, improv/step: 0.495 (last = 0.0000), fitness=10.825180263
2006.03 secs, 156 evals, 94 steps, improv/step: 0.500 (last = 1.0000), fitness=10.825180263
2021.37 secs, 158 evals, 95 steps, improv/step: 0.495 (last = 0.0000), fitness=10.825180263
2035.59 secs, 159 evals, 96 steps, improv/step: 0.490 (last = 0.0000), fitness=10.825180263
2059.62 secs, 161 evals, 97 steps, improv/step: 0.495 (last = 1.0000), fitness=10.825180263
2074.00 secs, 162 evals, 98 steps, improv/step: 0.500 (last = 1.0000), fitness=10.825180263
2102.41 secs, 164 evals, 99 steps, improv/step: 0.495 (last = 0.0000), fitness=10.825180263
2116.64 secs, 165 evals, 100 steps, improv/step: 0.490 (last = 0.0000), fitness=10.825180263
2130.90 secs, 166 evals, 101 steps, improv/step: 0.485 (last = 0.0000), fitness=10.825180263
2145.15 secs, 167 evals, 102 steps, improv/step: 0.480 (last = 0.0000), fitness=10.825180263
2173.52 secs, 169 evals, 103 steps, improv/step: 0.485 (last = 1.0000), fitness=10.825180263
2200.09 secs, 171 evals, 104 steps, improv/step: 0.490 (last = 1.0000), fitness=10.825180263
2214.34 secs, 172 evals, 105 steps, improv/step: 0.486 (last = 0.0000), fitness=10.825180263
2228.66 secs, 173 evals, 106 steps, improv/step: 0.491 (last = 1.0000), fitness=10.825180263
2256.99 secs, 175 evals, 107 steps, improv/step: 0.486 (last = 0.0000), fitness=10.825180263
2271.16 secs, 176 evals, 108 steps, improv/step: 0.491 (last = 1.0000), fitness=10.825180263
2285.41 secs, 177 evals, 109 steps, improv/step: 0.495 (last = 1.0000), fitness=10.825180263
2299.61 secs, 178 evals, 110 steps, improv/step: 0.500 (last = 1.0000), fitness=10.825180263
2313.81 secs, 179 evals, 111 steps, improv/step: 0.495 (last = 0.0000), fitness=10.825180263
2328.04 secs, 180 evals, 112 steps, improv/step: 0.500 (last = 1.0000), fitness=10.825180263
2355.37 secs, 182 evals, 113 steps, improv/step: 0.496 (last = 0.0000), fitness=10.825180263
2383.52 secs, 184 evals, 114 steps, improv/step: 0.500 (last = 1.0000), fitness=10.825180263
2410.63 secs, 186 evals, 115 steps, improv/step: 0.504 (last = 1.0000), fitness=10.825180263
2424.83 secs, 187 evals, 116 steps, improv/step: 0.500 (last = 0.0000), fitness=10.825180263
2438.60 secs, 188 evals, 117 steps, improv/step: 0.496 (last = 0.0000), fitness=10.825180263
2453.00 secs, 189 evals, 118 steps, improv/step: 0.500 (last = 1.0000), fitness=10.825180263
2467.26 secs, 190 evals, 119 steps, improv/step: 0.496 (last = 0.0000), fitness=10.825180263
2481.61 secs, 191 evals, 120 steps, improv/step: 0.492 (last = 0.0000), fitness=10.825180263
2495.81 secs, 192 evals, 121 steps, improv/step: 0.496 (last = 1.0000), fitness=10.825180263
2510.05 secs, 193 evals, 122 steps, improv/step: 0.492 (last = 0.0000), fitness=10.825180263
2538.50 secs, 195 evals, 123 steps, improv/step: 0.496 (last = 1.0000), fitness=10.825180263
2566.93 secs, 197 evals, 124 steps, improv/step: 0.500 (last = 1.0000), fitness=10.825180263
2581.42 secs, 198 evals, 125 steps, improv/step: 0.504 (last = 1.0000), fitness=10.825180263
2595.80 secs, 199 evals, 126 steps, improv/step: 0.508 (last = 1.0000), fitness=10.688603800
2624.18 secs, 201 evals, 127 steps, improv/step: 0.504 (last = 0.0000), fitness=10.688603800
2638.50 secs, 202 evals, 128 steps, improv/step: 0.500 (last = 0.0000), fitness=10.688603800
2652.72 secs, 203 evals, 129 steps, improv/step: 0.496 (last = 0.0000), fitness=10.688603800
2680.81 secs, 205 evals, 130 steps, improv/step: 0.500 (last = 1.0000), fitness=10.688603800
2695.01 secs, 206 evals, 131 steps, improv/step: 0.496 (last = 0.0000), fitness=10.688603800
2723.52 secs, 208 evals, 132 steps, improv/step: 0.492 (last = 0.0000), fitness=10.688603800
2737.70 secs, 209 evals, 133 steps, improv/step: 0.496 (last = 1.0000), fitness=10.688603800
2752.02 secs, 210 evals, 134 steps, improv/step: 0.493 (last = 0.0000), fitness=10.688603800
2766.30 secs, 211 evals, 135 steps, improv/step: 0.496 (last = 1.0000), fitness=10.688603800
2780.59 secs, 212 evals, 136 steps, improv/step: 0.493 (last = 0.0000), fitness=10.688603800
2794.89 secs, 213 evals, 137 steps, improv/step: 0.496 (last = 1.0000), fitness=10.688603800
2821.42 secs, 215 evals, 138 steps, improv/step: 0.500 (last = 1.0000), fitness=10.688603800
2835.58 secs, 216 evals, 139 steps, improv/step: 0.496 (last = 0.0000), fitness=10.688603800
2849.78 secs, 217 evals, 140 steps, improv/step: 0.493 (last = 0.0000), fitness=10.688603800
2864.00 secs, 218 evals, 141 steps, improv/step: 0.489 (last = 0.0000), fitness=10.688603800
2878.24 secs, 219 evals, 142 steps, improv/step: 0.493 (last = 1.0000), fitness=10.688603800
2892.76 secs, 220 evals, 143 steps, improv/step: 0.490 (last = 0.0000), fitness=10.688603800
2907.22 secs, 221 evals, 144 steps, improv/step: 0.493 (last = 1.0000), fitness=10.688603800
2921.53 secs, 222 evals, 145 steps, improv/step: 0.497 (last = 1.0000), fitness=10.688603800
2935.28 secs, 223 evals, 146 steps, improv/step: 0.493 (last = 0.0000), fitness=10.688603800
2961.90 secs, 225 evals, 147 steps, improv/step: 0.490 (last = 0.0000), fitness=10.688603800
2976.17 secs, 226 evals, 148 steps, improv/step: 0.493 (last = 1.0000), fitness=10.688603800
3004.90 secs, 228 evals, 149 steps, improv/step: 0.490 (last = 0.0000), fitness=10.688603800
3019.11 secs, 229 evals, 150 steps, improv/step: 0.487 (last = 0.0000), fitness=10.688603800
3033.38 secs, 230 evals, 151 steps, improv/step: 0.490 (last = 1.0000), fitness=10.688603800
3047.64 secs, 231 evals, 152 steps, improv/step: 0.493 (last = 1.0000), fitness=10.688603800
3061.92 secs, 232 evals, 153 steps, improv/step: 0.497 (last = 1.0000), fitness=10.688603800
3076.22 secs, 233 evals, 154 steps, improv/step: 0.494 (last = 0.0000), fitness=10.688603800
3090.43 secs, 234 evals, 155 steps, improv/step: 0.497 (last = 1.0000), fitness=10.688603800
3104.69 secs, 235 evals, 156 steps, improv/step: 0.500 (last = 1.0000), fitness=10.688603800
3118.86 secs, 236 evals, 157 steps, improv/step: 0.503 (last = 1.0000), fitness=10.688603800
3132.87 secs, 237 evals, 158 steps, improv/step: 0.500 (last = 0.0000), fitness=10.688603800
3160.03 secs, 239 evals, 159 steps, improv/step: 0.503 (last = 1.0000), fitness=10.688603800
3174.33 secs, 240 evals, 160 steps, improv/step: 0.506 (last = 1.0000), fitness=10.688603800
3188.49 secs, 241 evals, 161 steps, improv/step: 0.509 (last = 1.0000), fitness=10.688603800
3202.84 secs, 242 evals, 162 steps, improv/step: 0.512 (last = 1.0000), fitness=10.688603800
3217.09 secs, 243 evals, 163 steps, improv/step: 0.509 (last = 0.0000), fitness=10.688603800
3245.13 secs, 245 evals, 164 steps, improv/step: 0.506 (last = 0.0000), fitness=10.688603800
3259.33 secs, 246 evals, 165 steps, improv/step: 0.509 (last = 1.0000), fitness=10.688603800
3287.60 secs, 248 evals, 166 steps, improv/step: 0.512 (last = 1.0000), fitness=10.688603800
3301.77 secs, 249 evals, 167 steps, improv/step: 0.515 (last = 1.0000), fitness=10.688603800
3315.82 secs, 250 evals, 168 steps, improv/step: 0.512 (last = 0.0000), fitness=10.688603800
3328.11 secs, 251 evals, 169 steps, improv/step: 0.509 (last = 0.0000), fitness=10.688603800
3356.76 secs, 253 evals, 170 steps, improv/step: 0.512 (last = 1.0000), fitness=10.688603800
3371.09 secs, 254 evals, 171 steps, improv/step: 0.515 (last = 1.0000), fitness=10.688603800
3385.26 secs, 255 evals, 172 steps, improv/step: 0.512 (last = 0.0000), fitness=10.688603800
3399.54 secs, 256 evals, 173 steps, improv/step: 0.514 (last = 1.0000), fitness=10.688603800
3413.77 secs, 257 evals, 174 steps, improv/step: 0.511 (last = 0.0000), fitness=10.688603800
3427.93 secs, 258 evals, 175 steps, improv/step: 0.509 (last = 0.0000), fitness=10.688603800
3442.29 secs, 259 evals, 176 steps, improv/step: 0.511 (last = 1.0000), fitness=10.688603800
3456.33 secs, 260 evals, 177 steps, improv/step: 0.508 (last = 0.0000), fitness=10.688603800
3470.59 secs, 261 evals, 178 steps, improv/step: 0.506 (last = 0.0000), fitness=10.688603800
3484.85 secs, 262 evals, 179 steps, improv/step: 0.503 (last = 0.0000), fitness=10.688603800
3499.11 secs, 263 evals, 180 steps, improv/step: 0.500 (last = 0.0000), fitness=10.688603800
3513.47 secs, 265 evals, 181 steps, improv/step: 0.497 (last = 0.0000), fitness=10.688603800
3527.81 secs, 266 evals, 182 steps, improv/step: 0.495 (last = 0.0000), fitness=10.688603800
3542.01 secs, 267 evals, 183 steps, improv/step: 0.492 (last = 0.0000), fitness=10.688603800
3556.16 secs, 268 evals, 184 steps, improv/step: 0.495 (last = 1.0000), fitness=10.688603800
3570.48 secs, 269 evals, 185 steps, improv/step: 0.492 (last = 0.0000), fitness=10.688603800
3584.96 secs, 270 evals, 186 steps, improv/step: 0.495 (last = 1.0000), fitness=10.688603800
3599.46 secs, 271 evals, 187 steps, improv/step: 0.492 (last = 0.0000), fitness=10.688603800
3613.76 secs, 272 evals, 188 steps, improv/step: 0.489 (last = 0.0000), fitness=10.688603800
3628.04 secs, 273 evals, 189 steps, improv/step: 0.487 (last = 0.0000), fitness=10.688603800
3642.22 secs, 274 evals, 190 steps, improv/step: 0.484 (last = 0.0000), fitness=10.688603800
3668.57 secs, 276 evals, 191 steps, improv/step: 0.487 (last = 1.0000), fitness=10.688603800
3682.85 secs, 277 evals, 192 steps, improv/step: 0.484 (last = 0.0000), fitness=10.688603800
3697.17 secs, 278 evals, 193 steps, improv/step: 0.487 (last = 1.0000), fitness=10.688603800
3711.33 secs, 279 evals, 194 steps, improv/step: 0.485 (last = 0.0000), fitness=10.688603800
3725.54 secs, 280 evals, 195 steps, improv/step: 0.482 (last = 0.0000), fitness=10.688603800
3739.62 secs, 281 evals, 196 steps, improv/step: 0.480 (last = 0.0000), fitness=10.688603800
3753.66 secs, 282 evals, 197 steps, improv/step: 0.477 (last = 0.0000), fitness=10.688603800
3768.08 secs, 283 evals, 198 steps, improv/step: 0.475 (last = 0.0000), fitness=10.688603800
3782.22 secs, 284 evals, 199 steps, improv/step: 0.472 (last = 0.0000), fitness=10.688603800
3796.40 secs, 285 evals, 200 steps, improv/step: 0.470 (last = 0.0000), fitness=10.688603800
3810.72 secs, 286 evals, 201 steps, improv/step: 0.468 (last = 0.0000), fitness=10.688603800
3825.09 secs, 287 evals, 202 steps, improv/step: 0.470 (last = 1.0000), fitness=10.688603800
3839.41 secs, 288 evals, 203 steps, improv/step: 0.473 (last = 1.0000), fitness=10.688603800
3853.62 secs, 289 evals, 204 steps, improv/step: 0.475 (last = 1.0000), fitness=10.688603800
3867.75 secs, 290 evals, 205 steps, improv/step: 0.473 (last = 0.0000), fitness=10.688603800
3881.95 secs, 291 evals, 206 steps, improv/step: 0.471 (last = 0.0000), fitness=10.688603800
3896.16 secs, 292 evals, 207 steps, improv/step: 0.469 (last = 0.0000), fitness=10.688603800
3910.50 secs, 293 evals, 208 steps, improv/step: 0.466 (last = 0.0000), fitness=10.688603800
3924.75 secs, 294 evals, 209 steps, improv/step: 0.464 (last = 0.0000), fitness=10.688603800
3938.99 secs, 295 evals, 210 steps, improv/step: 0.467 (last = 1.0000), fitness=10.688603800
3952.49 secs, 296 evals, 211 steps, improv/step: 0.464 (last = 0.0000), fitness=10.688603800
3966.77 secs, 297 evals, 212 steps, improv/step: 0.462 (last = 0.0000), fitness=10.688603800
3981.08 secs, 298 evals, 213 steps, improv/step: 0.460 (last = 0.0000), fitness=10.688603800
3995.28 secs, 299 evals, 214 steps, improv/step: 0.463 (last = 1.0000), fitness=10.688603800
4009.63 secs, 300 evals, 215 steps, improv/step: 0.460 (last = 0.0000), fitness=10.688603800
4038.00 secs, 302 evals, 216 steps, improv/step: 0.463 (last = 1.0000), fitness=10.688603800
4052.23 secs, 303 evals, 217 steps, improv/step: 0.465 (last = 1.0000), fitness=10.688603800
4066.37 secs, 304 evals, 218 steps, improv/step: 0.463 (last = 0.0000), fitness=10.688603800
4080.70 secs, 305 evals, 219 steps, improv/step: 0.461 (last = 0.0000), fitness=10.688603800
4094.94 secs, 306 evals, 220 steps, improv/step: 0.464 (last = 1.0000), fitness=10.688603800
4109.38 secs, 307 evals, 221 steps, improv/step: 0.462 (last = 0.0000), fitness=10.688603800
4123.71 secs, 308 evals, 222 steps, improv/step: 0.464 (last = 1.0000), fitness=10.688603800
4147.67 secs, 310 evals, 223 steps, improv/step: 0.466 (last = 1.0000), fitness=10.688603800
4161.98 secs, 311 evals, 224 steps, improv/step: 0.469 (last = 1.0000), fitness=10.688603800
4189.86 secs, 313 evals, 225 steps, improv/step: 0.467 (last = 0.0000), fitness=10.688603800
4204.12 secs, 314 evals, 226 steps, improv/step: 0.465 (last = 0.0000), fitness=10.688603800
4218.42 secs, 315 evals, 227 steps, improv/step: 0.467 (last = 1.0000), fitness=10.688603800
4232.14 secs, 316 evals, 228 steps, improv/step: 0.465 (last = 0.0000), fitness=10.688603800
4246.50 secs, 317 evals, 229 steps, improv/step: 0.467 (last = 1.0000), fitness=10.688603800
4260.83 secs, 318 evals, 230 steps, improv/step: 0.470 (last = 1.0000), fitness=10.688603800
4274.96 secs, 319 evals, 231 steps, improv/step: 0.468 (last = 0.0000), fitness=10.688603800
4289.26 secs, 320 evals, 232 steps, improv/step: 0.470 (last = 1.0000), fitness=10.688603800
4303.57 secs, 321 evals, 233 steps, improv/step: 0.472 (last = 1.0000), fitness=10.688603800
4317.91 secs, 322 evals, 234 steps, improv/step: 0.470 (last = 0.0000), fitness=10.688603800
4332.34 secs, 323 evals, 235 steps, improv/step: 0.472 (last = 1.0000), fitness=10.688603800
4346.60 secs, 324 evals, 236 steps, improv/step: 0.470 (last = 0.0000), fitness=10.688603800
4360.92 secs, 325 evals, 237 steps, improv/step: 0.473 (last = 1.0000), fitness=10.688603800
4389.02 secs, 327 evals, 238 steps, improv/step: 0.475 (last = 1.0000), fitness=10.688603800
4403.41 secs, 328 evals, 239 steps, improv/step: 0.477 (last = 1.0000), fitness=10.688603800
4417.64 secs, 329 evals, 240 steps, improv/step: 0.479 (last = 1.0000), fitness=10.688603800
4431.90 secs, 330 evals, 241 steps, improv/step: 0.477 (last = 0.0000), fitness=10.688603800
4446.16 secs, 331 evals, 242 steps, improv/step: 0.475 (last = 0.0000), fitness=10.688603800
4460.46 secs, 332 evals, 243 steps, improv/step: 0.473 (last = 0.0000), fitness=10.688603800
4474.74 secs, 333 evals, 244 steps, improv/step: 0.475 (last = 1.0000), fitness=10.688603800
4488.99 secs, 334 evals, 245 steps, improv/step: 0.478 (last = 1.0000), fitness=10.688603800
4503.19 secs, 335 evals, 246 steps, improv/step: 0.480 (last = 1.0000), fitness=10.688603800
4517.51 secs, 336 evals, 247 steps, improv/step: 0.478 (last = 0.0000), fitness=10.688603800
4531.54 secs, 337 evals, 248 steps, improv/step: 0.476 (last = 0.0000), fitness=10.688603800
4545.98 secs, 338 evals, 249 steps, improv/step: 0.474 (last = 0.0000), fitness=10.688603800
4560.40 secs, 339 evals, 250 steps, improv/step: 0.472 (last = 0.0000), fitness=10.688603800
4589.17 secs, 341 evals, 251 steps, improv/step: 0.470 (last = 0.0000), fitness=10.688603800
4603.49 secs, 342 evals, 252 steps, improv/step: 0.472 (last = 1.0000), fitness=10.688603800
4631.84 secs, 344 evals, 253 steps, improv/step: 0.470 (last = 0.0000), fitness=10.688603800
4646.14 secs, 345 evals, 254 steps, improv/step: 0.472 (last = 1.0000), fitness=10.688603800
4660.46 secs, 346 evals, 255 steps, improv/step: 0.471 (last = 0.0000), fitness=10.688603800
4674.79 secs, 347 evals, 256 steps, improv/step: 0.473 (last = 1.0000), fitness=10.688603800
4689.04 secs, 348 evals, 257 steps, improv/step: 0.475 (last = 1.0000), fitness=10.688603800
4703.21 secs, 349 evals, 258 steps, improv/step: 0.477 (last = 1.0000), fitness=10.688603800
4717.09 secs, 350 evals, 259 steps, improv/step: 0.475 (last = 0.0000), fitness=10.688603800
4731.35 secs, 351 evals, 260 steps, improv/step: 0.477 (last = 1.0000), fitness=10.688603800
4745.67 secs, 352 evals, 261 steps, improv/step: 0.475 (last = 0.0000), fitness=10.688603800
4760.08 secs, 353 evals, 262 steps, improv/step: 0.477 (last = 1.0000), fitness=10.688603800
4774.43 secs, 354 evals, 263 steps, improv/step: 0.479 (last = 1.0000), fitness=10.688603800
4788.90 secs, 355 evals, 264 steps, improv/step: 0.481 (last = 1.0000), fitness=10.688603800
4803.26 secs, 356 evals, 265 steps, improv/step: 0.483 (last = 1.0000), fitness=10.688603800
4817.48 secs, 357 evals, 266 steps, improv/step: 0.481 (last = 0.0000), fitness=10.688603800
4831.69 secs, 358 evals, 267 steps, improv/step: 0.479 (last = 0.0000), fitness=10.688603800
4859.28 secs, 360 evals, 268 steps, improv/step: 0.481 (last = 1.0000), fitness=10.688603800
4873.51 secs, 361 evals, 269 steps, improv/step: 0.480 (last = 0.0000), fitness=10.688603800
4887.78 secs, 362 evals, 270 steps, improv/step: 0.478 (last = 0.0000), fitness=10.688603800
4916.54 secs, 364 evals, 271 steps, improv/step: 0.480 (last = 1.0000), fitness=10.688603800
4930.85 secs, 365 evals, 272 steps, improv/step: 0.482 (last = 1.0000), fitness=10.688603800
4945.16 secs, 366 evals, 273 steps, improv/step: 0.484 (last = 1.0000), fitness=10.688603800
4959.42 secs, 367 evals, 274 steps, improv/step: 0.482 (last = 0.0000), fitness=10.688603800
4973.61 secs, 368 evals, 275 steps, improv/step: 0.484 (last = 1.0000), fitness=10.688603800
4988.02 secs, 369 evals, 276 steps, improv/step: 0.482 (last = 0.0000), fitness=10.688603800
5002.32 secs, 370 evals, 277 steps, improv/step: 0.484 (last = 1.0000), fitness=10.688603800
5016.64 secs, 371 evals, 278 steps, improv/step: 0.486 (last = 1.0000), fitness=10.688603800
5030.55 secs, 372 evals, 279 steps, improv/step: 0.484 (last = 0.0000), fitness=10.688603800
5044.76 secs, 373 evals, 280 steps, improv/step: 0.482 (last = 0.0000), fitness=10.688603800
5059.18 secs, 374 evals, 281 steps, improv/step: 0.484 (last = 1.0000), fitness=10.688603800
5073.55 secs, 375 evals, 282 steps, improv/step: 0.486 (last = 1.0000), fitness=10.688603800
5087.84 secs, 376 evals, 283 steps, improv/step: 0.484 (last = 0.0000), fitness=10.688603800
5102.15 secs, 377 evals, 284 steps, improv/step: 0.486 (last = 1.0000), fitness=10.688603800
5116.46 secs, 378 evals, 285 steps, improv/step: 0.488 (last = 1.0000), fitness=10.688603800
5130.78 secs, 379 evals, 286 steps, improv/step: 0.490 (last = 1.0000), fitness=10.688603800
5145.01 secs, 380 evals, 287 steps, improv/step: 0.491 (last = 1.0000), fitness=10.688603800
5159.20 secs, 381 evals, 288 steps, improv/step: 0.490 (last = 0.0000), fitness=10.688603800
5173.53 secs, 382 evals, 289 steps, improv/step: 0.488 (last = 0.0000), fitness=10.688603800
5187.87 secs, 383 evals, 290 steps, improv/step: 0.490 (last = 1.0000), fitness=10.688603800
5202.31 secs, 384 evals, 291 steps, improv/step: 0.491 (last = 1.0000), fitness=10.688603800
5216.65 secs, 385 evals, 292 steps, improv/step: 0.490 (last = 0.0000), fitness=10.688603800
5230.90 secs, 386 evals, 293 steps, improv/step: 0.488 (last = 0.0000), fitness=10.688603800
5245.04 secs, 387 evals, 294 steps, improv/step: 0.490 (last = 1.0000), fitness=10.688603800
5259.37 secs, 388 evals, 295 steps, improv/step: 0.492 (last = 1.0000), fitness=10.688603800
5273.72 secs, 389 evals, 296 steps, improv/step: 0.493 (last = 1.0000), fitness=10.688603800
5288.06 secs, 390 evals, 297 steps, improv/step: 0.492 (last = 0.0000), fitness=10.688603800
5302.36 secs, 391 evals, 298 steps, improv/step: 0.490 (last = 0.0000), fitness=10.688603800
5316.67 secs, 392 evals, 299 steps, improv/step: 0.488 (last = 0.0000), fitness=10.688603800
5330.92 secs, 393 evals, 300 steps, improv/step: 0.487 (last = 0.0000), fitness=10.688603800
5345.15 secs, 394 evals, 301 steps, improv/step: 0.485 (last = 0.0000), fitness=10.688603800
5359.46 secs, 395 evals, 302 steps, improv/step: 0.483 (last = 0.0000), fitness=10.688603800
5373.78 secs, 396 evals, 303 steps, improv/step: 0.482 (last = 0.0000), fitness=10.688603800
5388.04 secs, 397 evals, 304 steps, improv/step: 0.480 (last = 0.0000), fitness=10.688603800
5416.79 secs, 399 evals, 305 steps, improv/step: 0.479 (last = 0.0000), fitness=10.688603800
5431.05 secs, 400 evals, 306 steps, improv/step: 0.477 (last = 0.0000), fitness=10.688603800
5445.35 secs, 401 evals, 307 steps, improv/step: 0.479 (last = 1.0000), fitness=10.688603800
5459.50 secs, 402 evals, 308 steps, improv/step: 0.477 (last = 0.0000), fitness=10.688603800
5473.84 secs, 403 evals, 309 steps, improv/step: 0.476 (last = 0.0000), fitness=10.688603800
5488.28 secs, 404 evals, 310 steps, improv/step: 0.477 (last = 1.0000), fitness=10.688603800
5502.62 secs, 405 evals, 311 steps, improv/step: 0.476 (last = 0.0000), fitness=10.688603800
5531.28 secs, 407 evals, 312 steps, improv/step: 0.478 (last = 1.0000), fitness=10.688603800
5545.56 secs, 408 evals, 313 steps, improv/step: 0.476 (last = 0.0000), fitness=10.688603800
5559.83 secs, 409 evals, 314 steps, improv/step: 0.475 (last = 0.0000), fitness=10.688603800
5573.98 secs, 410 evals, 315 steps, improv/step: 0.473 (last = 0.0000), fitness=10.688603800
5587.69 secs, 411 evals, 316 steps, improv/step: 0.472 (last = 0.0000), fitness=10.688603800
5602.16 secs, 412 evals, 317 steps, improv/step: 0.470 (last = 0.0000), fitness=10.688603800
5616.51 secs, 413 evals, 318 steps, improv/step: 0.469 (last = 0.0000), fitness=10.688603800
5630.87 secs, 414 evals, 319 steps, improv/step: 0.467 (last = 0.0000), fitness=10.688603800
5645.31 secs, 415 evals, 320 steps, improv/step: 0.469 (last = 1.0000), fitness=10.688603800
5659.74 secs, 416 evals, 321 steps, improv/step: 0.467 (last = 0.0000), fitness=10.688603800
5674.14 secs, 417 evals, 322 steps, improv/step: 0.466 (last = 0.0000), fitness=10.688603800
5688.37 secs, 418 evals, 323 steps, improv/step: 0.464 (last = 0.0000), fitness=10.688603800
5716.98 secs, 420 evals, 324 steps, improv/step: 0.466 (last = 1.0000), fitness=10.688603800
5731.28 secs, 421 evals, 325 steps, improv/step: 0.465 (last = 0.0000), fitness=10.688603800
5745.64 secs, 422 evals, 326 steps, improv/step: 0.463 (last = 0.0000), fitness=10.688603800
5759.67 secs, 423 evals, 327 steps, improv/step: 0.462 (last = 0.0000), fitness=10.688603800
5774.04 secs, 424 evals, 328 steps, improv/step: 0.460 (last = 0.0000), fitness=10.688603800
5788.17 secs, 425 evals, 329 steps, improv/step: 0.462 (last = 1.0000), fitness=10.688603800
5802.30 secs, 426 evals, 330 steps, improv/step: 0.461 (last = 0.0000), fitness=10.688603800
5816.63 secs, 427 evals, 331 steps, improv/step: 0.462 (last = 1.0000), fitness=10.688603800
5831.06 secs, 428 evals, 332 steps, improv/step: 0.464 (last = 1.0000), fitness=10.688603800
5845.38 secs, 429 evals, 333 steps, improv/step: 0.465 (last = 1.0000), fitness=10.688603800
5859.64 secs, 430 evals, 334 steps, improv/step: 0.464 (last = 0.0000), fitness=10.688603800
5873.76 secs, 431 evals, 335 steps, improv/step: 0.466 (last = 1.0000), fitness=10.688603800
5888.09 secs, 432 evals, 336 steps, improv/step: 0.464 (last = 0.0000), fitness=10.688603800
5902.18 secs, 433 evals, 337 steps, improv/step: 0.463 (last = 0.0000), fitness=10.688603800
5916.50 secs, 434 evals, 338 steps, improv/step: 0.462 (last = 0.0000), fitness=10.688603800
5930.82 secs, 435 evals, 339 steps, improv/step: 0.460 (last = 0.0000), fitness=10.688603800
5945.06 secs, 436 evals, 340 steps, improv/step: 0.459 (last = 0.0000), fitness=10.688603800
5959.46 secs, 437 evals, 341 steps, improv/step: 0.457 (last = 0.0000), fitness=10.688603800
5973.81 secs, 438 evals, 342 steps, improv/step: 0.456 (last = 0.0000), fitness=10.688603800
5988.09 secs, 439 evals, 343 steps, improv/step: 0.455 (last = 0.0000), fitness=10.688603800
6002.46 secs, 440 evals, 344 steps, improv/step: 0.453 (last = 0.0000), fitness=10.688603800
6016.79 secs, 441 evals, 345 steps, improv/step: 0.455 (last = 1.0000), fitness=10.688603800
6031.06 secs, 442 evals, 346 steps, improv/step: 0.457 (last = 1.0000), fitness=10.688603800
6045.42 secs, 443 evals, 347 steps, improv/step: 0.455 (last = 0.0000), fitness=10.688603800
6059.69 secs, 444 evals, 348 steps, improv/step: 0.454 (last = 0.0000), fitness=10.688603800
6074.10 secs, 445 evals, 349 steps, improv/step: 0.456 (last = 1.0000), fitness=10.688603800
6088.48 secs, 446 evals, 350 steps, improv/step: 0.454 (last = 0.0000), fitness=10.688603800
6102.79 secs, 447 evals, 351 steps, improv/step: 0.456 (last = 1.0000), fitness=10.688603800
6116.47 secs, 448 evals, 352 steps, improv/step: 0.455 (last = 0.0000), fitness=10.688603800
6130.77 secs, 449 evals, 353 steps, improv/step: 0.456 (last = 1.0000), fitness=10.688603800
6145.22 secs, 450 evals, 354 steps, improv/step: 0.458 (last = 1.0000), fitness=10.688603800
6159.58 secs, 451 evals, 355 steps, improv/step: 0.459 (last = 1.0000), fitness=10.688603800
6173.95 secs, 452 evals, 356 steps, improv/step: 0.461 (last = 1.0000), fitness=10.688603800
6188.29 secs, 453 evals, 357 steps, improv/step: 0.459 (last = 0.0000), fitness=10.688603800
6202.59 secs, 454 evals, 358 steps, improv/step: 0.458 (last = 0.0000), fitness=10.688603800
6216.91 secs, 455 evals, 359 steps, improv/step: 0.460 (last = 1.0000), fitness=10.688603800
6231.14 secs, 456 evals, 360 steps, improv/step: 0.458 (last = 0.0000), fitness=10.688603800
6245.52 secs, 457 evals, 361 steps, improv/step: 0.460 (last = 1.0000), fitness=10.688603800
6259.73 secs, 458 evals, 362 steps, improv/step: 0.461 (last = 1.0000), fitness=10.688603800
6274.01 secs, 459 evals, 363 steps, improv/step: 0.460 (last = 0.0000), fitness=10.688603800
6288.39 secs, 460 evals, 364 steps, improv/step: 0.462 (last = 1.0000), fitness=10.688603800
6302.80 secs, 461 evals, 365 steps, improv/step: 0.463 (last = 1.0000), fitness=10.688603800
6317.09 secs, 462 evals, 366 steps, improv/step: 0.462 (last = 0.0000), fitness=10.688603800
6331.51 secs, 463 evals, 367 steps, improv/step: 0.463 (last = 1.0000), fitness=10.688603800
6345.95 secs, 464 evals, 368 steps, improv/step: 0.462 (last = 0.0000), fitness=10.688603800
6360.30 secs, 465 evals, 369 steps, improv/step: 0.461 (last = 0.0000), fitness=10.688603800
6374.75 secs, 466 evals, 370 steps, improv/step: 0.462 (last = 1.0000), fitness=10.688603800
6389.12 secs, 467 evals, 371 steps, improv/step: 0.461 (last = 0.0000), fitness=10.688603800
6403.44 secs, 468 evals, 372 steps, improv/step: 0.460 (last = 0.0000), fitness=10.688603800
6417.81 secs, 469 evals, 373 steps, improv/step: 0.458 (last = 0.0000), fitness=10.688603800
6432.17 secs, 470 evals, 374 steps, improv/step: 0.460 (last = 1.0000), fitness=10.688603800
6446.28 secs, 471 evals, 375 steps, improv/step: 0.459 (last = 0.0000), fitness=10.688603800
6460.52 secs, 472 evals, 376 steps, improv/step: 0.457 (last = 0.0000), fitness=10.688603800
6474.79 secs, 473 evals, 377 steps, improv/step: 0.456 (last = 0.0000), fitness=10.688603800
6489.13 secs, 474 evals, 378 steps, improv/step: 0.455 (last = 0.0000), fitness=10.688603800
6503.55 secs, 475 evals, 379 steps, improv/step: 0.454 (last = 0.0000), fitness=10.688603800
6517.92 secs, 476 evals, 380 steps, improv/step: 0.455 (last = 1.0000), fitness=10.688603800
6532.20 secs, 477 evals, 381 steps, improv/step: 0.457 (last = 1.0000), fitness=10.688603800
6546.60 secs, 478 evals, 382 steps, improv/step: 0.458 (last = 1.0000), fitness=10.688603800
6560.93 secs, 479 evals, 383 steps, improv/step: 0.460 (last = 1.0000), fitness=10.688603800
6575.35 secs, 480 evals, 384 steps, improv/step: 0.461 (last = 1.0000), fitness=10.688603800
6589.68 secs, 481 evals, 385 steps, improv/step: 0.462 (last = 1.0000), fitness=10.688603800
6603.98 secs, 482 evals, 386 steps, improv/step: 0.461 (last = 0.0000), fitness=10.688603800
6618.24 secs, 483 evals, 387 steps, improv/step: 0.460 (last = 0.0000), fitness=10.688603800
6632.51 secs, 484 evals, 388 steps, improv/step: 0.461 (last = 1.0000), fitness=10.688603800
6646.86 secs, 485 evals, 389 steps, improv/step: 0.463 (last = 1.0000), fitness=10.688603800
6661.24 secs, 486 evals, 390 steps, improv/step: 0.462 (last = 0.0000), fitness=10.688603800
6675.61 secs, 487 evals, 391 steps, improv/step: 0.463 (last = 1.0000), fitness=10.688603800
6689.86 secs, 488 evals, 392 steps, improv/step: 0.462 (last = 0.0000), fitness=10.688603800
6704.22 secs, 489 evals, 393 steps, improv/step: 0.461 (last = 0.0000), fitness=10.688603800
6718.56 secs, 490 evals, 394 steps, improv/step: 0.462 (last = 1.0000), fitness=10.688603800
6732.85 secs, 491 evals, 395 steps, improv/step: 0.463 (last = 1.0000), fitness=10.688603800
6747.14 secs, 492 evals, 396 steps, improv/step: 0.465 (last = 1.0000), fitness=10.688603800
6761.43 secs, 493 evals, 397 steps, improv/step: 0.463 (last = 0.0000), fitness=10.688603800
6775.74 secs, 494 evals, 398 steps, improv/step: 0.462 (last = 0.0000), fitness=10.688603800
6790.22 secs, 495 evals, 399 steps, improv/step: 0.464 (last = 1.0000), fitness=10.688603800
6804.68 secs, 496 evals, 400 steps, improv/step: 0.465 (last = 1.0000), fitness=10.688603800
6819.06 secs, 497 evals, 401 steps, improv/step: 0.464 (last = 0.0000), fitness=10.688603800
6833.40 secs, 498 evals, 402 steps, improv/step: 0.465 (last = 1.0000), fitness=10.688603800
6847.80 secs, 499 evals, 403 steps, improv/step: 0.464 (last = 0.0000), fitness=10.688603800
6862.10 secs, 500 evals, 404 steps, improv/step: 0.463 (last = 0.0000), fitness=10.688603800
6876.44 secs, 501 evals, 405 steps, improv/step: 0.464 (last = 1.0000), fitness=10.688603800
6890.77 secs, 502 evals, 406 steps, improv/step: 0.463 (last = 0.0000), fitness=10.688603800
6905.02 secs, 503 evals, 407 steps, improv/step: 0.462 (last = 0.0000), fitness=10.688603800
6919.36 secs, 504 evals, 408 steps, improv/step: 0.461 (last = 0.0000), fitness=10.688603800
6933.63 secs, 505 evals, 409 steps, improv/step: 0.462 (last = 1.0000), fitness=10.688603800
6948.02 secs, 506 evals, 410 steps, improv/step: 0.463 (last = 1.0000), fitness=10.688603800
6962.37 secs, 507 evals, 411 steps, improv/step: 0.465 (last = 1.0000), fitness=10.688603800
6976.69 secs, 508 evals, 412 steps, improv/step: 0.464 (last = 0.0000), fitness=10.688603800
6991.04 secs, 509 evals, 413 steps, improv/step: 0.465 (last = 1.0000), fitness=10.688603800
7005.31 secs, 510 evals, 414 steps, improv/step: 0.464 (last = 0.0000), fitness=10.688603800
7019.55 secs, 511 evals, 415 steps, improv/step: 0.463 (last = 0.0000), fitness=10.688603800
7033.81 secs, 512 evals, 416 steps, improv/step: 0.462 (last = 0.0000), fitness=10.688603800
7048.23 secs, 513 evals, 417 steps, improv/step: 0.460 (last = 0.0000), fitness=10.688603800
7062.37 secs, 514 evals, 418 steps, improv/step: 0.459 (last = 0.0000), fitness=10.688603800
7076.78 secs, 515 evals, 419 steps, improv/step: 0.461 (last = 1.0000), fitness=10.688603800
7091.15 secs, 516 evals, 420 steps, improv/step: 0.460 (last = 0.0000), fitness=10.688603800
7105.49 secs, 517 evals, 421 steps, improv/step: 0.461 (last = 1.0000), fitness=10.688603800
7119.89 secs, 518 evals, 422 steps, improv/step: 0.460 (last = 0.0000), fitness=10.688603800
7134.27 secs, 519 evals, 423 steps, improv/step: 0.461 (last = 1.0000), fitness=10.688603800
7148.57 secs, 520 evals, 424 steps, improv/step: 0.460 (last = 0.0000), fitness=10.688603800
7162.88 secs, 521 evals, 425 steps, improv/step: 0.461 (last = 1.0000), fitness=10.688603800
7177.20 secs, 522 evals, 426 steps, improv/step: 0.462 (last = 1.0000), fitness=10.688603800
7191.56 secs, 523 evals, 427 steps, improv/step: 0.461 (last = 0.0000), fitness=10.688603800
7206.00 secs, 524 evals, 428 steps, improv/step: 0.463 (last = 1.0000), fitness=10.688603800
7220.29 secs, 525 evals, 429 steps, improv/step: 0.462 (last = 0.0000), fitness=10.688603800
7234.67 secs, 526 evals, 430 steps, improv/step: 0.463 (last = 1.0000), fitness=10.688603800
7249.08 secs, 527 evals, 431 steps, improv/step: 0.464 (last = 1.0000), fitness=10.688603800
7263.44 secs, 528 evals, 432 steps, improv/step: 0.463 (last = 0.0000), fitness=10.688603800
7277.79 secs, 529 evals, 433 steps, improv/step: 0.464 (last = 1.0000), fitness=10.688603800
7292.19 secs, 530 evals, 434 steps, improv/step: 0.465 (last = 1.0000), fitness=10.688603800
7306.69 secs, 531 evals, 435 steps, improv/step: 0.467 (last = 1.0000), fitness=10.688603800
7321.02 secs, 532 evals, 436 steps, improv/step: 0.468 (last = 1.0000), fitness=10.688603800
7335.39 secs, 533 evals, 437 steps, improv/step: 0.467 (last = 0.0000), fitness=10.688603800
7349.71 secs, 534 evals, 438 steps, improv/step: 0.468 (last = 1.0000), fitness=10.688603800
7364.01 secs, 535 evals, 439 steps, improv/step: 0.467 (last = 0.0000), fitness=10.688603800
7378.37 secs, 536 evals, 440 steps, improv/step: 0.466 (last = 0.0000), fitness=10.688603800
7392.82 secs, 537 evals, 441 steps, improv/step: 0.465 (last = 0.0000), fitness=10.688603800
7407.38 secs, 538 evals, 442 steps, improv/step: 0.466 (last = 1.0000), fitness=10.688603800
7421.79 secs, 539 evals, 443 steps, improv/step: 0.465 (last = 0.0000), fitness=10.688603800
7436.20 secs, 540 evals, 444 steps, improv/step: 0.464 (last = 0.0000), fitness=10.688603800
7450.60 secs, 541 evals, 445 steps, improv/step: 0.463 (last = 0.0000), fitness=10.688603800
7465.06 secs, 542 evals, 446 steps, improv/step: 0.462 (last = 0.0000), fitness=10.688603800
7479.40 secs, 543 evals, 447 steps, improv/step: 0.463 (last = 1.0000), fitness=10.688603800
7493.67 secs, 544 evals, 448 steps, improv/step: 0.462 (last = 0.0000), fitness=10.688603800
7507.99 secs, 545 evals, 449 steps, improv/step: 0.463 (last = 1.0000), fitness=10.688603800
7522.25 secs, 546 evals, 450 steps, improv/step: 0.462 (last = 0.0000), fitness=10.688603800
7536.67 secs, 547 evals, 451 steps, improv/step: 0.461 (last = 0.0000), fitness=10.688603800
7551.06 secs, 548 evals, 452 steps, improv/step: 0.460 (last = 0.0000), fitness=10.688603800
7565.47 secs, 549 evals, 453 steps, improv/step: 0.461 (last = 1.0000), fitness=10.688603800
7579.98 secs, 550 evals, 454 steps, improv/step: 0.460 (last = 0.0000), fitness=10.688603800
7594.32 secs, 551 evals, 455 steps, improv/step: 0.459 (last = 0.0000), fitness=10.688603800
7608.62 secs, 552 evals, 456 steps, improv/step: 0.458 (last = 0.0000), fitness=10.688603800
7623.02 secs, 553 evals, 457 steps, improv/step: 0.457 (last = 0.0000), fitness=10.688603800
7637.47 secs, 554 evals, 458 steps, improv/step: 0.459 (last = 1.0000), fitness=10.688603800
7651.79 secs, 555 evals, 459 steps, improv/step: 0.458 (last = 0.0000), fitness=10.688603800
7666.03 secs, 556 evals, 460 steps, improv/step: 0.457 (last = 0.0000), fitness=10.688603800
7680.35 secs, 557 evals, 461 steps, improv/step: 0.458 (last = 1.0000), fitness=10.688603800
7694.74 secs, 558 evals, 462 steps, improv/step: 0.457 (last = 0.0000), fitness=10.688603800
7709.07 secs, 559 evals, 463 steps, improv/step: 0.456 (last = 0.0000), fitness=10.688603800
7723.41 secs, 560 evals, 464 steps, improv/step: 0.455 (last = 0.0000), fitness=10.688603800
7737.75 secs, 561 evals, 465 steps, improv/step: 0.454 (last = 0.0000), fitness=10.688603800
7752.05 secs, 562 evals, 466 steps, improv/step: 0.455 (last = 1.0000), fitness=10.688603800
7766.42 secs, 563 evals, 467 steps, improv/step: 0.454 (last = 0.0000), fitness=10.688603800
7780.76 secs, 564 evals, 468 steps, improv/step: 0.453 (last = 0.0000), fitness=10.688603800
7795.09 secs, 565 evals, 469 steps, improv/step: 0.454 (last = 1.0000), fitness=10.688603800
7809.39 secs, 566 evals, 470 steps, improv/step: 0.453 (last = 0.0000), fitness=10.688603800
7823.80 secs, 567 evals, 471 steps, improv/step: 0.452 (last = 0.0000), fitness=10.688603800
7838.23 secs, 568 evals, 472 steps, improv/step: 0.451 (last = 0.0000), fitness=10.688603800
7852.61 secs, 569 evals, 473 steps, improv/step: 0.452 (last = 1.0000), fitness=10.688603800
7867.01 secs, 570 evals, 474 steps, improv/step: 0.454 (last = 1.0000), fitness=10.688603800
7881.28 secs, 571 evals, 475 steps, improv/step: 0.453 (last = 0.0000), fitness=10.688603800
7895.57 secs, 572 evals, 476 steps, improv/step: 0.452 (last = 0.0000), fitness=10.688603800
7909.92 secs, 573 evals, 477 steps, improv/step: 0.451 (last = 0.0000), fitness=10.688603800
7924.29 secs, 574 evals, 478 steps, improv/step: 0.450 (last = 0.0000), fitness=10.688603800
7938.68 secs, 575 evals, 479 steps, improv/step: 0.451 (last = 1.0000), fitness=10.688603800
7953.02 secs, 576 evals, 480 steps, improv/step: 0.450 (last = 0.0000), fitness=10.688603800
7967.38 secs, 577 evals, 481 steps, improv/step: 0.451 (last = 1.0000), fitness=10.688603800
7981.66 secs, 578 evals, 482 steps, improv/step: 0.452 (last = 1.0000), fitness=10.688603800
7995.98 secs, 579 evals, 483 steps, improv/step: 0.453 (last = 1.0000), fitness=10.688603800
8010.35 secs, 580 evals, 484 steps, improv/step: 0.455 (last = 1.0000), fitness=10.688603800
8024.61 secs, 581 evals, 485 steps, improv/step: 0.454 (last = 0.0000), fitness=10.688603800
8038.99 secs, 582 evals, 486 steps, improv/step: 0.453 (last = 0.0000), fitness=10.688603800
8053.47 secs, 583 evals, 487 steps, improv/step: 0.452 (last = 0.0000), fitness=10.688603800
8067.90 secs, 584 evals, 488 steps, improv/step: 0.453 (last = 1.0000), fitness=10.688603800
8082.26 secs, 585 evals, 489 steps, improv/step: 0.452 (last = 0.0000), fitness=10.688603800
8096.68 secs, 586 evals, 490 steps, improv/step: 0.451 (last = 0.0000), fitness=10.688603800
8111.04 secs, 587 evals, 491 steps, improv/step: 0.452 (last = 1.0000), fitness=10.688603800
8125.31 secs, 588 evals, 492 steps, improv/step: 0.451 (last = 0.0000), fitness=10.688603800
8139.68 secs, 589 evals, 493 steps, improv/step: 0.450 (last = 0.0000), fitness=10.688603800
8154.04 secs, 590 evals, 494 steps, improv/step: 0.449 (last = 0.0000), fitness=10.688603800
8168.41 secs, 591 evals, 495 steps, improv/step: 0.448 (last = 0.0000), fitness=10.688603800
8182.81 secs, 592 evals, 496 steps, improv/step: 0.450 (last = 1.0000), fitness=10.688603800
8197.17 secs, 593 evals, 497 steps, improv/step: 0.449 (last = 0.0000), fitness=10.688603800
8211.49 secs, 594 evals, 498 steps, improv/step: 0.448 (last = 0.0000), fitness=10.688603800
8225.82 secs, 595 evals, 499 steps, improv/step: 0.449 (last = 1.0000), fitness=10.688603800
8240.23 secs, 596 evals, 500 steps, improv/step: 0.450 (last = 1.0000), fitness=10.688603800
8254.56 secs, 597 evals, 501 steps, improv/step: 0.449 (last = 0.0000), fitness=10.688603800
8268.87 secs, 598 evals, 502 steps, improv/step: 0.448 (last = 0.0000), fitness=10.688603800
8283.32 secs, 599 evals, 503 steps, improv/step: 0.447 (last = 0.0000), fitness=10.688603800
8297.71 secs, 600 evals, 504 steps, improv/step: 0.446 (last = 0.0000), fitness=10.688603800
8312.09 secs, 601 evals, 505 steps, improv/step: 0.446 (last = 0.0000), fitness=10.688603800
8326.46 secs, 602 evals, 506 steps, improv/step: 0.445 (last = 0.0000), fitness=10.688603800
8340.88 secs, 603 evals, 507 steps, improv/step: 0.446 (last = 1.0000), fitness=10.688603800
8355.22 secs, 604 evals, 508 steps, improv/step: 0.447 (last = 1.0000), fitness=10.688603800
8369.62 secs, 605 evals, 509 steps, improv/step: 0.448 (last = 1.0000), fitness=10.688603800
8384.08 secs, 606 evals, 510 steps, improv/step: 0.447 (last = 0.0000), fitness=10.688603800
8398.41 secs, 607 evals, 511 steps, improv/step: 0.448 (last = 1.0000), fitness=10.688603800
8412.70 secs, 608 evals, 512 steps, improv/step: 0.449 (last = 1.0000), fitness=10.688603800
8427.00 secs, 609 evals, 513 steps, improv/step: 0.450 (last = 1.0000), fitness=10.688603800
8441.28 secs, 610 evals, 514 steps, improv/step: 0.449 (last = 0.0000), fitness=10.688603800
8455.63 secs, 611 evals, 515 steps, improv/step: 0.449 (last = 0.0000), fitness=10.688603800
8469.95 secs, 612 evals, 516 steps, improv/step: 0.448 (last = 0.0000), fitness=10.688603800
8484.30 secs, 613 evals, 517 steps, improv/step: 0.447 (last = 0.0000), fitness=10.688603800
8498.70 secs, 614 evals, 518 steps, improv/step: 0.446 (last = 0.0000), fitness=10.688603800
8513.08 secs, 615 evals, 519 steps, improv/step: 0.445 (last = 0.0000), fitness=10.688603800
8527.49 secs, 616 evals, 520 steps, improv/step: 0.446 (last = 1.0000), fitness=10.688603800
8541.93 secs, 617 evals, 521 steps, improv/step: 0.447 (last = 1.0000), fitness=10.688603800
8556.39 secs, 618 evals, 522 steps, improv/step: 0.448 (last = 1.0000), fitness=10.688603800
8570.73 secs, 619 evals, 523 steps, improv/step: 0.447 (last = 0.0000), fitness=10.688603800
8585.19 secs, 620 evals, 524 steps, improv/step: 0.448 (last = 1.0000), fitness=10.688603800
8599.48 secs, 621 evals, 525 steps, improv/step: 0.448 (last = 0.0000), fitness=10.688603800
8613.82 secs, 622 evals, 526 steps, improv/step: 0.449 (last = 1.0000), fitness=10.688603800
8628.13 secs, 623 evals, 527 steps, improv/step: 0.448 (last = 0.0000), fitness=10.688603800
8642.53 secs, 624 evals, 528 steps, improv/step: 0.447 (last = 0.0000), fitness=10.688603800
8656.92 secs, 625 evals, 529 steps, improv/step: 0.446 (last = 0.0000), fitness=10.688603800
8671.33 secs, 626 evals, 530 steps, improv/step: 0.447 (last = 1.0000), fitness=10.688603800
8685.64 secs, 627 evals, 531 steps, improv/step: 0.446 (last = 0.0000), fitness=10.688603800
8699.97 secs, 628 evals, 532 steps, improv/step: 0.445 (last = 0.0000), fitness=10.688603800
8714.36 secs, 629 evals, 533 steps, improv/step: 0.445 (last = 0.0000), fitness=10.688603800
8728.68 secs, 630 evals, 534 steps, improv/step: 0.444 (last = 0.0000), fitness=10.688603800
8743.09 secs, 631 evals, 535 steps, improv/step: 0.443 (last = 0.0000), fitness=10.688603800
8757.37 secs, 632 evals, 536 steps, improv/step: 0.442 (last = 0.0000), fitness=10.688603800
8771.71 secs, 633 evals, 537 steps, improv/step: 0.441 (last = 0.0000), fitness=10.688603800
8786.09 secs, 634 evals, 538 steps, improv/step: 0.441 (last = 0.0000), fitness=10.688603800
8800.51 secs, 635 evals, 539 steps, improv/step: 0.440 (last = 0.0000), fitness=10.688603800
8814.98 secs, 636 evals, 540 steps, improv/step: 0.441 (last = 1.0000), fitness=10.688603800
8829.36 secs, 637 evals, 541 steps, improv/step: 0.440 (last = 0.0000), fitness=10.688603800
8843.81 secs, 638 evals, 542 steps, improv/step: 0.439 (last = 0.0000), fitness=10.688603800
8858.14 secs, 639 evals, 543 steps, improv/step: 0.440 (last = 1.0000), fitness=10.688603800
8872.49 secs, 640 evals, 544 steps, improv/step: 0.439 (last = 0.0000), fitness=10.688603800
8886.81 secs, 641 evals, 545 steps, improv/step: 0.439 (last = 0.0000), fitness=10.688603800
8901.08 secs, 642 evals, 546 steps, improv/step: 0.440 (last = 1.0000), fitness=10.688603800
8915.40 secs, 643 evals, 547 steps, improv/step: 0.439 (last = 0.0000), fitness=10.688603800
8929.68 secs, 644 evals, 548 steps, improv/step: 0.438 (last = 0.0000), fitness=10.688603800
8944.07 secs, 645 evals, 549 steps, improv/step: 0.437 (last = 0.0000), fitness=10.688603800
8958.49 secs, 646 evals, 550 steps, improv/step: 0.436 (last = 0.0000), fitness=10.688603800
8972.86 secs, 647 evals, 551 steps, improv/step: 0.437 (last = 1.0000), fitness=10.688603800
8987.28 secs, 648 evals, 552 steps, improv/step: 0.437 (last = 0.0000), fitness=10.688603800
9001.58 secs, 649 evals, 553 steps, improv/step: 0.436 (last = 0.0000), fitness=10.688603800
9015.94 secs, 650 evals, 554 steps, improv/step: 0.435 (last = 0.0000), fitness=10.688603800
9030.38 secs, 651 evals, 555 steps, improv/step: 0.436 (last = 1.0000), fitness=10.688603800
9044.86 secs, 652 evals, 556 steps, improv/step: 0.435 (last = 0.0000), fitness=10.688603800
9059.23 secs, 653 evals, 557 steps, improv/step: 0.436 (last = 1.0000), fitness=10.688603800
9073.60 secs, 654 evals, 558 steps, improv/step: 0.437 (last = 1.0000), fitness=10.688603800
9088.00 secs, 655 evals, 559 steps, improv/step: 0.436 (last = 0.0000), fitness=10.688603800
9102.34 secs, 656 evals, 560 steps, improv/step: 0.438 (last = 1.0000), fitness=10.688603800
9116.68 secs, 657 evals, 561 steps, improv/step: 0.437 (last = 0.0000), fitness=10.688603800
9130.98 secs, 658 evals, 562 steps, improv/step: 0.436 (last = 0.0000), fitness=10.688603800
9145.33 secs, 659 evals, 563 steps, improv/step: 0.437 (last = 1.0000), fitness=10.688603800
9159.66 secs, 660 evals, 564 steps, improv/step: 0.436 (last = 0.0000), fitness=10.688603800
9174.00 secs, 661 evals, 565 steps, improv/step: 0.435 (last = 0.0000), fitness=10.688603800
9188.42 secs, 662 evals, 566 steps, improv/step: 0.436 (last = 1.0000), fitness=10.688603800
9202.80 secs, 663 evals, 567 steps, improv/step: 0.436 (last = 0.0000), fitness=10.688603800
9217.19 secs, 664 evals, 568 steps, improv/step: 0.437 (last = 1.0000), fitness=10.688603800
9231.51 secs, 665 evals, 569 steps, improv/step: 0.436 (last = 0.0000), fitness=10.688603800
9245.98 secs, 666 evals, 570 steps, improv/step: 0.437 (last = 1.0000), fitness=10.688603800
9260.32 secs, 667 evals, 571 steps, improv/step: 0.436 (last = 0.0000), fitness=10.688603800
9274.68 secs, 668 evals, 572 steps, improv/step: 0.435 (last = 0.0000), fitness=10.688603800
9289.10 secs, 669 evals, 573 steps, improv/step: 0.436 (last = 1.0000), fitness=10.688603800
9303.48 secs, 670 evals, 574 steps, improv/step: 0.437 (last = 1.0000), fitness=10.688603800
9317.85 secs, 671 evals, 575 steps, improv/step: 0.437 (last = 0.0000), fitness=10.688603800
9332.16 secs, 672 evals, 576 steps, improv/step: 0.436 (last = 0.0000), fitness=10.688603800
9346.52 secs, 673 evals, 577 steps, improv/step: 0.435 (last = 0.0000), fitness=10.688603800
9360.88 secs, 674 evals, 578 steps, improv/step: 0.434 (last = 0.0000), fitness=10.688603800
9375.18 secs, 675 evals, 579 steps, improv/step: 0.435 (last = 1.0000), fitness=10.688603800
9389.55 secs, 676 evals, 580 steps, improv/step: 0.434 (last = 0.0000), fitness=10.688603800
9403.93 secs, 677 evals, 581 steps, improv/step: 0.434 (last = 0.0000), fitness=10.688603800
9418.30 secs, 678 evals, 582 steps, improv/step: 0.433 (last = 0.0000), fitness=10.688603800
9432.68 secs, 679 evals, 583 steps, improv/step: 0.434 (last = 1.0000), fitness=10.688603800
9447.17 secs, 680 evals, 584 steps, improv/step: 0.433 (last = 0.0000), fitness=10.688603800
9461.51 secs, 681 evals, 585 steps, improv/step: 0.434 (last = 1.0000), fitness=10.688603800
9475.86 secs, 682 evals, 586 steps, improv/step: 0.435 (last = 1.0000), fitness=10.688603800
9490.27 secs, 683 evals, 587 steps, improv/step: 0.436 (last = 1.0000), fitness=10.688603800
9504.70 secs, 684 evals, 588 steps, improv/step: 0.437 (last = 1.0000), fitness=10.688603800
9519.10 secs, 685 evals, 589 steps, improv/step: 0.438 (last = 1.0000), fitness=10.688603800
9533.47 secs, 686 evals, 590 steps, improv/step: 0.437 (last = 0.0000), fitness=10.688603800
9547.92 secs, 687 evals, 591 steps, improv/step: 0.437 (last = 0.0000), fitness=10.688603800
9562.29 secs, 688 evals, 592 steps, improv/step: 0.438 (last = 1.0000), fitness=10.688603800
9576.62 secs, 689 evals, 593 steps, improv/step: 0.437 (last = 0.0000), fitness=10.688603800
9590.96 secs, 690 evals, 594 steps, improv/step: 0.436 (last = 0.0000), fitness=10.688603800
9605.24 secs, 691 evals, 595 steps, improv/step: 0.435 (last = 0.0000), fitness=10.688603800
9619.60 secs, 692 evals, 596 steps, improv/step: 0.436 (last = 1.0000), fitness=10.688603800
9633.86 secs, 693 evals, 597 steps, improv/step: 0.436 (last = 0.0000), fitness=10.688603800
9648.32 secs, 694 evals, 598 steps, improv/step: 0.435 (last = 0.0000), fitness=10.688603800
9662.71 secs, 695 evals, 599 steps, improv/step: 0.436 (last = 1.0000), fitness=10.688603800
9677.10 secs, 696 evals, 600 steps, improv/step: 0.437 (last = 1.0000), fitness=10.688603800
9691.54 secs, 697 evals, 601 steps, improv/step: 0.436 (last = 0.0000), fitness=10.688603800
9705.92 secs, 698 evals, 602 steps, improv/step: 0.435 (last = 0.0000), fitness=10.688603800
9720.29 secs, 699 evals, 603 steps, improv/step: 0.436 (last = 1.0000), fitness=10.688603800
9734.67 secs, 700 evals, 604 steps, improv/step: 0.437 (last = 1.0000), fitness=10.688603800
9749.09 secs, 701 evals, 605 steps, improv/step: 0.438 (last = 1.0000), fitness=10.688603800
9763.46 secs, 702 evals, 606 steps, improv/step: 0.439 (last = 1.0000), fitness=10.688603800
9777.72 secs, 703 evals, 607 steps, improv/step: 0.440 (last = 1.0000), fitness=10.688603800
9792.04 secs, 704 evals, 608 steps, improv/step: 0.439 (last = 0.0000), fitness=10.688603800
9806.31 secs, 705 evals, 609 steps, improv/step: 0.440 (last = 1.0000), fitness=10.688603800
9820.62 secs, 706 evals, 610 steps, improv/step: 0.439 (last = 0.0000), fitness=10.688603800
9835.02 secs, 707 evals, 611 steps, improv/step: 0.439 (last = 0.0000), fitness=10.688603800
9849.53 secs, 708 evals, 612 steps, improv/step: 0.440 (last = 1.0000), fitness=10.688603800
9863.93 secs, 709 evals, 613 steps, improv/step: 0.440 (last = 1.0000), fitness=10.688603800
9878.36 secs, 710 evals, 614 steps, improv/step: 0.441 (last = 1.0000), fitness=10.688603800
9892.73 secs, 711 evals, 615 steps, improv/step: 0.442 (last = 1.0000), fitness=10.688603800
9907.05 secs, 712 evals, 616 steps, improv/step: 0.442 (last = 0.0000), fitness=10.688603800
9921.45 secs, 713 evals, 617 steps, improv/step: 0.441 (last = 0.0000), fitness=10.688603800
9935.80 secs, 714 evals, 618 steps, improv/step: 0.440 (last = 0.0000), fitness=10.688603800
9950.13 secs, 715 evals, 619 steps, improv/step: 0.439 (last = 0.0000), fitness=10.688603800
9964.40 secs, 716 evals, 620 steps, improv/step: 0.440 (last = 1.0000), fitness=10.688603800
9978.74 secs, 717 evals, 621 steps, improv/step: 0.440 (last = 0.0000), fitness=10.688603800
9993.15 secs, 718 evals, 622 steps, improv/step: 0.439 (last = 0.0000), fitness=10.688603800
10007.51 secs, 719 evals, 623 steps, improv/step: 0.438 (last = 0.0000), fitness=10.688603800
10021.85 secs, 720 evals, 624 steps, improv/step: 0.438 (last = 0.0000), fitness=10.688603800
10036.24 secs, 721 evals, 625 steps, improv/step: 0.437 (last = 0.0000), fitness=10.688603800
10050.64 secs, 722 evals, 626 steps, improv/step: 0.438 (last = 1.0000), fitness=10.688603800
10065.07 secs, 723 evals, 627 steps, improv/step: 0.437 (last = 0.0000), fitness=10.688603800
10079.50 secs, 724 evals, 628 steps, improv/step: 0.438 (last = 1.0000), fitness=10.688603800
10093.88 secs, 725 evals, 629 steps, improv/step: 0.439 (last = 1.0000), fitness=10.688603800
10108.19 secs, 726 evals, 630 steps, improv/step: 0.440 (last = 1.0000), fitness=10.688603800
10122.61 secs, 727 evals, 631 steps, improv/step: 0.439 (last = 0.0000), fitness=10.688603800
10136.97 secs, 728 evals, 632 steps, improv/step: 0.438 (last = 0.0000), fitness=10.688603800
10151.35 secs, 729 evals, 633 steps, improv/step: 0.438 (last = 0.0000), fitness=10.688603800
10165.69 secs, 730 evals, 634 steps, improv/step: 0.437 (last = 0.0000), fitness=10.688603800
10180.01 secs, 731 evals, 635 steps, improv/step: 0.436 (last = 0.0000), fitness=10.688603800
10194.32 secs, 732 evals, 636 steps, improv/step: 0.437 (last = 1.0000), fitness=10.688603800
10208.60 secs, 733 evals, 637 steps, improv/step: 0.438 (last = 1.0000), fitness=10.688603800
10223.04 secs, 734 evals, 638 steps, improv/step: 0.439 (last = 1.0000), fitness=10.688603800
10237.39 secs, 735 evals, 639 steps, improv/step: 0.438 (last = 0.0000), fitness=10.688603800
10251.83 secs, 736 evals, 640 steps, improv/step: 0.439 (last = 1.0000), fitness=10.688603800
10266.25 secs, 737 evals, 641 steps, improv/step: 0.440 (last = 1.0000), fitness=10.688603800
10280.54 secs, 738 evals, 642 steps, improv/step: 0.439 (last = 0.0000), fitness=10.688603800
10294.85 secs, 739 evals, 643 steps, improv/step: 0.439 (last = 0.0000), fitness=10.688603800
10309.23 secs, 740 evals, 644 steps, improv/step: 0.438 (last = 0.0000), fitness=10.688603800
10323.65 secs, 741 evals, 645 steps, improv/step: 0.437 (last = 0.0000), fitness=10.688603800
10337.95 secs, 742 evals, 646 steps, improv/step: 0.438 (last = 1.0000), fitness=10.688603800
10352.37 secs, 743 evals, 647 steps, improv/step: 0.437 (last = 0.0000), fitness=10.688603800
10366.83 secs, 744 evals, 648 steps, improv/step: 0.438 (last = 1.0000), fitness=10.688603800
10381.27 secs, 745 evals, 649 steps, improv/step: 0.439 (last = 1.0000), fitness=10.688603800
10395.67 secs, 746 evals, 650 steps, improv/step: 0.438 (last = 0.0000), fitness=10.688603800
10410.00 secs, 747 evals, 651 steps, improv/step: 0.439 (last = 1.0000), fitness=10.688603800
10424.30 secs, 748 evals, 652 steps, improv/step: 0.440 (last = 1.0000), fitness=10.688603800
10438.58 secs, 749 evals, 653 steps, improv/step: 0.440 (last = 0.0000), fitness=10.688603800
10453.00 secs, 750 evals, 654 steps, improv/step: 0.440 (last = 1.0000), fitness=10.688603800
10467.43 secs, 751 evals, 655 steps, improv/step: 0.441 (last = 1.0000), fitness=10.688603800
10481.82 secs, 752 evals, 656 steps, improv/step: 0.441 (last = 0.0000), fitness=10.688603800
10496.17 secs, 753 evals, 657 steps, improv/step: 0.441 (last = 1.0000), fitness=10.688603800
10510.58 secs, 754 evals, 658 steps, improv/step: 0.442 (last = 1.0000), fitness=10.688603800
10524.92 secs, 755 evals, 659 steps, improv/step: 0.443 (last = 1.0000), fitness=10.688603800
10539.31 secs, 756 evals, 660 steps, improv/step: 0.444 (last = 1.0000), fitness=10.688603800
10553.77 secs, 757 evals, 661 steps, improv/step: 0.443 (last = 0.0000), fitness=10.688603800
10568.16 secs, 758 evals, 662 steps, improv/step: 0.444 (last = 1.0000), fitness=10.688603800
10582.47 secs, 759 evals, 663 steps, improv/step: 0.443 (last = 0.0000), fitness=10.688603800
10596.86 secs, 760 evals, 664 steps, improv/step: 0.444 (last = 1.0000), fitness=10.688603800
10611.19 secs, 761 evals, 665 steps, improv/step: 0.445 (last = 1.0000), fitness=10.688603800
10625.49 secs, 762 evals, 666 steps, improv/step: 0.444 (last = 0.0000), fitness=10.688603800
10639.81 secs, 763 evals, 667 steps, improv/step: 0.445 (last = 1.0000), fitness=10.688603800
10654.13 secs, 764 evals, 668 steps, improv/step: 0.445 (last = 0.0000), fitness=10.688603800
10668.60 secs, 765 evals, 669 steps, improv/step: 0.445 (last = 1.0000), fitness=10.688603800
10683.10 secs, 766 evals, 670 steps, improv/step: 0.445 (last = 0.0000), fitness=10.688603800
10697.55 secs, 767 evals, 671 steps, improv/step: 0.444 (last = 0.0000), fitness=10.688603800
10711.94 secs, 768 evals, 672 steps, improv/step: 0.445 (last = 1.0000), fitness=10.688603800
10726.24 secs, 769 evals, 673 steps, improv/step: 0.444 (last = 0.0000), fitness=10.688603800
10740.55 secs, 770 evals, 674 steps, improv/step: 0.445 (last = 1.0000), fitness=10.688603800
10754.86 secs, 771 evals, 675 steps, improv/step: 0.446 (last = 1.0000), fitness=10.688603800
10769.22 secs, 772 evals, 676 steps, improv/step: 0.447 (last = 1.0000), fitness=10.688603800
10783.64 secs, 773 evals, 677 steps, improv/step: 0.446 (last = 0.0000), fitness=10.688603800
10798.01 secs, 774 evals, 678 steps, improv/step: 0.445 (last = 0.0000), fitness=10.688603800

Optimization stopped after 679 steps and 10812.32 seconds
Termination reason: Max time (10800.0 s) reached
Steps per second = 0.06
Function evals per second = 0.07
Improvements/step = Inf
Total function evaluations = 775


Best candidate found: [0.998454, 0.00930702]

Fitness: 10.688603800

