N_Jobs_Total: 144
Starting optimization with optimizer DiffEvoOpt{FitPopulation{Float64}, RadiusLimitedSelector, BlackBoxOptim.AdaptiveDiffEvoRandBin{3}, RandomBound{ContinuousRectSearchSpace}}
0.00 secs, 0 evals, 0 steps
107.95 secs, 2 evals, 1 steps, fitness=7.938664413
252.27 secs, 4 evals, 2 steps, fitness=7.938664413
407.73 secs, 6 evals, 3 steps, fitness=7.938664413
542.61 secs, 8 evals, 4 steps, fitness=7.938664413
684.81 secs, 10 evals, 5 steps, improv/step: 0.200 (last = 1.0000), fitness=7.938664413
831.76 secs, 12 evals, 6 steps, improv/step: 0.167 (last = 0.0000), fitness=7.938664413
980.61 secs, 14 evals, 7 steps, improv/step: 0.143 (last = 0.0000), fitness=7.938664413
1110.96 secs, 16 evals, 8 steps, improv/step: 0.250 (last = 1.0000), fitness=7.938664413
1252.27 secs, 18 evals, 9 steps, improv/step: 0.333 (last = 1.0000), fitness=7.938664413
1367.58 secs, 20 evals, 10 steps, improv/step: 0.400 (last = 1.0000), fitness=7.938664413
1513.75 secs, 22 evals, 11 steps, improv/step: 0.455 (last = 1.0000), fitness=7.938664413
1654.26 secs, 24 evals, 12 steps, improv/step: 0.500 (last = 1.0000), fitness=7.938664413
1719.32 secs, 25 evals, 13 steps, improv/step: 0.538 (last = 1.0000), fitness=7.938664413
1862.20 secs, 27 evals, 14 steps, improv/step: 0.500 (last = 0.0000), fitness=7.938664413
2004.39 secs, 29 evals, 15 steps, improv/step: 0.533 (last = 1.0000), fitness=7.938664413
2145.29 secs, 31 evals, 16 steps, improv/step: 0.500 (last = 0.0000), fitness=7.938664413
2292.02 secs, 33 evals, 17 steps, improv/step: 0.529 (last = 1.0000), fitness=7.938664413
2428.34 secs, 35 evals, 18 steps, improv/step: 0.500 (last = 0.0000), fitness=7.938664413
2573.29 secs, 37 evals, 19 steps, improv/step: 0.526 (last = 1.0000), fitness=7.938664413
2699.14 secs, 39 evals, 20 steps, improv/step: 0.550 (last = 1.0000), fitness=7.938664413
2848.94 secs, 41 evals, 21 steps, improv/step: 0.524 (last = 0.0000), fitness=7.938664413
2923.55 secs, 42 evals, 22 steps, improv/step: 0.500 (last = 0.0000), fitness=7.938664413
3067.31 secs, 44 evals, 23 steps, improv/step: 0.522 (last = 1.0000), fitness=7.938664413
3173.76 secs, 46 evals, 24 steps, improv/step: 0.542 (last = 1.0000), fitness=6.498872990
3291.61 secs, 48 evals, 25 steps, improv/step: 0.520 (last = 0.0000), fitness=6.498872990
3426.18 secs, 50 evals, 26 steps, improv/step: 0.500 (last = 0.0000), fitness=6.498872990
3547.02 secs, 52 evals, 27 steps, improv/step: 0.519 (last = 1.0000), fitness=6.498872990
3630.00 secs, 54 evals, 28 steps, improv/step: 0.500 (last = 0.0000), fitness=1.391380126
3764.65 secs, 56 evals, 29 steps, improv/step: 0.483 (last = 0.0000), fitness=1.391380126
3832.52 secs, 57 evals, 30 steps, improv/step: 0.500 (last = 1.0000), fitness=1.391380126
3903.32 secs, 58 evals, 31 steps, improv/step: 0.484 (last = 0.0000), fitness=1.391380126
4009.83 secs, 60 evals, 32 steps, improv/step: 0.469 (last = 0.0000), fitness=1.391380126
4121.29 secs, 62 evals, 33 steps, improv/step: 0.455 (last = 0.0000), fitness=1.391380126
4225.99 secs, 64 evals, 34 steps, improv/step: 0.441 (last = 0.0000), fitness=1.391380126
4324.42 secs, 66 evals, 35 steps, improv/step: 0.429 (last = 0.0000), fitness=1.391380126
4384.80 secs, 67 evals, 36 steps, improv/step: 0.444 (last = 1.0000), fitness=1.391380126
4514.21 secs, 69 evals, 37 steps, improv/step: 0.432 (last = 0.0000), fitness=1.391380126
4607.05 secs, 71 evals, 38 steps, improv/step: 0.421 (last = 0.0000), fitness=1.391380126
4748.43 secs, 73 evals, 39 steps, improv/step: 0.436 (last = 1.0000), fitness=1.391380126
4867.40 secs, 75 evals, 40 steps, improv/step: 0.450 (last = 1.0000), fitness=1.391380126
5011.33 secs, 77 evals, 41 steps, improv/step: 0.463 (last = 1.0000), fitness=1.391380126
5078.72 secs, 78 evals, 42 steps, improv/step: 0.452 (last = 0.0000), fitness=1.391380126
5125.13 secs, 79 evals, 43 steps, improv/step: 0.465 (last = 1.0000), fitness=1.391380126
5257.64 secs, 81 evals, 44 steps, improv/step: 0.455 (last = 0.0000), fitness=1.391380126
5330.78 secs, 82 evals, 45 steps, improv/step: 0.444 (last = 0.0000), fitness=1.391380126
5419.34 secs, 84 evals, 46 steps, improv/step: 0.457 (last = 1.0000), fitness=1.343269930
5547.92 secs, 86 evals, 47 steps, improv/step: 0.468 (last = 1.0000), fitness=1.343269930
5672.49 secs, 88 evals, 48 steps, improv/step: 0.479 (last = 1.0000), fitness=1.343269930
5811.69 secs, 90 evals, 49 steps, improv/step: 0.490 (last = 1.0000), fitness=1.343269930
5882.04 secs, 92 evals, 50 steps, improv/step: 0.500 (last = 1.0000), fitness=1.343269930
6016.76 secs, 94 evals, 51 steps, improv/step: 0.490 (last = 0.0000), fitness=1.343269930
6155.70 secs, 96 evals, 52 steps, improv/step: 0.481 (last = 0.0000), fitness=1.343269930
6280.11 secs, 98 evals, 53 steps, improv/step: 0.491 (last = 1.0000), fitness=1.343269930
6413.24 secs, 100 evals, 54 steps, improv/step: 0.500 (last = 1.0000), fitness=1.343269930
6541.78 secs, 102 evals, 55 steps, improv/step: 0.509 (last = 1.0000), fitness=1.343269930
6670.00 secs, 104 evals, 56 steps, improv/step: 0.518 (last = 1.0000), fitness=1.343269930
6737.97 secs, 105 evals, 57 steps, improv/step: 0.509 (last = 0.0000), fitness=1.343269930
6879.65 secs, 107 evals, 58 steps, improv/step: 0.500 (last = 0.0000), fitness=1.343269930
7014.42 secs, 109 evals, 59 steps, improv/step: 0.508 (last = 1.0000), fitness=1.343269930
7154.42 secs, 111 evals, 60 steps, improv/step: 0.517 (last = 1.0000), fitness=1.343269930
7224.88 secs, 112 evals, 61 steps, improv/step: 0.508 (last = 0.0000), fitness=1.343269930
7300.29 secs, 114 evals, 62 steps, improv/step: 0.500 (last = 0.0000), fitness=1.343269930
7366.65 secs, 116 evals, 63 steps, improv/step: 0.508 (last = 1.0000), fitness=1.343269930
7386.93 secs, 117 evals, 64 steps, improv/step: 0.516 (last = 1.0000), fitness=1.343269930
7498.23 secs, 119 evals, 65 steps, improv/step: 0.508 (last = 0.0000), fitness=1.343269930
7547.47 secs, 120 evals, 66 steps, improv/step: 0.515 (last = 1.0000), fitness=1.343269930
7569.16 secs, 121 evals, 67 steps, improv/step: 0.507 (last = 0.0000), fitness=1.343269930
7652.59 secs, 123 evals, 68 steps, improv/step: 0.515 (last = 1.0000), fitness=1.343269930
7722.07 secs, 124 evals, 69 steps, improv/step: 0.507 (last = 0.0000), fitness=1.343269930
7760.13 secs, 125 evals, 70 steps, improv/step: 0.514 (last = 1.0000), fitness=1.343269930
7896.98 secs, 127 evals, 71 steps, improv/step: 0.521 (last = 1.0000), fitness=1.343269930
7993.63 secs, 129 evals, 72 steps, improv/step: 0.528 (last = 1.0000), fitness=0.629258942
8025.99 secs, 130 evals, 73 steps, improv/step: 0.534 (last = 1.0000), fitness=0.629258942
8046.90 secs, 131 evals, 74 steps, improv/step: 0.541 (last = 1.0000), fitness=0.629258942
8097.21 secs, 132 evals, 75 steps, improv/step: 0.533 (last = 0.0000), fitness=0.629258942
8165.81 secs, 133 evals, 76 steps, improv/step: 0.526 (last = 0.0000), fitness=0.629258942
8233.94 secs, 134 evals, 77 steps, improv/step: 0.519 (last = 0.0000), fitness=0.629258942
8306.62 secs, 135 evals, 78 steps, improv/step: 0.513 (last = 0.0000), fitness=0.629258942
8406.33 secs, 137 evals, 79 steps, improv/step: 0.506 (last = 0.0000), fitness=0.629258942
8497.99 secs, 139 evals, 80 steps, improv/step: 0.500 (last = 0.0000), fitness=0.629258942
8517.42 secs, 140 evals, 81 steps, improv/step: 0.506 (last = 1.0000), fitness=0.629258942
8583.80 secs, 141 evals, 82 steps, improv/step: 0.512 (last = 1.0000), fitness=0.629258942
8648.59 secs, 142 evals, 83 steps, improv/step: 0.518 (last = 1.0000), fitness=0.629258942
8781.16 secs, 144 evals, 84 steps, improv/step: 0.524 (last = 1.0000), fitness=0.629258942
8845.89 secs, 145 evals, 85 steps, improv/step: 0.518 (last = 0.0000), fitness=0.629258942
8904.52 secs, 146 evals, 86 steps, improv/step: 0.523 (last = 1.0000), fitness=0.629258942
8951.22 secs, 147 evals, 87 steps, improv/step: 0.529 (last = 1.0000), fitness=0.629258942
9002.41 secs, 148 evals, 88 steps, improv/step: 0.534 (last = 1.0000), fitness=0.629258942
9073.38 secs, 149 evals, 89 steps, improv/step: 0.528 (last = 0.0000), fitness=0.629258942
9125.21 secs, 150 evals, 90 steps, improv/step: 0.533 (last = 1.0000), fitness=0.629258942
9145.97 secs, 151 evals, 91 steps, improv/step: 0.538 (last = 1.0000), fitness=0.629258942
9285.90 secs, 153 evals, 92 steps, improv/step: 0.543 (last = 1.0000), fitness=0.629258942
9348.39 secs, 154 evals, 93 steps, improv/step: 0.538 (last = 0.0000), fitness=0.629258942
9472.79 secs, 156 evals, 94 steps, improv/step: 0.543 (last = 1.0000), fitness=0.629258942
9544.23 secs, 157 evals, 95 steps, improv/step: 0.537 (last = 0.0000), fitness=0.629258942
9586.87 secs, 158 evals, 96 steps, improv/step: 0.542 (last = 1.0000), fitness=0.629258942
9632.95 secs, 159 evals, 97 steps, improv/step: 0.546 (last = 1.0000), fitness=0.629258942
9698.17 secs, 160 evals, 98 steps, improv/step: 0.541 (last = 0.0000), fitness=0.629258942
9755.98 secs, 161 evals, 99 steps, improv/step: 0.545 (last = 1.0000), fitness=0.629258942
9775.47 secs, 162 evals, 100 steps, improv/step: 0.540 (last = 0.0000), fitness=0.629258942
9818.51 secs, 163 evals, 101 steps, improv/step: 0.535 (last = 0.0000), fitness=0.629258942
9944.48 secs, 165 evals, 102 steps, improv/step: 0.529 (last = 0.0000), fitness=0.629258942
10001.84 secs, 166 evals, 103 steps, improv/step: 0.534 (last = 1.0000), fitness=0.629258942
10022.80 secs, 167 evals, 104 steps, improv/step: 0.538 (last = 1.0000), fitness=0.629258942
10077.57 secs, 168 evals, 105 steps, improv/step: 0.533 (last = 0.0000), fitness=0.629258942
10120.86 secs, 170 evals, 106 steps, improv/step: 0.528 (last = 0.0000), fitness=0.629258942
10182.42 secs, 171 evals, 107 steps, improv/step: 0.523 (last = 0.0000), fitness=0.629258942
10316.67 secs, 173 evals, 108 steps, improv/step: 0.519 (last = 0.0000), fitness=0.629258942
10384.25 secs, 174 evals, 109 steps, improv/step: 0.514 (last = 0.0000), fitness=0.629258942
10428.73 secs, 175 evals, 110 steps, improv/step: 0.518 (last = 1.0000), fitness=0.629258942
10452.91 secs, 176 evals, 111 steps, improv/step: 0.514 (last = 0.0000), fitness=0.629258942
10536.73 secs, 178 evals, 112 steps, improv/step: 0.509 (last = 0.0000), fitness=0.629258942
10655.98 secs, 180 evals, 113 steps, improv/step: 0.504 (last = 0.0000), fitness=0.629258942
10717.24 secs, 181 evals, 114 steps, improv/step: 0.500 (last = 0.0000), fitness=0.629258942
10783.41 secs, 182 evals, 115 steps, improv/step: 0.496 (last = 0.0000), fitness=0.629258942

Optimization stopped after 116 steps and 10841.89 seconds
Termination reason: Max time (10800.0 s) reached
Steps per second = 0.01
Function evals per second = 0.02
Improvements/step = Inf
Total function evaluations = 184


Best candidate found: [0.0691097, 0.603328]

Fitness: 0.629258942

