N_Jobs_Total: 144
Starting optimization with optimizer DiffEvoOpt{FitPopulation{Float64}, RadiusLimitedSelector, BlackBoxOptim.AdaptiveDiffEvoRandBin{3}, RandomBound{ContinuousRectSearchSpace}}
0.00 secs, 0 evals, 0 steps
588.70 secs, 2 evals, 1 steps, fitness=7.208397890
1003.96 secs, 4 evals, 2 steps, improv/step: 0.500 (last = 1.0000), fitness=7.208397890
1608.83 secs, 6 evals, 3 steps, improv/step: 0.667 (last = 1.0000), fitness=7.208397890
2173.64 secs, 8 evals, 4 steps, improv/step: 0.500 (last = 0.0000), fitness=7.208397890
2698.23 secs, 10 evals, 5 steps, improv/step: 0.400 (last = 0.0000), fitness=7.208397890
3330.64 secs, 12 evals, 6 steps, improv/step: 0.333 (last = 0.0000), fitness=7.208397890
3880.16 secs, 14 evals, 7 steps, improv/step: 0.429 (last = 1.0000), fitness=7.208397890
4443.36 secs, 16 evals, 8 steps, improv/step: 0.375 (last = 0.0000), fitness=7.208397890
5001.08 secs, 18 evals, 9 steps, improv/step: 0.333 (last = 0.0000), fitness=7.208397890
5559.82 secs, 20 evals, 10 steps, improv/step: 0.300 (last = 0.0000), fitness=7.208397890
6120.85 secs, 22 evals, 11 steps, improv/step: 0.273 (last = 0.0000), fitness=7.208397890
6677.74 secs, 24 evals, 12 steps, improv/step: 0.250 (last = 0.0000), fitness=7.208397890
7251.83 secs, 26 evals, 13 steps, improv/step: 0.308 (last = 1.0000), fitness=7.208397890
7776.34 secs, 28 evals, 14 steps, improv/step: 0.357 (last = 1.0000), fitness=7.208397890
8026.33 secs, 29 evals, 15 steps, improv/step: 0.400 (last = 1.0000), fitness=7.208397890
8158.94 secs, 30 evals, 16 steps, improv/step: 0.375 (last = 0.0000), fitness=7.208397890
8634.15 secs, 32 evals, 17 steps, improv/step: 0.353 (last = 0.0000), fitness=7.208397890
8983.01 secs, 34 evals, 18 steps, improv/step: 0.389 (last = 1.0000), fitness=2.505100265
9442.77 secs, 36 evals, 19 steps, improv/step: 0.368 (last = 0.0000), fitness=2.505100265
9940.73 secs, 38 evals, 20 steps, improv/step: 0.350 (last = 0.0000), fitness=2.505100265
10470.65 secs, 40 evals, 21 steps, improv/step: 0.381 (last = 1.0000), fitness=2.505100265

Optimization stopped after 22 steps and 10956.87 seconds
Termination reason: Max time (10800.0 s) reached
Steps per second = 0.00
Function evals per second = 0.00
Improvements/step = Inf
Total function evaluations = 42


Best candidate found: [0.748965, 0.937401]

Fitness: 2.505100265

