N_Jobs_Total: 144
Starting optimization with optimizer DiffEvoOpt{FitPopulation{Float64}, RadiusLimitedSelector, BlackBoxOptim.AdaptiveDiffEvoRandBin{3}, RandomBound{ContinuousRectSearchSpace}}
0.00 secs, 0 evals, 0 steps
428.97 secs, 2 evals, 1 steps, improv/step: 1.000 (last = 1.0000), fitness=19.014788228
1025.04 secs, 4 evals, 2 steps, improv/step: 1.000 (last = 1.0000), fitness=19.014788228
1289.85 secs, 6 evals, 3 steps, improv/step: 1.000 (last = 1.0000), fitness=11.470142428
1695.71 secs, 8 evals, 4 steps, improv/step: 0.750 (last = 0.0000), fitness=11.470142428
2143.21 secs, 10 evals, 5 steps, improv/step: 0.800 (last = 1.0000), fitness=8.449774676
2669.01 secs, 12 evals, 6 steps, improv/step: 0.833 (last = 1.0000), fitness=8.449774676
2989.18 secs, 14 evals, 7 steps, improv/step: 0.857 (last = 1.0000), fitness=8.449774676
3505.90 secs, 16 evals, 8 steps, improv/step: 0.875 (last = 1.0000), fitness=8.449774676
4055.75 secs, 18 evals, 9 steps, improv/step: 0.778 (last = 0.0000), fitness=8.449774676
4610.79 secs, 20 evals, 10 steps, improv/step: 0.800 (last = 1.0000), fitness=8.449774676
5173.27 secs, 22 evals, 11 steps, improv/step: 0.727 (last = 0.0000), fitness=8.449774676
5648.38 secs, 24 evals, 12 steps, improv/step: 0.667 (last = 0.0000), fitness=4.200543823
6182.76 secs, 26 evals, 13 steps, improv/step: 0.692 (last = 1.0000), fitness=4.200543823
6392.50 secs, 28 evals, 14 steps, improv/step: 0.643 (last = 0.0000), fitness=4.156504506
6815.23 secs, 30 evals, 15 steps, improv/step: 0.667 (last = 1.0000), fitness=4.156504506
7291.29 secs, 32 evals, 16 steps, improv/step: 0.688 (last = 1.0000), fitness=4.156504506
7550.32 secs, 34 evals, 17 steps, improv/step: 0.706 (last = 1.0000), fitness=4.156504506
8009.54 secs, 36 evals, 18 steps, improv/step: 0.722 (last = 1.0000), fitness=4.156504506
8512.57 secs, 38 evals, 19 steps, improv/step: 0.737 (last = 1.0000), fitness=4.156504506
8761.63 secs, 39 evals, 20 steps, improv/step: 0.700 (last = 0.0000), fitness=4.156504506
9011.73 secs, 40 evals, 21 steps, improv/step: 0.714 (last = 1.0000), fitness=4.156504506
9256.01 secs, 41 evals, 22 steps, improv/step: 0.682 (last = 0.0000), fitness=4.156504506
9657.37 secs, 43 evals, 23 steps, improv/step: 0.652 (last = 0.0000), fitness=4.156504506
9795.23 secs, 44 evals, 24 steps, improv/step: 0.625 (last = 0.0000), fitness=4.156504506
9964.12 secs, 46 evals, 25 steps, improv/step: 0.600 (last = 0.0000), fitness=4.156504506
10373.61 secs, 48 evals, 26 steps, improv/step: 0.615 (last = 1.0000), fitness=4.156504506
10464.31 secs, 49 evals, 27 steps, improv/step: 0.593 (last = 0.0000), fitness=4.156504506

Optimization stopped after 28 steps and 10907.74 seconds
Termination reason: Max time (10800.0 s) reached
Steps per second = 0.00
Function evals per second = 0.00
Improvements/step = Inf
Total function evaluations = 51


Best candidate found: [0.389722, 0.98506]

Fitness: 4.156504506

