N_Jobs_Total: 144
Starting optimization with optimizer DiffEvoOpt{FitPopulation{Float64}, RadiusLimitedSelector, BlackBoxOptim.AdaptiveDiffEvoRandBin{3}, RandomBound{ContinuousRectSearchSpace}}
0.00 secs, 0 evals, 0 steps
487.54 secs, 2 evals, 1 steps, fitness=12.561182208
844.98 secs, 4 evals, 2 steps, improv/step: 0.500 (last = 1.0000), fitness=7.134291766
1056.70 secs, 5 evals, 3 steps, improv/step: 0.333 (last = 0.0000), fitness=7.134291766
1391.92 secs, 7 evals, 4 steps, improv/step: 0.500 (last = 1.0000), fitness=7.134291766
1802.46 secs, 9 evals, 5 steps, improv/step: 0.600 (last = 1.0000), fitness=6.807337705
2233.21 secs, 11 evals, 6 steps, improv/step: 0.667 (last = 1.0000), fitness=6.709654971
2680.81 secs, 13 evals, 7 steps, improv/step: 0.714 (last = 1.0000), fitness=6.709654971
3096.54 secs, 15 evals, 8 steps, improv/step: 0.625 (last = 0.0000), fitness=5.541893785
3538.33 secs, 17 evals, 9 steps, improv/step: 0.667 (last = 1.0000), fitness=5.541893785
3976.30 secs, 19 evals, 10 steps, improv/step: 0.700 (last = 1.0000), fitness=5.541893785
4347.71 secs, 21 evals, 11 steps, improv/step: 0.636 (last = 0.0000), fitness=4.469927866
4631.72 secs, 23 evals, 12 steps, improv/step: 0.667 (last = 1.0000), fitness=4.469927866
4982.00 secs, 25 evals, 13 steps, improv/step: 0.615 (last = 0.0000), fitness=4.469927866
5279.90 secs, 27 evals, 14 steps, improv/step: 0.643 (last = 1.0000), fitness=4.469927866
5600.21 secs, 29 evals, 15 steps, improv/step: 0.600 (last = 0.0000), fitness=4.469927866
5964.39 secs, 31 evals, 16 steps, improv/step: 0.562 (last = 0.0000), fitness=4.469927866
6372.29 secs, 33 evals, 17 steps, improv/step: 0.588 (last = 1.0000), fitness=4.134322995
6773.30 secs, 35 evals, 18 steps, improv/step: 0.611 (last = 1.0000), fitness=4.134322995
7069.67 secs, 37 evals, 19 steps, improv/step: 0.632 (last = 1.0000), fitness=4.134322995
7457.82 secs, 39 evals, 20 steps, improv/step: 0.600 (last = 0.0000), fitness=4.134322995
7839.17 secs, 41 evals, 21 steps, improv/step: 0.619 (last = 1.0000), fitness=4.102709443
8271.56 secs, 43 evals, 22 steps, improv/step: 0.591 (last = 0.0000), fitness=4.102709443
8476.69 secs, 44 evals, 23 steps, improv/step: 0.565 (last = 0.0000), fitness=4.102709443
8779.64 secs, 46 evals, 24 steps, improv/step: 0.542 (last = 0.0000), fitness=4.102709443
9192.10 secs, 48 evals, 25 steps, improv/step: 0.520 (last = 0.0000), fitness=4.102709443
9590.46 secs, 50 evals, 26 steps, improv/step: 0.500 (last = 0.0000), fitness=4.102709443
9976.95 secs, 52 evals, 27 steps, improv/step: 0.481 (last = 0.0000), fitness=4.102709443
10237.55 secs, 54 evals, 28 steps, improv/step: 0.500 (last = 1.0000), fitness=4.102709443
10436.71 secs, 55 evals, 29 steps, improv/step: 0.483 (last = 0.0000), fitness=4.102709443
10623.10 secs, 56 evals, 30 steps, improv/step: 0.467 (last = 0.0000), fitness=4.102709443

Optimization stopped after 31 steps and 11006.77 seconds
Termination reason: Max time (10800.0 s) reached
Steps per second = 0.00
Function evals per second = 0.01
Improvements/step = Inf
Total function evaluations = 58


Best candidate found: [0.359659, 0.820204]

Fitness: 4.102709443

