N_Jobs_Total: 144
Starting optimization with optimizer DiffEvoOpt{FitPopulation{Float64}, RadiusLimitedSelector, BlackBoxOptim.AdaptiveDiffEvoRandBin{3}, RandomBound{ContinuousRectSearchSpace}}
0.00 secs, 0 evals, 0 steps
144.27 secs, 2 evals, 1 steps, improv/step: 1.000 (last = 1.0000), fitness=34.983568220
252.06 secs, 4 evals, 2 steps, improv/step: 1.000 (last = 1.0000), fitness=5.490485914
403.30 secs, 6 evals, 3 steps, improv/step: 1.000 (last = 1.0000), fitness=5.490485914
566.39 secs, 8 evals, 4 steps, improv/step: 0.750 (last = 0.0000), fitness=5.490485914
736.55 secs, 10 evals, 5 steps, improv/step: 0.800 (last = 1.0000), fitness=5.490485914
861.23 secs, 12 evals, 6 steps, improv/step: 0.667 (last = 0.0000), fitness=5.237858734
1029.71 secs, 14 evals, 7 steps, improv/step: 0.714 (last = 1.0000), fitness=5.237858734
1171.71 secs, 16 evals, 8 steps, improv/step: 0.625 (last = 0.0000), fitness=5.237858734
1338.01 secs, 18 evals, 9 steps, improv/step: 0.667 (last = 1.0000), fitness=5.237858734
1465.54 secs, 20 evals, 10 steps, improv/step: 0.600 (last = 0.0000), fitness=5.237858734
1538.05 secs, 22 evals, 11 steps, improv/step: 0.636 (last = 1.0000), fitness=1.279524598
1705.07 secs, 24 evals, 12 steps, improv/step: 0.583 (last = 0.0000), fitness=1.279524598
1841.93 secs, 26 evals, 13 steps, improv/step: 0.538 (last = 0.0000), fitness=1.279524598
2001.83 secs, 28 evals, 14 steps, improv/step: 0.571 (last = 1.0000), fitness=1.279524598
2060.74 secs, 29 evals, 15 steps, improv/step: 0.533 (last = 0.0000), fitness=1.279524598
2184.21 secs, 31 evals, 16 steps, improv/step: 0.562 (last = 1.0000), fitness=1.279524598
2344.94 secs, 33 evals, 17 steps, improv/step: 0.588 (last = 1.0000), fitness=1.279524598
2422.58 secs, 34 evals, 18 steps, improv/step: 0.611 (last = 1.0000), fitness=1.279524598
2584.49 secs, 36 evals, 19 steps, improv/step: 0.632 (last = 1.0000), fitness=1.279524598
2694.73 secs, 38 evals, 20 steps, improv/step: 0.650 (last = 1.0000), fitness=1.279524598
2838.59 secs, 40 evals, 21 steps, improv/step: 0.667 (last = 1.0000), fitness=1.279524598
2914.66 secs, 42 evals, 22 steps, improv/step: 0.682 (last = 1.0000), fitness=1.279524598
3049.72 secs, 44 evals, 23 steps, improv/step: 0.696 (last = 1.0000), fitness=1.279524598
3151.08 secs, 46 evals, 24 steps, improv/step: 0.708 (last = 1.0000), fitness=1.279524598
3234.90 secs, 47 evals, 25 steps, improv/step: 0.680 (last = 0.0000), fitness=1.279524598
3389.25 secs, 49 evals, 26 steps, improv/step: 0.654 (last = 0.0000), fitness=1.279524598
3534.79 secs, 51 evals, 27 steps, improv/step: 0.630 (last = 0.0000), fitness=1.279524598
3618.65 secs, 52 evals, 28 steps, improv/step: 0.607 (last = 0.0000), fitness=1.279524598
3690.66 secs, 54 evals, 29 steps, improv/step: 0.621 (last = 1.0000), fitness=1.279524598
3851.78 secs, 56 evals, 30 steps, improv/step: 0.633 (last = 1.0000), fitness=1.279524598
3900.20 secs, 57 evals, 31 steps, improv/step: 0.613 (last = 0.0000), fitness=1.279524598
3982.59 secs, 58 evals, 32 steps, improv/step: 0.625 (last = 1.0000), fitness=1.279524598
4038.91 secs, 59 evals, 33 steps, improv/step: 0.606 (last = 0.0000), fitness=1.279524598
4174.31 secs, 61 evals, 34 steps, improv/step: 0.618 (last = 1.0000), fitness=1.279524598
4210.19 secs, 62 evals, 35 steps, improv/step: 0.629 (last = 1.0000), fitness=1.279524598
4353.89 secs, 64 evals, 36 steps, improv/step: 0.639 (last = 1.0000), fitness=1.279524598
4437.98 secs, 66 evals, 37 steps, improv/step: 0.622 (last = 0.0000), fitness=1.279524598
4518.55 secs, 67 evals, 38 steps, improv/step: 0.605 (last = 0.0000), fitness=1.279524598
4632.34 secs, 69 evals, 39 steps, improv/step: 0.590 (last = 0.0000), fitness=1.279524598
4783.00 secs, 71 evals, 40 steps, improv/step: 0.600 (last = 1.0000), fitness=1.279524598
4896.17 secs, 73 evals, 41 steps, improv/step: 0.610 (last = 1.0000), fitness=1.279524598
4972.16 secs, 74 evals, 42 steps, improv/step: 0.619 (last = 1.0000), fitness=1.279524598
5009.32 secs, 75 evals, 43 steps, improv/step: 0.628 (last = 1.0000), fitness=1.279524598
5175.93 secs, 77 evals, 44 steps, improv/step: 0.636 (last = 1.0000), fitness=1.279524598
5221.65 secs, 78 evals, 45 steps, improv/step: 0.644 (last = 1.0000), fitness=1.279524598
5277.03 secs, 79 evals, 46 steps, improv/step: 0.652 (last = 1.0000), fitness=1.279524598
5441.15 secs, 81 evals, 47 steps, improv/step: 0.638 (last = 0.0000), fitness=1.279524598
5518.54 secs, 82 evals, 48 steps, improv/step: 0.625 (last = 0.0000), fitness=1.279524598
5575.74 secs, 83 evals, 49 steps, improv/step: 0.633 (last = 1.0000), fitness=1.279524598
5641.38 secs, 84 evals, 50 steps, improv/step: 0.640 (last = 1.0000), fitness=1.279524598
5718.88 secs, 85 evals, 51 steps, improv/step: 0.627 (last = 0.0000), fitness=1.279524598
5833.64 secs, 87 evals, 52 steps, improv/step: 0.635 (last = 1.0000), fitness=1.279524598
5909.30 secs, 88 evals, 53 steps, improv/step: 0.623 (last = 0.0000), fitness=1.279524598
6042.29 secs, 90 evals, 54 steps, improv/step: 0.630 (last = 1.0000), fitness=1.279524598
6205.26 secs, 92 evals, 55 steps, improv/step: 0.618 (last = 0.0000), fitness=1.279524598
6344.90 secs, 94 evals, 56 steps, improv/step: 0.625 (last = 1.0000), fitness=1.279524598
6423.21 secs, 95 evals, 57 steps, improv/step: 0.614 (last = 0.0000), fitness=1.279524598
6556.77 secs, 97 evals, 58 steps, improv/step: 0.621 (last = 1.0000), fitness=1.279524598
6581.77 secs, 98 evals, 59 steps, improv/step: 0.610 (last = 0.0000), fitness=1.279524598
6605.97 secs, 99 evals, 60 steps, improv/step: 0.617 (last = 1.0000), fitness=1.279524598
6659.36 secs, 100 evals, 61 steps, improv/step: 0.607 (last = 0.0000), fitness=1.279524598
6683.60 secs, 101 evals, 62 steps, improv/step: 0.597 (last = 0.0000), fitness=1.279524598
6720.28 secs, 102 evals, 63 steps, improv/step: 0.603 (last = 1.0000), fitness=1.279524598
6877.52 secs, 104 evals, 64 steps, improv/step: 0.609 (last = 1.0000), fitness=1.279524598
7039.68 secs, 106 evals, 65 steps, improv/step: 0.600 (last = 0.0000), fitness=1.279524598
7116.56 secs, 107 evals, 66 steps, improv/step: 0.591 (last = 0.0000), fitness=1.279524598
7186.83 secs, 108 evals, 67 steps, improv/step: 0.582 (last = 0.0000), fitness=1.279524598
7211.53 secs, 109 evals, 68 steps, improv/step: 0.574 (last = 0.0000), fitness=1.279524598
7286.07 secs, 110 evals, 69 steps, improv/step: 0.580 (last = 1.0000), fitness=1.279524598
7408.06 secs, 112 evals, 70 steps, improv/step: 0.571 (last = 0.0000), fitness=1.279524598
7489.74 secs, 113 evals, 71 steps, improv/step: 0.563 (last = 0.0000), fitness=1.279524598
7553.80 secs, 114 evals, 72 steps, improv/step: 0.556 (last = 0.0000), fitness=1.279524598
7629.59 secs, 115 evals, 73 steps, improv/step: 0.562 (last = 1.0000), fitness=1.279524598
7780.06 secs, 117 evals, 74 steps, improv/step: 0.568 (last = 1.0000), fitness=1.279524598
7815.12 secs, 118 evals, 75 steps, improv/step: 0.573 (last = 1.0000), fitness=1.279524598
7918.28 secs, 120 evals, 76 steps, improv/step: 0.566 (last = 0.0000), fitness=1.213968293
8052.11 secs, 122 evals, 77 steps, improv/step: 0.571 (last = 1.0000), fitness=1.213968293
8161.38 secs, 124 evals, 78 steps, improv/step: 0.577 (last = 1.0000), fitness=1.213968293
8304.92 secs, 126 evals, 79 steps, improv/step: 0.570 (last = 0.0000), fitness=1.213968293
8375.50 secs, 127 evals, 80 steps, improv/step: 0.575 (last = 1.0000), fitness=1.213968293
8422.56 secs, 128 evals, 81 steps, improv/step: 0.568 (last = 0.0000), fitness=1.213968293
8497.85 secs, 129 evals, 82 steps, improv/step: 0.561 (last = 0.0000), fitness=1.213968293
8658.35 secs, 131 evals, 83 steps, improv/step: 0.566 (last = 1.0000), fitness=1.213968293
8825.48 secs, 133 evals, 84 steps, improv/step: 0.560 (last = 0.0000), fitness=1.213968293
8875.15 secs, 134 evals, 85 steps, improv/step: 0.565 (last = 1.0000), fitness=1.213968293
8955.87 secs, 135 evals, 86 steps, improv/step: 0.558 (last = 0.0000), fitness=1.213968293
9035.12 secs, 136 evals, 87 steps, improv/step: 0.552 (last = 0.0000), fitness=1.213968293
9079.96 secs, 137 evals, 88 steps, improv/step: 0.557 (last = 1.0000), fitness=1.213968293
9149.95 secs, 138 evals, 89 steps, improv/step: 0.551 (last = 0.0000), fitness=1.213968293
9179.43 secs, 139 evals, 90 steps, improv/step: 0.556 (last = 1.0000), fitness=1.204154973
9322.85 secs, 141 evals, 91 steps, improv/step: 0.560 (last = 1.0000), fitness=1.204154973
9397.96 secs, 142 evals, 92 steps, improv/step: 0.554 (last = 0.0000), fitness=1.204154973
9456.80 secs, 144 evals, 93 steps, improv/step: 0.559 (last = 1.0000), fitness=1.024378136
9481.92 secs, 145 evals, 94 steps, improv/step: 0.553 (last = 0.0000), fitness=1.024378136
9642.49 secs, 147 evals, 95 steps, improv/step: 0.547 (last = 0.0000), fitness=1.024378136
9717.27 secs, 148 evals, 96 steps, improv/step: 0.552 (last = 1.0000), fitness=1.024378136
9752.66 secs, 149 evals, 97 steps, improv/step: 0.546 (last = 0.0000), fitness=1.024378136
9777.91 secs, 150 evals, 98 steps, improv/step: 0.551 (last = 1.0000), fitness=1.024378136
9851.93 secs, 151 evals, 99 steps, improv/step: 0.545 (last = 0.0000), fitness=1.024378136
9889.49 secs, 152 evals, 100 steps, improv/step: 0.550 (last = 1.0000), fitness=1.024378136
10032.40 secs, 154 evals, 101 steps, improv/step: 0.545 (last = 0.0000), fitness=1.024378136
10152.55 secs, 156 evals, 102 steps, improv/step: 0.539 (last = 0.0000), fitness=1.024378136
10219.83 secs, 157 evals, 103 steps, improv/step: 0.544 (last = 1.0000), fitness=1.024378136
10374.53 secs, 159 evals, 104 steps, improv/step: 0.548 (last = 1.0000), fitness=1.024378136
10405.48 secs, 160 evals, 105 steps, improv/step: 0.552 (last = 1.0000), fitness=0.791641236
10441.47 secs, 161 evals, 106 steps, improv/step: 0.547 (last = 0.0000), fitness=0.791641236
10508.74 secs, 162 evals, 107 steps, improv/step: 0.542 (last = 0.0000), fitness=0.791641236
10532.65 secs, 163 evals, 108 steps, improv/step: 0.537 (last = 0.0000), fitness=0.791641236
10608.59 secs, 164 evals, 109 steps, improv/step: 0.541 (last = 1.0000), fitness=0.791641236
10633.87 secs, 165 evals, 110 steps, improv/step: 0.545 (last = 1.0000), fitness=0.791641236
10693.48 secs, 166 evals, 111 steps, improv/step: 0.541 (last = 0.0000), fitness=0.791641236
10744.87 secs, 167 evals, 112 steps, improv/step: 0.545 (last = 1.0000), fitness=0.791641236

Optimization stopped after 113 steps and 10816.27 seconds
Termination reason: Max time (10800.0 s) reached
Steps per second = 0.01
Function evals per second = 0.02
Improvements/step = Inf
Total function evaluations = 168


Best candidate found: [0.0696297, 0.670564]

Fitness: 0.791641236

