N_Jobs_Total: 144
Starting optimization with optimizer DiffEvoOpt{FitPopulation{Float64}, RadiusLimitedSelector, BlackBoxOptim.AdaptiveDiffEvoRandBin{3}, RandomBound{ContinuousRectSearchSpace}}
0.00 secs, 0 evals, 0 steps
213.04 secs, 2 evals, 1 steps, improv/step: 1.000 (last = 1.0000), fitness=8.482158876
531.76 secs, 4 evals, 2 steps, improv/step: 1.000 (last = 1.0000), fitness=8.482158876
863.38 secs, 6 evals, 3 steps, improv/step: 0.667 (last = 0.0000), fitness=8.482158876
1147.13 secs, 8 evals, 4 steps, improv/step: 0.500 (last = 0.0000), fitness=3.515971964
1445.73 secs, 10 evals, 5 steps, improv/step: 0.600 (last = 1.0000), fitness=3.515971964
1783.03 secs, 12 evals, 6 steps, improv/step: 0.667 (last = 1.0000), fitness=3.515971964
2082.40 secs, 14 evals, 7 steps, improv/step: 0.714 (last = 1.0000), fitness=3.515971964
2377.84 secs, 16 evals, 8 steps, improv/step: 0.750 (last = 1.0000), fitness=3.515971964
2545.14 secs, 17 evals, 9 steps, improv/step: 0.667 (last = 0.0000), fitness=3.515971964
2611.57 secs, 18 evals, 10 steps, improv/step: 0.600 (last = 0.0000), fitness=3.515971964
2721.40 secs, 19 evals, 11 steps, improv/step: 0.636 (last = 1.0000), fitness=3.515971964
2979.51 secs, 21 evals, 12 steps, improv/step: 0.667 (last = 1.0000), fitness=3.515971964
3290.67 secs, 23 evals, 13 steps, improv/step: 0.692 (last = 1.0000), fitness=3.515971964
3570.96 secs, 25 evals, 14 steps, improv/step: 0.714 (last = 1.0000), fitness=1.577405114
3870.67 secs, 27 evals, 15 steps, improv/step: 0.733 (last = 1.0000), fitness=1.577405114
4183.71 secs, 29 evals, 16 steps, improv/step: 0.750 (last = 1.0000), fitness=1.577405114
4484.04 secs, 31 evals, 17 steps, improv/step: 0.706 (last = 0.0000), fitness=1.577405114
4819.71 secs, 33 evals, 18 steps, improv/step: 0.667 (last = 0.0000), fitness=1.577405114
5092.28 secs, 35 evals, 19 steps, improv/step: 0.632 (last = 0.0000), fitness=1.577405114
5230.57 secs, 36 evals, 20 steps, improv/step: 0.600 (last = 0.0000), fitness=1.577405114
5532.10 secs, 38 evals, 21 steps, improv/step: 0.571 (last = 0.0000), fitness=1.577405114
5834.54 secs, 40 evals, 22 steps, improv/step: 0.591 (last = 1.0000), fitness=1.577405114
6143.93 secs, 42 evals, 23 steps, improv/step: 0.565 (last = 0.0000), fitness=1.577405114
6355.70 secs, 44 evals, 24 steps, improv/step: 0.583 (last = 1.0000), fitness=1.577405114
6525.27 secs, 46 evals, 25 steps, improv/step: 0.600 (last = 1.0000), fitness=1.577405114
6709.64 secs, 48 evals, 26 steps, improv/step: 0.615 (last = 1.0000), fitness=1.577405114
6970.23 secs, 50 evals, 27 steps, improv/step: 0.630 (last = 1.0000), fitness=1.577405114
7120.36 secs, 51 evals, 28 steps, improv/step: 0.607 (last = 0.0000), fitness=1.577405114
7372.99 secs, 53 evals, 29 steps, improv/step: 0.621 (last = 1.0000), fitness=1.577405114
7646.34 secs, 55 evals, 30 steps, improv/step: 0.600 (last = 0.0000), fitness=1.577405114
7799.40 secs, 56 evals, 31 steps, improv/step: 0.613 (last = 1.0000), fitness=1.577405114
8100.50 secs, 58 evals, 32 steps, improv/step: 0.625 (last = 1.0000), fitness=1.577405114
8402.53 secs, 60 evals, 33 steps, improv/step: 0.636 (last = 1.0000), fitness=1.577405114
8548.29 secs, 61 evals, 34 steps, improv/step: 0.618 (last = 0.0000), fitness=1.577405114
8704.62 secs, 63 evals, 35 steps, improv/step: 0.600 (last = 0.0000), fitness=1.577405114
8995.66 secs, 65 evals, 36 steps, improv/step: 0.611 (last = 1.0000), fitness=1.577405114
9237.27 secs, 67 evals, 37 steps, improv/step: 0.622 (last = 1.0000), fitness=1.577405114
9395.32 secs, 68 evals, 38 steps, improv/step: 0.605 (last = 0.0000), fitness=1.577405114
9583.80 secs, 70 evals, 39 steps, improv/step: 0.615 (last = 1.0000), fitness=1.577405114
9779.64 secs, 72 evals, 40 steps, improv/step: 0.625 (last = 1.0000), fitness=1.577405114
9838.19 secs, 73 evals, 41 steps, improv/step: 0.610 (last = 0.0000), fitness=1.577405114
9978.12 secs, 74 evals, 42 steps, improv/step: 0.595 (last = 0.0000), fitness=1.577405114
10149.16 secs, 76 evals, 43 steps, improv/step: 0.581 (last = 0.0000), fitness=1.577405114
10276.13 secs, 77 evals, 44 steps, improv/step: 0.591 (last = 1.0000), fitness=1.577405114
10598.52 secs, 79 evals, 45 steps, improv/step: 0.600 (last = 1.0000), fitness=1.577405114

Optimization stopped after 46 steps and 10891.85 seconds
Termination reason: Max time (10800.0 s) reached
Steps per second = 0.00
Function evals per second = 0.01
Improvements/step = Inf
Total function evaluations = 81


Best candidate found: [0.730845, 0.984035]

Fitness: 1.577405114

