N_Jobs_Total: 14700
N_Runs: 60
Job: 5636, N_Quanta: 10, epsilon: 0.62, NT_per_Second: 25, mem_slope: 0.2
Job: 5637, N_Quanta: 10, epsilon: 0.62, NT_per_Second: 50, mem_slope: 0.2
Job: 5638, N_Quanta: 10, epsilon: 0.62, NT_per_Second: 100, mem_slope: 0.2
Job: 5639, N_Quanta: 10, epsilon: 0.62, NT_per_Second: 200, mem_slope: 0.2
Job: 5640, N_Quanta: 10, epsilon: 0.62, NT_per_Second: 400, mem_slope: 0.2
Job: 5641, N_Quanta: 11, epsilon: 0.62, NT_per_Second: 10, mem_slope: 0.2
Job: 5642, N_Quanta: 11, epsilon: 0.62, NT_per_Second: 25, mem_slope: 0.2
Job: 5643, N_Quanta: 11, epsilon: 0.62, NT_per_Second: 50, mem_slope: 0.2
Job: 5644, N_Quanta: 11, epsilon: 0.62, NT_per_Second: 100, mem_slope: 0.2
Job: 5645, N_Quanta: 11, epsilon: 0.62, NT_per_Second: 200, mem_slope: 0.2
Job: 5646, N_Quanta: 11, epsilon: 0.62, NT_per_Second: 400, mem_slope: 0.2
Job: 5647, N_Quanta: 12, epsilon: 0.62, NT_per_Second: 10, mem_slope: 0.2
Job: 5648, N_Quanta: 12, epsilon: 0.62, NT_per_Second: 25, mem_slope: 0.2
Job: 5649, N_Quanta: 12, epsilon: 0.62, NT_per_Second: 50, mem_slope: 0.2
Job: 5650, N_Quanta: 12, epsilon: 0.62, NT_per_Second: 100, mem_slope: 0.2
Job: 5651, N_Quanta: 12, epsilon: 0.62, NT_per_Second: 200, mem_slope: 0.2
Job: 5652, N_Quanta: 12, epsilon: 0.62, NT_per_Second: 400, mem_slope: 0.2
Job: 5653, N_Quanta: 13, epsilon: 0.62, NT_per_Second: 10, mem_slope: 0.2
Job: 5654, N_Quanta: 13, epsilon: 0.62, NT_per_Second: 25, mem_slope: 0.2
Job: 5655, N_Quanta: 13, epsilon: 0.62, NT_per_Second: 50, mem_slope: 0.2
Job: 5656, N_Quanta: 13, epsilon: 0.62, NT_per_Second: 100, mem_slope: 0.2
Job: 5657, N_Quanta: 13, epsilon: 0.62, NT_per_Second: 200, mem_slope: 0.2
Job: 5658, N_Quanta: 13, epsilon: 0.62, NT_per_Second: 400, mem_slope: 0.2
Job: 5659, N_Quanta: 14, epsilon: 0.62, NT_per_Second: 10, mem_slope: 0.2
Job: 5660, N_Quanta: 14, epsilon: 0.62, NT_per_Second: 25, mem_slope: 0.2
Job: 5661, N_Quanta: 14, epsilon: 0.62, NT_per_Second: 50, mem_slope: 0.2
Job: 5662, N_Quanta: 14, epsilon: 0.62, NT_per_Second: 100, mem_slope: 0.2
Job: 5663, N_Quanta: 14, epsilon: 0.62, NT_per_Second: 200, mem_slope: 0.2
Job: 5664, N_Quanta: 14, epsilon: 0.62, NT_per_Second: 400, mem_slope: 0.2
Job: 5665, N_Quanta: 15, epsilon: 0.62, NT_per_Second: 10, mem_slope: 0.2
Job: 5666, N_Quanta: 15, epsilon: 0.62, NT_per_Second: 25, mem_slope: 0.2
Job: 5667, N_Quanta: 15, epsilon: 0.62, NT_per_Second: 50, mem_slope: 0.2
Job: 5668, N_Quanta: 15, epsilon: 0.62, NT_per_Second: 100, mem_slope: 0.2
Job: 5669, N_Quanta: 15, epsilon: 0.62, NT_per_Second: 200, mem_slope: 0.2
Job: 5670, N_Quanta: 15, epsilon: 0.62, NT_per_Second: 400, mem_slope: 0.2
Job: 5671, N_Quanta: 16, epsilon: 0.62, NT_per_Second: 10, mem_slope: 0.2
Job: 5672, N_Quanta: 16, epsilon: 0.62, NT_per_Second: 25, mem_slope: 0.2
Job: 5673, N_Quanta: 16, epsilon: 0.62, NT_per_Second: 50, mem_slope: 0.2
Job: 5674, N_Quanta: 16, epsilon: 0.62, NT_per_Second: 100, mem_slope: 0.2
Job: 5675, N_Quanta: 16, epsilon: 0.62, NT_per_Second: 200, mem_slope: 0.2
Job: 5676, N_Quanta: 16, epsilon: 0.62, NT_per_Second: 400, mem_slope: 0.2
Job: 5677, N_Quanta: 17, epsilon: 0.62, NT_per_Second: 10, mem_slope: 0.2
Job: 5678, N_Quanta: 17, epsilon: 0.62, NT_per_Second: 25, mem_slope: 0.2
Job: 5679, N_Quanta: 17, epsilon: 0.62, NT_per_Second: 50, mem_slope: 0.2
Job: 5680, N_Quanta: 17, epsilon: 0.62, NT_per_Second: 100, mem_slope: 0.2
Job: 5681, N_Quanta: 17, epsilon: 0.62, NT_per_Second: 200, mem_slope: 0.2
Job: 5682, N_Quanta: 17, epsilon: 0.62, NT_per_Second: 400, mem_slope: 0.2
Job: 5683, N_Quanta: 18, epsilon: 0.62, NT_per_Second: 10, mem_slope: 0.2
Job: 5684, N_Quanta: 18, epsilon: 0.62, NT_per_Second: 25, mem_slope: 0.2
Job: 5685, N_Quanta: 18, epsilon: 0.62, NT_per_Second: 50, mem_slope: 0.2
Job: 5686, N_Quanta: 18, epsilon: 0.62, NT_per_Second: 100, mem_slope: 0.2
Job: 5687, N_Quanta: 18, epsilon: 0.62, NT_per_Second: 200, mem_slope: 0.2
Job: 5688, N_Quanta: 18, epsilon: 0.62, NT_per_Second: 400, mem_slope: 0.2
Job: 5689, N_Quanta: 19, epsilon: 0.62, NT_per_Second: 10, mem_slope: 0.2
Job: 5690, N_Quanta: 19, epsilon: 0.62, NT_per_Second: 25, mem_slope: 0.2
Job: 5691, N_Quanta: 19, epsilon: 0.62, NT_per_Second: 50, mem_slope: 0.2
Job: 5692, N_Quanta: 19, epsilon: 0.62, NT_per_Second: 100, mem_slope: 0.2
Job: 5693, N_Quanta: 19, epsilon: 0.62, NT_per_Second: 200, mem_slope: 0.2
Job: 5694, N_Quanta: 19, epsilon: 0.62, NT_per_Second: 400, mem_slope: 0.2
Job: 5695, N_Quanta: 20, epsilon: 0.62, NT_per_Second: 10, mem_slope: 0.2
Job: 5696, N_Quanta: 20, epsilon: 0.62, NT_per_Second: 25, mem_slope: 0.2
Job: 5697, N_Quanta: 20, epsilon: 0.62, NT_per_Second: 50, mem_slope: 0.2
Job: 5698, N_Quanta: 20, epsilon: 0.62, NT_per_Second: 100, mem_slope: 0.2
Job: 5699, N_Quanta: 20, epsilon: 0.62, NT_per_Second: 200, mem_slope: 0.2
Job: 5700, N_Quanta: 20, epsilon: 0.62, NT_per_Second: 400, mem_slope: 0.2
Job: 5701, N_Quanta: 21, epsilon: 0.62, NT_per_Second: 10, mem_slope: 0.2
Job: 5702, N_Quanta: 21, epsilon: 0.62, NT_per_Second: 25, mem_slope: 0.2
Job: 5703, N_Quanta: 21, epsilon: 0.62, NT_per_Second: 50, mem_slope: 0.2
Job: 5704, N_Quanta: 21, epsilon: 0.62, NT_per_Second: 100, mem_slope: 0.2
Job: 5705, N_Quanta: 21, epsilon: 0.62, NT_per_Second: 200, mem_slope: 0.2
Job: 5706, N_Quanta: 21, epsilon: 0.62, NT_per_Second: 400, mem_slope: 0.2
Job: 5707, N_Quanta: 22, epsilon: 0.62, NT_per_Second: 10, mem_slope: 0.2
Job: 5708, N_Quanta: 22, epsilon: 0.62, NT_per_Second: 25, mem_slope: 0.2
Job: 5709, N_Quanta: 22, epsilon: 0.62, NT_per_Second: 50, mem_slope: 0.2
Job: 5710, N_Quanta: 22, epsilon: 0.62, NT_per_Second: 100, mem_slope: 0.2
Job: 5711, N_Quanta: 22, epsilon: 0.62, NT_per_Second: 200, mem_slope: 0.2
Job: 5712, N_Quanta: 22, epsilon: 0.62, NT_per_Second: 400, mem_slope: 0.2
Job: 5713, N_Quanta: 23, epsilon: 0.62, NT_per_Second: 10, mem_slope: 0.2
Job: 5714, N_Quanta: 23, epsilon: 0.62, NT_per_Second: 25, mem_slope: 0.2
Job: 5715, N_Quanta: 23, epsilon: 0.62, NT_per_Second: 50, mem_slope: 0.2
Job: 5716, N_Quanta: 23, epsilon: 0.62, NT_per_Second: 100, mem_slope: 0.2
Job: 5717, N_Quanta: 23, epsilon: 0.62, NT_per_Second: 200, mem_slope: 0.2
Job: 5718, N_Quanta: 23, epsilon: 0.62, NT_per_Second: 400, mem_slope: 0.2
Job: 5719, N_Quanta: 24, epsilon: 0.62, NT_per_Second: 10, mem_slope: 0.2
Job: 5720, N_Quanta: 24, epsilon: 0.62, NT_per_Second: 25, mem_slope: 0.2
Job: 5721, N_Quanta: 24, epsilon: 0.62, NT_per_Second: 50, mem_slope: 0.2
Job: 5722, N_Quanta: 24, epsilon: 0.62, NT_per_Second: 100, mem_slope: 0.2
Job: 5723, N_Quanta: 24, epsilon: 0.62, NT_per_Second: 200, mem_slope: 0.2
Job: 5724, N_Quanta: 24, epsilon: 0.62, NT_per_Second: 400, mem_slope: 0.2
Job: 5725, N_Quanta: 25, epsilon: 0.62, NT_per_Second: 10, mem_slope: 0.2
Job: 5726, N_Quanta: 25, epsilon: 0.62, NT_per_Second: 25, mem_slope: 0.2
Job: 5727, N_Quanta: 25, epsilon: 0.62, NT_per_Second: 50, mem_slope: 0.2
Job: 5728, N_Quanta: 25, epsilon: 0.62, NT_per_Second: 100, mem_slope: 0.2
Job: 5729, N_Quanta: 25, epsilon: 0.62, NT_per_Second: 200, mem_slope: 0.2
Job: 5730, N_Quanta: 25, epsilon: 0.62, NT_per_Second: 400, mem_slope: 0.2
Job: 5731, N_Quanta: 26, epsilon: 0.62, NT_per_Second: 10, mem_slope: 0.2
Job: 5732, N_Quanta: 26, epsilon: 0.62, NT_per_Second: 25, mem_slope: 0.2
Job: 5733, N_Quanta: 26, epsilon: 0.62, NT_per_Second: 50, mem_slope: 0.2
Job: 5734, N_Quanta: 26, epsilon: 0.62, NT_per_Second: 100, mem_slope: 0.2
Job: 5735, N_Quanta: 26, epsilon: 0.62, NT_per_Second: 200, mem_slope: 0.2
Job: 5736, N_Quanta: 26, epsilon: 0.62, NT_per_Second: 400, mem_slope: 0.2
Job: 5737, N_Quanta: 27, epsilon: 0.62, NT_per_Second: 10, mem_slope: 0.2
Job: 5738, N_Quanta: 27, epsilon: 0.62, NT_per_Second: 25, mem_slope: 0.2
Job: 5739, N_Quanta: 27, epsilon: 0.62, NT_per_Second: 50, mem_slope: 0.2
Job: 5740, N_Quanta: 27, epsilon: 0.62, NT_per_Second: 100, mem_slope: 0.2
Job: 5741, N_Quanta: 27, epsilon: 0.62, NT_per_Second: 200, mem_slope: 0.2
Job: 5742, N_Quanta: 27, epsilon: 0.62, NT_per_Second: 400, mem_slope: 0.2
Job: 5743, N_Quanta: 28, epsilon: 0.62, NT_per_Second: 10, mem_slope: 0.2
Job: 5744, N_Quanta: 28, epsilon: 0.62, NT_per_Second: 25, mem_slope: 0.2
Job: 5745, N_Quanta: 28, epsilon: 0.62, NT_per_Second: 50, mem_slope: 0.2
Job: 5746, N_Quanta: 28, epsilon: 0.62, NT_per_Second: 100, mem_slope: 0.2
Job: 5747, N_Quanta: 28, epsilon: 0.62, NT_per_Second: 200, mem_slope: 0.2
Job: 5748, N_Quanta: 28, epsilon: 0.62, NT_per_Second: 400, mem_slope: 0.2
Job: 5749, N_Quanta: 29, epsilon: 0.62, NT_per_Second: 10, mem_slope: 0.2
Job: 5750, N_Quanta: 29, epsilon: 0.62, NT_per_Second: 25, mem_slope: 0.2
Job: 5751, N_Quanta: 29, epsilon: 0.62, NT_per_Second: 50, mem_slope: 0.2
Job: 5752, N_Quanta: 29, epsilon: 0.62, NT_per_Second: 100, mem_slope: 0.2
Job: 5753, N_Quanta: 29, epsilon: 0.62, NT_per_Second: 200, mem_slope: 0.2
Job: 5754, N_Quanta: 29, epsilon: 0.62, NT_per_Second: 400, mem_slope: 0.2
Job: 5755, N_Quanta: 30, epsilon: 0.62, NT_per_Second: 10, mem_slope: 0.2
Job: 5756, N_Quanta: 30, epsilon: 0.62, NT_per_Second: 25, mem_slope: 0.2
Job: 5757, N_Quanta: 30, epsilon: 0.62, NT_per_Second: 50, mem_slope: 0.2
Job: 5758, N_Quanta: 30, epsilon: 0.62, NT_per_Second: 100, mem_slope: 0.2
Job: 5759, N_Quanta: 30, epsilon: 0.62, NT_per_Second: 200, mem_slope: 0.2
Job: 5760, N_Quanta: 30, epsilon: 0.62, NT_per_Second: 400, mem_slope: 0.2
Job: 5761, N_Quanta: 31, epsilon: 0.62, NT_per_Second: 10, mem_slope: 0.2
Job: 5762, N_Quanta: 31, epsilon: 0.62, NT_per_Second: 25, mem_slope: 0.2
Job: 5763, N_Quanta: 31, epsilon: 0.62, NT_per_Second: 50, mem_slope: 0.2
Job: 5764, N_Quanta: 31, epsilon: 0.62, NT_per_Second: 100, mem_slope: 0.2
Job: 5765, N_Quanta: 31, epsilon: 0.62, NT_per_Second: 200, mem_slope: 0.2
Job: 5766, N_Quanta: 31, epsilon: 0.62, NT_per_Second: 400, mem_slope: 0.2
Job: 5767, N_Quanta: 32, epsilon: 0.62, NT_per_Second: 10, mem_slope: 0.2
Job: 5768, N_Quanta: 32, epsilon: 0.62, NT_per_Second: 25, mem_slope: 0.2
Job: 5769, N_Quanta: 32, epsilon: 0.62, NT_per_Second: 50, mem_slope: 0.2
Job: 5770, N_Quanta: 32, epsilon: 0.62, NT_per_Second: 100, mem_slope: 0.2
Job: 5771, N_Quanta: 32, epsilon: 0.62, NT_per_Second: 200, mem_slope: 0.2
Job: 5772, N_Quanta: 32, epsilon: 0.62, NT_per_Second: 400, mem_slope: 0.2
Job: 5773, N_Quanta: 33, epsilon: 0.62, NT_per_Second: 10, mem_slope: 0.2
Job: 5774, N_Quanta: 33, epsilon: 0.62, NT_per_Second: 25, mem_slope: 0.2
Job: 5775, N_Quanta: 33, epsilon: 0.62, NT_per_Second: 50, mem_slope: 0.2
Job: 5776, N_Quanta: 33, epsilon: 0.62, NT_per_Second: 100, mem_slope: 0.2
Job: 5777, N_Quanta: 33, epsilon: 0.62, NT_per_Second: 200, mem_slope: 0.2
Job: 5778, N_Quanta: 33, epsilon: 0.62, NT_per_Second: 400, mem_slope: 0.2
Job: 5779, N_Quanta: 34, epsilon: 0.62, NT_per_Second: 10, mem_slope: 0.2
Job: 5780, N_Quanta: 34, epsilon: 0.62, NT_per_Second: 25, mem_slope: 0.2
Job: 5781, N_Quanta: 34, epsilon: 0.62, NT_per_Second: 50, mem_slope: 0.2
Job: 5782, N_Quanta: 34, epsilon: 0.62, NT_per_Second: 100, mem_slope: 0.2
Job: 5783, N_Quanta: 34, epsilon: 0.62, NT_per_Second: 200, mem_slope: 0.2
Job: 5784, N_Quanta: 34, epsilon: 0.62, NT_per_Second: 400, mem_slope: 0.2
Job: 5785, N_Quanta: 35, epsilon: 0.62, NT_per_Second: 10, mem_slope: 0.2
Job: 5786, N_Quanta: 35, epsilon: 0.62, NT_per_Second: 25, mem_slope: 0.2
Job: 5787, N_Quanta: 35, epsilon: 0.62, NT_per_Second: 50, mem_slope: 0.2
Job: 5788, N_Quanta: 35, epsilon: 0.62, NT_per_Second: 100, mem_slope: 0.2
Job: 5789, N_Quanta: 35, epsilon: 0.62, NT_per_Second: 200, mem_slope: 0.2
Job: 5790, N_Quanta: 35, epsilon: 0.62, NT_per_Second: 400, mem_slope: 0.2
Job: 5791, N_Quanta: 36, epsilon: 0.62, NT_per_Second: 10, mem_slope: 0.2
Job: 5792, N_Quanta: 36, epsilon: 0.62, NT_per_Second: 25, mem_slope: 0.2
Job: 5793, N_Quanta: 36, epsilon: 0.62, NT_per_Second: 50, mem_slope: 0.2
Job: 5794, N_Quanta: 36, epsilon: 0.62, NT_per_Second: 100, mem_slope: 0.2
Job: 5795, N_Quanta: 36, epsilon: 0.62, NT_per_Second: 200, mem_slope: 0.2
Job: 5796, N_Quanta: 36, epsilon: 0.62, NT_per_Second: 400, mem_slope: 0.2
Job: 5797, N_Quanta: 37, epsilon: 0.62, NT_per_Second: 10, mem_slope: 0.2
Job: 5798, N_Quanta: 37, epsilon: 0.62, NT_per_Second: 25, mem_slope: 0.2
Job: 5799, N_Quanta: 37, epsilon: 0.62, NT_per_Second: 50, mem_slope: 0.2
Job: 5800, N_Quanta: 37, epsilon: 0.62, NT_per_Second: 100, mem_slope: 0.2
Job: 5801, N_Quanta: 37, epsilon: 0.62, NT_per_Second: 200, mem_slope: 0.2
Job: 5802, N_Quanta: 37, epsilon: 0.62, NT_per_Second: 400, mem_slope: 0.2
Job: 5803, N_Quanta: 38, epsilon: 0.62, NT_per_Second: 10, mem_slope: 0.2
Job: 5804, N_Quanta: 38, epsilon: 0.62, NT_per_Second: 25, mem_slope: 0.2
Job: 5805, N_Quanta: 38, epsilon: 0.62, NT_per_Second: 50, mem_slope: 0.2
Job: 5806, N_Quanta: 38, epsilon: 0.62, NT_per_Second: 100, mem_slope: 0.2
Job: 5807, N_Quanta: 38, epsilon: 0.62, NT_per_Second: 200, mem_slope: 0.2
Job: 5808, N_Quanta: 38, epsilon: 0.62, NT_per_Second: 400, mem_slope: 0.2
Job: 5809, N_Quanta: 39, epsilon: 0.62, NT_per_Second: 10, mem_slope: 0.2
Job: 5810, N_Quanta: 39, epsilon: 0.62, NT_per_Second: 25, mem_slope: 0.2
Job: 5811, N_Quanta: 39, epsilon: 0.62, NT_per_Second: 50, mem_slope: 0.2
Job: 5812, N_Quanta: 39, epsilon: 0.62, NT_per_Second: 100, mem_slope: 0.2
Job: 5813, N_Quanta: 39, epsilon: 0.62, NT_per_Second: 200, mem_slope: 0.2
Job: 5814, N_Quanta: 39, epsilon: 0.62, NT_per_Second: 400, mem_slope: 0.2
Job: 5815, N_Quanta: 40, epsilon: 0.62, NT_per_Second: 10, mem_slope: 0.2
Job: 5816, N_Quanta: 40, epsilon: 0.62, NT_per_Second: 25, mem_slope: 0.2
Job: 5817, N_Quanta: 40, epsilon: 0.62, NT_per_Second: 50, mem_slope: 0.2
Job: 5818, N_Quanta: 40, epsilon: 0.62, NT_per_Second: 100, mem_slope: 0.2
Job: 5819, N_Quanta: 40, epsilon: 0.62, NT_per_Second: 200, mem_slope: 0.2
Job: 5820, N_Quanta: 40, epsilon: 0.62, NT_per_Second: 400, mem_slope: 0.2
Job: 5821, N_Quanta: 41, epsilon: 0.62, NT_per_Second: 10, mem_slope: 0.2
Job: 5822, N_Quanta: 41, epsilon: 0.62, NT_per_Second: 25, mem_slope: 0.2
Job: 5823, N_Quanta: 41, epsilon: 0.62, NT_per_Second: 50, mem_slope: 0.2
Job: 5824, N_Quanta: 41, epsilon: 0.62, NT_per_Second: 100, mem_slope: 0.2
Job: 5825, N_Quanta: 41, epsilon: 0.62, NT_per_Second: 200, mem_slope: 0.2
Job: 5826, N_Quanta: 41, epsilon: 0.62, NT_per_Second: 400, mem_slope: 0.2
Job: 5827, N_Quanta: 42, epsilon: 0.62, NT_per_Second: 10, mem_slope: 0.2
Job: 5828, N_Quanta: 42, epsilon: 0.62, NT_per_Second: 25, mem_slope: 0.2
Job: 5829, N_Quanta: 42, epsilon: 0.62, NT_per_Second: 50, mem_slope: 0.2
Job: 5830, N_Quanta: 42, epsilon: 0.62, NT_per_Second: 100, mem_slope: 0.2
Job: 5831, N_Quanta: 42, epsilon: 0.62, NT_per_Second: 200, mem_slope: 0.2
Job: 5832, N_Quanta: 42, epsilon: 0.62, NT_per_Second: 400, mem_slope: 0.2
Job: 5833, N_Quanta: 43, epsilon: 0.62, NT_per_Second: 10, mem_slope: 0.2
Job: 5834, N_Quanta: 43, epsilon: 0.62, NT_per_Second: 25, mem_slope: 0.2
Job: 5835, N_Quanta: 43, epsilon: 0.62, NT_per_Second: 50, mem_slope: 0.2
Job: 5836, N_Quanta: 43, epsilon: 0.62, NT_per_Second: 100, mem_slope: 0.2
Job: 5837, N_Quanta: 43, epsilon: 0.62, NT_per_Second: 200, mem_slope: 0.2
Job: 5838, N_Quanta: 43, epsilon: 0.62, NT_per_Second: 400, mem_slope: 0.2
Job: 5839, N_Quanta: 44, epsilon: 0.62, NT_per_Second: 10, mem_slope: 0.2
Job: 5840, N_Quanta: 44, epsilon: 0.62, NT_per_Second: 25, mem_slope: 0.2
Job: 5841, N_Quanta: 44, epsilon: 0.62, NT_per_Second: 50, mem_slope: 0.2
Job: 5842, N_Quanta: 44, epsilon: 0.62, NT_per_Second: 100, mem_slope: 0.2
Job: 5843, N_Quanta: 44, epsilon: 0.62, NT_per_Second: 200, mem_slope: 0.2
Job: 5844, N_Quanta: 44, epsilon: 0.62, NT_per_Second: 400, mem_slope: 0.2
Job: 5845, N_Quanta: 45, epsilon: 0.62, NT_per_Second: 10, mem_slope: 0.2
Job: 5846, N_Quanta: 45, epsilon: 0.62, NT_per_Second: 25, mem_slope: 0.2
Job: 5847, N_Quanta: 45, epsilon: 0.62, NT_per_Second: 50, mem_slope: 0.2
Job: 5848, N_Quanta: 45, epsilon: 0.62, NT_per_Second: 100, mem_slope: 0.2
Job: 5849, N_Quanta: 45, epsilon: 0.62, NT_per_Second: 200, mem_slope: 0.2
Job: 5850, N_Quanta: 45, epsilon: 0.62, NT_per_Second: 400, mem_slope: 0.2
Job: 5851, N_Quanta: 46, epsilon: 0.62, NT_per_Second: 10, mem_slope: 0.2
Job: 5852, N_Quanta: 46, epsilon: 0.62, NT_per_Second: 25, mem_slope: 0.2
Job: 5853, N_Quanta: 46, epsilon: 0.62, NT_per_Second: 50, mem_slope: 0.2
Job: 5854, N_Quanta: 46, epsilon: 0.62, NT_per_Second: 100, mem_slope: 0.2
Job: 5855, N_Quanta: 46, epsilon: 0.62, NT_per_Second: 200, mem_slope: 0.2
Job: 5856, N_Quanta: 46, epsilon: 0.62, NT_per_Second: 400, mem_slope: 0.2
Job: 5857, N_Quanta: 47, epsilon: 0.62, NT_per_Second: 10, mem_slope: 0.2
Job: 5858, N_Quanta: 47, epsilon: 0.62, NT_per_Second: 25, mem_slope: 0.2
Job: 5859, N_Quanta: 47, epsilon: 0.62, NT_per_Second: 50, mem_slope: 0.2
Job: 5860, N_Quanta: 47, epsilon: 0.62, NT_per_Second: 100, mem_slope: 0.2
Job: 5861, N_Quanta: 47, epsilon: 0.62, NT_per_Second: 200, mem_slope: 0.2
Job: 5862, N_Quanta: 47, epsilon: 0.62, NT_per_Second: 400, mem_slope: 0.2
Job: 5863, N_Quanta: 48, epsilon: 0.62, NT_per_Second: 10, mem_slope: 0.2
Job: 5864, N_Quanta: 48, epsilon: 0.62, NT_per_Second: 25, mem_slope: 0.2
Job: 5865, N_Quanta: 48, epsilon: 0.62, NT_per_Second: 50, mem_slope: 0.2
Job: 5866, N_Quanta: 48, epsilon: 0.62, NT_per_Second: 100, mem_slope: 0.2
Job: 5867, N_Quanta: 48, epsilon: 0.62, NT_per_Second: 200, mem_slope: 0.2
Job: 5868, N_Quanta: 48, epsilon: 0.62, NT_per_Second: 400, mem_slope: 0.2
Job: 5869, N_Quanta: 49, epsilon: 0.62, NT_per_Second: 10, mem_slope: 0.2
Job: 5870, N_Quanta: 49, epsilon: 0.62, NT_per_Second: 25, mem_slope: 0.2
Job: 5871, N_Quanta: 49, epsilon: 0.62, NT_per_Second: 50, mem_slope: 0.2
Job: 5872, N_Quanta: 49, epsilon: 0.62, NT_per_Second: 100, mem_slope: 0.2
Job: 5873, N_Quanta: 49, epsilon: 0.62, NT_per_Second: 200, mem_slope: 0.2
Job: 5874, N_Quanta: 49, epsilon: 0.62, NT_per_Second: 400, mem_slope: 0.2
Job: 5875, N_Quanta: 50, epsilon: 0.62, NT_per_Second: 10, mem_slope: 0.2
Job: 5876, N_Quanta: 50, epsilon: 0.62, NT_per_Second: 25, mem_slope: 0.2
Job: 5877, N_Quanta: 50, epsilon: 0.62, NT_per_Second: 50, mem_slope: 0.2
Job: 5878, N_Quanta: 50, epsilon: 0.62, NT_per_Second: 100, mem_slope: 0.2
Job: 5879, N_Quanta: 50, epsilon: 0.62, NT_per_Second: 200, mem_slope: 0.2
Job: 5880, N_Quanta: 50, epsilon: 0.62, NT_per_Second: 400, mem_slope: 0.2
