N_Jobs_Total: 144
Starting optimization with optimizer DiffEvoOpt{FitPopulation{Float64}, RadiusLimitedSelector, BlackBoxOptim.AdaptiveDiffEvoRandBin{3}, RandomBound{ContinuousRectSearchSpace}}
0.00 secs, 0 evals, 0 steps
360.60 secs, 2 evals, 1 steps, improv/step: 1.000 (last = 1.0000), fitness=122.990808629
641.26 secs, 4 evals, 2 steps, improv/step: 0.500 (last = 0.0000), fitness=31.186477094
905.77 secs, 6 evals, 3 steps, improv/step: 0.667 (last = 1.0000), fitness=31.186477094
1144.98 secs, 8 evals, 4 steps, improv/step: 0.750 (last = 1.0000), fitness=5.332096403
1460.52 secs, 10 evals, 5 steps, improv/step: 0.600 (last = 0.0000), fitness=5.332096403
1785.58 secs, 12 evals, 6 steps, improv/step: 0.500 (last = 0.0000), fitness=5.332096403
2025.77 secs, 14 evals, 7 steps, improv/step: 0.429 (last = 0.0000), fitness=1.375585499
2363.88 secs, 16 evals, 8 steps, improv/step: 0.375 (last = 0.0000), fitness=1.375585499
2615.21 secs, 18 evals, 9 steps, improv/step: 0.333 (last = 0.0000), fitness=1.375585499
2931.59 secs, 20 evals, 10 steps, improv/step: 0.400 (last = 1.0000), fitness=1.375585499
3193.55 secs, 22 evals, 11 steps, improv/step: 0.455 (last = 1.0000), fitness=1.375585499
3455.49 secs, 24 evals, 12 steps, improv/step: 0.500 (last = 1.0000), fitness=1.375585499
3632.64 secs, 26 evals, 13 steps, improv/step: 0.538 (last = 1.0000), fitness=1.375585499
3827.79 secs, 28 evals, 14 steps, improv/step: 0.500 (last = 0.0000), fitness=1.375585499
4069.53 secs, 30 evals, 15 steps, improv/step: 0.533 (last = 1.0000), fitness=1.375585499
4370.01 secs, 32 evals, 16 steps, improv/step: 0.500 (last = 0.0000), fitness=1.375585499
4650.34 secs, 34 evals, 17 steps, improv/step: 0.529 (last = 1.0000), fitness=1.375585499
4944.79 secs, 36 evals, 18 steps, improv/step: 0.556 (last = 1.0000), fitness=1.375585499
5220.19 secs, 38 evals, 19 steps, improv/step: 0.579 (last = 1.0000), fitness=1.375585499
5508.46 secs, 40 evals, 20 steps, improv/step: 0.600 (last = 1.0000), fitness=1.375585499
5800.68 secs, 42 evals, 21 steps, improv/step: 0.571 (last = 0.0000), fitness=1.375585499
6062.28 secs, 44 evals, 22 steps, improv/step: 0.545 (last = 0.0000), fitness=1.375585499
6233.55 secs, 46 evals, 23 steps, improv/step: 0.522 (last = 0.0000), fitness=1.375585499
6418.97 secs, 48 evals, 24 steps, improv/step: 0.542 (last = 1.0000), fitness=1.375585499
6687.27 secs, 50 evals, 25 steps, improv/step: 0.560 (last = 1.0000), fitness=1.375585499
6823.93 secs, 51 evals, 26 steps, improv/step: 0.538 (last = 0.0000), fitness=1.375585499
7099.65 secs, 53 evals, 27 steps, improv/step: 0.556 (last = 1.0000), fitness=1.375585499
7398.85 secs, 55 evals, 28 steps, improv/step: 0.536 (last = 0.0000), fitness=1.375585499
7532.70 secs, 56 evals, 29 steps, improv/step: 0.517 (last = 0.0000), fitness=1.375585499
7750.17 secs, 58 evals, 30 steps, improv/step: 0.500 (last = 0.0000), fitness=1.375585499
7838.99 secs, 60 evals, 31 steps, improv/step: 0.484 (last = 0.0000), fitness=1.375585499
7975.72 secs, 61 evals, 32 steps, improv/step: 0.469 (last = 0.0000), fitness=1.375585499
8100.02 secs, 63 evals, 33 steps, improv/step: 0.485 (last = 1.0000), fitness=1.250380406
8369.64 secs, 65 evals, 34 steps, improv/step: 0.471 (last = 0.0000), fitness=1.250380406
8414.16 secs, 66 evals, 35 steps, improv/step: 0.457 (last = 0.0000), fitness=1.250380406
8549.13 secs, 67 evals, 36 steps, improv/step: 0.444 (last = 0.0000), fitness=1.250380406
8814.92 secs, 69 evals, 37 steps, improv/step: 0.459 (last = 1.0000), fitness=1.250380406
9105.81 secs, 71 evals, 38 steps, improv/step: 0.447 (last = 0.0000), fitness=1.250380406
9407.88 secs, 73 evals, 39 steps, improv/step: 0.462 (last = 1.0000), fitness=1.250380406
9691.35 secs, 75 evals, 40 steps, improv/step: 0.450 (last = 0.0000), fitness=1.250380406
9968.05 secs, 77 evals, 41 steps, improv/step: 0.439 (last = 0.0000), fitness=1.250380406
10127.11 secs, 79 evals, 42 steps, improv/step: 0.452 (last = 1.0000), fitness=1.250380406
10399.74 secs, 81 evals, 43 steps, improv/step: 0.465 (last = 1.0000), fitness=1.250380406
10442.60 secs, 82 evals, 44 steps, improv/step: 0.477 (last = 1.0000), fitness=1.250380406
10704.03 secs, 84 evals, 45 steps, improv/step: 0.467 (last = 0.0000), fitness=1.250380406

Optimization stopped after 46 steps and 10976.40 seconds
Termination reason: Max time (10800.0 s) reached
Steps per second = 0.00
Function evals per second = 0.01
Improvements/step = Inf
Total function evaluations = 86


Best candidate found: [0.0582865, 0.622741]

Fitness: 1.250380406

