N_Jobs_Total: 144
Starting optimization with optimizer DiffEvoOpt{FitPopulation{Float64}, RadiusLimitedSelector, BlackBoxOptim.AdaptiveDiffEvoRandBin{3}, RandomBound{ContinuousRectSearchSpace}}
0.00 secs, 0 evals, 0 steps
384.74 secs, 2 evals, 1 steps, improv/step: 1.000 (last = 1.0000), fitness=17.475958007
1039.71 secs, 4 evals, 2 steps, improv/step: 1.000 (last = 1.0000), fitness=17.475958007
1594.71 secs, 6 evals, 3 steps, improv/step: 1.000 (last = 1.0000), fitness=17.475958007
2170.42 secs, 8 evals, 4 steps, improv/step: 0.750 (last = 0.0000), fitness=17.475958007
2741.59 secs, 10 evals, 5 steps, improv/step: 0.800 (last = 1.0000), fitness=17.475958007
3124.99 secs, 12 evals, 6 steps, improv/step: 0.667 (last = 0.0000), fitness=17.475958007
3682.34 secs, 14 evals, 7 steps, improv/step: 0.571 (last = 0.0000), fitness=15.444728561
4199.38 secs, 16 evals, 8 steps, improv/step: 0.625 (last = 1.0000), fitness=15.444728561
4603.99 secs, 18 evals, 9 steps, improv/step: 0.556 (last = 0.0000), fitness=15.444728561
5005.19 secs, 20 evals, 10 steps, improv/step: 0.500 (last = 0.0000), fitness=15.444728561
5460.11 secs, 22 evals, 11 steps, improv/step: 0.545 (last = 1.0000), fitness=6.018390711
5744.15 secs, 23 evals, 12 steps, improv/step: 0.583 (last = 1.0000), fitness=6.018390711
6271.10 secs, 25 evals, 13 steps, improv/step: 0.538 (last = 0.0000), fitness=6.018390711
6697.55 secs, 27 evals, 14 steps, improv/step: 0.500 (last = 0.0000), fitness=4.653138470
6893.86 secs, 29 evals, 15 steps, improv/step: 0.467 (last = 0.0000), fitness=4.653138470
7238.27 secs, 31 evals, 16 steps, improv/step: 0.438 (last = 0.0000), fitness=4.653138470
7779.84 secs, 33 evals, 17 steps, improv/step: 0.412 (last = 0.0000), fitness=4.653138470
8291.21 secs, 35 evals, 18 steps, improv/step: 0.389 (last = 0.0000), fitness=4.653138470
8847.76 secs, 37 evals, 19 steps, improv/step: 0.421 (last = 1.0000), fitness=4.653138470
9377.02 secs, 39 evals, 20 steps, improv/step: 0.450 (last = 1.0000), fitness=4.653138470
9584.85 secs, 40 evals, 21 steps, improv/step: 0.476 (last = 1.0000), fitness=4.653138470
10144.30 secs, 42 evals, 22 steps, improv/step: 0.500 (last = 1.0000), fitness=4.653138470
10407.23 secs, 43 evals, 23 steps, improv/step: 0.478 (last = 0.0000), fitness=4.653138470
10616.81 secs, 44 evals, 24 steps, improv/step: 0.500 (last = 1.0000), fitness=4.653138470

Optimization stopped after 25 steps and 11125.95 seconds
Termination reason: Max time (10800.0 s) reached
Steps per second = 0.00
Function evals per second = 0.00
Improvements/step = Inf
Total function evaluations = 46


Best candidate found: [0.123885, 0.335325]

Fitness: 4.653138470

