N_Jobs_Total: 19502
N_Runs: 98
Job: 9201, N_Quanta: 45, epsilon: 0.535, NT_per_Second: 25, mem_slope: 0.2
Job: 9202, N_Quanta: 45, epsilon: 0.535, NT_per_Second: 50, mem_slope: 0.2
Job: 9203, N_Quanta: 46, epsilon: 0.535, NT_per_Second: 25, mem_slope: 0.2
Job: 9204, N_Quanta: 46, epsilon: 0.535, NT_per_Second: 50, mem_slope: 0.2
Job: 9205, N_Quanta: 47, epsilon: 0.535, NT_per_Second: 25, mem_slope: 0.2
Job: 9206, N_Quanta: 47, epsilon: 0.535, NT_per_Second: 50, mem_slope: 0.2
Job: 9207, N_Quanta: 48, epsilon: 0.535, NT_per_Second: 25, mem_slope: 0.2
Job: 9208, N_Quanta: 48, epsilon: 0.535, NT_per_Second: 50, mem_slope: 0.2
Job: 9209, N_Quanta: 49, epsilon: 0.535, NT_per_Second: 25, mem_slope: 0.2
Job: 9210, N_Quanta: 49, epsilon: 0.535, NT_per_Second: 50, mem_slope: 0.2
Job: 9211, N_Quanta: 50, epsilon: 0.535, NT_per_Second: 25, mem_slope: 0.2
Job: 9212, N_Quanta: 50, epsilon: 0.535, NT_per_Second: 50, mem_slope: 0.2
Job: 9213, N_Quanta: 2, epsilon: 0.53, NT_per_Second: 25, mem_slope: 0.2
Job: 9214, N_Quanta: 2, epsilon: 0.53, NT_per_Second: 50, mem_slope: 0.2
Job: 9215, N_Quanta: 3, epsilon: 0.53, NT_per_Second: 25, mem_slope: 0.2
Job: 9216, N_Quanta: 3, epsilon: 0.53, NT_per_Second: 50, mem_slope: 0.2
Job: 9217, N_Quanta: 4, epsilon: 0.53, NT_per_Second: 25, mem_slope: 0.2
Job: 9218, N_Quanta: 4, epsilon: 0.53, NT_per_Second: 50, mem_slope: 0.2
Job: 9219, N_Quanta: 5, epsilon: 0.53, NT_per_Second: 25, mem_slope: 0.2
Job: 9220, N_Quanta: 5, epsilon: 0.53, NT_per_Second: 50, mem_slope: 0.2
Job: 9221, N_Quanta: 6, epsilon: 0.53, NT_per_Second: 25, mem_slope: 0.2
Job: 9222, N_Quanta: 6, epsilon: 0.53, NT_per_Second: 50, mem_slope: 0.2
Job: 9223, N_Quanta: 7, epsilon: 0.53, NT_per_Second: 25, mem_slope: 0.2
Job: 9224, N_Quanta: 7, epsilon: 0.53, NT_per_Second: 50, mem_slope: 0.2
Job: 9225, N_Quanta: 8, epsilon: 0.53, NT_per_Second: 25, mem_slope: 0.2
Job: 9226, N_Quanta: 8, epsilon: 0.53, NT_per_Second: 50, mem_slope: 0.2
Job: 9227, N_Quanta: 9, epsilon: 0.53, NT_per_Second: 25, mem_slope: 0.2
Job: 9228, N_Quanta: 9, epsilon: 0.53, NT_per_Second: 50, mem_slope: 0.2
Job: 9229, N_Quanta: 10, epsilon: 0.53, NT_per_Second: 25, mem_slope: 0.2
Job: 9230, N_Quanta: 10, epsilon: 0.53, NT_per_Second: 50, mem_slope: 0.2
Job: 9231, N_Quanta: 11, epsilon: 0.53, NT_per_Second: 25, mem_slope: 0.2
Job: 9232, N_Quanta: 11, epsilon: 0.53, NT_per_Second: 50, mem_slope: 0.2
Job: 9233, N_Quanta: 12, epsilon: 0.53, NT_per_Second: 25, mem_slope: 0.2
Job: 9234, N_Quanta: 12, epsilon: 0.53, NT_per_Second: 50, mem_slope: 0.2
Job: 9235, N_Quanta: 13, epsilon: 0.53, NT_per_Second: 25, mem_slope: 0.2
Job: 9236, N_Quanta: 13, epsilon: 0.53, NT_per_Second: 50, mem_slope: 0.2
Job: 9237, N_Quanta: 14, epsilon: 0.53, NT_per_Second: 25, mem_slope: 0.2
Job: 9238, N_Quanta: 14, epsilon: 0.53, NT_per_Second: 50, mem_slope: 0.2
Job: 9239, N_Quanta: 15, epsilon: 0.53, NT_per_Second: 25, mem_slope: 0.2
Job: 9240, N_Quanta: 15, epsilon: 0.53, NT_per_Second: 50, mem_slope: 0.2
Job: 9241, N_Quanta: 16, epsilon: 0.53, NT_per_Second: 25, mem_slope: 0.2
Job: 9242, N_Quanta: 16, epsilon: 0.53, NT_per_Second: 50, mem_slope: 0.2
Job: 9243, N_Quanta: 17, epsilon: 0.53, NT_per_Second: 25, mem_slope: 0.2
Job: 9244, N_Quanta: 17, epsilon: 0.53, NT_per_Second: 50, mem_slope: 0.2
Job: 9245, N_Quanta: 18, epsilon: 0.53, NT_per_Second: 25, mem_slope: 0.2
Job: 9246, N_Quanta: 18, epsilon: 0.53, NT_per_Second: 50, mem_slope: 0.2
Job: 9247, N_Quanta: 19, epsilon: 0.53, NT_per_Second: 25, mem_slope: 0.2
Job: 9248, N_Quanta: 19, epsilon: 0.53, NT_per_Second: 50, mem_slope: 0.2
Job: 9249, N_Quanta: 20, epsilon: 0.53, NT_per_Second: 25, mem_slope: 0.2
Job: 9250, N_Quanta: 20, epsilon: 0.53, NT_per_Second: 50, mem_slope: 0.2
Job: 9251, N_Quanta: 21, epsilon: 0.53, NT_per_Second: 25, mem_slope: 0.2
Job: 9252, N_Quanta: 21, epsilon: 0.53, NT_per_Second: 50, mem_slope: 0.2
Job: 9253, N_Quanta: 22, epsilon: 0.53, NT_per_Second: 25, mem_slope: 0.2
Job: 9254, N_Quanta: 22, epsilon: 0.53, NT_per_Second: 50, mem_slope: 0.2
Job: 9255, N_Quanta: 23, epsilon: 0.53, NT_per_Second: 25, mem_slope: 0.2
Job: 9256, N_Quanta: 23, epsilon: 0.53, NT_per_Second: 50, mem_slope: 0.2
Job: 9257, N_Quanta: 24, epsilon: 0.53, NT_per_Second: 25, mem_slope: 0.2
Job: 9258, N_Quanta: 24, epsilon: 0.53, NT_per_Second: 50, mem_slope: 0.2
Job: 9259, N_Quanta: 25, epsilon: 0.53, NT_per_Second: 25, mem_slope: 0.2
Job: 9260, N_Quanta: 25, epsilon: 0.53, NT_per_Second: 50, mem_slope: 0.2
Job: 9261, N_Quanta: 26, epsilon: 0.53, NT_per_Second: 25, mem_slope: 0.2
Job: 9262, N_Quanta: 26, epsilon: 0.53, NT_per_Second: 50, mem_slope: 0.2
Job: 9263, N_Quanta: 27, epsilon: 0.53, NT_per_Second: 25, mem_slope: 0.2
Job: 9264, N_Quanta: 27, epsilon: 0.53, NT_per_Second: 50, mem_slope: 0.2
Job: 9265, N_Quanta: 28, epsilon: 0.53, NT_per_Second: 25, mem_slope: 0.2
Job: 9266, N_Quanta: 28, epsilon: 0.53, NT_per_Second: 50, mem_slope: 0.2
Job: 9267, N_Quanta: 29, epsilon: 0.53, NT_per_Second: 25, mem_slope: 0.2
Job: 9268, N_Quanta: 29, epsilon: 0.53, NT_per_Second: 50, mem_slope: 0.2
Job: 9269, N_Quanta: 30, epsilon: 0.53, NT_per_Second: 25, mem_slope: 0.2
Job: 9270, N_Quanta: 30, epsilon: 0.53, NT_per_Second: 50, mem_slope: 0.2
Job: 9271, N_Quanta: 31, epsilon: 0.53, NT_per_Second: 25, mem_slope: 0.2
Job: 9272, N_Quanta: 31, epsilon: 0.53, NT_per_Second: 50, mem_slope: 0.2
Job: 9273, N_Quanta: 32, epsilon: 0.53, NT_per_Second: 25, mem_slope: 0.2
Job: 9274, N_Quanta: 32, epsilon: 0.53, NT_per_Second: 50, mem_slope: 0.2
Job: 9275, N_Quanta: 33, epsilon: 0.53, NT_per_Second: 25, mem_slope: 0.2
Job: 9276, N_Quanta: 33, epsilon: 0.53, NT_per_Second: 50, mem_slope: 0.2
Job: 9277, N_Quanta: 34, epsilon: 0.53, NT_per_Second: 25, mem_slope: 0.2
Job: 9278, N_Quanta: 34, epsilon: 0.53, NT_per_Second: 50, mem_slope: 0.2
Job: 9279, N_Quanta: 35, epsilon: 0.53, NT_per_Second: 25, mem_slope: 0.2
Job: 9280, N_Quanta: 35, epsilon: 0.53, NT_per_Second: 50, mem_slope: 0.2
Job: 9281, N_Quanta: 36, epsilon: 0.53, NT_per_Second: 25, mem_slope: 0.2
Job: 9282, N_Quanta: 36, epsilon: 0.53, NT_per_Second: 50, mem_slope: 0.2
Job: 9283, N_Quanta: 37, epsilon: 0.53, NT_per_Second: 25, mem_slope: 0.2
Job: 9284, N_Quanta: 37, epsilon: 0.53, NT_per_Second: 50, mem_slope: 0.2
Job: 9285, N_Quanta: 38, epsilon: 0.53, NT_per_Second: 25, mem_slope: 0.2
Job: 9286, N_Quanta: 38, epsilon: 0.53, NT_per_Second: 50, mem_slope: 0.2
Job: 9287, N_Quanta: 39, epsilon: 0.53, NT_per_Second: 25, mem_slope: 0.2
Job: 9288, N_Quanta: 39, epsilon: 0.53, NT_per_Second: 50, mem_slope: 0.2
Job: 9289, N_Quanta: 40, epsilon: 0.53, NT_per_Second: 25, mem_slope: 0.2
Job: 9290, N_Quanta: 40, epsilon: 0.53, NT_per_Second: 50, mem_slope: 0.2
Job: 9291, N_Quanta: 41, epsilon: 0.53, NT_per_Second: 25, mem_slope: 0.2
Job: 9292, N_Quanta: 41, epsilon: 0.53, NT_per_Second: 50, mem_slope: 0.2
Job: 9293, N_Quanta: 42, epsilon: 0.53, NT_per_Second: 25, mem_slope: 0.2
Job: 9294, N_Quanta: 42, epsilon: 0.53, NT_per_Second: 50, mem_slope: 0.2
Job: 9295, N_Quanta: 43, epsilon: 0.53, NT_per_Second: 25, mem_slope: 0.2
Job: 9296, N_Quanta: 43, epsilon: 0.53, NT_per_Second: 50, mem_slope: 0.2
Job: 9297, N_Quanta: 44, epsilon: 0.53, NT_per_Second: 25, mem_slope: 0.2
Job: 9298, N_Quanta: 44, epsilon: 0.53, NT_per_Second: 50, mem_slope: 0.2
Job: 9299, N_Quanta: 45, epsilon: 0.53, NT_per_Second: 25, mem_slope: 0.2
Job: 9300, N_Quanta: 45, epsilon: 0.53, NT_per_Second: 50, mem_slope: 0.2
Job: 9301, N_Quanta: 46, epsilon: 0.53, NT_per_Second: 25, mem_slope: 0.2
Job: 9302, N_Quanta: 46, epsilon: 0.53, NT_per_Second: 50, mem_slope: 0.2
Job: 9303, N_Quanta: 47, epsilon: 0.53, NT_per_Second: 25, mem_slope: 0.2
Job: 9304, N_Quanta: 47, epsilon: 0.53, NT_per_Second: 50, mem_slope: 0.2
Job: 9305, N_Quanta: 48, epsilon: 0.53, NT_per_Second: 25, mem_slope: 0.2
Job: 9306, N_Quanta: 48, epsilon: 0.53, NT_per_Second: 50, mem_slope: 0.2
Job: 9307, N_Quanta: 49, epsilon: 0.53, NT_per_Second: 25, mem_slope: 0.2
Job: 9308, N_Quanta: 49, epsilon: 0.53, NT_per_Second: 50, mem_slope: 0.2
Job: 9309, N_Quanta: 50, epsilon: 0.53, NT_per_Second: 25, mem_slope: 0.2
Job: 9310, N_Quanta: 50, epsilon: 0.53, NT_per_Second: 50, mem_slope: 0.2
Job: 9311, N_Quanta: 2, epsilon: 0.525, NT_per_Second: 25, mem_slope: 0.2
Job: 9312, N_Quanta: 2, epsilon: 0.525, NT_per_Second: 50, mem_slope: 0.2
Job: 9313, N_Quanta: 3, epsilon: 0.525, NT_per_Second: 25, mem_slope: 0.2
Job: 9314, N_Quanta: 3, epsilon: 0.525, NT_per_Second: 50, mem_slope: 0.2
Job: 9315, N_Quanta: 4, epsilon: 0.525, NT_per_Second: 25, mem_slope: 0.2
Job: 9316, N_Quanta: 4, epsilon: 0.525, NT_per_Second: 50, mem_slope: 0.2
Job: 9317, N_Quanta: 5, epsilon: 0.525, NT_per_Second: 25, mem_slope: 0.2
Job: 9318, N_Quanta: 5, epsilon: 0.525, NT_per_Second: 50, mem_slope: 0.2
Job: 9319, N_Quanta: 6, epsilon: 0.525, NT_per_Second: 25, mem_slope: 0.2
Job: 9320, N_Quanta: 6, epsilon: 0.525, NT_per_Second: 50, mem_slope: 0.2
Job: 9321, N_Quanta: 7, epsilon: 0.525, NT_per_Second: 25, mem_slope: 0.2
Job: 9322, N_Quanta: 7, epsilon: 0.525, NT_per_Second: 50, mem_slope: 0.2
Job: 9323, N_Quanta: 8, epsilon: 0.525, NT_per_Second: 25, mem_slope: 0.2
Job: 9324, N_Quanta: 8, epsilon: 0.525, NT_per_Second: 50, mem_slope: 0.2
Job: 9325, N_Quanta: 9, epsilon: 0.525, NT_per_Second: 25, mem_slope: 0.2
Job: 9326, N_Quanta: 9, epsilon: 0.525, NT_per_Second: 50, mem_slope: 0.2
Job: 9327, N_Quanta: 10, epsilon: 0.525, NT_per_Second: 25, mem_slope: 0.2
Job: 9328, N_Quanta: 10, epsilon: 0.525, NT_per_Second: 50, mem_slope: 0.2
Job: 9329, N_Quanta: 11, epsilon: 0.525, NT_per_Second: 25, mem_slope: 0.2
Job: 9330, N_Quanta: 11, epsilon: 0.525, NT_per_Second: 50, mem_slope: 0.2
Job: 9331, N_Quanta: 12, epsilon: 0.525, NT_per_Second: 25, mem_slope: 0.2
Job: 9332, N_Quanta: 12, epsilon: 0.525, NT_per_Second: 50, mem_slope: 0.2
Job: 9333, N_Quanta: 13, epsilon: 0.525, NT_per_Second: 25, mem_slope: 0.2
Job: 9334, N_Quanta: 13, epsilon: 0.525, NT_per_Second: 50, mem_slope: 0.2
Job: 9335, N_Quanta: 14, epsilon: 0.525, NT_per_Second: 25, mem_slope: 0.2
Job: 9336, N_Quanta: 14, epsilon: 0.525, NT_per_Second: 50, mem_slope: 0.2
Job: 9337, N_Quanta: 15, epsilon: 0.525, NT_per_Second: 25, mem_slope: 0.2
Job: 9338, N_Quanta: 15, epsilon: 0.525, NT_per_Second: 50, mem_slope: 0.2
Job: 9339, N_Quanta: 16, epsilon: 0.525, NT_per_Second: 25, mem_slope: 0.2
Job: 9340, N_Quanta: 16, epsilon: 0.525, NT_per_Second: 50, mem_slope: 0.2
Job: 9341, N_Quanta: 17, epsilon: 0.525, NT_per_Second: 25, mem_slope: 0.2
Job: 9342, N_Quanta: 17, epsilon: 0.525, NT_per_Second: 50, mem_slope: 0.2
Job: 9343, N_Quanta: 18, epsilon: 0.525, NT_per_Second: 25, mem_slope: 0.2
Job: 9344, N_Quanta: 18, epsilon: 0.525, NT_per_Second: 50, mem_slope: 0.2
Job: 9345, N_Quanta: 19, epsilon: 0.525, NT_per_Second: 25, mem_slope: 0.2
Job: 9346, N_Quanta: 19, epsilon: 0.525, NT_per_Second: 50, mem_slope: 0.2
Job: 9347, N_Quanta: 20, epsilon: 0.525, NT_per_Second: 25, mem_slope: 0.2
Job: 9348, N_Quanta: 20, epsilon: 0.525, NT_per_Second: 50, mem_slope: 0.2
Job: 9349, N_Quanta: 21, epsilon: 0.525, NT_per_Second: 25, mem_slope: 0.2
Job: 9350, N_Quanta: 21, epsilon: 0.525, NT_per_Second: 50, mem_slope: 0.2
Job: 9351, N_Quanta: 22, epsilon: 0.525, NT_per_Second: 25, mem_slope: 0.2
Job: 9352, N_Quanta: 22, epsilon: 0.525, NT_per_Second: 50, mem_slope: 0.2
Job: 9353, N_Quanta: 23, epsilon: 0.525, NT_per_Second: 25, mem_slope: 0.2
Job: 9354, N_Quanta: 23, epsilon: 0.525, NT_per_Second: 50, mem_slope: 0.2
Job: 9355, N_Quanta: 24, epsilon: 0.525, NT_per_Second: 25, mem_slope: 0.2
Job: 9356, N_Quanta: 24, epsilon: 0.525, NT_per_Second: 50, mem_slope: 0.2
Job: 9357, N_Quanta: 25, epsilon: 0.525, NT_per_Second: 25, mem_slope: 0.2
Job: 9358, N_Quanta: 25, epsilon: 0.525, NT_per_Second: 50, mem_slope: 0.2
Job: 9359, N_Quanta: 26, epsilon: 0.525, NT_per_Second: 25, mem_slope: 0.2
Job: 9360, N_Quanta: 26, epsilon: 0.525, NT_per_Second: 50, mem_slope: 0.2
Job: 9361, N_Quanta: 27, epsilon: 0.525, NT_per_Second: 25, mem_slope: 0.2
Job: 9362, N_Quanta: 27, epsilon: 0.525, NT_per_Second: 50, mem_slope: 0.2
Job: 9363, N_Quanta: 28, epsilon: 0.525, NT_per_Second: 25, mem_slope: 0.2
Job: 9364, N_Quanta: 28, epsilon: 0.525, NT_per_Second: 50, mem_slope: 0.2
Job: 9365, N_Quanta: 29, epsilon: 0.525, NT_per_Second: 25, mem_slope: 0.2
Job: 9366, N_Quanta: 29, epsilon: 0.525, NT_per_Second: 50, mem_slope: 0.2
Job: 9367, N_Quanta: 30, epsilon: 0.525, NT_per_Second: 25, mem_slope: 0.2
Job: 9368, N_Quanta: 30, epsilon: 0.525, NT_per_Second: 50, mem_slope: 0.2
Job: 9369, N_Quanta: 31, epsilon: 0.525, NT_per_Second: 25, mem_slope: 0.2
Job: 9370, N_Quanta: 31, epsilon: 0.525, NT_per_Second: 50, mem_slope: 0.2
Job: 9371, N_Quanta: 32, epsilon: 0.525, NT_per_Second: 25, mem_slope: 0.2
Job: 9372, N_Quanta: 32, epsilon: 0.525, NT_per_Second: 50, mem_slope: 0.2
Job: 9373, N_Quanta: 33, epsilon: 0.525, NT_per_Second: 25, mem_slope: 0.2
Job: 9374, N_Quanta: 33, epsilon: 0.525, NT_per_Second: 50, mem_slope: 0.2
Job: 9375, N_Quanta: 34, epsilon: 0.525, NT_per_Second: 25, mem_slope: 0.2
Job: 9376, N_Quanta: 34, epsilon: 0.525, NT_per_Second: 50, mem_slope: 0.2
Job: 9377, N_Quanta: 35, epsilon: 0.525, NT_per_Second: 25, mem_slope: 0.2
Job: 9378, N_Quanta: 35, epsilon: 0.525, NT_per_Second: 50, mem_slope: 0.2
Job: 9379, N_Quanta: 36, epsilon: 0.525, NT_per_Second: 25, mem_slope: 0.2
Job: 9380, N_Quanta: 36, epsilon: 0.525, NT_per_Second: 50, mem_slope: 0.2
Job: 9381, N_Quanta: 37, epsilon: 0.525, NT_per_Second: 25, mem_slope: 0.2
Job: 9382, N_Quanta: 37, epsilon: 0.525, NT_per_Second: 50, mem_slope: 0.2
Job: 9383, N_Quanta: 38, epsilon: 0.525, NT_per_Second: 25, mem_slope: 0.2
Job: 9384, N_Quanta: 38, epsilon: 0.525, NT_per_Second: 50, mem_slope: 0.2
Job: 9385, N_Quanta: 39, epsilon: 0.525, NT_per_Second: 25, mem_slope: 0.2
Job: 9386, N_Quanta: 39, epsilon: 0.525, NT_per_Second: 50, mem_slope: 0.2
Job: 9387, N_Quanta: 40, epsilon: 0.525, NT_per_Second: 25, mem_slope: 0.2
Job: 9388, N_Quanta: 40, epsilon: 0.525, NT_per_Second: 50, mem_slope: 0.2
Job: 9389, N_Quanta: 41, epsilon: 0.525, NT_per_Second: 25, mem_slope: 0.2
Job: 9390, N_Quanta: 41, epsilon: 0.525, NT_per_Second: 50, mem_slope: 0.2
Job: 9391, N_Quanta: 42, epsilon: 0.525, NT_per_Second: 25, mem_slope: 0.2
Job: 9392, N_Quanta: 42, epsilon: 0.525, NT_per_Second: 50, mem_slope: 0.2
Job: 9393, N_Quanta: 43, epsilon: 0.525, NT_per_Second: 25, mem_slope: 0.2
Job: 9394, N_Quanta: 43, epsilon: 0.525, NT_per_Second: 50, mem_slope: 0.2
Job: 9395, N_Quanta: 44, epsilon: 0.525, NT_per_Second: 25, mem_slope: 0.2
Job: 9396, N_Quanta: 44, epsilon: 0.525, NT_per_Second: 50, mem_slope: 0.2
Job: 9397, N_Quanta: 45, epsilon: 0.525, NT_per_Second: 25, mem_slope: 0.2
Job: 9398, N_Quanta: 45, epsilon: 0.525, NT_per_Second: 50, mem_slope: 0.2
Job: 9399, N_Quanta: 46, epsilon: 0.525, NT_per_Second: 25, mem_slope: 0.2
Job: 9400, N_Quanta: 46, epsilon: 0.525, NT_per_Second: 50, mem_slope: 0.2
