N_Jobs_Total: 144
Starting optimization with optimizer DiffEvoOpt{FitPopulation{Float64}, RadiusLimitedSelector, BlackBoxOptim.AdaptiveDiffEvoRandBin{3}, RandomBound{ContinuousRectSearchSpace}}
0.00 secs, 0 evals, 0 steps
19.50 secs, 2 evals, 1 steps, fitness=3.559071134
27.98 secs, 4 evals, 2 steps, fitness=3.559071134
50.15 secs, 6 evals, 3 steps, fitness=3.007489879
69.82 secs, 8 evals, 4 steps, improv/step: 0.250 (last = 1.0000), fitness=3.007489879
89.51 secs, 10 evals, 5 steps, improv/step: 0.200 (last = 0.0000), fitness=3.007489879
113.03 secs, 12 evals, 6 steps, improv/step: 0.167 (last = 0.0000), fitness=3.007489879
135.79 secs, 14 evals, 7 steps, improv/step: 0.286 (last = 1.0000), fitness=2.028358811
158.67 secs, 16 evals, 8 steps, improv/step: 0.375 (last = 1.0000), fitness=2.028358811
176.82 secs, 18 evals, 9 steps, improv/step: 0.333 (last = 0.0000), fitness=2.028358811
200.38 secs, 20 evals, 10 steps, improv/step: 0.400 (last = 1.0000), fitness=1.691664343
207.31 secs, 22 evals, 11 steps, improv/step: 0.364 (last = 0.0000), fitness=1.691664343
214.56 secs, 23 evals, 12 steps, improv/step: 0.333 (last = 0.0000), fitness=1.691664343
238.87 secs, 25 evals, 13 steps, improv/step: 0.385 (last = 1.0000), fitness=1.691664343
250.10 secs, 26 evals, 14 steps, improv/step: 0.357 (last = 0.0000), fitness=1.691664343
272.85 secs, 28 evals, 15 steps, improv/step: 0.400 (last = 1.0000), fitness=1.691664343
293.80 secs, 30 evals, 16 steps, improv/step: 0.438 (last = 1.0000), fitness=1.691664343
305.86 secs, 31 evals, 17 steps, improv/step: 0.471 (last = 1.0000), fitness=1.691664343
322.25 secs, 33 evals, 18 steps, improv/step: 0.444 (last = 0.0000), fitness=1.691664343
337.74 secs, 35 evals, 19 steps, improv/step: 0.474 (last = 1.0000), fitness=1.691664343
361.79 secs, 37 evals, 20 steps, improv/step: 0.450 (last = 0.0000), fitness=1.691664343
382.82 secs, 39 evals, 21 steps, improv/step: 0.429 (last = 0.0000), fitness=1.691664343
405.00 secs, 41 evals, 22 steps, improv/step: 0.409 (last = 0.0000), fitness=1.691664343
429.36 secs, 43 evals, 23 steps, improv/step: 0.391 (last = 0.0000), fitness=1.691664343
454.33 secs, 45 evals, 24 steps, improv/step: 0.375 (last = 0.0000), fitness=1.691664343
478.49 secs, 47 evals, 25 steps, improv/step: 0.360 (last = 0.0000), fitness=1.691664343
503.56 secs, 49 evals, 26 steps, improv/step: 0.346 (last = 0.0000), fitness=1.691664343
527.63 secs, 51 evals, 27 steps, improv/step: 0.370 (last = 1.0000), fitness=1.691664343
543.50 secs, 53 evals, 28 steps, improv/step: 0.357 (last = 0.0000), fitness=1.691664343
568.09 secs, 55 evals, 29 steps, improv/step: 0.379 (last = 1.0000), fitness=1.691664343
591.42 secs, 57 evals, 30 steps, improv/step: 0.400 (last = 1.0000), fitness=1.691664343
616.22 secs, 59 evals, 31 steps, improv/step: 0.419 (last = 1.0000), fitness=1.691664343
628.79 secs, 60 evals, 32 steps, improv/step: 0.406 (last = 0.0000), fitness=1.691664343
653.20 secs, 62 evals, 33 steps, improv/step: 0.424 (last = 1.0000), fitness=1.691664343
663.16 secs, 63 evals, 34 steps, improv/step: 0.441 (last = 1.0000), fitness=1.691664343
675.82 secs, 64 evals, 35 steps, improv/step: 0.429 (last = 0.0000), fitness=1.691664343
693.95 secs, 66 evals, 36 steps, improv/step: 0.417 (last = 0.0000), fitness=1.691664343
718.73 secs, 68 evals, 37 steps, improv/step: 0.405 (last = 0.0000), fitness=1.691664343
743.79 secs, 70 evals, 38 steps, improv/step: 0.421 (last = 1.0000), fitness=1.691664343
754.58 secs, 71 evals, 39 steps, improv/step: 0.436 (last = 1.0000), fitness=1.691664343
764.27 secs, 72 evals, 40 steps, improv/step: 0.450 (last = 1.0000), fitness=1.691664343
787.64 secs, 74 evals, 41 steps, improv/step: 0.439 (last = 0.0000), fitness=1.691664343
811.65 secs, 76 evals, 42 steps, improv/step: 0.452 (last = 1.0000), fitness=1.691664343
835.95 secs, 78 evals, 43 steps, improv/step: 0.465 (last = 1.0000), fitness=1.691664343
860.91 secs, 80 evals, 44 steps, improv/step: 0.477 (last = 1.0000), fitness=1.691664343
869.27 secs, 82 evals, 45 steps, improv/step: 0.467 (last = 0.0000), fitness=1.691664343
878.40 secs, 84 evals, 46 steps, improv/step: 0.478 (last = 1.0000), fitness=1.691664343
901.76 secs, 86 evals, 47 steps, improv/step: 0.468 (last = 0.0000), fitness=1.691664343
925.94 secs, 88 evals, 48 steps, improv/step: 0.479 (last = 1.0000), fitness=1.691664343
948.39 secs, 90 evals, 49 steps, improv/step: 0.490 (last = 1.0000), fitness=1.691664343
971.20 secs, 92 evals, 50 steps, improv/step: 0.500 (last = 1.0000), fitness=1.691664343
992.28 secs, 94 evals, 51 steps, improv/step: 0.490 (last = 0.0000), fitness=1.691664343
1009.18 secs, 96 evals, 52 steps, improv/step: 0.481 (last = 0.0000), fitness=1.691664343
1032.59 secs, 98 evals, 53 steps, improv/step: 0.491 (last = 1.0000), fitness=1.691664343
1044.90 secs, 99 evals, 54 steps, improv/step: 0.481 (last = 0.0000), fitness=1.691664343
1065.18 secs, 101 evals, 55 steps, improv/step: 0.473 (last = 0.0000), fitness=1.691664343
1076.99 secs, 102 evals, 56 steps, improv/step: 0.464 (last = 0.0000), fitness=1.691664343
1099.28 secs, 104 evals, 57 steps, improv/step: 0.456 (last = 0.0000), fitness=1.691664343
1111.12 secs, 105 evals, 58 steps, improv/step: 0.448 (last = 0.0000), fitness=1.691664343
1133.39 secs, 107 evals, 59 steps, improv/step: 0.441 (last = 0.0000), fitness=1.691664343
1145.07 secs, 108 evals, 60 steps, improv/step: 0.433 (last = 0.0000), fitness=1.691664343
1162.24 secs, 110 evals, 61 steps, improv/step: 0.426 (last = 0.0000), fitness=1.691664343
1182.51 secs, 112 evals, 62 steps, improv/step: 0.435 (last = 1.0000), fitness=1.691664343
1207.46 secs, 114 evals, 63 steps, improv/step: 0.429 (last = 0.0000), fitness=1.691664343
1227.98 secs, 116 evals, 64 steps, improv/step: 0.438 (last = 1.0000), fitness=1.527855177
1253.04 secs, 118 evals, 65 steps, improv/step: 0.446 (last = 1.0000), fitness=1.527855177
1264.82 secs, 119 evals, 66 steps, improv/step: 0.439 (last = 0.0000), fitness=1.527855177
1276.64 secs, 120 evals, 67 steps, improv/step: 0.448 (last = 1.0000), fitness=1.527855177
1288.87 secs, 121 evals, 68 steps, improv/step: 0.441 (last = 0.0000), fitness=1.527855177
1301.18 secs, 122 evals, 69 steps, improv/step: 0.435 (last = 0.0000), fitness=1.527855177
1311.04 secs, 123 evals, 70 steps, improv/step: 0.443 (last = 1.0000), fitness=1.527855177
1326.42 secs, 125 evals, 71 steps, improv/step: 0.451 (last = 1.0000), fitness=1.527855177
1348.63 secs, 127 evals, 72 steps, improv/step: 0.458 (last = 1.0000), fitness=1.527855177
1373.53 secs, 129 evals, 73 steps, improv/step: 0.466 (last = 1.0000), fitness=1.527855177
1397.97 secs, 131 evals, 74 steps, improv/step: 0.473 (last = 1.0000), fitness=1.527855177
1418.41 secs, 133 evals, 75 steps, improv/step: 0.480 (last = 1.0000), fitness=1.527855177
1442.55 secs, 135 evals, 76 steps, improv/step: 0.487 (last = 1.0000), fitness=1.527855177
1461.60 secs, 137 evals, 77 steps, improv/step: 0.494 (last = 1.0000), fitness=1.527855177
1473.81 secs, 138 evals, 78 steps, improv/step: 0.487 (last = 0.0000), fitness=1.527855177
1485.51 secs, 139 evals, 79 steps, improv/step: 0.494 (last = 1.0000), fitness=1.527855177
1495.71 secs, 140 evals, 80 steps, improv/step: 0.487 (last = 0.0000), fitness=1.527855177
1516.05 secs, 142 evals, 81 steps, improv/step: 0.494 (last = 1.0000), fitness=1.527855177
1526.50 secs, 143 evals, 82 steps, improv/step: 0.488 (last = 0.0000), fitness=1.527855177
1550.11 secs, 145 evals, 83 steps, improv/step: 0.482 (last = 0.0000), fitness=1.527855177
1573.65 secs, 147 evals, 84 steps, improv/step: 0.476 (last = 0.0000), fitness=1.527855177
1594.91 secs, 149 evals, 85 steps, improv/step: 0.482 (last = 1.0000), fitness=1.527855177
1616.66 secs, 151 evals, 86 steps, improv/step: 0.477 (last = 0.0000), fitness=1.527855177
1637.52 secs, 153 evals, 87 steps, improv/step: 0.471 (last = 0.0000), fitness=1.527855177
1662.18 secs, 155 evals, 88 steps, improv/step: 0.466 (last = 0.0000), fitness=1.527855177
1672.27 secs, 156 evals, 89 steps, improv/step: 0.472 (last = 1.0000), fitness=1.527855177
1696.29 secs, 158 evals, 90 steps, improv/step: 0.467 (last = 0.0000), fitness=1.527855177
1707.50 secs, 159 evals, 91 steps, improv/step: 0.473 (last = 1.0000), fitness=1.527855177
1718.20 secs, 160 evals, 92 steps, improv/step: 0.467 (last = 0.0000), fitness=1.527855177
1729.45 secs, 161 evals, 93 steps, improv/step: 0.462 (last = 0.0000), fitness=1.527855177
1741.88 secs, 162 evals, 94 steps, improv/step: 0.457 (last = 0.0000), fitness=1.527855177
1758.64 secs, 164 evals, 95 steps, improv/step: 0.453 (last = 0.0000), fitness=1.527855177
1782.16 secs, 166 evals, 96 steps, improv/step: 0.458 (last = 1.0000), fitness=1.527855177
1794.47 secs, 167 evals, 97 steps, improv/step: 0.454 (last = 0.0000), fitness=1.527855177
1805.87 secs, 168 evals, 98 steps, improv/step: 0.459 (last = 1.0000), fitness=1.527855177
1815.10 secs, 169 evals, 99 steps, improv/step: 0.455 (last = 0.0000), fitness=1.527855177
1824.20 secs, 170 evals, 100 steps, improv/step: 0.460 (last = 1.0000), fitness=1.527855177
1835.91 secs, 171 evals, 101 steps, improv/step: 0.455 (last = 0.0000), fitness=1.527855177
1847.97 secs, 172 evals, 102 steps, improv/step: 0.451 (last = 0.0000), fitness=1.527855177
1859.23 secs, 173 evals, 103 steps, improv/step: 0.456 (last = 1.0000), fitness=1.527855177
1871.48 secs, 174 evals, 104 steps, improv/step: 0.452 (last = 0.0000), fitness=1.527855177
1882.73 secs, 175 evals, 105 steps, improv/step: 0.448 (last = 0.0000), fitness=1.527855177
1905.83 secs, 177 evals, 106 steps, improv/step: 0.443 (last = 0.0000), fitness=1.527855177
1917.74 secs, 178 evals, 107 steps, improv/step: 0.439 (last = 0.0000), fitness=1.527855177
1929.81 secs, 179 evals, 108 steps, improv/step: 0.435 (last = 0.0000), fitness=1.527855177
1951.36 secs, 181 evals, 109 steps, improv/step: 0.431 (last = 0.0000), fitness=1.527855177
1963.44 secs, 182 evals, 110 steps, improv/step: 0.427 (last = 0.0000), fitness=1.527855177
1975.08 secs, 183 evals, 111 steps, improv/step: 0.423 (last = 0.0000), fitness=1.527855177
1983.49 secs, 184 evals, 112 steps, improv/step: 0.420 (last = 0.0000), fitness=1.527855177
1993.48 secs, 185 evals, 113 steps, improv/step: 0.416 (last = 0.0000), fitness=1.527855177
2002.75 secs, 186 evals, 114 steps, improv/step: 0.421 (last = 1.0000), fitness=1.527855177
2015.17 secs, 187 evals, 115 steps, improv/step: 0.417 (last = 0.0000), fitness=1.527855177
2025.49 secs, 188 evals, 116 steps, improv/step: 0.414 (last = 0.0000), fitness=1.527855177
2035.56 secs, 189 evals, 117 steps, improv/step: 0.410 (last = 0.0000), fitness=1.527855177
2047.13 secs, 190 evals, 118 steps, improv/step: 0.415 (last = 1.0000), fitness=1.527855177
2064.80 secs, 192 evals, 119 steps, improv/step: 0.420 (last = 1.0000), fitness=1.527855177
2087.90 secs, 194 evals, 120 steps, improv/step: 0.417 (last = 0.0000), fitness=1.527855177
2098.03 secs, 195 evals, 121 steps, improv/step: 0.421 (last = 1.0000), fitness=1.527855177
2121.49 secs, 197 evals, 122 steps, improv/step: 0.426 (last = 1.0000), fitness=1.527855177
2131.95 secs, 198 evals, 123 steps, improv/step: 0.431 (last = 1.0000), fitness=1.527855177
2142.39 secs, 199 evals, 124 steps, improv/step: 0.435 (last = 1.0000), fitness=1.527855177
2160.82 secs, 201 evals, 125 steps, improv/step: 0.432 (last = 0.0000), fitness=1.527855177
2173.17 secs, 202 evals, 126 steps, improv/step: 0.429 (last = 0.0000), fitness=1.527855177
2185.21 secs, 203 evals, 127 steps, improv/step: 0.425 (last = 0.0000), fitness=1.527855177
2196.27 secs, 204 evals, 128 steps, improv/step: 0.422 (last = 0.0000), fitness=1.527855177
2207.90 secs, 205 evals, 129 steps, improv/step: 0.419 (last = 0.0000), fitness=1.527855177
2230.46 secs, 207 evals, 130 steps, improv/step: 0.423 (last = 1.0000), fitness=1.527855177
2242.25 secs, 208 evals, 131 steps, improv/step: 0.420 (last = 0.0000), fitness=1.527855177
2254.58 secs, 209 evals, 132 steps, improv/step: 0.417 (last = 0.0000), fitness=1.527855177
2264.02 secs, 210 evals, 133 steps, improv/step: 0.421 (last = 1.0000), fitness=1.527855177
2275.95 secs, 211 evals, 134 steps, improv/step: 0.418 (last = 0.0000), fitness=1.527855177
2299.75 secs, 213 evals, 135 steps, improv/step: 0.415 (last = 0.0000), fitness=1.527855177
2311.66 secs, 214 evals, 136 steps, improv/step: 0.412 (last = 0.0000), fitness=1.527855177
2323.87 secs, 215 evals, 137 steps, improv/step: 0.409 (last = 0.0000), fitness=1.527855177
2332.10 secs, 216 evals, 138 steps, improv/step: 0.406 (last = 0.0000), fitness=1.527855177
2344.34 secs, 217 evals, 139 steps, improv/step: 0.403 (last = 0.0000), fitness=1.527855177
2353.46 secs, 218 evals, 140 steps, improv/step: 0.407 (last = 1.0000), fitness=1.527855177
2359.40 secs, 219 evals, 141 steps, improv/step: 0.404 (last = 0.0000), fitness=1.527855177
2365.65 secs, 220 evals, 142 steps, improv/step: 0.401 (last = 0.0000), fitness=1.527855177
2389.58 secs, 222 evals, 143 steps, improv/step: 0.399 (last = 0.0000), fitness=1.527855177
2413.06 secs, 224 evals, 144 steps, improv/step: 0.396 (last = 0.0000), fitness=1.527855177
2422.94 secs, 225 evals, 145 steps, improv/step: 0.393 (last = 0.0000), fitness=1.527855177
2434.84 secs, 226 evals, 146 steps, improv/step: 0.390 (last = 0.0000), fitness=1.527855177
2440.90 secs, 227 evals, 147 steps, improv/step: 0.388 (last = 0.0000), fitness=1.527855177
2451.21 secs, 228 evals, 148 steps, improv/step: 0.385 (last = 0.0000), fitness=1.527855177
2458.86 secs, 229 evals, 149 steps, improv/step: 0.383 (last = 0.0000), fitness=1.527855177
2469.11 secs, 230 evals, 150 steps, improv/step: 0.380 (last = 0.0000), fitness=1.527855177
2479.77 secs, 231 evals, 151 steps, improv/step: 0.377 (last = 0.0000), fitness=1.527855177
2491.02 secs, 232 evals, 152 steps, improv/step: 0.382 (last = 1.0000), fitness=1.527855177
2502.23 secs, 233 evals, 153 steps, improv/step: 0.386 (last = 1.0000), fitness=1.281702905
2514.70 secs, 234 evals, 154 steps, improv/step: 0.383 (last = 0.0000), fitness=1.281702905
2526.45 secs, 235 evals, 155 steps, improv/step: 0.381 (last = 0.0000), fitness=1.281702905
2530.33 secs, 236 evals, 156 steps, improv/step: 0.378 (last = 0.0000), fitness=1.281702905
2540.38 secs, 237 evals, 157 steps, improv/step: 0.382 (last = 1.0000), fitness=1.281702905
2549.31 secs, 238 evals, 158 steps, improv/step: 0.380 (last = 0.0000), fitness=1.281702905
2561.00 secs, 239 evals, 159 steps, improv/step: 0.377 (last = 0.0000), fitness=1.281702905
2572.73 secs, 240 evals, 160 steps, improv/step: 0.381 (last = 1.0000), fitness=1.281702905
2579.43 secs, 241 evals, 161 steps, improv/step: 0.379 (last = 0.0000), fitness=1.281702905
2591.45 secs, 242 evals, 162 steps, improv/step: 0.377 (last = 0.0000), fitness=1.281702905
2603.49 secs, 243 evals, 163 steps, improv/step: 0.374 (last = 0.0000), fitness=1.281702905
2626.46 secs, 245 evals, 164 steps, improv/step: 0.378 (last = 1.0000), fitness=1.281702905
2648.67 secs, 247 evals, 165 steps, improv/step: 0.376 (last = 0.0000), fitness=1.281702905
2659.52 secs, 248 evals, 166 steps, improv/step: 0.380 (last = 1.0000), fitness=1.281702905
2669.49 secs, 249 evals, 167 steps, improv/step: 0.377 (last = 0.0000), fitness=1.281702905
2681.00 secs, 250 evals, 168 steps, improv/step: 0.375 (last = 0.0000), fitness=1.281702905
2693.33 secs, 251 evals, 169 steps, improv/step: 0.373 (last = 0.0000), fitness=1.281702905
2717.32 secs, 253 evals, 170 steps, improv/step: 0.371 (last = 0.0000), fitness=1.281702905
2728.72 secs, 254 evals, 171 steps, improv/step: 0.374 (last = 1.0000), fitness=1.281702905
2732.44 secs, 255 evals, 172 steps, improv/step: 0.372 (last = 0.0000), fitness=1.281702905
2747.93 secs, 257 evals, 173 steps, improv/step: 0.370 (last = 0.0000), fitness=1.281702905
2758.79 secs, 258 evals, 174 steps, improv/step: 0.374 (last = 1.0000), fitness=1.281702905
2766.83 secs, 259 evals, 175 steps, improv/step: 0.371 (last = 0.0000), fitness=1.281702905
2788.51 secs, 261 evals, 176 steps, improv/step: 0.375 (last = 1.0000), fitness=1.281702905
2799.38 secs, 262 evals, 177 steps, improv/step: 0.379 (last = 1.0000), fitness=1.281702905
2811.72 secs, 263 evals, 178 steps, improv/step: 0.376 (last = 0.0000), fitness=1.281702905
2831.04 secs, 265 evals, 179 steps, improv/step: 0.374 (last = 0.0000), fitness=1.281702905
2841.92 secs, 266 evals, 180 steps, improv/step: 0.378 (last = 1.0000), fitness=1.281702905
2853.92 secs, 267 evals, 181 steps, improv/step: 0.376 (last = 0.0000), fitness=1.281702905
2877.00 secs, 269 evals, 182 steps, improv/step: 0.379 (last = 1.0000), fitness=1.281702905
2884.19 secs, 270 evals, 183 steps, improv/step: 0.377 (last = 0.0000), fitness=1.281702905
2896.08 secs, 271 evals, 184 steps, improv/step: 0.375 (last = 0.0000), fitness=1.281702905
2907.31 secs, 272 evals, 185 steps, improv/step: 0.378 (last = 1.0000), fitness=1.281702905
2919.20 secs, 273 evals, 186 steps, improv/step: 0.376 (last = 0.0000), fitness=1.281702905
2927.10 secs, 274 evals, 187 steps, improv/step: 0.374 (last = 0.0000), fitness=1.281702905
2936.14 secs, 275 evals, 188 steps, improv/step: 0.372 (last = 0.0000), fitness=1.281702905
2947.18 secs, 276 evals, 189 steps, improv/step: 0.376 (last = 1.0000), fitness=1.281702905
2958.02 secs, 277 evals, 190 steps, improv/step: 0.379 (last = 1.0000), fitness=1.281702905
2969.07 secs, 278 evals, 191 steps, improv/step: 0.377 (last = 0.0000), fitness=1.281702905
2980.79 secs, 279 evals, 192 steps, improv/step: 0.375 (last = 0.0000), fitness=1.281702905
2992.64 secs, 280 evals, 193 steps, improv/step: 0.373 (last = 0.0000), fitness=1.281702905
3001.43 secs, 281 evals, 194 steps, improv/step: 0.376 (last = 1.0000), fitness=1.281702905
3012.75 secs, 282 evals, 195 steps, improv/step: 0.379 (last = 1.0000), fitness=1.281702905
3024.69 secs, 283 evals, 196 steps, improv/step: 0.378 (last = 0.0000), fitness=1.281702905
3033.48 secs, 284 evals, 197 steps, improv/step: 0.376 (last = 0.0000), fitness=1.281702905
3045.43 secs, 285 evals, 198 steps, improv/step: 0.374 (last = 0.0000), fitness=1.281702905
3055.91 secs, 286 evals, 199 steps, improv/step: 0.372 (last = 0.0000), fitness=1.281702905
3066.09 secs, 287 evals, 200 steps, improv/step: 0.370 (last = 0.0000), fitness=1.281702905
3074.79 secs, 288 evals, 201 steps, improv/step: 0.368 (last = 0.0000), fitness=1.281702905
3085.95 secs, 289 evals, 202 steps, improv/step: 0.371 (last = 1.0000), fitness=1.281702905
3096.58 secs, 290 evals, 203 steps, improv/step: 0.374 (last = 1.0000), fitness=1.281702905
3106.92 secs, 291 evals, 204 steps, improv/step: 0.373 (last = 0.0000), fitness=1.281702905
3117.71 secs, 292 evals, 205 steps, improv/step: 0.376 (last = 1.0000), fitness=1.281702905
3128.80 secs, 293 evals, 206 steps, improv/step: 0.374 (last = 0.0000), fitness=1.281702905
3141.27 secs, 294 evals, 207 steps, improv/step: 0.372 (last = 0.0000), fitness=1.281702905
3153.83 secs, 295 evals, 208 steps, improv/step: 0.370 (last = 0.0000), fitness=1.281702905
3177.38 secs, 297 evals, 209 steps, improv/step: 0.368 (last = 0.0000), fitness=1.281702905
3188.05 secs, 298 evals, 210 steps, improv/step: 0.371 (last = 1.0000), fitness=1.281702905
3203.71 secs, 300 evals, 211 steps, improv/step: 0.370 (last = 0.0000), fitness=1.281702905
3214.96 secs, 301 evals, 212 steps, improv/step: 0.373 (last = 1.0000), fitness=1.281702905
3220.93 secs, 302 evals, 213 steps, improv/step: 0.371 (last = 0.0000), fitness=1.281702905
3233.11 secs, 303 evals, 214 steps, improv/step: 0.369 (last = 0.0000), fitness=1.281702905
3241.52 secs, 304 evals, 215 steps, improv/step: 0.367 (last = 0.0000), fitness=1.281702905
3253.16 secs, 305 evals, 216 steps, improv/step: 0.370 (last = 1.0000), fitness=1.281702905
3263.59 secs, 306 evals, 217 steps, improv/step: 0.369 (last = 0.0000), fitness=1.281702905
3275.65 secs, 307 evals, 218 steps, improv/step: 0.367 (last = 0.0000), fitness=1.281702905
3279.23 secs, 308 evals, 219 steps, improv/step: 0.365 (last = 0.0000), fitness=1.281702905
3290.95 secs, 309 evals, 220 steps, improv/step: 0.364 (last = 0.0000), fitness=1.281702905
3302.45 secs, 310 evals, 221 steps, improv/step: 0.362 (last = 0.0000), fitness=1.281702905
3307.78 secs, 311 evals, 222 steps, improv/step: 0.360 (last = 0.0000), fitness=1.281702905
3322.36 secs, 313 evals, 223 steps, improv/step: 0.363 (last = 1.0000), fitness=1.281702905
3341.17 secs, 315 evals, 224 steps, improv/step: 0.362 (last = 0.0000), fitness=1.281702905
3353.18 secs, 316 evals, 225 steps, improv/step: 0.360 (last = 0.0000), fitness=1.281702905
3376.58 secs, 318 evals, 226 steps, improv/step: 0.358 (last = 0.0000), fitness=1.281702905
3387.39 secs, 319 evals, 227 steps, improv/step: 0.357 (last = 0.0000), fitness=1.281702905
3410.87 secs, 321 evals, 228 steps, improv/step: 0.355 (last = 0.0000), fitness=1.281702905
3416.27 secs, 322 evals, 229 steps, improv/step: 0.354 (last = 0.0000), fitness=1.281702905
3428.22 secs, 323 evals, 230 steps, improv/step: 0.352 (last = 0.0000), fitness=1.281702905
3450.91 secs, 325 evals, 231 steps, improv/step: 0.355 (last = 1.0000), fitness=1.281702905
3462.25 secs, 326 evals, 232 steps, improv/step: 0.353 (last = 0.0000), fitness=1.281702905
3473.57 secs, 327 evals, 233 steps, improv/step: 0.356 (last = 1.0000), fitness=1.281702905
3497.04 secs, 329 evals, 234 steps, improv/step: 0.359 (last = 1.0000), fitness=1.281702905
3520.18 secs, 331 evals, 235 steps, improv/step: 0.362 (last = 1.0000), fitness=1.281702905
3531.23 secs, 332 evals, 236 steps, improv/step: 0.364 (last = 1.0000), fitness=1.281702905
3540.43 secs, 333 evals, 237 steps, improv/step: 0.363 (last = 0.0000), fitness=1.281702905
3563.76 secs, 335 evals, 238 steps, improv/step: 0.366 (last = 1.0000), fitness=1.281702905
3575.50 secs, 336 evals, 239 steps, improv/step: 0.368 (last = 1.0000), fitness=1.281702905
3587.48 secs, 337 evals, 240 steps, improv/step: 0.371 (last = 1.0000), fitness=1.281702905
3598.76 secs, 338 evals, 241 steps, improv/step: 0.369 (last = 0.0000), fitness=1.281702905
3609.88 secs, 339 evals, 242 steps, improv/step: 0.368 (last = 0.0000), fitness=1.281702905
3615.26 secs, 340 evals, 243 steps, improv/step: 0.366 (last = 0.0000), fitness=1.281702905
3626.57 secs, 341 evals, 244 steps, improv/step: 0.369 (last = 1.0000), fitness=1.281702905
3637.97 secs, 342 evals, 245 steps, improv/step: 0.371 (last = 1.0000), fitness=1.281702905
3649.47 secs, 343 evals, 246 steps, improv/step: 0.370 (last = 0.0000), fitness=1.281702905
3658.46 secs, 344 evals, 247 steps, improv/step: 0.368 (last = 0.0000), fitness=1.281702905
3669.61 secs, 345 evals, 248 steps, improv/step: 0.371 (last = 1.0000), fitness=1.281702905
3691.31 secs, 347 evals, 249 steps, improv/step: 0.373 (last = 1.0000), fitness=1.281702905
3703.67 secs, 348 evals, 250 steps, improv/step: 0.372 (last = 0.0000), fitness=1.281702905
3713.00 secs, 349 evals, 251 steps, improv/step: 0.371 (last = 0.0000), fitness=1.281702905
3724.21 secs, 350 evals, 252 steps, improv/step: 0.373 (last = 1.0000), fitness=1.281702905
3734.76 secs, 351 evals, 253 steps, improv/step: 0.372 (last = 0.0000), fitness=1.281702905
3741.58 secs, 352 evals, 254 steps, improv/step: 0.370 (last = 0.0000), fitness=1.281702905
3753.62 secs, 353 evals, 255 steps, improv/step: 0.369 (last = 0.0000), fitness=1.281702905
3765.17 secs, 354 evals, 256 steps, improv/step: 0.367 (last = 0.0000), fitness=1.281702905
3786.19 secs, 356 evals, 257 steps, improv/step: 0.370 (last = 1.0000), fitness=1.281702905
3797.72 secs, 357 evals, 258 steps, improv/step: 0.372 (last = 1.0000), fitness=1.281702905
3807.94 secs, 358 evals, 259 steps, improv/step: 0.371 (last = 0.0000), fitness=1.281702905
3818.82 secs, 359 evals, 260 steps, improv/step: 0.373 (last = 1.0000), fitness=1.281702905
3829.73 secs, 360 evals, 261 steps, improv/step: 0.375 (last = 1.0000), fitness=1.281702905
3838.40 secs, 361 evals, 262 steps, improv/step: 0.378 (last = 1.0000), fitness=1.281702905
3848.28 secs, 362 evals, 263 steps, improv/step: 0.380 (last = 1.0000), fitness=1.281702905
3859.28 secs, 363 evals, 264 steps, improv/step: 0.383 (last = 1.0000), fitness=1.281702905
3867.70 secs, 364 evals, 265 steps, improv/step: 0.381 (last = 0.0000), fitness=1.281702905
3878.20 secs, 365 evals, 266 steps, improv/step: 0.383 (last = 1.0000), fitness=1.281702905
3887.64 secs, 366 evals, 267 steps, improv/step: 0.382 (last = 0.0000), fitness=1.281702905
3898.67 secs, 367 evals, 268 steps, improv/step: 0.384 (last = 1.0000), fitness=1.281702905
3904.96 secs, 368 evals, 269 steps, improv/step: 0.383 (last = 0.0000), fitness=1.281702905
3916.56 secs, 369 evals, 270 steps, improv/step: 0.381 (last = 0.0000), fitness=1.281702905
3927.55 secs, 370 evals, 271 steps, improv/step: 0.384 (last = 1.0000), fitness=1.281702905
3938.64 secs, 371 evals, 272 steps, improv/step: 0.386 (last = 1.0000), fitness=1.281702905
3948.73 secs, 372 evals, 273 steps, improv/step: 0.388 (last = 1.0000), fitness=1.281702905
3960.33 secs, 373 evals, 274 steps, improv/step: 0.391 (last = 1.0000), fitness=1.281702905
3971.41 secs, 374 evals, 275 steps, improv/step: 0.389 (last = 0.0000), fitness=1.281702905
3981.75 secs, 375 evals, 276 steps, improv/step: 0.388 (last = 0.0000), fitness=1.281702905
3988.53 secs, 376 evals, 277 steps, improv/step: 0.386 (last = 0.0000), fitness=1.281702905
3999.97 secs, 377 evals, 278 steps, improv/step: 0.385 (last = 0.0000), fitness=1.281702905
4008.72 secs, 378 evals, 279 steps, improv/step: 0.384 (last = 0.0000), fitness=1.281702905
4017.14 secs, 379 evals, 280 steps, improv/step: 0.382 (last = 0.0000), fitness=1.281702905
4027.24 secs, 380 evals, 281 steps, improv/step: 0.381 (last = 0.0000), fitness=1.281702905
4038.94 secs, 381 evals, 282 steps, improv/step: 0.383 (last = 1.0000), fitness=1.281702905
4050.19 secs, 382 evals, 283 steps, improv/step: 0.382 (last = 0.0000), fitness=1.281702905
4060.22 secs, 383 evals, 284 steps, improv/step: 0.380 (last = 0.0000), fitness=1.281702905
4068.54 secs, 384 evals, 285 steps, improv/step: 0.379 (last = 0.0000), fitness=1.281702905
4078.70 secs, 385 evals, 286 steps, improv/step: 0.378 (last = 0.0000), fitness=1.281702905
4090.17 secs, 386 evals, 287 steps, improv/step: 0.376 (last = 0.0000), fitness=1.281702905
4099.37 secs, 387 evals, 288 steps, improv/step: 0.375 (last = 0.0000), fitness=1.281702905
4106.86 secs, 388 evals, 289 steps, improv/step: 0.374 (last = 0.0000), fitness=1.281702905
4115.81 secs, 389 evals, 290 steps, improv/step: 0.372 (last = 0.0000), fitness=1.281702905
4127.21 secs, 390 evals, 291 steps, improv/step: 0.371 (last = 0.0000), fitness=1.281702905
4137.84 secs, 391 evals, 292 steps, improv/step: 0.373 (last = 1.0000), fitness=1.281702905
4149.27 secs, 392 evals, 293 steps, improv/step: 0.372 (last = 0.0000), fitness=1.281702905
4158.03 secs, 393 evals, 294 steps, improv/step: 0.371 (last = 0.0000), fitness=1.281702905
4169.16 secs, 394 evals, 295 steps, improv/step: 0.369 (last = 0.0000), fitness=1.281702905
4181.16 secs, 395 evals, 296 steps, improv/step: 0.368 (last = 0.0000), fitness=1.281702905
4192.61 secs, 396 evals, 297 steps, improv/step: 0.367 (last = 0.0000), fitness=1.281702905
4203.99 secs, 397 evals, 298 steps, improv/step: 0.366 (last = 0.0000), fitness=1.281702905
4215.31 secs, 398 evals, 299 steps, improv/step: 0.365 (last = 0.0000), fitness=1.281702905
4224.98 secs, 399 evals, 300 steps, improv/step: 0.363 (last = 0.0000), fitness=1.281702905
4235.19 secs, 400 evals, 301 steps, improv/step: 0.365 (last = 1.0000), fitness=1.281702905
4246.56 secs, 401 evals, 302 steps, improv/step: 0.364 (last = 0.0000), fitness=1.281702905
4257.80 secs, 402 evals, 303 steps, improv/step: 0.363 (last = 0.0000), fitness=1.281702905
4268.91 secs, 403 evals, 304 steps, improv/step: 0.362 (last = 0.0000), fitness=1.281702905
4279.87 secs, 404 evals, 305 steps, improv/step: 0.361 (last = 0.0000), fitness=1.281702905
4291.20 secs, 405 evals, 306 steps, improv/step: 0.359 (last = 0.0000), fitness=1.281702905
4300.46 secs, 406 evals, 307 steps, improv/step: 0.358 (last = 0.0000), fitness=1.281702905
4310.48 secs, 407 evals, 308 steps, improv/step: 0.357 (last = 0.0000), fitness=1.281702905
4320.85 secs, 408 evals, 309 steps, improv/step: 0.356 (last = 0.0000), fitness=1.281702905
4328.28 secs, 409 evals, 310 steps, improv/step: 0.355 (last = 0.0000), fitness=1.281702905
4339.59 secs, 410 evals, 311 steps, improv/step: 0.357 (last = 1.0000), fitness=1.281702905
4351.18 secs, 411 evals, 312 steps, improv/step: 0.356 (last = 0.0000), fitness=1.281702905
4360.83 secs, 412 evals, 313 steps, improv/step: 0.355 (last = 0.0000), fitness=1.281702905
4372.13 secs, 413 evals, 314 steps, improv/step: 0.354 (last = 0.0000), fitness=1.281702905
4383.77 secs, 414 evals, 315 steps, improv/step: 0.352 (last = 0.0000), fitness=1.281702905
4393.29 secs, 415 evals, 316 steps, improv/step: 0.351 (last = 0.0000), fitness=1.281702905
4402.74 secs, 416 evals, 317 steps, improv/step: 0.350 (last = 0.0000), fitness=1.281702905
4415.05 secs, 417 evals, 318 steps, improv/step: 0.349 (last = 0.0000), fitness=1.281702905
4426.89 secs, 418 evals, 319 steps, improv/step: 0.348 (last = 0.0000), fitness=1.281702905
4436.89 secs, 419 evals, 320 steps, improv/step: 0.347 (last = 0.0000), fitness=1.281702905
4448.02 secs, 420 evals, 321 steps, improv/step: 0.346 (last = 0.0000), fitness=1.281702905
4459.02 secs, 421 evals, 322 steps, improv/step: 0.345 (last = 0.0000), fitness=1.281702905
4470.68 secs, 422 evals, 323 steps, improv/step: 0.344 (last = 0.0000), fitness=1.281702905
4481.35 secs, 423 evals, 324 steps, improv/step: 0.343 (last = 0.0000), fitness=1.281702905
4492.85 secs, 424 evals, 325 steps, improv/step: 0.345 (last = 1.0000), fitness=1.281702905
4503.81 secs, 425 evals, 326 steps, improv/step: 0.344 (last = 0.0000), fitness=1.281702905
4515.14 secs, 426 evals, 327 steps, improv/step: 0.346 (last = 1.0000), fitness=1.281702905
4524.45 secs, 427 evals, 328 steps, improv/step: 0.345 (last = 0.0000), fitness=1.281702905
4532.58 secs, 428 evals, 329 steps, improv/step: 0.343 (last = 0.0000), fitness=1.281702905
4543.10 secs, 429 evals, 330 steps, improv/step: 0.342 (last = 0.0000), fitness=1.281702905
4553.99 secs, 430 evals, 331 steps, improv/step: 0.341 (last = 0.0000), fitness=1.281702905
4565.18 secs, 431 evals, 332 steps, improv/step: 0.340 (last = 0.0000), fitness=1.281702905
4575.85 secs, 432 evals, 333 steps, improv/step: 0.339 (last = 0.0000), fitness=1.281702905
4585.57 secs, 433 evals, 334 steps, improv/step: 0.338 (last = 0.0000), fitness=1.281702905
4596.82 secs, 434 evals, 335 steps, improv/step: 0.337 (last = 0.0000), fitness=1.281702905
4608.86 secs, 435 evals, 336 steps, improv/step: 0.336 (last = 0.0000), fitness=1.281702905
4618.64 secs, 436 evals, 337 steps, improv/step: 0.335 (last = 0.0000), fitness=1.281702905
4628.59 secs, 437 evals, 338 steps, improv/step: 0.337 (last = 1.0000), fitness=1.281702905
4638.19 secs, 438 evals, 339 steps, improv/step: 0.336 (last = 0.0000), fitness=1.281702905
4648.91 secs, 439 evals, 340 steps, improv/step: 0.335 (last = 0.0000), fitness=1.281702905
4660.31 secs, 440 evals, 341 steps, improv/step: 0.334 (last = 0.0000), fitness=1.281702905
4669.83 secs, 441 evals, 342 steps, improv/step: 0.333 (last = 0.0000), fitness=1.281702905
4680.21 secs, 442 evals, 343 steps, improv/step: 0.332 (last = 0.0000), fitness=1.281702905
4691.32 secs, 443 evals, 344 steps, improv/step: 0.331 (last = 0.0000), fitness=1.281702905
4700.30 secs, 444 evals, 345 steps, improv/step: 0.330 (last = 0.0000), fitness=1.281702905
4712.15 secs, 445 evals, 346 steps, improv/step: 0.329 (last = 0.0000), fitness=1.281702905
4723.41 secs, 446 evals, 347 steps, improv/step: 0.329 (last = 0.0000), fitness=1.281702905
4745.12 secs, 448 evals, 348 steps, improv/step: 0.330 (last = 1.0000), fitness=1.281702905
4756.89 secs, 449 evals, 349 steps, improv/step: 0.330 (last = 0.0000), fitness=1.281702905
4768.52 secs, 450 evals, 350 steps, improv/step: 0.329 (last = 0.0000), fitness=1.281702905
4787.73 secs, 452 evals, 351 steps, improv/step: 0.328 (last = 0.0000), fitness=1.281702905
4798.42 secs, 453 evals, 352 steps, improv/step: 0.327 (last = 0.0000), fitness=1.281702905
4809.54 secs, 454 evals, 353 steps, improv/step: 0.329 (last = 1.0000), fitness=1.281702905
4819.27 secs, 455 evals, 354 steps, improv/step: 0.328 (last = 0.0000), fitness=1.281702905
4823.83 secs, 456 evals, 355 steps, improv/step: 0.327 (last = 0.0000), fitness=1.281702905
4834.49 secs, 457 evals, 356 steps, improv/step: 0.326 (last = 0.0000), fitness=1.281702905
4845.72 secs, 458 evals, 357 steps, improv/step: 0.328 (last = 1.0000), fitness=1.281702905
4856.59 secs, 459 evals, 358 steps, improv/step: 0.330 (last = 1.0000), fitness=1.281702905
4866.92 secs, 460 evals, 359 steps, improv/step: 0.331 (last = 1.0000), fitness=1.281702905
4877.50 secs, 461 evals, 360 steps, improv/step: 0.331 (last = 0.0000), fitness=1.281702905
4886.83 secs, 462 evals, 361 steps, improv/step: 0.330 (last = 0.0000), fitness=1.281702905
4897.61 secs, 463 evals, 362 steps, improv/step: 0.331 (last = 1.0000), fitness=1.281702905
4908.72 secs, 464 evals, 363 steps, improv/step: 0.331 (last = 0.0000), fitness=1.281702905
4917.34 secs, 465 evals, 364 steps, improv/step: 0.330 (last = 0.0000), fitness=1.281702905
4928.75 secs, 466 evals, 365 steps, improv/step: 0.332 (last = 1.0000), fitness=1.281702905
4938.20 secs, 467 evals, 366 steps, improv/step: 0.331 (last = 0.0000), fitness=1.281702905
4959.04 secs, 469 evals, 367 steps, improv/step: 0.332 (last = 1.0000), fitness=1.281702905
4970.53 secs, 470 evals, 368 steps, improv/step: 0.332 (last = 0.0000), fitness=1.281702905
4980.22 secs, 471 evals, 369 steps, improv/step: 0.331 (last = 0.0000), fitness=1.281702905
4991.48 secs, 472 evals, 370 steps, improv/step: 0.330 (last = 0.0000), fitness=1.281702905
5002.08 secs, 473 evals, 371 steps, improv/step: 0.332 (last = 1.0000), fitness=1.281702905
5013.83 secs, 474 evals, 372 steps, improv/step: 0.331 (last = 0.0000), fitness=1.281702905
5024.90 secs, 475 evals, 373 steps, improv/step: 0.330 (last = 0.0000), fitness=1.281702905
5035.93 secs, 476 evals, 374 steps, improv/step: 0.332 (last = 1.0000), fitness=1.281702905
5047.97 secs, 477 evals, 375 steps, improv/step: 0.331 (last = 0.0000), fitness=1.281702905
5057.94 secs, 478 evals, 376 steps, improv/step: 0.330 (last = 0.0000), fitness=1.281702905
5068.90 secs, 479 evals, 377 steps, improv/step: 0.329 (last = 0.0000), fitness=1.281702905
5079.38 secs, 480 evals, 378 steps, improv/step: 0.331 (last = 1.0000), fitness=1.281702905
5090.41 secs, 481 evals, 379 steps, improv/step: 0.332 (last = 1.0000), fitness=1.281702905
5101.72 secs, 482 evals, 380 steps, improv/step: 0.334 (last = 1.0000), fitness=1.281702905
5113.26 secs, 483 evals, 381 steps, improv/step: 0.333 (last = 0.0000), fitness=1.281702905
5124.00 secs, 484 evals, 382 steps, improv/step: 0.335 (last = 1.0000), fitness=1.281702905
5135.31 secs, 485 evals, 383 steps, improv/step: 0.334 (last = 0.0000), fitness=1.281702905
5147.27 secs, 486 evals, 384 steps, improv/step: 0.333 (last = 0.0000), fitness=1.281702905
5158.34 secs, 487 evals, 385 steps, improv/step: 0.332 (last = 0.0000), fitness=1.281702905
5169.69 secs, 488 evals, 386 steps, improv/step: 0.332 (last = 0.0000), fitness=1.281702905
5180.22 secs, 489 evals, 387 steps, improv/step: 0.333 (last = 1.0000), fitness=1.281702905
5191.09 secs, 490 evals, 388 steps, improv/step: 0.332 (last = 0.0000), fitness=1.281702905
5201.71 secs, 491 evals, 389 steps, improv/step: 0.334 (last = 1.0000), fitness=1.281702905
5213.46 secs, 492 evals, 390 steps, improv/step: 0.333 (last = 0.0000), fitness=1.281702905
5224.84 secs, 493 evals, 391 steps, improv/step: 0.335 (last = 1.0000), fitness=1.281702905
5235.50 secs, 494 evals, 392 steps, improv/step: 0.334 (last = 0.0000), fitness=1.281702905
5243.77 secs, 495 evals, 393 steps, improv/step: 0.333 (last = 0.0000), fitness=1.281702905
5254.32 secs, 496 evals, 394 steps, improv/step: 0.332 (last = 0.0000), fitness=1.281702905
5265.86 secs, 497 evals, 395 steps, improv/step: 0.332 (last = 0.0000), fitness=1.281702905
5276.53 secs, 498 evals, 396 steps, improv/step: 0.333 (last = 1.0000), fitness=1.281702905
5284.33 secs, 499 evals, 397 steps, improv/step: 0.332 (last = 0.0000), fitness=1.281702905
5295.60 secs, 500 evals, 398 steps, improv/step: 0.334 (last = 1.0000), fitness=1.281702905
5306.62 secs, 501 evals, 399 steps, improv/step: 0.333 (last = 0.0000), fitness=1.281702905
5317.55 secs, 502 evals, 400 steps, improv/step: 0.335 (last = 1.0000), fitness=1.281702905
5328.04 secs, 503 evals, 401 steps, improv/step: 0.334 (last = 0.0000), fitness=1.281702905
5339.33 secs, 504 evals, 402 steps, improv/step: 0.336 (last = 1.0000), fitness=1.281702905
5350.67 secs, 505 evals, 403 steps, improv/step: 0.335 (last = 0.0000), fitness=1.281702905
5362.48 secs, 506 evals, 404 steps, improv/step: 0.334 (last = 0.0000), fitness=1.281702905
5373.14 secs, 507 evals, 405 steps, improv/step: 0.336 (last = 1.0000), fitness=1.281702905
5384.60 secs, 508 evals, 406 steps, improv/step: 0.335 (last = 0.0000), fitness=1.281702905
5395.77 secs, 509 evals, 407 steps, improv/step: 0.337 (last = 1.0000), fitness=1.281702905
5407.12 secs, 510 evals, 408 steps, improv/step: 0.336 (last = 0.0000), fitness=1.281702905
5418.04 secs, 511 evals, 409 steps, improv/step: 0.337 (last = 1.0000), fitness=1.281702905
5429.09 secs, 512 evals, 410 steps, improv/step: 0.337 (last = 0.0000), fitness=1.281702905
5440.97 secs, 513 evals, 411 steps, improv/step: 0.336 (last = 0.0000), fitness=1.281702905
5452.44 secs, 514 evals, 412 steps, improv/step: 0.335 (last = 0.0000), fitness=1.281702905
5462.20 secs, 515 evals, 413 steps, improv/step: 0.334 (last = 0.0000), fitness=1.281702905
5473.14 secs, 516 evals, 414 steps, improv/step: 0.336 (last = 1.0000), fitness=1.281702905
5484.29 secs, 517 evals, 415 steps, improv/step: 0.337 (last = 1.0000), fitness=1.281702905
5495.05 secs, 518 evals, 416 steps, improv/step: 0.337 (last = 0.0000), fitness=1.281702905
5506.19 secs, 519 evals, 417 steps, improv/step: 0.336 (last = 0.0000), fitness=1.281702905
5515.17 secs, 520 evals, 418 steps, improv/step: 0.337 (last = 1.0000), fitness=1.281702905
5526.07 secs, 521 evals, 419 steps, improv/step: 0.337 (last = 0.0000), fitness=1.281702905
5537.07 secs, 522 evals, 420 steps, improv/step: 0.336 (last = 0.0000), fitness=1.281702905
5548.48 secs, 523 evals, 421 steps, improv/step: 0.337 (last = 1.0000), fitness=1.281702905
5558.72 secs, 524 evals, 422 steps, improv/step: 0.339 (last = 1.0000), fitness=1.281702905
5568.45 secs, 525 evals, 423 steps, improv/step: 0.338 (last = 0.0000), fitness=1.281702905
5579.52 secs, 526 evals, 424 steps, improv/step: 0.340 (last = 1.0000), fitness=1.281702905
5589.49 secs, 527 evals, 425 steps, improv/step: 0.339 (last = 0.0000), fitness=1.281702905
5599.03 secs, 528 evals, 426 steps, improv/step: 0.338 (last = 0.0000), fitness=1.281702905
5606.21 secs, 529 evals, 427 steps, improv/step: 0.337 (last = 0.0000), fitness=1.281702905
5617.29 secs, 530 evals, 428 steps, improv/step: 0.339 (last = 1.0000), fitness=1.281702905
5628.40 secs, 531 evals, 429 steps, improv/step: 0.340 (last = 1.0000), fitness=1.281702905
5637.97 secs, 532 evals, 430 steps, improv/step: 0.342 (last = 1.0000), fitness=1.281702905
5649.03 secs, 533 evals, 431 steps, improv/step: 0.341 (last = 0.0000), fitness=1.281702905
5660.00 secs, 534 evals, 432 steps, improv/step: 0.340 (last = 0.0000), fitness=1.281702905
5671.00 secs, 535 evals, 433 steps, improv/step: 0.342 (last = 1.0000), fitness=1.281702905
5682.54 secs, 536 evals, 434 steps, improv/step: 0.341 (last = 0.0000), fitness=1.281702905
5693.83 secs, 537 evals, 435 steps, improv/step: 0.340 (last = 0.0000), fitness=1.281702905
5704.66 secs, 538 evals, 436 steps, improv/step: 0.342 (last = 1.0000), fitness=1.281702905
5715.51 secs, 539 evals, 437 steps, improv/step: 0.343 (last = 1.0000), fitness=1.281702905
5724.83 secs, 540 evals, 438 steps, improv/step: 0.342 (last = 0.0000), fitness=1.281702905
5734.64 secs, 541 evals, 439 steps, improv/step: 0.344 (last = 1.0000), fitness=1.281702905
5744.65 secs, 542 evals, 440 steps, improv/step: 0.343 (last = 0.0000), fitness=1.281702905
5756.18 secs, 543 evals, 441 steps, improv/step: 0.342 (last = 0.0000), fitness=1.281702905
5767.47 secs, 544 evals, 442 steps, improv/step: 0.344 (last = 1.0000), fitness=1.281702905
5778.28 secs, 545 evals, 443 steps, improv/step: 0.345 (last = 1.0000), fitness=1.281702905
5789.59 secs, 546 evals, 444 steps, improv/step: 0.345 (last = 0.0000), fitness=1.281702905
5800.12 secs, 547 evals, 445 steps, improv/step: 0.344 (last = 0.0000), fitness=1.281702905
5811.68 secs, 548 evals, 446 steps, improv/step: 0.345 (last = 1.0000), fitness=1.281702905
5822.34 secs, 549 evals, 447 steps, improv/step: 0.345 (last = 0.0000), fitness=1.281702905
5833.27 secs, 550 evals, 448 steps, improv/step: 0.346 (last = 1.0000), fitness=1.281702905
5844.85 secs, 551 evals, 449 steps, improv/step: 0.345 (last = 0.0000), fitness=1.281702905
5856.10 secs, 552 evals, 450 steps, improv/step: 0.344 (last = 0.0000), fitness=1.281702905
5866.77 secs, 553 evals, 451 steps, improv/step: 0.344 (last = 0.0000), fitness=1.281702905
5877.80 secs, 554 evals, 452 steps, improv/step: 0.345 (last = 1.0000), fitness=1.281702905
5889.08 secs, 555 evals, 453 steps, improv/step: 0.344 (last = 0.0000), fitness=1.281702905
5900.48 secs, 556 evals, 454 steps, improv/step: 0.344 (last = 0.0000), fitness=1.281702905
5910.21 secs, 557 evals, 455 steps, improv/step: 0.343 (last = 0.0000), fitness=1.281702905
5921.57 secs, 558 evals, 456 steps, improv/step: 0.342 (last = 0.0000), fitness=1.281702905
5932.67 secs, 559 evals, 457 steps, improv/step: 0.341 (last = 0.0000), fitness=1.281702905
5942.73 secs, 560 evals, 458 steps, improv/step: 0.341 (last = 0.0000), fitness=1.281702905
5953.31 secs, 561 evals, 459 steps, improv/step: 0.340 (last = 0.0000), fitness=1.281702905
5964.43 secs, 562 evals, 460 steps, improv/step: 0.341 (last = 1.0000), fitness=1.281702905
5975.82 secs, 563 evals, 461 steps, improv/step: 0.341 (last = 0.0000), fitness=1.281702905
5985.66 secs, 564 evals, 462 steps, improv/step: 0.340 (last = 0.0000), fitness=1.281702905
5997.14 secs, 565 evals, 463 steps, improv/step: 0.339 (last = 0.0000), fitness=1.281702905
6008.28 secs, 566 evals, 464 steps, improv/step: 0.341 (last = 1.0000), fitness=1.281702905
6019.15 secs, 567 evals, 465 steps, improv/step: 0.342 (last = 1.0000), fitness=1.281702905
6029.48 secs, 568 evals, 466 steps, improv/step: 0.341 (last = 0.0000), fitness=1.281702905
6040.73 secs, 569 evals, 467 steps, improv/step: 0.343 (last = 1.0000), fitness=1.281702905
6051.78 secs, 570 evals, 468 steps, improv/step: 0.342 (last = 0.0000), fitness=1.281702905
6062.47 secs, 571 evals, 469 steps, improv/step: 0.341 (last = 0.0000), fitness=1.281702905
6072.53 secs, 572 evals, 470 steps, improv/step: 0.340 (last = 0.0000), fitness=1.281702905
6082.79 secs, 573 evals, 471 steps, improv/step: 0.340 (last = 0.0000), fitness=1.281702905
6093.56 secs, 574 evals, 472 steps, improv/step: 0.341 (last = 1.0000), fitness=1.281702905
6104.86 secs, 575 evals, 473 steps, improv/step: 0.340 (last = 0.0000), fitness=1.281702905
6115.67 secs, 576 evals, 474 steps, improv/step: 0.340 (last = 0.0000), fitness=1.281702905
6126.30 secs, 577 evals, 475 steps, improv/step: 0.341 (last = 1.0000), fitness=1.281702905
6137.10 secs, 578 evals, 476 steps, improv/step: 0.342 (last = 1.0000), fitness=1.281702905
6147.88 secs, 579 evals, 477 steps, improv/step: 0.342 (last = 0.0000), fitness=1.281702905
6158.39 secs, 580 evals, 478 steps, improv/step: 0.341 (last = 0.0000), fitness=1.281702905
6169.38 secs, 581 evals, 479 steps, improv/step: 0.340 (last = 0.0000), fitness=1.281702905
6180.19 secs, 582 evals, 480 steps, improv/step: 0.342 (last = 1.0000), fitness=1.281702905
6190.89 secs, 583 evals, 481 steps, improv/step: 0.343 (last = 1.0000), fitness=1.281702905
6201.09 secs, 584 evals, 482 steps, improv/step: 0.342 (last = 0.0000), fitness=1.281702905
6211.88 secs, 585 evals, 483 steps, improv/step: 0.344 (last = 1.0000), fitness=1.281702905
6222.39 secs, 586 evals, 484 steps, improv/step: 0.343 (last = 0.0000), fitness=1.281702905
6233.79 secs, 587 evals, 485 steps, improv/step: 0.342 (last = 0.0000), fitness=1.281702905
6244.09 secs, 588 evals, 486 steps, improv/step: 0.342 (last = 0.0000), fitness=1.281702905
6254.65 secs, 589 evals, 487 steps, improv/step: 0.343 (last = 1.0000), fitness=1.281702905
6264.88 secs, 590 evals, 488 steps, improv/step: 0.342 (last = 0.0000), fitness=1.281702905
6276.62 secs, 591 evals, 489 steps, improv/step: 0.342 (last = 0.0000), fitness=1.281702905
6287.28 secs, 592 evals, 490 steps, improv/step: 0.341 (last = 0.0000), fitness=1.281702905
6297.66 secs, 593 evals, 491 steps, improv/step: 0.340 (last = 0.0000), fitness=1.281702905
6306.50 secs, 594 evals, 492 steps, improv/step: 0.339 (last = 0.0000), fitness=1.281702905
6317.46 secs, 595 evals, 493 steps, improv/step: 0.341 (last = 1.0000), fitness=1.281702905
6327.08 secs, 596 evals, 494 steps, improv/step: 0.340 (last = 0.0000), fitness=1.281702905
6338.05 secs, 597 evals, 495 steps, improv/step: 0.341 (last = 1.0000), fitness=1.281702905
6349.15 secs, 598 evals, 496 steps, improv/step: 0.341 (last = 0.0000), fitness=1.281702905
6360.16 secs, 599 evals, 497 steps, improv/step: 0.342 (last = 1.0000), fitness=1.281702905
6370.98 secs, 600 evals, 498 steps, improv/step: 0.341 (last = 0.0000), fitness=1.281702905
6382.00 secs, 601 evals, 499 steps, improv/step: 0.343 (last = 1.0000), fitness=1.281702905
6392.32 secs, 602 evals, 500 steps, improv/step: 0.344 (last = 1.0000), fitness=1.281702905
6401.76 secs, 603 evals, 501 steps, improv/step: 0.345 (last = 1.0000), fitness=1.281702905
6412.33 secs, 604 evals, 502 steps, improv/step: 0.347 (last = 1.0000), fitness=1.281702905
6423.71 secs, 605 evals, 503 steps, improv/step: 0.348 (last = 1.0000), fitness=1.281702905
6434.65 secs, 606 evals, 504 steps, improv/step: 0.349 (last = 1.0000), fitness=1.281702905
6446.22 secs, 607 evals, 505 steps, improv/step: 0.349 (last = 0.0000), fitness=1.281702905
6456.18 secs, 608 evals, 506 steps, improv/step: 0.348 (last = 0.0000), fitness=1.281702905
6467.71 secs, 609 evals, 507 steps, improv/step: 0.347 (last = 0.0000), fitness=1.281702905
6477.61 secs, 610 evals, 508 steps, improv/step: 0.346 (last = 0.0000), fitness=1.281702905
6488.51 secs, 611 evals, 509 steps, improv/step: 0.346 (last = 0.0000), fitness=1.281702905
6499.20 secs, 612 evals, 510 steps, improv/step: 0.347 (last = 1.0000), fitness=1.281702905
6509.26 secs, 613 evals, 511 steps, improv/step: 0.346 (last = 0.0000), fitness=1.281702905
6520.90 secs, 614 evals, 512 steps, improv/step: 0.346 (last = 0.0000), fitness=1.281702905
6532.00 secs, 615 evals, 513 steps, improv/step: 0.345 (last = 0.0000), fitness=1.281702905
6543.43 secs, 616 evals, 514 steps, improv/step: 0.344 (last = 0.0000), fitness=1.281702905
6553.91 secs, 617 evals, 515 steps, improv/step: 0.344 (last = 0.0000), fitness=1.281702905
6564.38 secs, 618 evals, 516 steps, improv/step: 0.343 (last = 0.0000), fitness=1.281702905
6575.26 secs, 619 evals, 517 steps, improv/step: 0.344 (last = 1.0000), fitness=1.281702905
6586.21 secs, 620 evals, 518 steps, improv/step: 0.346 (last = 1.0000), fitness=1.281702905
6597.17 secs, 621 evals, 519 steps, improv/step: 0.347 (last = 1.0000), fitness=1.281702905
6608.27 secs, 622 evals, 520 steps, improv/step: 0.346 (last = 0.0000), fitness=1.281702905
6619.10 secs, 623 evals, 521 steps, improv/step: 0.345 (last = 0.0000), fitness=1.281702905
6629.90 secs, 624 evals, 522 steps, improv/step: 0.345 (last = 0.0000), fitness=1.281702905
6638.91 secs, 625 evals, 523 steps, improv/step: 0.344 (last = 0.0000), fitness=1.281702905
6648.73 secs, 626 evals, 524 steps, improv/step: 0.344 (last = 0.0000), fitness=1.281702905
6659.04 secs, 627 evals, 525 steps, improv/step: 0.343 (last = 0.0000), fitness=1.281702905
6669.58 secs, 628 evals, 526 steps, improv/step: 0.342 (last = 0.0000), fitness=1.281702905
6679.22 secs, 629 evals, 527 steps, improv/step: 0.342 (last = 0.0000), fitness=1.281702905
6689.47 secs, 630 evals, 528 steps, improv/step: 0.343 (last = 1.0000), fitness=1.281702905
6700.11 secs, 631 evals, 529 steps, improv/step: 0.344 (last = 1.0000), fitness=1.281702905
6710.38 secs, 632 evals, 530 steps, improv/step: 0.345 (last = 1.0000), fitness=1.281702905
6722.00 secs, 633 evals, 531 steps, improv/step: 0.345 (last = 0.0000), fitness=1.281702905
6733.00 secs, 634 evals, 532 steps, improv/step: 0.344 (last = 0.0000), fitness=1.281702905
6744.19 secs, 635 evals, 533 steps, improv/step: 0.343 (last = 0.0000), fitness=1.281702905
6754.77 secs, 636 evals, 534 steps, improv/step: 0.343 (last = 0.0000), fitness=1.281702905
6765.64 secs, 637 evals, 535 steps, improv/step: 0.342 (last = 0.0000), fitness=1.281702905
6776.61 secs, 638 evals, 536 steps, improv/step: 0.341 (last = 0.0000), fitness=1.281702905
6788.09 secs, 639 evals, 537 steps, improv/step: 0.341 (last = 0.0000), fitness=1.281702905
6798.53 secs, 640 evals, 538 steps, improv/step: 0.340 (last = 0.0000), fitness=1.281702905
6809.86 secs, 641 evals, 539 steps, improv/step: 0.340 (last = 0.0000), fitness=1.281702905
6820.81 secs, 642 evals, 540 steps, improv/step: 0.341 (last = 1.0000), fitness=1.281702905
6831.61 secs, 643 evals, 541 steps, improv/step: 0.342 (last = 1.0000), fitness=1.281702905
6842.84 secs, 644 evals, 542 steps, improv/step: 0.341 (last = 0.0000), fitness=1.281702905
6852.80 secs, 645 evals, 543 steps, improv/step: 0.341 (last = 0.0000), fitness=1.281702905
6864.06 secs, 646 evals, 544 steps, improv/step: 0.340 (last = 0.0000), fitness=1.281702905
6875.39 secs, 647 evals, 545 steps, improv/step: 0.341 (last = 1.0000), fitness=1.281702905
6886.41 secs, 648 evals, 546 steps, improv/step: 0.341 (last = 0.0000), fitness=1.281702905
6897.19 secs, 649 evals, 547 steps, improv/step: 0.342 (last = 1.0000), fitness=1.281702905
6908.65 secs, 650 evals, 548 steps, improv/step: 0.341 (last = 0.0000), fitness=1.281702905
6918.48 secs, 651 evals, 549 steps, improv/step: 0.341 (last = 0.0000), fitness=1.281702905
6929.02 secs, 652 evals, 550 steps, improv/step: 0.340 (last = 0.0000), fitness=1.281702905
6939.18 secs, 653 evals, 551 steps, improv/step: 0.339 (last = 0.0000), fitness=1.281702905
6949.54 secs, 654 evals, 552 steps, improv/step: 0.339 (last = 0.0000), fitness=1.281702905
6960.42 secs, 655 evals, 553 steps, improv/step: 0.338 (last = 0.0000), fitness=1.281702905
6970.29 secs, 656 evals, 554 steps, improv/step: 0.338 (last = 0.0000), fitness=1.281702905
6981.06 secs, 657 evals, 555 steps, improv/step: 0.337 (last = 0.0000), fitness=1.281702905
6991.82 secs, 658 evals, 556 steps, improv/step: 0.336 (last = 0.0000), fitness=1.281702905
7002.91 secs, 659 evals, 557 steps, improv/step: 0.336 (last = 0.0000), fitness=1.281702905
7014.16 secs, 660 evals, 558 steps, improv/step: 0.337 (last = 1.0000), fitness=1.281702905
7024.12 secs, 661 evals, 559 steps, improv/step: 0.336 (last = 0.0000), fitness=1.281702905
7035.37 secs, 662 evals, 560 steps, improv/step: 0.336 (last = 0.0000), fitness=1.281702905
7046.68 secs, 663 evals, 561 steps, improv/step: 0.335 (last = 0.0000), fitness=1.281702905
7057.94 secs, 664 evals, 562 steps, improv/step: 0.336 (last = 1.0000), fitness=1.281702905
7068.88 secs, 665 evals, 563 steps, improv/step: 0.337 (last = 1.0000), fitness=1.281702905
7079.63 secs, 666 evals, 564 steps, improv/step: 0.339 (last = 1.0000), fitness=1.281702905
7090.70 secs, 667 evals, 565 steps, improv/step: 0.338 (last = 0.0000), fitness=1.281702905
7101.83 secs, 668 evals, 566 steps, improv/step: 0.337 (last = 0.0000), fitness=1.281702905
7112.17 secs, 669 evals, 567 steps, improv/step: 0.337 (last = 0.0000), fitness=1.281702905
7122.92 secs, 670 evals, 568 steps, improv/step: 0.336 (last = 0.0000), fitness=1.281702905
7133.74 secs, 671 evals, 569 steps, improv/step: 0.337 (last = 1.0000), fitness=1.281702905
7144.96 secs, 672 evals, 570 steps, improv/step: 0.339 (last = 1.0000), fitness=1.281702905
7155.82 secs, 673 evals, 571 steps, improv/step: 0.340 (last = 1.0000), fitness=1.269261055
7166.84 secs, 674 evals, 572 steps, improv/step: 0.341 (last = 1.0000), fitness=1.269261055
7177.46 secs, 675 evals, 573 steps, improv/step: 0.342 (last = 1.0000), fitness=1.269261055
7188.95 secs, 676 evals, 574 steps, improv/step: 0.341 (last = 0.0000), fitness=1.269261055
7199.52 secs, 677 evals, 575 steps, improv/step: 0.341 (last = 0.0000), fitness=1.269261055
7210.36 secs, 678 evals, 576 steps, improv/step: 0.340 (last = 0.0000), fitness=1.269261055
7220.65 secs, 679 evals, 577 steps, improv/step: 0.340 (last = 0.0000), fitness=1.269261055
7231.13 secs, 680 evals, 578 steps, improv/step: 0.339 (last = 0.0000), fitness=1.269261055
7242.32 secs, 681 evals, 579 steps, improv/step: 0.339 (last = 0.0000), fitness=1.269261055
7253.39 secs, 682 evals, 580 steps, improv/step: 0.338 (last = 0.0000), fitness=1.269261055
7264.86 secs, 683 evals, 581 steps, improv/step: 0.337 (last = 0.0000), fitness=1.269261055
7274.92 secs, 684 evals, 582 steps, improv/step: 0.337 (last = 0.0000), fitness=1.269261055
7284.64 secs, 685 evals, 583 steps, improv/step: 0.336 (last = 0.0000), fitness=1.269261055
7295.24 secs, 686 evals, 584 steps, improv/step: 0.336 (last = 0.0000), fitness=1.269261055
7306.13 secs, 687 evals, 585 steps, improv/step: 0.337 (last = 1.0000), fitness=1.269261055
7317.39 secs, 688 evals, 586 steps, improv/step: 0.336 (last = 0.0000), fitness=1.269261055
7328.69 secs, 689 evals, 587 steps, improv/step: 0.336 (last = 0.0000), fitness=1.269261055
7338.97 secs, 690 evals, 588 steps, improv/step: 0.335 (last = 0.0000), fitness=1.269261055
7349.28 secs, 691 evals, 589 steps, improv/step: 0.334 (last = 0.0000), fitness=1.269261055
7360.87 secs, 692 evals, 590 steps, improv/step: 0.334 (last = 0.0000), fitness=1.269261055
7371.92 secs, 693 evals, 591 steps, improv/step: 0.335 (last = 1.0000), fitness=1.269261055
7383.18 secs, 694 evals, 592 steps, improv/step: 0.334 (last = 0.0000), fitness=1.269261055
7394.50 secs, 695 evals, 593 steps, improv/step: 0.334 (last = 0.0000), fitness=1.269261055
7405.80 secs, 696 evals, 594 steps, improv/step: 0.333 (last = 0.0000), fitness=1.269261055
7416.87 secs, 697 evals, 595 steps, improv/step: 0.334 (last = 1.0000), fitness=1.269261055
7425.92 secs, 698 evals, 596 steps, improv/step: 0.334 (last = 0.0000), fitness=1.269261055
7437.14 secs, 699 evals, 597 steps, improv/step: 0.333 (last = 0.0000), fitness=1.269261055
7448.12 secs, 700 evals, 598 steps, improv/step: 0.333 (last = 0.0000), fitness=1.269261055
7458.04 secs, 701 evals, 599 steps, improv/step: 0.332 (last = 0.0000), fitness=1.269261055
7469.46 secs, 702 evals, 600 steps, improv/step: 0.332 (last = 0.0000), fitness=1.269261055
7479.98 secs, 703 evals, 601 steps, improv/step: 0.331 (last = 0.0000), fitness=1.269261055
7490.50 secs, 704 evals, 602 steps, improv/step: 0.332 (last = 1.0000), fitness=1.269261055
7501.29 secs, 705 evals, 603 steps, improv/step: 0.332 (last = 0.0000), fitness=1.269261055
7512.39 secs, 706 evals, 604 steps, improv/step: 0.331 (last = 0.0000), fitness=1.269261055
7524.01 secs, 707 evals, 605 steps, improv/step: 0.331 (last = 0.0000), fitness=1.269261055
7535.76 secs, 708 evals, 606 steps, improv/step: 0.330 (last = 0.0000), fitness=1.269261055
7546.27 secs, 709 evals, 607 steps, improv/step: 0.329 (last = 0.0000), fitness=1.269261055
7557.26 secs, 710 evals, 608 steps, improv/step: 0.329 (last = 0.0000), fitness=1.269261055
7568.33 secs, 711 evals, 609 steps, improv/step: 0.328 (last = 0.0000), fitness=1.269261055
7579.41 secs, 712 evals, 610 steps, improv/step: 0.328 (last = 0.0000), fitness=1.269261055
7591.13 secs, 713 evals, 611 steps, improv/step: 0.327 (last = 0.0000), fitness=1.269261055
7601.85 secs, 714 evals, 612 steps, improv/step: 0.327 (last = 0.0000), fitness=1.269261055
7612.82 secs, 715 evals, 613 steps, improv/step: 0.326 (last = 0.0000), fitness=1.269261055
7623.95 secs, 716 evals, 614 steps, improv/step: 0.326 (last = 0.0000), fitness=1.269261055
7634.81 secs, 717 evals, 615 steps, improv/step: 0.327 (last = 1.0000), fitness=1.269261055
7645.83 secs, 718 evals, 616 steps, improv/step: 0.326 (last = 0.0000), fitness=1.269261055
7657.07 secs, 719 evals, 617 steps, improv/step: 0.326 (last = 0.0000), fitness=1.269261055
7668.69 secs, 720 evals, 618 steps, improv/step: 0.327 (last = 1.0000), fitness=1.269261055
7679.97 secs, 721 evals, 619 steps, improv/step: 0.326 (last = 0.0000), fitness=1.269261055
7690.80 secs, 722 evals, 620 steps, improv/step: 0.326 (last = 0.0000), fitness=1.269261055
7701.92 secs, 723 evals, 621 steps, improv/step: 0.327 (last = 1.0000), fitness=1.269261055
7712.67 secs, 724 evals, 622 steps, improv/step: 0.328 (last = 1.0000), fitness=1.269261055
7723.40 secs, 725 evals, 623 steps, improv/step: 0.327 (last = 0.0000), fitness=1.269261055
7734.19 secs, 726 evals, 624 steps, improv/step: 0.327 (last = 0.0000), fitness=1.269261055
7745.73 secs, 727 evals, 625 steps, improv/step: 0.326 (last = 0.0000), fitness=1.269261055
7756.71 secs, 728 evals, 626 steps, improv/step: 0.327 (last = 1.0000), fitness=1.269261055
7767.86 secs, 729 evals, 627 steps, improv/step: 0.327 (last = 0.0000), fitness=1.269261055
7778.52 secs, 730 evals, 628 steps, improv/step: 0.326 (last = 0.0000), fitness=1.269261055
7789.10 secs, 731 evals, 629 steps, improv/step: 0.326 (last = 0.0000), fitness=1.269261055
7800.05 secs, 732 evals, 630 steps, improv/step: 0.325 (last = 0.0000), fitness=1.269261055
7810.91 secs, 733 evals, 631 steps, improv/step: 0.325 (last = 0.0000), fitness=1.269261055
7821.46 secs, 734 evals, 632 steps, improv/step: 0.324 (last = 0.0000), fitness=1.269261055
7830.02 secs, 735 evals, 633 steps, improv/step: 0.324 (last = 0.0000), fitness=1.269261055
7841.31 secs, 736 evals, 634 steps, improv/step: 0.323 (last = 0.0000), fitness=1.269261055
7853.09 secs, 737 evals, 635 steps, improv/step: 0.323 (last = 0.0000), fitness=1.269261055
7863.19 secs, 738 evals, 636 steps, improv/step: 0.322 (last = 0.0000), fitness=1.269261055
7873.49 secs, 739 evals, 637 steps, improv/step: 0.322 (last = 0.0000), fitness=1.269261055
7884.23 secs, 740 evals, 638 steps, improv/step: 0.321 (last = 0.0000), fitness=1.269261055
7893.56 secs, 741 evals, 639 steps, improv/step: 0.321 (last = 0.0000), fitness=1.269261055
7905.14 secs, 742 evals, 640 steps, improv/step: 0.320 (last = 0.0000), fitness=1.269261055
7916.73 secs, 743 evals, 641 steps, improv/step: 0.320 (last = 0.0000), fitness=1.269261055
7927.95 secs, 744 evals, 642 steps, improv/step: 0.319 (last = 0.0000), fitness=1.269261055
7938.33 secs, 745 evals, 643 steps, improv/step: 0.319 (last = 0.0000), fitness=1.269261055
7948.04 secs, 746 evals, 644 steps, improv/step: 0.318 (last = 0.0000), fitness=1.269261055
7958.09 secs, 747 evals, 645 steps, improv/step: 0.318 (last = 0.0000), fitness=1.269261055
7968.97 secs, 748 evals, 646 steps, improv/step: 0.317 (last = 0.0000), fitness=1.269261055
7980.52 secs, 749 evals, 647 steps, improv/step: 0.317 (last = 0.0000), fitness=1.269261055
7991.84 secs, 750 evals, 648 steps, improv/step: 0.316 (last = 0.0000), fitness=1.269261055
8003.00 secs, 751 evals, 649 steps, improv/step: 0.316 (last = 0.0000), fitness=1.269261055
8013.86 secs, 752 evals, 650 steps, improv/step: 0.317 (last = 1.0000), fitness=1.269261055
8024.83 secs, 753 evals, 651 steps, improv/step: 0.318 (last = 1.0000), fitness=1.269261055
8035.35 secs, 754 evals, 652 steps, improv/step: 0.317 (last = 0.0000), fitness=1.269261055
8046.42 secs, 755 evals, 653 steps, improv/step: 0.317 (last = 0.0000), fitness=1.269261055
8055.97 secs, 756 evals, 654 steps, improv/step: 0.317 (last = 0.0000), fitness=1.269261055
8066.93 secs, 757 evals, 655 steps, improv/step: 0.318 (last = 1.0000), fitness=1.269261055
8077.91 secs, 758 evals, 656 steps, improv/step: 0.317 (last = 0.0000), fitness=1.269261055
8089.04 secs, 759 evals, 657 steps, improv/step: 0.317 (last = 0.0000), fitness=1.269261055
8100.31 secs, 760 evals, 658 steps, improv/step: 0.316 (last = 0.0000), fitness=1.269261055
8111.39 secs, 761 evals, 659 steps, improv/step: 0.317 (last = 1.0000), fitness=1.269261055
8121.97 secs, 762 evals, 660 steps, improv/step: 0.317 (last = 0.0000), fitness=1.269261055
8133.71 secs, 763 evals, 661 steps, improv/step: 0.316 (last = 0.0000), fitness=1.269261055
8144.43 secs, 764 evals, 662 steps, improv/step: 0.316 (last = 0.0000), fitness=1.269261055
8154.05 secs, 765 evals, 663 steps, improv/step: 0.315 (last = 0.0000), fitness=1.269261055
8165.17 secs, 766 evals, 664 steps, improv/step: 0.315 (last = 0.0000), fitness=1.269261055
8176.28 secs, 767 evals, 665 steps, improv/step: 0.314 (last = 0.0000), fitness=1.269261055
8187.89 secs, 768 evals, 666 steps, improv/step: 0.314 (last = 0.0000), fitness=1.269261055
8198.98 secs, 769 evals, 667 steps, improv/step: 0.313 (last = 0.0000), fitness=1.269261055
8209.64 secs, 770 evals, 668 steps, improv/step: 0.314 (last = 1.0000), fitness=1.269261055
8220.94 secs, 771 evals, 669 steps, improv/step: 0.314 (last = 0.0000), fitness=1.269261055
8232.41 secs, 772 evals, 670 steps, improv/step: 0.313 (last = 0.0000), fitness=1.269261055
8242.32 secs, 773 evals, 671 steps, improv/step: 0.313 (last = 0.0000), fitness=1.269261055
8253.94 secs, 774 evals, 672 steps, improv/step: 0.312 (last = 0.0000), fitness=1.269261055
8265.28 secs, 775 evals, 673 steps, improv/step: 0.312 (last = 0.0000), fitness=1.269261055
8276.66 secs, 776 evals, 674 steps, improv/step: 0.312 (last = 0.0000), fitness=1.269261055
8288.03 secs, 777 evals, 675 steps, improv/step: 0.313 (last = 1.0000), fitness=1.269261055
8299.48 secs, 778 evals, 676 steps, improv/step: 0.314 (last = 1.0000), fitness=1.269261055
8311.21 secs, 779 evals, 677 steps, improv/step: 0.313 (last = 0.0000), fitness=1.269261055
8322.48 secs, 780 evals, 678 steps, improv/step: 0.314 (last = 1.0000), fitness=1.269261055
8333.86 secs, 781 evals, 679 steps, improv/step: 0.314 (last = 0.0000), fitness=1.269261055
8345.20 secs, 782 evals, 680 steps, improv/step: 0.313 (last = 0.0000), fitness=1.269261055
8356.06 secs, 783 evals, 681 steps, improv/step: 0.313 (last = 0.0000), fitness=1.269261055
8367.42 secs, 784 evals, 682 steps, improv/step: 0.312 (last = 0.0000), fitness=1.269261055
8379.15 secs, 785 evals, 683 steps, improv/step: 0.312 (last = 0.0000), fitness=1.269261055
8390.37 secs, 786 evals, 684 steps, improv/step: 0.313 (last = 1.0000), fitness=1.269261055
8401.02 secs, 787 evals, 685 steps, improv/step: 0.312 (last = 0.0000), fitness=1.269261055
8410.64 secs, 788 evals, 686 steps, improv/step: 0.312 (last = 0.0000), fitness=1.269261055
8421.84 secs, 789 evals, 687 steps, improv/step: 0.311 (last = 0.0000), fitness=1.269261055
8432.55 secs, 790 evals, 688 steps, improv/step: 0.311 (last = 0.0000), fitness=1.269261055
8443.49 secs, 791 evals, 689 steps, improv/step: 0.312 (last = 1.0000), fitness=1.269261055
8454.67 secs, 792 evals, 690 steps, improv/step: 0.312 (last = 0.0000), fitness=1.269261055
8466.37 secs, 793 evals, 691 steps, improv/step: 0.311 (last = 0.0000), fitness=1.269261055
8477.42 secs, 794 evals, 692 steps, improv/step: 0.311 (last = 0.0000), fitness=1.269261055
8488.24 secs, 795 evals, 693 steps, improv/step: 0.310 (last = 0.0000), fitness=1.269261055
8499.05 secs, 796 evals, 694 steps, improv/step: 0.310 (last = 0.0000), fitness=1.269261055
8509.99 secs, 797 evals, 695 steps, improv/step: 0.309 (last = 0.0000), fitness=1.269261055
8519.91 secs, 798 evals, 696 steps, improv/step: 0.309 (last = 0.0000), fitness=1.269261055
8530.41 secs, 799 evals, 697 steps, improv/step: 0.308 (last = 0.0000), fitness=1.269261055
8541.68 secs, 800 evals, 698 steps, improv/step: 0.308 (last = 0.0000), fitness=1.269261055
8552.65 secs, 801 evals, 699 steps, improv/step: 0.309 (last = 1.0000), fitness=1.269261055
8563.72 secs, 802 evals, 700 steps, improv/step: 0.309 (last = 0.0000), fitness=1.269261055
8574.89 secs, 803 evals, 701 steps, improv/step: 0.308 (last = 0.0000), fitness=1.269261055
8585.92 secs, 804 evals, 702 steps, improv/step: 0.309 (last = 1.0000), fitness=1.265338888
8596.06 secs, 805 evals, 703 steps, improv/step: 0.309 (last = 0.0000), fitness=1.265338888
8606.80 secs, 806 evals, 704 steps, improv/step: 0.308 (last = 0.0000), fitness=1.265338888
8617.90 secs, 807 evals, 705 steps, improv/step: 0.308 (last = 0.0000), fitness=1.265338888
8628.88 secs, 808 evals, 706 steps, improv/step: 0.307 (last = 0.0000), fitness=1.265338888
8639.35 secs, 809 evals, 707 steps, improv/step: 0.307 (last = 0.0000), fitness=1.265338888
8649.36 secs, 810 evals, 708 steps, improv/step: 0.306 (last = 0.0000), fitness=1.265338888
8660.00 secs, 811 evals, 709 steps, improv/step: 0.307 (last = 1.0000), fitness=1.265338888
8670.77 secs, 812 evals, 710 steps, improv/step: 0.307 (last = 0.0000), fitness=1.265338888
8680.82 secs, 813 evals, 711 steps, improv/step: 0.307 (last = 0.0000), fitness=1.265338888
8691.84 secs, 814 evals, 712 steps, improv/step: 0.308 (last = 1.0000), fitness=1.265338888
8702.16 secs, 815 evals, 713 steps, improv/step: 0.307 (last = 0.0000), fitness=1.265338888
8712.95 secs, 816 evals, 714 steps, improv/step: 0.307 (last = 0.0000), fitness=1.265338888
8724.27 secs, 817 evals, 715 steps, improv/step: 0.308 (last = 1.0000), fitness=1.265338888
8735.15 secs, 818 evals, 716 steps, improv/step: 0.309 (last = 1.0000), fitness=1.265338888
8745.95 secs, 819 evals, 717 steps, improv/step: 0.308 (last = 0.0000), fitness=1.265338888
8757.18 secs, 820 evals, 718 steps, improv/step: 0.308 (last = 0.0000), fitness=1.265338888
8768.32 secs, 821 evals, 719 steps, improv/step: 0.309 (last = 1.0000), fitness=1.265338888
8779.43 secs, 822 evals, 720 steps, improv/step: 0.310 (last = 1.0000), fitness=1.265338888
8789.88 secs, 823 evals, 721 steps, improv/step: 0.309 (last = 0.0000), fitness=1.265338888
8800.89 secs, 824 evals, 722 steps, improv/step: 0.309 (last = 0.0000), fitness=1.265338888
8811.69 secs, 825 evals, 723 steps, improv/step: 0.310 (last = 1.0000), fitness=1.265338888
8823.21 secs, 826 evals, 724 steps, improv/step: 0.309 (last = 0.0000), fitness=1.265338888
8834.49 secs, 827 evals, 725 steps, improv/step: 0.309 (last = 0.0000), fitness=1.265338888
8844.61 secs, 828 evals, 726 steps, improv/step: 0.309 (last = 0.0000), fitness=1.265338888
8855.61 secs, 829 evals, 727 steps, improv/step: 0.308 (last = 0.0000), fitness=1.265338888
8864.91 secs, 830 evals, 728 steps, improv/step: 0.308 (last = 0.0000), fitness=1.265338888
8875.72 secs, 831 evals, 729 steps, improv/step: 0.307 (last = 0.0000), fitness=1.265338888
8886.69 secs, 832 evals, 730 steps, improv/step: 0.307 (last = 0.0000), fitness=1.265338888
8897.52 secs, 833 evals, 731 steps, improv/step: 0.308 (last = 1.0000), fitness=1.265338888
8908.56 secs, 834 evals, 732 steps, improv/step: 0.309 (last = 1.0000), fitness=1.265338888
8919.21 secs, 835 evals, 733 steps, improv/step: 0.308 (last = 0.0000), fitness=1.265338888
8930.15 secs, 836 evals, 734 steps, improv/step: 0.309 (last = 1.0000), fitness=1.265338888
8941.04 secs, 837 evals, 735 steps, improv/step: 0.309 (last = 0.0000), fitness=1.265338888
8952.56 secs, 838 evals, 736 steps, improv/step: 0.308 (last = 0.0000), fitness=1.265338888
8963.67 secs, 839 evals, 737 steps, improv/step: 0.308 (last = 0.0000), fitness=1.265338888
8974.83 secs, 840 evals, 738 steps, improv/step: 0.309 (last = 1.0000), fitness=1.265338888
8985.60 secs, 841 evals, 739 steps, improv/step: 0.309 (last = 0.0000), fitness=1.265338888
8996.77 secs, 842 evals, 740 steps, improv/step: 0.308 (last = 0.0000), fitness=1.265338888
9007.90 secs, 843 evals, 741 steps, improv/step: 0.308 (last = 0.0000), fitness=1.265338888
9019.46 secs, 844 evals, 742 steps, improv/step: 0.307 (last = 0.0000), fitness=1.265338888
9030.77 secs, 845 evals, 743 steps, improv/step: 0.307 (last = 0.0000), fitness=1.265338888
9040.52 secs, 846 evals, 744 steps, improv/step: 0.306 (last = 0.0000), fitness=1.265338888
9051.77 secs, 847 evals, 745 steps, improv/step: 0.306 (last = 0.0000), fitness=1.265338888
9062.85 secs, 848 evals, 746 steps, improv/step: 0.306 (last = 0.0000), fitness=1.265338888
9073.07 secs, 849 evals, 747 steps, improv/step: 0.305 (last = 0.0000), fitness=1.265338888
9084.01 secs, 850 evals, 748 steps, improv/step: 0.305 (last = 0.0000), fitness=1.265338888
9095.29 secs, 851 evals, 749 steps, improv/step: 0.304 (last = 0.0000), fitness=1.265338888
9105.66 secs, 852 evals, 750 steps, improv/step: 0.304 (last = 0.0000), fitness=1.265338888
9116.32 secs, 853 evals, 751 steps, improv/step: 0.304 (last = 0.0000), fitness=1.265338888
9127.07 secs, 854 evals, 752 steps, improv/step: 0.303 (last = 0.0000), fitness=1.265338888
9137.99 secs, 855 evals, 753 steps, improv/step: 0.303 (last = 0.0000), fitness=1.265338888
9148.97 secs, 856 evals, 754 steps, improv/step: 0.304 (last = 1.0000), fitness=1.265338888
9159.63 secs, 857 evals, 755 steps, improv/step: 0.303 (last = 0.0000), fitness=1.265338888
9171.07 secs, 858 evals, 756 steps, improv/step: 0.303 (last = 0.0000), fitness=1.265338888
9182.50 secs, 859 evals, 757 steps, improv/step: 0.303 (last = 0.0000), fitness=1.265338888
9193.51 secs, 860 evals, 758 steps, improv/step: 0.302 (last = 0.0000), fitness=1.265338888
9204.49 secs, 861 evals, 759 steps, improv/step: 0.303 (last = 1.0000), fitness=1.265338888
9215.83 secs, 862 evals, 760 steps, improv/step: 0.303 (last = 0.0000), fitness=1.265338888
9227.04 secs, 863 evals, 761 steps, improv/step: 0.302 (last = 0.0000), fitness=1.265338888
9237.38 secs, 864 evals, 762 steps, improv/step: 0.303 (last = 1.0000), fitness=1.265338888
9248.79 secs, 865 evals, 763 steps, improv/step: 0.304 (last = 1.0000), fitness=1.265338888
9259.62 secs, 866 evals, 764 steps, improv/step: 0.304 (last = 0.0000), fitness=1.265338888
9270.52 secs, 867 evals, 765 steps, improv/step: 0.303 (last = 0.0000), fitness=1.265338888
9282.17 secs, 868 evals, 766 steps, improv/step: 0.303 (last = 0.0000), fitness=1.265338888
9292.90 secs, 869 evals, 767 steps, improv/step: 0.302 (last = 0.0000), fitness=1.265338888
9303.82 secs, 870 evals, 768 steps, improv/step: 0.302 (last = 0.0000), fitness=1.265338888
9314.99 secs, 871 evals, 769 steps, improv/step: 0.303 (last = 1.0000), fitness=1.265338888
9325.66 secs, 872 evals, 770 steps, improv/step: 0.304 (last = 1.0000), fitness=1.265338888
9336.42 secs, 873 evals, 771 steps, improv/step: 0.304 (last = 0.0000), fitness=1.265338888
9347.55 secs, 874 evals, 772 steps, improv/step: 0.303 (last = 0.0000), fitness=1.265338888
9358.38 secs, 875 evals, 773 steps, improv/step: 0.304 (last = 1.0000), fitness=1.265338888
9369.34 secs, 876 evals, 774 steps, improv/step: 0.305 (last = 1.0000), fitness=1.265338888
9380.11 secs, 877 evals, 775 steps, improv/step: 0.305 (last = 0.0000), fitness=1.265338888
9390.97 secs, 878 evals, 776 steps, improv/step: 0.304 (last = 0.0000), fitness=1.265338888
9401.91 secs, 879 evals, 777 steps, improv/step: 0.304 (last = 0.0000), fitness=1.265338888
9412.82 secs, 880 evals, 778 steps, improv/step: 0.303 (last = 0.0000), fitness=1.265338888
9423.56 secs, 881 evals, 779 steps, improv/step: 0.304 (last = 1.0000), fitness=1.265338888
9434.38 secs, 882 evals, 780 steps, improv/step: 0.305 (last = 1.0000), fitness=1.265338888
9445.52 secs, 883 evals, 781 steps, improv/step: 0.306 (last = 1.0000), fitness=1.265338888
9456.52 secs, 884 evals, 782 steps, improv/step: 0.306 (last = 0.0000), fitness=1.265338888
9467.12 secs, 885 evals, 783 steps, improv/step: 0.305 (last = 0.0000), fitness=1.265338888
9478.64 secs, 886 evals, 784 steps, improv/step: 0.305 (last = 0.0000), fitness=1.265338888
9489.60 secs, 887 evals, 785 steps, improv/step: 0.304 (last = 0.0000), fitness=1.265338888
9500.24 secs, 888 evals, 786 steps, improv/step: 0.304 (last = 0.0000), fitness=1.265338888
9511.17 secs, 889 evals, 787 steps, improv/step: 0.305 (last = 1.0000), fitness=1.262814082
9521.68 secs, 890 evals, 788 steps, improv/step: 0.305 (last = 0.0000), fitness=1.262814082
9532.58 secs, 891 evals, 789 steps, improv/step: 0.305 (last = 1.0000), fitness=1.262814082
9543.39 secs, 892 evals, 790 steps, improv/step: 0.305 (last = 0.0000), fitness=1.262814082
9554.14 secs, 893 evals, 791 steps, improv/step: 0.305 (last = 0.0000), fitness=1.262814082
9565.11 secs, 894 evals, 792 steps, improv/step: 0.306 (last = 1.0000), fitness=1.262814082
9575.94 secs, 895 evals, 793 steps, improv/step: 0.305 (last = 0.0000), fitness=1.262814082
9586.51 secs, 896 evals, 794 steps, improv/step: 0.305 (last = 0.0000), fitness=1.262814082
9597.55 secs, 897 evals, 795 steps, improv/step: 0.304 (last = 0.0000), fitness=1.262814082
9608.28 secs, 898 evals, 796 steps, improv/step: 0.304 (last = 0.0000), fitness=1.262814082
9619.54 secs, 899 evals, 797 steps, improv/step: 0.304 (last = 0.0000), fitness=1.262814082
9630.28 secs, 900 evals, 798 steps, improv/step: 0.303 (last = 0.0000), fitness=1.262814082
9641.38 secs, 901 evals, 799 steps, improv/step: 0.303 (last = 0.0000), fitness=1.262814082
9652.43 secs, 902 evals, 800 steps, improv/step: 0.304 (last = 1.0000), fitness=1.262814082
9663.55 secs, 903 evals, 801 steps, improv/step: 0.303 (last = 0.0000), fitness=1.262814082
9675.03 secs, 904 evals, 802 steps, improv/step: 0.303 (last = 0.0000), fitness=1.262814082
9686.01 secs, 905 evals, 803 steps, improv/step: 0.303 (last = 0.0000), fitness=1.262814082
9696.85 secs, 906 evals, 804 steps, improv/step: 0.302 (last = 0.0000), fitness=1.262814082
9707.53 secs, 907 evals, 805 steps, improv/step: 0.302 (last = 0.0000), fitness=1.262814082
9718.35 secs, 908 evals, 806 steps, improv/step: 0.301 (last = 0.0000), fitness=1.262814082
9729.40 secs, 909 evals, 807 steps, improv/step: 0.302 (last = 1.0000), fitness=1.262814082
9740.36 secs, 910 evals, 808 steps, improv/step: 0.302 (last = 0.0000), fitness=1.262814082
9751.18 secs, 911 evals, 809 steps, improv/step: 0.303 (last = 1.0000), fitness=1.262814082
9762.11 secs, 912 evals, 810 steps, improv/step: 0.302 (last = 0.0000), fitness=1.262814082
9772.42 secs, 913 evals, 811 steps, improv/step: 0.302 (last = 0.0000), fitness=1.262814082
9782.64 secs, 914 evals, 812 steps, improv/step: 0.302 (last = 0.0000), fitness=1.262814082
9793.21 secs, 915 evals, 813 steps, improv/step: 0.301 (last = 0.0000), fitness=1.262814082
9804.01 secs, 916 evals, 814 steps, improv/step: 0.301 (last = 0.0000), fitness=1.262814082
9814.86 secs, 917 evals, 815 steps, improv/step: 0.301 (last = 0.0000), fitness=1.262814082
9825.64 secs, 918 evals, 816 steps, improv/step: 0.300 (last = 0.0000), fitness=1.262814082
9836.52 secs, 919 evals, 817 steps, improv/step: 0.300 (last = 0.0000), fitness=1.262814082
9847.72 secs, 920 evals, 818 steps, improv/step: 0.301 (last = 1.0000), fitness=1.262814082
9858.80 secs, 921 evals, 819 steps, improv/step: 0.300 (last = 0.0000), fitness=1.262814082
9869.73 secs, 922 evals, 820 steps, improv/step: 0.300 (last = 0.0000), fitness=1.262814082
9880.74 secs, 923 evals, 821 steps, improv/step: 0.300 (last = 0.0000), fitness=1.262814082
9891.54 secs, 924 evals, 822 steps, improv/step: 0.300 (last = 1.0000), fitness=1.262814082
9902.43 secs, 925 evals, 823 steps, improv/step: 0.300 (last = 0.0000), fitness=1.262814082
9912.87 secs, 926 evals, 824 steps, improv/step: 0.300 (last = 0.0000), fitness=1.262814082
9923.61 secs, 927 evals, 825 steps, improv/step: 0.299 (last = 0.0000), fitness=1.262814082
9934.41 secs, 928 evals, 826 steps, improv/step: 0.299 (last = 0.0000), fitness=1.262814082
9945.56 secs, 929 evals, 827 steps, improv/step: 0.300 (last = 1.0000), fitness=1.262814082
9956.36 secs, 930 evals, 828 steps, improv/step: 0.300 (last = 0.0000), fitness=1.262814082
9967.28 secs, 931 evals, 829 steps, improv/step: 0.300 (last = 1.0000), fitness=1.262814082
9977.34 secs, 932 evals, 830 steps, improv/step: 0.300 (last = 0.0000), fitness=1.262814082
9988.26 secs, 933 evals, 831 steps, improv/step: 0.300 (last = 0.0000), fitness=1.262814082
9998.91 secs, 934 evals, 832 steps, improv/step: 0.299 (last = 0.0000), fitness=1.262814082
10010.21 secs, 935 evals, 833 steps, improv/step: 0.299 (last = 0.0000), fitness=1.262814082
10021.01 secs, 936 evals, 834 steps, improv/step: 0.300 (last = 1.0000), fitness=1.262814082
10031.78 secs, 937 evals, 835 steps, improv/step: 0.299 (last = 0.0000), fitness=1.262814082
10042.42 secs, 938 evals, 836 steps, improv/step: 0.299 (last = 0.0000), fitness=1.262814082
10053.50 secs, 939 evals, 837 steps, improv/step: 0.299 (last = 0.0000), fitness=1.262814082
10064.50 secs, 940 evals, 838 steps, improv/step: 0.300 (last = 1.0000), fitness=1.262814082
10075.60 secs, 941 evals, 839 steps, improv/step: 0.299 (last = 0.0000), fitness=1.262814082
10086.16 secs, 942 evals, 840 steps, improv/step: 0.299 (last = 0.0000), fitness=1.262814082
10096.82 secs, 943 evals, 841 steps, improv/step: 0.298 (last = 0.0000), fitness=1.262814082
10106.92 secs, 944 evals, 842 steps, improv/step: 0.298 (last = 0.0000), fitness=1.262814082
10117.79 secs, 945 evals, 843 steps, improv/step: 0.299 (last = 1.0000), fitness=1.262814082
10128.50 secs, 946 evals, 844 steps, improv/step: 0.299 (last = 0.0000), fitness=1.262814082
10139.25 secs, 947 evals, 845 steps, improv/step: 0.298 (last = 0.0000), fitness=1.262814082
10150.38 secs, 948 evals, 846 steps, improv/step: 0.298 (last = 0.0000), fitness=1.262814082
10160.60 secs, 949 evals, 847 steps, improv/step: 0.298 (last = 0.0000), fitness=1.262814082
10170.93 secs, 950 evals, 848 steps, improv/step: 0.297 (last = 0.0000), fitness=1.262814082
10181.47 secs, 951 evals, 849 steps, improv/step: 0.297 (last = 0.0000), fitness=1.262814082
10192.55 secs, 952 evals, 850 steps, improv/step: 0.296 (last = 0.0000), fitness=1.262814082
10203.51 secs, 953 evals, 851 steps, improv/step: 0.296 (last = 0.0000), fitness=1.262814082
10214.42 secs, 954 evals, 852 steps, improv/step: 0.296 (last = 0.0000), fitness=1.262814082
10225.12 secs, 955 evals, 853 steps, improv/step: 0.297 (last = 1.0000), fitness=1.262517494
10236.12 secs, 956 evals, 854 steps, improv/step: 0.296 (last = 0.0000), fitness=1.262517494
10246.23 secs, 957 evals, 855 steps, improv/step: 0.296 (last = 0.0000), fitness=1.262517494
10256.96 secs, 958 evals, 856 steps, improv/step: 0.296 (last = 0.0000), fitness=1.262517494
10267.84 secs, 959 evals, 857 steps, improv/step: 0.296 (last = 1.0000), fitness=1.262517494
10278.75 secs, 960 evals, 858 steps, improv/step: 0.296 (last = 0.0000), fitness=1.262517494
10289.46 secs, 961 evals, 859 steps, improv/step: 0.296 (last = 0.0000), fitness=1.262517494
10300.42 secs, 962 evals, 860 steps, improv/step: 0.297 (last = 1.0000), fitness=1.262517494
10311.39 secs, 963 evals, 861 steps, improv/step: 0.296 (last = 0.0000), fitness=1.262517494
10322.12 secs, 964 evals, 862 steps, improv/step: 0.296 (last = 0.0000), fitness=1.262517494
10332.83 secs, 965 evals, 863 steps, improv/step: 0.297 (last = 1.0000), fitness=1.262517494
10343.47 secs, 966 evals, 864 steps, improv/step: 0.296 (last = 0.0000), fitness=1.262517494
10354.28 secs, 967 evals, 865 steps, improv/step: 0.296 (last = 0.0000), fitness=1.262517494
10365.24 secs, 968 evals, 866 steps, improv/step: 0.296 (last = 0.0000), fitness=1.262517494
10375.99 secs, 969 evals, 867 steps, improv/step: 0.295 (last = 0.0000), fitness=1.262517494
10386.89 secs, 970 evals, 868 steps, improv/step: 0.296 (last = 1.0000), fitness=1.262517494
10397.90 secs, 971 evals, 869 steps, improv/step: 0.296 (last = 0.0000), fitness=1.262517494
10408.90 secs, 972 evals, 870 steps, improv/step: 0.295 (last = 0.0000), fitness=1.262517494
10419.77 secs, 973 evals, 871 steps, improv/step: 0.295 (last = 0.0000), fitness=1.262517494
10430.82 secs, 974 evals, 872 steps, improv/step: 0.295 (last = 0.0000), fitness=1.262517494
10441.71 secs, 975 evals, 873 steps, improv/step: 0.294 (last = 0.0000), fitness=1.262517494
10452.85 secs, 976 evals, 874 steps, improv/step: 0.294 (last = 0.0000), fitness=1.262517494
10463.60 secs, 977 evals, 875 steps, improv/step: 0.294 (last = 0.0000), fitness=1.262517494
10474.29 secs, 978 evals, 876 steps, improv/step: 0.295 (last = 1.0000), fitness=1.262517494
10484.68 secs, 979 evals, 877 steps, improv/step: 0.294 (last = 0.0000), fitness=1.262517494
10495.37 secs, 980 evals, 878 steps, improv/step: 0.294 (last = 0.0000), fitness=1.262517494
10506.50 secs, 981 evals, 879 steps, improv/step: 0.294 (last = 0.0000), fitness=1.262517494
10517.08 secs, 982 evals, 880 steps, improv/step: 0.293 (last = 0.0000), fitness=1.262517494
10527.94 secs, 983 evals, 881 steps, improv/step: 0.293 (last = 0.0000), fitness=1.262517494
10538.79 secs, 984 evals, 882 steps, improv/step: 0.293 (last = 0.0000), fitness=1.262517494
10549.54 secs, 985 evals, 883 steps, improv/step: 0.292 (last = 0.0000), fitness=1.262517494
10560.40 secs, 986 evals, 884 steps, improv/step: 0.292 (last = 0.0000), fitness=1.262517494
10571.52 secs, 987 evals, 885 steps, improv/step: 0.293 (last = 1.0000), fitness=1.262517494
10582.29 secs, 988 evals, 886 steps, improv/step: 0.292 (last = 0.0000), fitness=1.262517494
10593.07 secs, 989 evals, 887 steps, improv/step: 0.292 (last = 0.0000), fitness=1.262517494
10604.02 secs, 990 evals, 888 steps, improv/step: 0.292 (last = 0.0000), fitness=1.262517494
10614.78 secs, 991 evals, 889 steps, improv/step: 0.292 (last = 1.0000), fitness=1.262517494
10625.44 secs, 992 evals, 890 steps, improv/step: 0.293 (last = 1.0000), fitness=1.262517494
10636.23 secs, 993 evals, 891 steps, improv/step: 0.293 (last = 0.0000), fitness=1.262517494
10646.67 secs, 994 evals, 892 steps, improv/step: 0.294 (last = 1.0000), fitness=1.262517494
10656.61 secs, 995 evals, 893 steps, improv/step: 0.293 (last = 0.0000), fitness=1.262517494
10667.29 secs, 996 evals, 894 steps, improv/step: 0.294 (last = 1.0000), fitness=1.262517494
10678.08 secs, 997 evals, 895 steps, improv/step: 0.294 (last = 0.0000), fitness=1.262517494
10688.89 secs, 998 evals, 896 steps, improv/step: 0.294 (last = 0.0000), fitness=1.262517494
10699.41 secs, 999 evals, 897 steps, improv/step: 0.293 (last = 0.0000), fitness=1.262517494
10709.88 secs, 1000 evals, 898 steps, improv/step: 0.294 (last = 1.0000), fitness=1.262517494
10720.57 secs, 1001 evals, 899 steps, improv/step: 0.294 (last = 0.0000), fitness=1.262517494
10731.13 secs, 1002 evals, 900 steps, improv/step: 0.293 (last = 0.0000), fitness=1.262517494
10741.80 secs, 1003 evals, 901 steps, improv/step: 0.293 (last = 0.0000), fitness=1.262517494
10752.71 secs, 1004 evals, 902 steps, improv/step: 0.293 (last = 0.0000), fitness=1.262517494
10763.53 secs, 1005 evals, 903 steps, improv/step: 0.292 (last = 0.0000), fitness=1.262517494
10774.54 secs, 1006 evals, 904 steps, improv/step: 0.292 (last = 0.0000), fitness=1.262517494
10785.62 secs, 1007 evals, 905 steps, improv/step: 0.292 (last = 0.0000), fitness=1.262517494
10796.75 secs, 1008 evals, 906 steps, improv/step: 0.291 (last = 0.0000), fitness=1.262517494

Optimization stopped after 907 steps and 10807.48 seconds
Termination reason: Max time (10800.0 s) reached
Steps per second = 0.08
Function evals per second = 0.09
Improvements/step = Inf
Total function evaluations = 1009


Best candidate found: [0.329476, 0.8399]

Fitness: 1.262517494

