N_Jobs_Total: 144
Starting optimization with optimizer DiffEvoOpt{FitPopulation{Float64}, RadiusLimitedSelector, BlackBoxOptim.AdaptiveDiffEvoRandBin{3}, RandomBound{ContinuousRectSearchSpace}}
0.00 secs, 0 evals, 0 steps
430.23 secs, 2 evals, 1 steps, improv/step: 1.000 (last = 1.0000), fitness=49.057677297
597.46 secs, 4 evals, 2 steps, improv/step: 0.500 (last = 0.0000), fitness=49.057677297
966.40 secs, 6 evals, 3 steps, improv/step: 0.667 (last = 1.0000), fitness=3.209033263
1246.14 secs, 8 evals, 4 steps, improv/step: 0.500 (last = 0.0000), fitness=3.209033263
1680.38 secs, 10 evals, 5 steps, improv/step: 0.400 (last = 0.0000), fitness=3.209033263
2118.86 secs, 12 evals, 6 steps, improv/step: 0.333 (last = 0.0000), fitness=3.209033263
2292.70 secs, 14 evals, 7 steps, improv/step: 0.286 (last = 0.0000), fitness=3.209033263
2660.24 secs, 16 evals, 8 steps, improv/step: 0.375 (last = 1.0000), fitness=3.209033263
3016.22 secs, 18 evals, 9 steps, improv/step: 0.444 (last = 1.0000), fitness=2.106355296
3306.34 secs, 20 evals, 10 steps, improv/step: 0.500 (last = 1.0000), fitness=2.106355296
3706.38 secs, 22 evals, 11 steps, improv/step: 0.455 (last = 0.0000), fitness=2.106355296
4094.61 secs, 24 evals, 12 steps, improv/step: 0.500 (last = 1.0000), fitness=2.106355296
4445.45 secs, 26 evals, 13 steps, improv/step: 0.538 (last = 1.0000), fitness=2.106355296
4833.80 secs, 28 evals, 14 steps, improv/step: 0.500 (last = 0.0000), fitness=2.106355296
5048.05 secs, 29 evals, 15 steps, improv/step: 0.533 (last = 1.0000), fitness=2.106355296
5394.51 secs, 31 evals, 16 steps, improv/step: 0.562 (last = 1.0000), fitness=2.106355296
5769.43 secs, 33 evals, 17 steps, improv/step: 0.588 (last = 1.0000), fitness=2.106355296
6063.73 secs, 35 evals, 18 steps, improv/step: 0.611 (last = 1.0000), fitness=2.106355296
6507.49 secs, 37 evals, 19 steps, improv/step: 0.579 (last = 0.0000), fitness=2.106355296
6716.85 secs, 38 evals, 20 steps, improv/step: 0.600 (last = 1.0000), fitness=2.106355296
6882.43 secs, 39 evals, 21 steps, improv/step: 0.571 (last = 0.0000), fitness=2.106355296
7308.37 secs, 41 evals, 22 steps, improv/step: 0.591 (last = 1.0000), fitness=2.106355296
7739.31 secs, 43 evals, 23 steps, improv/step: 0.565 (last = 0.0000), fitness=2.106355296
8091.71 secs, 45 evals, 24 steps, improv/step: 0.542 (last = 0.0000), fitness=2.106355296
8459.66 secs, 47 evals, 25 steps, improv/step: 0.520 (last = 0.0000), fitness=1.788200232
8760.51 secs, 49 evals, 26 steps, improv/step: 0.538 (last = 1.0000), fitness=1.788200232
9205.59 secs, 51 evals, 27 steps, improv/step: 0.519 (last = 0.0000), fitness=1.788200232
9406.06 secs, 52 evals, 28 steps, improv/step: 0.500 (last = 0.0000), fitness=1.788200232
9780.01 secs, 54 evals, 29 steps, improv/step: 0.517 (last = 1.0000), fitness=1.788200232
10206.04 secs, 56 evals, 30 steps, improv/step: 0.500 (last = 0.0000), fitness=1.788200232
10593.97 secs, 58 evals, 31 steps, improv/step: 0.484 (last = 0.0000), fitness=1.788200232

Optimization stopped after 32 steps and 10811.33 seconds
Termination reason: Max time (10800.0 s) reached
Steps per second = 0.00
Function evals per second = 0.01
Improvements/step = Inf
Total function evaluations = 60


Best candidate found: [0.173535, 0.396404]

Fitness: 1.788200232

