N_Jobs_Total: 144
Starting optimization with optimizer DiffEvoOpt{FitPopulation{Float64}, RadiusLimitedSelector, BlackBoxOptim.AdaptiveDiffEvoRandBin{3}, RandomBound{ContinuousRectSearchSpace}}
0.00 secs, 0 evals, 0 steps
301.60 secs, 2 evals, 1 steps, fitness=71.670092500
597.86 secs, 4 evals, 2 steps, fitness=66.863267381
837.02 secs, 6 evals, 3 steps, fitness=2.618666778
1153.39 secs, 8 evals, 4 steps, improv/step: 0.250 (last = 1.0000), fitness=2.618666778
1429.10 secs, 10 evals, 5 steps, improv/step: 0.400 (last = 1.0000), fitness=2.618666778
1743.42 secs, 12 evals, 6 steps, improv/step: 0.333 (last = 0.0000), fitness=2.618666778
1945.65 secs, 14 evals, 7 steps, improv/step: 0.429 (last = 1.0000), fitness=2.618666778
2263.56 secs, 16 evals, 8 steps, improv/step: 0.500 (last = 1.0000), fitness=2.618666778
2462.64 secs, 18 evals, 9 steps, improv/step: 0.556 (last = 1.0000), fitness=1.108134251
2757.74 secs, 20 evals, 10 steps, improv/step: 0.600 (last = 1.0000), fitness=1.108134251
2967.12 secs, 22 evals, 11 steps, improv/step: 0.545 (last = 0.0000), fitness=1.108134251
3239.14 secs, 24 evals, 12 steps, improv/step: 0.500 (last = 0.0000), fitness=1.108134251
3398.99 secs, 26 evals, 13 steps, improv/step: 0.538 (last = 1.0000), fitness=0.623884886
3442.49 secs, 27 evals, 14 steps, improv/step: 0.571 (last = 1.0000), fitness=0.623884886
3649.02 secs, 29 evals, 15 steps, improv/step: 0.533 (last = 0.0000), fitness=0.623884886
3851.96 secs, 31 evals, 16 steps, improv/step: 0.500 (last = 0.0000), fitness=0.623884886
3974.54 secs, 32 evals, 17 steps, improv/step: 0.529 (last = 1.0000), fitness=0.623884886
4184.01 secs, 34 evals, 18 steps, improv/step: 0.500 (last = 0.0000), fitness=0.623884886
4371.74 secs, 36 evals, 19 steps, improv/step: 0.474 (last = 0.0000), fitness=0.623884886
4522.97 secs, 37 evals, 20 steps, improv/step: 0.450 (last = 0.0000), fitness=0.623884886
4810.64 secs, 39 evals, 21 steps, improv/step: 0.429 (last = 0.0000), fitness=0.623884886
5064.10 secs, 41 evals, 22 steps, improv/step: 0.409 (last = 0.0000), fitness=0.623884886
5246.09 secs, 43 evals, 23 steps, improv/step: 0.435 (last = 1.0000), fitness=0.623884886
5374.57 secs, 44 evals, 24 steps, improv/step: 0.417 (last = 0.0000), fitness=0.623884886
5647.15 secs, 46 evals, 25 steps, improv/step: 0.440 (last = 1.0000), fitness=0.623884886
5836.31 secs, 48 evals, 26 steps, improv/step: 0.423 (last = 0.0000), fitness=0.623884886
5961.27 secs, 49 evals, 27 steps, improv/step: 0.407 (last = 0.0000), fitness=0.623884886
6246.08 secs, 51 evals, 28 steps, improv/step: 0.393 (last = 0.0000), fitness=0.623884886
6495.58 secs, 53 evals, 29 steps, improv/step: 0.379 (last = 0.0000), fitness=0.623884886
6669.83 secs, 55 evals, 30 steps, improv/step: 0.400 (last = 1.0000), fitness=0.623884886
6913.15 secs, 57 evals, 31 steps, improv/step: 0.387 (last = 0.0000), fitness=0.623884886
7109.15 secs, 59 evals, 32 steps, improv/step: 0.406 (last = 1.0000), fitness=0.623884886
7156.03 secs, 60 evals, 33 steps, improv/step: 0.394 (last = 0.0000), fitness=0.623884886
7321.11 secs, 62 evals, 34 steps, improv/step: 0.382 (last = 0.0000), fitness=0.623884886
7575.54 secs, 64 evals, 35 steps, improv/step: 0.400 (last = 1.0000), fitness=0.623884886
7733.55 secs, 66 evals, 36 steps, improv/step: 0.417 (last = 1.0000), fitness=0.623884886
7776.75 secs, 67 evals, 37 steps, improv/step: 0.405 (last = 0.0000), fitness=0.623884886
7888.28 secs, 69 evals, 38 steps, improv/step: 0.421 (last = 1.0000), fitness=0.623884886
8124.81 secs, 71 evals, 39 steps, improv/step: 0.410 (last = 0.0000), fitness=0.623884886
8263.29 secs, 72 evals, 40 steps, improv/step: 0.400 (last = 0.0000), fitness=0.623884886
8424.16 secs, 74 evals, 41 steps, improv/step: 0.390 (last = 0.0000), fitness=0.623884886
8546.10 secs, 75 evals, 42 steps, improv/step: 0.381 (last = 0.0000), fitness=0.623884886
8707.61 secs, 77 evals, 43 steps, improv/step: 0.395 (last = 1.0000), fitness=0.623884886
8951.37 secs, 79 evals, 44 steps, improv/step: 0.409 (last = 1.0000), fitness=0.623884886
9174.73 secs, 81 evals, 45 steps, improv/step: 0.422 (last = 1.0000), fitness=0.623884886
9431.15 secs, 83 evals, 46 steps, improv/step: 0.413 (last = 0.0000), fitness=0.623884886
9620.55 secs, 85 evals, 47 steps, improv/step: 0.404 (last = 0.0000), fitness=0.623884886
9870.99 secs, 87 evals, 48 steps, improv/step: 0.396 (last = 0.0000), fitness=0.623884886
10118.58 secs, 89 evals, 49 steps, improv/step: 0.408 (last = 1.0000), fitness=0.623884886
10331.41 secs, 91 evals, 50 steps, improv/step: 0.420 (last = 1.0000), fitness=0.623884886
10525.61 secs, 93 evals, 51 steps, improv/step: 0.431 (last = 1.0000), fitness=0.623884886
10663.65 secs, 94 evals, 52 steps, improv/step: 0.423 (last = 0.0000), fitness=0.623884886

Optimization stopped after 53 steps and 10802.10 seconds
Termination reason: Max time (10800.0 s) reached
Steps per second = 0.00
Function evals per second = 0.01
Improvements/step = Inf
Total function evaluations = 95


Best candidate found: [0.102061, 0.66605]

Fitness: 0.623884886

