N_Jobs_Total: 144
Starting optimization with optimizer DiffEvoOpt{FitPopulation{Float64}, RadiusLimitedSelector, BlackBoxOptim.AdaptiveDiffEvoRandBin{3}, RandomBound{ContinuousRectSearchSpace}}
0.00 secs, 0 evals, 0 steps
433.82 secs, 2 evals, 1 steps, improv/step: 1.000 (last = 1.0000), fitness=23.487127553
757.88 secs, 4 evals, 2 steps, improv/step: 0.500 (last = 0.0000), fitness=18.101029129
1204.39 secs, 6 evals, 3 steps, improv/step: 0.667 (last = 1.0000), fitness=6.303658099
1639.21 secs, 8 evals, 4 steps, improv/step: 0.500 (last = 0.0000), fitness=4.599482070
1998.98 secs, 10 evals, 5 steps, improv/step: 0.400 (last = 0.0000), fitness=4.599482070
2408.93 secs, 12 evals, 6 steps, improv/step: 0.333 (last = 0.0000), fitness=4.599482070
2815.11 secs, 14 evals, 7 steps, improv/step: 0.286 (last = 0.0000), fitness=4.599482070
3281.67 secs, 16 evals, 8 steps, improv/step: 0.375 (last = 1.0000), fitness=4.599482070
3745.40 secs, 18 evals, 9 steps, improv/step: 0.444 (last = 1.0000), fitness=4.599482070
4140.70 secs, 20 evals, 10 steps, improv/step: 0.400 (last = 0.0000), fitness=4.599482070
4285.94 secs, 22 evals, 11 steps, improv/step: 0.364 (last = 0.0000), fitness=4.599482070
4652.09 secs, 24 evals, 12 steps, improv/step: 0.417 (last = 1.0000), fitness=4.599482070
5041.40 secs, 26 evals, 13 steps, improv/step: 0.462 (last = 1.0000), fitness=4.599482070
5201.49 secs, 28 evals, 14 steps, improv/step: 0.429 (last = 0.0000), fitness=4.599482070
5575.71 secs, 30 evals, 15 steps, improv/step: 0.467 (last = 1.0000), fitness=4.599482070
5928.52 secs, 32 evals, 16 steps, improv/step: 0.500 (last = 1.0000), fitness=4.599482070
6139.41 secs, 34 evals, 17 steps, improv/step: 0.471 (last = 0.0000), fitness=4.599482070
6479.15 secs, 36 evals, 18 steps, improv/step: 0.444 (last = 0.0000), fitness=4.599482070
6841.41 secs, 38 evals, 19 steps, improv/step: 0.421 (last = 0.0000), fitness=4.599482070
7075.22 secs, 40 evals, 20 steps, improv/step: 0.400 (last = 0.0000), fitness=4.599482070
7268.37 secs, 41 evals, 21 steps, improv/step: 0.381 (last = 0.0000), fitness=4.599482070
7614.25 secs, 43 evals, 22 steps, improv/step: 0.364 (last = 0.0000), fitness=4.599482070
7975.80 secs, 45 evals, 23 steps, improv/step: 0.348 (last = 0.0000), fitness=4.599482070
8377.47 secs, 47 evals, 24 steps, improv/step: 0.333 (last = 0.0000), fitness=4.599482070
8542.47 secs, 49 evals, 25 steps, improv/step: 0.320 (last = 0.0000), fitness=4.599482070
8716.86 secs, 50 evals, 26 steps, improv/step: 0.346 (last = 1.0000), fitness=4.599482070
9072.97 secs, 52 evals, 27 steps, improv/step: 0.333 (last = 0.0000), fitness=4.599482070
9415.83 secs, 54 evals, 28 steps, improv/step: 0.321 (last = 0.0000), fitness=4.239507217
9773.35 secs, 56 evals, 29 steps, improv/step: 0.345 (last = 1.0000), fitness=4.239507217
9956.95 secs, 57 evals, 30 steps, improv/step: 0.333 (last = 0.0000), fitness=4.239507217
10300.53 secs, 59 evals, 31 steps, improv/step: 0.355 (last = 1.0000), fitness=4.239507217
10642.67 secs, 61 evals, 32 steps, improv/step: 0.344 (last = 0.0000), fitness=4.239507217

Optimization stopped after 33 steps and 10827.63 seconds
Termination reason: Max time (10800.0 s) reached
Steps per second = 0.00
Function evals per second = 0.01
Improvements/step = Inf
Total function evaluations = 62


Best candidate found: [0.268784, 0.666735]

Fitness: 4.239507217

