N_Jobs_Total: 144
Starting optimization with optimizer DiffEvoOpt{FitPopulation{Float64}, RadiusLimitedSelector, BlackBoxOptim.AdaptiveDiffEvoRandBin{3}, RandomBound{ContinuousRectSearchSpace}}
0.00 secs, 0 evals, 0 steps
234.41 secs, 2 evals, 1 steps, fitness=52.283029627
397.28 secs, 4 evals, 2 steps, improv/step: 0.500 (last = 1.0000), fitness=27.253632125
614.68 secs, 6 evals, 3 steps, improv/step: 0.333 (last = 0.0000), fitness=27.253632125
850.49 secs, 8 evals, 4 steps, improv/step: 0.500 (last = 1.0000), fitness=27.253632125
1075.76 secs, 10 evals, 5 steps, improv/step: 0.400 (last = 0.0000), fitness=27.253632125
1296.49 secs, 12 evals, 6 steps, improv/step: 0.333 (last = 0.0000), fitness=27.253632125
1472.33 secs, 14 evals, 7 steps, improv/step: 0.429 (last = 1.0000), fitness=1.389330105
1643.79 secs, 16 evals, 8 steps, improv/step: 0.375 (last = 0.0000), fitness=1.389330105
1817.84 secs, 18 evals, 9 steps, improv/step: 0.444 (last = 1.0000), fitness=1.389330105
2032.52 secs, 20 evals, 10 steps, improv/step: 0.500 (last = 1.0000), fitness=1.389330105
2132.24 secs, 21 evals, 11 steps, improv/step: 0.545 (last = 1.0000), fitness=1.389330105
2337.75 secs, 23 evals, 12 steps, improv/step: 0.583 (last = 1.0000), fitness=1.389330105
2533.19 secs, 25 evals, 13 steps, improv/step: 0.538 (last = 0.0000), fitness=1.389330105
2714.67 secs, 27 evals, 14 steps, improv/step: 0.500 (last = 0.0000), fitness=1.389330105
2917.43 secs, 29 evals, 15 steps, improv/step: 0.533 (last = 1.0000), fitness=1.389330105
3124.33 secs, 31 evals, 16 steps, improv/step: 0.500 (last = 0.0000), fitness=1.389330105
3318.06 secs, 33 evals, 17 steps, improv/step: 0.529 (last = 1.0000), fitness=1.389330105
3474.04 secs, 35 evals, 18 steps, improv/step: 0.556 (last = 1.0000), fitness=1.389330105
3679.91 secs, 37 evals, 19 steps, improv/step: 0.526 (last = 0.0000), fitness=1.389330105
3880.39 secs, 39 evals, 20 steps, improv/step: 0.500 (last = 0.0000), fitness=1.389330105
4055.04 secs, 41 evals, 21 steps, improv/step: 0.524 (last = 1.0000), fitness=1.389330105
4216.38 secs, 43 evals, 22 steps, improv/step: 0.500 (last = 0.0000), fitness=1.389330105
4415.70 secs, 45 evals, 23 steps, improv/step: 0.522 (last = 1.0000), fitness=1.389330105
4525.65 secs, 46 evals, 24 steps, improv/step: 0.500 (last = 0.0000), fitness=1.389330105
4748.79 secs, 48 evals, 25 steps, improv/step: 0.480 (last = 0.0000), fitness=1.389330105
4842.16 secs, 49 evals, 26 steps, improv/step: 0.500 (last = 1.0000), fitness=1.389330105
4921.95 secs, 50 evals, 27 steps, improv/step: 0.519 (last = 1.0000), fitness=1.389330105
5025.90 secs, 51 evals, 28 steps, improv/step: 0.500 (last = 0.0000), fitness=1.389330105
5227.44 secs, 53 evals, 29 steps, improv/step: 0.517 (last = 1.0000), fitness=1.389330105
5450.32 secs, 55 evals, 30 steps, improv/step: 0.500 (last = 0.0000), fitness=1.389330105
5635.48 secs, 57 evals, 31 steps, improv/step: 0.484 (last = 0.0000), fitness=1.389330105
5854.11 secs, 59 evals, 32 steps, improv/step: 0.469 (last = 0.0000), fitness=1.389330105
6058.26 secs, 61 evals, 33 steps, improv/step: 0.485 (last = 1.0000), fitness=1.389330105
6156.93 secs, 62 evals, 34 steps, improv/step: 0.471 (last = 0.0000), fitness=1.389330105
6310.08 secs, 64 evals, 35 steps, improv/step: 0.486 (last = 1.0000), fitness=1.389330105
6345.49 secs, 65 evals, 36 steps, improv/step: 0.472 (last = 0.0000), fitness=1.389330105
6426.61 secs, 66 evals, 37 steps, improv/step: 0.486 (last = 1.0000), fitness=1.389330105
6640.23 secs, 68 evals, 38 steps, improv/step: 0.474 (last = 0.0000), fitness=1.389330105
6855.69 secs, 70 evals, 39 steps, improv/step: 0.462 (last = 0.0000), fitness=1.389330105
6943.93 secs, 72 evals, 40 steps, improv/step: 0.450 (last = 0.0000), fitness=1.389330105
7042.94 secs, 74 evals, 41 steps, improv/step: 0.463 (last = 1.0000), fitness=1.389330105
7241.60 secs, 76 evals, 42 steps, improv/step: 0.452 (last = 0.0000), fitness=1.389330105
7348.93 secs, 77 evals, 43 steps, improv/step: 0.442 (last = 0.0000), fitness=1.389330105
7505.17 secs, 79 evals, 44 steps, improv/step: 0.455 (last = 1.0000), fitness=1.389330105
7652.85 secs, 81 evals, 45 steps, improv/step: 0.444 (last = 0.0000), fitness=1.389330105
7847.89 secs, 83 evals, 46 steps, improv/step: 0.457 (last = 1.0000), fitness=1.389330105
8056.52 secs, 85 evals, 47 steps, improv/step: 0.468 (last = 1.0000), fitness=1.389330105
8261.69 secs, 87 evals, 48 steps, improv/step: 0.479 (last = 1.0000), fitness=1.389330105
8360.74 secs, 88 evals, 49 steps, improv/step: 0.490 (last = 1.0000), fitness=1.389330105
8462.20 secs, 89 evals, 50 steps, improv/step: 0.480 (last = 0.0000), fitness=1.389330105
8554.43 secs, 90 evals, 51 steps, improv/step: 0.471 (last = 0.0000), fitness=1.389330105
8765.57 secs, 92 evals, 52 steps, improv/step: 0.462 (last = 0.0000), fitness=1.389330105
8964.35 secs, 94 evals, 53 steps, improv/step: 0.453 (last = 0.0000), fitness=1.389330105
9063.68 secs, 96 evals, 54 steps, improv/step: 0.463 (last = 1.0000), fitness=1.389330105
9279.47 secs, 98 evals, 55 steps, improv/step: 0.455 (last = 0.0000), fitness=1.389330105
9382.62 secs, 99 evals, 56 steps, improv/step: 0.446 (last = 0.0000), fitness=1.389330105
9458.69 secs, 100 evals, 57 steps, improv/step: 0.456 (last = 1.0000), fitness=1.389330105
9530.18 secs, 101 evals, 58 steps, improv/step: 0.466 (last = 1.0000), fitness=1.389330105
9733.76 secs, 103 evals, 59 steps, improv/step: 0.458 (last = 0.0000), fitness=1.389330105
9840.64 secs, 104 evals, 60 steps, improv/step: 0.450 (last = 0.0000), fitness=1.389330105
9934.33 secs, 105 evals, 61 steps, improv/step: 0.459 (last = 1.0000), fitness=1.389330105
10024.43 secs, 106 evals, 62 steps, improv/step: 0.468 (last = 1.0000), fitness=1.389330105
10076.57 secs, 107 evals, 63 steps, improv/step: 0.460 (last = 0.0000), fitness=1.389330105
10298.59 secs, 109 evals, 64 steps, improv/step: 0.469 (last = 1.0000), fitness=1.389330105
10395.69 secs, 110 evals, 65 steps, improv/step: 0.462 (last = 0.0000), fitness=1.389330105
10598.13 secs, 112 evals, 66 steps, improv/step: 0.455 (last = 0.0000), fitness=1.389330105

Optimization stopped after 67 steps and 10811.23 seconds
Termination reason: Max time (10800.0 s) reached
Steps per second = 0.01
Function evals per second = 0.01
Improvements/step = Inf
Total function evaluations = 114


Best candidate found: [0.115174, 0.215971]

Fitness: 1.389330105

