N_Jobs_Total: 144
Starting optimization with optimizer DiffEvoOpt{FitPopulation{Float64}, RadiusLimitedSelector, BlackBoxOptim.AdaptiveDiffEvoRandBin{3}, RandomBound{ContinuousRectSearchSpace}}
0.00 secs, 0 evals, 0 steps
162.41 secs, 2 evals, 1 steps, fitness=56.223404185
284.96 secs, 4 evals, 2 steps, fitness=12.341874054
445.72 secs, 6 evals, 3 steps, improv/step: 0.333 (last = 1.0000), fitness=12.341874054
543.93 secs, 8 evals, 4 steps, improv/step: 0.500 (last = 1.0000), fitness=4.469905314
704.60 secs, 10 evals, 5 steps, improv/step: 0.600 (last = 1.0000), fitness=4.469905314
759.40 secs, 11 evals, 6 steps, improv/step: 0.500 (last = 0.0000), fitness=4.469905314
808.80 secs, 12 evals, 7 steps, improv/step: 0.571 (last = 1.0000), fitness=4.035773202
939.65 secs, 14 evals, 8 steps, improv/step: 0.625 (last = 1.0000), fitness=4.035773202
1065.24 secs, 16 evals, 9 steps, improv/step: 0.667 (last = 1.0000), fitness=4.035773202
1233.08 secs, 18 evals, 10 steps, improv/step: 0.700 (last = 1.0000), fitness=4.035773202
1381.14 secs, 20 evals, 11 steps, improv/step: 0.636 (last = 0.0000), fitness=4.035773202
1547.88 secs, 22 evals, 12 steps, improv/step: 0.667 (last = 1.0000), fitness=4.035773202
1704.35 secs, 24 evals, 13 steps, improv/step: 0.615 (last = 0.0000), fitness=4.035773202
1838.42 secs, 26 evals, 14 steps, improv/step: 0.571 (last = 0.0000), fitness=3.011581293
1947.02 secs, 28 evals, 15 steps, improv/step: 0.533 (last = 0.0000), fitness=3.011581293
2107.03 secs, 30 evals, 16 steps, improv/step: 0.500 (last = 0.0000), fitness=3.011581293
2260.50 secs, 32 evals, 17 steps, improv/step: 0.529 (last = 1.0000), fitness=3.011581293
2410.50 secs, 34 evals, 18 steps, improv/step: 0.556 (last = 1.0000), fitness=3.011581293
2487.04 secs, 35 evals, 19 steps, improv/step: 0.526 (last = 0.0000), fitness=3.011581293
2649.72 secs, 37 evals, 20 steps, improv/step: 0.500 (last = 0.0000), fitness=3.011581293
2801.25 secs, 39 evals, 21 steps, improv/step: 0.524 (last = 1.0000), fitness=3.011581293
2963.88 secs, 41 evals, 22 steps, improv/step: 0.545 (last = 1.0000), fitness=3.011581293
3027.27 secs, 43 evals, 23 steps, improv/step: 0.565 (last = 1.0000), fitness=2.786511778
3085.32 secs, 45 evals, 24 steps, improv/step: 0.583 (last = 1.0000), fitness=2.786511778
3208.65 secs, 47 evals, 25 steps, improv/step: 0.560 (last = 0.0000), fitness=2.786511778
3360.54 secs, 49 evals, 26 steps, improv/step: 0.538 (last = 0.0000), fitness=2.786511778
3501.11 secs, 51 evals, 27 steps, improv/step: 0.519 (last = 0.0000), fitness=2.786511778
3608.54 secs, 53 evals, 28 steps, improv/step: 0.500 (last = 0.0000), fitness=2.786511778
3767.57 secs, 55 evals, 29 steps, improv/step: 0.483 (last = 0.0000), fitness=2.786511778
3908.58 secs, 57 evals, 30 steps, improv/step: 0.500 (last = 1.0000), fitness=2.786511778
4063.60 secs, 59 evals, 31 steps, improv/step: 0.516 (last = 1.0000), fitness=2.786511778
4211.85 secs, 61 evals, 32 steps, improv/step: 0.500 (last = 0.0000), fitness=2.786511778
4362.73 secs, 63 evals, 33 steps, improv/step: 0.485 (last = 0.0000), fitness=2.786511778
4435.96 secs, 64 evals, 34 steps, improv/step: 0.500 (last = 1.0000), fitness=2.786511778
4596.47 secs, 66 evals, 35 steps, improv/step: 0.486 (last = 0.0000), fitness=2.786511778
4659.06 secs, 68 evals, 36 steps, improv/step: 0.500 (last = 1.0000), fitness=1.171270235
4816.81 secs, 70 evals, 37 steps, improv/step: 0.486 (last = 0.0000), fitness=1.171270235
4974.24 secs, 72 evals, 38 steps, improv/step: 0.500 (last = 1.0000), fitness=1.171270235
5113.97 secs, 74 evals, 39 steps, improv/step: 0.487 (last = 0.0000), fitness=1.171270235
5269.20 secs, 76 evals, 40 steps, improv/step: 0.475 (last = 0.0000), fitness=1.171270235
5396.83 secs, 78 evals, 41 steps, improv/step: 0.463 (last = 0.0000), fitness=1.171270235
5512.05 secs, 80 evals, 42 steps, improv/step: 0.476 (last = 1.0000), fitness=1.171270235
5607.79 secs, 82 evals, 43 steps, improv/step: 0.465 (last = 0.0000), fitness=1.171270235
5682.72 secs, 83 evals, 44 steps, improv/step: 0.455 (last = 0.0000), fitness=1.171270235
5840.66 secs, 85 evals, 45 steps, improv/step: 0.467 (last = 1.0000), fitness=1.171270235
5869.75 secs, 86 evals, 46 steps, improv/step: 0.457 (last = 0.0000), fitness=1.171270235
5947.89 secs, 87 evals, 47 steps, improv/step: 0.447 (last = 0.0000), fitness=1.171270235
6027.39 secs, 88 evals, 48 steps, improv/step: 0.458 (last = 1.0000), fitness=1.171270235
6173.57 secs, 90 evals, 49 steps, improv/step: 0.469 (last = 1.0000), fitness=1.171270235
6327.78 secs, 92 evals, 50 steps, improv/step: 0.460 (last = 0.0000), fitness=1.171270235
6447.28 secs, 94 evals, 51 steps, improv/step: 0.451 (last = 0.0000), fitness=1.171270235
6512.80 secs, 95 evals, 52 steps, improv/step: 0.462 (last = 1.0000), fitness=1.171270235
6591.31 secs, 97 evals, 53 steps, improv/step: 0.453 (last = 0.0000), fitness=1.171270235
6661.80 secs, 98 evals, 54 steps, improv/step: 0.444 (last = 0.0000), fitness=1.171270235
6742.35 secs, 99 evals, 55 steps, improv/step: 0.436 (last = 0.0000), fitness=1.171270235
6890.33 secs, 101 evals, 56 steps, improv/step: 0.446 (last = 1.0000), fitness=1.171270235
6963.96 secs, 102 evals, 57 steps, improv/step: 0.456 (last = 1.0000), fitness=1.171270235
7108.28 secs, 104 evals, 58 steps, improv/step: 0.448 (last = 0.0000), fitness=1.171270235
7188.97 secs, 105 evals, 59 steps, improv/step: 0.441 (last = 0.0000), fitness=1.171270235
7345.04 secs, 107 evals, 60 steps, improv/step: 0.450 (last = 1.0000), fitness=1.171270235
7411.60 secs, 108 evals, 61 steps, improv/step: 0.443 (last = 0.0000), fitness=1.171270235
7463.18 secs, 109 evals, 62 steps, improv/step: 0.435 (last = 0.0000), fitness=1.171270235
7598.95 secs, 111 evals, 63 steps, improv/step: 0.429 (last = 0.0000), fitness=1.171270235
7739.81 secs, 113 evals, 64 steps, improv/step: 0.422 (last = 0.0000), fitness=1.171270235
7785.64 secs, 114 evals, 65 steps, improv/step: 0.431 (last = 1.0000), fitness=1.171270235
7898.39 secs, 116 evals, 66 steps, improv/step: 0.439 (last = 1.0000), fitness=1.171270235
7968.31 secs, 117 evals, 67 steps, improv/step: 0.433 (last = 0.0000), fitness=1.171270235
8048.29 secs, 118 evals, 68 steps, improv/step: 0.441 (last = 1.0000), fitness=1.171270235
8199.74 secs, 120 evals, 69 steps, improv/step: 0.435 (last = 0.0000), fitness=1.171270235
8280.33 secs, 121 evals, 70 steps, improv/step: 0.429 (last = 0.0000), fitness=1.171270235
8424.46 secs, 123 evals, 71 steps, improv/step: 0.437 (last = 1.0000), fitness=1.171270235
8566.35 secs, 125 evals, 72 steps, improv/step: 0.444 (last = 1.0000), fitness=1.171270235
8641.32 secs, 126 evals, 73 steps, improv/step: 0.438 (last = 0.0000), fitness=1.171270235
8801.03 secs, 128 evals, 74 steps, improv/step: 0.446 (last = 1.0000), fitness=1.171270235
8943.91 secs, 130 evals, 75 steps, improv/step: 0.453 (last = 1.0000), fitness=1.171270235
8980.53 secs, 131 evals, 76 steps, improv/step: 0.461 (last = 1.0000), fitness=1.171270235
9096.84 secs, 133 evals, 77 steps, improv/step: 0.455 (last = 0.0000), fitness=1.171270235
9256.32 secs, 135 evals, 78 steps, improv/step: 0.449 (last = 0.0000), fitness=1.171270235
9328.62 secs, 136 evals, 79 steps, improv/step: 0.443 (last = 0.0000), fitness=1.171270235
9373.39 secs, 137 evals, 80 steps, improv/step: 0.450 (last = 1.0000), fitness=1.171270235
9520.65 secs, 139 evals, 81 steps, improv/step: 0.444 (last = 0.0000), fitness=1.171270235
9652.22 secs, 141 evals, 82 steps, improv/step: 0.439 (last = 0.0000), fitness=1.171270235
9728.45 secs, 142 evals, 83 steps, improv/step: 0.434 (last = 0.0000), fitness=1.171270235
9808.22 secs, 143 evals, 84 steps, improv/step: 0.429 (last = 0.0000), fitness=1.171270235
9953.39 secs, 145 evals, 85 steps, improv/step: 0.435 (last = 1.0000), fitness=1.171270235
9985.73 secs, 146 evals, 86 steps, improv/step: 0.442 (last = 1.0000), fitness=1.171270235
10066.02 secs, 147 evals, 87 steps, improv/step: 0.437 (last = 0.0000), fitness=1.171270235
10205.42 secs, 149 evals, 88 steps, improv/step: 0.443 (last = 1.0000), fitness=1.171270235
10238.12 secs, 150 evals, 89 steps, improv/step: 0.449 (last = 1.0000), fitness=1.171270235
10314.97 secs, 151 evals, 90 steps, improv/step: 0.444 (last = 0.0000), fitness=1.171270235
10381.13 secs, 152 evals, 91 steps, improv/step: 0.440 (last = 0.0000), fitness=1.171270235
10455.10 secs, 153 evals, 92 steps, improv/step: 0.435 (last = 0.0000), fitness=1.171270235
10529.14 secs, 154 evals, 93 steps, improv/step: 0.430 (last = 0.0000), fitness=1.171270235
10653.70 secs, 156 evals, 94 steps, improv/step: 0.426 (last = 0.0000), fitness=1.171270235
10768.78 secs, 158 evals, 95 steps, improv/step: 0.432 (last = 1.0000), fitness=1.171270235

Optimization stopped after 96 steps and 10883.73 seconds
Termination reason: Max time (10800.0 s) reached
Steps per second = 0.01
Function evals per second = 0.01
Improvements/step = Inf
Total function evaluations = 160


Best candidate found: [0.13576, 0.870452]

Fitness: 1.171270235

