N_Jobs_Total: 144
Starting optimization with optimizer DiffEvoOpt{FitPopulation{Float64}, RadiusLimitedSelector, BlackBoxOptim.AdaptiveDiffEvoRandBin{3}, RandomBound{ContinuousRectSearchSpace}}
0.00 secs, 0 evals, 0 steps
532.66 secs, 2 evals, 1 steps, improv/step: 1.000 (last = 1.0000), fitness=2.605162459
1082.49 secs, 4 evals, 2 steps, improv/step: 0.500 (last = 0.0000), fitness=2.605162459
1412.12 secs, 6 evals, 3 steps, improv/step: 0.667 (last = 1.0000), fitness=2.605162459
1610.52 secs, 8 evals, 4 steps, improv/step: 0.500 (last = 0.0000), fitness=2.605162459
2085.91 secs, 10 evals, 5 steps, improv/step: 0.600 (last = 1.0000), fitness=2.605162459
2574.73 secs, 12 evals, 6 steps, improv/step: 0.667 (last = 1.0000), fitness=2.605162459
2864.61 secs, 14 evals, 7 steps, improv/step: 0.714 (last = 1.0000), fitness=2.605162459
3402.75 secs, 16 evals, 8 steps, improv/step: 0.750 (last = 1.0000), fitness=2.605162459
3757.31 secs, 18 evals, 9 steps, improv/step: 0.667 (last = 0.0000), fitness=2.605162459
3939.57 secs, 19 evals, 10 steps, improv/step: 0.600 (last = 0.0000), fitness=2.605162459
4144.45 secs, 21 evals, 11 steps, improv/step: 0.545 (last = 0.0000), fitness=2.605162459
4634.06 secs, 23 evals, 12 steps, improv/step: 0.500 (last = 0.0000), fitness=2.605162459
5021.86 secs, 25 evals, 13 steps, improv/step: 0.538 (last = 1.0000), fitness=2.605162459
5437.26 secs, 27 evals, 14 steps, improv/step: 0.500 (last = 0.0000), fitness=2.605162459
5888.70 secs, 29 evals, 15 steps, improv/step: 0.467 (last = 0.0000), fitness=2.605162459
6302.93 secs, 31 evals, 16 steps, improv/step: 0.438 (last = 0.0000), fitness=2.605162459
6758.72 secs, 33 evals, 17 steps, improv/step: 0.471 (last = 1.0000), fitness=2.605162459
7026.99 secs, 35 evals, 18 steps, improv/step: 0.500 (last = 1.0000), fitness=2.605162459
7520.90 secs, 37 evals, 19 steps, improv/step: 0.474 (last = 0.0000), fitness=2.605162459
7997.29 secs, 39 evals, 20 steps, improv/step: 0.500 (last = 1.0000), fitness=2.605162459
8200.89 secs, 41 evals, 21 steps, improv/step: 0.524 (last = 1.0000), fitness=2.605162459
8672.12 secs, 43 evals, 22 steps, improv/step: 0.545 (last = 1.0000), fitness=2.605162459
9077.03 secs, 45 evals, 23 steps, improv/step: 0.565 (last = 1.0000), fitness=2.605162459
9456.07 secs, 47 evals, 24 steps, improv/step: 0.583 (last = 1.0000), fitness=2.605162459
9649.42 secs, 48 evals, 25 steps, improv/step: 0.600 (last = 1.0000), fitness=2.605162459
9876.15 secs, 49 evals, 26 steps, improv/step: 0.577 (last = 0.0000), fitness=2.605162459
10298.92 secs, 51 evals, 27 steps, improv/step: 0.556 (last = 0.0000), fitness=2.605162459
10500.89 secs, 52 evals, 28 steps, improv/step: 0.571 (last = 1.0000), fitness=1.150262751

Optimization stopped after 29 steps and 10860.26 seconds
Termination reason: Max time (10800.0 s) reached
Steps per second = 0.00
Function evals per second = 0.00
Improvements/step = Inf
Total function evaluations = 54


Best candidate found: [0.561724, 0.931105]

Fitness: 1.150262751

