N_Jobs_Total: 144
Starting optimization with optimizer DiffEvoOpt{FitPopulation{Float64}, RadiusLimitedSelector, BlackBoxOptim.AdaptiveDiffEvoRandBin{3}, RandomBound{ContinuousRectSearchSpace}}
0.00 secs, 0 evals, 0 steps
214.94 secs, 2 evals, 1 steps, improv/step: 1.000 (last = 1.0000), fitness=9.150426447
433.87 secs, 4 evals, 2 steps, improv/step: 1.000 (last = 1.0000), fitness=8.535341275
656.30 secs, 6 evals, 3 steps, improv/step: 0.667 (last = 0.0000), fitness=5.299470421
859.93 secs, 8 evals, 4 steps, improv/step: 0.500 (last = 0.0000), fitness=5.299470421
1057.22 secs, 10 evals, 5 steps, improv/step: 0.400 (last = 0.0000), fitness=5.299470421
1216.14 secs, 12 evals, 6 steps, improv/step: 0.500 (last = 1.0000), fitness=5.299470421
1425.99 secs, 14 evals, 7 steps, improv/step: 0.429 (last = 0.0000), fitness=5.299470421
1637.45 secs, 16 evals, 8 steps, improv/step: 0.375 (last = 0.0000), fitness=5.299470421
1849.45 secs, 18 evals, 9 steps, improv/step: 0.333 (last = 0.0000), fitness=5.299470421
1964.16 secs, 20 evals, 10 steps, improv/step: 0.300 (last = 0.0000), fitness=5.299470421
2175.95 secs, 22 evals, 11 steps, improv/step: 0.273 (last = 0.0000), fitness=5.299470421
2390.50 secs, 24 evals, 12 steps, improv/step: 0.250 (last = 0.0000), fitness=5.299470421
2591.33 secs, 26 evals, 13 steps, improv/step: 0.231 (last = 0.0000), fitness=5.299470421
2795.89 secs, 28 evals, 14 steps, improv/step: 0.286 (last = 1.0000), fitness=5.299470421
3007.59 secs, 30 evals, 15 steps, improv/step: 0.333 (last = 1.0000), fitness=5.299470421
3159.44 secs, 32 evals, 16 steps, improv/step: 0.375 (last = 1.0000), fitness=5.299470421
3372.82 secs, 34 evals, 17 steps, improv/step: 0.412 (last = 1.0000), fitness=5.299470421
3589.08 secs, 36 evals, 18 steps, improv/step: 0.389 (last = 0.0000), fitness=5.299470421
3783.70 secs, 38 evals, 19 steps, improv/step: 0.421 (last = 1.0000), fitness=5.299470421
3911.84 secs, 40 evals, 20 steps, improv/step: 0.450 (last = 1.0000), fitness=5.299470421
4095.96 secs, 42 evals, 21 steps, improv/step: 0.429 (last = 0.0000), fitness=5.299470421
4303.07 secs, 44 evals, 22 steps, improv/step: 0.409 (last = 0.0000), fitness=5.299470421
4495.69 secs, 46 evals, 23 steps, improv/step: 0.391 (last = 0.0000), fitness=5.299470421
4653.28 secs, 48 evals, 24 steps, improv/step: 0.375 (last = 0.0000), fitness=5.299470421
4858.11 secs, 50 evals, 25 steps, improv/step: 0.360 (last = 0.0000), fitness=5.299470421
5067.65 secs, 52 evals, 26 steps, improv/step: 0.346 (last = 0.0000), fitness=5.299470421
5273.23 secs, 54 evals, 27 steps, improv/step: 0.333 (last = 0.0000), fitness=5.299470421
5469.13 secs, 56 evals, 28 steps, improv/step: 0.357 (last = 1.0000), fitness=5.299470421
5650.16 secs, 58 evals, 29 steps, improv/step: 0.345 (last = 0.0000), fitness=3.917516099
5708.78 secs, 59 evals, 30 steps, improv/step: 0.333 (last = 0.0000), fitness=3.917516099
5918.52 secs, 61 evals, 31 steps, improv/step: 0.323 (last = 0.0000), fitness=3.917516099
6127.58 secs, 63 evals, 32 steps, improv/step: 0.344 (last = 1.0000), fitness=3.917516099
6260.81 secs, 65 evals, 33 steps, improv/step: 0.333 (last = 0.0000), fitness=3.917516099
6468.52 secs, 67 evals, 34 steps, improv/step: 0.324 (last = 0.0000), fitness=3.917516099
6679.58 secs, 69 evals, 35 steps, improv/step: 0.314 (last = 0.0000), fitness=3.917516099
6874.54 secs, 71 evals, 36 steps, improv/step: 0.306 (last = 0.0000), fitness=3.917516099
7019.20 secs, 73 evals, 37 steps, improv/step: 0.324 (last = 1.0000), fitness=3.917516099
7124.83 secs, 74 evals, 38 steps, improv/step: 0.342 (last = 1.0000), fitness=3.917516099
7331.47 secs, 76 evals, 39 steps, improv/step: 0.333 (last = 0.0000), fitness=3.917516099
7547.53 secs, 78 evals, 40 steps, improv/step: 0.350 (last = 1.0000), fitness=3.917516099
7583.83 secs, 79 evals, 41 steps, improv/step: 0.341 (last = 0.0000), fitness=3.917516099
7691.15 secs, 80 evals, 42 steps, improv/step: 0.357 (last = 1.0000), fitness=3.917516099
7876.96 secs, 82 evals, 43 steps, improv/step: 0.349 (last = 0.0000), fitness=3.917516099
8080.76 secs, 84 evals, 44 steps, improv/step: 0.364 (last = 1.0000), fitness=3.917516099
8288.57 secs, 86 evals, 45 steps, improv/step: 0.356 (last = 0.0000), fitness=3.917516099
8508.78 secs, 88 evals, 46 steps, improv/step: 0.348 (last = 0.0000), fitness=3.917516099
8671.45 secs, 90 evals, 47 steps, improv/step: 0.362 (last = 1.0000), fitness=3.917516099
8844.13 secs, 92 evals, 48 steps, improv/step: 0.375 (last = 1.0000), fitness=3.917516099
8942.46 secs, 93 evals, 49 steps, improv/step: 0.367 (last = 0.0000), fitness=3.917516099
9155.05 secs, 95 evals, 50 steps, improv/step: 0.380 (last = 1.0000), fitness=3.917516099
9252.82 secs, 96 evals, 51 steps, improv/step: 0.373 (last = 0.0000), fitness=3.917516099
9435.64 secs, 98 evals, 52 steps, improv/step: 0.385 (last = 1.0000), fitness=3.917516099
9545.11 secs, 99 evals, 53 steps, improv/step: 0.377 (last = 0.0000), fitness=3.917516099
9744.30 secs, 101 evals, 54 steps, improv/step: 0.389 (last = 1.0000), fitness=3.917516099
9854.68 secs, 102 evals, 55 steps, improv/step: 0.382 (last = 0.0000), fitness=3.917516099
10071.72 secs, 104 evals, 56 steps, improv/step: 0.393 (last = 1.0000), fitness=3.917516099
10176.77 secs, 105 evals, 57 steps, improv/step: 0.404 (last = 1.0000), fitness=3.917516099
10317.45 secs, 107 evals, 58 steps, improv/step: 0.414 (last = 1.0000), fitness=3.917516099
10530.10 secs, 109 evals, 59 steps, improv/step: 0.424 (last = 1.0000), fitness=3.917516099
10728.38 secs, 111 evals, 60 steps, improv/step: 0.417 (last = 0.0000), fitness=3.917516099

Optimization stopped after 61 steps and 10934.42 seconds
Termination reason: Max time (10800.0 s) reached
Steps per second = 0.01
Function evals per second = 0.01
Improvements/step = Inf
Total function evaluations = 113


Best candidate found: [0.731252, 0.86934]

Fitness: 3.917516099

