N_Jobs_Total: 144
Starting optimization with optimizer DiffEvoOpt{FitPopulation{Float64}, RadiusLimitedSelector, BlackBoxOptim.AdaptiveDiffEvoRandBin{3}, RandomBound{ContinuousRectSearchSpace}}
0.00 secs, 0 evals, 0 steps
255.33 secs, 2 evals, 1 steps, fitness=114.395470715
503.75 secs, 4 evals, 2 steps, fitness=112.044383587
692.59 secs, 6 evals, 3 steps, fitness=2.933495836
862.42 secs, 8 evals, 4 steps, improv/step: 0.250 (last = 1.0000), fitness=2.729602140
1108.49 secs, 10 evals, 5 steps, improv/step: 0.400 (last = 1.0000), fitness=2.729602140
1351.00 secs, 12 evals, 6 steps, improv/step: 0.333 (last = 0.0000), fitness=2.729602140
1583.02 secs, 14 evals, 7 steps, improv/step: 0.286 (last = 0.0000), fitness=2.729602140
1841.10 secs, 16 evals, 8 steps, improv/step: 0.250 (last = 0.0000), fitness=2.729602140
2043.14 secs, 18 evals, 9 steps, improv/step: 0.222 (last = 0.0000), fitness=2.729602140
2298.34 secs, 20 evals, 10 steps, improv/step: 0.300 (last = 1.0000), fitness=2.729602140
2475.12 secs, 22 evals, 11 steps, improv/step: 0.273 (last = 0.0000), fitness=1.754496696
2712.14 secs, 24 evals, 12 steps, improv/step: 0.250 (last = 0.0000), fitness=1.754496696
2976.25 secs, 26 evals, 13 steps, improv/step: 0.231 (last = 0.0000), fitness=1.754496696
3065.78 secs, 28 evals, 14 steps, improv/step: 0.214 (last = 0.0000), fitness=1.754496696
3202.64 secs, 30 evals, 15 steps, improv/step: 0.200 (last = 0.0000), fitness=1.754496696
3398.75 secs, 32 evals, 16 steps, improv/step: 0.250 (last = 1.0000), fitness=1.754496696
3608.54 secs, 34 evals, 17 steps, improv/step: 0.294 (last = 1.0000), fitness=1.754496696
3737.68 secs, 36 evals, 18 steps, improv/step: 0.333 (last = 1.0000), fitness=1.754496696
3855.53 secs, 37 evals, 19 steps, improv/step: 0.316 (last = 0.0000), fitness=1.754496696
3981.70 secs, 38 evals, 20 steps, improv/step: 0.300 (last = 0.0000), fitness=1.754496696
4178.13 secs, 40 evals, 21 steps, improv/step: 0.286 (last = 0.0000), fitness=1.754496696
4377.93 secs, 42 evals, 22 steps, improv/step: 0.273 (last = 0.0000), fitness=1.754496696
4577.66 secs, 44 evals, 23 steps, improv/step: 0.261 (last = 0.0000), fitness=1.754496696
4679.92 secs, 46 evals, 24 steps, improv/step: 0.250 (last = 0.0000), fitness=1.754496696
4915.14 secs, 48 evals, 25 steps, improv/step: 0.280 (last = 1.0000), fitness=1.754496696
5134.38 secs, 50 evals, 26 steps, improv/step: 0.308 (last = 1.0000), fitness=1.754496696
5318.09 secs, 52 evals, 27 steps, improv/step: 0.333 (last = 1.0000), fitness=1.754496696
5488.80 secs, 54 evals, 28 steps, improv/step: 0.357 (last = 1.0000), fitness=1.754496696
5664.42 secs, 56 evals, 29 steps, improv/step: 0.379 (last = 1.0000), fitness=1.754496696
5764.07 secs, 57 evals, 30 steps, improv/step: 0.400 (last = 1.0000), fitness=1.754496696
5942.40 secs, 59 evals, 31 steps, improv/step: 0.387 (last = 0.0000), fitness=1.754496696
6132.90 secs, 61 evals, 32 steps, improv/step: 0.375 (last = 0.0000), fitness=1.754496696
6332.01 secs, 63 evals, 33 steps, improv/step: 0.394 (last = 1.0000), fitness=1.754496696
6429.97 secs, 64 evals, 34 steps, improv/step: 0.382 (last = 0.0000), fitness=1.754496696
6618.74 secs, 66 evals, 35 steps, improv/step: 0.400 (last = 1.0000), fitness=1.754496696
6716.65 secs, 67 evals, 36 steps, improv/step: 0.389 (last = 0.0000), fitness=1.754496696
6904.54 secs, 69 evals, 37 steps, improv/step: 0.405 (last = 1.0000), fitness=1.754496696
7113.08 secs, 71 evals, 38 steps, improv/step: 0.395 (last = 0.0000), fitness=1.754496696
7203.38 secs, 72 evals, 39 steps, improv/step: 0.385 (last = 0.0000), fitness=1.754496696
7406.22 secs, 74 evals, 40 steps, improv/step: 0.375 (last = 0.0000), fitness=1.754496696
7607.20 secs, 76 evals, 41 steps, improv/step: 0.390 (last = 1.0000), fitness=1.754496696
7706.97 secs, 77 evals, 42 steps, improv/step: 0.381 (last = 0.0000), fitness=1.754496696
7802.57 secs, 78 evals, 43 steps, improv/step: 0.372 (last = 0.0000), fitness=1.754496696
7993.44 secs, 80 evals, 44 steps, improv/step: 0.386 (last = 1.0000), fitness=1.754496696
8074.90 secs, 81 evals, 45 steps, improv/step: 0.400 (last = 1.0000), fitness=1.754496696
8168.44 secs, 82 evals, 46 steps, improv/step: 0.413 (last = 1.0000), fitness=1.754496696
8373.22 secs, 84 evals, 47 steps, improv/step: 0.426 (last = 1.0000), fitness=1.754496696
8571.00 secs, 86 evals, 48 steps, improv/step: 0.417 (last = 0.0000), fitness=1.754496696
8775.05 secs, 88 evals, 49 steps, improv/step: 0.408 (last = 0.0000), fitness=1.754496696
8833.82 secs, 89 evals, 50 steps, improv/step: 0.420 (last = 1.0000), fitness=1.754496696
8928.08 secs, 90 evals, 51 steps, improv/step: 0.412 (last = 0.0000), fitness=1.754496696
9025.15 secs, 91 evals, 52 steps, improv/step: 0.404 (last = 0.0000), fitness=1.754496696
9204.86 secs, 93 evals, 53 steps, improv/step: 0.396 (last = 0.0000), fitness=1.754496696
9411.89 secs, 95 evals, 54 steps, improv/step: 0.389 (last = 0.0000), fitness=1.754496696
9602.55 secs, 97 evals, 55 steps, improv/step: 0.400 (last = 1.0000), fitness=1.754496696
9706.11 secs, 98 evals, 56 steps, improv/step: 0.393 (last = 0.0000), fitness=1.754496696
9807.54 secs, 100 evals, 57 steps, improv/step: 0.404 (last = 1.0000), fitness=1.754496696
9849.47 secs, 101 evals, 58 steps, improv/step: 0.414 (last = 1.0000), fitness=1.754496696
9944.04 secs, 102 evals, 59 steps, improv/step: 0.424 (last = 1.0000), fitness=1.754496696
10092.88 secs, 104 evals, 60 steps, improv/step: 0.433 (last = 1.0000), fitness=1.754496696
10287.83 secs, 106 evals, 61 steps, improv/step: 0.443 (last = 1.0000), fitness=1.754496696
10493.74 secs, 108 evals, 62 steps, improv/step: 0.435 (last = 0.0000), fitness=1.754496696
10634.00 secs, 110 evals, 63 steps, improv/step: 0.444 (last = 1.0000), fitness=1.754496696
10763.98 secs, 112 evals, 64 steps, improv/step: 0.453 (last = 1.0000), fitness=1.754496696

Optimization stopped after 65 steps and 10832.38 seconds
Termination reason: Max time (10800.0 s) reached
Steps per second = 0.01
Function evals per second = 0.01
Improvements/step = Inf
Total function evaluations = 114


Best candidate found: [0.0469214, 0.565629]

Fitness: 1.752417468

