N_Jobs_Total: 14700
N_Runs: 60
Job: 2206, N_Quanta: 26, epsilon: 0.86, NT_per_Second: 100, mem_slope: 0.2
Job: 2207, N_Quanta: 26, epsilon: 0.86, NT_per_Second: 200, mem_slope: 0.2
Job: 2208, N_Quanta: 26, epsilon: 0.86, NT_per_Second: 400, mem_slope: 0.2
Job: 2209, N_Quanta: 27, epsilon: 0.86, NT_per_Second: 10, mem_slope: 0.2
Job: 2210, N_Quanta: 27, epsilon: 0.86, NT_per_Second: 25, mem_slope: 0.2
Job: 2211, N_Quanta: 27, epsilon: 0.86, NT_per_Second: 50, mem_slope: 0.2
Job: 2212, N_Quanta: 27, epsilon: 0.86, NT_per_Second: 100, mem_slope: 0.2
Job: 2213, N_Quanta: 27, epsilon: 0.86, NT_per_Second: 200, mem_slope: 0.2
Job: 2214, N_Quanta: 27, epsilon: 0.86, NT_per_Second: 400, mem_slope: 0.2
Job: 2215, N_Quanta: 28, epsilon: 0.86, NT_per_Second: 10, mem_slope: 0.2
Job: 2216, N_Quanta: 28, epsilon: 0.86, NT_per_Second: 25, mem_slope: 0.2
Job: 2217, N_Quanta: 28, epsilon: 0.86, NT_per_Second: 50, mem_slope: 0.2
Job: 2218, N_Quanta: 28, epsilon: 0.86, NT_per_Second: 100, mem_slope: 0.2
Job: 2219, N_Quanta: 28, epsilon: 0.86, NT_per_Second: 200, mem_slope: 0.2
Job: 2220, N_Quanta: 28, epsilon: 0.86, NT_per_Second: 400, mem_slope: 0.2
Job: 2221, N_Quanta: 29, epsilon: 0.86, NT_per_Second: 10, mem_slope: 0.2
Job: 2222, N_Quanta: 29, epsilon: 0.86, NT_per_Second: 25, mem_slope: 0.2
Job: 2223, N_Quanta: 29, epsilon: 0.86, NT_per_Second: 50, mem_slope: 0.2
Job: 2224, N_Quanta: 29, epsilon: 0.86, NT_per_Second: 100, mem_slope: 0.2
Job: 2225, N_Quanta: 29, epsilon: 0.86, NT_per_Second: 200, mem_slope: 0.2
Job: 2226, N_Quanta: 29, epsilon: 0.86, NT_per_Second: 400, mem_slope: 0.2
Job: 2227, N_Quanta: 30, epsilon: 0.86, NT_per_Second: 10, mem_slope: 0.2
Job: 2228, N_Quanta: 30, epsilon: 0.86, NT_per_Second: 25, mem_slope: 0.2
Job: 2229, N_Quanta: 30, epsilon: 0.86, NT_per_Second: 50, mem_slope: 0.2
Job: 2230, N_Quanta: 30, epsilon: 0.86, NT_per_Second: 100, mem_slope: 0.2
Job: 2231, N_Quanta: 30, epsilon: 0.86, NT_per_Second: 200, mem_slope: 0.2
Job: 2232, N_Quanta: 30, epsilon: 0.86, NT_per_Second: 400, mem_slope: 0.2
Job: 2233, N_Quanta: 31, epsilon: 0.86, NT_per_Second: 10, mem_slope: 0.2
Job: 2234, N_Quanta: 31, epsilon: 0.86, NT_per_Second: 25, mem_slope: 0.2
Job: 2235, N_Quanta: 31, epsilon: 0.86, NT_per_Second: 50, mem_slope: 0.2
Job: 2236, N_Quanta: 31, epsilon: 0.86, NT_per_Second: 100, mem_slope: 0.2
Job: 2237, N_Quanta: 31, epsilon: 0.86, NT_per_Second: 200, mem_slope: 0.2
Job: 2238, N_Quanta: 31, epsilon: 0.86, NT_per_Second: 400, mem_slope: 0.2
Job: 2239, N_Quanta: 32, epsilon: 0.86, NT_per_Second: 10, mem_slope: 0.2
Job: 2240, N_Quanta: 32, epsilon: 0.86, NT_per_Second: 25, mem_slope: 0.2
Job: 2241, N_Quanta: 32, epsilon: 0.86, NT_per_Second: 50, mem_slope: 0.2
Job: 2242, N_Quanta: 32, epsilon: 0.86, NT_per_Second: 100, mem_slope: 0.2
Job: 2243, N_Quanta: 32, epsilon: 0.86, NT_per_Second: 200, mem_slope: 0.2
Job: 2244, N_Quanta: 32, epsilon: 0.86, NT_per_Second: 400, mem_slope: 0.2
Job: 2245, N_Quanta: 33, epsilon: 0.86, NT_per_Second: 10, mem_slope: 0.2
Job: 2246, N_Quanta: 33, epsilon: 0.86, NT_per_Second: 25, mem_slope: 0.2
Job: 2247, N_Quanta: 33, epsilon: 0.86, NT_per_Second: 50, mem_slope: 0.2
Job: 2248, N_Quanta: 33, epsilon: 0.86, NT_per_Second: 100, mem_slope: 0.2
Job: 2249, N_Quanta: 33, epsilon: 0.86, NT_per_Second: 200, mem_slope: 0.2
Job: 2250, N_Quanta: 33, epsilon: 0.86, NT_per_Second: 400, mem_slope: 0.2
Job: 2251, N_Quanta: 34, epsilon: 0.86, NT_per_Second: 10, mem_slope: 0.2
Job: 2252, N_Quanta: 34, epsilon: 0.86, NT_per_Second: 25, mem_slope: 0.2
Job: 2253, N_Quanta: 34, epsilon: 0.86, NT_per_Second: 50, mem_slope: 0.2
Job: 2254, N_Quanta: 34, epsilon: 0.86, NT_per_Second: 100, mem_slope: 0.2
Job: 2255, N_Quanta: 34, epsilon: 0.86, NT_per_Second: 200, mem_slope: 0.2
Job: 2256, N_Quanta: 34, epsilon: 0.86, NT_per_Second: 400, mem_slope: 0.2
Job: 2257, N_Quanta: 35, epsilon: 0.86, NT_per_Second: 10, mem_slope: 0.2
Job: 2258, N_Quanta: 35, epsilon: 0.86, NT_per_Second: 25, mem_slope: 0.2
Job: 2259, N_Quanta: 35, epsilon: 0.86, NT_per_Second: 50, mem_slope: 0.2
Job: 2260, N_Quanta: 35, epsilon: 0.86, NT_per_Second: 100, mem_slope: 0.2
Job: 2261, N_Quanta: 35, epsilon: 0.86, NT_per_Second: 200, mem_slope: 0.2
Job: 2262, N_Quanta: 35, epsilon: 0.86, NT_per_Second: 400, mem_slope: 0.2
Job: 2263, N_Quanta: 36, epsilon: 0.86, NT_per_Second: 10, mem_slope: 0.2
Job: 2264, N_Quanta: 36, epsilon: 0.86, NT_per_Second: 25, mem_slope: 0.2
Job: 2265, N_Quanta: 36, epsilon: 0.86, NT_per_Second: 50, mem_slope: 0.2
Job: 2266, N_Quanta: 36, epsilon: 0.86, NT_per_Second: 100, mem_slope: 0.2
Job: 2267, N_Quanta: 36, epsilon: 0.86, NT_per_Second: 200, mem_slope: 0.2
Job: 2268, N_Quanta: 36, epsilon: 0.86, NT_per_Second: 400, mem_slope: 0.2
Job: 2269, N_Quanta: 37, epsilon: 0.86, NT_per_Second: 10, mem_slope: 0.2
Job: 2270, N_Quanta: 37, epsilon: 0.86, NT_per_Second: 25, mem_slope: 0.2
Job: 2271, N_Quanta: 37, epsilon: 0.86, NT_per_Second: 50, mem_slope: 0.2
Job: 2272, N_Quanta: 37, epsilon: 0.86, NT_per_Second: 100, mem_slope: 0.2
Job: 2273, N_Quanta: 37, epsilon: 0.86, NT_per_Second: 200, mem_slope: 0.2
Job: 2274, N_Quanta: 37, epsilon: 0.86, NT_per_Second: 400, mem_slope: 0.2
Job: 2275, N_Quanta: 38, epsilon: 0.86, NT_per_Second: 10, mem_slope: 0.2
Job: 2276, N_Quanta: 38, epsilon: 0.86, NT_per_Second: 25, mem_slope: 0.2
Job: 2277, N_Quanta: 38, epsilon: 0.86, NT_per_Second: 50, mem_slope: 0.2
Job: 2278, N_Quanta: 38, epsilon: 0.86, NT_per_Second: 100, mem_slope: 0.2
Job: 2279, N_Quanta: 38, epsilon: 0.86, NT_per_Second: 200, mem_slope: 0.2
Job: 2280, N_Quanta: 38, epsilon: 0.86, NT_per_Second: 400, mem_slope: 0.2
Job: 2281, N_Quanta: 39, epsilon: 0.86, NT_per_Second: 10, mem_slope: 0.2
Job: 2282, N_Quanta: 39, epsilon: 0.86, NT_per_Second: 25, mem_slope: 0.2
Job: 2283, N_Quanta: 39, epsilon: 0.86, NT_per_Second: 50, mem_slope: 0.2
Job: 2284, N_Quanta: 39, epsilon: 0.86, NT_per_Second: 100, mem_slope: 0.2
Job: 2285, N_Quanta: 39, epsilon: 0.86, NT_per_Second: 200, mem_slope: 0.2
Job: 2286, N_Quanta: 39, epsilon: 0.86, NT_per_Second: 400, mem_slope: 0.2
Job: 2287, N_Quanta: 40, epsilon: 0.86, NT_per_Second: 10, mem_slope: 0.2
Job: 2288, N_Quanta: 40, epsilon: 0.86, NT_per_Second: 25, mem_slope: 0.2
Job: 2289, N_Quanta: 40, epsilon: 0.86, NT_per_Second: 50, mem_slope: 0.2
Job: 2290, N_Quanta: 40, epsilon: 0.86, NT_per_Second: 100, mem_slope: 0.2
Job: 2291, N_Quanta: 40, epsilon: 0.86, NT_per_Second: 200, mem_slope: 0.2
Job: 2292, N_Quanta: 40, epsilon: 0.86, NT_per_Second: 400, mem_slope: 0.2
Job: 2293, N_Quanta: 41, epsilon: 0.86, NT_per_Second: 10, mem_slope: 0.2
Job: 2294, N_Quanta: 41, epsilon: 0.86, NT_per_Second: 25, mem_slope: 0.2
Job: 2295, N_Quanta: 41, epsilon: 0.86, NT_per_Second: 50, mem_slope: 0.2
Job: 2296, N_Quanta: 41, epsilon: 0.86, NT_per_Second: 100, mem_slope: 0.2
Job: 2297, N_Quanta: 41, epsilon: 0.86, NT_per_Second: 200, mem_slope: 0.2
Job: 2298, N_Quanta: 41, epsilon: 0.86, NT_per_Second: 400, mem_slope: 0.2
Job: 2299, N_Quanta: 42, epsilon: 0.86, NT_per_Second: 10, mem_slope: 0.2
Job: 2300, N_Quanta: 42, epsilon: 0.86, NT_per_Second: 25, mem_slope: 0.2
Job: 2301, N_Quanta: 42, epsilon: 0.86, NT_per_Second: 50, mem_slope: 0.2
Job: 2302, N_Quanta: 42, epsilon: 0.86, NT_per_Second: 100, mem_slope: 0.2
Job: 2303, N_Quanta: 42, epsilon: 0.86, NT_per_Second: 200, mem_slope: 0.2
Job: 2304, N_Quanta: 42, epsilon: 0.86, NT_per_Second: 400, mem_slope: 0.2
Job: 2305, N_Quanta: 43, epsilon: 0.86, NT_per_Second: 10, mem_slope: 0.2
Job: 2306, N_Quanta: 43, epsilon: 0.86, NT_per_Second: 25, mem_slope: 0.2
Job: 2307, N_Quanta: 43, epsilon: 0.86, NT_per_Second: 50, mem_slope: 0.2
Job: 2308, N_Quanta: 43, epsilon: 0.86, NT_per_Second: 100, mem_slope: 0.2
Job: 2309, N_Quanta: 43, epsilon: 0.86, NT_per_Second: 200, mem_slope: 0.2
Job: 2310, N_Quanta: 43, epsilon: 0.86, NT_per_Second: 400, mem_slope: 0.2
Job: 2311, N_Quanta: 44, epsilon: 0.86, NT_per_Second: 10, mem_slope: 0.2
Job: 2312, N_Quanta: 44, epsilon: 0.86, NT_per_Second: 25, mem_slope: 0.2
Job: 2313, N_Quanta: 44, epsilon: 0.86, NT_per_Second: 50, mem_slope: 0.2
Job: 2314, N_Quanta: 44, epsilon: 0.86, NT_per_Second: 100, mem_slope: 0.2
Job: 2315, N_Quanta: 44, epsilon: 0.86, NT_per_Second: 200, mem_slope: 0.2
Job: 2316, N_Quanta: 44, epsilon: 0.86, NT_per_Second: 400, mem_slope: 0.2
Job: 2317, N_Quanta: 45, epsilon: 0.86, NT_per_Second: 10, mem_slope: 0.2
Job: 2318, N_Quanta: 45, epsilon: 0.86, NT_per_Second: 25, mem_slope: 0.2
Job: 2319, N_Quanta: 45, epsilon: 0.86, NT_per_Second: 50, mem_slope: 0.2
Job: 2320, N_Quanta: 45, epsilon: 0.86, NT_per_Second: 100, mem_slope: 0.2
Job: 2321, N_Quanta: 45, epsilon: 0.86, NT_per_Second: 200, mem_slope: 0.2
Job: 2322, N_Quanta: 45, epsilon: 0.86, NT_per_Second: 400, mem_slope: 0.2
Job: 2323, N_Quanta: 46, epsilon: 0.86, NT_per_Second: 10, mem_slope: 0.2
Job: 2324, N_Quanta: 46, epsilon: 0.86, NT_per_Second: 25, mem_slope: 0.2
Job: 2325, N_Quanta: 46, epsilon: 0.86, NT_per_Second: 50, mem_slope: 0.2
Job: 2326, N_Quanta: 46, epsilon: 0.86, NT_per_Second: 100, mem_slope: 0.2
Job: 2327, N_Quanta: 46, epsilon: 0.86, NT_per_Second: 200, mem_slope: 0.2
Job: 2328, N_Quanta: 46, epsilon: 0.86, NT_per_Second: 400, mem_slope: 0.2
Job: 2329, N_Quanta: 47, epsilon: 0.86, NT_per_Second: 10, mem_slope: 0.2
Job: 2330, N_Quanta: 47, epsilon: 0.86, NT_per_Second: 25, mem_slope: 0.2
Job: 2331, N_Quanta: 47, epsilon: 0.86, NT_per_Second: 50, mem_slope: 0.2
Job: 2332, N_Quanta: 47, epsilon: 0.86, NT_per_Second: 100, mem_slope: 0.2
Job: 2333, N_Quanta: 47, epsilon: 0.86, NT_per_Second: 200, mem_slope: 0.2
Job: 2334, N_Quanta: 47, epsilon: 0.86, NT_per_Second: 400, mem_slope: 0.2
Job: 2335, N_Quanta: 48, epsilon: 0.86, NT_per_Second: 10, mem_slope: 0.2
Job: 2336, N_Quanta: 48, epsilon: 0.86, NT_per_Second: 25, mem_slope: 0.2
Job: 2337, N_Quanta: 48, epsilon: 0.86, NT_per_Second: 50, mem_slope: 0.2
Job: 2338, N_Quanta: 48, epsilon: 0.86, NT_per_Second: 100, mem_slope: 0.2
Job: 2339, N_Quanta: 48, epsilon: 0.86, NT_per_Second: 200, mem_slope: 0.2
Job: 2340, N_Quanta: 48, epsilon: 0.86, NT_per_Second: 400, mem_slope: 0.2
Job: 2341, N_Quanta: 49, epsilon: 0.86, NT_per_Second: 10, mem_slope: 0.2
Job: 2342, N_Quanta: 49, epsilon: 0.86, NT_per_Second: 25, mem_slope: 0.2
Job: 2343, N_Quanta: 49, epsilon: 0.86, NT_per_Second: 50, mem_slope: 0.2
Job: 2344, N_Quanta: 49, epsilon: 0.86, NT_per_Second: 100, mem_slope: 0.2
Job: 2345, N_Quanta: 49, epsilon: 0.86, NT_per_Second: 200, mem_slope: 0.2
Job: 2346, N_Quanta: 49, epsilon: 0.86, NT_per_Second: 400, mem_slope: 0.2
Job: 2347, N_Quanta: 50, epsilon: 0.86, NT_per_Second: 10, mem_slope: 0.2
Job: 2348, N_Quanta: 50, epsilon: 0.86, NT_per_Second: 25, mem_slope: 0.2
Job: 2349, N_Quanta: 50, epsilon: 0.86, NT_per_Second: 50, mem_slope: 0.2
Job: 2350, N_Quanta: 50, epsilon: 0.86, NT_per_Second: 100, mem_slope: 0.2
Job: 2351, N_Quanta: 50, epsilon: 0.86, NT_per_Second: 200, mem_slope: 0.2
Job: 2352, N_Quanta: 50, epsilon: 0.86, NT_per_Second: 400, mem_slope: 0.2
Job: 2353, N_Quanta: 2, epsilon: 0.84, NT_per_Second: 10, mem_slope: 0.2
Job: 2354, N_Quanta: 2, epsilon: 0.84, NT_per_Second: 25, mem_slope: 0.2
Job: 2355, N_Quanta: 2, epsilon: 0.84, NT_per_Second: 50, mem_slope: 0.2
Job: 2356, N_Quanta: 2, epsilon: 0.84, NT_per_Second: 100, mem_slope: 0.2
Job: 2357, N_Quanta: 2, epsilon: 0.84, NT_per_Second: 200, mem_slope: 0.2
Job: 2358, N_Quanta: 2, epsilon: 0.84, NT_per_Second: 400, mem_slope: 0.2
Job: 2359, N_Quanta: 3, epsilon: 0.84, NT_per_Second: 10, mem_slope: 0.2
Job: 2360, N_Quanta: 3, epsilon: 0.84, NT_per_Second: 25, mem_slope: 0.2
Job: 2361, N_Quanta: 3, epsilon: 0.84, NT_per_Second: 50, mem_slope: 0.2
Job: 2362, N_Quanta: 3, epsilon: 0.84, NT_per_Second: 100, mem_slope: 0.2
Job: 2363, N_Quanta: 3, epsilon: 0.84, NT_per_Second: 200, mem_slope: 0.2
Job: 2364, N_Quanta: 3, epsilon: 0.84, NT_per_Second: 400, mem_slope: 0.2
Job: 2365, N_Quanta: 4, epsilon: 0.84, NT_per_Second: 10, mem_slope: 0.2
Job: 2366, N_Quanta: 4, epsilon: 0.84, NT_per_Second: 25, mem_slope: 0.2
Job: 2367, N_Quanta: 4, epsilon: 0.84, NT_per_Second: 50, mem_slope: 0.2
Job: 2368, N_Quanta: 4, epsilon: 0.84, NT_per_Second: 100, mem_slope: 0.2
Job: 2369, N_Quanta: 4, epsilon: 0.84, NT_per_Second: 200, mem_slope: 0.2
Job: 2370, N_Quanta: 4, epsilon: 0.84, NT_per_Second: 400, mem_slope: 0.2
Job: 2371, N_Quanta: 5, epsilon: 0.84, NT_per_Second: 10, mem_slope: 0.2
Job: 2372, N_Quanta: 5, epsilon: 0.84, NT_per_Second: 25, mem_slope: 0.2
Job: 2373, N_Quanta: 5, epsilon: 0.84, NT_per_Second: 50, mem_slope: 0.2
Job: 2374, N_Quanta: 5, epsilon: 0.84, NT_per_Second: 100, mem_slope: 0.2
Job: 2375, N_Quanta: 5, epsilon: 0.84, NT_per_Second: 200, mem_slope: 0.2
Job: 2376, N_Quanta: 5, epsilon: 0.84, NT_per_Second: 400, mem_slope: 0.2
Job: 2377, N_Quanta: 6, epsilon: 0.84, NT_per_Second: 10, mem_slope: 0.2
Job: 2378, N_Quanta: 6, epsilon: 0.84, NT_per_Second: 25, mem_slope: 0.2
Job: 2379, N_Quanta: 6, epsilon: 0.84, NT_per_Second: 50, mem_slope: 0.2
Job: 2380, N_Quanta: 6, epsilon: 0.84, NT_per_Second: 100, mem_slope: 0.2
Job: 2381, N_Quanta: 6, epsilon: 0.84, NT_per_Second: 200, mem_slope: 0.2
Job: 2382, N_Quanta: 6, epsilon: 0.84, NT_per_Second: 400, mem_slope: 0.2
Job: 2383, N_Quanta: 7, epsilon: 0.84, NT_per_Second: 10, mem_slope: 0.2
Job: 2384, N_Quanta: 7, epsilon: 0.84, NT_per_Second: 25, mem_slope: 0.2
Job: 2385, N_Quanta: 7, epsilon: 0.84, NT_per_Second: 50, mem_slope: 0.2
Job: 2386, N_Quanta: 7, epsilon: 0.84, NT_per_Second: 100, mem_slope: 0.2
Job: 2387, N_Quanta: 7, epsilon: 0.84, NT_per_Second: 200, mem_slope: 0.2
Job: 2388, N_Quanta: 7, epsilon: 0.84, NT_per_Second: 400, mem_slope: 0.2
Job: 2389, N_Quanta: 8, epsilon: 0.84, NT_per_Second: 10, mem_slope: 0.2
Job: 2390, N_Quanta: 8, epsilon: 0.84, NT_per_Second: 25, mem_slope: 0.2
Job: 2391, N_Quanta: 8, epsilon: 0.84, NT_per_Second: 50, mem_slope: 0.2
Job: 2392, N_Quanta: 8, epsilon: 0.84, NT_per_Second: 100, mem_slope: 0.2
Job: 2393, N_Quanta: 8, epsilon: 0.84, NT_per_Second: 200, mem_slope: 0.2
Job: 2394, N_Quanta: 8, epsilon: 0.84, NT_per_Second: 400, mem_slope: 0.2
Job: 2395, N_Quanta: 9, epsilon: 0.84, NT_per_Second: 10, mem_slope: 0.2
Job: 2396, N_Quanta: 9, epsilon: 0.84, NT_per_Second: 25, mem_slope: 0.2
Job: 2397, N_Quanta: 9, epsilon: 0.84, NT_per_Second: 50, mem_slope: 0.2
Job: 2398, N_Quanta: 9, epsilon: 0.84, NT_per_Second: 100, mem_slope: 0.2
Job: 2399, N_Quanta: 9, epsilon: 0.84, NT_per_Second: 200, mem_slope: 0.2
Job: 2400, N_Quanta: 9, epsilon: 0.84, NT_per_Second: 400, mem_slope: 0.2
Job: 2401, N_Quanta: 10, epsilon: 0.84, NT_per_Second: 10, mem_slope: 0.2
Job: 2402, N_Quanta: 10, epsilon: 0.84, NT_per_Second: 25, mem_slope: 0.2
Job: 2403, N_Quanta: 10, epsilon: 0.84, NT_per_Second: 50, mem_slope: 0.2
Job: 2404, N_Quanta: 10, epsilon: 0.84, NT_per_Second: 100, mem_slope: 0.2
Job: 2405, N_Quanta: 10, epsilon: 0.84, NT_per_Second: 200, mem_slope: 0.2
Job: 2406, N_Quanta: 10, epsilon: 0.84, NT_per_Second: 400, mem_slope: 0.2
Job: 2407, N_Quanta: 11, epsilon: 0.84, NT_per_Second: 10, mem_slope: 0.2
Job: 2408, N_Quanta: 11, epsilon: 0.84, NT_per_Second: 25, mem_slope: 0.2
Job: 2409, N_Quanta: 11, epsilon: 0.84, NT_per_Second: 50, mem_slope: 0.2
Job: 2410, N_Quanta: 11, epsilon: 0.84, NT_per_Second: 100, mem_slope: 0.2
Job: 2411, N_Quanta: 11, epsilon: 0.84, NT_per_Second: 200, mem_slope: 0.2
Job: 2412, N_Quanta: 11, epsilon: 0.84, NT_per_Second: 400, mem_slope: 0.2
Job: 2413, N_Quanta: 12, epsilon: 0.84, NT_per_Second: 10, mem_slope: 0.2
Job: 2414, N_Quanta: 12, epsilon: 0.84, NT_per_Second: 25, mem_slope: 0.2
Job: 2415, N_Quanta: 12, epsilon: 0.84, NT_per_Second: 50, mem_slope: 0.2
Job: 2416, N_Quanta: 12, epsilon: 0.84, NT_per_Second: 100, mem_slope: 0.2
Job: 2417, N_Quanta: 12, epsilon: 0.84, NT_per_Second: 200, mem_slope: 0.2
Job: 2418, N_Quanta: 12, epsilon: 0.84, NT_per_Second: 400, mem_slope: 0.2
Job: 2419, N_Quanta: 13, epsilon: 0.84, NT_per_Second: 10, mem_slope: 0.2
Job: 2420, N_Quanta: 13, epsilon: 0.84, NT_per_Second: 25, mem_slope: 0.2
Job: 2421, N_Quanta: 13, epsilon: 0.84, NT_per_Second: 50, mem_slope: 0.2
Job: 2422, N_Quanta: 13, epsilon: 0.84, NT_per_Second: 100, mem_slope: 0.2
Job: 2423, N_Quanta: 13, epsilon: 0.84, NT_per_Second: 200, mem_slope: 0.2
Job: 2424, N_Quanta: 13, epsilon: 0.84, NT_per_Second: 400, mem_slope: 0.2
Job: 2425, N_Quanta: 14, epsilon: 0.84, NT_per_Second: 10, mem_slope: 0.2
Job: 2426, N_Quanta: 14, epsilon: 0.84, NT_per_Second: 25, mem_slope: 0.2
Job: 2427, N_Quanta: 14, epsilon: 0.84, NT_per_Second: 50, mem_slope: 0.2
Job: 2428, N_Quanta: 14, epsilon: 0.84, NT_per_Second: 100, mem_slope: 0.2
Job: 2429, N_Quanta: 14, epsilon: 0.84, NT_per_Second: 200, mem_slope: 0.2
Job: 2430, N_Quanta: 14, epsilon: 0.84, NT_per_Second: 400, mem_slope: 0.2
Job: 2431, N_Quanta: 15, epsilon: 0.84, NT_per_Second: 10, mem_slope: 0.2
Job: 2432, N_Quanta: 15, epsilon: 0.84, NT_per_Second: 25, mem_slope: 0.2
Job: 2433, N_Quanta: 15, epsilon: 0.84, NT_per_Second: 50, mem_slope: 0.2
Job: 2434, N_Quanta: 15, epsilon: 0.84, NT_per_Second: 100, mem_slope: 0.2
Job: 2435, N_Quanta: 15, epsilon: 0.84, NT_per_Second: 200, mem_slope: 0.2
Job: 2436, N_Quanta: 15, epsilon: 0.84, NT_per_Second: 400, mem_slope: 0.2
Job: 2437, N_Quanta: 16, epsilon: 0.84, NT_per_Second: 10, mem_slope: 0.2
Job: 2438, N_Quanta: 16, epsilon: 0.84, NT_per_Second: 25, mem_slope: 0.2
Job: 2439, N_Quanta: 16, epsilon: 0.84, NT_per_Second: 50, mem_slope: 0.2
Job: 2440, N_Quanta: 16, epsilon: 0.84, NT_per_Second: 100, mem_slope: 0.2
Job: 2441, N_Quanta: 16, epsilon: 0.84, NT_per_Second: 200, mem_slope: 0.2
Job: 2442, N_Quanta: 16, epsilon: 0.84, NT_per_Second: 400, mem_slope: 0.2
Job: 2443, N_Quanta: 17, epsilon: 0.84, NT_per_Second: 10, mem_slope: 0.2
Job: 2444, N_Quanta: 17, epsilon: 0.84, NT_per_Second: 25, mem_slope: 0.2
Job: 2445, N_Quanta: 17, epsilon: 0.84, NT_per_Second: 50, mem_slope: 0.2
Job: 2446, N_Quanta: 17, epsilon: 0.84, NT_per_Second: 100, mem_slope: 0.2
Job: 2447, N_Quanta: 17, epsilon: 0.84, NT_per_Second: 200, mem_slope: 0.2
Job: 2448, N_Quanta: 17, epsilon: 0.84, NT_per_Second: 400, mem_slope: 0.2
Job: 2449, N_Quanta: 18, epsilon: 0.84, NT_per_Second: 10, mem_slope: 0.2
Job: 2450, N_Quanta: 18, epsilon: 0.84, NT_per_Second: 25, mem_slope: 0.2
