N_Jobs_Total: 144
Starting optimization with optimizer DiffEvoOpt{FitPopulation{Float64}, RadiusLimitedSelector, BlackBoxOptim.AdaptiveDiffEvoRandBin{3}, RandomBound{ContinuousRectSearchSpace}}
0.00 secs, 0 evals, 0 steps
267.22 secs, 2 evals, 1 steps, improv/step: 1.000 (last = 1.0000), fitness=66.836533548
538.17 secs, 4 evals, 2 steps, improv/step: 1.000 (last = 1.0000), fitness=66.836533548
718.05 secs, 6 evals, 3 steps, improv/step: 1.000 (last = 1.0000), fitness=22.594312370
893.52 secs, 8 evals, 4 steps, improv/step: 0.750 (last = 0.0000), fitness=20.992685126
1024.84 secs, 10 evals, 5 steps, improv/step: 0.600 (last = 0.0000), fitness=1.534983768
1167.82 secs, 12 evals, 6 steps, improv/step: 0.500 (last = 0.0000), fitness=1.498177734
1446.42 secs, 14 evals, 7 steps, improv/step: 0.429 (last = 0.0000), fitness=1.498177734
1713.10 secs, 16 evals, 8 steps, improv/step: 0.375 (last = 0.0000), fitness=1.498177734
1895.00 secs, 18 evals, 9 steps, improv/step: 0.444 (last = 1.0000), fitness=1.498177734
2080.30 secs, 20 evals, 10 steps, improv/step: 0.500 (last = 1.0000), fitness=1.498177734
2190.48 secs, 22 evals, 11 steps, improv/step: 0.455 (last = 0.0000), fitness=1.498177734
2282.77 secs, 24 evals, 12 steps, improv/step: 0.417 (last = 0.0000), fitness=1.498177734
2547.31 secs, 26 evals, 13 steps, improv/step: 0.385 (last = 0.0000), fitness=1.498177734
2748.87 secs, 28 evals, 14 steps, improv/step: 0.357 (last = 0.0000), fitness=1.498177734
3000.55 secs, 30 evals, 15 steps, improv/step: 0.333 (last = 0.0000), fitness=1.498177734
3241.11 secs, 32 evals, 16 steps, improv/step: 0.375 (last = 1.0000), fitness=1.498177734
3382.05 secs, 34 evals, 17 steps, improv/step: 0.353 (last = 0.0000), fitness=1.471531543
3527.27 secs, 36 evals, 18 steps, improv/step: 0.333 (last = 0.0000), fitness=1.471531543
3678.81 secs, 38 evals, 19 steps, improv/step: 0.316 (last = 0.0000), fitness=1.471531543
3919.19 secs, 40 evals, 20 steps, improv/step: 0.300 (last = 0.0000), fitness=1.471531543
4171.81 secs, 42 evals, 21 steps, improv/step: 0.333 (last = 1.0000), fitness=1.471531543
4315.48 secs, 44 evals, 22 steps, improv/step: 0.318 (last = 0.0000), fitness=1.471531543
4570.80 secs, 46 evals, 23 steps, improv/step: 0.348 (last = 1.0000), fitness=1.471531543
4817.31 secs, 48 evals, 24 steps, improv/step: 0.375 (last = 1.0000), fitness=1.471531543
5086.76 secs, 50 evals, 25 steps, improv/step: 0.360 (last = 0.0000), fitness=1.471531543
5342.65 secs, 52 evals, 26 steps, improv/step: 0.346 (last = 0.0000), fitness=1.471531543
5582.69 secs, 54 evals, 27 steps, improv/step: 0.370 (last = 1.0000), fitness=1.471531543
5699.63 secs, 55 evals, 28 steps, improv/step: 0.357 (last = 0.0000), fitness=1.471531543
5815.68 secs, 56 evals, 29 steps, improv/step: 0.379 (last = 1.0000), fitness=1.471531543
5994.99 secs, 58 evals, 30 steps, improv/step: 0.400 (last = 1.0000), fitness=0.795699049
6187.77 secs, 60 evals, 31 steps, improv/step: 0.419 (last = 1.0000), fitness=0.795699049
6429.45 secs, 62 evals, 32 steps, improv/step: 0.438 (last = 1.0000), fitness=0.795699049
6518.15 secs, 64 evals, 33 steps, improv/step: 0.455 (last = 1.0000), fitness=0.795699049
6753.02 secs, 66 evals, 34 steps, improv/step: 0.471 (last = 1.0000), fitness=0.795699049
6993.61 secs, 68 evals, 35 steps, improv/step: 0.486 (last = 1.0000), fitness=0.795699049
7042.00 secs, 69 evals, 36 steps, improv/step: 0.472 (last = 0.0000), fitness=0.795699049
7283.51 secs, 71 evals, 37 steps, improv/step: 0.486 (last = 1.0000), fitness=0.795699049
7370.75 secs, 72 evals, 38 steps, improv/step: 0.474 (last = 0.0000), fitness=0.795699049
7606.23 secs, 74 evals, 39 steps, improv/step: 0.487 (last = 1.0000), fitness=0.795699049
7641.32 secs, 75 evals, 40 steps, improv/step: 0.500 (last = 1.0000), fitness=0.795699049
7750.51 secs, 77 evals, 41 steps, improv/step: 0.512 (last = 1.0000), fitness=0.795699049
7865.26 secs, 78 evals, 42 steps, improv/step: 0.500 (last = 0.0000), fitness=0.795699049
7989.77 secs, 79 evals, 43 steps, improv/step: 0.512 (last = 1.0000), fitness=0.795699049
8179.05 secs, 81 evals, 44 steps, improv/step: 0.523 (last = 1.0000), fitness=0.795699049
8299.33 secs, 82 evals, 45 steps, improv/step: 0.511 (last = 0.0000), fitness=0.795699049
8411.79 secs, 83 evals, 46 steps, improv/step: 0.522 (last = 1.0000), fitness=0.795699049
8498.04 secs, 85 evals, 47 steps, improv/step: 0.511 (last = 0.0000), fitness=0.795699049
8583.27 secs, 86 evals, 48 steps, improv/step: 0.500 (last = 0.0000), fitness=0.795699049
8828.71 secs, 88 evals, 49 steps, improv/step: 0.490 (last = 0.0000), fitness=0.795699049
9084.24 secs, 90 evals, 50 steps, improv/step: 0.500 (last = 1.0000), fitness=0.795699049
9194.18 secs, 91 evals, 51 steps, improv/step: 0.510 (last = 1.0000), fitness=0.795699049
9419.39 secs, 93 evals, 52 steps, improv/step: 0.519 (last = 1.0000), fitness=0.795699049
9535.40 secs, 94 evals, 53 steps, improv/step: 0.509 (last = 0.0000), fitness=0.795699049
9645.69 secs, 95 evals, 54 steps, improv/step: 0.500 (last = 0.0000), fitness=0.795699049
9749.41 secs, 96 evals, 55 steps, improv/step: 0.509 (last = 1.0000), fitness=0.795699049
9941.14 secs, 98 evals, 56 steps, improv/step: 0.518 (last = 1.0000), fitness=0.795699049
10167.25 secs, 100 evals, 57 steps, improv/step: 0.526 (last = 1.0000), fitness=0.795699049
10275.61 secs, 101 evals, 58 steps, improv/step: 0.517 (last = 0.0000), fitness=0.795699049
10509.64 secs, 103 evals, 59 steps, improv/step: 0.525 (last = 1.0000), fitness=0.795699049
10601.20 secs, 105 evals, 60 steps, improv/step: 0.517 (last = 0.0000), fitness=0.795699049

Optimization stopped after 61 steps and 10807.99 seconds
Termination reason: Max time (10800.0 s) reached
Steps per second = 0.01
Function evals per second = 0.01
Improvements/step = Inf
Total function evaluations = 107


Best candidate found: [0.174645, 0.866054]

Fitness: 0.795699049

