N_Jobs_Total: 144
Starting optimization with optimizer DiffEvoOpt{FitPopulation{Float64}, RadiusLimitedSelector, BlackBoxOptim.AdaptiveDiffEvoRandBin{3}, RandomBound{ContinuousRectSearchSpace}}
0.00 secs, 0 evals, 0 steps
552.98 secs, 2 evals, 1 steps, fitness=25.360096663
1108.25 secs, 4 evals, 2 steps, fitness=23.181034573
1567.62 secs, 6 evals, 3 steps, improv/step: 0.333 (last = 1.0000), fitness=1.841522634
2062.13 secs, 8 evals, 4 steps, improv/step: 0.500 (last = 1.0000), fitness=1.841522634
2606.35 secs, 10 evals, 5 steps, improv/step: 0.400 (last = 0.0000), fitness=1.841522634
2827.84 secs, 12 evals, 6 steps, improv/step: 0.333 (last = 0.0000), fitness=1.841522634
3297.73 secs, 14 evals, 7 steps, improv/step: 0.286 (last = 0.0000), fitness=1.841522634
3611.68 secs, 16 evals, 8 steps, improv/step: 0.375 (last = 1.0000), fitness=1.841522634
4110.53 secs, 18 evals, 9 steps, improv/step: 0.444 (last = 1.0000), fitness=1.841522634
4470.70 secs, 20 evals, 10 steps, improv/step: 0.500 (last = 1.0000), fitness=1.841522634
5004.10 secs, 22 evals, 11 steps, improv/step: 0.545 (last = 1.0000), fitness=1.841522634
5476.39 secs, 24 evals, 12 steps, improv/step: 0.583 (last = 1.0000), fitness=1.841522634
5964.14 secs, 26 evals, 13 steps, improv/step: 0.538 (last = 0.0000), fitness=1.841522634
6415.01 secs, 28 evals, 14 steps, improv/step: 0.571 (last = 1.0000), fitness=1.841522634
6904.22 secs, 30 evals, 15 steps, improv/step: 0.533 (last = 0.0000), fitness=1.841522634
7342.82 secs, 32 evals, 16 steps, improv/step: 0.500 (last = 0.0000), fitness=1.841522634
7566.80 secs, 33 evals, 17 steps, improv/step: 0.471 (last = 0.0000), fitness=1.841522634
7997.36 secs, 35 evals, 18 steps, improv/step: 0.500 (last = 1.0000), fitness=1.841522634
8455.11 secs, 37 evals, 19 steps, improv/step: 0.526 (last = 1.0000), fitness=1.841522634
8643.11 secs, 39 evals, 20 steps, improv/step: 0.550 (last = 1.0000), fitness=1.841522634
9087.41 secs, 41 evals, 21 steps, improv/step: 0.571 (last = 1.0000), fitness=1.841522634
9298.01 secs, 42 evals, 22 steps, improv/step: 0.545 (last = 0.0000), fitness=1.841522634
9737.12 secs, 44 evals, 23 steps, improv/step: 0.565 (last = 1.0000), fitness=1.841522634
10118.97 secs, 46 evals, 24 steps, improv/step: 0.583 (last = 1.0000), fitness=1.841522634
10561.31 secs, 48 evals, 25 steps, improv/step: 0.560 (last = 0.0000), fitness=1.841522634
10732.59 secs, 50 evals, 26 steps, improv/step: 0.577 (last = 1.0000), fitness=1.841522634

Optimization stopped after 27 steps and 10810.58 seconds
Termination reason: Max time (10800.0 s) reached
Steps per second = 0.00
Function evals per second = 0.00
Improvements/step = Inf
Total function evaluations = 51


Best candidate found: [0.354451, 0.862144]

Fitness: 1.841522634

