N_Jobs_Total: 144
Starting optimization with optimizer DiffEvoOpt{FitPopulation{Float64}, RadiusLimitedSelector, BlackBoxOptim.AdaptiveDiffEvoRandBin{3}, RandomBound{ContinuousRectSearchSpace}}
0.00 secs, 0 evals, 0 steps
300.05 secs, 2 evals, 1 steps, fitness=8.804829807
544.77 secs, 4 evals, 2 steps, improv/step: 0.500 (last = 1.0000), fitness=8.501167381
786.92 secs, 6 evals, 3 steps, improv/step: 0.667 (last = 1.0000), fitness=8.003521884
1056.47 secs, 8 evals, 4 steps, improv/step: 0.750 (last = 1.0000), fitness=8.003521884
1323.68 secs, 10 evals, 5 steps, improv/step: 0.600 (last = 0.0000), fitness=8.003521884
1534.50 secs, 12 evals, 6 steps, improv/step: 0.667 (last = 1.0000), fitness=8.003521884
1810.01 secs, 14 evals, 7 steps, improv/step: 0.571 (last = 0.0000), fitness=8.003521884
2095.27 secs, 16 evals, 8 steps, improv/step: 0.625 (last = 1.0000), fitness=7.394402553
2305.41 secs, 18 evals, 9 steps, improv/step: 0.556 (last = 0.0000), fitness=7.394402553
2589.48 secs, 20 evals, 10 steps, improv/step: 0.600 (last = 1.0000), fitness=7.344286387
2731.86 secs, 21 evals, 11 steps, improv/step: 0.545 (last = 0.0000), fitness=7.344286387
3012.19 secs, 23 evals, 12 steps, improv/step: 0.500 (last = 0.0000), fitness=7.344286387
3267.85 secs, 25 evals, 13 steps, improv/step: 0.538 (last = 1.0000), fitness=7.344286387
3493.78 secs, 27 evals, 14 steps, improv/step: 0.500 (last = 0.0000), fitness=7.344286387
3761.84 secs, 29 evals, 15 steps, improv/step: 0.467 (last = 0.0000), fitness=7.344286387
3900.93 secs, 31 evals, 16 steps, improv/step: 0.500 (last = 1.0000), fitness=7.344286387
4181.10 secs, 33 evals, 17 steps, improv/step: 0.471 (last = 0.0000), fitness=7.344286387
4472.50 secs, 35 evals, 18 steps, improv/step: 0.500 (last = 1.0000), fitness=7.344286387
4754.54 secs, 37 evals, 19 steps, improv/step: 0.474 (last = 0.0000), fitness=6.855049895
4986.59 secs, 39 evals, 20 steps, improv/step: 0.500 (last = 1.0000), fitness=6.855049895
5233.50 secs, 41 evals, 21 steps, improv/step: 0.524 (last = 1.0000), fitness=3.569387341
5318.11 secs, 42 evals, 22 steps, improv/step: 0.545 (last = 1.0000), fitness=3.569387341
5583.19 secs, 44 evals, 23 steps, improv/step: 0.565 (last = 1.0000), fitness=3.569387341
5714.86 secs, 45 evals, 24 steps, improv/step: 0.542 (last = 0.0000), fitness=3.569387341
5911.44 secs, 47 evals, 25 steps, improv/step: 0.520 (last = 0.0000), fitness=3.569387341
6214.89 secs, 49 evals, 26 steps, improv/step: 0.500 (last = 0.0000), fitness=3.569387341
6438.94 secs, 51 evals, 27 steps, improv/step: 0.519 (last = 1.0000), fitness=3.569387341
6715.04 secs, 53 evals, 28 steps, improv/step: 0.536 (last = 1.0000), fitness=3.569387341
6944.95 secs, 55 evals, 29 steps, improv/step: 0.517 (last = 0.0000), fitness=3.569387341
7209.10 secs, 57 evals, 30 steps, improv/step: 0.500 (last = 0.0000), fitness=3.569387341
7415.76 secs, 59 evals, 31 steps, improv/step: 0.484 (last = 0.0000), fitness=3.569387341
7677.68 secs, 61 evals, 32 steps, improv/step: 0.469 (last = 0.0000), fitness=3.569387341
7957.49 secs, 63 evals, 33 steps, improv/step: 0.485 (last = 1.0000), fitness=3.569387341
8247.44 secs, 65 evals, 34 steps, improv/step: 0.471 (last = 0.0000), fitness=3.569387341
8347.36 secs, 66 evals, 35 steps, improv/step: 0.457 (last = 0.0000), fitness=3.569387341
8497.69 secs, 68 evals, 36 steps, improv/step: 0.444 (last = 0.0000), fitness=3.569387341
8579.55 secs, 70 evals, 37 steps, improv/step: 0.432 (last = 0.0000), fitness=3.569387341
8860.04 secs, 72 evals, 38 steps, improv/step: 0.447 (last = 1.0000), fitness=3.569387341
8982.01 secs, 74 evals, 39 steps, improv/step: 0.462 (last = 1.0000), fitness=3.569387341
9249.86 secs, 76 evals, 40 steps, improv/step: 0.475 (last = 1.0000), fitness=2.575323086
9378.48 secs, 77 evals, 41 steps, improv/step: 0.488 (last = 1.0000), fitness=2.575323086
9621.15 secs, 79 evals, 42 steps, improv/step: 0.476 (last = 0.0000), fitness=2.575323086
9746.68 secs, 80 evals, 43 steps, improv/step: 0.488 (last = 1.0000), fitness=2.575323086
9878.33 secs, 81 evals, 44 steps, improv/step: 0.477 (last = 0.0000), fitness=2.575323086
10110.65 secs, 83 evals, 45 steps, improv/step: 0.489 (last = 1.0000), fitness=2.575323086
10371.93 secs, 85 evals, 46 steps, improv/step: 0.500 (last = 1.0000), fitness=2.575323086
10637.73 secs, 87 evals, 47 steps, improv/step: 0.511 (last = 1.0000), fitness=2.575323086

Optimization stopped after 48 steps and 10892.46 seconds
Termination reason: Max time (10800.0 s) reached
Steps per second = 0.00
Function evals per second = 0.01
Improvements/step = Inf
Total function evaluations = 89


Best candidate found: [0.726644, 0.928016]

Fitness: 2.575323086

