N_Jobs_Total: 144
Starting optimization with optimizer DiffEvoOpt{FitPopulation{Float64}, RadiusLimitedSelector, BlackBoxOptim.AdaptiveDiffEvoRandBin{3}, RandomBound{ContinuousRectSearchSpace}}
0.00 secs, 0 evals, 0 steps
282.49 secs, 2 evals, 1 steps, improv/step: 1.000 (last = 1.0000), fitness=6.544889178
522.34 secs, 4 evals, 2 steps, improv/step: 1.000 (last = 1.0000), fitness=6.544889178
793.95 secs, 6 evals, 3 steps, improv/step: 0.667 (last = 0.0000), fitness=6.544889178
1070.39 secs, 8 evals, 4 steps, improv/step: 0.500 (last = 0.0000), fitness=6.544889178
1339.87 secs, 10 evals, 5 steps, improv/step: 0.600 (last = 1.0000), fitness=6.544889178
1503.55 secs, 12 evals, 6 steps, improv/step: 0.667 (last = 1.0000), fitness=6.544889178
1640.19 secs, 13 evals, 7 steps, improv/step: 0.571 (last = 0.0000), fitness=6.544889178
1831.20 secs, 15 evals, 8 steps, improv/step: 0.500 (last = 0.0000), fitness=6.544889178
2106.03 secs, 17 evals, 9 steps, improv/step: 0.444 (last = 0.0000), fitness=6.544889178
2407.99 secs, 19 evals, 10 steps, improv/step: 0.500 (last = 1.0000), fitness=6.544889178
2654.22 secs, 21 evals, 11 steps, improv/step: 0.545 (last = 1.0000), fitness=6.544889178
2955.84 secs, 23 evals, 12 steps, improv/step: 0.583 (last = 1.0000), fitness=6.544889178
3228.15 secs, 25 evals, 13 steps, improv/step: 0.538 (last = 0.0000), fitness=6.544889178
3525.56 secs, 27 evals, 14 steps, improv/step: 0.571 (last = 1.0000), fitness=6.544889178
3670.80 secs, 28 evals, 15 steps, improv/step: 0.600 (last = 1.0000), fitness=6.544889178
3816.61 secs, 30 evals, 16 steps, improv/step: 0.625 (last = 1.0000), fitness=6.544889178
3884.94 secs, 31 evals, 17 steps, improv/step: 0.588 (last = 0.0000), fitness=6.544889178
4077.44 secs, 33 evals, 18 steps, improv/step: 0.556 (last = 0.0000), fitness=6.544889178
4332.52 secs, 35 evals, 19 steps, improv/step: 0.579 (last = 1.0000), fitness=6.544889178
4591.24 secs, 37 evals, 20 steps, improv/step: 0.600 (last = 1.0000), fitness=6.544889178
4878.36 secs, 39 evals, 21 steps, improv/step: 0.619 (last = 1.0000), fitness=3.525616793
4978.61 secs, 41 evals, 22 steps, improv/step: 0.636 (last = 1.0000), fitness=3.525616793
5121.65 secs, 42 evals, 23 steps, improv/step: 0.609 (last = 0.0000), fitness=3.525616793
5382.38 secs, 44 evals, 24 steps, improv/step: 0.583 (last = 0.0000), fitness=3.525616793
5655.92 secs, 46 evals, 25 steps, improv/step: 0.600 (last = 1.0000), fitness=3.525616793
5934.26 secs, 48 evals, 26 steps, improv/step: 0.577 (last = 0.0000), fitness=3.525616793
6064.33 secs, 49 evals, 27 steps, improv/step: 0.556 (last = 0.0000), fitness=3.525616793
6316.96 secs, 51 evals, 28 steps, improv/step: 0.536 (last = 0.0000), fitness=3.525616793
6482.99 secs, 53 evals, 29 steps, improv/step: 0.517 (last = 0.0000), fitness=3.525616793
6757.36 secs, 55 evals, 30 steps, improv/step: 0.500 (last = 0.0000), fitness=3.525616793
6972.17 secs, 57 evals, 31 steps, improv/step: 0.484 (last = 0.0000), fitness=3.525616793
7020.65 secs, 58 evals, 32 steps, improv/step: 0.469 (last = 0.0000), fitness=3.525616793
7235.44 secs, 60 evals, 33 steps, improv/step: 0.455 (last = 0.0000), fitness=3.454234100
7498.95 secs, 62 evals, 34 steps, improv/step: 0.471 (last = 1.0000), fitness=3.454234100
7752.95 secs, 64 evals, 35 steps, improv/step: 0.486 (last = 1.0000), fitness=3.454234100
8003.44 secs, 66 evals, 36 steps, improv/step: 0.500 (last = 1.0000), fitness=3.454234100
8138.45 secs, 67 evals, 37 steps, improv/step: 0.514 (last = 1.0000), fitness=3.454234100
8381.69 secs, 69 evals, 38 steps, improv/step: 0.500 (last = 0.0000), fitness=3.454234100
8614.07 secs, 71 evals, 39 steps, improv/step: 0.487 (last = 0.0000), fitness=3.454234100
8752.48 secs, 72 evals, 40 steps, improv/step: 0.475 (last = 0.0000), fitness=3.454234100
8991.29 secs, 74 evals, 41 steps, improv/step: 0.463 (last = 0.0000), fitness=3.454234100
9173.14 secs, 76 evals, 42 steps, improv/step: 0.452 (last = 0.0000), fitness=3.454234100
9238.28 secs, 77 evals, 43 steps, improv/step: 0.442 (last = 0.0000), fitness=3.454234100
9401.68 secs, 79 evals, 44 steps, improv/step: 0.432 (last = 0.0000), fitness=3.454234100
9538.67 secs, 80 evals, 45 steps, improv/step: 0.444 (last = 1.0000), fitness=3.454234100
9778.95 secs, 82 evals, 46 steps, improv/step: 0.457 (last = 1.0000), fitness=3.454234100
9900.05 secs, 83 evals, 47 steps, improv/step: 0.468 (last = 1.0000), fitness=3.238238734
10149.98 secs, 85 evals, 48 steps, improv/step: 0.458 (last = 0.0000), fitness=3.238238734
10388.19 secs, 87 evals, 49 steps, improv/step: 0.449 (last = 0.0000), fitness=3.238238734
10649.27 secs, 89 evals, 50 steps, improv/step: 0.440 (last = 0.0000), fitness=3.238238734

Optimization stopped after 51 steps and 10915.35 seconds
Termination reason: Max time (10800.0 s) reached
Steps per second = 0.00
Function evals per second = 0.01
Improvements/step = Inf
Total function evaluations = 91


Best candidate found: [0.445162, 0.86255]

Fitness: 3.238238734

