N_Jobs_Total: 144
Starting optimization with optimizer DiffEvoOpt{FitPopulation{Float64}, RadiusLimitedSelector, BlackBoxOptim.AdaptiveDiffEvoRandBin{3}, RandomBound{ContinuousRectSearchSpace}}
0.00 secs, 0 evals, 0 steps
261.82 secs, 2 evals, 1 steps, fitness=3.106793161
705.73 secs, 4 evals, 2 steps, improv/step: 0.500 (last = 1.0000), fitness=3.106793161
1116.10 secs, 6 evals, 3 steps, improv/step: 0.333 (last = 0.0000), fitness=3.106793161
1522.45 secs, 8 evals, 4 steps, improv/step: 0.500 (last = 1.0000), fitness=3.106793161
1841.44 secs, 10 evals, 5 steps, improv/step: 0.600 (last = 1.0000), fitness=3.106793161
2278.21 secs, 12 evals, 6 steps, improv/step: 0.667 (last = 1.0000), fitness=3.106793161
2700.84 secs, 14 evals, 7 steps, improv/step: 0.571 (last = 0.0000), fitness=3.106793161
3093.40 secs, 16 evals, 8 steps, improv/step: 0.500 (last = 0.0000), fitness=3.106793161
3539.32 secs, 18 evals, 9 steps, improv/step: 0.556 (last = 1.0000), fitness=3.106793161
3968.48 secs, 20 evals, 10 steps, improv/step: 0.500 (last = 0.0000), fitness=3.106793161
4383.81 secs, 22 evals, 11 steps, improv/step: 0.455 (last = 0.0000), fitness=3.106793161
4756.05 secs, 24 evals, 12 steps, improv/step: 0.417 (last = 0.0000), fitness=3.106793161
5174.81 secs, 26 evals, 13 steps, improv/step: 0.462 (last = 1.0000), fitness=3.106793161
5586.77 secs, 28 evals, 14 steps, improv/step: 0.500 (last = 1.0000), fitness=3.106793161
6005.66 secs, 30 evals, 15 steps, improv/step: 0.533 (last = 1.0000), fitness=3.106793161
6290.16 secs, 32 evals, 16 steps, improv/step: 0.562 (last = 1.0000), fitness=3.106793161
6694.96 secs, 34 evals, 17 steps, improv/step: 0.588 (last = 1.0000), fitness=3.106793161
6872.56 secs, 36 evals, 18 steps, improv/step: 0.556 (last = 0.0000), fitness=3.106793161
7212.59 secs, 38 evals, 19 steps, improv/step: 0.579 (last = 1.0000), fitness=3.106793161
7629.11 secs, 40 evals, 20 steps, improv/step: 0.550 (last = 0.0000), fitness=3.106793161
8029.14 secs, 42 evals, 21 steps, improv/step: 0.524 (last = 0.0000), fitness=3.106793161
8458.42 secs, 44 evals, 22 steps, improv/step: 0.545 (last = 1.0000), fitness=3.106793161
8679.42 secs, 45 evals, 23 steps, improv/step: 0.522 (last = 0.0000), fitness=3.106793161
8895.70 secs, 46 evals, 24 steps, improv/step: 0.500 (last = 0.0000), fitness=3.106793161
9284.50 secs, 48 evals, 25 steps, improv/step: 0.480 (last = 0.0000), fitness=3.106793161
9489.77 secs, 49 evals, 26 steps, improv/step: 0.462 (last = 0.0000), fitness=3.106793161
9871.69 secs, 51 evals, 27 steps, improv/step: 0.444 (last = 0.0000), fitness=3.106793161
9950.67 secs, 52 evals, 28 steps, improv/step: 0.429 (last = 0.0000), fitness=3.106793161
10111.07 secs, 54 evals, 29 steps, improv/step: 0.448 (last = 1.0000), fitness=3.106793161
10300.07 secs, 55 evals, 30 steps, improv/step: 0.467 (last = 1.0000), fitness=3.106793161
10707.86 secs, 57 evals, 31 steps, improv/step: 0.452 (last = 0.0000), fitness=3.106793161

Optimization stopped after 32 steps and 11065.37 seconds
Termination reason: Max time (10800.0 s) reached
Steps per second = 0.00
Function evals per second = 0.01
Improvements/step = Inf
Total function evaluations = 59


Best candidate found: [0.318989, 0.793727]

Fitness: 3.106793161

