N_Jobs_Total: 144
Starting optimization with optimizer DiffEvoOpt{FitPopulation{Float64}, RadiusLimitedSelector, BlackBoxOptim.AdaptiveDiffEvoRandBin{3}, RandomBound{ContinuousRectSearchSpace}}
0.00 secs, 0 evals, 0 steps
453.68 secs, 2 evals, 1 steps, fitness=28.158051165
785.16 secs, 4 evals, 2 steps, fitness=18.993167277
1191.68 secs, 6 evals, 3 steps, fitness=5.851497423
1440.68 secs, 8 evals, 4 steps, fitness=5.851497423
1841.48 secs, 10 evals, 5 steps, improv/step: 0.200 (last = 1.0000), fitness=5.851497423
2226.36 secs, 12 evals, 6 steps, improv/step: 0.333 (last = 1.0000), fitness=5.851497423
2651.24 secs, 14 evals, 7 steps, improv/step: 0.286 (last = 0.0000), fitness=5.851497423
3039.37 secs, 16 evals, 8 steps, improv/step: 0.375 (last = 1.0000), fitness=5.851497423
3403.26 secs, 18 evals, 9 steps, improv/step: 0.333 (last = 0.0000), fitness=2.132830500
3707.11 secs, 20 evals, 10 steps, improv/step: 0.300 (last = 0.0000), fitness=2.132830500
4097.73 secs, 22 evals, 11 steps, improv/step: 0.364 (last = 1.0000), fitness=2.132830500
4431.68 secs, 24 evals, 12 steps, improv/step: 0.333 (last = 0.0000), fitness=2.132830500
4865.51 secs, 26 evals, 13 steps, improv/step: 0.385 (last = 1.0000), fitness=2.132830500
5251.09 secs, 28 evals, 14 steps, improv/step: 0.357 (last = 0.0000), fitness=2.096146915
5709.16 secs, 30 evals, 15 steps, improv/step: 0.400 (last = 1.0000), fitness=2.096146915
6046.21 secs, 32 evals, 16 steps, improv/step: 0.375 (last = 0.0000), fitness=2.096146915
6507.48 secs, 34 evals, 17 steps, improv/step: 0.412 (last = 1.0000), fitness=2.096146915
6845.22 secs, 36 evals, 18 steps, improv/step: 0.389 (last = 0.0000), fitness=2.096146915
7264.07 secs, 38 evals, 19 steps, improv/step: 0.368 (last = 0.0000), fitness=2.096146915
7720.20 secs, 40 evals, 20 steps, improv/step: 0.350 (last = 0.0000), fitness=2.096146915
7940.17 secs, 42 evals, 21 steps, improv/step: 0.381 (last = 1.0000), fitness=2.096146915
8119.41 secs, 44 evals, 22 steps, improv/step: 0.364 (last = 0.0000), fitness=2.096146915
8551.32 secs, 46 evals, 23 steps, improv/step: 0.348 (last = 0.0000), fitness=2.096146915
8974.27 secs, 48 evals, 24 steps, improv/step: 0.333 (last = 0.0000), fitness=2.096146915
9394.79 secs, 50 evals, 25 steps, improv/step: 0.360 (last = 1.0000), fitness=2.096146915
9675.33 secs, 52 evals, 26 steps, improv/step: 0.385 (last = 1.0000), fitness=2.096146915
10104.40 secs, 54 evals, 27 steps, improv/step: 0.407 (last = 1.0000), fitness=2.096146915
10512.47 secs, 56 evals, 28 steps, improv/step: 0.393 (last = 0.0000), fitness=2.096146915

Optimization stopped after 29 steps and 10932.10 seconds
Termination reason: Max time (10800.0 s) reached
Steps per second = 0.00
Function evals per second = 0.01
Improvements/step = Inf
Total function evaluations = 58


Best candidate found: [0.301101, 0.823611]

Fitness: 2.096146915

