N_Jobs_Total: 144
Starting optimization with optimizer DiffEvoOpt{FitPopulation{Float64}, RadiusLimitedSelector, BlackBoxOptim.AdaptiveDiffEvoRandBin{3}, RandomBound{ContinuousRectSearchSpace}}
0.00 secs, 0 evals, 0 steps
28.45 secs, 2 evals, 1 steps, improv/step: 1.000 (last = 1.0000), fitness=44.919454520
55.56 secs, 4 evals, 2 steps, improv/step: 0.500 (last = 0.0000), fitness=14.642341312
83.10 secs, 6 evals, 3 steps, improv/step: 0.667 (last = 1.0000), fitness=14.642341312
109.71 secs, 8 evals, 4 steps, improv/step: 0.500 (last = 0.0000), fitness=14.104387570
136.73 secs, 10 evals, 5 steps, improv/step: 0.400 (last = 0.0000), fitness=12.810641654
164.51 secs, 12 evals, 6 steps, improv/step: 0.500 (last = 1.0000), fitness=12.810641654
192.25 secs, 14 evals, 7 steps, improv/step: 0.571 (last = 1.0000), fitness=12.810641654
217.84 secs, 16 evals, 8 steps, improv/step: 0.625 (last = 1.0000), fitness=3.771697684
236.71 secs, 18 evals, 9 steps, improv/step: 0.667 (last = 1.0000), fitness=3.771697684
264.99 secs, 20 evals, 10 steps, improv/step: 0.700 (last = 1.0000), fitness=3.771697684
291.92 secs, 22 evals, 11 steps, improv/step: 0.727 (last = 1.0000), fitness=3.771697684
319.90 secs, 24 evals, 12 steps, improv/step: 0.750 (last = 1.0000), fitness=3.771697684
347.20 secs, 26 evals, 13 steps, improv/step: 0.769 (last = 1.0000), fitness=3.771697684
375.48 secs, 28 evals, 14 steps, improv/step: 0.786 (last = 1.0000), fitness=3.771697684
393.69 secs, 30 evals, 15 steps, improv/step: 0.733 (last = 0.0000), fitness=3.771697684
422.18 secs, 32 evals, 16 steps, improv/step: 0.750 (last = 1.0000), fitness=3.771697684
436.31 secs, 33 evals, 17 steps, improv/step: 0.706 (last = 0.0000), fitness=3.771697684
462.32 secs, 35 evals, 18 steps, improv/step: 0.667 (last = 0.0000), fitness=3.771697684
475.74 secs, 36 evals, 19 steps, improv/step: 0.684 (last = 1.0000), fitness=3.771697684
489.90 secs, 37 evals, 20 steps, improv/step: 0.700 (last = 1.0000), fitness=3.771697684
503.85 secs, 38 evals, 21 steps, improv/step: 0.714 (last = 1.0000), fitness=3.771697684
532.27 secs, 40 evals, 22 steps, improv/step: 0.682 (last = 0.0000), fitness=3.771697684
546.35 secs, 41 evals, 23 steps, improv/step: 0.696 (last = 1.0000), fitness=3.771697684
571.93 secs, 43 evals, 24 steps, improv/step: 0.667 (last = 0.0000), fitness=3.771697684
599.87 secs, 45 evals, 25 steps, improv/step: 0.640 (last = 0.0000), fitness=3.771697684
626.85 secs, 47 evals, 26 steps, improv/step: 0.654 (last = 1.0000), fitness=3.771697684
653.18 secs, 49 evals, 27 steps, improv/step: 0.630 (last = 0.0000), fitness=3.771697684
667.44 secs, 50 evals, 28 steps, improv/step: 0.607 (last = 0.0000), fitness=3.771697684
694.83 secs, 52 evals, 29 steps, improv/step: 0.621 (last = 1.0000), fitness=3.771697684
722.49 secs, 54 evals, 30 steps, improv/step: 0.633 (last = 1.0000), fitness=3.771697684
740.47 secs, 56 evals, 31 steps, improv/step: 0.613 (last = 0.0000), fitness=3.771697684
767.64 secs, 58 evals, 32 steps, improv/step: 0.625 (last = 1.0000), fitness=3.771697684
788.11 secs, 60 evals, 33 steps, improv/step: 0.606 (last = 0.0000), fitness=3.771697684
815.92 secs, 62 evals, 34 steps, improv/step: 0.618 (last = 1.0000), fitness=3.771697684
829.96 secs, 63 evals, 35 steps, improv/step: 0.629 (last = 1.0000), fitness=3.771697684
850.85 secs, 65 evals, 36 steps, improv/step: 0.611 (last = 0.0000), fitness=3.771697684
864.99 secs, 66 evals, 37 steps, improv/step: 0.622 (last = 1.0000), fitness=3.771697684
879.56 secs, 68 evals, 38 steps, improv/step: 0.605 (last = 0.0000), fitness=3.771697684
906.33 secs, 70 evals, 39 steps, improv/step: 0.590 (last = 0.0000), fitness=3.771697684
929.86 secs, 72 evals, 40 steps, improv/step: 0.575 (last = 0.0000), fitness=3.771697684
943.22 secs, 73 evals, 41 steps, improv/step: 0.561 (last = 0.0000), fitness=3.771697684
957.31 secs, 74 evals, 42 steps, improv/step: 0.548 (last = 0.0000), fitness=3.771697684
971.40 secs, 75 evals, 43 steps, improv/step: 0.535 (last = 0.0000), fitness=3.771697684
985.29 secs, 76 evals, 44 steps, improv/step: 0.523 (last = 0.0000), fitness=3.771697684
1009.62 secs, 78 evals, 45 steps, improv/step: 0.511 (last = 0.0000), fitness=3.771697684
1036.74 secs, 80 evals, 46 steps, improv/step: 0.500 (last = 0.0000), fitness=3.771697684
1061.43 secs, 82 evals, 47 steps, improv/step: 0.511 (last = 1.0000), fitness=3.771697684
1089.37 secs, 84 evals, 48 steps, improv/step: 0.521 (last = 1.0000), fitness=3.771697684
1102.94 secs, 85 evals, 49 steps, improv/step: 0.510 (last = 0.0000), fitness=3.771697684
1131.31 secs, 87 evals, 50 steps, improv/step: 0.520 (last = 1.0000), fitness=3.771697684
1143.79 secs, 88 evals, 51 steps, improv/step: 0.529 (last = 1.0000), fitness=3.771697684
1165.20 secs, 90 evals, 52 steps, improv/step: 0.519 (last = 0.0000), fitness=3.771697684
1179.24 secs, 91 evals, 53 steps, improv/step: 0.528 (last = 1.0000), fitness=3.771697684
1190.04 secs, 93 evals, 54 steps, improv/step: 0.519 (last = 0.0000), fitness=3.771697684
1217.27 secs, 95 evals, 55 steps, improv/step: 0.509 (last = 0.0000), fitness=3.771697684
1236.90 secs, 97 evals, 56 steps, improv/step: 0.518 (last = 1.0000), fitness=3.771697684
1254.83 secs, 99 evals, 57 steps, improv/step: 0.526 (last = 1.0000), fitness=3.771697684
1281.80 secs, 101 evals, 58 steps, improv/step: 0.517 (last = 0.0000), fitness=3.771697684
1309.53 secs, 103 evals, 59 steps, improv/step: 0.525 (last = 1.0000), fitness=3.771697684
1329.99 secs, 105 evals, 60 steps, improv/step: 0.517 (last = 0.0000), fitness=3.771697684
1342.43 secs, 107 evals, 61 steps, improv/step: 0.508 (last = 0.0000), fitness=3.771697684
1356.33 secs, 108 evals, 62 steps, improv/step: 0.500 (last = 0.0000), fitness=3.771697684
1370.12 secs, 109 evals, 63 steps, improv/step: 0.492 (last = 0.0000), fitness=3.771697684
1398.08 secs, 111 evals, 64 steps, improv/step: 0.484 (last = 0.0000), fitness=3.771697684
1426.61 secs, 113 evals, 65 steps, improv/step: 0.477 (last = 0.0000), fitness=3.771697684
1440.56 secs, 114 evals, 66 steps, improv/step: 0.485 (last = 1.0000), fitness=3.771697684
1467.21 secs, 116 evals, 67 steps, improv/step: 0.478 (last = 0.0000), fitness=3.771697684
1480.85 secs, 117 evals, 68 steps, improv/step: 0.485 (last = 1.0000), fitness=3.771697684
1507.89 secs, 119 evals, 69 steps, improv/step: 0.478 (last = 0.0000), fitness=3.771697684
1536.44 secs, 121 evals, 70 steps, improv/step: 0.486 (last = 1.0000), fitness=3.771697684
1563.81 secs, 123 evals, 71 steps, improv/step: 0.479 (last = 0.0000), fitness=3.771697684
1585.62 secs, 125 evals, 72 steps, improv/step: 0.472 (last = 0.0000), fitness=3.771697684
1613.14 secs, 127 evals, 73 steps, improv/step: 0.466 (last = 0.0000), fitness=3.771697684
1626.74 secs, 128 evals, 74 steps, improv/step: 0.473 (last = 1.0000), fitness=3.771697684
1640.84 secs, 129 evals, 75 steps, improv/step: 0.467 (last = 0.0000), fitness=3.771697684
1667.61 secs, 131 evals, 76 steps, improv/step: 0.461 (last = 0.0000), fitness=3.771697684
1681.44 secs, 132 evals, 77 steps, improv/step: 0.455 (last = 0.0000), fitness=3.771697684
1709.50 secs, 134 evals, 78 steps, improv/step: 0.449 (last = 0.0000), fitness=3.771697684
1733.15 secs, 136 evals, 79 steps, improv/step: 0.443 (last = 0.0000), fitness=3.771697684
1757.08 secs, 138 evals, 80 steps, improv/step: 0.450 (last = 1.0000), fitness=1.804666605
1770.43 secs, 139 evals, 81 steps, improv/step: 0.457 (last = 1.0000), fitness=1.804666605
1783.79 secs, 140 evals, 82 steps, improv/step: 0.451 (last = 0.0000), fitness=1.804666605
1806.47 secs, 142 evals, 83 steps, improv/step: 0.446 (last = 0.0000), fitness=1.804666605
1822.04 secs, 144 evals, 84 steps, improv/step: 0.440 (last = 0.0000), fitness=1.804666605
1834.02 secs, 145 evals, 85 steps, improv/step: 0.447 (last = 1.0000), fitness=1.804666605
1845.79 secs, 146 evals, 86 steps, improv/step: 0.453 (last = 1.0000), fitness=1.804666605
1867.79 secs, 148 evals, 87 steps, improv/step: 0.460 (last = 1.0000), fitness=1.804666605
1880.23 secs, 149 evals, 88 steps, improv/step: 0.466 (last = 1.0000), fitness=1.804666605
1896.67 secs, 151 evals, 89 steps, improv/step: 0.461 (last = 0.0000), fitness=1.804666605
1923.56 secs, 153 evals, 90 steps, improv/step: 0.456 (last = 0.0000), fitness=1.804666605
1950.09 secs, 155 evals, 91 steps, improv/step: 0.451 (last = 0.0000), fitness=1.804666605
1964.20 secs, 156 evals, 92 steps, improv/step: 0.446 (last = 0.0000), fitness=1.804666605
1992.48 secs, 158 evals, 93 steps, improv/step: 0.452 (last = 1.0000), fitness=1.804666605
2004.54 secs, 159 evals, 94 steps, improv/step: 0.457 (last = 1.0000), fitness=1.804666605
2018.48 secs, 160 evals, 95 steps, improv/step: 0.453 (last = 0.0000), fitness=1.804666605
2033.22 secs, 162 evals, 96 steps, improv/step: 0.448 (last = 0.0000), fitness=1.804666605
2052.84 secs, 164 evals, 97 steps, improv/step: 0.443 (last = 0.0000), fitness=1.804666605
2078.33 secs, 166 evals, 98 steps, improv/step: 0.449 (last = 1.0000), fitness=1.804666605
2102.39 secs, 168 evals, 99 steps, improv/step: 0.444 (last = 0.0000), fitness=1.804666605
2127.95 secs, 170 evals, 100 steps, improv/step: 0.450 (last = 1.0000), fitness=1.804666605
2147.14 secs, 172 evals, 101 steps, improv/step: 0.446 (last = 0.0000), fitness=1.804666605
2153.68 secs, 173 evals, 102 steps, improv/step: 0.441 (last = 0.0000), fitness=1.804666605
2180.50 secs, 175 evals, 103 steps, improv/step: 0.437 (last = 0.0000), fitness=1.804666605
2204.39 secs, 177 evals, 104 steps, improv/step: 0.433 (last = 0.0000), fitness=1.804666605
2215.86 secs, 178 evals, 105 steps, improv/step: 0.438 (last = 1.0000), fitness=1.804666605
2229.26 secs, 179 evals, 106 steps, improv/step: 0.443 (last = 1.0000), fitness=1.804666605
2239.32 secs, 180 evals, 107 steps, improv/step: 0.449 (last = 1.0000), fitness=1.804666605
2252.56 secs, 181 evals, 108 steps, improv/step: 0.454 (last = 1.0000), fitness=1.804666605
2278.74 secs, 183 evals, 109 steps, improv/step: 0.450 (last = 0.0000), fitness=1.804666605
2286.73 secs, 184 evals, 110 steps, improv/step: 0.445 (last = 0.0000), fitness=1.804666605
2300.83 secs, 185 evals, 111 steps, improv/step: 0.441 (last = 0.0000), fitness=1.804666605
2326.19 secs, 187 evals, 112 steps, improv/step: 0.438 (last = 0.0000), fitness=1.804666605
2338.97 secs, 188 evals, 113 steps, improv/step: 0.434 (last = 0.0000), fitness=1.804666605
2353.17 secs, 189 evals, 114 steps, improv/step: 0.430 (last = 0.0000), fitness=1.804666605
2380.00 secs, 191 evals, 115 steps, improv/step: 0.435 (last = 1.0000), fitness=1.804666605
2399.72 secs, 193 evals, 116 steps, improv/step: 0.431 (last = 0.0000), fitness=1.804666605
2413.97 secs, 194 evals, 117 steps, improv/step: 0.427 (last = 0.0000), fitness=1.804666605
2428.02 secs, 195 evals, 118 steps, improv/step: 0.432 (last = 1.0000), fitness=1.804666605
2436.98 secs, 196 evals, 119 steps, improv/step: 0.437 (last = 1.0000), fitness=1.804666605
2449.75 secs, 197 evals, 120 steps, improv/step: 0.433 (last = 0.0000), fitness=1.804666605
2463.54 secs, 198 evals, 121 steps, improv/step: 0.438 (last = 1.0000), fitness=1.804666605
2489.89 secs, 200 evals, 122 steps, improv/step: 0.443 (last = 1.0000), fitness=1.804666605
2514.34 secs, 202 evals, 123 steps, improv/step: 0.447 (last = 1.0000), fitness=1.804666605
2536.66 secs, 204 evals, 124 steps, improv/step: 0.452 (last = 1.0000), fitness=1.804666605
2550.90 secs, 205 evals, 125 steps, improv/step: 0.448 (last = 0.0000), fitness=1.804666605
2564.87 secs, 206 evals, 126 steps, improv/step: 0.444 (last = 0.0000), fitness=1.804666605
2578.83 secs, 207 evals, 127 steps, improv/step: 0.441 (last = 0.0000), fitness=1.804666605
2592.84 secs, 208 evals, 128 steps, improv/step: 0.438 (last = 0.0000), fitness=1.804666605
2604.23 secs, 209 evals, 129 steps, improv/step: 0.442 (last = 1.0000), fitness=1.804666605
2610.07 secs, 210 evals, 130 steps, improv/step: 0.438 (last = 0.0000), fitness=1.804666605
2626.31 secs, 212 evals, 131 steps, improv/step: 0.435 (last = 0.0000), fitness=1.804666605
2639.90 secs, 213 evals, 132 steps, improv/step: 0.432 (last = 0.0000), fitness=1.804666605
2653.38 secs, 214 evals, 133 steps, improv/step: 0.429 (last = 0.0000), fitness=1.804666605
2667.40 secs, 215 evals, 134 steps, improv/step: 0.433 (last = 1.0000), fitness=1.804666605
2671.86 secs, 216 evals, 135 steps, improv/step: 0.430 (last = 0.0000), fitness=1.804666605
2684.00 secs, 217 evals, 136 steps, improv/step: 0.434 (last = 1.0000), fitness=1.804666605
2710.10 secs, 219 evals, 137 steps, improv/step: 0.431 (last = 0.0000), fitness=1.804666605
2724.09 secs, 220 evals, 138 steps, improv/step: 0.428 (last = 0.0000), fitness=1.804666605
2747.71 secs, 222 evals, 139 steps, improv/step: 0.424 (last = 0.0000), fitness=1.804666605
2760.89 secs, 223 evals, 140 steps, improv/step: 0.421 (last = 0.0000), fitness=1.804666605
2783.40 secs, 225 evals, 141 steps, improv/step: 0.426 (last = 1.0000), fitness=1.804666605
2808.90 secs, 227 evals, 142 steps, improv/step: 0.430 (last = 1.0000), fitness=1.804666605
2821.90 secs, 228 evals, 143 steps, improv/step: 0.434 (last = 1.0000), fitness=1.804666605
2843.08 secs, 230 evals, 144 steps, improv/step: 0.431 (last = 0.0000), fitness=1.804666605
2870.85 secs, 232 evals, 145 steps, improv/step: 0.428 (last = 0.0000), fitness=1.804666605
2883.93 secs, 233 evals, 146 steps, improv/step: 0.425 (last = 0.0000), fitness=1.804666605
2908.05 secs, 235 evals, 147 steps, improv/step: 0.422 (last = 0.0000), fitness=1.804666605
2931.93 secs, 237 evals, 148 steps, improv/step: 0.419 (last = 0.0000), fitness=1.804666605
2945.37 secs, 238 evals, 149 steps, improv/step: 0.416 (last = 0.0000), fitness=1.804666605
2956.83 secs, 239 evals, 150 steps, improv/step: 0.413 (last = 0.0000), fitness=1.804666605
2970.08 secs, 240 evals, 151 steps, improv/step: 0.411 (last = 0.0000), fitness=1.804666605
2982.12 secs, 241 evals, 152 steps, improv/step: 0.414 (last = 1.0000), fitness=1.804666605
2996.38 secs, 242 evals, 153 steps, improv/step: 0.412 (last = 0.0000), fitness=1.804666605
3007.58 secs, 243 evals, 154 steps, improv/step: 0.416 (last = 1.0000), fitness=1.804666605
3016.12 secs, 244 evals, 155 steps, improv/step: 0.413 (last = 0.0000), fitness=1.804666605
3042.89 secs, 246 evals, 156 steps, improv/step: 0.410 (last = 0.0000), fitness=1.804666605
3056.90 secs, 247 evals, 157 steps, improv/step: 0.408 (last = 0.0000), fitness=1.804666605
3071.34 secs, 248 evals, 158 steps, improv/step: 0.405 (last = 0.0000), fitness=1.804666605
3083.25 secs, 249 evals, 159 steps, improv/step: 0.409 (last = 1.0000), fitness=1.804666605
3096.70 secs, 250 evals, 160 steps, improv/step: 0.406 (last = 0.0000), fitness=1.804666605
3110.96 secs, 251 evals, 161 steps, improv/step: 0.404 (last = 0.0000), fitness=1.804666605
3124.97 secs, 252 evals, 162 steps, improv/step: 0.401 (last = 0.0000), fitness=1.804666605
3137.68 secs, 253 evals, 163 steps, improv/step: 0.399 (last = 0.0000), fitness=1.804666605
3162.97 secs, 255 evals, 164 steps, improv/step: 0.402 (last = 1.0000), fitness=1.804666605
3190.94 secs, 257 evals, 165 steps, improv/step: 0.400 (last = 0.0000), fitness=1.804666605
3217.89 secs, 259 evals, 166 steps, improv/step: 0.398 (last = 0.0000), fitness=1.804666605
3230.91 secs, 260 evals, 167 steps, improv/step: 0.395 (last = 0.0000), fitness=1.804666605
3243.63 secs, 261 evals, 168 steps, improv/step: 0.399 (last = 1.0000), fitness=1.804666605
3257.25 secs, 262 evals, 169 steps, improv/step: 0.396 (last = 0.0000), fitness=1.804666605
3269.98 secs, 263 evals, 170 steps, improv/step: 0.400 (last = 1.0000), fitness=1.804666605
3278.38 secs, 264 evals, 171 steps, improv/step: 0.404 (last = 1.0000), fitness=1.804666605
3302.84 secs, 266 evals, 172 steps, improv/step: 0.407 (last = 1.0000), fitness=1.751789108
3316.72 secs, 267 evals, 173 steps, improv/step: 0.405 (last = 0.0000), fitness=1.751789108
3328.19 secs, 268 evals, 174 steps, improv/step: 0.402 (last = 0.0000), fitness=1.751789108
3336.15 secs, 269 evals, 175 steps, improv/step: 0.406 (last = 1.0000), fitness=1.751789108
3349.58 secs, 270 evals, 176 steps, improv/step: 0.403 (last = 0.0000), fitness=1.751789108
3370.64 secs, 272 evals, 177 steps, improv/step: 0.401 (last = 0.0000), fitness=1.751789108
3381.90 secs, 273 evals, 178 steps, improv/step: 0.404 (last = 1.0000), fitness=1.751789108
3396.20 secs, 274 evals, 179 steps, improv/step: 0.402 (last = 0.0000), fitness=1.751789108
3409.99 secs, 275 evals, 180 steps, improv/step: 0.400 (last = 0.0000), fitness=1.751789108
3436.38 secs, 277 evals, 181 steps, improv/step: 0.403 (last = 1.0000), fitness=1.751789108
3450.01 secs, 278 evals, 182 steps, improv/step: 0.401 (last = 0.0000), fitness=1.751789108
3462.65 secs, 279 evals, 183 steps, improv/step: 0.399 (last = 0.0000), fitness=1.751789108
3476.10 secs, 280 evals, 184 steps, improv/step: 0.397 (last = 0.0000), fitness=1.751789108
3489.75 secs, 281 evals, 185 steps, improv/step: 0.395 (last = 0.0000), fitness=1.751789108
3502.88 secs, 282 evals, 186 steps, improv/step: 0.392 (last = 0.0000), fitness=1.751789108
3512.99 secs, 283 evals, 187 steps, improv/step: 0.390 (last = 0.0000), fitness=1.751789108
3525.60 secs, 284 evals, 188 steps, improv/step: 0.388 (last = 0.0000), fitness=1.751789108
3545.48 secs, 286 evals, 189 steps, improv/step: 0.392 (last = 1.0000), fitness=1.751789108
3572.53 secs, 288 evals, 190 steps, improv/step: 0.395 (last = 1.0000), fitness=1.751789108
3580.58 secs, 289 evals, 191 steps, improv/step: 0.393 (last = 0.0000), fitness=1.751789108
3593.66 secs, 290 evals, 192 steps, improv/step: 0.396 (last = 1.0000), fitness=1.751789108
3601.62 secs, 291 evals, 193 steps, improv/step: 0.394 (last = 0.0000), fitness=1.751789108
3614.93 secs, 292 evals, 194 steps, improv/step: 0.392 (last = 0.0000), fitness=1.751789108
3628.98 secs, 293 evals, 195 steps, improv/step: 0.390 (last = 0.0000), fitness=1.751789108
3642.91 secs, 294 evals, 196 steps, improv/step: 0.388 (last = 0.0000), fitness=1.751789108
3653.98 secs, 295 evals, 197 steps, improv/step: 0.391 (last = 1.0000), fitness=1.751789108
3664.72 secs, 296 evals, 198 steps, improv/step: 0.394 (last = 1.0000), fitness=1.751789108
3677.84 secs, 297 evals, 199 steps, improv/step: 0.392 (last = 0.0000), fitness=1.751789108
3686.39 secs, 298 evals, 200 steps, improv/step: 0.390 (last = 0.0000), fitness=1.751789108
3707.04 secs, 300 evals, 201 steps, improv/step: 0.393 (last = 1.0000), fitness=1.751789108
3733.19 secs, 302 evals, 202 steps, improv/step: 0.391 (last = 0.0000), fitness=1.751789108
3744.88 secs, 303 evals, 203 steps, improv/step: 0.389 (last = 0.0000), fitness=1.751789108
3757.83 secs, 304 evals, 204 steps, improv/step: 0.392 (last = 1.0000), fitness=1.751789108
3764.57 secs, 305 evals, 205 steps, improv/step: 0.390 (last = 0.0000), fitness=1.751789108
3776.82 secs, 306 evals, 206 steps, improv/step: 0.393 (last = 1.0000), fitness=1.751789108
3790.77 secs, 307 evals, 207 steps, improv/step: 0.391 (last = 0.0000), fitness=1.751789108
3801.38 secs, 308 evals, 208 steps, improv/step: 0.394 (last = 1.0000), fitness=1.751789108
3812.70 secs, 309 evals, 209 steps, improv/step: 0.392 (last = 0.0000), fitness=1.751789108
3826.54 secs, 310 evals, 210 steps, improv/step: 0.390 (last = 0.0000), fitness=1.751789108
3834.96 secs, 311 evals, 211 steps, improv/step: 0.389 (last = 0.0000), fitness=1.751789108
3845.84 secs, 312 evals, 212 steps, improv/step: 0.392 (last = 1.0000), fitness=1.751789108
3858.78 secs, 313 evals, 213 steps, improv/step: 0.390 (last = 0.0000), fitness=1.751789108
3864.75 secs, 314 evals, 214 steps, improv/step: 0.388 (last = 0.0000), fitness=1.751789108
3890.23 secs, 316 evals, 215 steps, improv/step: 0.386 (last = 0.0000), fitness=1.751789108
3903.63 secs, 317 evals, 216 steps, improv/step: 0.384 (last = 0.0000), fitness=1.751789108
3917.72 secs, 318 evals, 217 steps, improv/step: 0.382 (last = 0.0000), fitness=1.751789108
3931.35 secs, 319 evals, 218 steps, improv/step: 0.381 (last = 0.0000), fitness=1.751789108
3944.85 secs, 320 evals, 219 steps, improv/step: 0.384 (last = 1.0000), fitness=1.751789108
3957.34 secs, 321 evals, 220 steps, improv/step: 0.382 (last = 0.0000), fitness=1.751789108
3966.74 secs, 322 evals, 221 steps, improv/step: 0.380 (last = 0.0000), fitness=1.751789108
3987.72 secs, 324 evals, 222 steps, improv/step: 0.378 (last = 0.0000), fitness=1.751789108
3998.68 secs, 325 evals, 223 steps, improv/step: 0.381 (last = 1.0000), fitness=1.751789108
4010.77 secs, 326 evals, 224 steps, improv/step: 0.379 (last = 0.0000), fitness=1.751789108
4023.01 secs, 327 evals, 225 steps, improv/step: 0.382 (last = 1.0000), fitness=1.751789108
4035.21 secs, 328 evals, 226 steps, improv/step: 0.385 (last = 1.0000), fitness=1.751789108
4046.08 secs, 329 evals, 227 steps, improv/step: 0.383 (last = 0.0000), fitness=1.751789108
4058.33 secs, 330 evals, 228 steps, improv/step: 0.382 (last = 0.0000), fitness=1.751789108
4065.99 secs, 331 evals, 229 steps, improv/step: 0.384 (last = 1.0000), fitness=1.751789108
4079.86 secs, 332 evals, 230 steps, improv/step: 0.383 (last = 0.0000), fitness=1.751789108
4091.28 secs, 333 evals, 231 steps, improv/step: 0.385 (last = 1.0000), fitness=1.751789108
4098.16 secs, 334 evals, 232 steps, improv/step: 0.384 (last = 0.0000), fitness=1.751789108
4105.74 secs, 335 evals, 233 steps, improv/step: 0.382 (last = 0.0000), fitness=1.751789108
4117.21 secs, 336 evals, 234 steps, improv/step: 0.385 (last = 1.0000), fitness=1.751789108
4130.85 secs, 337 evals, 235 steps, improv/step: 0.383 (last = 0.0000), fitness=1.751789108
4155.46 secs, 339 evals, 236 steps, improv/step: 0.381 (last = 0.0000), fitness=1.751789108
4165.04 secs, 340 evals, 237 steps, improv/step: 0.380 (last = 0.0000), fitness=1.751789108
4179.01 secs, 341 evals, 238 steps, improv/step: 0.378 (last = 0.0000), fitness=1.751789108
4190.53 secs, 342 evals, 239 steps, improv/step: 0.377 (last = 0.0000), fitness=1.751789108
4202.62 secs, 343 evals, 240 steps, improv/step: 0.379 (last = 1.0000), fitness=1.751789108
4214.27 secs, 344 evals, 241 steps, improv/step: 0.382 (last = 1.0000), fitness=1.751789108
4240.91 secs, 346 evals, 242 steps, improv/step: 0.380 (last = 0.0000), fitness=1.751789108
4254.26 secs, 347 evals, 243 steps, improv/step: 0.379 (last = 0.0000), fitness=1.751789108
4262.72 secs, 348 evals, 244 steps, improv/step: 0.377 (last = 0.0000), fitness=1.751789108
4274.16 secs, 349 evals, 245 steps, improv/step: 0.380 (last = 1.0000), fitness=1.751789108
4296.73 secs, 351 evals, 246 steps, improv/step: 0.382 (last = 1.0000), fitness=1.751789108
4307.58 secs, 352 evals, 247 steps, improv/step: 0.385 (last = 1.0000), fitness=1.751789108
4321.29 secs, 353 evals, 248 steps, improv/step: 0.383 (last = 0.0000), fitness=1.751789108
4330.55 secs, 354 evals, 249 steps, improv/step: 0.386 (last = 1.0000), fitness=1.751789108
4342.89 secs, 355 evals, 250 steps, improv/step: 0.388 (last = 1.0000), fitness=1.751789108
4354.08 secs, 356 evals, 251 steps, improv/step: 0.390 (last = 1.0000), fitness=1.732601486
4359.74 secs, 357 evals, 252 steps, improv/step: 0.389 (last = 0.0000), fitness=1.732601486
4371.74 secs, 358 evals, 253 steps, improv/step: 0.387 (last = 0.0000), fitness=1.732601486
4382.91 secs, 359 evals, 254 steps, improv/step: 0.386 (last = 0.0000), fitness=1.732601486
4395.76 secs, 360 evals, 255 steps, improv/step: 0.384 (last = 0.0000), fitness=1.732601486
4416.07 secs, 362 evals, 256 steps, improv/step: 0.387 (last = 1.0000), fitness=1.732601486
4420.43 secs, 363 evals, 257 steps, improv/step: 0.385 (last = 0.0000), fitness=1.732601486
4432.33 secs, 364 evals, 258 steps, improv/step: 0.384 (last = 0.0000), fitness=1.732601486
4438.71 secs, 365 evals, 259 steps, improv/step: 0.382 (last = 0.0000), fitness=1.732601486
4464.11 secs, 367 evals, 260 steps, improv/step: 0.385 (last = 1.0000), fitness=1.732601486
4477.84 secs, 368 evals, 261 steps, improv/step: 0.383 (last = 0.0000), fitness=1.732601486
4491.98 secs, 369 evals, 262 steps, improv/step: 0.382 (last = 0.0000), fitness=1.732601486
4505.25 secs, 370 evals, 263 steps, improv/step: 0.380 (last = 0.0000), fitness=1.732601486
4518.90 secs, 371 evals, 264 steps, improv/step: 0.379 (last = 0.0000), fitness=1.732601486
4532.37 secs, 372 evals, 265 steps, improv/step: 0.377 (last = 0.0000), fitness=1.732601486
4544.15 secs, 373 evals, 266 steps, improv/step: 0.380 (last = 1.0000), fitness=1.732601486
4553.66 secs, 374 evals, 267 steps, improv/step: 0.382 (last = 1.0000), fitness=1.732601486
4579.13 secs, 376 evals, 268 steps, improv/step: 0.384 (last = 1.0000), fitness=1.732601486
4591.92 secs, 377 evals, 269 steps, improv/step: 0.387 (last = 1.0000), fitness=1.732601486
4604.03 secs, 378 evals, 270 steps, improv/step: 0.389 (last = 1.0000), fitness=1.732601486
4615.55 secs, 379 evals, 271 steps, improv/step: 0.387 (last = 0.0000), fitness=1.732601486
4627.90 secs, 380 evals, 272 steps, improv/step: 0.390 (last = 1.0000), fitness=1.732601486
4639.78 secs, 381 evals, 273 steps, improv/step: 0.388 (last = 0.0000), fitness=1.732601486
4649.90 secs, 382 evals, 274 steps, improv/step: 0.387 (last = 0.0000), fitness=1.732601486
4660.49 secs, 383 evals, 275 steps, improv/step: 0.385 (last = 0.0000), fitness=1.732601486
4673.15 secs, 384 evals, 276 steps, improv/step: 0.384 (last = 0.0000), fitness=1.732601486
4699.12 secs, 386 evals, 277 steps, improv/step: 0.386 (last = 1.0000), fitness=1.732601486
4711.96 secs, 387 evals, 278 steps, improv/step: 0.385 (last = 0.0000), fitness=1.732601486
4721.00 secs, 388 evals, 279 steps, improv/step: 0.384 (last = 0.0000), fitness=1.732601486
4735.08 secs, 389 evals, 280 steps, improv/step: 0.382 (last = 0.0000), fitness=1.732601486
4747.80 secs, 390 evals, 281 steps, improv/step: 0.381 (last = 0.0000), fitness=1.732601486
4760.68 secs, 391 evals, 282 steps, improv/step: 0.379 (last = 0.0000), fitness=1.732601486
4772.79 secs, 392 evals, 283 steps, improv/step: 0.382 (last = 1.0000), fitness=1.732601486
4779.91 secs, 393 evals, 284 steps, improv/step: 0.380 (last = 0.0000), fitness=1.732601486
4793.53 secs, 394 evals, 285 steps, improv/step: 0.379 (last = 0.0000), fitness=1.732601486
4802.92 secs, 395 evals, 286 steps, improv/step: 0.378 (last = 0.0000), fitness=1.732601486
4816.18 secs, 396 evals, 287 steps, improv/step: 0.376 (last = 0.0000), fitness=1.732601486
4827.48 secs, 397 evals, 288 steps, improv/step: 0.378 (last = 1.0000), fitness=1.732601486
4837.95 secs, 398 evals, 289 steps, improv/step: 0.377 (last = 0.0000), fitness=1.732601486
4846.40 secs, 399 evals, 290 steps, improv/step: 0.376 (last = 0.0000), fitness=1.732601486
4859.75 secs, 400 evals, 291 steps, improv/step: 0.375 (last = 0.0000), fitness=1.732601486
4873.03 secs, 401 evals, 292 steps, improv/step: 0.373 (last = 0.0000), fitness=1.732601486
4885.30 secs, 402 evals, 293 steps, improv/step: 0.372 (last = 0.0000), fitness=1.732601486
4898.06 secs, 403 evals, 294 steps, improv/step: 0.371 (last = 0.0000), fitness=1.732601486
4909.79 secs, 404 evals, 295 steps, improv/step: 0.369 (last = 0.0000), fitness=1.732601486
4921.09 secs, 405 evals, 296 steps, improv/step: 0.372 (last = 1.0000), fitness=1.732601486
4934.22 secs, 406 evals, 297 steps, improv/step: 0.370 (last = 0.0000), fitness=1.732601486
4945.83 secs, 407 evals, 298 steps, improv/step: 0.372 (last = 1.0000), fitness=1.732601486
4959.05 secs, 408 evals, 299 steps, improv/step: 0.371 (last = 0.0000), fitness=1.732601486
4971.27 secs, 409 evals, 300 steps, improv/step: 0.370 (last = 0.0000), fitness=1.732601486
4984.34 secs, 410 evals, 301 steps, improv/step: 0.369 (last = 0.0000), fitness=1.732601486
4992.03 secs, 411 evals, 302 steps, improv/step: 0.368 (last = 0.0000), fitness=1.732601486
4996.50 secs, 412 evals, 303 steps, improv/step: 0.366 (last = 0.0000), fitness=1.732601486
5007.74 secs, 413 evals, 304 steps, improv/step: 0.368 (last = 1.0000), fitness=1.732601486
5019.71 secs, 414 evals, 305 steps, improv/step: 0.370 (last = 1.0000), fitness=1.732601486
5032.38 secs, 415 evals, 306 steps, improv/step: 0.369 (last = 0.0000), fitness=1.732601486
5041.89 secs, 416 evals, 307 steps, improv/step: 0.368 (last = 0.0000), fitness=1.732601486
5054.97 secs, 417 evals, 308 steps, improv/step: 0.367 (last = 0.0000), fitness=1.732601486
5068.19 secs, 418 evals, 309 steps, improv/step: 0.366 (last = 0.0000), fitness=1.732601486
5079.42 secs, 419 evals, 310 steps, improv/step: 0.368 (last = 1.0000), fitness=1.732601486
5090.86 secs, 420 evals, 311 steps, improv/step: 0.370 (last = 1.0000), fitness=1.732601486
5099.70 secs, 421 evals, 312 steps, improv/step: 0.369 (last = 0.0000), fitness=1.732601486
5105.33 secs, 422 evals, 313 steps, improv/step: 0.367 (last = 0.0000), fitness=1.732601486
5117.99 secs, 423 evals, 314 steps, improv/step: 0.369 (last = 1.0000), fitness=1.732601486
5131.14 secs, 424 evals, 315 steps, improv/step: 0.371 (last = 1.0000), fitness=1.732601486
5145.59 secs, 426 evals, 316 steps, improv/step: 0.373 (last = 1.0000), fitness=1.732601486
5158.79 secs, 427 evals, 317 steps, improv/step: 0.372 (last = 0.0000), fitness=1.732601486
5172.02 secs, 428 evals, 318 steps, improv/step: 0.371 (last = 0.0000), fitness=1.732601486
5182.54 secs, 429 evals, 319 steps, improv/step: 0.370 (last = 0.0000), fitness=1.732601486
5191.92 secs, 430 evals, 320 steps, improv/step: 0.372 (last = 1.0000), fitness=1.732601486
5203.86 secs, 431 evals, 321 steps, improv/step: 0.374 (last = 1.0000), fitness=1.732601486
5215.43 secs, 432 evals, 322 steps, improv/step: 0.376 (last = 1.0000), fitness=1.732601486
5228.66 secs, 433 evals, 323 steps, improv/step: 0.375 (last = 0.0000), fitness=1.732601486
5241.31 secs, 434 evals, 324 steps, improv/step: 0.373 (last = 0.0000), fitness=1.732601486
5254.62 secs, 435 evals, 325 steps, improv/step: 0.372 (last = 0.0000), fitness=1.732601486
5263.81 secs, 436 evals, 326 steps, improv/step: 0.371 (last = 0.0000), fitness=1.732601486
5271.94 secs, 437 evals, 327 steps, improv/step: 0.370 (last = 0.0000), fitness=1.732601486
5283.36 secs, 438 evals, 328 steps, improv/step: 0.372 (last = 1.0000), fitness=1.732601486
5293.25 secs, 439 evals, 329 steps, improv/step: 0.371 (last = 0.0000), fitness=1.732601486
5306.99 secs, 440 evals, 330 steps, improv/step: 0.370 (last = 0.0000), fitness=1.732601486
5315.36 secs, 441 evals, 331 steps, improv/step: 0.369 (last = 0.0000), fitness=1.732601486
5325.33 secs, 442 evals, 332 steps, improv/step: 0.367 (last = 0.0000), fitness=1.732601486
5334.72 secs, 443 evals, 333 steps, improv/step: 0.366 (last = 0.0000), fitness=1.732601486
5346.53 secs, 444 evals, 334 steps, improv/step: 0.365 (last = 0.0000), fitness=1.732601486
5360.47 secs, 445 evals, 335 steps, improv/step: 0.364 (last = 0.0000), fitness=1.732601486
5370.30 secs, 446 evals, 336 steps, improv/step: 0.366 (last = 1.0000), fitness=1.732601486
5383.62 secs, 447 evals, 337 steps, improv/step: 0.365 (last = 0.0000), fitness=1.732601486
5397.33 secs, 448 evals, 338 steps, improv/step: 0.364 (last = 0.0000), fitness=1.732601486
5421.60 secs, 450 evals, 339 steps, improv/step: 0.366 (last = 1.0000), fitness=1.732601486
5434.20 secs, 451 evals, 340 steps, improv/step: 0.365 (last = 0.0000), fitness=1.732601486
5447.13 secs, 452 evals, 341 steps, improv/step: 0.364 (last = 0.0000), fitness=1.732601486
5458.90 secs, 453 evals, 342 steps, improv/step: 0.365 (last = 1.0000), fitness=1.732601486
5472.05 secs, 454 evals, 343 steps, improv/step: 0.364 (last = 0.0000), fitness=1.732601486
5485.13 secs, 455 evals, 344 steps, improv/step: 0.363 (last = 0.0000), fitness=1.732601486
5498.49 secs, 456 evals, 345 steps, improv/step: 0.362 (last = 0.0000), fitness=1.732601486
5510.92 secs, 457 evals, 346 steps, improv/step: 0.364 (last = 1.0000), fitness=1.732601486
5523.36 secs, 458 evals, 347 steps, improv/step: 0.363 (last = 0.0000), fitness=1.732601486
5535.04 secs, 459 evals, 348 steps, improv/step: 0.362 (last = 0.0000), fitness=1.732601486
5546.43 secs, 460 evals, 349 steps, improv/step: 0.361 (last = 0.0000), fitness=1.732601486
5559.33 secs, 461 evals, 350 steps, improv/step: 0.360 (last = 0.0000), fitness=1.732601486
5572.78 secs, 462 evals, 351 steps, improv/step: 0.359 (last = 0.0000), fitness=1.732601486
5577.14 secs, 463 evals, 352 steps, improv/step: 0.358 (last = 0.0000), fitness=1.732601486
5591.12 secs, 464 evals, 353 steps, improv/step: 0.357 (last = 0.0000), fitness=1.732601486
5602.11 secs, 465 evals, 354 steps, improv/step: 0.359 (last = 1.0000), fitness=1.512142812
5616.33 secs, 466 evals, 355 steps, improv/step: 0.358 (last = 0.0000), fitness=1.512142812
5629.17 secs, 467 evals, 356 steps, improv/step: 0.357 (last = 0.0000), fitness=1.512142812
5640.90 secs, 468 evals, 357 steps, improv/step: 0.356 (last = 0.0000), fitness=1.512142812
5654.18 secs, 469 evals, 358 steps, improv/step: 0.355 (last = 0.0000), fitness=1.512142812
5667.13 secs, 470 evals, 359 steps, improv/step: 0.354 (last = 0.0000), fitness=1.512142812
5679.83 secs, 471 evals, 360 steps, improv/step: 0.353 (last = 0.0000), fitness=1.512142812
5690.46 secs, 472 evals, 361 steps, improv/step: 0.355 (last = 1.0000), fitness=1.512142812
5703.07 secs, 473 evals, 362 steps, improv/step: 0.354 (last = 0.0000), fitness=1.512142812
5714.02 secs, 474 evals, 363 steps, improv/step: 0.355 (last = 1.0000), fitness=1.512142812
5725.43 secs, 475 evals, 364 steps, improv/step: 0.357 (last = 1.0000), fitness=1.512142812
5733.95 secs, 476 evals, 365 steps, improv/step: 0.356 (last = 0.0000), fitness=1.512142812
5746.46 secs, 477 evals, 366 steps, improv/step: 0.355 (last = 0.0000), fitness=1.512142812
5751.92 secs, 478 evals, 367 steps, improv/step: 0.354 (last = 0.0000), fitness=1.512142812
5763.49 secs, 479 evals, 368 steps, improv/step: 0.353 (last = 0.0000), fitness=1.512142812
5775.84 secs, 480 evals, 369 steps, improv/step: 0.355 (last = 1.0000), fitness=1.512142812
5787.64 secs, 481 evals, 370 steps, improv/step: 0.354 (last = 0.0000), fitness=1.512142812
5799.65 secs, 482 evals, 371 steps, improv/step: 0.356 (last = 1.0000), fitness=1.512142812
5812.17 secs, 483 evals, 372 steps, improv/step: 0.355 (last = 0.0000), fitness=1.512142812
5822.35 secs, 484 evals, 373 steps, improv/step: 0.354 (last = 0.0000), fitness=1.512142812
5834.96 secs, 485 evals, 374 steps, improv/step: 0.356 (last = 1.0000), fitness=1.512142812
5845.92 secs, 486 evals, 375 steps, improv/step: 0.357 (last = 1.0000), fitness=1.443204470
5857.98 secs, 487 evals, 376 steps, improv/step: 0.356 (last = 0.0000), fitness=1.443204470
5868.31 secs, 488 evals, 377 steps, improv/step: 0.358 (last = 1.0000), fitness=1.443204470
5879.43 secs, 489 evals, 378 steps, improv/step: 0.360 (last = 1.0000), fitness=1.443204470
5890.09 secs, 490 evals, 379 steps, improv/step: 0.361 (last = 1.0000), fitness=1.443204470
5898.22 secs, 491 evals, 380 steps, improv/step: 0.361 (last = 0.0000), fitness=1.443204470
5910.08 secs, 492 evals, 381 steps, improv/step: 0.362 (last = 1.0000), fitness=1.443204470
5921.55 secs, 493 evals, 382 steps, improv/step: 0.361 (last = 0.0000), fitness=1.443204470
5934.39 secs, 494 evals, 383 steps, improv/step: 0.360 (last = 0.0000), fitness=1.443204470
5946.25 secs, 495 evals, 384 steps, improv/step: 0.359 (last = 0.0000), fitness=1.443204470
5960.10 secs, 496 evals, 385 steps, improv/step: 0.358 (last = 0.0000), fitness=1.443204470
5972.26 secs, 497 evals, 386 steps, improv/step: 0.358 (last = 0.0000), fitness=1.443204470
5984.45 secs, 498 evals, 387 steps, improv/step: 0.357 (last = 0.0000), fitness=1.443204470
5996.62 secs, 499 evals, 388 steps, improv/step: 0.358 (last = 1.0000), fitness=1.443204470
6010.12 secs, 500 evals, 389 steps, improv/step: 0.357 (last = 0.0000), fitness=1.443204470
6022.34 secs, 501 evals, 390 steps, improv/step: 0.359 (last = 1.0000), fitness=1.443204470
6032.02 secs, 502 evals, 391 steps, improv/step: 0.358 (last = 0.0000), fitness=1.443204470
6041.08 secs, 503 evals, 392 steps, improv/step: 0.357 (last = 0.0000), fitness=1.443204470
6053.15 secs, 504 evals, 393 steps, improv/step: 0.359 (last = 1.0000), fitness=1.443204470
6060.39 secs, 505 evals, 394 steps, improv/step: 0.358 (last = 0.0000), fitness=1.443204470
6070.89 secs, 506 evals, 395 steps, improv/step: 0.359 (last = 1.0000), fitness=1.443204470
6081.46 secs, 507 evals, 396 steps, improv/step: 0.361 (last = 1.0000), fitness=1.443204470
6092.55 secs, 508 evals, 397 steps, improv/step: 0.363 (last = 1.0000), fitness=1.443204470
6103.45 secs, 509 evals, 398 steps, improv/step: 0.364 (last = 1.0000), fitness=1.443204470
6113.91 secs, 510 evals, 399 steps, improv/step: 0.363 (last = 0.0000), fitness=1.443204470
6125.52 secs, 511 evals, 400 steps, improv/step: 0.362 (last = 0.0000), fitness=1.443204470
6137.16 secs, 512 evals, 401 steps, improv/step: 0.364 (last = 1.0000), fitness=1.443204470
6149.12 secs, 513 evals, 402 steps, improv/step: 0.363 (last = 0.0000), fitness=1.443204470
6160.84 secs, 514 evals, 403 steps, improv/step: 0.362 (last = 0.0000), fitness=1.443204470
6172.89 secs, 515 evals, 404 steps, improv/step: 0.364 (last = 1.0000), fitness=1.443204470
6195.36 secs, 517 evals, 405 steps, improv/step: 0.365 (last = 1.0000), fitness=1.443204470
6205.84 secs, 518 evals, 406 steps, improv/step: 0.365 (last = 0.0000), fitness=1.443204470
6215.02 secs, 519 evals, 407 steps, improv/step: 0.364 (last = 0.0000), fitness=1.443204470
6227.56 secs, 520 evals, 408 steps, improv/step: 0.363 (last = 0.0000), fitness=1.443204470
6237.63 secs, 521 evals, 409 steps, improv/step: 0.362 (last = 0.0000), fitness=1.443204470
6249.15 secs, 522 evals, 410 steps, improv/step: 0.361 (last = 0.0000), fitness=1.443204470
6259.51 secs, 523 evals, 411 steps, improv/step: 0.363 (last = 1.0000), fitness=1.443204470
6272.44 secs, 524 evals, 412 steps, improv/step: 0.362 (last = 0.0000), fitness=1.443204470
6281.90 secs, 525 evals, 413 steps, improv/step: 0.361 (last = 0.0000), fitness=1.443204470
6295.63 secs, 526 evals, 414 steps, improv/step: 0.360 (last = 0.0000), fitness=1.443204470
6306.12 secs, 527 evals, 415 steps, improv/step: 0.359 (last = 0.0000), fitness=1.443204470
6310.71 secs, 528 evals, 416 steps, improv/step: 0.358 (last = 0.0000), fitness=1.443204470
6319.51 secs, 529 evals, 417 steps, improv/step: 0.357 (last = 0.0000), fitness=1.443204470
6329.96 secs, 530 evals, 418 steps, improv/step: 0.356 (last = 0.0000), fitness=1.443204470
6340.15 secs, 531 evals, 419 steps, improv/step: 0.356 (last = 0.0000), fitness=1.443204470
6351.54 secs, 532 evals, 420 steps, improv/step: 0.357 (last = 1.0000), fitness=1.443204470
6362.50 secs, 533 evals, 421 steps, improv/step: 0.359 (last = 1.0000), fitness=1.443204470
6374.51 secs, 534 evals, 422 steps, improv/step: 0.360 (last = 1.0000), fitness=1.443204470
6385.44 secs, 535 evals, 423 steps, improv/step: 0.362 (last = 1.0000), fitness=1.443204470
6395.87 secs, 536 evals, 424 steps, improv/step: 0.363 (last = 1.0000), fitness=1.443204470
6407.77 secs, 537 evals, 425 steps, improv/step: 0.365 (last = 1.0000), fitness=1.443204470
6421.13 secs, 538 evals, 426 steps, improv/step: 0.364 (last = 0.0000), fitness=1.443204470
6432.65 secs, 539 evals, 427 steps, improv/step: 0.363 (last = 0.0000), fitness=1.443204470
6444.05 secs, 540 evals, 428 steps, improv/step: 0.364 (last = 1.0000), fitness=1.443204470
6456.00 secs, 541 evals, 429 steps, improv/step: 0.366 (last = 1.0000), fitness=1.443204470
6466.19 secs, 542 evals, 430 steps, improv/step: 0.365 (last = 0.0000), fitness=1.443204470
6478.00 secs, 543 evals, 431 steps, improv/step: 0.367 (last = 1.0000), fitness=1.443204470
6488.75 secs, 544 evals, 432 steps, improv/step: 0.368 (last = 1.0000), fitness=1.443204470
6493.26 secs, 545 evals, 433 steps, improv/step: 0.367 (last = 0.0000), fitness=1.443204470
6505.34 secs, 546 evals, 434 steps, improv/step: 0.366 (last = 0.0000), fitness=1.443204470
6516.55 secs, 547 evals, 435 steps, improv/step: 0.368 (last = 1.0000), fitness=1.443204470
6528.49 secs, 548 evals, 436 steps, improv/step: 0.367 (last = 0.0000), fitness=1.443204470
6537.44 secs, 549 evals, 437 steps, improv/step: 0.366 (last = 0.0000), fitness=1.443204470
6545.74 secs, 550 evals, 438 steps, improv/step: 0.365 (last = 0.0000), fitness=1.443204470
6557.57 secs, 551 evals, 439 steps, improv/step: 0.364 (last = 0.0000), fitness=1.443204470
6568.52 secs, 552 evals, 440 steps, improv/step: 0.366 (last = 1.0000), fitness=1.443204470
6580.68 secs, 553 evals, 441 steps, improv/step: 0.365 (last = 0.0000), fitness=1.443204470
6590.88 secs, 554 evals, 442 steps, improv/step: 0.364 (last = 0.0000), fitness=1.443204470
6602.87 secs, 555 evals, 443 steps, improv/step: 0.363 (last = 0.0000), fitness=1.443204470
6614.25 secs, 556 evals, 444 steps, improv/step: 0.365 (last = 1.0000), fitness=1.443204470
6626.69 secs, 557 evals, 445 steps, improv/step: 0.364 (last = 0.0000), fitness=1.443204470
6636.06 secs, 558 evals, 446 steps, improv/step: 0.363 (last = 0.0000), fitness=1.443204470
6646.67 secs, 559 evals, 447 steps, improv/step: 0.365 (last = 1.0000), fitness=1.443204470
6656.32 secs, 560 evals, 448 steps, improv/step: 0.364 (last = 0.0000), fitness=1.443204470
6666.51 secs, 561 evals, 449 steps, improv/step: 0.365 (last = 1.0000), fitness=1.443204470
6677.99 secs, 562 evals, 450 steps, improv/step: 0.364 (last = 0.0000), fitness=1.443204470
6688.84 secs, 563 evals, 451 steps, improv/step: 0.366 (last = 1.0000), fitness=1.443204470
6696.51 secs, 564 evals, 452 steps, improv/step: 0.365 (last = 0.0000), fitness=1.443204470
6709.23 secs, 565 evals, 453 steps, improv/step: 0.364 (last = 0.0000), fitness=1.443204470
6718.76 secs, 566 evals, 454 steps, improv/step: 0.363 (last = 0.0000), fitness=1.443204470
6731.42 secs, 567 evals, 455 steps, improv/step: 0.365 (last = 1.0000), fitness=1.443204470
6742.44 secs, 568 evals, 456 steps, improv/step: 0.366 (last = 1.0000), fitness=1.443204470
6752.01 secs, 569 evals, 457 steps, improv/step: 0.365 (last = 0.0000), fitness=1.443204470
6762.54 secs, 570 evals, 458 steps, improv/step: 0.365 (last = 0.0000), fitness=1.443204470
6773.81 secs, 571 evals, 459 steps, improv/step: 0.364 (last = 0.0000), fitness=1.443204470
6784.80 secs, 572 evals, 460 steps, improv/step: 0.363 (last = 0.0000), fitness=1.443204470
6797.08 secs, 573 evals, 461 steps, improv/step: 0.362 (last = 0.0000), fitness=1.443204470
6808.09 secs, 574 evals, 462 steps, improv/step: 0.364 (last = 1.0000), fitness=1.443204470
6819.48 secs, 575 evals, 463 steps, improv/step: 0.365 (last = 1.0000), fitness=1.443204470
6829.58 secs, 576 evals, 464 steps, improv/step: 0.364 (last = 0.0000), fitness=1.443204470
6840.97 secs, 577 evals, 465 steps, improv/step: 0.363 (last = 0.0000), fitness=1.443204470
6851.70 secs, 578 evals, 466 steps, improv/step: 0.365 (last = 1.0000), fitness=1.443204470
6863.58 secs, 579 evals, 467 steps, improv/step: 0.366 (last = 1.0000), fitness=1.443204470
6877.30 secs, 580 evals, 468 steps, improv/step: 0.365 (last = 0.0000), fitness=1.443204470
6888.26 secs, 581 evals, 469 steps, improv/step: 0.367 (last = 1.0000), fitness=1.443204470
6899.69 secs, 582 evals, 470 steps, improv/step: 0.368 (last = 1.0000), fitness=1.443204470
6910.62 secs, 583 evals, 471 steps, improv/step: 0.369 (last = 1.0000), fitness=1.443204470
6923.25 secs, 584 evals, 472 steps, improv/step: 0.369 (last = 0.0000), fitness=1.443204470
6935.51 secs, 585 evals, 473 steps, improv/step: 0.368 (last = 0.0000), fitness=1.443204470
6947.16 secs, 586 evals, 474 steps, improv/step: 0.369 (last = 1.0000), fitness=1.443204470
6957.88 secs, 587 evals, 475 steps, improv/step: 0.368 (last = 0.0000), fitness=1.443204470
6968.03 secs, 588 evals, 476 steps, improv/step: 0.368 (last = 0.0000), fitness=1.443204470
6979.03 secs, 589 evals, 477 steps, improv/step: 0.367 (last = 0.0000), fitness=1.443204470
6990.15 secs, 590 evals, 478 steps, improv/step: 0.368 (last = 1.0000), fitness=1.443204470
6999.74 secs, 591 evals, 479 steps, improv/step: 0.367 (last = 0.0000), fitness=1.443204470
7010.86 secs, 592 evals, 480 steps, improv/step: 0.369 (last = 1.0000), fitness=1.443204470
7020.17 secs, 593 evals, 481 steps, improv/step: 0.368 (last = 0.0000), fitness=1.443204470
7030.96 secs, 594 evals, 482 steps, improv/step: 0.367 (last = 0.0000), fitness=1.443204470
7041.58 secs, 595 evals, 483 steps, improv/step: 0.369 (last = 1.0000), fitness=1.443204470
7052.91 secs, 596 evals, 484 steps, improv/step: 0.368 (last = 0.0000), fitness=1.443204470
7059.54 secs, 597 evals, 485 steps, improv/step: 0.367 (last = 0.0000), fitness=1.443204470
7070.61 secs, 598 evals, 486 steps, improv/step: 0.368 (last = 1.0000), fitness=1.443204470
7081.55 secs, 599 evals, 487 steps, improv/step: 0.368 (last = 0.0000), fitness=1.443204470
7092.69 secs, 600 evals, 488 steps, improv/step: 0.369 (last = 1.0000), fitness=1.443204470
7102.90 secs, 601 evals, 489 steps, improv/step: 0.368 (last = 0.0000), fitness=1.443204470
7114.90 secs, 602 evals, 490 steps, improv/step: 0.367 (last = 0.0000), fitness=1.443204470
7128.14 secs, 603 evals, 491 steps, improv/step: 0.367 (last = 0.0000), fitness=1.443204470
7138.67 secs, 604 evals, 492 steps, improv/step: 0.368 (last = 1.0000), fitness=1.443204470
7150.12 secs, 605 evals, 493 steps, improv/step: 0.367 (last = 0.0000), fitness=1.443204470
7159.75 secs, 606 evals, 494 steps, improv/step: 0.366 (last = 0.0000), fitness=1.443204470
7172.18 secs, 607 evals, 495 steps, improv/step: 0.366 (last = 0.0000), fitness=1.443204470
7183.22 secs, 608 evals, 496 steps, improv/step: 0.367 (last = 1.0000), fitness=1.397375328
7193.12 secs, 609 evals, 497 steps, improv/step: 0.366 (last = 0.0000), fitness=1.397375328
7203.42 secs, 610 evals, 498 steps, improv/step: 0.365 (last = 0.0000), fitness=1.397375328
7214.82 secs, 611 evals, 499 steps, improv/step: 0.365 (last = 0.0000), fitness=1.397375328
7225.00 secs, 612 evals, 500 steps, improv/step: 0.364 (last = 0.0000), fitness=1.397375328
7237.05 secs, 613 evals, 501 steps, improv/step: 0.365 (last = 1.0000), fitness=1.397375328
7248.12 secs, 614 evals, 502 steps, improv/step: 0.367 (last = 1.0000), fitness=1.397375328
7258.72 secs, 615 evals, 503 steps, improv/step: 0.366 (last = 0.0000), fitness=1.397375328
7269.33 secs, 616 evals, 504 steps, improv/step: 0.365 (last = 0.0000), fitness=1.397375328
7281.18 secs, 617 evals, 505 steps, improv/step: 0.364 (last = 0.0000), fitness=1.397375328
7291.06 secs, 618 evals, 506 steps, improv/step: 0.364 (last = 0.0000), fitness=1.397375328
7302.71 secs, 619 evals, 507 steps, improv/step: 0.363 (last = 0.0000), fitness=1.397375328
7316.05 secs, 620 evals, 508 steps, improv/step: 0.362 (last = 0.0000), fitness=1.397375328
7327.65 secs, 621 evals, 509 steps, improv/step: 0.361 (last = 0.0000), fitness=1.397375328
7353.05 secs, 623 evals, 510 steps, improv/step: 0.361 (last = 0.0000), fitness=1.397375328
7363.67 secs, 624 evals, 511 steps, improv/step: 0.362 (last = 1.0000), fitness=1.397375328
7368.68 secs, 625 evals, 512 steps, improv/step: 0.361 (last = 0.0000), fitness=1.397375328
7380.29 secs, 626 evals, 513 steps, improv/step: 0.361 (last = 0.0000), fitness=1.397375328
7386.18 secs, 627 evals, 514 steps, improv/step: 0.360 (last = 0.0000), fitness=1.397375328
7397.30 secs, 628 evals, 515 steps, improv/step: 0.359 (last = 0.0000), fitness=1.397375328
7403.75 secs, 629 evals, 516 steps, improv/step: 0.359 (last = 0.0000), fitness=1.397375328
7416.69 secs, 630 evals, 517 steps, improv/step: 0.358 (last = 0.0000), fitness=1.397375328
7427.24 secs, 631 evals, 518 steps, improv/step: 0.357 (last = 0.0000), fitness=1.397375328
7438.19 secs, 632 evals, 519 steps, improv/step: 0.358 (last = 1.0000), fitness=1.397375328
7449.00 secs, 633 evals, 520 steps, improv/step: 0.360 (last = 1.0000), fitness=1.372569688
7462.18 secs, 634 evals, 521 steps, improv/step: 0.359 (last = 0.0000), fitness=1.372569688
7472.92 secs, 635 evals, 522 steps, improv/step: 0.360 (last = 1.0000), fitness=1.372569688
7484.96 secs, 636 evals, 523 steps, improv/step: 0.359 (last = 0.0000), fitness=1.372569688
7495.71 secs, 637 evals, 524 steps, improv/step: 0.361 (last = 1.0000), fitness=1.372569688
7508.34 secs, 638 evals, 525 steps, improv/step: 0.360 (last = 0.0000), fitness=1.372569688
7519.76 secs, 639 evals, 526 steps, improv/step: 0.359 (last = 0.0000), fitness=1.372569688
7530.65 secs, 640 evals, 527 steps, improv/step: 0.359 (last = 0.0000), fitness=1.372569688
7542.69 secs, 641 evals, 528 steps, improv/step: 0.358 (last = 0.0000), fitness=1.372569688
7554.13 secs, 642 evals, 529 steps, improv/step: 0.357 (last = 0.0000), fitness=1.372569688
7564.89 secs, 643 evals, 530 steps, improv/step: 0.357 (last = 0.0000), fitness=1.372569688
7576.38 secs, 644 evals, 531 steps, improv/step: 0.356 (last = 0.0000), fitness=1.372569688
7588.31 secs, 645 evals, 532 steps, improv/step: 0.355 (last = 0.0000), fitness=1.372569688
7599.41 secs, 646 evals, 533 steps, improv/step: 0.356 (last = 1.0000), fitness=1.372569688
7610.84 secs, 647 evals, 534 steps, improv/step: 0.356 (last = 0.0000), fitness=1.372569688
7621.87 secs, 648 evals, 535 steps, improv/step: 0.355 (last = 0.0000), fitness=1.372569688
7634.50 secs, 649 evals, 536 steps, improv/step: 0.354 (last = 0.0000), fitness=1.372569688
7647.13 secs, 650 evals, 537 steps, improv/step: 0.354 (last = 0.0000), fitness=1.372569688
7670.63 secs, 652 evals, 538 steps, improv/step: 0.355 (last = 1.0000), fitness=1.372569688
7683.29 secs, 653 evals, 539 steps, improv/step: 0.354 (last = 0.0000), fitness=1.372569688
7693.70 secs, 654 evals, 540 steps, improv/step: 0.354 (last = 0.0000), fitness=1.372569688
7703.26 secs, 655 evals, 541 steps, improv/step: 0.353 (last = 0.0000), fitness=1.372569688
7714.46 secs, 656 evals, 542 steps, improv/step: 0.352 (last = 0.0000), fitness=1.372569688
7721.16 secs, 657 evals, 543 steps, improv/step: 0.352 (last = 0.0000), fitness=1.372569688
7731.29 secs, 658 evals, 544 steps, improv/step: 0.353 (last = 1.0000), fitness=1.372569688
7743.29 secs, 659 evals, 545 steps, improv/step: 0.352 (last = 0.0000), fitness=1.372569688
7754.24 secs, 660 evals, 546 steps, improv/step: 0.352 (last = 0.0000), fitness=1.372569688
7765.96 secs, 661 evals, 547 steps, improv/step: 0.351 (last = 0.0000), fitness=1.372569688
7777.03 secs, 662 evals, 548 steps, improv/step: 0.352 (last = 1.0000), fitness=1.372569688
7788.36 secs, 663 evals, 549 steps, improv/step: 0.352 (last = 0.0000), fitness=1.372569688
7799.61 secs, 664 evals, 550 steps, improv/step: 0.351 (last = 0.0000), fitness=1.372569688
7810.99 secs, 665 evals, 551 steps, improv/step: 0.350 (last = 0.0000), fitness=1.372569688
7822.52 secs, 666 evals, 552 steps, improv/step: 0.350 (last = 0.0000), fitness=1.372569688
7830.97 secs, 667 evals, 553 steps, improv/step: 0.349 (last = 0.0000), fitness=1.372569688
7841.55 secs, 668 evals, 554 steps, improv/step: 0.348 (last = 0.0000), fitness=1.372569688
7852.26 secs, 669 evals, 555 steps, improv/step: 0.350 (last = 1.0000), fitness=1.372569688
7863.22 secs, 670 evals, 556 steps, improv/step: 0.349 (last = 0.0000), fitness=1.372569688
7873.90 secs, 671 evals, 557 steps, improv/step: 0.348 (last = 0.0000), fitness=1.372569688
7885.00 secs, 672 evals, 558 steps, improv/step: 0.348 (last = 0.0000), fitness=1.372569688
7896.29 secs, 673 evals, 559 steps, improv/step: 0.347 (last = 0.0000), fitness=1.372569688
7905.76 secs, 674 evals, 560 steps, improv/step: 0.346 (last = 0.0000), fitness=1.372569688
7916.41 secs, 675 evals, 561 steps, improv/step: 0.346 (last = 0.0000), fitness=1.372569688
7927.66 secs, 676 evals, 562 steps, improv/step: 0.345 (last = 0.0000), fitness=1.372569688
7940.30 secs, 677 evals, 563 steps, improv/step: 0.345 (last = 0.0000), fitness=1.372569688
7953.09 secs, 678 evals, 564 steps, improv/step: 0.344 (last = 0.0000), fitness=1.372569688
7964.00 secs, 679 evals, 565 steps, improv/step: 0.345 (last = 1.0000), fitness=1.372569688
7975.69 secs, 680 evals, 566 steps, improv/step: 0.345 (last = 0.0000), fitness=1.372569688
7985.24 secs, 681 evals, 567 steps, improv/step: 0.344 (last = 0.0000), fitness=1.372569688
7996.50 secs, 682 evals, 568 steps, improv/step: 0.343 (last = 0.0000), fitness=1.372569688
8007.15 secs, 683 evals, 569 steps, improv/step: 0.344 (last = 1.0000), fitness=1.372569688
8018.03 secs, 684 evals, 570 steps, improv/step: 0.346 (last = 1.0000), fitness=1.372569688
8029.17 secs, 685 evals, 571 steps, improv/step: 0.347 (last = 1.0000), fitness=1.372569688
8039.84 secs, 686 evals, 572 steps, improv/step: 0.346 (last = 0.0000), fitness=1.372569688
8050.51 secs, 687 evals, 573 steps, improv/step: 0.347 (last = 1.0000), fitness=1.372569688
8062.57 secs, 688 evals, 574 steps, improv/step: 0.347 (last = 0.0000), fitness=1.372569688
8075.64 secs, 689 evals, 575 steps, improv/step: 0.346 (last = 0.0000), fitness=1.372569688
8086.94 secs, 690 evals, 576 steps, improv/step: 0.345 (last = 0.0000), fitness=1.372569688
8097.95 secs, 691 evals, 577 steps, improv/step: 0.347 (last = 1.0000), fitness=1.372569688
8108.97 secs, 692 evals, 578 steps, improv/step: 0.346 (last = 0.0000), fitness=1.372569688
8119.29 secs, 693 evals, 579 steps, improv/step: 0.345 (last = 0.0000), fitness=1.372569688
8131.59 secs, 694 evals, 580 steps, improv/step: 0.345 (last = 0.0000), fitness=1.372569688
8142.78 secs, 695 evals, 581 steps, improv/step: 0.346 (last = 1.0000), fitness=1.372569688
8155.57 secs, 696 evals, 582 steps, improv/step: 0.345 (last = 0.0000), fitness=1.372569688
8160.03 secs, 697 evals, 583 steps, improv/step: 0.345 (last = 0.0000), fitness=1.372569688
8172.46 secs, 698 evals, 584 steps, improv/step: 0.344 (last = 0.0000), fitness=1.372569688
8183.51 secs, 699 evals, 585 steps, improv/step: 0.345 (last = 1.0000), fitness=1.372569688
8194.29 secs, 700 evals, 586 steps, improv/step: 0.346 (last = 1.0000), fitness=1.350770525
8204.43 secs, 701 evals, 587 steps, improv/step: 0.346 (last = 0.0000), fitness=1.350770525
8216.03 secs, 702 evals, 588 steps, improv/step: 0.345 (last = 0.0000), fitness=1.350770525
8227.82 secs, 703 evals, 589 steps, improv/step: 0.346 (last = 1.0000), fitness=1.350770525
8240.49 secs, 704 evals, 590 steps, improv/step: 0.346 (last = 0.0000), fitness=1.350770525
8246.40 secs, 705 evals, 591 steps, improv/step: 0.345 (last = 0.0000), fitness=1.350770525
8257.41 secs, 706 evals, 592 steps, improv/step: 0.346 (last = 1.0000), fitness=1.350770525
8268.55 secs, 707 evals, 593 steps, improv/step: 0.346 (last = 0.0000), fitness=1.350770525
8279.27 secs, 708 evals, 594 steps, improv/step: 0.345 (last = 0.0000), fitness=1.350770525
8290.76 secs, 709 evals, 595 steps, improv/step: 0.345 (last = 0.0000), fitness=1.350770525
8302.35 secs, 710 evals, 596 steps, improv/step: 0.344 (last = 0.0000), fitness=1.350770525
8312.64 secs, 711 evals, 597 steps, improv/step: 0.343 (last = 0.0000), fitness=1.350770525
8322.98 secs, 712 evals, 598 steps, improv/step: 0.343 (last = 0.0000), fitness=1.350770525
8333.88 secs, 713 evals, 599 steps, improv/step: 0.342 (last = 0.0000), fitness=1.350770525
8347.24 secs, 714 evals, 600 steps, improv/step: 0.342 (last = 0.0000), fitness=1.350770525
8358.56 secs, 715 evals, 601 steps, improv/step: 0.341 (last = 0.0000), fitness=1.350770525
8369.66 secs, 716 evals, 602 steps, improv/step: 0.341 (last = 0.0000), fitness=1.350770525
8379.38 secs, 717 evals, 603 steps, improv/step: 0.340 (last = 0.0000), fitness=1.350770525
8387.94 secs, 718 evals, 604 steps, improv/step: 0.339 (last = 0.0000), fitness=1.350770525
8397.60 secs, 719 evals, 605 steps, improv/step: 0.339 (last = 0.0000), fitness=1.350770525
8408.63 secs, 720 evals, 606 steps, improv/step: 0.340 (last = 1.0000), fitness=1.350770525
8419.49 secs, 721 evals, 607 steps, improv/step: 0.339 (last = 0.0000), fitness=1.350770525
8430.17 secs, 722 evals, 608 steps, improv/step: 0.339 (last = 0.0000), fitness=1.350770525
8440.91 secs, 723 evals, 609 steps, improv/step: 0.338 (last = 0.0000), fitness=1.350770525
8450.65 secs, 724 evals, 610 steps, improv/step: 0.338 (last = 0.0000), fitness=1.350770525
8461.65 secs, 725 evals, 611 steps, improv/step: 0.339 (last = 1.0000), fitness=1.350770525
8472.05 secs, 726 evals, 612 steps, improv/step: 0.340 (last = 1.0000), fitness=1.350770525
8480.01 secs, 727 evals, 613 steps, improv/step: 0.339 (last = 0.0000), fitness=1.350770525
8490.88 secs, 728 evals, 614 steps, improv/step: 0.339 (last = 0.0000), fitness=1.350770525
8503.94 secs, 729 evals, 615 steps, improv/step: 0.338 (last = 0.0000), fitness=1.350770525
8515.23 secs, 730 evals, 616 steps, improv/step: 0.338 (last = 0.0000), fitness=1.350770525
8526.64 secs, 731 evals, 617 steps, improv/step: 0.337 (last = 0.0000), fitness=1.350770525
8537.99 secs, 732 evals, 618 steps, improv/step: 0.337 (last = 0.0000), fitness=1.350770525
8548.52 secs, 733 evals, 619 steps, improv/step: 0.336 (last = 0.0000), fitness=1.350770525
8559.46 secs, 734 evals, 620 steps, improv/step: 0.337 (last = 1.0000), fitness=1.350770525
8570.58 secs, 735 evals, 621 steps, improv/step: 0.337 (last = 0.0000), fitness=1.350770525
8581.05 secs, 736 evals, 622 steps, improv/step: 0.336 (last = 0.0000), fitness=1.350770525
8592.31 secs, 737 evals, 623 steps, improv/step: 0.335 (last = 0.0000), fitness=1.350770525
8602.66 secs, 738 evals, 624 steps, improv/step: 0.335 (last = 0.0000), fitness=1.350770525
8613.51 secs, 739 evals, 625 steps, improv/step: 0.334 (last = 0.0000), fitness=1.350770525
8625.54 secs, 740 evals, 626 steps, improv/step: 0.334 (last = 0.0000), fitness=1.350770525
8635.53 secs, 741 evals, 627 steps, improv/step: 0.333 (last = 0.0000), fitness=1.350770525
8644.51 secs, 742 evals, 628 steps, improv/step: 0.333 (last = 0.0000), fitness=1.350770525
8655.21 secs, 743 evals, 629 steps, improv/step: 0.334 (last = 1.0000), fitness=1.350770525
8667.11 secs, 744 evals, 630 steps, improv/step: 0.333 (last = 0.0000), fitness=1.350770525
8679.47 secs, 745 evals, 631 steps, improv/step: 0.333 (last = 0.0000), fitness=1.350770525
8690.28 secs, 746 evals, 632 steps, improv/step: 0.334 (last = 1.0000), fitness=1.350770525
8701.96 secs, 747 evals, 633 steps, improv/step: 0.333 (last = 0.0000), fitness=1.350770525
8714.45 secs, 748 evals, 634 steps, improv/step: 0.333 (last = 0.0000), fitness=1.350770525
8727.94 secs, 749 evals, 635 steps, improv/step: 0.332 (last = 0.0000), fitness=1.350770525
8739.10 secs, 750 evals, 636 steps, improv/step: 0.332 (last = 0.0000), fitness=1.350770525
8749.68 secs, 751 evals, 637 steps, improv/step: 0.331 (last = 0.0000), fitness=1.350770525
8761.26 secs, 752 evals, 638 steps, improv/step: 0.331 (last = 0.0000), fitness=1.350770525
8768.40 secs, 753 evals, 639 steps, improv/step: 0.330 (last = 0.0000), fitness=1.350770525
8778.17 secs, 754 evals, 640 steps, improv/step: 0.330 (last = 0.0000), fitness=1.350770525
8788.67 secs, 755 evals, 641 steps, improv/step: 0.329 (last = 0.0000), fitness=1.350770525
8800.23 secs, 756 evals, 642 steps, improv/step: 0.329 (last = 0.0000), fitness=1.350770525
8810.77 secs, 757 evals, 643 steps, improv/step: 0.328 (last = 0.0000), fitness=1.350770525
8821.56 secs, 758 evals, 644 steps, improv/step: 0.328 (last = 0.0000), fitness=1.350770525
8830.89 secs, 759 evals, 645 steps, improv/step: 0.327 (last = 0.0000), fitness=1.350770525
8842.28 secs, 760 evals, 646 steps, improv/step: 0.327 (last = 0.0000), fitness=1.350770525
8855.46 secs, 761 evals, 647 steps, improv/step: 0.326 (last = 0.0000), fitness=1.350770525
8866.77 secs, 762 evals, 648 steps, improv/step: 0.327 (last = 1.0000), fitness=1.350770525
8877.87 secs, 763 evals, 649 steps, improv/step: 0.328 (last = 1.0000), fitness=1.350770525
8890.53 secs, 764 evals, 650 steps, improv/step: 0.328 (last = 0.0000), fitness=1.350770525
8901.58 secs, 765 evals, 651 steps, improv/step: 0.329 (last = 1.0000), fitness=1.350770525
8912.35 secs, 766 evals, 652 steps, improv/step: 0.330 (last = 1.0000), fitness=1.350770525
8924.37 secs, 767 evals, 653 steps, improv/step: 0.331 (last = 1.0000), fitness=1.350770525
8935.71 secs, 768 evals, 654 steps, improv/step: 0.330 (last = 0.0000), fitness=1.350770525
8945.58 secs, 769 evals, 655 steps, improv/step: 0.330 (last = 0.0000), fitness=1.350770525
8956.47 secs, 770 evals, 656 steps, improv/step: 0.331 (last = 1.0000), fitness=1.350770525
8967.35 secs, 771 evals, 657 steps, improv/step: 0.330 (last = 0.0000), fitness=1.350770525
8979.75 secs, 772 evals, 658 steps, improv/step: 0.330 (last = 0.0000), fitness=1.350770525
8990.58 secs, 773 evals, 659 steps, improv/step: 0.329 (last = 0.0000), fitness=1.350770525
9001.70 secs, 774 evals, 660 steps, improv/step: 0.330 (last = 1.0000), fitness=1.350770525
9012.86 secs, 775 evals, 661 steps, improv/step: 0.331 (last = 1.0000), fitness=1.350770525
9023.89 secs, 776 evals, 662 steps, improv/step: 0.332 (last = 1.0000), fitness=1.350770525
9033.55 secs, 777 evals, 663 steps, improv/step: 0.332 (last = 0.0000), fitness=1.350770525
9043.78 secs, 778 evals, 664 steps, improv/step: 0.331 (last = 0.0000), fitness=1.350770525
9050.08 secs, 779 evals, 665 steps, improv/step: 0.331 (last = 0.0000), fitness=1.350770525
9061.16 secs, 780 evals, 666 steps, improv/step: 0.330 (last = 0.0000), fitness=1.350770525
9072.54 secs, 781 evals, 667 steps, improv/step: 0.330 (last = 0.0000), fitness=1.350770525
9083.87 secs, 782 evals, 668 steps, improv/step: 0.329 (last = 0.0000), fitness=1.350770525
9095.01 secs, 783 evals, 669 steps, improv/step: 0.329 (last = 0.0000), fitness=1.350770525
9105.85 secs, 784 evals, 670 steps, improv/step: 0.328 (last = 0.0000), fitness=1.350770525
9117.36 secs, 785 evals, 671 steps, improv/step: 0.329 (last = 1.0000), fitness=1.350770525
9128.82 secs, 786 evals, 672 steps, improv/step: 0.329 (last = 0.0000), fitness=1.350770525
9139.93 secs, 787 evals, 673 steps, improv/step: 0.328 (last = 0.0000), fitness=1.350770525
9150.64 secs, 788 evals, 674 steps, improv/step: 0.328 (last = 0.0000), fitness=1.350770525
9161.54 secs, 789 evals, 675 steps, improv/step: 0.329 (last = 1.0000), fitness=1.342498754
9172.29 secs, 790 evals, 676 steps, improv/step: 0.330 (last = 1.0000), fitness=1.342498754
9181.94 secs, 791 evals, 677 steps, improv/step: 0.329 (last = 0.0000), fitness=1.342498754
9191.06 secs, 792 evals, 678 steps, improv/step: 0.329 (last = 0.0000), fitness=1.342498754
9202.22 secs, 793 evals, 679 steps, improv/step: 0.328 (last = 0.0000), fitness=1.342498754
9213.79 secs, 794 evals, 680 steps, improv/step: 0.328 (last = 0.0000), fitness=1.342498754
9224.35 secs, 795 evals, 681 steps, improv/step: 0.327 (last = 0.0000), fitness=1.342498754
9235.10 secs, 796 evals, 682 steps, improv/step: 0.328 (last = 1.0000), fitness=1.342498754
9246.18 secs, 797 evals, 683 steps, improv/step: 0.328 (last = 0.0000), fitness=1.342498754
9257.51 secs, 798 evals, 684 steps, improv/step: 0.327 (last = 0.0000), fitness=1.342498754
9267.98 secs, 799 evals, 685 steps, improv/step: 0.327 (last = 0.0000), fitness=1.342498754
9279.45 secs, 800 evals, 686 steps, improv/step: 0.328 (last = 1.0000), fitness=1.342498754
9290.21 secs, 801 evals, 687 steps, improv/step: 0.328 (last = 0.0000), fitness=1.342498754
9301.16 secs, 802 evals, 688 steps, improv/step: 0.327 (last = 0.0000), fitness=1.342498754
9311.94 secs, 803 evals, 689 steps, improv/step: 0.327 (last = 0.0000), fitness=1.342498754
9323.19 secs, 804 evals, 690 steps, improv/step: 0.326 (last = 0.0000), fitness=1.342498754
9334.12 secs, 805 evals, 691 steps, improv/step: 0.326 (last = 0.0000), fitness=1.342498754
9346.02 secs, 806 evals, 692 steps, improv/step: 0.325 (last = 0.0000), fitness=1.342498754
9357.41 secs, 807 evals, 693 steps, improv/step: 0.325 (last = 0.0000), fitness=1.342498754
9367.83 secs, 808 evals, 694 steps, improv/step: 0.324 (last = 0.0000), fitness=1.342498754
9378.57 secs, 809 evals, 695 steps, improv/step: 0.325 (last = 1.0000), fitness=1.342498754
9390.42 secs, 810 evals, 696 steps, improv/step: 0.325 (last = 0.0000), fitness=1.342498754
9400.71 secs, 811 evals, 697 steps, improv/step: 0.324 (last = 0.0000), fitness=1.342498754
9411.95 secs, 812 evals, 698 steps, improv/step: 0.325 (last = 1.0000), fitness=1.342498754
9422.87 secs, 813 evals, 699 steps, improv/step: 0.326 (last = 1.0000), fitness=1.342498754
9433.72 secs, 814 evals, 700 steps, improv/step: 0.327 (last = 1.0000), fitness=1.342498754
9444.88 secs, 815 evals, 701 steps, improv/step: 0.327 (last = 0.0000), fitness=1.342498754
9456.34 secs, 816 evals, 702 steps, improv/step: 0.326 (last = 0.0000), fitness=1.342498754
9467.36 secs, 817 evals, 703 steps, improv/step: 0.327 (last = 1.0000), fitness=1.342498754
9478.02 secs, 818 evals, 704 steps, improv/step: 0.327 (last = 0.0000), fitness=1.342498754
9488.88 secs, 819 evals, 705 steps, improv/step: 0.326 (last = 0.0000), fitness=1.342498754
9499.75 secs, 820 evals, 706 steps, improv/step: 0.326 (last = 0.0000), fitness=1.342498754
9510.85 secs, 821 evals, 707 steps, improv/step: 0.325 (last = 0.0000), fitness=1.342498754
9522.07 secs, 822 evals, 708 steps, improv/step: 0.325 (last = 0.0000), fitness=1.342498754
9534.61 secs, 823 evals, 709 steps, improv/step: 0.324 (last = 0.0000), fitness=1.342498754
9545.13 secs, 824 evals, 710 steps, improv/step: 0.324 (last = 0.0000), fitness=1.342498754
9555.55 secs, 825 evals, 711 steps, improv/step: 0.323 (last = 0.0000), fitness=1.342498754
9567.15 secs, 826 evals, 712 steps, improv/step: 0.323 (last = 0.0000), fitness=1.342498754
9578.81 secs, 827 evals, 713 steps, improv/step: 0.323 (last = 0.0000), fitness=1.342498754
9588.56 secs, 828 evals, 714 steps, improv/step: 0.322 (last = 0.0000), fitness=1.342498754
9599.41 secs, 829 evals, 715 steps, improv/step: 0.322 (last = 0.0000), fitness=1.342498754
9610.91 secs, 830 evals, 716 steps, improv/step: 0.321 (last = 0.0000), fitness=1.342498754
9622.08 secs, 831 evals, 717 steps, improv/step: 0.322 (last = 1.0000), fitness=1.342498754
9631.71 secs, 832 evals, 718 steps, improv/step: 0.322 (last = 0.0000), fitness=1.342498754
9642.98 secs, 833 evals, 719 steps, improv/step: 0.321 (last = 0.0000), fitness=1.342498754
9653.99 secs, 834 evals, 720 steps, improv/step: 0.321 (last = 0.0000), fitness=1.342498754
9665.14 secs, 835 evals, 721 steps, improv/step: 0.320 (last = 0.0000), fitness=1.342498754
9675.68 secs, 836 evals, 722 steps, improv/step: 0.320 (last = 0.0000), fitness=1.342498754
9686.46 secs, 837 evals, 723 steps, improv/step: 0.320 (last = 0.0000), fitness=1.342498754
9697.55 secs, 838 evals, 724 steps, improv/step: 0.320 (last = 1.0000), fitness=1.342498754
9708.54 secs, 839 evals, 725 steps, improv/step: 0.320 (last = 0.0000), fitness=1.342498754
9719.31 secs, 840 evals, 726 steps, improv/step: 0.320 (last = 0.0000), fitness=1.342498754
9730.16 secs, 841 evals, 727 steps, improv/step: 0.319 (last = 0.0000), fitness=1.342498754
9741.46 secs, 842 evals, 728 steps, improv/step: 0.319 (last = 0.0000), fitness=1.342498754
9751.44 secs, 843 evals, 729 steps, improv/step: 0.318 (last = 0.0000), fitness=1.342498754
9762.01 secs, 844 evals, 730 steps, improv/step: 0.318 (last = 0.0000), fitness=1.342498754
9772.30 secs, 845 evals, 731 steps, improv/step: 0.317 (last = 0.0000), fitness=1.342498754
9784.11 secs, 846 evals, 732 steps, improv/step: 0.318 (last = 1.0000), fitness=1.342498754
9796.35 secs, 847 evals, 733 steps, improv/step: 0.318 (last = 0.0000), fitness=1.342498754
9807.21 secs, 848 evals, 734 steps, improv/step: 0.317 (last = 0.0000), fitness=1.342498754
9818.55 secs, 849 evals, 735 steps, improv/step: 0.317 (last = 0.0000), fitness=1.342498754
9829.48 secs, 850 evals, 736 steps, improv/step: 0.318 (last = 1.0000), fitness=1.342498754
9840.32 secs, 851 evals, 737 steps, improv/step: 0.319 (last = 1.0000), fitness=1.342498754
9851.55 secs, 852 evals, 738 steps, improv/step: 0.318 (last = 0.0000), fitness=1.342498754
9862.31 secs, 853 evals, 739 steps, improv/step: 0.319 (last = 1.0000), fitness=1.342498754
9873.11 secs, 854 evals, 740 steps, improv/step: 0.319 (last = 0.0000), fitness=1.342498754
9884.59 secs, 855 evals, 741 steps, improv/step: 0.318 (last = 0.0000), fitness=1.342498754
9895.72 secs, 856 evals, 742 steps, improv/step: 0.319 (last = 1.0000), fitness=1.342498754
9905.97 secs, 857 evals, 743 steps, improv/step: 0.320 (last = 1.0000), fitness=1.342498754
9915.04 secs, 858 evals, 744 steps, improv/step: 0.320 (last = 0.0000), fitness=1.342498754
9925.59 secs, 859 evals, 745 steps, improv/step: 0.319 (last = 0.0000), fitness=1.342498754
9936.99 secs, 860 evals, 746 steps, improv/step: 0.319 (last = 0.0000), fitness=1.342498754
9947.48 secs, 861 evals, 747 steps, improv/step: 0.319 (last = 0.0000), fitness=1.342498754
9957.84 secs, 862 evals, 748 steps, improv/step: 0.318 (last = 0.0000), fitness=1.342498754
9969.22 secs, 863 evals, 749 steps, improv/step: 0.319 (last = 1.0000), fitness=1.342498754
9980.02 secs, 864 evals, 750 steps, improv/step: 0.320 (last = 1.0000), fitness=1.342498754
9990.96 secs, 865 evals, 751 steps, improv/step: 0.320 (last = 0.0000), fitness=1.342498754
10002.39 secs, 866 evals, 752 steps, improv/step: 0.319 (last = 0.0000), fitness=1.342498754
10013.35 secs, 867 evals, 753 steps, improv/step: 0.319 (last = 0.0000), fitness=1.342498754
10023.46 secs, 868 evals, 754 steps, improv/step: 0.318 (last = 0.0000), fitness=1.342498754
10035.00 secs, 869 evals, 755 steps, improv/step: 0.318 (last = 0.0000), fitness=1.342498754
10044.85 secs, 870 evals, 756 steps, improv/step: 0.317 (last = 0.0000), fitness=1.342498754
10055.81 secs, 871 evals, 757 steps, improv/step: 0.318 (last = 1.0000), fitness=1.342498754
10066.80 secs, 872 evals, 758 steps, improv/step: 0.318 (last = 0.0000), fitness=1.342498754
10078.59 secs, 873 evals, 759 steps, improv/step: 0.318 (last = 0.0000), fitness=1.342498754
10089.81 secs, 874 evals, 760 steps, improv/step: 0.317 (last = 0.0000), fitness=1.342498754
10099.41 secs, 875 evals, 761 steps, improv/step: 0.317 (last = 0.0000), fitness=1.342498754
10109.92 secs, 876 evals, 762 steps, improv/step: 0.316 (last = 0.0000), fitness=1.342498754
10121.26 secs, 877 evals, 763 steps, improv/step: 0.316 (last = 0.0000), fitness=1.342498754
10131.97 secs, 878 evals, 764 steps, improv/step: 0.315 (last = 0.0000), fitness=1.342498754
10140.87 secs, 879 evals, 765 steps, improv/step: 0.315 (last = 0.0000), fitness=1.342498754
10152.00 secs, 880 evals, 766 steps, improv/step: 0.315 (last = 0.0000), fitness=1.342498754
10163.09 secs, 881 evals, 767 steps, improv/step: 0.316 (last = 1.0000), fitness=1.342498754
10174.20 secs, 882 evals, 768 steps, improv/step: 0.315 (last = 0.0000), fitness=1.342498754
10185.30 secs, 883 evals, 769 steps, improv/step: 0.316 (last = 1.0000), fitness=1.342498754
10196.35 secs, 884 evals, 770 steps, improv/step: 0.317 (last = 1.0000), fitness=1.342498754
10206.86 secs, 885 evals, 771 steps, improv/step: 0.316 (last = 0.0000), fitness=1.342498754
10217.69 secs, 886 evals, 772 steps, improv/step: 0.317 (last = 1.0000), fitness=1.342498754
10229.05 secs, 887 evals, 773 steps, improv/step: 0.317 (last = 0.0000), fitness=1.342498754
10240.02 secs, 888 evals, 774 steps, improv/step: 0.317 (last = 0.0000), fitness=1.342498754
10250.78 secs, 889 evals, 775 steps, improv/step: 0.316 (last = 0.0000), fitness=1.342498754
10260.85 secs, 890 evals, 776 steps, improv/step: 0.316 (last = 0.0000), fitness=1.342498754
10271.69 secs, 891 evals, 777 steps, improv/step: 0.317 (last = 1.0000), fitness=1.342498754
10282.98 secs, 892 evals, 778 steps, improv/step: 0.317 (last = 1.0000), fitness=1.342498754
10294.26 secs, 893 evals, 779 steps, improv/step: 0.317 (last = 0.0000), fitness=1.342498754
10304.69 secs, 894 evals, 780 steps, improv/step: 0.317 (last = 0.0000), fitness=1.342498754
10314.87 secs, 895 evals, 781 steps, improv/step: 0.316 (last = 0.0000), fitness=1.342498754
10326.10 secs, 896 evals, 782 steps, improv/step: 0.316 (last = 0.0000), fitness=1.342498754
10337.66 secs, 897 evals, 783 steps, improv/step: 0.315 (last = 0.0000), fitness=1.342498754
10348.91 secs, 898 evals, 784 steps, improv/step: 0.315 (last = 0.0000), fitness=1.342498754
10360.12 secs, 899 evals, 785 steps, improv/step: 0.315 (last = 0.0000), fitness=1.342498754
10371.07 secs, 900 evals, 786 steps, improv/step: 0.314 (last = 0.0000), fitness=1.342498754
10381.78 secs, 901 evals, 787 steps, improv/step: 0.315 (last = 1.0000), fitness=1.342498754
10392.92 secs, 902 evals, 788 steps, improv/step: 0.315 (last = 0.0000), fitness=1.342498754
10403.67 secs, 903 evals, 789 steps, improv/step: 0.316 (last = 1.0000), fitness=1.342498754
10414.11 secs, 904 evals, 790 steps, improv/step: 0.315 (last = 0.0000), fitness=1.342498754
10423.87 secs, 905 evals, 791 steps, improv/step: 0.315 (last = 0.0000), fitness=1.342498754
10433.89 secs, 906 evals, 792 steps, improv/step: 0.314 (last = 0.0000), fitness=1.342498754
10444.81 secs, 907 evals, 793 steps, improv/step: 0.314 (last = 0.0000), fitness=1.342498754
10455.71 secs, 908 evals, 794 steps, improv/step: 0.315 (last = 1.0000), fitness=1.342498754
10466.64 secs, 909 evals, 795 steps, improv/step: 0.316 (last = 1.0000), fitness=1.342498754
10477.66 secs, 910 evals, 796 steps, improv/step: 0.317 (last = 1.0000), fitness=1.342498754
10488.28 secs, 911 evals, 797 steps, improv/step: 0.317 (last = 1.0000), fitness=1.322592915
10498.82 secs, 912 evals, 798 steps, improv/step: 0.317 (last = 0.0000), fitness=1.322592915
10509.39 secs, 913 evals, 799 steps, improv/step: 0.317 (last = 0.0000), fitness=1.322592915
10520.32 secs, 914 evals, 800 steps, improv/step: 0.316 (last = 0.0000), fitness=1.322592915
10532.08 secs, 915 evals, 801 steps, improv/step: 0.316 (last = 0.0000), fitness=1.322592915
10542.86 secs, 916 evals, 802 steps, improv/step: 0.315 (last = 0.0000), fitness=1.322592915
10554.12 secs, 917 evals, 803 steps, improv/step: 0.315 (last = 0.0000), fitness=1.322592915
10565.73 secs, 918 evals, 804 steps, improv/step: 0.315 (last = 0.0000), fitness=1.322592915
10576.70 secs, 919 evals, 805 steps, improv/step: 0.316 (last = 1.0000), fitness=1.322592915
10587.54 secs, 920 evals, 806 steps, improv/step: 0.315 (last = 0.0000), fitness=1.322592915
10599.34 secs, 921 evals, 807 steps, improv/step: 0.315 (last = 0.0000), fitness=1.322592915
10610.09 secs, 922 evals, 808 steps, improv/step: 0.314 (last = 0.0000), fitness=1.322592915
10621.39 secs, 923 evals, 809 steps, improv/step: 0.314 (last = 0.0000), fitness=1.322592915
10632.33 secs, 924 evals, 810 steps, improv/step: 0.314 (last = 0.0000), fitness=1.322592915
10643.04 secs, 925 evals, 811 steps, improv/step: 0.314 (last = 1.0000), fitness=1.322592915
10653.58 secs, 926 evals, 812 steps, improv/step: 0.314 (last = 0.0000), fitness=1.322592915
10664.59 secs, 927 evals, 813 steps, improv/step: 0.314 (last = 0.0000), fitness=1.322592915
10675.56 secs, 928 evals, 814 steps, improv/step: 0.313 (last = 0.0000), fitness=1.322592915
10686.93 secs, 929 evals, 815 steps, improv/step: 0.313 (last = 0.0000), fitness=1.322592915
10697.74 secs, 930 evals, 816 steps, improv/step: 0.312 (last = 0.0000), fitness=1.322592915
10709.09 secs, 931 evals, 817 steps, improv/step: 0.312 (last = 0.0000), fitness=1.322592915
10720.41 secs, 932 evals, 818 steps, improv/step: 0.312 (last = 0.0000), fitness=1.322592915
10731.37 secs, 933 evals, 819 steps, improv/step: 0.311 (last = 0.0000), fitness=1.322592915
10741.48 secs, 934 evals, 820 steps, improv/step: 0.311 (last = 0.0000), fitness=1.322592915
10752.72 secs, 935 evals, 821 steps, improv/step: 0.312 (last = 1.0000), fitness=1.322592915
10764.00 secs, 936 evals, 822 steps, improv/step: 0.313 (last = 1.0000), fitness=1.322592915
10773.19 secs, 937 evals, 823 steps, improv/step: 0.312 (last = 0.0000), fitness=1.322592915
10783.97 secs, 938 evals, 824 steps, improv/step: 0.313 (last = 1.0000), fitness=1.322592915
10795.37 secs, 939 evals, 825 steps, improv/step: 0.313 (last = 0.0000), fitness=1.322592915

Optimization stopped after 826 steps and 10806.39 seconds
Termination reason: Max time (10800.0 s) reached
Steps per second = 0.08
Function evals per second = 0.09
Improvements/step = Inf
Total function evaluations = 940


Best candidate found: [0.145648, 0.611474]

Fitness: 1.322592915

