N_Jobs_Total: 144
Starting optimization with optimizer DiffEvoOpt{FitPopulation{Float64}, RadiusLimitedSelector, BlackBoxOptim.AdaptiveDiffEvoRandBin{3}, RandomBound{ContinuousRectSearchSpace}}
0.00 secs, 0 evals, 0 steps
175.35 secs, 2 evals, 1 steps, fitness=21.208445971
615.52 secs, 4 evals, 2 steps, improv/step: 0.500 (last = 1.0000), fitness=21.208445971
923.40 secs, 6 evals, 3 steps, improv/step: 0.333 (last = 0.0000), fitness=15.844778203
1364.60 secs, 8 evals, 4 steps, improv/step: 0.500 (last = 1.0000), fitness=15.844778203
1753.79 secs, 10 evals, 5 steps, improv/step: 0.600 (last = 1.0000), fitness=6.376766455
2133.22 secs, 12 evals, 6 steps, improv/step: 0.500 (last = 0.0000), fitness=6.376766455
2449.20 secs, 14 evals, 7 steps, improv/step: 0.571 (last = 1.0000), fitness=6.092050378
2882.31 secs, 16 evals, 8 steps, improv/step: 0.500 (last = 0.0000), fitness=6.092050378
3218.89 secs, 18 evals, 9 steps, improv/step: 0.556 (last = 1.0000), fitness=6.092050378
3363.00 secs, 20 evals, 10 steps, improv/step: 0.500 (last = 0.0000), fitness=6.092050378
3553.90 secs, 21 evals, 11 steps, improv/step: 0.545 (last = 1.0000), fitness=6.092050378
3837.54 secs, 23 evals, 12 steps, improv/step: 0.500 (last = 0.0000), fitness=3.167570822
4010.47 secs, 24 evals, 13 steps, improv/step: 0.462 (last = 0.0000), fitness=3.167570822
4332.87 secs, 26 evals, 14 steps, improv/step: 0.500 (last = 1.0000), fitness=3.167570822
4600.49 secs, 28 evals, 15 steps, improv/step: 0.467 (last = 0.0000), fitness=0.977814237
4903.15 secs, 30 evals, 16 steps, improv/step: 0.438 (last = 0.0000), fitness=0.977814237
5241.39 secs, 32 evals, 17 steps, improv/step: 0.471 (last = 1.0000), fitness=0.977814237
5580.06 secs, 34 evals, 18 steps, improv/step: 0.500 (last = 1.0000), fitness=0.977814237
5890.89 secs, 36 evals, 19 steps, improv/step: 0.474 (last = 0.0000), fitness=0.977814237
6222.73 secs, 38 evals, 20 steps, improv/step: 0.500 (last = 1.0000), fitness=0.977814237
6551.47 secs, 40 evals, 21 steps, improv/step: 0.476 (last = 0.0000), fitness=0.977814237
6615.35 secs, 41 evals, 22 steps, improv/step: 0.455 (last = 0.0000), fitness=0.977814237
6768.97 secs, 42 evals, 23 steps, improv/step: 0.435 (last = 0.0000), fitness=0.977814237
6919.61 secs, 43 evals, 24 steps, improv/step: 0.417 (last = 0.0000), fitness=0.977814237
7116.70 secs, 45 evals, 25 steps, improv/step: 0.440 (last = 1.0000), fitness=0.977814237
7434.82 secs, 47 evals, 26 steps, improv/step: 0.423 (last = 0.0000), fitness=0.977814237
7607.06 secs, 48 evals, 27 steps, improv/step: 0.444 (last = 1.0000), fitness=0.977814237
7664.82 secs, 49 evals, 28 steps, improv/step: 0.464 (last = 1.0000), fitness=0.977814237
7953.30 secs, 51 evals, 29 steps, improv/step: 0.448 (last = 0.0000), fitness=0.977814237
8292.83 secs, 53 evals, 30 steps, improv/step: 0.433 (last = 0.0000), fitness=0.977814237
8558.16 secs, 55 evals, 31 steps, improv/step: 0.452 (last = 1.0000), fitness=0.977814237
8749.61 secs, 57 evals, 32 steps, improv/step: 0.469 (last = 1.0000), fitness=0.977814237
9014.96 secs, 59 evals, 33 steps, improv/step: 0.485 (last = 1.0000), fitness=0.977814237
9128.18 secs, 61 evals, 34 steps, improv/step: 0.500 (last = 1.0000), fitness=0.977814237
9344.56 secs, 63 evals, 35 steps, improv/step: 0.486 (last = 0.0000), fitness=0.977814237
9411.45 secs, 64 evals, 36 steps, improv/step: 0.472 (last = 0.0000), fitness=0.977814237
9715.46 secs, 66 evals, 37 steps, improv/step: 0.459 (last = 0.0000), fitness=0.977814237
9860.86 secs, 67 evals, 38 steps, improv/step: 0.447 (last = 0.0000), fitness=0.977814237
10171.30 secs, 69 evals, 39 steps, improv/step: 0.436 (last = 0.0000), fitness=0.977814237
10474.41 secs, 71 evals, 40 steps, improv/step: 0.425 (last = 0.0000), fitness=0.977814237
10630.52 secs, 72 evals, 41 steps, improv/step: 0.439 (last = 1.0000), fitness=0.977814237
10685.98 secs, 73 evals, 42 steps, improv/step: 0.429 (last = 0.0000), fitness=0.977814237

Optimization stopped after 43 steps and 10985.92 seconds
Termination reason: Max time (10800.0 s) reached
Steps per second = 0.00
Function evals per second = 0.01
Improvements/step = Inf
Total function evaluations = 75


Best candidate found: [0.233788, 0.924567]

Fitness: 0.977814237

