N_Jobs_Total: 144
Starting optimization with optimizer DiffEvoOpt{FitPopulation{Float64}, RadiusLimitedSelector, BlackBoxOptim.AdaptiveDiffEvoRandBin{3}, RandomBound{ContinuousRectSearchSpace}}
0.00 secs, 0 evals, 0 steps
311.75 secs, 2 evals, 1 steps, fitness=25.137289009
550.97 secs, 4 evals, 2 steps, improv/step: 0.500 (last = 1.0000), fitness=2.334504372
851.93 secs, 6 evals, 3 steps, improv/step: 0.667 (last = 1.0000), fitness=2.334504372
1160.57 secs, 8 evals, 4 steps, improv/step: 0.500 (last = 0.0000), fitness=2.334504372
1492.70 secs, 10 evals, 5 steps, improv/step: 0.600 (last = 1.0000), fitness=2.334504372
1848.98 secs, 12 evals, 6 steps, improv/step: 0.500 (last = 0.0000), fitness=2.334504372
2084.34 secs, 14 evals, 7 steps, improv/step: 0.571 (last = 1.0000), fitness=2.334504372
2363.35 secs, 16 evals, 8 steps, improv/step: 0.500 (last = 0.0000), fitness=2.334504372
2479.11 secs, 18 evals, 9 steps, improv/step: 0.444 (last = 0.0000), fitness=0.699435589
2800.14 secs, 20 evals, 10 steps, improv/step: 0.500 (last = 1.0000), fitness=0.699435589
3079.50 secs, 22 evals, 11 steps, improv/step: 0.545 (last = 1.0000), fitness=0.699435589
3203.33 secs, 23 evals, 12 steps, improv/step: 0.583 (last = 1.0000), fitness=0.699435589
3509.93 secs, 25 evals, 13 steps, improv/step: 0.538 (last = 0.0000), fitness=0.699435589
3782.51 secs, 27 evals, 14 steps, improv/step: 0.571 (last = 1.0000), fitness=0.699435589
3928.87 secs, 28 evals, 15 steps, improv/step: 0.533 (last = 0.0000), fitness=0.699435589
4243.98 secs, 30 evals, 16 steps, improv/step: 0.562 (last = 1.0000), fitness=0.699435589
4530.30 secs, 32 evals, 17 steps, improv/step: 0.588 (last = 1.0000), fitness=0.699435589
4816.69 secs, 34 evals, 18 steps, improv/step: 0.556 (last = 0.0000), fitness=0.699435589
5101.95 secs, 36 evals, 19 steps, improv/step: 0.526 (last = 0.0000), fitness=0.699435589
5231.77 secs, 37 evals, 20 steps, improv/step: 0.500 (last = 0.0000), fitness=0.699435589
5489.60 secs, 39 evals, 21 steps, improv/step: 0.524 (last = 1.0000), fitness=0.699435589
5629.72 secs, 41 evals, 22 steps, improv/step: 0.545 (last = 1.0000), fitness=0.699435589
5831.98 secs, 43 evals, 23 steps, improv/step: 0.565 (last = 1.0000), fitness=0.699435589
6120.13 secs, 45 evals, 24 steps, improv/step: 0.542 (last = 0.0000), fitness=0.699435589
6203.77 secs, 47 evals, 25 steps, improv/step: 0.520 (last = 0.0000), fitness=0.699435589
6271.60 secs, 48 evals, 26 steps, improv/step: 0.538 (last = 1.0000), fitness=0.699435589
6415.59 secs, 49 evals, 27 steps, improv/step: 0.519 (last = 0.0000), fitness=0.699435589
6697.02 secs, 51 evals, 28 steps, improv/step: 0.536 (last = 1.0000), fitness=0.699435589
6955.30 secs, 53 evals, 29 steps, improv/step: 0.517 (last = 0.0000), fitness=0.699435589
7099.91 secs, 54 evals, 30 steps, improv/step: 0.500 (last = 0.0000), fitness=0.699435589
7370.94 secs, 56 evals, 31 steps, improv/step: 0.516 (last = 1.0000), fitness=0.699435589
7566.31 secs, 58 evals, 32 steps, improv/step: 0.531 (last = 1.0000), fitness=0.699435589
7854.39 secs, 60 evals, 33 steps, improv/step: 0.515 (last = 0.0000), fitness=0.699435589
7914.10 secs, 61 evals, 34 steps, improv/step: 0.500 (last = 0.0000), fitness=0.699435589
7955.64 secs, 62 evals, 35 steps, improv/step: 0.486 (last = 0.0000), fitness=0.699435589
8245.12 secs, 64 evals, 36 steps, improv/step: 0.500 (last = 1.0000), fitness=0.699435589
8454.47 secs, 66 evals, 37 steps, improv/step: 0.514 (last = 1.0000), fitness=0.699435589
8535.76 secs, 67 evals, 38 steps, improv/step: 0.526 (last = 1.0000), fitness=0.699435589
8819.42 secs, 69 evals, 39 steps, improv/step: 0.538 (last = 1.0000), fitness=0.699435589
8904.37 secs, 70 evals, 40 steps, improv/step: 0.525 (last = 0.0000), fitness=0.699435589
9041.62 secs, 71 evals, 41 steps, improv/step: 0.512 (last = 0.0000), fitness=0.699435589
9294.75 secs, 73 evals, 42 steps, improv/step: 0.500 (last = 0.0000), fitness=0.699435589
9481.11 secs, 75 evals, 43 steps, improv/step: 0.488 (last = 0.0000), fitness=0.699435589
9609.93 secs, 76 evals, 44 steps, improv/step: 0.477 (last = 0.0000), fitness=0.699435589
9898.48 secs, 78 evals, 45 steps, improv/step: 0.489 (last = 1.0000), fitness=0.699435589
10072.42 secs, 80 evals, 46 steps, improv/step: 0.478 (last = 0.0000), fitness=0.699435589
10325.59 secs, 82 evals, 47 steps, improv/step: 0.489 (last = 1.0000), fitness=0.699435589
10509.96 secs, 84 evals, 48 steps, improv/step: 0.479 (last = 0.0000), fitness=0.699435589
10664.90 secs, 85 evals, 49 steps, improv/step: 0.469 (last = 0.0000), fitness=0.699435589

Optimization stopped after 50 steps and 10802.19 seconds
Termination reason: Max time (10800.0 s) reached
Steps per second = 0.00
Function evals per second = 0.01
Improvements/step = Inf
Total function evaluations = 87


Best candidate found: [0.170625, 0.895239]

Fitness: 0.699435589

