N_Jobs_Total: 144
Starting optimization with optimizer DiffEvoOpt{FitPopulation{Float64}, RadiusLimitedSelector, BlackBoxOptim.AdaptiveDiffEvoRandBin{3}, RandomBound{ContinuousRectSearchSpace}}
0.00 secs, 0 evals, 0 steps
288.76 secs, 2 evals, 1 steps, fitness=0.912750210
721.93 secs, 4 evals, 2 steps, fitness=0.912750210
1180.37 secs, 6 evals, 3 steps, fitness=0.912750210
1559.74 secs, 8 evals, 4 steps, improv/step: 0.250 (last = 1.0000), fitness=0.912750210
1986.27 secs, 10 evals, 5 steps, improv/step: 0.400 (last = 1.0000), fitness=0.912750210
2325.35 secs, 12 evals, 6 steps, improv/step: 0.500 (last = 1.0000), fitness=0.912750210
2727.25 secs, 14 evals, 7 steps, improv/step: 0.429 (last = 0.0000), fitness=0.912750210
2974.22 secs, 16 evals, 8 steps, improv/step: 0.500 (last = 1.0000), fitness=0.912750210
3401.14 secs, 18 evals, 9 steps, improv/step: 0.556 (last = 1.0000), fitness=0.912750210
3804.36 secs, 20 evals, 10 steps, improv/step: 0.600 (last = 1.0000), fitness=0.912750210
4017.26 secs, 22 evals, 11 steps, improv/step: 0.636 (last = 1.0000), fitness=0.912750210
4076.74 secs, 23 evals, 12 steps, improv/step: 0.583 (last = 0.0000), fitness=0.912750210
4264.95 secs, 24 evals, 13 steps, improv/step: 0.538 (last = 0.0000), fitness=0.912750210
4625.90 secs, 26 evals, 14 steps, improv/step: 0.500 (last = 0.0000), fitness=0.912750210
4819.71 secs, 28 evals, 15 steps, improv/step: 0.467 (last = 0.0000), fitness=0.912750210
5052.50 secs, 30 evals, 16 steps, improv/step: 0.438 (last = 0.0000), fitness=0.912750210
5451.58 secs, 32 evals, 17 steps, improv/step: 0.471 (last = 1.0000), fitness=0.912750210
5857.11 secs, 34 evals, 18 steps, improv/step: 0.500 (last = 1.0000), fitness=0.912750210
6184.05 secs, 36 evals, 19 steps, improv/step: 0.474 (last = 0.0000), fitness=0.912750210
6550.58 secs, 38 evals, 20 steps, improv/step: 0.500 (last = 1.0000), fitness=0.912750210
6718.55 secs, 39 evals, 21 steps, improv/step: 0.476 (last = 0.0000), fitness=0.912750210
7128.53 secs, 41 evals, 22 steps, improv/step: 0.500 (last = 1.0000), fitness=0.912750210
7397.09 secs, 43 evals, 23 steps, improv/step: 0.478 (last = 0.0000), fitness=0.912750210
7540.23 secs, 44 evals, 24 steps, improv/step: 0.500 (last = 1.0000), fitness=0.912750210
7726.73 secs, 46 evals, 25 steps, improv/step: 0.480 (last = 0.0000), fitness=0.912750210
8092.10 secs, 48 evals, 26 steps, improv/step: 0.462 (last = 0.0000), fitness=0.912750210
8394.16 secs, 50 evals, 27 steps, improv/step: 0.444 (last = 0.0000), fitness=0.912750210
8781.49 secs, 52 evals, 28 steps, improv/step: 0.429 (last = 0.0000), fitness=0.912750210
9163.10 secs, 54 evals, 29 steps, improv/step: 0.414 (last = 0.0000), fitness=0.912750210
9503.61 secs, 56 evals, 30 steps, improv/step: 0.400 (last = 0.0000), fitness=0.912750210
9764.26 secs, 58 evals, 31 steps, improv/step: 0.387 (last = 0.0000), fitness=0.912750210
9881.91 secs, 60 evals, 32 steps, improv/step: 0.375 (last = 0.0000), fitness=0.912750210
10210.04 secs, 62 evals, 33 steps, improv/step: 0.394 (last = 1.0000), fitness=0.912750210
10578.44 secs, 64 evals, 34 steps, improv/step: 0.382 (last = 0.0000), fitness=0.912750210

Optimization stopped after 35 steps and 10940.31 seconds
Termination reason: Max time (10800.0 s) reached
Steps per second = 0.00
Function evals per second = 0.01
Improvements/step = Inf
Total function evaluations = 66


Best candidate found: [0.12607, 0.872039]

Fitness: 0.912750210

