N_Jobs_Total: 144
Starting optimization with optimizer DiffEvoOpt{FitPopulation{Float64}, RadiusLimitedSelector, BlackBoxOptim.AdaptiveDiffEvoRandBin{3}, RandomBound{ContinuousRectSearchSpace}}
0.00 secs, 0 evals, 0 steps
26.98 secs, 2 evals, 1 steps, improv/step: 1.000 (last = 1.0000), fitness=3.617962650
54.44 secs, 4 evals, 2 steps, improv/step: 1.000 (last = 1.0000), fitness=3.617962650
64.03 secs, 6 evals, 3 steps, improv/step: 0.667 (last = 0.0000), fitness=3.617962650
82.29 secs, 8 evals, 4 steps, improv/step: 0.750 (last = 1.0000), fitness=3.617962650
109.32 secs, 10 evals, 5 steps, improv/step: 0.600 (last = 0.0000), fitness=3.617962650
136.36 secs, 12 evals, 6 steps, improv/step: 0.500 (last = 0.0000), fitness=3.617962650
164.25 secs, 14 evals, 7 steps, improv/step: 0.429 (last = 0.0000), fitness=3.617962650
191.59 secs, 16 evals, 8 steps, improv/step: 0.500 (last = 1.0000), fitness=3.617962650
219.17 secs, 18 evals, 9 steps, improv/step: 0.556 (last = 1.0000), fitness=3.617962650
243.47 secs, 20 evals, 10 steps, improv/step: 0.600 (last = 1.0000), fitness=3.617962650
271.42 secs, 22 evals, 11 steps, improv/step: 0.636 (last = 1.0000), fitness=3.617962650
296.22 secs, 24 evals, 12 steps, improv/step: 0.583 (last = 0.0000), fitness=3.617962650
314.30 secs, 26 evals, 13 steps, improv/step: 0.538 (last = 0.0000), fitness=3.617962650
329.04 secs, 28 evals, 14 steps, improv/step: 0.500 (last = 0.0000), fitness=3.617962650
356.19 secs, 30 evals, 15 steps, improv/step: 0.467 (last = 0.0000), fitness=3.617962650
384.29 secs, 32 evals, 16 steps, improv/step: 0.500 (last = 1.0000), fitness=3.617962650
389.60 secs, 33 evals, 17 steps, improv/step: 0.471 (last = 0.0000), fitness=3.617962650
416.50 secs, 35 evals, 18 steps, improv/step: 0.444 (last = 0.0000), fitness=3.617962650
434.38 secs, 37 evals, 19 steps, improv/step: 0.474 (last = 1.0000), fitness=3.617962650
448.46 secs, 38 evals, 20 steps, improv/step: 0.450 (last = 0.0000), fitness=3.617962650
475.44 secs, 40 evals, 21 steps, improv/step: 0.476 (last = 1.0000), fitness=3.617962650
501.24 secs, 42 evals, 22 steps, improv/step: 0.455 (last = 0.0000), fitness=3.617962650
529.09 secs, 44 evals, 23 steps, improv/step: 0.435 (last = 0.0000), fitness=3.617962650
542.96 secs, 45 evals, 24 steps, improv/step: 0.417 (last = 0.0000), fitness=3.617962650
561.05 secs, 47 evals, 25 steps, improv/step: 0.400 (last = 0.0000), fitness=3.298464773
588.41 secs, 49 evals, 26 steps, improv/step: 0.385 (last = 0.0000), fitness=3.298464773
616.01 secs, 51 evals, 27 steps, improv/step: 0.370 (last = 0.0000), fitness=3.298464773
630.00 secs, 52 evals, 28 steps, improv/step: 0.357 (last = 0.0000), fitness=3.298464773
649.08 secs, 54 evals, 29 steps, improv/step: 0.345 (last = 0.0000), fitness=3.298464773
675.64 secs, 56 evals, 30 steps, improv/step: 0.367 (last = 1.0000), fitness=3.298464773
700.94 secs, 58 evals, 31 steps, improv/step: 0.355 (last = 0.0000), fitness=3.298464773
729.17 secs, 60 evals, 32 steps, improv/step: 0.375 (last = 1.0000), fitness=3.298464773
757.22 secs, 62 evals, 33 steps, improv/step: 0.394 (last = 1.0000), fitness=3.298464773
762.75 secs, 63 evals, 34 steps, improv/step: 0.382 (last = 0.0000), fitness=3.298464773
790.68 secs, 65 evals, 35 steps, improv/step: 0.400 (last = 1.0000), fitness=3.298464773
810.35 secs, 67 evals, 36 steps, improv/step: 0.389 (last = 0.0000), fitness=3.298464773
836.14 secs, 69 evals, 37 steps, improv/step: 0.378 (last = 0.0000), fitness=3.298464773
863.94 secs, 71 evals, 38 steps, improv/step: 0.368 (last = 0.0000), fitness=3.298464773
877.66 secs, 72 evals, 39 steps, improv/step: 0.385 (last = 1.0000), fitness=3.298464773
900.02 secs, 74 evals, 40 steps, improv/step: 0.375 (last = 0.0000), fitness=3.298464773
913.20 secs, 75 evals, 41 steps, improv/step: 0.366 (last = 0.0000), fitness=3.298464773
938.95 secs, 77 evals, 42 steps, improv/step: 0.381 (last = 1.0000), fitness=3.298464773
964.44 secs, 79 evals, 43 steps, improv/step: 0.372 (last = 0.0000), fitness=3.298464773
992.26 secs, 81 evals, 44 steps, improv/step: 0.364 (last = 0.0000), fitness=3.298464773
1019.34 secs, 83 evals, 45 steps, improv/step: 0.356 (last = 0.0000), fitness=3.298464773
1044.08 secs, 85 evals, 46 steps, improv/step: 0.348 (last = 0.0000), fitness=3.298464773
1071.61 secs, 87 evals, 47 steps, improv/step: 0.362 (last = 1.0000), fitness=3.298464773
1085.60 secs, 88 evals, 48 steps, improv/step: 0.354 (last = 0.0000), fitness=3.298464773
1112.94 secs, 90 evals, 49 steps, improv/step: 0.347 (last = 0.0000), fitness=3.298464773
1140.98 secs, 92 evals, 50 steps, improv/step: 0.360 (last = 1.0000), fitness=3.298464773
1167.08 secs, 94 evals, 51 steps, improv/step: 0.373 (last = 1.0000), fitness=3.298464773
1194.25 secs, 96 evals, 52 steps, improv/step: 0.365 (last = 0.0000), fitness=3.298464773
1218.21 secs, 98 evals, 53 steps, improv/step: 0.358 (last = 0.0000), fitness=3.298464773
1242.65 secs, 100 evals, 54 steps, improv/step: 0.352 (last = 0.0000), fitness=3.298464773
1255.43 secs, 101 evals, 55 steps, improv/step: 0.364 (last = 1.0000), fitness=3.298464773
1266.70 secs, 102 evals, 56 steps, improv/step: 0.357 (last = 0.0000), fitness=3.298464773
1294.61 secs, 104 evals, 57 steps, improv/step: 0.351 (last = 0.0000), fitness=3.298464773
1322.10 secs, 106 evals, 58 steps, improv/step: 0.362 (last = 1.0000), fitness=3.298464773
1349.78 secs, 108 evals, 59 steps, improv/step: 0.373 (last = 1.0000), fitness=3.298464773
1376.53 secs, 110 evals, 60 steps, improv/step: 0.383 (last = 1.0000), fitness=3.298464773
1398.81 secs, 112 evals, 61 steps, improv/step: 0.377 (last = 0.0000), fitness=3.298464773
1412.96 secs, 113 evals, 62 steps, improv/step: 0.371 (last = 0.0000), fitness=3.298464773
1426.95 secs, 114 evals, 63 steps, improv/step: 0.365 (last = 0.0000), fitness=3.298464773
1440.37 secs, 115 evals, 64 steps, improv/step: 0.375 (last = 1.0000), fitness=3.298464773
1466.14 secs, 117 evals, 65 steps, improv/step: 0.385 (last = 1.0000), fitness=3.298464773
1493.83 secs, 119 evals, 66 steps, improv/step: 0.379 (last = 0.0000), fitness=3.298464773
1521.22 secs, 121 evals, 67 steps, improv/step: 0.373 (last = 0.0000), fitness=3.298464773
1545.80 secs, 123 evals, 68 steps, improv/step: 0.382 (last = 1.0000), fitness=3.298464773
1557.84 secs, 124 evals, 69 steps, improv/step: 0.391 (last = 1.0000), fitness=1.862688568
1566.47 secs, 125 evals, 70 steps, improv/step: 0.386 (last = 0.0000), fitness=1.862688568
1587.40 secs, 127 evals, 71 steps, improv/step: 0.380 (last = 0.0000), fitness=1.862688568
1597.47 secs, 128 evals, 72 steps, improv/step: 0.375 (last = 0.0000), fitness=1.862688568
1611.27 secs, 129 evals, 73 steps, improv/step: 0.370 (last = 0.0000), fitness=1.862688568
1624.48 secs, 130 evals, 74 steps, improv/step: 0.378 (last = 1.0000), fitness=1.862688568
1633.62 secs, 132 evals, 75 steps, improv/step: 0.373 (last = 0.0000), fitness=1.862688568
1660.98 secs, 134 evals, 76 steps, improv/step: 0.382 (last = 1.0000), fitness=1.862688568
1688.42 secs, 136 evals, 77 steps, improv/step: 0.377 (last = 0.0000), fitness=1.862688568
1700.55 secs, 137 evals, 78 steps, improv/step: 0.372 (last = 0.0000), fitness=1.862688568
1714.21 secs, 138 evals, 79 steps, improv/step: 0.380 (last = 1.0000), fitness=1.862688568
1728.03 secs, 139 evals, 80 steps, improv/step: 0.375 (last = 0.0000), fitness=1.862688568
1756.32 secs, 141 evals, 81 steps, improv/step: 0.370 (last = 0.0000), fitness=1.862688568
1769.79 secs, 142 evals, 82 steps, improv/step: 0.366 (last = 0.0000), fitness=1.862688568
1796.90 secs, 144 evals, 83 steps, improv/step: 0.361 (last = 0.0000), fitness=1.862688568
1810.33 secs, 145 evals, 84 steps, improv/step: 0.369 (last = 1.0000), fitness=1.862688568
1827.35 secs, 147 evals, 85 steps, improv/step: 0.376 (last = 1.0000), fitness=1.862688568
1853.85 secs, 149 evals, 86 steps, improv/step: 0.372 (last = 0.0000), fitness=1.862688568
1878.64 secs, 151 evals, 87 steps, improv/step: 0.379 (last = 1.0000), fitness=1.862688568
1905.26 secs, 153 evals, 88 steps, improv/step: 0.375 (last = 0.0000), fitness=1.862688568
1932.70 secs, 155 evals, 89 steps, improv/step: 0.382 (last = 1.0000), fitness=1.862688568
1958.77 secs, 157 evals, 90 steps, improv/step: 0.378 (last = 0.0000), fitness=1.862688568
1963.65 secs, 158 evals, 91 steps, improv/step: 0.374 (last = 0.0000), fitness=1.862688568
1977.56 secs, 159 evals, 92 steps, improv/step: 0.370 (last = 0.0000), fitness=1.862688568
1990.62 secs, 160 evals, 93 steps, improv/step: 0.366 (last = 0.0000), fitness=1.862688568
2016.00 secs, 162 evals, 94 steps, improv/step: 0.362 (last = 0.0000), fitness=1.862688568
2041.02 secs, 164 evals, 95 steps, improv/step: 0.358 (last = 0.0000), fitness=1.862688568
2053.18 secs, 165 evals, 96 steps, improv/step: 0.365 (last = 1.0000), fitness=1.862688568
2067.26 secs, 166 evals, 97 steps, improv/step: 0.361 (last = 0.0000), fitness=1.862688568
2093.93 secs, 168 evals, 98 steps, improv/step: 0.357 (last = 0.0000), fitness=1.862688568
2103.44 secs, 169 evals, 99 steps, improv/step: 0.354 (last = 0.0000), fitness=1.862688568
2116.34 secs, 170 evals, 100 steps, improv/step: 0.360 (last = 1.0000), fitness=1.862688568
2130.05 secs, 171 evals, 101 steps, improv/step: 0.356 (last = 0.0000), fitness=1.862688568
2143.45 secs, 172 evals, 102 steps, improv/step: 0.353 (last = 0.0000), fitness=1.862688568
2169.51 secs, 174 evals, 103 steps, improv/step: 0.359 (last = 1.0000), fitness=1.862688568
2191.87 secs, 176 evals, 104 steps, improv/step: 0.356 (last = 0.0000), fitness=1.862688568
2205.32 secs, 177 evals, 105 steps, improv/step: 0.352 (last = 0.0000), fitness=1.862688568
2219.04 secs, 178 evals, 106 steps, improv/step: 0.349 (last = 0.0000), fitness=1.862688568
2232.17 secs, 179 evals, 107 steps, improv/step: 0.355 (last = 1.0000), fitness=1.862688568
2237.29 secs, 180 evals, 108 steps, improv/step: 0.352 (last = 0.0000), fitness=1.862688568
2251.11 secs, 181 evals, 109 steps, improv/step: 0.349 (last = 0.0000), fitness=1.862688568
2265.84 secs, 183 evals, 110 steps, improv/step: 0.355 (last = 1.0000), fitness=1.862688568
2292.00 secs, 185 evals, 111 steps, improv/step: 0.360 (last = 1.0000), fitness=1.862688568
2316.53 secs, 187 evals, 112 steps, improv/step: 0.357 (last = 0.0000), fitness=1.862688568
2322.43 secs, 188 evals, 113 steps, improv/step: 0.354 (last = 0.0000), fitness=1.862688568
2336.40 secs, 189 evals, 114 steps, improv/step: 0.351 (last = 0.0000), fitness=1.862688568
2349.27 secs, 190 evals, 115 steps, improv/step: 0.357 (last = 1.0000), fitness=1.862688568
2362.61 secs, 191 evals, 116 steps, improv/step: 0.353 (last = 0.0000), fitness=1.862688568
2389.81 secs, 193 evals, 117 steps, improv/step: 0.359 (last = 1.0000), fitness=1.862688568
2402.92 secs, 194 evals, 118 steps, improv/step: 0.364 (last = 1.0000), fitness=1.862688568
2421.76 secs, 196 evals, 119 steps, improv/step: 0.361 (last = 0.0000), fitness=1.862688568
2435.44 secs, 197 evals, 120 steps, improv/step: 0.358 (last = 0.0000), fitness=1.862688568
2446.96 secs, 198 evals, 121 steps, improv/step: 0.355 (last = 0.0000), fitness=1.862688568
2474.15 secs, 200 evals, 122 steps, improv/step: 0.361 (last = 1.0000), fitness=1.862688568
2502.20 secs, 202 evals, 123 steps, improv/step: 0.358 (last = 0.0000), fitness=1.862688568
2516.27 secs, 203 evals, 124 steps, improv/step: 0.355 (last = 0.0000), fitness=1.862688568
2529.95 secs, 204 evals, 125 steps, improv/step: 0.352 (last = 0.0000), fitness=1.862688568
2554.49 secs, 206 evals, 126 steps, improv/step: 0.357 (last = 1.0000), fitness=1.862688568
2565.52 secs, 207 evals, 127 steps, improv/step: 0.362 (last = 1.0000), fitness=1.862688568
2577.05 secs, 208 evals, 128 steps, improv/step: 0.359 (last = 0.0000), fitness=1.862688568
2587.83 secs, 209 evals, 129 steps, improv/step: 0.357 (last = 0.0000), fitness=1.862688568
2612.94 secs, 211 evals, 130 steps, improv/step: 0.362 (last = 1.0000), fitness=1.862688568
2636.85 secs, 213 evals, 131 steps, improv/step: 0.359 (last = 0.0000), fitness=1.862688568
2649.25 secs, 214 evals, 132 steps, improv/step: 0.364 (last = 1.0000), fitness=1.862688568
2663.32 secs, 215 evals, 133 steps, improv/step: 0.361 (last = 0.0000), fitness=1.862688568
2677.27 secs, 216 evals, 134 steps, improv/step: 0.358 (last = 0.0000), fitness=1.862688568
2700.68 secs, 218 evals, 135 steps, improv/step: 0.356 (last = 0.0000), fitness=1.862688568
2714.69 secs, 219 evals, 136 steps, improv/step: 0.353 (last = 0.0000), fitness=1.862688568
2738.56 secs, 221 evals, 137 steps, improv/step: 0.350 (last = 0.0000), fitness=1.862688568
2764.51 secs, 223 evals, 138 steps, improv/step: 0.355 (last = 1.0000), fitness=1.862688568
2776.97 secs, 224 evals, 139 steps, improv/step: 0.353 (last = 0.0000), fitness=1.862688568
2786.98 secs, 225 evals, 140 steps, improv/step: 0.357 (last = 1.0000), fitness=1.862688568
2812.20 secs, 227 evals, 141 steps, improv/step: 0.355 (last = 0.0000), fitness=1.862688568
2820.05 secs, 228 evals, 142 steps, improv/step: 0.352 (last = 0.0000), fitness=1.862688568
2828.14 secs, 229 evals, 143 steps, improv/step: 0.350 (last = 0.0000), fitness=1.862688568
2839.82 secs, 230 evals, 144 steps, improv/step: 0.347 (last = 0.0000), fitness=1.862688568
2855.20 secs, 232 evals, 145 steps, improv/step: 0.345 (last = 0.0000), fitness=1.862688568
2869.09 secs, 233 evals, 146 steps, improv/step: 0.342 (last = 0.0000), fitness=1.862688568
2882.61 secs, 234 evals, 147 steps, improv/step: 0.340 (last = 0.0000), fitness=1.862688568
2910.06 secs, 236 evals, 148 steps, improv/step: 0.345 (last = 1.0000), fitness=1.862688568
2919.06 secs, 237 evals, 149 steps, improv/step: 0.349 (last = 1.0000), fitness=1.862688568
2932.94 secs, 238 evals, 150 steps, improv/step: 0.347 (last = 0.0000), fitness=1.862688568
2946.71 secs, 239 evals, 151 steps, improv/step: 0.344 (last = 0.0000), fitness=1.862688568
2955.69 secs, 240 evals, 152 steps, improv/step: 0.342 (last = 0.0000), fitness=1.862688568
2981.19 secs, 242 evals, 153 steps, improv/step: 0.346 (last = 1.0000), fitness=1.862688568
2990.70 secs, 243 evals, 154 steps, improv/step: 0.351 (last = 1.0000), fitness=1.862688568
3006.44 secs, 245 evals, 155 steps, improv/step: 0.355 (last = 1.0000), fitness=1.862688568
3030.29 secs, 247 evals, 156 steps, improv/step: 0.359 (last = 1.0000), fitness=1.862688568
3040.60 secs, 248 evals, 157 steps, improv/step: 0.357 (last = 0.0000), fitness=1.862688568
3067.28 secs, 250 evals, 158 steps, improv/step: 0.361 (last = 1.0000), fitness=1.862688568
3079.04 secs, 251 evals, 159 steps, improv/step: 0.358 (last = 0.0000), fitness=1.862688568
3089.46 secs, 252 evals, 160 steps, improv/step: 0.356 (last = 0.0000), fitness=1.862688568
3103.06 secs, 253 evals, 161 steps, improv/step: 0.354 (last = 0.0000), fitness=1.862688568
3116.56 secs, 254 evals, 162 steps, improv/step: 0.352 (last = 0.0000), fitness=1.862688568
3129.78 secs, 255 evals, 163 steps, improv/step: 0.350 (last = 0.0000), fitness=1.862688568
3155.40 secs, 257 evals, 164 steps, improv/step: 0.354 (last = 1.0000), fitness=1.862688568
3168.16 secs, 258 evals, 165 steps, improv/step: 0.352 (last = 0.0000), fitness=1.862688568
3178.96 secs, 259 evals, 166 steps, improv/step: 0.349 (last = 0.0000), fitness=1.862688568
3192.09 secs, 260 evals, 167 steps, improv/step: 0.353 (last = 1.0000), fitness=1.862688568
3204.01 secs, 261 evals, 168 steps, improv/step: 0.351 (last = 0.0000), fitness=1.862688568
3229.69 secs, 263 evals, 169 steps, improv/step: 0.349 (last = 0.0000), fitness=1.862688568
3238.17 secs, 264 evals, 170 steps, improv/step: 0.347 (last = 0.0000), fitness=1.862688568
3259.41 secs, 266 evals, 171 steps, improv/step: 0.345 (last = 0.0000), fitness=1.862688568
3286.53 secs, 268 evals, 172 steps, improv/step: 0.349 (last = 1.0000), fitness=1.862688568
3300.15 secs, 269 evals, 173 steps, improv/step: 0.347 (last = 0.0000), fitness=1.862688568
3311.83 secs, 270 evals, 174 steps, improv/step: 0.351 (last = 1.0000), fitness=1.862688568
3324.28 secs, 271 evals, 175 steps, improv/step: 0.354 (last = 1.0000), fitness=1.862688568
3335.04 secs, 272 evals, 176 steps, improv/step: 0.352 (last = 0.0000), fitness=1.862688568
3347.63 secs, 273 evals, 177 steps, improv/step: 0.356 (last = 1.0000), fitness=1.862688568
3361.23 secs, 274 evals, 178 steps, improv/step: 0.354 (last = 0.0000), fitness=1.862688568
3375.19 secs, 275 evals, 179 steps, improv/step: 0.352 (last = 0.0000), fitness=1.862688568
3385.45 secs, 276 evals, 180 steps, improv/step: 0.350 (last = 0.0000), fitness=1.862688568
3396.03 secs, 277 evals, 181 steps, improv/step: 0.348 (last = 0.0000), fitness=1.862688568
3401.51 secs, 278 evals, 182 steps, improv/step: 0.346 (last = 0.0000), fitness=1.862688568
3407.84 secs, 279 evals, 183 steps, improv/step: 0.344 (last = 0.0000), fitness=1.862688568
3421.42 secs, 280 evals, 184 steps, improv/step: 0.342 (last = 0.0000), fitness=1.862688568
3434.27 secs, 281 evals, 185 steps, improv/step: 0.346 (last = 1.0000), fitness=1.862688568
3447.67 secs, 282 evals, 186 steps, improv/step: 0.349 (last = 1.0000), fitness=1.862688568
3461.27 secs, 283 evals, 187 steps, improv/step: 0.348 (last = 0.0000), fitness=1.862688568
3472.17 secs, 284 evals, 188 steps, improv/step: 0.351 (last = 1.0000), fitness=1.862688568
3485.01 secs, 285 evals, 189 steps, improv/step: 0.349 (last = 0.0000), fitness=1.862688568
3497.44 secs, 286 evals, 190 steps, improv/step: 0.347 (last = 0.0000), fitness=1.862688568
3511.06 secs, 287 evals, 191 steps, improv/step: 0.346 (last = 0.0000), fitness=1.862688568
3521.26 secs, 288 evals, 192 steps, improv/step: 0.344 (last = 0.0000), fitness=1.862688568
3533.08 secs, 289 evals, 193 steps, improv/step: 0.342 (last = 0.0000), fitness=1.862688568
3547.05 secs, 290 evals, 194 steps, improv/step: 0.340 (last = 0.0000), fitness=1.862688568
3559.75 secs, 291 evals, 195 steps, improv/step: 0.338 (last = 0.0000), fitness=1.862688568
3583.14 secs, 293 evals, 196 steps, improv/step: 0.342 (last = 1.0000), fitness=1.862688568
3595.41 secs, 294 evals, 197 steps, improv/step: 0.345 (last = 1.0000), fitness=1.862688568
3608.53 secs, 295 evals, 198 steps, improv/step: 0.343 (last = 0.0000), fitness=1.862688568
3619.64 secs, 296 evals, 199 steps, improv/step: 0.342 (last = 0.0000), fitness=1.862688568
3630.85 secs, 297 evals, 200 steps, improv/step: 0.345 (last = 1.0000), fitness=1.862688568
3644.15 secs, 298 evals, 201 steps, improv/step: 0.343 (last = 0.0000), fitness=1.862688568
3657.51 secs, 299 evals, 202 steps, improv/step: 0.342 (last = 0.0000), fitness=1.862688568
3670.44 secs, 300 evals, 203 steps, improv/step: 0.345 (last = 1.0000), fitness=1.862688568
3683.32 secs, 301 evals, 204 steps, improv/step: 0.343 (last = 0.0000), fitness=1.862688568
3702.94 secs, 303 evals, 205 steps, improv/step: 0.341 (last = 0.0000), fitness=1.862688568
3713.47 secs, 304 evals, 206 steps, improv/step: 0.340 (last = 0.0000), fitness=1.862688568
3726.20 secs, 305 evals, 207 steps, improv/step: 0.343 (last = 1.0000), fitness=1.862688568
3738.27 secs, 306 evals, 208 steps, improv/step: 0.341 (last = 0.0000), fitness=1.862688568
3750.29 secs, 307 evals, 209 steps, improv/step: 0.344 (last = 1.0000), fitness=1.862688568
3763.15 secs, 308 evals, 210 steps, improv/step: 0.343 (last = 0.0000), fitness=1.862688568
3773.05 secs, 309 evals, 211 steps, improv/step: 0.346 (last = 1.0000), fitness=1.862688568
3784.19 secs, 310 evals, 212 steps, improv/step: 0.344 (last = 0.0000), fitness=1.862688568
3797.07 secs, 311 evals, 213 steps, improv/step: 0.347 (last = 1.0000), fitness=1.862688568
3808.10 secs, 312 evals, 214 steps, improv/step: 0.350 (last = 1.0000), fitness=1.862688568
3819.28 secs, 313 evals, 215 steps, improv/step: 0.349 (last = 0.0000), fitness=1.862688568
3831.98 secs, 314 evals, 216 steps, improv/step: 0.347 (last = 0.0000), fitness=1.862688568
3845.81 secs, 315 evals, 217 steps, improv/step: 0.346 (last = 0.0000), fitness=1.862688568
3859.41 secs, 316 evals, 218 steps, improv/step: 0.344 (last = 0.0000), fitness=1.862688568
3873.10 secs, 317 evals, 219 steps, improv/step: 0.342 (last = 0.0000), fitness=1.862688568
3884.67 secs, 318 evals, 220 steps, improv/step: 0.345 (last = 1.0000), fitness=1.862688568
3896.24 secs, 319 evals, 221 steps, improv/step: 0.348 (last = 1.0000), fitness=1.862688568
3909.13 secs, 320 evals, 222 steps, improv/step: 0.351 (last = 1.0000), fitness=1.862688568
3921.95 secs, 321 evals, 223 steps, improv/step: 0.354 (last = 1.0000), fitness=1.862688568
3934.07 secs, 322 evals, 224 steps, improv/step: 0.353 (last = 0.0000), fitness=1.862688568
3946.75 secs, 323 evals, 225 steps, improv/step: 0.356 (last = 1.0000), fitness=1.862688568
3959.26 secs, 324 evals, 226 steps, improv/step: 0.354 (last = 0.0000), fitness=1.862688568
3965.30 secs, 325 evals, 227 steps, improv/step: 0.352 (last = 0.0000), fitness=1.862688568
3989.81 secs, 327 evals, 228 steps, improv/step: 0.355 (last = 1.0000), fitness=1.862688568
3999.33 secs, 328 evals, 229 steps, improv/step: 0.354 (last = 0.0000), fitness=1.862688568
4024.41 secs, 330 evals, 230 steps, improv/step: 0.352 (last = 0.0000), fitness=1.862688568
4037.57 secs, 331 evals, 231 steps, improv/step: 0.355 (last = 1.0000), fitness=1.862688568
4050.08 secs, 332 evals, 232 steps, improv/step: 0.358 (last = 1.0000), fitness=1.862688568
4061.66 secs, 333 evals, 233 steps, improv/step: 0.361 (last = 1.0000), fitness=1.862688568
4085.04 secs, 335 evals, 234 steps, improv/step: 0.359 (last = 0.0000), fitness=1.862688568
4095.92 secs, 336 evals, 235 steps, improv/step: 0.357 (last = 0.0000), fitness=1.862688568
4108.54 secs, 337 evals, 236 steps, improv/step: 0.360 (last = 1.0000), fitness=1.862688568
4118.89 secs, 338 evals, 237 steps, improv/step: 0.359 (last = 0.0000), fitness=1.862688568
4131.32 secs, 339 evals, 238 steps, improv/step: 0.361 (last = 1.0000), fitness=1.862688568
4139.37 secs, 340 evals, 239 steps, improv/step: 0.360 (last = 0.0000), fitness=1.862688568
4152.28 secs, 341 evals, 240 steps, improv/step: 0.358 (last = 0.0000), fitness=1.862688568
4164.46 secs, 342 evals, 241 steps, improv/step: 0.357 (last = 0.0000), fitness=1.862688568
4177.28 secs, 343 evals, 242 steps, improv/step: 0.355 (last = 0.0000), fitness=1.862688568
4190.08 secs, 344 evals, 243 steps, improv/step: 0.354 (last = 0.0000), fitness=1.862688568
4203.20 secs, 345 evals, 244 steps, improv/step: 0.352 (last = 0.0000), fitness=1.862688568
4214.16 secs, 346 evals, 245 steps, improv/step: 0.351 (last = 0.0000), fitness=1.862688568
4226.56 secs, 347 evals, 246 steps, improv/step: 0.354 (last = 1.0000), fitness=1.862688568
4239.47 secs, 348 evals, 247 steps, improv/step: 0.352 (last = 0.0000), fitness=1.862688568
4252.31 secs, 349 evals, 248 steps, improv/step: 0.355 (last = 1.0000), fitness=1.862688568
4264.73 secs, 350 evals, 249 steps, improv/step: 0.353 (last = 0.0000), fitness=1.862688568
4277.60 secs, 351 evals, 250 steps, improv/step: 0.352 (last = 0.0000), fitness=1.862688568
4301.64 secs, 353 evals, 251 steps, improv/step: 0.355 (last = 1.0000), fitness=1.862688568
4314.29 secs, 354 evals, 252 steps, improv/step: 0.357 (last = 1.0000), fitness=1.862688568
4332.72 secs, 356 evals, 253 steps, improv/step: 0.356 (last = 0.0000), fitness=1.862688568
4346.46 secs, 357 evals, 254 steps, improv/step: 0.354 (last = 0.0000), fitness=1.862688568
4369.41 secs, 359 evals, 255 steps, improv/step: 0.357 (last = 1.0000), fitness=1.862688568
4377.97 secs, 360 evals, 256 steps, improv/step: 0.355 (last = 0.0000), fitness=1.862688568
4388.04 secs, 361 evals, 257 steps, improv/step: 0.358 (last = 1.0000), fitness=1.862688568
4400.37 secs, 362 evals, 258 steps, improv/step: 0.360 (last = 1.0000), fitness=1.862688568
4411.09 secs, 363 evals, 259 steps, improv/step: 0.359 (last = 0.0000), fitness=1.862688568
4422.89 secs, 364 evals, 260 steps, improv/step: 0.362 (last = 1.0000), fitness=1.862688568
4430.90 secs, 365 evals, 261 steps, improv/step: 0.360 (last = 0.0000), fitness=1.862688568
4444.04 secs, 366 evals, 262 steps, improv/step: 0.359 (last = 0.0000), fitness=1.862688568
4457.36 secs, 367 evals, 263 steps, improv/step: 0.357 (last = 0.0000), fitness=1.862688568
4470.26 secs, 368 evals, 264 steps, improv/step: 0.360 (last = 1.0000), fitness=1.862688568
4488.35 secs, 370 evals, 265 steps, improv/step: 0.358 (last = 0.0000), fitness=1.862688568
4501.53 secs, 371 evals, 266 steps, improv/step: 0.357 (last = 0.0000), fitness=1.862688568
4513.31 secs, 372 evals, 267 steps, improv/step: 0.360 (last = 1.0000), fitness=1.862688568
4526.94 secs, 373 evals, 268 steps, improv/step: 0.358 (last = 0.0000), fitness=1.862688568
4539.78 secs, 374 evals, 269 steps, improv/step: 0.357 (last = 0.0000), fitness=1.862688568
4553.29 secs, 375 evals, 270 steps, improv/step: 0.356 (last = 0.0000), fitness=1.862688568
4565.65 secs, 376 evals, 271 steps, improv/step: 0.354 (last = 0.0000), fitness=1.862688568
4576.43 secs, 377 evals, 272 steps, improv/step: 0.353 (last = 0.0000), fitness=1.862688568
4589.59 secs, 378 evals, 273 steps, improv/step: 0.352 (last = 0.0000), fitness=1.862688568
4603.05 secs, 379 evals, 274 steps, improv/step: 0.350 (last = 0.0000), fitness=1.862688568
4615.87 secs, 380 evals, 275 steps, improv/step: 0.349 (last = 0.0000), fitness=1.862688568
4628.90 secs, 381 evals, 276 steps, improv/step: 0.348 (last = 0.0000), fitness=1.862688568
4642.36 secs, 382 evals, 277 steps, improv/step: 0.347 (last = 0.0000), fitness=1.862688568
4654.94 secs, 383 evals, 278 steps, improv/step: 0.349 (last = 1.0000), fitness=1.862688568
4667.16 secs, 384 evals, 279 steps, improv/step: 0.348 (last = 0.0000), fitness=1.862688568
4679.35 secs, 385 evals, 280 steps, improv/step: 0.346 (last = 0.0000), fitness=1.862688568
4692.24 secs, 386 evals, 281 steps, improv/step: 0.345 (last = 0.0000), fitness=1.862688568
4704.53 secs, 387 evals, 282 steps, improv/step: 0.348 (last = 1.0000), fitness=1.862688568
4730.42 secs, 389 evals, 283 steps, improv/step: 0.346 (last = 0.0000), fitness=1.862688568
4744.39 secs, 390 evals, 284 steps, improv/step: 0.345 (last = 0.0000), fitness=1.862688568
4755.86 secs, 391 evals, 285 steps, improv/step: 0.344 (last = 0.0000), fitness=1.862688568
4766.27 secs, 392 evals, 286 steps, improv/step: 0.343 (last = 0.0000), fitness=1.862688568
4779.75 secs, 393 evals, 287 steps, improv/step: 0.341 (last = 0.0000), fitness=1.862688568
4788.64 secs, 394 evals, 288 steps, improv/step: 0.340 (last = 0.0000), fitness=1.862688568
4798.76 secs, 395 evals, 289 steps, improv/step: 0.339 (last = 0.0000), fitness=1.862688568
4811.11 secs, 396 evals, 290 steps, improv/step: 0.338 (last = 0.0000), fitness=1.862688568
4823.45 secs, 397 evals, 291 steps, improv/step: 0.337 (last = 0.0000), fitness=1.862688568
4844.75 secs, 399 evals, 292 steps, improv/step: 0.336 (last = 0.0000), fitness=1.862688568
4856.65 secs, 400 evals, 293 steps, improv/step: 0.338 (last = 1.0000), fitness=1.862688568
4880.88 secs, 402 evals, 294 steps, improv/step: 0.340 (last = 1.0000), fitness=1.862688568
4893.71 secs, 403 evals, 295 steps, improv/step: 0.339 (last = 0.0000), fitness=1.862688568
4905.85 secs, 404 evals, 296 steps, improv/step: 0.341 (last = 1.0000), fitness=1.862688568
4914.86 secs, 405 evals, 297 steps, improv/step: 0.340 (last = 0.0000), fitness=1.862688568
4925.51 secs, 406 evals, 298 steps, improv/step: 0.339 (last = 0.0000), fitness=1.862688568
4938.92 secs, 407 evals, 299 steps, improv/step: 0.338 (last = 0.0000), fitness=1.862688568
4951.30 secs, 408 evals, 300 steps, improv/step: 0.340 (last = 1.0000), fitness=1.862688568
4965.03 secs, 409 evals, 301 steps, improv/step: 0.339 (last = 0.0000), fitness=1.862688568
4976.68 secs, 410 evals, 302 steps, improv/step: 0.338 (last = 0.0000), fitness=1.862688568
4987.36 secs, 411 evals, 303 steps, improv/step: 0.337 (last = 0.0000), fitness=1.862688568
4997.33 secs, 412 evals, 304 steps, improv/step: 0.336 (last = 0.0000), fitness=1.862688568
5008.28 secs, 413 evals, 305 steps, improv/step: 0.334 (last = 0.0000), fitness=1.862688568
5020.24 secs, 414 evals, 306 steps, improv/step: 0.333 (last = 0.0000), fitness=1.862688568
5033.13 secs, 415 evals, 307 steps, improv/step: 0.332 (last = 0.0000), fitness=1.862688568
5045.79 secs, 416 evals, 308 steps, improv/step: 0.334 (last = 1.0000), fitness=1.862688568
5056.97 secs, 417 evals, 309 steps, improv/step: 0.333 (last = 0.0000), fitness=1.862688568
5067.54 secs, 418 evals, 310 steps, improv/step: 0.332 (last = 0.0000), fitness=1.862688568
5081.09 secs, 419 evals, 311 steps, improv/step: 0.331 (last = 0.0000), fitness=1.862688568
5094.89 secs, 420 evals, 312 steps, improv/step: 0.330 (last = 0.0000), fitness=1.862688568
5109.03 secs, 421 evals, 313 steps, improv/step: 0.329 (last = 0.0000), fitness=1.862688568
5121.83 secs, 422 evals, 314 steps, improv/step: 0.328 (last = 0.0000), fitness=1.862688568
5135.71 secs, 423 evals, 315 steps, improv/step: 0.327 (last = 0.0000), fitness=1.862688568
5144.46 secs, 424 evals, 316 steps, improv/step: 0.326 (last = 0.0000), fitness=1.862688568
5156.00 secs, 425 evals, 317 steps, improv/step: 0.328 (last = 1.0000), fitness=1.862688568
5167.53 secs, 426 evals, 318 steps, improv/step: 0.330 (last = 1.0000), fitness=1.862688568
5180.01 secs, 427 evals, 319 steps, improv/step: 0.332 (last = 1.0000), fitness=1.862688568
5192.34 secs, 428 evals, 320 steps, improv/step: 0.331 (last = 0.0000), fitness=1.862688568
5205.52 secs, 429 evals, 321 steps, improv/step: 0.330 (last = 0.0000), fitness=1.862688568
5218.29 secs, 430 evals, 322 steps, improv/step: 0.329 (last = 0.0000), fitness=1.862688568
5232.08 secs, 431 evals, 323 steps, improv/step: 0.328 (last = 0.0000), fitness=1.862688568
5240.63 secs, 432 evals, 324 steps, improv/step: 0.327 (last = 0.0000), fitness=1.862688568
5254.48 secs, 433 evals, 325 steps, improv/step: 0.326 (last = 0.0000), fitness=1.862688568
5266.82 secs, 434 evals, 326 steps, improv/step: 0.325 (last = 0.0000), fitness=1.862688568
5271.23 secs, 435 evals, 327 steps, improv/step: 0.324 (last = 0.0000), fitness=1.862688568
5281.79 secs, 436 evals, 328 steps, improv/step: 0.323 (last = 0.0000), fitness=1.862688568
5292.93 secs, 437 evals, 329 steps, improv/step: 0.322 (last = 0.0000), fitness=1.862688568
5303.44 secs, 438 evals, 330 steps, improv/step: 0.321 (last = 0.0000), fitness=1.862688568
5315.87 secs, 439 evals, 331 steps, improv/step: 0.323 (last = 1.0000), fitness=1.862688568
5326.45 secs, 440 evals, 332 steps, improv/step: 0.325 (last = 1.0000), fitness=1.862688568
5339.21 secs, 441 evals, 333 steps, improv/step: 0.327 (last = 1.0000), fitness=1.862688568
5352.10 secs, 442 evals, 334 steps, improv/step: 0.326 (last = 0.0000), fitness=1.862688568
5364.39 secs, 443 evals, 335 steps, improv/step: 0.328 (last = 1.0000), fitness=1.862688568
5375.86 secs, 444 evals, 336 steps, improv/step: 0.327 (last = 0.0000), fitness=1.862688568
5386.80 secs, 445 evals, 337 steps, improv/step: 0.326 (last = 0.0000), fitness=1.862688568
5398.58 secs, 446 evals, 338 steps, improv/step: 0.325 (last = 0.0000), fitness=1.862688568
5411.58 secs, 447 evals, 339 steps, improv/step: 0.324 (last = 0.0000), fitness=1.862688568
5425.06 secs, 448 evals, 340 steps, improv/step: 0.324 (last = 0.0000), fitness=1.862688568
5438.06 secs, 449 evals, 341 steps, improv/step: 0.323 (last = 0.0000), fitness=1.862688568
5450.05 secs, 450 evals, 342 steps, improv/step: 0.325 (last = 1.0000), fitness=1.862688568
5462.67 secs, 451 evals, 343 steps, improv/step: 0.324 (last = 0.0000), fitness=1.862688568
5482.83 secs, 453 evals, 344 steps, improv/step: 0.323 (last = 0.0000), fitness=1.862688568
5495.16 secs, 454 evals, 345 steps, improv/step: 0.325 (last = 1.0000), fitness=1.862688568
5507.60 secs, 455 evals, 346 steps, improv/step: 0.327 (last = 1.0000), fitness=1.862688568
5520.76 secs, 456 evals, 347 steps, improv/step: 0.326 (last = 0.0000), fitness=1.862688568
5534.26 secs, 457 evals, 348 steps, improv/step: 0.325 (last = 0.0000), fitness=1.862688568
5546.57 secs, 458 evals, 349 steps, improv/step: 0.324 (last = 0.0000), fitness=1.862688568
5558.37 secs, 459 evals, 350 steps, improv/step: 0.323 (last = 0.0000), fitness=1.862688568
5570.41 secs, 460 evals, 351 steps, improv/step: 0.322 (last = 0.0000), fitness=1.862688568
5584.43 secs, 461 evals, 352 steps, improv/step: 0.321 (last = 0.0000), fitness=1.862688568
5593.98 secs, 462 evals, 353 steps, improv/step: 0.320 (last = 0.0000), fitness=1.862688568
5607.53 secs, 463 evals, 354 steps, improv/step: 0.319 (last = 0.0000), fitness=1.862688568
5618.69 secs, 464 evals, 355 steps, improv/step: 0.318 (last = 0.0000), fitness=1.862688568
5630.35 secs, 465 evals, 356 steps, improv/step: 0.320 (last = 1.0000), fitness=1.862688568
5642.15 secs, 466 evals, 357 steps, improv/step: 0.322 (last = 1.0000), fitness=1.862688568
5653.21 secs, 467 evals, 358 steps, improv/step: 0.321 (last = 0.0000), fitness=1.862688568
5664.97 secs, 468 evals, 359 steps, improv/step: 0.323 (last = 1.0000), fitness=1.862688568
5675.60 secs, 469 evals, 360 steps, improv/step: 0.322 (last = 0.0000), fitness=1.862688568
5687.74 secs, 470 evals, 361 steps, improv/step: 0.324 (last = 1.0000), fitness=1.862688568
5699.80 secs, 471 evals, 362 steps, improv/step: 0.326 (last = 1.0000), fitness=1.862688568
5712.19 secs, 472 evals, 363 steps, improv/step: 0.325 (last = 0.0000), fitness=1.862688568
5722.53 secs, 473 evals, 364 steps, improv/step: 0.324 (last = 0.0000), fitness=1.862688568
5734.37 secs, 474 evals, 365 steps, improv/step: 0.326 (last = 1.0000), fitness=1.862688568
5746.91 secs, 475 evals, 366 steps, improv/step: 0.325 (last = 0.0000), fitness=1.862688568
5759.48 secs, 476 evals, 367 steps, improv/step: 0.324 (last = 0.0000), fitness=1.862688568
5771.78 secs, 477 evals, 368 steps, improv/step: 0.323 (last = 0.0000), fitness=1.862688568
5785.13 secs, 478 evals, 369 steps, improv/step: 0.322 (last = 0.0000), fitness=1.862688568
5809.54 secs, 480 evals, 370 steps, improv/step: 0.322 (last = 0.0000), fitness=1.862688568
5822.36 secs, 481 evals, 371 steps, improv/step: 0.321 (last = 0.0000), fitness=1.862688568
5835.19 secs, 482 evals, 372 steps, improv/step: 0.320 (last = 0.0000), fitness=1.862688568
5847.53 secs, 483 evals, 373 steps, improv/step: 0.322 (last = 1.0000), fitness=1.862688568
5860.99 secs, 484 evals, 374 steps, improv/step: 0.321 (last = 0.0000), fitness=1.862688568
5873.77 secs, 485 evals, 375 steps, improv/step: 0.320 (last = 0.0000), fitness=1.862688568
5887.11 secs, 486 evals, 376 steps, improv/step: 0.319 (last = 0.0000), fitness=1.862688568
5900.47 secs, 487 evals, 377 steps, improv/step: 0.318 (last = 0.0000), fitness=1.862688568
5912.78 secs, 488 evals, 378 steps, improv/step: 0.317 (last = 0.0000), fitness=1.862688568
5922.36 secs, 489 evals, 379 steps, improv/step: 0.317 (last = 0.0000), fitness=1.862688568
5935.34 secs, 490 evals, 380 steps, improv/step: 0.316 (last = 0.0000), fitness=1.862688568
5948.52 secs, 491 evals, 381 steps, improv/step: 0.315 (last = 0.0000), fitness=1.862688568
5961.65 secs, 492 evals, 382 steps, improv/step: 0.314 (last = 0.0000), fitness=1.862688568
5973.46 secs, 493 evals, 383 steps, improv/step: 0.316 (last = 1.0000), fitness=1.862688568
5985.55 secs, 494 evals, 384 steps, improv/step: 0.318 (last = 1.0000), fitness=1.862688568
5998.17 secs, 495 evals, 385 steps, improv/step: 0.317 (last = 0.0000), fitness=1.862688568
6010.95 secs, 496 evals, 386 steps, improv/step: 0.319 (last = 1.0000), fitness=1.862688568
6022.53 secs, 497 evals, 387 steps, improv/step: 0.318 (last = 0.0000), fitness=1.862688568
6033.69 secs, 498 evals, 388 steps, improv/step: 0.317 (last = 0.0000), fitness=1.862688568
6046.07 secs, 499 evals, 389 steps, improv/step: 0.319 (last = 1.0000), fitness=1.862688568
6057.09 secs, 500 evals, 390 steps, improv/step: 0.318 (last = 0.0000), fitness=1.862688568
6069.05 secs, 501 evals, 391 steps, improv/step: 0.317 (last = 0.0000), fitness=1.862688568
6082.07 secs, 502 evals, 392 steps, improv/step: 0.316 (last = 0.0000), fitness=1.862688568
6094.94 secs, 503 evals, 393 steps, improv/step: 0.316 (last = 0.0000), fitness=1.862688568
6104.82 secs, 504 evals, 394 steps, improv/step: 0.315 (last = 0.0000), fitness=1.862688568
6117.41 secs, 505 evals, 395 steps, improv/step: 0.316 (last = 1.0000), fitness=1.862688568
6129.48 secs, 506 evals, 396 steps, improv/step: 0.316 (last = 0.0000), fitness=1.862688568
6140.96 secs, 507 evals, 397 steps, improv/step: 0.315 (last = 0.0000), fitness=1.862688568
6153.62 secs, 508 evals, 398 steps, improv/step: 0.314 (last = 0.0000), fitness=1.862688568
6163.88 secs, 509 evals, 399 steps, improv/step: 0.316 (last = 1.0000), fitness=1.862688568
6176.89 secs, 510 evals, 400 steps, improv/step: 0.315 (last = 0.0000), fitness=1.862688568
6188.74 secs, 511 evals, 401 steps, improv/step: 0.317 (last = 1.0000), fitness=1.719214969
6200.05 secs, 512 evals, 402 steps, improv/step: 0.318 (last = 1.0000), fitness=1.719214969
6212.79 secs, 513 evals, 403 steps, improv/step: 0.318 (last = 0.0000), fitness=1.719214969
6226.09 secs, 514 evals, 404 steps, improv/step: 0.317 (last = 0.0000), fitness=1.719214969
6238.88 secs, 515 evals, 405 steps, improv/step: 0.316 (last = 0.0000), fitness=1.719214969
6249.15 secs, 516 evals, 406 steps, improv/step: 0.318 (last = 1.0000), fitness=1.719214969
6260.76 secs, 517 evals, 407 steps, improv/step: 0.319 (last = 1.0000), fitness=1.719214969
6270.81 secs, 518 evals, 408 steps, improv/step: 0.319 (last = 0.0000), fitness=1.719214969
6284.19 secs, 519 evals, 409 steps, improv/step: 0.318 (last = 0.0000), fitness=1.719214969
6297.31 secs, 520 evals, 410 steps, improv/step: 0.317 (last = 0.0000), fitness=1.719214969
6309.53 secs, 521 evals, 411 steps, improv/step: 0.319 (last = 1.0000), fitness=1.719214969
6322.22 secs, 522 evals, 412 steps, improv/step: 0.318 (last = 0.0000), fitness=1.719214969
6334.29 secs, 523 evals, 413 steps, improv/step: 0.320 (last = 1.0000), fitness=1.719214969
6344.59 secs, 524 evals, 414 steps, improv/step: 0.319 (last = 0.0000), fitness=1.719214969
6356.26 secs, 525 evals, 415 steps, improv/step: 0.320 (last = 1.0000), fitness=1.719214969
6376.57 secs, 527 evals, 416 steps, improv/step: 0.320 (last = 0.0000), fitness=1.719214969
6388.71 secs, 528 evals, 417 steps, improv/step: 0.319 (last = 0.0000), fitness=1.719214969
6400.32 secs, 529 evals, 418 steps, improv/step: 0.318 (last = 0.0000), fitness=1.719214969
6411.88 secs, 530 evals, 419 steps, improv/step: 0.320 (last = 1.0000), fitness=1.719214969
6424.00 secs, 531 evals, 420 steps, improv/step: 0.321 (last = 1.0000), fitness=1.719214969
6436.06 secs, 532 evals, 421 steps, improv/step: 0.323 (last = 1.0000), fitness=1.719214969
6448.12 secs, 533 evals, 422 steps, improv/step: 0.325 (last = 1.0000), fitness=1.719214969
6461.56 secs, 534 evals, 423 steps, improv/step: 0.324 (last = 0.0000), fitness=1.719214969
6473.87 secs, 535 evals, 424 steps, improv/step: 0.323 (last = 0.0000), fitness=1.719214969
6485.72 secs, 536 evals, 425 steps, improv/step: 0.322 (last = 0.0000), fitness=1.719214969
6497.09 secs, 537 evals, 426 steps, improv/step: 0.324 (last = 1.0000), fitness=1.719214969
6508.68 secs, 538 evals, 427 steps, improv/step: 0.326 (last = 1.0000), fitness=1.719214969
6519.34 secs, 539 evals, 428 steps, improv/step: 0.325 (last = 0.0000), fitness=1.719214969
6531.74 secs, 540 evals, 429 steps, improv/step: 0.326 (last = 1.0000), fitness=1.719214969
6544.32 secs, 541 evals, 430 steps, improv/step: 0.326 (last = 0.0000), fitness=1.719214969
6555.73 secs, 542 evals, 431 steps, improv/step: 0.327 (last = 1.0000), fitness=1.719214969
6567.33 secs, 543 evals, 432 steps, improv/step: 0.329 (last = 1.0000), fitness=1.719214969
6577.88 secs, 544 evals, 433 steps, improv/step: 0.328 (last = 0.0000), fitness=1.719214969
6588.92 secs, 545 evals, 434 steps, improv/step: 0.327 (last = 0.0000), fitness=1.719214969
6600.80 secs, 546 evals, 435 steps, improv/step: 0.326 (last = 0.0000), fitness=1.719214969
6612.46 secs, 547 evals, 436 steps, improv/step: 0.326 (last = 0.0000), fitness=1.719214969
6625.12 secs, 548 evals, 437 steps, improv/step: 0.325 (last = 0.0000), fitness=1.719214969
6636.33 secs, 549 evals, 438 steps, improv/step: 0.324 (last = 0.0000), fitness=1.719214969
6648.32 secs, 550 evals, 439 steps, improv/step: 0.326 (last = 1.0000), fitness=1.719214969
6660.04 secs, 551 evals, 440 steps, improv/step: 0.325 (last = 0.0000), fitness=1.719214969
6672.70 secs, 552 evals, 441 steps, improv/step: 0.324 (last = 0.0000), fitness=1.719214969
6694.93 secs, 554 evals, 442 steps, improv/step: 0.326 (last = 1.0000), fitness=1.719214969
6718.77 secs, 556 evals, 443 steps, improv/step: 0.327 (last = 1.0000), fitness=1.719214969
6730.70 secs, 557 evals, 444 steps, improv/step: 0.329 (last = 1.0000), fitness=1.719214969
6742.56 secs, 558 evals, 445 steps, improv/step: 0.330 (last = 1.0000), fitness=1.719214969
6755.84 secs, 559 evals, 446 steps, improv/step: 0.330 (last = 0.0000), fitness=1.719214969
6767.97 secs, 560 evals, 447 steps, improv/step: 0.329 (last = 0.0000), fitness=1.719214969
6779.13 secs, 561 evals, 448 steps, improv/step: 0.328 (last = 0.0000), fitness=1.719214969
6791.08 secs, 562 evals, 449 steps, improv/step: 0.327 (last = 0.0000), fitness=1.719214969
6803.43 secs, 563 evals, 450 steps, improv/step: 0.329 (last = 1.0000), fitness=1.719214969
6815.40 secs, 564 evals, 451 steps, improv/step: 0.330 (last = 1.0000), fitness=1.719214969
6827.47 secs, 565 evals, 452 steps, improv/step: 0.330 (last = 0.0000), fitness=1.719214969
6839.24 secs, 566 evals, 453 steps, improv/step: 0.329 (last = 0.0000), fitness=1.719214969
6851.08 secs, 567 evals, 454 steps, improv/step: 0.330 (last = 1.0000), fitness=1.719214969
6862.93 secs, 568 evals, 455 steps, improv/step: 0.332 (last = 1.0000), fitness=1.719214969
6874.99 secs, 569 evals, 456 steps, improv/step: 0.333 (last = 1.0000), fitness=1.719214969
6884.19 secs, 570 evals, 457 steps, improv/step: 0.333 (last = 0.0000), fitness=1.719214969
6896.03 secs, 571 evals, 458 steps, improv/step: 0.334 (last = 1.0000), fitness=1.719214969
6906.06 secs, 572 evals, 459 steps, improv/step: 0.333 (last = 0.0000), fitness=1.719214969
6918.24 secs, 573 evals, 460 steps, improv/step: 0.333 (last = 0.0000), fitness=1.719214969
6923.02 secs, 574 evals, 461 steps, improv/step: 0.332 (last = 0.0000), fitness=1.719214969
6935.11 secs, 575 evals, 462 steps, improv/step: 0.331 (last = 0.0000), fitness=1.719214969
6942.46 secs, 576 evals, 463 steps, improv/step: 0.330 (last = 0.0000), fitness=1.719214969
6955.83 secs, 577 evals, 464 steps, improv/step: 0.330 (last = 0.0000), fitness=1.719214969
6966.23 secs, 578 evals, 465 steps, improv/step: 0.329 (last = 0.0000), fitness=1.719214969
6976.66 secs, 579 evals, 466 steps, improv/step: 0.328 (last = 0.0000), fitness=1.719214969
6989.01 secs, 580 evals, 467 steps, improv/step: 0.330 (last = 1.0000), fitness=1.719214969
7000.42 secs, 581 evals, 468 steps, improv/step: 0.329 (last = 0.0000), fitness=1.719214969
7009.98 secs, 582 evals, 469 steps, improv/step: 0.328 (last = 0.0000), fitness=1.719214969
7021.92 secs, 583 evals, 470 steps, improv/step: 0.330 (last = 1.0000), fitness=1.719214969
7033.92 secs, 584 evals, 471 steps, improv/step: 0.329 (last = 0.0000), fitness=1.719214969
7045.52 secs, 585 evals, 472 steps, improv/step: 0.328 (last = 0.0000), fitness=1.719214969
7058.87 secs, 586 evals, 473 steps, improv/step: 0.328 (last = 0.0000), fitness=1.719214969
7071.09 secs, 587 evals, 474 steps, improv/step: 0.327 (last = 0.0000), fitness=1.719214969
7082.90 secs, 588 evals, 475 steps, improv/step: 0.326 (last = 0.0000), fitness=1.719214969
7095.88 secs, 589 evals, 476 steps, improv/step: 0.326 (last = 0.0000), fitness=1.719214969
7108.98 secs, 590 evals, 477 steps, improv/step: 0.325 (last = 0.0000), fitness=1.719214969
7120.19 secs, 591 evals, 478 steps, improv/step: 0.324 (last = 0.0000), fitness=1.719214969
7131.34 secs, 592 evals, 479 steps, improv/step: 0.324 (last = 0.0000), fitness=1.719214969
7143.90 secs, 593 evals, 480 steps, improv/step: 0.325 (last = 1.0000), fitness=1.719214969
7156.23 secs, 594 evals, 481 steps, improv/step: 0.326 (last = 1.0000), fitness=1.719214969
7167.89 secs, 595 evals, 482 steps, improv/step: 0.326 (last = 0.0000), fitness=1.719214969
7180.22 secs, 596 evals, 483 steps, improv/step: 0.325 (last = 0.0000), fitness=1.719214969
7188.67 secs, 597 evals, 484 steps, improv/step: 0.324 (last = 0.0000), fitness=1.719214969
7202.40 secs, 598 evals, 485 steps, improv/step: 0.324 (last = 0.0000), fitness=1.719214969
7213.18 secs, 599 evals, 486 steps, improv/step: 0.323 (last = 0.0000), fitness=1.719214969
7225.65 secs, 600 evals, 487 steps, improv/step: 0.322 (last = 0.0000), fitness=1.719214969
7237.72 secs, 601 evals, 488 steps, improv/step: 0.322 (last = 0.0000), fitness=1.719214969
7249.89 secs, 602 evals, 489 steps, improv/step: 0.321 (last = 0.0000), fitness=1.719214969
7262.51 secs, 603 evals, 490 steps, improv/step: 0.322 (last = 1.0000), fitness=1.719214969
7274.96 secs, 604 evals, 491 steps, improv/step: 0.322 (last = 0.0000), fitness=1.719214969
7287.22 secs, 605 evals, 492 steps, improv/step: 0.321 (last = 0.0000), fitness=1.719214969
7299.15 secs, 606 evals, 493 steps, improv/step: 0.323 (last = 1.0000), fitness=1.719214969
7312.65 secs, 607 evals, 494 steps, improv/step: 0.322 (last = 0.0000), fitness=1.719214969
7325.18 secs, 608 evals, 495 steps, improv/step: 0.321 (last = 0.0000), fitness=1.719214969
7337.42 secs, 609 evals, 496 steps, improv/step: 0.321 (last = 0.0000), fitness=1.719214969
7348.70 secs, 610 evals, 497 steps, improv/step: 0.320 (last = 0.0000), fitness=1.719214969
7358.59 secs, 611 evals, 498 steps, improv/step: 0.319 (last = 0.0000), fitness=1.719214969
7370.95 secs, 612 evals, 499 steps, improv/step: 0.319 (last = 0.0000), fitness=1.719214969
7384.19 secs, 613 evals, 500 steps, improv/step: 0.318 (last = 0.0000), fitness=1.719214969
7396.04 secs, 614 evals, 501 steps, improv/step: 0.317 (last = 0.0000), fitness=1.719214969
7407.17 secs, 615 evals, 502 steps, improv/step: 0.317 (last = 0.0000), fitness=1.719214969
7418.64 secs, 616 evals, 503 steps, improv/step: 0.316 (last = 0.0000), fitness=1.719214969
7431.04 secs, 617 evals, 504 steps, improv/step: 0.315 (last = 0.0000), fitness=1.719214969
7443.45 secs, 618 evals, 505 steps, improv/step: 0.317 (last = 1.0000), fitness=1.719214969
7455.11 secs, 619 evals, 506 steps, improv/step: 0.316 (last = 0.0000), fitness=1.719214969
7466.89 secs, 620 evals, 507 steps, improv/step: 0.316 (last = 0.0000), fitness=1.719214969
7478.35 secs, 621 evals, 508 steps, improv/step: 0.315 (last = 0.0000), fitness=1.719214969
7490.92 secs, 622 evals, 509 steps, improv/step: 0.314 (last = 0.0000), fitness=1.719214969
7499.96 secs, 623 evals, 510 steps, improv/step: 0.314 (last = 0.0000), fitness=1.719214969
7512.29 secs, 624 evals, 511 steps, improv/step: 0.313 (last = 0.0000), fitness=1.719214969
7524.28 secs, 625 evals, 512 steps, improv/step: 0.314 (last = 1.0000), fitness=1.719214969
7535.43 secs, 626 evals, 513 steps, improv/step: 0.314 (last = 0.0000), fitness=1.719214969
7548.37 secs, 627 evals, 514 steps, improv/step: 0.313 (last = 0.0000), fitness=1.719214969
7561.15 secs, 628 evals, 515 steps, improv/step: 0.315 (last = 1.0000), fitness=1.719214969
7572.15 secs, 629 evals, 516 steps, improv/step: 0.314 (last = 0.0000), fitness=1.719214969
7580.15 secs, 630 evals, 517 steps, improv/step: 0.313 (last = 0.0000), fitness=1.719214969
7589.79 secs, 631 evals, 518 steps, improv/step: 0.313 (last = 0.0000), fitness=1.719214969
7597.17 secs, 632 evals, 519 steps, improv/step: 0.312 (last = 0.0000), fitness=1.719214969
7608.34 secs, 633 evals, 520 steps, improv/step: 0.312 (last = 0.0000), fitness=1.719214969
7617.94 secs, 634 evals, 521 steps, improv/step: 0.311 (last = 0.0000), fitness=1.719214969
7629.47 secs, 635 evals, 522 steps, improv/step: 0.310 (last = 0.0000), fitness=1.719214969
7640.32 secs, 636 evals, 523 steps, improv/step: 0.310 (last = 0.0000), fitness=1.719214969
7651.35 secs, 637 evals, 524 steps, improv/step: 0.309 (last = 0.0000), fitness=1.719214969
7664.11 secs, 638 evals, 525 steps, improv/step: 0.309 (last = 0.0000), fitness=1.719214969
7676.19 secs, 639 evals, 526 steps, improv/step: 0.308 (last = 0.0000), fitness=1.719214969
7688.02 secs, 640 evals, 527 steps, improv/step: 0.307 (last = 0.0000), fitness=1.719214969
7698.79 secs, 641 evals, 528 steps, improv/step: 0.307 (last = 0.0000), fitness=1.719214969
7710.52 secs, 642 evals, 529 steps, improv/step: 0.306 (last = 0.0000), fitness=1.719214969
7722.64 secs, 643 evals, 530 steps, improv/step: 0.308 (last = 1.0000), fitness=1.719214969
7734.67 secs, 644 evals, 531 steps, improv/step: 0.307 (last = 0.0000), fitness=1.719214969
7748.44 secs, 645 evals, 532 steps, improv/step: 0.306 (last = 0.0000), fitness=1.719214969
7757.26 secs, 646 evals, 533 steps, improv/step: 0.306 (last = 0.0000), fitness=1.719214969
7769.32 secs, 647 evals, 534 steps, improv/step: 0.305 (last = 0.0000), fitness=1.719214969
7781.04 secs, 648 evals, 535 steps, improv/step: 0.305 (last = 0.0000), fitness=1.719214969
7789.50 secs, 649 evals, 536 steps, improv/step: 0.304 (last = 0.0000), fitness=1.719214969
7800.11 secs, 650 evals, 537 steps, improv/step: 0.304 (last = 0.0000), fitness=1.719214969
7812.60 secs, 651 evals, 538 steps, improv/step: 0.303 (last = 0.0000), fitness=1.719214969
7824.52 secs, 652 evals, 539 steps, improv/step: 0.302 (last = 0.0000), fitness=1.719214969
7835.81 secs, 653 evals, 540 steps, improv/step: 0.302 (last = 0.0000), fitness=1.719214969
7848.57 secs, 654 evals, 541 steps, improv/step: 0.301 (last = 0.0000), fitness=1.719214969
7859.52 secs, 655 evals, 542 steps, improv/step: 0.301 (last = 0.0000), fitness=1.719214969
7871.29 secs, 656 evals, 543 steps, improv/step: 0.300 (last = 0.0000), fitness=1.719214969
7883.96 secs, 657 evals, 544 steps, improv/step: 0.300 (last = 0.0000), fitness=1.719214969
7895.94 secs, 658 evals, 545 steps, improv/step: 0.301 (last = 1.0000), fitness=1.719214969
7908.60 secs, 659 evals, 546 steps, improv/step: 0.300 (last = 0.0000), fitness=1.719214969
7920.19 secs, 660 evals, 547 steps, improv/step: 0.302 (last = 1.0000), fitness=1.719214969
7932.02 secs, 661 evals, 548 steps, improv/step: 0.303 (last = 1.0000), fitness=1.719214969
7944.93 secs, 662 evals, 549 steps, improv/step: 0.304 (last = 1.0000), fitness=1.719214969
7957.55 secs, 663 evals, 550 steps, improv/step: 0.305 (last = 1.0000), fitness=1.719214969
7969.27 secs, 664 evals, 551 steps, improv/step: 0.305 (last = 0.0000), fitness=1.719214969
7982.79 secs, 665 evals, 552 steps, improv/step: 0.304 (last = 0.0000), fitness=1.719214969
7994.87 secs, 666 evals, 553 steps, improv/step: 0.306 (last = 1.0000), fitness=1.719214969
8007.27 secs, 667 evals, 554 steps, improv/step: 0.305 (last = 0.0000), fitness=1.719214969
8019.65 secs, 668 evals, 555 steps, improv/step: 0.305 (last = 0.0000), fitness=1.719214969
8033.47 secs, 669 evals, 556 steps, improv/step: 0.304 (last = 0.0000), fitness=1.719214969
8045.37 secs, 670 evals, 557 steps, improv/step: 0.305 (last = 1.0000), fitness=1.719214969
8057.04 secs, 671 evals, 558 steps, improv/step: 0.306 (last = 1.0000), fitness=1.719214969
8069.29 secs, 672 evals, 559 steps, improv/step: 0.306 (last = 0.0000), fitness=1.719214969
8081.76 secs, 673 evals, 560 steps, improv/step: 0.305 (last = 0.0000), fitness=1.719214969
8094.18 secs, 674 evals, 561 steps, improv/step: 0.307 (last = 1.0000), fitness=1.719214969
8105.91 secs, 675 evals, 562 steps, improv/step: 0.308 (last = 1.0000), fitness=1.719214969
8117.26 secs, 676 evals, 563 steps, improv/step: 0.307 (last = 0.0000), fitness=1.719214969
8129.52 secs, 677 evals, 564 steps, improv/step: 0.307 (last = 0.0000), fitness=1.719214969
8141.29 secs, 678 evals, 565 steps, improv/step: 0.306 (last = 0.0000), fitness=1.719214969
8154.33 secs, 679 evals, 566 steps, improv/step: 0.306 (last = 0.0000), fitness=1.719214969
8166.18 secs, 680 evals, 567 steps, improv/step: 0.305 (last = 0.0000), fitness=1.719214969
8178.06 secs, 681 evals, 568 steps, improv/step: 0.306 (last = 1.0000), fitness=1.719214969
8189.65 secs, 682 evals, 569 steps, improv/step: 0.308 (last = 1.0000), fitness=1.719214969
8201.40 secs, 683 evals, 570 steps, improv/step: 0.307 (last = 0.0000), fitness=1.719214969
8213.68 secs, 684 evals, 571 steps, improv/step: 0.306 (last = 0.0000), fitness=1.719214969
8225.07 secs, 685 evals, 572 steps, improv/step: 0.308 (last = 1.0000), fitness=1.719214969
8238.60 secs, 686 evals, 573 steps, improv/step: 0.307 (last = 0.0000), fitness=1.719214969
8250.65 secs, 687 evals, 574 steps, improv/step: 0.308 (last = 1.0000), fitness=1.719214969
8262.08 secs, 688 evals, 575 steps, improv/step: 0.308 (last = 0.0000), fitness=1.719214969
8272.90 secs, 689 evals, 576 steps, improv/step: 0.307 (last = 0.0000), fitness=1.719214969
8285.10 secs, 690 evals, 577 steps, improv/step: 0.308 (last = 1.0000), fitness=1.719214969
8296.81 secs, 691 evals, 578 steps, improv/step: 0.308 (last = 0.0000), fitness=1.719214969
8308.39 secs, 692 evals, 579 steps, improv/step: 0.309 (last = 1.0000), fitness=1.719214969
8320.87 secs, 693 evals, 580 steps, improv/step: 0.309 (last = 0.0000), fitness=1.719214969
8332.41 secs, 694 evals, 581 steps, improv/step: 0.308 (last = 0.0000), fitness=1.719214969
8344.82 secs, 695 evals, 582 steps, improv/step: 0.308 (last = 0.0000), fitness=1.719214969
8357.60 secs, 696 evals, 583 steps, improv/step: 0.307 (last = 0.0000), fitness=1.719214969
8369.89 secs, 697 evals, 584 steps, improv/step: 0.307 (last = 0.0000), fitness=1.719214969
8381.51 secs, 698 evals, 585 steps, improv/step: 0.308 (last = 1.0000), fitness=1.719214969
8392.98 secs, 699 evals, 586 steps, improv/step: 0.307 (last = 0.0000), fitness=1.719214969
8404.27 secs, 700 evals, 587 steps, improv/step: 0.307 (last = 0.0000), fitness=1.719214969
8416.22 secs, 701 evals, 588 steps, improv/step: 0.306 (last = 0.0000), fitness=1.719214969
8428.41 secs, 702 evals, 589 steps, improv/step: 0.306 (last = 0.0000), fitness=1.719214969
8437.55 secs, 703 evals, 590 steps, improv/step: 0.305 (last = 0.0000), fitness=1.719214969
8449.17 secs, 704 evals, 591 steps, improv/step: 0.305 (last = 0.0000), fitness=1.719214969
8460.50 secs, 705 evals, 592 steps, improv/step: 0.304 (last = 0.0000), fitness=1.719214969
8472.53 secs, 706 evals, 593 steps, improv/step: 0.304 (last = 0.0000), fitness=1.719214969
8482.25 secs, 707 evals, 594 steps, improv/step: 0.303 (last = 0.0000), fitness=1.719214969
8492.33 secs, 708 evals, 595 steps, improv/step: 0.303 (last = 0.0000), fitness=1.719214969
8504.47 secs, 709 evals, 596 steps, improv/step: 0.304 (last = 1.0000), fitness=1.719214969
8516.36 secs, 710 evals, 597 steps, improv/step: 0.303 (last = 0.0000), fitness=1.719214969
8528.37 secs, 711 evals, 598 steps, improv/step: 0.304 (last = 1.0000), fitness=1.719214969
8540.35 secs, 712 evals, 599 steps, improv/step: 0.306 (last = 1.0000), fitness=1.719214969
8552.59 secs, 713 evals, 600 steps, improv/step: 0.307 (last = 1.0000), fitness=1.719214969
8562.69 secs, 714 evals, 601 steps, improv/step: 0.306 (last = 0.0000), fitness=1.719214969
8575.27 secs, 715 evals, 602 steps, improv/step: 0.306 (last = 0.0000), fitness=1.719214969
8581.96 secs, 716 evals, 603 steps, improv/step: 0.305 (last = 0.0000), fitness=1.719214969
8593.93 secs, 717 evals, 604 steps, improv/step: 0.306 (last = 1.0000), fitness=1.719214969
8606.56 secs, 718 evals, 605 steps, improv/step: 0.306 (last = 0.0000), fitness=1.719214969
8617.41 secs, 719 evals, 606 steps, improv/step: 0.305 (last = 0.0000), fitness=1.719214969
8626.43 secs, 720 evals, 607 steps, improv/step: 0.305 (last = 0.0000), fitness=1.719214969
8638.68 secs, 721 evals, 608 steps, improv/step: 0.306 (last = 1.0000), fitness=1.719214969
8651.93 secs, 722 evals, 609 steps, improv/step: 0.305 (last = 0.0000), fitness=1.719214969
8665.16 secs, 723 evals, 610 steps, improv/step: 0.305 (last = 0.0000), fitness=1.719214969
8676.93 secs, 724 evals, 611 steps, improv/step: 0.304 (last = 0.0000), fitness=1.719214969
8688.37 secs, 725 evals, 612 steps, improv/step: 0.304 (last = 0.0000), fitness=1.719214969
8702.27 secs, 726 evals, 613 steps, improv/step: 0.303 (last = 0.0000), fitness=1.719214969
8714.64 secs, 727 evals, 614 steps, improv/step: 0.303 (last = 0.0000), fitness=1.719214969
8727.49 secs, 728 evals, 615 steps, improv/step: 0.302 (last = 0.0000), fitness=1.719214969
8738.95 secs, 729 evals, 616 steps, improv/step: 0.302 (last = 0.0000), fitness=1.719214969
8750.44 secs, 730 evals, 617 steps, improv/step: 0.301 (last = 0.0000), fitness=1.719214969
8762.90 secs, 731 evals, 618 steps, improv/step: 0.301 (last = 0.0000), fitness=1.719214969
8773.23 secs, 732 evals, 619 steps, improv/step: 0.300 (last = 0.0000), fitness=1.719214969
8784.37 secs, 733 evals, 620 steps, improv/step: 0.300 (last = 0.0000), fitness=1.719214969
8793.24 secs, 734 evals, 621 steps, improv/step: 0.300 (last = 0.0000), fitness=1.719214969
8806.06 secs, 735 evals, 622 steps, improv/step: 0.301 (last = 1.0000), fitness=1.719214969
8815.94 secs, 736 evals, 623 steps, improv/step: 0.300 (last = 0.0000), fitness=1.719214969
8825.42 secs, 737 evals, 624 steps, improv/step: 0.300 (last = 0.0000), fitness=1.719214969
8837.73 secs, 738 evals, 625 steps, improv/step: 0.299 (last = 0.0000), fitness=1.719214969
8849.93 secs, 739 evals, 626 steps, improv/step: 0.299 (last = 0.0000), fitness=1.719214969
8860.74 secs, 740 evals, 627 steps, improv/step: 0.298 (last = 0.0000), fitness=1.719214969
8872.37 secs, 741 evals, 628 steps, improv/step: 0.299 (last = 1.0000), fitness=1.719214969
8883.56 secs, 742 evals, 629 steps, improv/step: 0.299 (last = 0.0000), fitness=1.719214969
8896.03 secs, 743 evals, 630 steps, improv/step: 0.298 (last = 0.0000), fitness=1.719214969
8908.23 secs, 744 evals, 631 steps, improv/step: 0.300 (last = 1.0000), fitness=1.719214969
8920.08 secs, 745 evals, 632 steps, improv/step: 0.299 (last = 0.0000), fitness=1.719214969
8931.72 secs, 746 evals, 633 steps, improv/step: 0.299 (last = 0.0000), fitness=1.719214969
8943.27 secs, 747 evals, 634 steps, improv/step: 0.298 (last = 0.0000), fitness=1.719214969
8955.86 secs, 748 evals, 635 steps, improv/step: 0.298 (last = 0.0000), fitness=1.719214969
8968.39 secs, 749 evals, 636 steps, improv/step: 0.297 (last = 0.0000), fitness=1.719214969
8980.01 secs, 750 evals, 637 steps, improv/step: 0.297 (last = 0.0000), fitness=1.719214969
8992.20 secs, 751 evals, 638 steps, improv/step: 0.298 (last = 1.0000), fitness=1.719214969
9005.02 secs, 752 evals, 639 steps, improv/step: 0.297 (last = 0.0000), fitness=1.719214969
9017.57 secs, 753 evals, 640 steps, improv/step: 0.297 (last = 0.0000), fitness=1.719214969
9029.91 secs, 754 evals, 641 steps, improv/step: 0.296 (last = 0.0000), fitness=1.719214969
9042.23 secs, 755 evals, 642 steps, improv/step: 0.296 (last = 0.0000), fitness=1.719214969
9053.83 secs, 756 evals, 643 steps, improv/step: 0.295 (last = 0.0000), fitness=1.719214969
9067.21 secs, 757 evals, 644 steps, improv/step: 0.295 (last = 0.0000), fitness=1.719214969
9079.64 secs, 758 evals, 645 steps, improv/step: 0.295 (last = 0.0000), fitness=1.719214969
9092.36 secs, 759 evals, 646 steps, improv/step: 0.294 (last = 0.0000), fitness=1.719214969
9105.67 secs, 760 evals, 647 steps, improv/step: 0.294 (last = 0.0000), fitness=1.719214969
9117.30 secs, 761 evals, 648 steps, improv/step: 0.295 (last = 1.0000), fitness=1.719214969
9128.98 secs, 762 evals, 649 steps, improv/step: 0.294 (last = 0.0000), fitness=1.719214969
9138.72 secs, 763 evals, 650 steps, improv/step: 0.294 (last = 0.0000), fitness=1.719214969
9150.08 secs, 764 evals, 651 steps, improv/step: 0.293 (last = 0.0000), fitness=1.719214969
9162.38 secs, 765 evals, 652 steps, improv/step: 0.293 (last = 0.0000), fitness=1.719214969
9173.30 secs, 766 evals, 653 steps, improv/step: 0.292 (last = 0.0000), fitness=1.719214969
9185.32 secs, 767 evals, 654 steps, improv/step: 0.292 (last = 0.0000), fitness=1.719214969
9195.94 secs, 768 evals, 655 steps, improv/step: 0.292 (last = 0.0000), fitness=1.719214969
9208.15 secs, 769 evals, 656 steps, improv/step: 0.291 (last = 0.0000), fitness=1.719214969
9220.06 secs, 770 evals, 657 steps, improv/step: 0.291 (last = 0.0000), fitness=1.719214969
9232.48 secs, 771 evals, 658 steps, improv/step: 0.292 (last = 1.0000), fitness=1.719214969
9244.80 secs, 772 evals, 659 steps, improv/step: 0.291 (last = 0.0000), fitness=1.719214969
9255.94 secs, 773 evals, 660 steps, improv/step: 0.291 (last = 0.0000), fitness=1.719214969
9267.26 secs, 774 evals, 661 steps, improv/step: 0.290 (last = 0.0000), fitness=1.719214969
9278.79 secs, 775 evals, 662 steps, improv/step: 0.290 (last = 0.0000), fitness=1.719214969
9292.35 secs, 776 evals, 663 steps, improv/step: 0.290 (last = 0.0000), fitness=1.719214969
9305.14 secs, 777 evals, 664 steps, improv/step: 0.289 (last = 0.0000), fitness=1.719214969
9316.60 secs, 778 evals, 665 steps, improv/step: 0.289 (last = 0.0000), fitness=1.719214969
9325.66 secs, 779 evals, 666 steps, improv/step: 0.288 (last = 0.0000), fitness=1.719214969
9335.05 secs, 780 evals, 667 steps, improv/step: 0.288 (last = 0.0000), fitness=1.719214969
9347.30 secs, 781 evals, 668 steps, improv/step: 0.287 (last = 0.0000), fitness=1.719214969
9359.81 secs, 782 evals, 669 steps, improv/step: 0.287 (last = 0.0000), fitness=1.719214969
9371.99 secs, 783 evals, 670 steps, improv/step: 0.288 (last = 1.0000), fitness=1.719214969
9384.26 secs, 784 evals, 671 steps, improv/step: 0.288 (last = 0.0000), fitness=1.719214969
9396.46 secs, 785 evals, 672 steps, improv/step: 0.287 (last = 0.0000), fitness=1.719214969
9408.84 secs, 786 evals, 673 steps, improv/step: 0.287 (last = 0.0000), fitness=1.719214969
9421.12 secs, 787 evals, 674 steps, improv/step: 0.288 (last = 1.0000), fitness=1.719214969
9432.91 secs, 788 evals, 675 steps, improv/step: 0.287 (last = 0.0000), fitness=1.719214969
9445.36 secs, 789 evals, 676 steps, improv/step: 0.288 (last = 1.0000), fitness=1.719214969
9457.02 secs, 790 evals, 677 steps, improv/step: 0.290 (last = 1.0000), fitness=1.719214969
9466.81 secs, 791 evals, 678 steps, improv/step: 0.289 (last = 0.0000), fitness=1.719214969
9479.08 secs, 792 evals, 679 steps, improv/step: 0.290 (last = 1.0000), fitness=1.719214969
9491.91 secs, 793 evals, 680 steps, improv/step: 0.290 (last = 0.0000), fitness=1.719214969
9515.17 secs, 795 evals, 681 steps, improv/step: 0.291 (last = 1.0000), fitness=1.719214969
9526.61 secs, 796 evals, 682 steps, improv/step: 0.292 (last = 1.0000), fitness=1.719214969
9538.10 secs, 797 evals, 683 steps, improv/step: 0.291 (last = 0.0000), fitness=1.719214969
9549.72 secs, 798 evals, 684 steps, improv/step: 0.292 (last = 1.0000), fitness=1.719214969
9560.78 secs, 799 evals, 685 steps, improv/step: 0.292 (last = 0.0000), fitness=1.719214969
9572.15 secs, 800 evals, 686 steps, improv/step: 0.292 (last = 0.0000), fitness=1.719214969
9584.12 secs, 801 evals, 687 steps, improv/step: 0.293 (last = 1.0000), fitness=1.719214969
9596.08 secs, 802 evals, 688 steps, improv/step: 0.292 (last = 0.0000), fitness=1.719214969
9608.19 secs, 803 evals, 689 steps, improv/step: 0.293 (last = 1.0000), fitness=1.719214969
9619.82 secs, 804 evals, 690 steps, improv/step: 0.293 (last = 0.0000), fitness=1.719214969
9632.55 secs, 805 evals, 691 steps, improv/step: 0.292 (last = 0.0000), fitness=1.719214969
9644.31 secs, 806 evals, 692 steps, improv/step: 0.292 (last = 0.0000), fitness=1.719214969
9656.55 secs, 807 evals, 693 steps, improv/step: 0.291 (last = 0.0000), fitness=1.719214969
9668.48 secs, 808 evals, 694 steps, improv/step: 0.291 (last = 0.0000), fitness=1.719214969
9680.78 secs, 809 evals, 695 steps, improv/step: 0.291 (last = 0.0000), fitness=1.719214969
9692.48 secs, 810 evals, 696 steps, improv/step: 0.292 (last = 1.0000), fitness=1.719214969
9703.51 secs, 811 evals, 697 steps, improv/step: 0.291 (last = 0.0000), fitness=1.719214969
9715.14 secs, 812 evals, 698 steps, improv/step: 0.292 (last = 1.0000), fitness=1.719214969
9727.10 secs, 813 evals, 699 steps, improv/step: 0.293 (last = 1.0000), fitness=1.719214969
9738.22 secs, 814 evals, 700 steps, improv/step: 0.293 (last = 0.0000), fitness=1.719214969
9750.73 secs, 815 evals, 701 steps, improv/step: 0.292 (last = 0.0000), fitness=1.719214969
9763.31 secs, 816 evals, 702 steps, improv/step: 0.292 (last = 0.0000), fitness=1.719214969
9775.08 secs, 817 evals, 703 steps, improv/step: 0.292 (last = 0.0000), fitness=1.719214969
9787.58 secs, 818 evals, 704 steps, improv/step: 0.291 (last = 0.0000), fitness=1.719214969
9799.05 secs, 819 evals, 705 steps, improv/step: 0.291 (last = 0.0000), fitness=1.719214969
9810.66 secs, 820 evals, 706 steps, improv/step: 0.292 (last = 1.0000), fitness=1.719214969
9821.94 secs, 821 evals, 707 steps, improv/step: 0.291 (last = 0.0000), fitness=1.719214969
9833.56 secs, 822 evals, 708 steps, improv/step: 0.291 (last = 0.0000), fitness=1.719214969
9845.31 secs, 823 evals, 709 steps, improv/step: 0.291 (last = 0.0000), fitness=1.719214969
9858.31 secs, 824 evals, 710 steps, improv/step: 0.290 (last = 0.0000), fitness=1.719214969
9870.40 secs, 825 evals, 711 steps, improv/step: 0.290 (last = 0.0000), fitness=1.719214969
9882.45 secs, 826 evals, 712 steps, improv/step: 0.291 (last = 1.0000), fitness=1.719214969
9894.05 secs, 827 evals, 713 steps, improv/step: 0.292 (last = 1.0000), fitness=1.719214969
9906.37 secs, 828 evals, 714 steps, improv/step: 0.293 (last = 1.0000), fitness=1.719214969
9918.36 secs, 829 evals, 715 steps, improv/step: 0.292 (last = 0.0000), fitness=1.719214969
9930.31 secs, 830 evals, 716 steps, improv/step: 0.292 (last = 0.0000), fitness=1.719214969
9942.17 secs, 831 evals, 717 steps, improv/step: 0.291 (last = 0.0000), fitness=1.719214969
9954.24 secs, 832 evals, 718 steps, improv/step: 0.291 (last = 0.0000), fitness=1.719214969
9965.96 secs, 833 evals, 719 steps, improv/step: 0.291 (last = 0.0000), fitness=1.719214969
9977.73 secs, 834 evals, 720 steps, improv/step: 0.292 (last = 1.0000), fitness=1.719214969
9989.35 secs, 835 evals, 721 steps, improv/step: 0.291 (last = 0.0000), fitness=1.719214969
10001.84 secs, 836 evals, 722 steps, improv/step: 0.291 (last = 0.0000), fitness=1.719214969
10015.54 secs, 837 evals, 723 steps, improv/step: 0.290 (last = 0.0000), fitness=1.719214969
10027.66 secs, 838 evals, 724 steps, improv/step: 0.290 (last = 0.0000), fitness=1.719214969
10039.22 secs, 839 evals, 725 steps, improv/step: 0.290 (last = 0.0000), fitness=1.719214969
10052.14 secs, 840 evals, 726 steps, improv/step: 0.289 (last = 0.0000), fitness=1.719214969
10063.69 secs, 841 evals, 727 steps, improv/step: 0.290 (last = 1.0000), fitness=1.719214969
10075.99 secs, 842 evals, 728 steps, improv/step: 0.290 (last = 0.0000), fitness=1.719214969
10088.08 secs, 843 evals, 729 steps, improv/step: 0.289 (last = 0.0000), fitness=1.719214969
10100.17 secs, 844 evals, 730 steps, improv/step: 0.289 (last = 0.0000), fitness=1.719214969
10111.61 secs, 845 evals, 731 steps, improv/step: 0.289 (last = 0.0000), fitness=1.719214969
10124.13 secs, 846 evals, 732 steps, improv/step: 0.288 (last = 0.0000), fitness=1.719214969
10136.22 secs, 847 evals, 733 steps, improv/step: 0.288 (last = 0.0000), fitness=1.719214969
10148.51 secs, 848 evals, 734 steps, improv/step: 0.287 (last = 0.0000), fitness=1.719214969
10160.01 secs, 849 evals, 735 steps, improv/step: 0.287 (last = 0.0000), fitness=1.719214969
10171.31 secs, 850 evals, 736 steps, improv/step: 0.287 (last = 0.0000), fitness=1.719214969
10183.63 secs, 851 evals, 737 steps, improv/step: 0.286 (last = 0.0000), fitness=1.719214969
10195.71 secs, 852 evals, 738 steps, improv/step: 0.287 (last = 1.0000), fitness=1.719214969
10207.62 secs, 853 evals, 739 steps, improv/step: 0.288 (last = 1.0000), fitness=1.719214969
10220.34 secs, 854 evals, 740 steps, improv/step: 0.288 (last = 0.0000), fitness=1.719214969
10232.68 secs, 855 evals, 741 steps, improv/step: 0.287 (last = 0.0000), fitness=1.719214969
10242.52 secs, 856 evals, 742 steps, improv/step: 0.287 (last = 0.0000), fitness=1.719214969
10254.93 secs, 857 evals, 743 steps, improv/step: 0.287 (last = 0.0000), fitness=1.719214969
10267.29 secs, 858 evals, 744 steps, improv/step: 0.286 (last = 0.0000), fitness=1.719214969
10278.83 secs, 859 evals, 745 steps, improv/step: 0.287 (last = 1.0000), fitness=1.719214969
10289.39 secs, 860 evals, 746 steps, improv/step: 0.287 (last = 0.0000), fitness=1.719214969
10301.40 secs, 861 evals, 747 steps, improv/step: 0.288 (last = 1.0000), fitness=1.719214969
10312.42 secs, 862 evals, 748 steps, improv/step: 0.287 (last = 0.0000), fitness=1.719214969
10322.53 secs, 863 evals, 749 steps, improv/step: 0.287 (last = 0.0000), fitness=1.719214969
10334.02 secs, 864 evals, 750 steps, improv/step: 0.287 (last = 0.0000), fitness=1.719214969
10345.48 secs, 865 evals, 751 steps, improv/step: 0.286 (last = 0.0000), fitness=1.719214969
10357.68 secs, 866 evals, 752 steps, improv/step: 0.286 (last = 0.0000), fitness=1.719214969
10369.80 secs, 867 evals, 753 steps, improv/step: 0.287 (last = 1.0000), fitness=1.719214969
10382.08 secs, 868 evals, 754 steps, improv/step: 0.286 (last = 0.0000), fitness=1.719214969
10394.40 secs, 869 evals, 755 steps, improv/step: 0.286 (last = 0.0000), fitness=1.719214969
10405.85 secs, 870 evals, 756 steps, improv/step: 0.286 (last = 0.0000), fitness=1.719214969
10416.90 secs, 871 evals, 757 steps, improv/step: 0.285 (last = 0.0000), fitness=1.719214969
10429.16 secs, 872 evals, 758 steps, improv/step: 0.285 (last = 0.0000), fitness=1.719214969
10440.69 secs, 873 evals, 759 steps, improv/step: 0.285 (last = 0.0000), fitness=1.719214969
10452.43 secs, 874 evals, 760 steps, improv/step: 0.284 (last = 0.0000), fitness=1.719214969
10464.33 secs, 875 evals, 761 steps, improv/step: 0.284 (last = 0.0000), fitness=1.719214969
10475.91 secs, 876 evals, 762 steps, improv/step: 0.283 (last = 0.0000), fitness=1.719214969
10488.24 secs, 877 evals, 763 steps, improv/step: 0.283 (last = 0.0000), fitness=1.719214969
10499.97 secs, 878 evals, 764 steps, improv/step: 0.284 (last = 1.0000), fitness=1.719214969
10513.23 secs, 879 evals, 765 steps, improv/step: 0.284 (last = 0.0000), fitness=1.719214969
10525.38 secs, 880 evals, 766 steps, improv/step: 0.285 (last = 1.0000), fitness=1.719214969
10535.88 secs, 881 evals, 767 steps, improv/step: 0.284 (last = 0.0000), fitness=1.719214969
10547.29 secs, 882 evals, 768 steps, improv/step: 0.284 (last = 0.0000), fitness=1.719214969
10558.77 secs, 883 evals, 769 steps, improv/step: 0.283 (last = 0.0000), fitness=1.719214969
10570.82 secs, 884 evals, 770 steps, improv/step: 0.283 (last = 0.0000), fitness=1.719214969
10582.99 secs, 885 evals, 771 steps, improv/step: 0.284 (last = 1.0000), fitness=1.719214969
10593.37 secs, 886 evals, 772 steps, improv/step: 0.284 (last = 0.0000), fitness=1.719214969
10605.22 secs, 887 evals, 773 steps, improv/step: 0.285 (last = 1.0000), fitness=1.719214969
10617.30 secs, 888 evals, 774 steps, improv/step: 0.284 (last = 0.0000), fitness=1.719214969
10629.28 secs, 889 evals, 775 steps, improv/step: 0.284 (last = 0.0000), fitness=1.719214969
10641.01 secs, 890 evals, 776 steps, improv/step: 0.285 (last = 1.0000), fitness=1.719214969
10651.69 secs, 891 evals, 777 steps, improv/step: 0.284 (last = 0.0000), fitness=1.719214969
10663.64 secs, 892 evals, 778 steps, improv/step: 0.284 (last = 0.0000), fitness=1.719214969
10675.36 secs, 893 evals, 779 steps, improv/step: 0.285 (last = 1.0000), fitness=1.719214969
10687.26 secs, 894 evals, 780 steps, improv/step: 0.285 (last = 0.0000), fitness=1.719214969
10699.11 secs, 895 evals, 781 steps, improv/step: 0.286 (last = 1.0000), fitness=1.638282386
10710.90 secs, 896 evals, 782 steps, improv/step: 0.286 (last = 1.0000), fitness=1.638282386
10724.25 secs, 897 evals, 783 steps, improv/step: 0.286 (last = 0.0000), fitness=1.638282386
10735.99 secs, 898 evals, 784 steps, improv/step: 0.286 (last = 0.0000), fitness=1.638282386
10746.66 secs, 899 evals, 785 steps, improv/step: 0.285 (last = 0.0000), fitness=1.638282386
10758.11 secs, 900 evals, 786 steps, improv/step: 0.285 (last = 0.0000), fitness=1.638282386
10769.84 secs, 901 evals, 787 steps, improv/step: 0.285 (last = 0.0000), fitness=1.638282386
10781.80 secs, 902 evals, 788 steps, improv/step: 0.286 (last = 1.0000), fitness=1.638282386
10793.34 secs, 903 evals, 789 steps, improv/step: 0.285 (last = 0.0000), fitness=1.638282386

Optimization stopped after 790 steps and 10804.94 seconds
Termination reason: Max time (10800.0 s) reached
Steps per second = 0.07
Function evals per second = 0.08
Improvements/step = Inf
Total function evaluations = 904


Best candidate found: [0.218641, 0.716735]

Fitness: 1.638282386

