N_Jobs_Total: 144
Starting optimization with optimizer DiffEvoOpt{FitPopulation{Float64}, RadiusLimitedSelector, BlackBoxOptim.AdaptiveDiffEvoRandBin{3}, RandomBound{ContinuousRectSearchSpace}}
0.00 secs, 0 evals, 0 steps
410.01 secs, 2 evals, 1 steps, fitness=3.261342931
757.22 secs, 4 evals, 2 steps, improv/step: 0.500 (last = 1.0000), fitness=3.261342931
1260.79 secs, 6 evals, 3 steps, improv/step: 0.333 (last = 0.0000), fitness=3.261342931
1661.01 secs, 8 evals, 4 steps, improv/step: 0.250 (last = 0.0000), fitness=3.261342931
2104.86 secs, 10 evals, 5 steps, improv/step: 0.200 (last = 0.0000), fitness=2.029812112
2575.96 secs, 12 evals, 6 steps, improv/step: 0.167 (last = 0.0000), fitness=2.029812112
3072.92 secs, 14 evals, 7 steps, improv/step: 0.143 (last = 0.0000), fitness=2.029812112
3489.69 secs, 16 evals, 8 steps, improv/step: 0.125 (last = 0.0000), fitness=2.029812112
3656.72 secs, 18 evals, 9 steps, improv/step: 0.222 (last = 1.0000), fitness=2.029812112
4028.86 secs, 20 evals, 10 steps, improv/step: 0.200 (last = 0.0000), fitness=2.029812112
4461.42 secs, 22 evals, 11 steps, improv/step: 0.182 (last = 0.0000), fitness=2.029812112
4872.90 secs, 24 evals, 12 steps, improv/step: 0.250 (last = 1.0000), fitness=2.029812112
5152.26 secs, 26 evals, 13 steps, improv/step: 0.231 (last = 0.0000), fitness=2.029812112
5530.36 secs, 28 evals, 14 steps, improv/step: 0.214 (last = 0.0000), fitness=2.029812112
6006.51 secs, 30 evals, 15 steps, improv/step: 0.200 (last = 0.0000), fitness=2.029812112
6348.40 secs, 32 evals, 16 steps, improv/step: 0.250 (last = 1.0000), fitness=2.029812112
6687.04 secs, 34 evals, 17 steps, improv/step: 0.235 (last = 0.0000), fitness=2.029812112
7046.79 secs, 36 evals, 18 steps, improv/step: 0.222 (last = 0.0000), fitness=2.029812112
7421.54 secs, 38 evals, 19 steps, improv/step: 0.211 (last = 0.0000), fitness=2.029812112
7679.89 secs, 40 evals, 20 steps, improv/step: 0.250 (last = 1.0000), fitness=2.029812112
7994.47 secs, 42 evals, 21 steps, improv/step: 0.238 (last = 0.0000), fitness=2.029812112
8417.00 secs, 44 evals, 22 steps, improv/step: 0.227 (last = 0.0000), fitness=2.029812112
8804.99 secs, 46 evals, 23 steps, improv/step: 0.261 (last = 1.0000), fitness=2.029812112
9205.88 secs, 48 evals, 24 steps, improv/step: 0.250 (last = 0.0000), fitness=2.029812112
9346.59 secs, 50 evals, 25 steps, improv/step: 0.240 (last = 0.0000), fitness=2.029812112
9740.01 secs, 52 evals, 26 steps, improv/step: 0.231 (last = 0.0000), fitness=2.029812112
10140.11 secs, 54 evals, 27 steps, improv/step: 0.259 (last = 1.0000), fitness=2.029812112
10551.83 secs, 56 evals, 28 steps, improv/step: 0.250 (last = 0.0000), fitness=2.029812112

Optimization stopped after 29 steps and 10854.53 seconds
Termination reason: Max time (10800.0 s) reached
Steps per second = 0.00
Function evals per second = 0.01
Improvements/step = Inf
Total function evaluations = 58


Best candidate found: [0.420832, 0.875605]

Fitness: 2.029812112

