N_Jobs_Total: 144
Starting optimization with optimizer DiffEvoOpt{FitPopulation{Float64}, RadiusLimitedSelector, BlackBoxOptim.AdaptiveDiffEvoRandBin{3}, RandomBound{ContinuousRectSearchSpace}}
0.00 secs, 0 evals, 0 steps
417.21 secs, 2 evals, 1 steps, fitness=54.366874986
692.10 secs, 4 evals, 2 steps, improv/step: 0.500 (last = 1.0000), fitness=13.390017049
1059.41 secs, 6 evals, 3 steps, improv/step: 0.667 (last = 1.0000), fitness=13.390017049
1422.06 secs, 8 evals, 4 steps, improv/step: 0.500 (last = 0.0000), fitness=9.428613589
1602.60 secs, 10 evals, 5 steps, improv/step: 0.400 (last = 0.0000), fitness=3.648190505
1955.90 secs, 12 evals, 6 steps, improv/step: 0.500 (last = 1.0000), fitness=3.648190505
2242.84 secs, 14 evals, 7 steps, improv/step: 0.571 (last = 1.0000), fitness=1.563702626
2501.09 secs, 16 evals, 8 steps, improv/step: 0.625 (last = 1.0000), fitness=1.563702626
2903.58 secs, 18 evals, 9 steps, improv/step: 0.556 (last = 0.0000), fitness=1.563702626
3157.06 secs, 20 evals, 10 steps, improv/step: 0.500 (last = 0.0000), fitness=1.563702626
3512.03 secs, 22 evals, 11 steps, improv/step: 0.545 (last = 1.0000), fitness=1.563702626
3906.86 secs, 24 evals, 12 steps, improv/step: 0.583 (last = 1.0000), fitness=1.563702626
4081.48 secs, 25 evals, 13 steps, improv/step: 0.538 (last = 0.0000), fitness=1.563702626
4411.77 secs, 27 evals, 14 steps, improv/step: 0.500 (last = 0.0000), fitness=1.563702626
4563.05 secs, 29 evals, 15 steps, improv/step: 0.467 (last = 0.0000), fitness=1.563702626
4915.86 secs, 31 evals, 16 steps, improv/step: 0.500 (last = 1.0000), fitness=1.563702626
5280.25 secs, 33 evals, 17 steps, improv/step: 0.471 (last = 0.0000), fitness=1.563702626
5537.57 secs, 35 evals, 18 steps, improv/step: 0.500 (last = 1.0000), fitness=1.563702626
5674.77 secs, 37 evals, 19 steps, improv/step: 0.526 (last = 1.0000), fitness=1.563702626
6035.84 secs, 39 evals, 20 steps, improv/step: 0.550 (last = 1.0000), fitness=1.563702626
6193.22 secs, 40 evals, 21 steps, improv/step: 0.524 (last = 0.0000), fitness=1.563702626
6567.90 secs, 42 evals, 22 steps, improv/step: 0.500 (last = 0.0000), fitness=1.563702626
6948.50 secs, 44 evals, 23 steps, improv/step: 0.522 (last = 1.0000), fitness=1.563702626
7197.34 secs, 46 evals, 24 steps, improv/step: 0.500 (last = 0.0000), fitness=1.563702626
7370.49 secs, 47 evals, 25 steps, improv/step: 0.480 (last = 0.0000), fitness=1.563702626
7651.15 secs, 49 evals, 26 steps, improv/step: 0.500 (last = 1.0000), fitness=1.563702626
7843.06 secs, 50 evals, 27 steps, improv/step: 0.481 (last = 0.0000), fitness=1.563702626
8219.68 secs, 52 evals, 28 steps, improv/step: 0.500 (last = 1.0000), fitness=1.563702626
8403.43 secs, 53 evals, 29 steps, improv/step: 0.517 (last = 1.0000), fitness=1.563702626
8787.04 secs, 55 evals, 30 steps, improv/step: 0.533 (last = 1.0000), fitness=1.563702626
9118.45 secs, 57 evals, 31 steps, improv/step: 0.516 (last = 0.0000), fitness=1.563702626
9496.96 secs, 59 evals, 32 steps, improv/step: 0.500 (last = 0.0000), fitness=1.563702626
9767.53 secs, 61 evals, 33 steps, improv/step: 0.485 (last = 0.0000), fitness=1.563702626
10094.09 secs, 63 evals, 34 steps, improv/step: 0.471 (last = 0.0000), fitness=1.563702626
10346.28 secs, 65 evals, 35 steps, improv/step: 0.457 (last = 0.0000), fitness=1.563702626
10525.76 secs, 66 evals, 36 steps, improv/step: 0.444 (last = 0.0000), fitness=1.563702626
10719.10 secs, 67 evals, 37 steps, improv/step: 0.432 (last = 0.0000), fitness=1.563702626

Optimization stopped after 38 steps and 10950.82 seconds
Termination reason: Max time (10800.0 s) reached
Steps per second = 0.00
Function evals per second = 0.01
Improvements/step = Inf
Total function evaluations = 69


Best candidate found: [0.256072, 0.895289]

Fitness: 1.563702626

