N_Jobs_Total: 144
Starting optimization with optimizer DiffEvoOpt{FitPopulation{Float64}, RadiusLimitedSelector, BlackBoxOptim.AdaptiveDiffEvoRandBin{3}, RandomBound{ContinuousRectSearchSpace}}
0.00 secs, 0 evals, 0 steps
81.89 secs, 2 evals, 1 steps, fitness=8.114496487
175.88 secs, 4 evals, 2 steps, improv/step: 0.500 (last = 1.0000), fitness=8.114496487
256.34 secs, 6 evals, 3 steps, improv/step: 0.667 (last = 1.0000), fitness=4.085664420
344.61 secs, 8 evals, 4 steps, improv/step: 0.750 (last = 1.0000), fitness=4.085664420
437.74 secs, 10 evals, 5 steps, improv/step: 0.800 (last = 1.0000), fitness=4.085664420
488.81 secs, 12 evals, 6 steps, improv/step: 0.667 (last = 0.0000), fitness=3.674089490
568.27 secs, 14 evals, 7 steps, improv/step: 0.714 (last = 1.0000), fitness=3.674089490
647.01 secs, 16 evals, 8 steps, improv/step: 0.625 (last = 0.0000), fitness=3.674089490
728.00 secs, 18 evals, 9 steps, improv/step: 0.667 (last = 1.0000), fitness=2.366112038
773.61 secs, 19 evals, 10 steps, improv/step: 0.600 (last = 0.0000), fitness=2.366112038
866.94 secs, 21 evals, 11 steps, improv/step: 0.636 (last = 1.0000), fitness=2.366112038
956.34 secs, 23 evals, 12 steps, improv/step: 0.583 (last = 0.0000), fitness=2.366112038
987.68 secs, 24 evals, 13 steps, improv/step: 0.615 (last = 1.0000), fitness=2.366112038
1010.91 secs, 25 evals, 14 steps, improv/step: 0.643 (last = 1.0000), fitness=2.366112038
1106.64 secs, 27 evals, 15 steps, improv/step: 0.600 (last = 0.0000), fitness=2.366112038
1179.51 secs, 29 evals, 16 steps, improv/step: 0.625 (last = 1.0000), fitness=2.366112038
1271.08 secs, 31 evals, 17 steps, improv/step: 0.647 (last = 1.0000), fitness=2.366112038
1360.22 secs, 33 evals, 18 steps, improv/step: 0.667 (last = 1.0000), fitness=2.366112038
1431.39 secs, 35 evals, 19 steps, improv/step: 0.632 (last = 0.0000), fitness=2.366112038
1476.52 secs, 36 evals, 20 steps, improv/step: 0.600 (last = 0.0000), fitness=2.366112038
1572.35 secs, 38 evals, 21 steps, improv/step: 0.619 (last = 1.0000), fitness=2.366112038
1613.59 secs, 39 evals, 22 steps, improv/step: 0.591 (last = 0.0000), fitness=2.366112038
1628.47 secs, 40 evals, 23 steps, improv/step: 0.565 (last = 0.0000), fitness=2.366112038
1720.06 secs, 42 evals, 24 steps, improv/step: 0.542 (last = 0.0000), fitness=2.366112038
1751.02 secs, 43 evals, 25 steps, improv/step: 0.560 (last = 1.0000), fitness=1.182765099
1819.43 secs, 45 evals, 26 steps, improv/step: 0.538 (last = 0.0000), fitness=1.182765099
1903.96 secs, 47 evals, 27 steps, improv/step: 0.556 (last = 1.0000), fitness=1.182765099
1986.69 secs, 49 evals, 28 steps, improv/step: 0.571 (last = 1.0000), fitness=1.182765099
2033.83 secs, 50 evals, 29 steps, improv/step: 0.552 (last = 0.0000), fitness=1.182765099
2122.47 secs, 52 evals, 30 steps, improv/step: 0.567 (last = 1.0000), fitness=1.182765099
2209.62 secs, 54 evals, 31 steps, improv/step: 0.548 (last = 0.0000), fitness=1.182765099
2287.82 secs, 56 evals, 32 steps, improv/step: 0.562 (last = 1.0000), fitness=1.182765099
2334.77 secs, 57 evals, 33 steps, improv/step: 0.545 (last = 0.0000), fitness=1.182765099
2350.02 secs, 58 evals, 34 steps, improv/step: 0.529 (last = 0.0000), fitness=1.182765099
2390.63 secs, 59 evals, 35 steps, improv/step: 0.514 (last = 0.0000), fitness=1.182765099
2461.86 secs, 61 evals, 36 steps, improv/step: 0.500 (last = 0.0000), fitness=1.182765099
2549.84 secs, 63 evals, 37 steps, improv/step: 0.514 (last = 1.0000), fitness=1.182765099
2592.73 secs, 64 evals, 38 steps, improv/step: 0.500 (last = 0.0000), fitness=1.182765099
2633.06 secs, 65 evals, 39 steps, improv/step: 0.513 (last = 1.0000), fitness=1.182765099
2727.77 secs, 67 evals, 40 steps, improv/step: 0.500 (last = 0.0000), fitness=1.182765099
2742.46 secs, 68 evals, 41 steps, improv/step: 0.488 (last = 0.0000), fitness=1.182765099
2830.43 secs, 70 evals, 42 steps, improv/step: 0.500 (last = 1.0000), fitness=1.182765099
2921.75 secs, 72 evals, 43 steps, improv/step: 0.512 (last = 1.0000), fitness=1.182765099
2967.49 secs, 73 evals, 44 steps, improv/step: 0.500 (last = 0.0000), fitness=1.182765099
3040.41 secs, 75 evals, 45 steps, improv/step: 0.511 (last = 1.0000), fitness=1.182765099
3087.87 secs, 76 evals, 46 steps, improv/step: 0.500 (last = 0.0000), fitness=1.182765099
3132.75 secs, 77 evals, 47 steps, improv/step: 0.489 (last = 0.0000), fitness=1.182765099
3171.02 secs, 78 evals, 48 steps, improv/step: 0.500 (last = 1.0000), fitness=1.182765099
3246.06 secs, 80 evals, 49 steps, improv/step: 0.490 (last = 0.0000), fitness=1.182765099
3339.46 secs, 82 evals, 50 steps, improv/step: 0.500 (last = 1.0000), fitness=1.182765099
3423.93 secs, 84 evals, 51 steps, improv/step: 0.510 (last = 1.0000), fitness=1.182765099
3517.57 secs, 86 evals, 52 steps, improv/step: 0.519 (last = 1.0000), fitness=1.182765099
3554.89 secs, 87 evals, 53 steps, improv/step: 0.528 (last = 1.0000), fitness=1.182765099
3595.50 secs, 88 evals, 54 steps, improv/step: 0.537 (last = 1.0000), fitness=1.182765099
3656.79 secs, 90 evals, 55 steps, improv/step: 0.545 (last = 1.0000), fitness=1.182765099
3745.73 secs, 92 evals, 56 steps, improv/step: 0.554 (last = 1.0000), fitness=1.182765099
3791.19 secs, 93 evals, 57 steps, improv/step: 0.544 (last = 0.0000), fitness=1.182765099
3878.06 secs, 95 evals, 58 steps, improv/step: 0.552 (last = 1.0000), fitness=1.182765099
3920.52 secs, 96 evals, 59 steps, improv/step: 0.542 (last = 0.0000), fitness=1.182765099
3998.09 secs, 98 evals, 60 steps, improv/step: 0.533 (last = 0.0000), fitness=1.182765099
4044.03 secs, 99 evals, 61 steps, improv/step: 0.525 (last = 0.0000), fitness=1.182765099
4137.41 secs, 101 evals, 62 steps, improv/step: 0.516 (last = 0.0000), fitness=1.182765099
4231.33 secs, 103 evals, 63 steps, improv/step: 0.508 (last = 0.0000), fitness=1.182765099
4319.64 secs, 105 evals, 64 steps, improv/step: 0.516 (last = 1.0000), fitness=1.182765099
4349.44 secs, 106 evals, 65 steps, improv/step: 0.523 (last = 1.0000), fitness=1.182765099
4392.73 secs, 107 evals, 66 steps, improv/step: 0.530 (last = 1.0000), fitness=1.182765099
4422.33 secs, 109 evals, 67 steps, improv/step: 0.522 (last = 0.0000), fitness=1.182765099
4465.01 secs, 110 evals, 68 steps, improv/step: 0.529 (last = 1.0000), fitness=1.182765099
4551.87 secs, 112 evals, 69 steps, improv/step: 0.522 (last = 0.0000), fitness=1.182765099
4598.61 secs, 113 evals, 70 steps, improv/step: 0.514 (last = 0.0000), fitness=1.182765099
4639.83 secs, 114 evals, 71 steps, improv/step: 0.507 (last = 0.0000), fitness=1.182765099
4689.57 secs, 116 evals, 72 steps, improv/step: 0.514 (last = 1.0000), fitness=1.182765099
4734.10 secs, 117 evals, 73 steps, improv/step: 0.507 (last = 0.0000), fitness=1.182765099
4764.38 secs, 119 evals, 74 steps, improv/step: 0.514 (last = 1.0000), fitness=1.182765099
4852.30 secs, 121 evals, 75 steps, improv/step: 0.507 (last = 0.0000), fitness=1.182765099
4892.60 secs, 122 evals, 76 steps, improv/step: 0.500 (last = 0.0000), fitness=1.182765099
4913.85 secs, 123 evals, 77 steps, improv/step: 0.506 (last = 1.0000), fitness=1.182765099
4957.44 secs, 124 evals, 78 steps, improv/step: 0.500 (last = 0.0000), fitness=1.182765099
4998.05 secs, 125 evals, 79 steps, improv/step: 0.506 (last = 1.0000), fitness=1.182765099
5043.52 secs, 126 evals, 80 steps, improv/step: 0.500 (last = 0.0000), fitness=1.182765099
5124.39 secs, 128 evals, 81 steps, improv/step: 0.506 (last = 1.0000), fitness=1.182765099
5148.51 secs, 129 evals, 82 steps, improv/step: 0.512 (last = 1.0000), fitness=1.182765099
5191.32 secs, 130 evals, 83 steps, improv/step: 0.506 (last = 0.0000), fitness=1.182765099
5258.46 secs, 132 evals, 84 steps, improv/step: 0.500 (last = 0.0000), fitness=1.182765099
5294.92 secs, 133 evals, 85 steps, improv/step: 0.506 (last = 1.0000), fitness=1.182765099
5363.03 secs, 135 evals, 86 steps, improv/step: 0.500 (last = 0.0000), fitness=1.182765099
5402.10 secs, 136 evals, 87 steps, improv/step: 0.506 (last = 1.0000), fitness=1.182765099
5447.58 secs, 137 evals, 88 steps, improv/step: 0.500 (last = 0.0000), fitness=1.182765099
5493.29 secs, 138 evals, 89 steps, improv/step: 0.494 (last = 0.0000), fitness=1.182765099
5580.66 secs, 140 evals, 90 steps, improv/step: 0.489 (last = 0.0000), fitness=1.182765099
5642.63 secs, 142 evals, 91 steps, improv/step: 0.495 (last = 1.0000), fitness=1.182765099
5685.39 secs, 143 evals, 92 steps, improv/step: 0.489 (last = 0.0000), fitness=1.182765099
5731.09 secs, 144 evals, 93 steps, improv/step: 0.484 (last = 0.0000), fitness=1.182765099
5817.87 secs, 146 evals, 94 steps, improv/step: 0.489 (last = 1.0000), fitness=1.182765099
5847.76 secs, 147 evals, 95 steps, improv/step: 0.495 (last = 1.0000), fitness=0.981244187
5873.73 secs, 148 evals, 96 steps, improv/step: 0.490 (last = 0.0000), fitness=0.981244187
5915.39 secs, 149 evals, 97 steps, improv/step: 0.495 (last = 1.0000), fitness=0.981244187
6007.57 secs, 151 evals, 98 steps, improv/step: 0.500 (last = 1.0000), fitness=0.981244187
6036.25 secs, 152 evals, 99 steps, improv/step: 0.505 (last = 1.0000), fitness=0.981244187
6098.16 secs, 154 evals, 100 steps, improv/step: 0.500 (last = 0.0000), fitness=0.981244187
6148.70 secs, 156 evals, 101 steps, improv/step: 0.495 (last = 0.0000), fitness=0.981244187
6235.34 secs, 158 evals, 102 steps, improv/step: 0.490 (last = 0.0000), fitness=0.981244187
6315.99 secs, 160 evals, 103 steps, improv/step: 0.495 (last = 1.0000), fitness=0.981244187
6363.77 secs, 161 evals, 104 steps, improv/step: 0.490 (last = 0.0000), fitness=0.981244187
6384.71 secs, 162 evals, 105 steps, improv/step: 0.486 (last = 0.0000), fitness=0.981244187
6479.23 secs, 164 evals, 106 steps, improv/step: 0.491 (last = 1.0000), fitness=0.981244187
6528.29 secs, 165 evals, 107 steps, improv/step: 0.486 (last = 0.0000), fitness=0.981244187
6568.02 secs, 166 evals, 108 steps, improv/step: 0.481 (last = 0.0000), fitness=0.981244187
6615.80 secs, 167 evals, 109 steps, improv/step: 0.477 (last = 0.0000), fitness=0.981244187
6660.57 secs, 168 evals, 110 steps, improv/step: 0.482 (last = 1.0000), fitness=0.981244187
6734.00 secs, 170 evals, 111 steps, improv/step: 0.477 (last = 0.0000), fitness=0.981244187
6749.41 secs, 171 evals, 112 steps, improv/step: 0.482 (last = 1.0000), fitness=0.981244187
6797.78 secs, 172 evals, 113 steps, improv/step: 0.478 (last = 0.0000), fitness=0.981244187
6867.26 secs, 174 evals, 114 steps, improv/step: 0.474 (last = 0.0000), fitness=0.981244187
6909.36 secs, 175 evals, 115 steps, improv/step: 0.470 (last = 0.0000), fitness=0.981244187
6924.60 secs, 176 evals, 116 steps, improv/step: 0.474 (last = 1.0000), fitness=0.981244187
7005.94 secs, 178 evals, 117 steps, improv/step: 0.470 (last = 0.0000), fitness=0.981244187
7024.87 secs, 179 evals, 118 steps, improv/step: 0.475 (last = 1.0000), fitness=0.981244187
7072.36 secs, 180 evals, 119 steps, improv/step: 0.471 (last = 0.0000), fitness=0.981244187
7119.55 secs, 181 evals, 120 steps, improv/step: 0.467 (last = 0.0000), fitness=0.981244187
7148.42 secs, 182 evals, 121 steps, improv/step: 0.471 (last = 1.0000), fitness=0.981244187
7197.07 secs, 183 evals, 122 steps, improv/step: 0.467 (last = 0.0000), fitness=0.981244187
7244.13 secs, 184 evals, 123 steps, improv/step: 0.463 (last = 0.0000), fitness=0.981244187
7272.44 secs, 186 evals, 124 steps, improv/step: 0.460 (last = 0.0000), fitness=0.981244187
7315.18 secs, 187 evals, 125 steps, improv/step: 0.456 (last = 0.0000), fitness=0.981244187
7333.73 secs, 188 evals, 126 steps, improv/step: 0.452 (last = 0.0000), fitness=0.981244187
7395.11 secs, 190 evals, 127 steps, improv/step: 0.457 (last = 1.0000), fitness=0.981244187
7437.17 secs, 191 evals, 128 steps, improv/step: 0.453 (last = 0.0000), fitness=0.981244187
7451.42 secs, 192 evals, 129 steps, improv/step: 0.457 (last = 1.0000), fitness=0.981244187
7498.21 secs, 193 evals, 130 steps, improv/step: 0.454 (last = 0.0000), fitness=0.981244187
7545.64 secs, 194 evals, 131 steps, improv/step: 0.450 (last = 0.0000), fitness=0.981244187
7633.00 secs, 196 evals, 132 steps, improv/step: 0.447 (last = 0.0000), fitness=0.981244187
7673.69 secs, 197 evals, 133 steps, improv/step: 0.451 (last = 1.0000), fitness=0.981244187
7698.73 secs, 198 evals, 134 steps, improv/step: 0.448 (last = 0.0000), fitness=0.981244187
7738.91 secs, 199 evals, 135 steps, improv/step: 0.444 (last = 0.0000), fitness=0.981244187
7779.34 secs, 200 evals, 136 steps, improv/step: 0.441 (last = 0.0000), fitness=0.981244187
7869.29 secs, 202 evals, 137 steps, improv/step: 0.445 (last = 1.0000), fitness=0.981244187
7916.22 secs, 203 evals, 138 steps, improv/step: 0.442 (last = 0.0000), fitness=0.981244187
7955.35 secs, 204 evals, 139 steps, improv/step: 0.446 (last = 1.0000), fitness=0.981244187
8032.33 secs, 206 evals, 140 steps, improv/step: 0.443 (last = 0.0000), fitness=0.981244187
8096.05 secs, 208 evals, 141 steps, improv/step: 0.447 (last = 1.0000), fitness=0.981244187
8138.14 secs, 209 evals, 142 steps, improv/step: 0.444 (last = 0.0000), fitness=0.981244187
8181.31 secs, 210 evals, 143 steps, improv/step: 0.441 (last = 0.0000), fitness=0.981244187
8224.08 secs, 211 evals, 144 steps, improv/step: 0.438 (last = 0.0000), fitness=0.981244187
8283.38 secs, 213 evals, 145 steps, improv/step: 0.434 (last = 0.0000), fitness=0.981244187
8365.79 secs, 215 evals, 146 steps, improv/step: 0.432 (last = 0.0000), fitness=0.981244187
8396.17 secs, 217 evals, 147 steps, improv/step: 0.435 (last = 1.0000), fitness=0.981244187
8412.86 secs, 218 evals, 148 steps, improv/step: 0.432 (last = 0.0000), fitness=0.981244187
8459.65 secs, 219 evals, 149 steps, improv/step: 0.430 (last = 0.0000), fitness=0.981244187
8501.48 secs, 220 evals, 150 steps, improv/step: 0.427 (last = 0.0000), fitness=0.981244187
8578.32 secs, 222 evals, 151 steps, improv/step: 0.430 (last = 1.0000), fitness=0.981244187
8626.03 secs, 223 evals, 152 steps, improv/step: 0.428 (last = 0.0000), fitness=0.981244187
8664.50 secs, 224 evals, 153 steps, improv/step: 0.431 (last = 1.0000), fitness=0.981244187
8712.25 secs, 225 evals, 154 steps, improv/step: 0.429 (last = 0.0000), fitness=0.981244187
8726.10 secs, 226 evals, 155 steps, improv/step: 0.426 (last = 0.0000), fitness=0.981244187
8772.47 secs, 227 evals, 156 steps, improv/step: 0.423 (last = 0.0000), fitness=0.981244187
8817.63 secs, 228 evals, 157 steps, improv/step: 0.420 (last = 0.0000), fitness=0.981244187
8848.15 secs, 229 evals, 158 steps, improv/step: 0.424 (last = 1.0000), fitness=0.981244187
8889.80 secs, 230 evals, 159 steps, improv/step: 0.421 (last = 0.0000), fitness=0.981244187
8930.50 secs, 231 evals, 160 steps, improv/step: 0.419 (last = 0.0000), fitness=0.981244187
8978.46 secs, 232 evals, 161 steps, improv/step: 0.422 (last = 1.0000), fitness=0.981244187
9020.97 secs, 233 evals, 162 steps, improv/step: 0.420 (last = 0.0000), fitness=0.981244187
9052.61 secs, 234 evals, 163 steps, improv/step: 0.417 (last = 0.0000), fitness=0.981244187
9097.01 secs, 236 evals, 164 steps, improv/step: 0.415 (last = 0.0000), fitness=0.981244187
9131.81 secs, 237 evals, 165 steps, improv/step: 0.412 (last = 0.0000), fitness=0.981244187
9180.30 secs, 239 evals, 166 steps, improv/step: 0.410 (last = 0.0000), fitness=0.981244187
9225.81 secs, 240 evals, 167 steps, improv/step: 0.407 (last = 0.0000), fitness=0.981244187
9253.07 secs, 241 evals, 168 steps, improv/step: 0.411 (last = 1.0000), fitness=0.981244187
9277.07 secs, 242 evals, 169 steps, improv/step: 0.414 (last = 1.0000), fitness=0.981244187
9324.31 secs, 243 evals, 170 steps, improv/step: 0.418 (last = 1.0000), fitness=0.981244187
9345.43 secs, 244 evals, 171 steps, improv/step: 0.421 (last = 1.0000), fitness=0.981244187
9392.06 secs, 245 evals, 172 steps, improv/step: 0.424 (last = 1.0000), fitness=0.981244187
9461.11 secs, 247 evals, 173 steps, improv/step: 0.422 (last = 0.0000), fitness=0.981244187
9497.41 secs, 248 evals, 174 steps, improv/step: 0.420 (last = 0.0000), fitness=0.981244187
9519.39 secs, 249 evals, 175 steps, improv/step: 0.423 (last = 1.0000), fitness=0.981244187
9543.35 secs, 250 evals, 176 steps, improv/step: 0.426 (last = 1.0000), fitness=0.981244187
9580.10 secs, 251 evals, 177 steps, improv/step: 0.429 (last = 1.0000), fitness=0.981244187
9626.20 secs, 252 evals, 178 steps, improv/step: 0.427 (last = 0.0000), fitness=0.981244187
9669.54 secs, 253 evals, 179 steps, improv/step: 0.425 (last = 0.0000), fitness=0.981244187
9695.77 secs, 254 evals, 180 steps, improv/step: 0.428 (last = 1.0000), fitness=0.981244187
9726.12 secs, 255 evals, 181 steps, improv/step: 0.431 (last = 1.0000), fitness=0.981244187
9749.77 secs, 256 evals, 182 steps, improv/step: 0.434 (last = 1.0000), fitness=0.981244187
9770.43 secs, 257 evals, 183 steps, improv/step: 0.437 (last = 1.0000), fitness=0.981244187
9807.50 secs, 258 evals, 184 steps, improv/step: 0.435 (last = 0.0000), fitness=0.981244187
9841.88 secs, 259 evals, 185 steps, improv/step: 0.438 (last = 1.0000), fitness=0.981244187
9889.30 secs, 260 evals, 186 steps, improv/step: 0.435 (last = 0.0000), fitness=0.981244187
9916.75 secs, 261 evals, 187 steps, improv/step: 0.439 (last = 1.0000), fitness=0.981244187
9962.62 secs, 262 evals, 188 steps, improv/step: 0.436 (last = 0.0000), fitness=0.981244187
9984.24 secs, 263 evals, 189 steps, improv/step: 0.434 (last = 0.0000), fitness=0.981244187
10011.84 secs, 264 evals, 190 steps, improv/step: 0.432 (last = 0.0000), fitness=0.981244187
10052.09 secs, 265 evals, 191 steps, improv/step: 0.435 (last = 1.0000), fitness=0.981244187
10093.44 secs, 266 evals, 192 steps, improv/step: 0.432 (last = 0.0000), fitness=0.981244187
10134.09 secs, 267 evals, 193 steps, improv/step: 0.430 (last = 0.0000), fitness=0.981244187
10151.56 secs, 268 evals, 194 steps, improv/step: 0.428 (last = 0.0000), fitness=0.981244187
10166.11 secs, 269 evals, 195 steps, improv/step: 0.426 (last = 0.0000), fitness=0.981244187
10231.00 secs, 271 evals, 196 steps, improv/step: 0.429 (last = 1.0000), fitness=0.981244187
10266.02 secs, 272 evals, 197 steps, improv/step: 0.431 (last = 1.0000), fitness=0.981244187
10280.15 secs, 273 evals, 198 steps, improv/step: 0.429 (last = 0.0000), fitness=0.981244187
10317.62 secs, 274 evals, 199 steps, improv/step: 0.432 (last = 1.0000), fitness=0.981244187
10363.77 secs, 275 evals, 200 steps, improv/step: 0.430 (last = 0.0000), fitness=0.981244187
10402.22 secs, 276 evals, 201 steps, improv/step: 0.428 (last = 0.0000), fitness=0.981244187
10421.44 secs, 277 evals, 202 steps, improv/step: 0.431 (last = 1.0000), fitness=0.981244187
10435.36 secs, 278 evals, 203 steps, improv/step: 0.429 (last = 0.0000), fitness=0.981244187
10459.44 secs, 279 evals, 204 steps, improv/step: 0.426 (last = 0.0000), fitness=0.981244187
10484.94 secs, 280 evals, 205 steps, improv/step: 0.424 (last = 0.0000), fitness=0.981244187
10535.31 secs, 282 evals, 206 steps, improv/step: 0.422 (last = 0.0000), fitness=0.981244187
10575.00 secs, 283 evals, 207 steps, improv/step: 0.420 (last = 0.0000), fitness=0.981244187
10619.71 secs, 284 evals, 208 steps, improv/step: 0.418 (last = 0.0000), fitness=0.981244187
10689.73 secs, 286 evals, 209 steps, improv/step: 0.416 (last = 0.0000), fitness=0.981244187
10731.67 secs, 287 evals, 210 steps, improv/step: 0.414 (last = 0.0000), fitness=0.981244187
10751.41 secs, 288 evals, 211 steps, improv/step: 0.412 (last = 0.0000), fitness=0.981244187
10791.90 secs, 289 evals, 212 steps, improv/step: 0.410 (last = 0.0000), fitness=0.981244187

Optimization stopped after 213 steps and 10863.18 seconds
Termination reason: Max time (10800.0 s) reached
Steps per second = 0.02
Function evals per second = 0.03
Improvements/step = Inf
Total function evaluations = 291


Best candidate found: [0.219812, 0.910196]

Fitness: 0.856083603

