N_Jobs_Total: 14700
N_Runs: 60
Job: 10046, N_Quanta: 10, epsilon: 0.32, NT_per_Second: 25, mem_slope: 0.2
Job: 10047, N_Quanta: 10, epsilon: 0.32, NT_per_Second: 50, mem_slope: 0.2
Job: 10048, N_Quanta: 10, epsilon: 0.32, NT_per_Second: 100, mem_slope: 0.2
Job: 10049, N_Quanta: 10, epsilon: 0.32, NT_per_Second: 200, mem_slope: 0.2
Job: 10050, N_Quanta: 10, epsilon: 0.32, NT_per_Second: 400, mem_slope: 0.2
Job: 10051, N_Quanta: 11, epsilon: 0.32, NT_per_Second: 10, mem_slope: 0.2
Job: 10052, N_Quanta: 11, epsilon: 0.32, NT_per_Second: 25, mem_slope: 0.2
Job: 10053, N_Quanta: 11, epsilon: 0.32, NT_per_Second: 50, mem_slope: 0.2
Job: 10054, N_Quanta: 11, epsilon: 0.32, NT_per_Second: 100, mem_slope: 0.2
Job: 10055, N_Quanta: 11, epsilon: 0.32, NT_per_Second: 200, mem_slope: 0.2
Job: 10056, N_Quanta: 11, epsilon: 0.32, NT_per_Second: 400, mem_slope: 0.2
Job: 10057, N_Quanta: 12, epsilon: 0.32, NT_per_Second: 10, mem_slope: 0.2
Job: 10058, N_Quanta: 12, epsilon: 0.32, NT_per_Second: 25, mem_slope: 0.2
Job: 10059, N_Quanta: 12, epsilon: 0.32, NT_per_Second: 50, mem_slope: 0.2
Job: 10060, N_Quanta: 12, epsilon: 0.32, NT_per_Second: 100, mem_slope: 0.2
Job: 10061, N_Quanta: 12, epsilon: 0.32, NT_per_Second: 200, mem_slope: 0.2
Job: 10062, N_Quanta: 12, epsilon: 0.32, NT_per_Second: 400, mem_slope: 0.2
Job: 10063, N_Quanta: 13, epsilon: 0.32, NT_per_Second: 10, mem_slope: 0.2
Job: 10064, N_Quanta: 13, epsilon: 0.32, NT_per_Second: 25, mem_slope: 0.2
Job: 10065, N_Quanta: 13, epsilon: 0.32, NT_per_Second: 50, mem_slope: 0.2
Job: 10066, N_Quanta: 13, epsilon: 0.32, NT_per_Second: 100, mem_slope: 0.2
Job: 10067, N_Quanta: 13, epsilon: 0.32, NT_per_Second: 200, mem_slope: 0.2
Job: 10068, N_Quanta: 13, epsilon: 0.32, NT_per_Second: 400, mem_slope: 0.2
Job: 10069, N_Quanta: 14, epsilon: 0.32, NT_per_Second: 10, mem_slope: 0.2
Job: 10070, N_Quanta: 14, epsilon: 0.32, NT_per_Second: 25, mem_slope: 0.2
Job: 10071, N_Quanta: 14, epsilon: 0.32, NT_per_Second: 50, mem_slope: 0.2
Job: 10072, N_Quanta: 14, epsilon: 0.32, NT_per_Second: 100, mem_slope: 0.2
Job: 10073, N_Quanta: 14, epsilon: 0.32, NT_per_Second: 200, mem_slope: 0.2
Job: 10074, N_Quanta: 14, epsilon: 0.32, NT_per_Second: 400, mem_slope: 0.2
Job: 10075, N_Quanta: 15, epsilon: 0.32, NT_per_Second: 10, mem_slope: 0.2
Job: 10076, N_Quanta: 15, epsilon: 0.32, NT_per_Second: 25, mem_slope: 0.2
Job: 10077, N_Quanta: 15, epsilon: 0.32, NT_per_Second: 50, mem_slope: 0.2
Job: 10078, N_Quanta: 15, epsilon: 0.32, NT_per_Second: 100, mem_slope: 0.2
Job: 10079, N_Quanta: 15, epsilon: 0.32, NT_per_Second: 200, mem_slope: 0.2
Job: 10080, N_Quanta: 15, epsilon: 0.32, NT_per_Second: 400, mem_slope: 0.2
Job: 10081, N_Quanta: 16, epsilon: 0.32, NT_per_Second: 10, mem_slope: 0.2
Job: 10082, N_Quanta: 16, epsilon: 0.32, NT_per_Second: 25, mem_slope: 0.2
Job: 10083, N_Quanta: 16, epsilon: 0.32, NT_per_Second: 50, mem_slope: 0.2
Job: 10084, N_Quanta: 16, epsilon: 0.32, NT_per_Second: 100, mem_slope: 0.2
Job: 10085, N_Quanta: 16, epsilon: 0.32, NT_per_Second: 200, mem_slope: 0.2
Job: 10086, N_Quanta: 16, epsilon: 0.32, NT_per_Second: 400, mem_slope: 0.2
Job: 10087, N_Quanta: 17, epsilon: 0.32, NT_per_Second: 10, mem_slope: 0.2
Job: 10088, N_Quanta: 17, epsilon: 0.32, NT_per_Second: 25, mem_slope: 0.2
Job: 10089, N_Quanta: 17, epsilon: 0.32, NT_per_Second: 50, mem_slope: 0.2
Job: 10090, N_Quanta: 17, epsilon: 0.32, NT_per_Second: 100, mem_slope: 0.2
Job: 10091, N_Quanta: 17, epsilon: 0.32, NT_per_Second: 200, mem_slope: 0.2
Job: 10092, N_Quanta: 17, epsilon: 0.32, NT_per_Second: 400, mem_slope: 0.2
Job: 10093, N_Quanta: 18, epsilon: 0.32, NT_per_Second: 10, mem_slope: 0.2
Job: 10094, N_Quanta: 18, epsilon: 0.32, NT_per_Second: 25, mem_slope: 0.2
Job: 10095, N_Quanta: 18, epsilon: 0.32, NT_per_Second: 50, mem_slope: 0.2
Job: 10096, N_Quanta: 18, epsilon: 0.32, NT_per_Second: 100, mem_slope: 0.2
Job: 10097, N_Quanta: 18, epsilon: 0.32, NT_per_Second: 200, mem_slope: 0.2
Job: 10098, N_Quanta: 18, epsilon: 0.32, NT_per_Second: 400, mem_slope: 0.2
Job: 10099, N_Quanta: 19, epsilon: 0.32, NT_per_Second: 10, mem_slope: 0.2
Job: 10100, N_Quanta: 19, epsilon: 0.32, NT_per_Second: 25, mem_slope: 0.2
Job: 10101, N_Quanta: 19, epsilon: 0.32, NT_per_Second: 50, mem_slope: 0.2
Job: 10102, N_Quanta: 19, epsilon: 0.32, NT_per_Second: 100, mem_slope: 0.2
Job: 10103, N_Quanta: 19, epsilon: 0.32, NT_per_Second: 200, mem_slope: 0.2
Job: 10104, N_Quanta: 19, epsilon: 0.32, NT_per_Second: 400, mem_slope: 0.2
Job: 10105, N_Quanta: 20, epsilon: 0.32, NT_per_Second: 10, mem_slope: 0.2
Job: 10106, N_Quanta: 20, epsilon: 0.32, NT_per_Second: 25, mem_slope: 0.2
Job: 10107, N_Quanta: 20, epsilon: 0.32, NT_per_Second: 50, mem_slope: 0.2
Job: 10108, N_Quanta: 20, epsilon: 0.32, NT_per_Second: 100, mem_slope: 0.2
Job: 10109, N_Quanta: 20, epsilon: 0.32, NT_per_Second: 200, mem_slope: 0.2
Job: 10110, N_Quanta: 20, epsilon: 0.32, NT_per_Second: 400, mem_slope: 0.2
Job: 10111, N_Quanta: 21, epsilon: 0.32, NT_per_Second: 10, mem_slope: 0.2
Job: 10112, N_Quanta: 21, epsilon: 0.32, NT_per_Second: 25, mem_slope: 0.2
Job: 10113, N_Quanta: 21, epsilon: 0.32, NT_per_Second: 50, mem_slope: 0.2
Job: 10114, N_Quanta: 21, epsilon: 0.32, NT_per_Second: 100, mem_slope: 0.2
Job: 10115, N_Quanta: 21, epsilon: 0.32, NT_per_Second: 200, mem_slope: 0.2
Job: 10116, N_Quanta: 21, epsilon: 0.32, NT_per_Second: 400, mem_slope: 0.2
Job: 10117, N_Quanta: 22, epsilon: 0.32, NT_per_Second: 10, mem_slope: 0.2
Job: 10118, N_Quanta: 22, epsilon: 0.32, NT_per_Second: 25, mem_slope: 0.2
Job: 10119, N_Quanta: 22, epsilon: 0.32, NT_per_Second: 50, mem_slope: 0.2
Job: 10120, N_Quanta: 22, epsilon: 0.32, NT_per_Second: 100, mem_slope: 0.2
Job: 10121, N_Quanta: 22, epsilon: 0.32, NT_per_Second: 200, mem_slope: 0.2
Job: 10122, N_Quanta: 22, epsilon: 0.32, NT_per_Second: 400, mem_slope: 0.2
Job: 10123, N_Quanta: 23, epsilon: 0.32, NT_per_Second: 10, mem_slope: 0.2
Job: 10124, N_Quanta: 23, epsilon: 0.32, NT_per_Second: 25, mem_slope: 0.2
Job: 10125, N_Quanta: 23, epsilon: 0.32, NT_per_Second: 50, mem_slope: 0.2
Job: 10126, N_Quanta: 23, epsilon: 0.32, NT_per_Second: 100, mem_slope: 0.2
Job: 10127, N_Quanta: 23, epsilon: 0.32, NT_per_Second: 200, mem_slope: 0.2
Job: 10128, N_Quanta: 23, epsilon: 0.32, NT_per_Second: 400, mem_slope: 0.2
Job: 10129, N_Quanta: 24, epsilon: 0.32, NT_per_Second: 10, mem_slope: 0.2
Job: 10130, N_Quanta: 24, epsilon: 0.32, NT_per_Second: 25, mem_slope: 0.2
Job: 10131, N_Quanta: 24, epsilon: 0.32, NT_per_Second: 50, mem_slope: 0.2
Job: 10132, N_Quanta: 24, epsilon: 0.32, NT_per_Second: 100, mem_slope: 0.2
Job: 10133, N_Quanta: 24, epsilon: 0.32, NT_per_Second: 200, mem_slope: 0.2
Job: 10134, N_Quanta: 24, epsilon: 0.32, NT_per_Second: 400, mem_slope: 0.2
Job: 10135, N_Quanta: 25, epsilon: 0.32, NT_per_Second: 10, mem_slope: 0.2
Job: 10136, N_Quanta: 25, epsilon: 0.32, NT_per_Second: 25, mem_slope: 0.2
Job: 10137, N_Quanta: 25, epsilon: 0.32, NT_per_Second: 50, mem_slope: 0.2
Job: 10138, N_Quanta: 25, epsilon: 0.32, NT_per_Second: 100, mem_slope: 0.2
Job: 10139, N_Quanta: 25, epsilon: 0.32, NT_per_Second: 200, mem_slope: 0.2
Job: 10140, N_Quanta: 25, epsilon: 0.32, NT_per_Second: 400, mem_slope: 0.2
Job: 10141, N_Quanta: 26, epsilon: 0.32, NT_per_Second: 10, mem_slope: 0.2
Job: 10142, N_Quanta: 26, epsilon: 0.32, NT_per_Second: 25, mem_slope: 0.2
Job: 10143, N_Quanta: 26, epsilon: 0.32, NT_per_Second: 50, mem_slope: 0.2
Job: 10144, N_Quanta: 26, epsilon: 0.32, NT_per_Second: 100, mem_slope: 0.2
Job: 10145, N_Quanta: 26, epsilon: 0.32, NT_per_Second: 200, mem_slope: 0.2
Job: 10146, N_Quanta: 26, epsilon: 0.32, NT_per_Second: 400, mem_slope: 0.2
Job: 10147, N_Quanta: 27, epsilon: 0.32, NT_per_Second: 10, mem_slope: 0.2
Job: 10148, N_Quanta: 27, epsilon: 0.32, NT_per_Second: 25, mem_slope: 0.2
Job: 10149, N_Quanta: 27, epsilon: 0.32, NT_per_Second: 50, mem_slope: 0.2
Job: 10150, N_Quanta: 27, epsilon: 0.32, NT_per_Second: 100, mem_slope: 0.2
Job: 10151, N_Quanta: 27, epsilon: 0.32, NT_per_Second: 200, mem_slope: 0.2
Job: 10152, N_Quanta: 27, epsilon: 0.32, NT_per_Second: 400, mem_slope: 0.2
Job: 10153, N_Quanta: 28, epsilon: 0.32, NT_per_Second: 10, mem_slope: 0.2
Job: 10154, N_Quanta: 28, epsilon: 0.32, NT_per_Second: 25, mem_slope: 0.2
Job: 10155, N_Quanta: 28, epsilon: 0.32, NT_per_Second: 50, mem_slope: 0.2
Job: 10156, N_Quanta: 28, epsilon: 0.32, NT_per_Second: 100, mem_slope: 0.2
Job: 10157, N_Quanta: 28, epsilon: 0.32, NT_per_Second: 200, mem_slope: 0.2
Job: 10158, N_Quanta: 28, epsilon: 0.32, NT_per_Second: 400, mem_slope: 0.2
Job: 10159, N_Quanta: 29, epsilon: 0.32, NT_per_Second: 10, mem_slope: 0.2
Job: 10160, N_Quanta: 29, epsilon: 0.32, NT_per_Second: 25, mem_slope: 0.2
Job: 10161, N_Quanta: 29, epsilon: 0.32, NT_per_Second: 50, mem_slope: 0.2
Job: 10162, N_Quanta: 29, epsilon: 0.32, NT_per_Second: 100, mem_slope: 0.2
Job: 10163, N_Quanta: 29, epsilon: 0.32, NT_per_Second: 200, mem_slope: 0.2
Job: 10164, N_Quanta: 29, epsilon: 0.32, NT_per_Second: 400, mem_slope: 0.2
Job: 10165, N_Quanta: 30, epsilon: 0.32, NT_per_Second: 10, mem_slope: 0.2
Job: 10166, N_Quanta: 30, epsilon: 0.32, NT_per_Second: 25, mem_slope: 0.2
Job: 10167, N_Quanta: 30, epsilon: 0.32, NT_per_Second: 50, mem_slope: 0.2
Job: 10168, N_Quanta: 30, epsilon: 0.32, NT_per_Second: 100, mem_slope: 0.2
Job: 10169, N_Quanta: 30, epsilon: 0.32, NT_per_Second: 200, mem_slope: 0.2
Job: 10170, N_Quanta: 30, epsilon: 0.32, NT_per_Second: 400, mem_slope: 0.2
Job: 10171, N_Quanta: 31, epsilon: 0.32, NT_per_Second: 10, mem_slope: 0.2
Job: 10172, N_Quanta: 31, epsilon: 0.32, NT_per_Second: 25, mem_slope: 0.2
Job: 10173, N_Quanta: 31, epsilon: 0.32, NT_per_Second: 50, mem_slope: 0.2
Job: 10174, N_Quanta: 31, epsilon: 0.32, NT_per_Second: 100, mem_slope: 0.2
Job: 10175, N_Quanta: 31, epsilon: 0.32, NT_per_Second: 200, mem_slope: 0.2
Job: 10176, N_Quanta: 31, epsilon: 0.32, NT_per_Second: 400, mem_slope: 0.2
Job: 10177, N_Quanta: 32, epsilon: 0.32, NT_per_Second: 10, mem_slope: 0.2
Job: 10178, N_Quanta: 32, epsilon: 0.32, NT_per_Second: 25, mem_slope: 0.2
Job: 10179, N_Quanta: 32, epsilon: 0.32, NT_per_Second: 50, mem_slope: 0.2
Job: 10180, N_Quanta: 32, epsilon: 0.32, NT_per_Second: 100, mem_slope: 0.2
Job: 10181, N_Quanta: 32, epsilon: 0.32, NT_per_Second: 200, mem_slope: 0.2
Job: 10182, N_Quanta: 32, epsilon: 0.32, NT_per_Second: 400, mem_slope: 0.2
Job: 10183, N_Quanta: 33, epsilon: 0.32, NT_per_Second: 10, mem_slope: 0.2
Job: 10184, N_Quanta: 33, epsilon: 0.32, NT_per_Second: 25, mem_slope: 0.2
Job: 10185, N_Quanta: 33, epsilon: 0.32, NT_per_Second: 50, mem_slope: 0.2
Job: 10186, N_Quanta: 33, epsilon: 0.32, NT_per_Second: 100, mem_slope: 0.2
Job: 10187, N_Quanta: 33, epsilon: 0.32, NT_per_Second: 200, mem_slope: 0.2
Job: 10188, N_Quanta: 33, epsilon: 0.32, NT_per_Second: 400, mem_slope: 0.2
Job: 10189, N_Quanta: 34, epsilon: 0.32, NT_per_Second: 10, mem_slope: 0.2
Job: 10190, N_Quanta: 34, epsilon: 0.32, NT_per_Second: 25, mem_slope: 0.2
Job: 10191, N_Quanta: 34, epsilon: 0.32, NT_per_Second: 50, mem_slope: 0.2
Job: 10192, N_Quanta: 34, epsilon: 0.32, NT_per_Second: 100, mem_slope: 0.2
Job: 10193, N_Quanta: 34, epsilon: 0.32, NT_per_Second: 200, mem_slope: 0.2
Job: 10194, N_Quanta: 34, epsilon: 0.32, NT_per_Second: 400, mem_slope: 0.2
Job: 10195, N_Quanta: 35, epsilon: 0.32, NT_per_Second: 10, mem_slope: 0.2
Job: 10196, N_Quanta: 35, epsilon: 0.32, NT_per_Second: 25, mem_slope: 0.2
Job: 10197, N_Quanta: 35, epsilon: 0.32, NT_per_Second: 50, mem_slope: 0.2
Job: 10198, N_Quanta: 35, epsilon: 0.32, NT_per_Second: 100, mem_slope: 0.2
Job: 10199, N_Quanta: 35, epsilon: 0.32, NT_per_Second: 200, mem_slope: 0.2
Job: 10200, N_Quanta: 35, epsilon: 0.32, NT_per_Second: 400, mem_slope: 0.2
Job: 10201, N_Quanta: 36, epsilon: 0.32, NT_per_Second: 10, mem_slope: 0.2
Job: 10202, N_Quanta: 36, epsilon: 0.32, NT_per_Second: 25, mem_slope: 0.2
Job: 10203, N_Quanta: 36, epsilon: 0.32, NT_per_Second: 50, mem_slope: 0.2
Job: 10204, N_Quanta: 36, epsilon: 0.32, NT_per_Second: 100, mem_slope: 0.2
Job: 10205, N_Quanta: 36, epsilon: 0.32, NT_per_Second: 200, mem_slope: 0.2
Job: 10206, N_Quanta: 36, epsilon: 0.32, NT_per_Second: 400, mem_slope: 0.2
Job: 10207, N_Quanta: 37, epsilon: 0.32, NT_per_Second: 10, mem_slope: 0.2
Job: 10208, N_Quanta: 37, epsilon: 0.32, NT_per_Second: 25, mem_slope: 0.2
Job: 10209, N_Quanta: 37, epsilon: 0.32, NT_per_Second: 50, mem_slope: 0.2
Job: 10210, N_Quanta: 37, epsilon: 0.32, NT_per_Second: 100, mem_slope: 0.2
Job: 10211, N_Quanta: 37, epsilon: 0.32, NT_per_Second: 200, mem_slope: 0.2
Job: 10212, N_Quanta: 37, epsilon: 0.32, NT_per_Second: 400, mem_slope: 0.2
Job: 10213, N_Quanta: 38, epsilon: 0.32, NT_per_Second: 10, mem_slope: 0.2
Job: 10214, N_Quanta: 38, epsilon: 0.32, NT_per_Second: 25, mem_slope: 0.2
Job: 10215, N_Quanta: 38, epsilon: 0.32, NT_per_Second: 50, mem_slope: 0.2
Job: 10216, N_Quanta: 38, epsilon: 0.32, NT_per_Second: 100, mem_slope: 0.2
Job: 10217, N_Quanta: 38, epsilon: 0.32, NT_per_Second: 200, mem_slope: 0.2
Job: 10218, N_Quanta: 38, epsilon: 0.32, NT_per_Second: 400, mem_slope: 0.2
Job: 10219, N_Quanta: 39, epsilon: 0.32, NT_per_Second: 10, mem_slope: 0.2
Job: 10220, N_Quanta: 39, epsilon: 0.32, NT_per_Second: 25, mem_slope: 0.2
Job: 10221, N_Quanta: 39, epsilon: 0.32, NT_per_Second: 50, mem_slope: 0.2
Job: 10222, N_Quanta: 39, epsilon: 0.32, NT_per_Second: 100, mem_slope: 0.2
Job: 10223, N_Quanta: 39, epsilon: 0.32, NT_per_Second: 200, mem_slope: 0.2
Job: 10224, N_Quanta: 39, epsilon: 0.32, NT_per_Second: 400, mem_slope: 0.2
Job: 10225, N_Quanta: 40, epsilon: 0.32, NT_per_Second: 10, mem_slope: 0.2
Job: 10226, N_Quanta: 40, epsilon: 0.32, NT_per_Second: 25, mem_slope: 0.2
Job: 10227, N_Quanta: 40, epsilon: 0.32, NT_per_Second: 50, mem_slope: 0.2
Job: 10228, N_Quanta: 40, epsilon: 0.32, NT_per_Second: 100, mem_slope: 0.2
Job: 10229, N_Quanta: 40, epsilon: 0.32, NT_per_Second: 200, mem_slope: 0.2
Job: 10230, N_Quanta: 40, epsilon: 0.32, NT_per_Second: 400, mem_slope: 0.2
Job: 10231, N_Quanta: 41, epsilon: 0.32, NT_per_Second: 10, mem_slope: 0.2
Job: 10232, N_Quanta: 41, epsilon: 0.32, NT_per_Second: 25, mem_slope: 0.2
Job: 10233, N_Quanta: 41, epsilon: 0.32, NT_per_Second: 50, mem_slope: 0.2
Job: 10234, N_Quanta: 41, epsilon: 0.32, NT_per_Second: 100, mem_slope: 0.2
Job: 10235, N_Quanta: 41, epsilon: 0.32, NT_per_Second: 200, mem_slope: 0.2
Job: 10236, N_Quanta: 41, epsilon: 0.32, NT_per_Second: 400, mem_slope: 0.2
Job: 10237, N_Quanta: 42, epsilon: 0.32, NT_per_Second: 10, mem_slope: 0.2
Job: 10238, N_Quanta: 42, epsilon: 0.32, NT_per_Second: 25, mem_slope: 0.2
Job: 10239, N_Quanta: 42, epsilon: 0.32, NT_per_Second: 50, mem_slope: 0.2
Job: 10240, N_Quanta: 42, epsilon: 0.32, NT_per_Second: 100, mem_slope: 0.2
Job: 10241, N_Quanta: 42, epsilon: 0.32, NT_per_Second: 200, mem_slope: 0.2
Job: 10242, N_Quanta: 42, epsilon: 0.32, NT_per_Second: 400, mem_slope: 0.2
Job: 10243, N_Quanta: 43, epsilon: 0.32, NT_per_Second: 10, mem_slope: 0.2
Job: 10244, N_Quanta: 43, epsilon: 0.32, NT_per_Second: 25, mem_slope: 0.2
Job: 10245, N_Quanta: 43, epsilon: 0.32, NT_per_Second: 50, mem_slope: 0.2
Job: 10246, N_Quanta: 43, epsilon: 0.32, NT_per_Second: 100, mem_slope: 0.2
Job: 10247, N_Quanta: 43, epsilon: 0.32, NT_per_Second: 200, mem_slope: 0.2
Job: 10248, N_Quanta: 43, epsilon: 0.32, NT_per_Second: 400, mem_slope: 0.2
Job: 10249, N_Quanta: 44, epsilon: 0.32, NT_per_Second: 10, mem_slope: 0.2
Job: 10250, N_Quanta: 44, epsilon: 0.32, NT_per_Second: 25, mem_slope: 0.2
Job: 10251, N_Quanta: 44, epsilon: 0.32, NT_per_Second: 50, mem_slope: 0.2
Job: 10252, N_Quanta: 44, epsilon: 0.32, NT_per_Second: 100, mem_slope: 0.2
Job: 10253, N_Quanta: 44, epsilon: 0.32, NT_per_Second: 200, mem_slope: 0.2
Job: 10254, N_Quanta: 44, epsilon: 0.32, NT_per_Second: 400, mem_slope: 0.2
Job: 10255, N_Quanta: 45, epsilon: 0.32, NT_per_Second: 10, mem_slope: 0.2
Job: 10256, N_Quanta: 45, epsilon: 0.32, NT_per_Second: 25, mem_slope: 0.2
Job: 10257, N_Quanta: 45, epsilon: 0.32, NT_per_Second: 50, mem_slope: 0.2
Job: 10258, N_Quanta: 45, epsilon: 0.32, NT_per_Second: 100, mem_slope: 0.2
Job: 10259, N_Quanta: 45, epsilon: 0.32, NT_per_Second: 200, mem_slope: 0.2
Job: 10260, N_Quanta: 45, epsilon: 0.32, NT_per_Second: 400, mem_slope: 0.2
Job: 10261, N_Quanta: 46, epsilon: 0.32, NT_per_Second: 10, mem_slope: 0.2
Job: 10262, N_Quanta: 46, epsilon: 0.32, NT_per_Second: 25, mem_slope: 0.2
Job: 10263, N_Quanta: 46, epsilon: 0.32, NT_per_Second: 50, mem_slope: 0.2
Job: 10264, N_Quanta: 46, epsilon: 0.32, NT_per_Second: 100, mem_slope: 0.2
Job: 10265, N_Quanta: 46, epsilon: 0.32, NT_per_Second: 200, mem_slope: 0.2
Job: 10266, N_Quanta: 46, epsilon: 0.32, NT_per_Second: 400, mem_slope: 0.2
Job: 10267, N_Quanta: 47, epsilon: 0.32, NT_per_Second: 10, mem_slope: 0.2
Job: 10268, N_Quanta: 47, epsilon: 0.32, NT_per_Second: 25, mem_slope: 0.2
Job: 10269, N_Quanta: 47, epsilon: 0.32, NT_per_Second: 50, mem_slope: 0.2
Job: 10270, N_Quanta: 47, epsilon: 0.32, NT_per_Second: 100, mem_slope: 0.2
Job: 10271, N_Quanta: 47, epsilon: 0.32, NT_per_Second: 200, mem_slope: 0.2
Job: 10272, N_Quanta: 47, epsilon: 0.32, NT_per_Second: 400, mem_slope: 0.2
Job: 10273, N_Quanta: 48, epsilon: 0.32, NT_per_Second: 10, mem_slope: 0.2
Job: 10274, N_Quanta: 48, epsilon: 0.32, NT_per_Second: 25, mem_slope: 0.2
Job: 10275, N_Quanta: 48, epsilon: 0.32, NT_per_Second: 50, mem_slope: 0.2
Job: 10276, N_Quanta: 48, epsilon: 0.32, NT_per_Second: 100, mem_slope: 0.2
Job: 10277, N_Quanta: 48, epsilon: 0.32, NT_per_Second: 200, mem_slope: 0.2
Job: 10278, N_Quanta: 48, epsilon: 0.32, NT_per_Second: 400, mem_slope: 0.2
Job: 10279, N_Quanta: 49, epsilon: 0.32, NT_per_Second: 10, mem_slope: 0.2
Job: 10280, N_Quanta: 49, epsilon: 0.32, NT_per_Second: 25, mem_slope: 0.2
Job: 10281, N_Quanta: 49, epsilon: 0.32, NT_per_Second: 50, mem_slope: 0.2
Job: 10282, N_Quanta: 49, epsilon: 0.32, NT_per_Second: 100, mem_slope: 0.2
Job: 10283, N_Quanta: 49, epsilon: 0.32, NT_per_Second: 200, mem_slope: 0.2
Job: 10284, N_Quanta: 49, epsilon: 0.32, NT_per_Second: 400, mem_slope: 0.2
Job: 10285, N_Quanta: 50, epsilon: 0.32, NT_per_Second: 10, mem_slope: 0.2
Job: 10286, N_Quanta: 50, epsilon: 0.32, NT_per_Second: 25, mem_slope: 0.2
Job: 10287, N_Quanta: 50, epsilon: 0.32, NT_per_Second: 50, mem_slope: 0.2
Job: 10288, N_Quanta: 50, epsilon: 0.32, NT_per_Second: 100, mem_slope: 0.2
Job: 10289, N_Quanta: 50, epsilon: 0.32, NT_per_Second: 200, mem_slope: 0.2
Job: 10290, N_Quanta: 50, epsilon: 0.32, NT_per_Second: 400, mem_slope: 0.2
