N_Jobs_Total: 144
Starting optimization with optimizer DiffEvoOpt{FitPopulation{Float64}, RadiusLimitedSelector, BlackBoxOptim.AdaptiveDiffEvoRandBin{3}, RandomBound{ContinuousRectSearchSpace}}
0.00 secs, 0 evals, 0 steps
23.71 secs, 2 evals, 1 steps, fitness=4.678034219
48.62 secs, 4 evals, 2 steps, fitness=4.678034219
72.02 secs, 6 evals, 3 steps, fitness=4.678034219
95.20 secs, 8 evals, 4 steps, fitness=4.678034219
120.08 secs, 10 evals, 5 steps, improv/step: 0.200 (last = 1.0000), fitness=4.678034219
143.35 secs, 12 evals, 6 steps, improv/step: 0.167 (last = 0.0000), fitness=4.678034219
168.51 secs, 14 evals, 7 steps, improv/step: 0.286 (last = 1.0000), fitness=4.678034219
191.99 secs, 16 evals, 8 steps, improv/step: 0.375 (last = 1.0000), fitness=4.678034219
216.74 secs, 18 evals, 9 steps, improv/step: 0.444 (last = 1.0000), fitness=4.678034219
240.64 secs, 20 evals, 10 steps, improv/step: 0.400 (last = 0.0000), fitness=4.678034219
262.19 secs, 22 evals, 11 steps, improv/step: 0.455 (last = 1.0000), fitness=2.214128484
286.58 secs, 24 evals, 12 steps, improv/step: 0.500 (last = 1.0000), fitness=2.214128484
311.96 secs, 26 evals, 13 steps, improv/step: 0.538 (last = 1.0000), fitness=2.214128484
328.64 secs, 28 evals, 14 steps, improv/step: 0.500 (last = 0.0000), fitness=2.214128484
344.74 secs, 30 evals, 15 steps, improv/step: 0.467 (last = 0.0000), fitness=2.214128484
367.69 secs, 32 evals, 16 steps, improv/step: 0.438 (last = 0.0000), fitness=2.214128484
391.91 secs, 34 evals, 17 steps, improv/step: 0.412 (last = 0.0000), fitness=2.214128484
417.10 secs, 36 evals, 18 steps, improv/step: 0.389 (last = 0.0000), fitness=2.214128484
439.05 secs, 38 evals, 19 steps, improv/step: 0.368 (last = 0.0000), fitness=2.214128484
460.86 secs, 40 evals, 20 steps, improv/step: 0.350 (last = 0.0000), fitness=2.214128484
472.55 secs, 41 evals, 21 steps, improv/step: 0.381 (last = 1.0000), fitness=2.214128484
495.75 secs, 43 evals, 22 steps, improv/step: 0.409 (last = 1.0000), fitness=2.214128484
506.06 secs, 44 evals, 23 steps, improv/step: 0.435 (last = 1.0000), fitness=1.715364385
518.13 secs, 46 evals, 24 steps, improv/step: 0.417 (last = 0.0000), fitness=1.715364385
543.16 secs, 48 evals, 25 steps, improv/step: 0.400 (last = 0.0000), fitness=1.715364385
565.06 secs, 50 evals, 26 steps, improv/step: 0.423 (last = 1.0000), fitness=1.715364385
590.22 secs, 52 evals, 27 steps, improv/step: 0.407 (last = 0.0000), fitness=1.715364385
607.55 secs, 54 evals, 28 steps, improv/step: 0.393 (last = 0.0000), fitness=1.715364385
631.71 secs, 56 evals, 29 steps, improv/step: 0.414 (last = 1.0000), fitness=1.715364385
647.17 secs, 58 evals, 30 steps, improv/step: 0.433 (last = 1.0000), fitness=1.715364385
671.20 secs, 60 evals, 31 steps, improv/step: 0.419 (last = 0.0000), fitness=1.715364385
683.03 secs, 61 evals, 32 steps, improv/step: 0.438 (last = 1.0000), fitness=1.715364385
696.98 secs, 63 evals, 33 steps, improv/step: 0.424 (last = 0.0000), fitness=1.715364385
706.08 secs, 64 evals, 34 steps, improv/step: 0.441 (last = 1.0000), fitness=1.436911225
731.38 secs, 66 evals, 35 steps, improv/step: 0.457 (last = 1.0000), fitness=1.436911225
754.68 secs, 68 evals, 36 steps, improv/step: 0.472 (last = 1.0000), fitness=1.436911225
767.29 secs, 69 evals, 37 steps, improv/step: 0.459 (last = 0.0000), fitness=1.436911225
779.83 secs, 70 evals, 38 steps, improv/step: 0.474 (last = 1.0000), fitness=1.436911225
804.81 secs, 72 evals, 39 steps, improv/step: 0.462 (last = 0.0000), fitness=1.436911225
825.85 secs, 74 evals, 40 steps, improv/step: 0.475 (last = 1.0000), fitness=1.436911225
846.56 secs, 76 evals, 41 steps, improv/step: 0.488 (last = 1.0000), fitness=1.436911225
871.41 secs, 78 evals, 42 steps, improv/step: 0.476 (last = 0.0000), fitness=1.436911225
882.55 secs, 79 evals, 43 steps, improv/step: 0.465 (last = 0.0000), fitness=1.436911225
894.55 secs, 80 evals, 44 steps, improv/step: 0.455 (last = 0.0000), fitness=1.436911225
906.23 secs, 81 evals, 45 steps, improv/step: 0.467 (last = 1.0000), fitness=1.436911225
931.36 secs, 83 evals, 46 steps, improv/step: 0.478 (last = 1.0000), fitness=1.436911225
955.96 secs, 85 evals, 47 steps, improv/step: 0.489 (last = 1.0000), fitness=1.436911225
972.46 secs, 87 evals, 48 steps, improv/step: 0.479 (last = 0.0000), fitness=1.436911225
988.54 secs, 89 evals, 49 steps, improv/step: 0.469 (last = 0.0000), fitness=1.436911225
997.12 secs, 91 evals, 50 steps, improv/step: 0.460 (last = 0.0000), fitness=1.436911225
1020.16 secs, 93 evals, 51 steps, improv/step: 0.471 (last = 1.0000), fitness=1.436911225
1042.97 secs, 95 evals, 52 steps, improv/step: 0.481 (last = 1.0000), fitness=1.436911225
1055.36 secs, 96 evals, 53 steps, improv/step: 0.472 (last = 0.0000), fitness=1.436911225
1076.15 secs, 98 evals, 54 steps, improv/step: 0.463 (last = 0.0000), fitness=1.436911225
1090.27 secs, 100 evals, 55 steps, improv/step: 0.455 (last = 0.0000), fitness=1.436911225
1094.79 secs, 101 evals, 56 steps, improv/step: 0.446 (last = 0.0000), fitness=1.436911225
1107.30 secs, 102 evals, 57 steps, improv/step: 0.439 (last = 0.0000), fitness=1.436911225
1113.34 secs, 103 evals, 58 steps, improv/step: 0.431 (last = 0.0000), fitness=1.436911225
1125.98 secs, 104 evals, 59 steps, improv/step: 0.424 (last = 0.0000), fitness=1.436911225
1138.42 secs, 105 evals, 60 steps, improv/step: 0.433 (last = 1.0000), fitness=1.436911225
1151.87 secs, 107 evals, 61 steps, improv/step: 0.426 (last = 0.0000), fitness=1.436911225
1164.27 secs, 108 evals, 62 steps, improv/step: 0.419 (last = 0.0000), fitness=1.436911225
1186.97 secs, 110 evals, 63 steps, improv/step: 0.413 (last = 0.0000), fitness=1.436911225
1211.27 secs, 112 evals, 64 steps, improv/step: 0.406 (last = 0.0000), fitness=1.436911225
1234.01 secs, 114 evals, 65 steps, improv/step: 0.400 (last = 0.0000), fitness=1.436911225
1250.82 secs, 116 evals, 66 steps, improv/step: 0.394 (last = 0.0000), fitness=1.436911225
1276.05 secs, 118 evals, 67 steps, improv/step: 0.403 (last = 1.0000), fitness=1.436911225
1288.62 secs, 119 evals, 68 steps, improv/step: 0.397 (last = 0.0000), fitness=1.436911225
1307.57 secs, 121 evals, 69 steps, improv/step: 0.391 (last = 0.0000), fitness=1.436911225
1329.04 secs, 123 evals, 70 steps, improv/step: 0.386 (last = 0.0000), fitness=1.436911225
1353.79 secs, 125 evals, 71 steps, improv/step: 0.380 (last = 0.0000), fitness=1.436911225
1371.77 secs, 127 evals, 72 steps, improv/step: 0.389 (last = 1.0000), fitness=1.436911225
1397.00 secs, 129 evals, 73 steps, improv/step: 0.397 (last = 1.0000), fitness=1.436911225
1421.19 secs, 131 evals, 74 steps, improv/step: 0.405 (last = 1.0000), fitness=1.436911225
1433.63 secs, 132 evals, 75 steps, improv/step: 0.413 (last = 1.0000), fitness=1.436911225
1447.49 secs, 134 evals, 76 steps, improv/step: 0.421 (last = 1.0000), fitness=1.436911225
1459.34 secs, 135 evals, 77 steps, improv/step: 0.416 (last = 0.0000), fitness=1.436911225
1468.90 secs, 136 evals, 78 steps, improv/step: 0.423 (last = 1.0000), fitness=1.436911225
1493.86 secs, 138 evals, 79 steps, improv/step: 0.418 (last = 0.0000), fitness=1.436911225
1519.23 secs, 140 evals, 80 steps, improv/step: 0.412 (last = 0.0000), fitness=1.436911225
1532.09 secs, 141 evals, 81 steps, improv/step: 0.407 (last = 0.0000), fitness=1.436911225
1547.12 secs, 143 evals, 82 steps, improv/step: 0.402 (last = 0.0000), fitness=1.436911225
1569.68 secs, 145 evals, 83 steps, improv/step: 0.398 (last = 0.0000), fitness=1.436911225
1579.84 secs, 146 evals, 84 steps, improv/step: 0.393 (last = 0.0000), fitness=1.436911225
1602.74 secs, 148 evals, 85 steps, improv/step: 0.388 (last = 0.0000), fitness=1.436911225
1614.66 secs, 149 evals, 86 steps, improv/step: 0.395 (last = 1.0000), fitness=1.436911225
1624.20 secs, 150 evals, 87 steps, improv/step: 0.402 (last = 1.0000), fitness=1.436911225
1640.87 secs, 152 evals, 88 steps, improv/step: 0.409 (last = 1.0000), fitness=1.436911225
1665.38 secs, 154 evals, 89 steps, improv/step: 0.404 (last = 0.0000), fitness=1.436911225
1681.46 secs, 156 evals, 90 steps, improv/step: 0.411 (last = 1.0000), fitness=1.436911225
1703.63 secs, 158 evals, 91 steps, improv/step: 0.407 (last = 0.0000), fitness=1.436911225
1727.30 secs, 160 evals, 92 steps, improv/step: 0.402 (last = 0.0000), fitness=1.436911225
1749.69 secs, 162 evals, 93 steps, improv/step: 0.398 (last = 0.0000), fitness=1.436911225
1760.86 secs, 163 evals, 94 steps, improv/step: 0.404 (last = 1.0000), fitness=1.436911225
1772.87 secs, 164 evals, 95 steps, improv/step: 0.400 (last = 0.0000), fitness=1.436911225
1792.16 secs, 166 evals, 96 steps, improv/step: 0.396 (last = 0.0000), fitness=1.436911225
1800.31 secs, 167 evals, 97 steps, improv/step: 0.392 (last = 0.0000), fitness=1.436911225
1803.96 secs, 168 evals, 98 steps, improv/step: 0.398 (last = 1.0000), fitness=1.436911225
1816.46 secs, 169 evals, 99 steps, improv/step: 0.394 (last = 0.0000), fitness=1.436911225
1830.27 secs, 171 evals, 100 steps, improv/step: 0.390 (last = 0.0000), fitness=1.436911225
1840.43 secs, 172 evals, 101 steps, improv/step: 0.386 (last = 0.0000), fitness=1.436911225
1853.14 secs, 173 evals, 102 steps, improv/step: 0.382 (last = 0.0000), fitness=1.436911225
1864.68 secs, 174 evals, 103 steps, improv/step: 0.379 (last = 0.0000), fitness=1.436911225
1868.57 secs, 175 evals, 104 steps, improv/step: 0.385 (last = 1.0000), fitness=1.436911225
1888.36 secs, 177 evals, 105 steps, improv/step: 0.381 (last = 0.0000), fitness=1.436911225
1908.02 secs, 179 evals, 106 steps, improv/step: 0.377 (last = 0.0000), fitness=1.436911225
1920.55 secs, 180 evals, 107 steps, improv/step: 0.374 (last = 0.0000), fitness=1.436911225
1941.92 secs, 182 evals, 108 steps, improv/step: 0.370 (last = 0.0000), fitness=1.436911225
1965.07 secs, 184 evals, 109 steps, improv/step: 0.376 (last = 1.0000), fitness=1.436911225
1976.79 secs, 185 evals, 110 steps, improv/step: 0.373 (last = 0.0000), fitness=1.436911225
1989.57 secs, 186 evals, 111 steps, improv/step: 0.369 (last = 0.0000), fitness=1.436911225
2013.61 secs, 188 evals, 112 steps, improv/step: 0.375 (last = 1.0000), fitness=1.436911225
2026.23 secs, 189 evals, 113 steps, improv/step: 0.372 (last = 0.0000), fitness=1.436911225
2037.92 secs, 190 evals, 114 steps, improv/step: 0.368 (last = 0.0000), fitness=1.436911225
2049.68 secs, 191 evals, 115 steps, improv/step: 0.365 (last = 0.0000), fitness=1.436911225
2073.51 secs, 193 evals, 116 steps, improv/step: 0.362 (last = 0.0000), fitness=1.436911225
2083.53 secs, 194 evals, 117 steps, improv/step: 0.368 (last = 1.0000), fitness=1.436911225
2103.26 secs, 196 evals, 118 steps, improv/step: 0.364 (last = 0.0000), fitness=1.436911225
2114.97 secs, 197 evals, 119 steps, improv/step: 0.370 (last = 1.0000), fitness=1.436911225
2139.79 secs, 199 evals, 120 steps, improv/step: 0.375 (last = 1.0000), fitness=1.436911225
2155.11 secs, 201 evals, 121 steps, improv/step: 0.372 (last = 0.0000), fitness=1.436911225
2179.96 secs, 203 evals, 122 steps, improv/step: 0.369 (last = 0.0000), fitness=1.436911225
2186.41 secs, 204 evals, 123 steps, improv/step: 0.366 (last = 0.0000), fitness=1.436911225
2208.54 secs, 206 evals, 124 steps, improv/step: 0.371 (last = 1.0000), fitness=1.436911225
2227.24 secs, 208 evals, 125 steps, improv/step: 0.368 (last = 0.0000), fitness=1.436911225
2239.91 secs, 209 evals, 126 steps, improv/step: 0.365 (last = 0.0000), fitness=1.436911225
2264.35 secs, 211 evals, 127 steps, improv/step: 0.370 (last = 1.0000), fitness=1.436911225
2276.91 secs, 212 evals, 128 steps, improv/step: 0.367 (last = 0.0000), fitness=1.436911225
2287.84 secs, 213 evals, 129 steps, improv/step: 0.364 (last = 0.0000), fitness=1.436911225
2307.13 secs, 215 evals, 130 steps, improv/step: 0.362 (last = 0.0000), fitness=1.436911225
2319.26 secs, 216 evals, 131 steps, improv/step: 0.359 (last = 0.0000), fitness=1.436911225
2331.72 secs, 217 evals, 132 steps, improv/step: 0.356 (last = 0.0000), fitness=1.436911225
2343.47 secs, 218 evals, 133 steps, improv/step: 0.353 (last = 0.0000), fitness=1.436911225
2368.04 secs, 220 evals, 134 steps, improv/step: 0.358 (last = 1.0000), fitness=1.436911225
2387.11 secs, 222 evals, 135 steps, improv/step: 0.356 (last = 0.0000), fitness=1.436911225
2390.64 secs, 223 evals, 136 steps, improv/step: 0.353 (last = 0.0000), fitness=1.436911225
2401.14 secs, 224 evals, 137 steps, improv/step: 0.358 (last = 1.0000), fitness=1.436911225
2412.41 secs, 225 evals, 138 steps, improv/step: 0.355 (last = 0.0000), fitness=1.436911225
2427.34 secs, 227 evals, 139 steps, improv/step: 0.353 (last = 0.0000), fitness=1.436911225
2439.28 secs, 228 evals, 140 steps, improv/step: 0.350 (last = 0.0000), fitness=1.436911225
2450.04 secs, 229 evals, 141 steps, improv/step: 0.348 (last = 0.0000), fitness=1.436911225
2462.51 secs, 230 evals, 142 steps, improv/step: 0.345 (last = 0.0000), fitness=1.436911225
2478.80 secs, 232 evals, 143 steps, improv/step: 0.343 (last = 0.0000), fitness=1.436911225
2488.01 secs, 233 evals, 144 steps, improv/step: 0.340 (last = 0.0000), fitness=1.436911225
2509.93 secs, 235 evals, 145 steps, improv/step: 0.338 (last = 0.0000), fitness=1.436911225
2521.80 secs, 236 evals, 146 steps, improv/step: 0.336 (last = 0.0000), fitness=1.436911225
2543.55 secs, 238 evals, 147 steps, improv/step: 0.340 (last = 1.0000), fitness=1.436911225
2555.97 secs, 239 evals, 148 steps, improv/step: 0.338 (last = 0.0000), fitness=1.436911225
2576.49 secs, 241 evals, 149 steps, improv/step: 0.342 (last = 1.0000), fitness=1.436911225
2584.20 secs, 242 evals, 150 steps, improv/step: 0.347 (last = 1.0000), fitness=1.436911225
2594.61 secs, 243 evals, 151 steps, improv/step: 0.344 (last = 0.0000), fitness=1.436911225
2619.02 secs, 245 evals, 152 steps, improv/step: 0.349 (last = 1.0000), fitness=1.436911225
2630.77 secs, 246 evals, 153 steps, improv/step: 0.346 (last = 0.0000), fitness=1.436911225
2640.90 secs, 247 evals, 154 steps, improv/step: 0.344 (last = 0.0000), fitness=1.436911225
2650.64 secs, 248 evals, 155 steps, improv/step: 0.348 (last = 1.0000), fitness=1.436911225
2662.96 secs, 249 evals, 156 steps, improv/step: 0.346 (last = 0.0000), fitness=1.436911225
2669.91 secs, 250 evals, 157 steps, improv/step: 0.350 (last = 1.0000), fitness=1.436911225
2682.07 secs, 251 evals, 158 steps, improv/step: 0.348 (last = 0.0000), fitness=1.436911225
2690.54 secs, 252 evals, 159 steps, improv/step: 0.346 (last = 0.0000), fitness=1.436911225
2702.53 secs, 253 evals, 160 steps, improv/step: 0.344 (last = 0.0000), fitness=1.436911225
2722.97 secs, 255 evals, 161 steps, improv/step: 0.348 (last = 1.0000), fitness=1.436911225
2734.13 secs, 256 evals, 162 steps, improv/step: 0.346 (last = 0.0000), fitness=1.436911225
2746.88 secs, 257 evals, 163 steps, improv/step: 0.344 (last = 0.0000), fitness=1.436911225
2759.58 secs, 258 evals, 164 steps, improv/step: 0.348 (last = 1.0000), fitness=1.436911225
2767.45 secs, 259 evals, 165 steps, improv/step: 0.352 (last = 1.0000), fitness=1.436911225
2777.59 secs, 260 evals, 166 steps, improv/step: 0.349 (last = 0.0000), fitness=1.436911225
2788.76 secs, 261 evals, 167 steps, improv/step: 0.347 (last = 0.0000), fitness=1.436911225
2801.54 secs, 262 evals, 168 steps, improv/step: 0.345 (last = 0.0000), fitness=1.436911225
2813.77 secs, 263 evals, 169 steps, improv/step: 0.343 (last = 0.0000), fitness=1.436911225
2837.31 secs, 265 evals, 170 steps, improv/step: 0.341 (last = 0.0000), fitness=1.436911225
2852.75 secs, 267 evals, 171 steps, improv/step: 0.339 (last = 0.0000), fitness=1.436911225
2863.95 secs, 268 evals, 172 steps, improv/step: 0.337 (last = 0.0000), fitness=1.436911225
2870.26 secs, 269 evals, 173 steps, improv/step: 0.335 (last = 0.0000), fitness=1.436911225
2881.13 secs, 270 evals, 174 steps, improv/step: 0.333 (last = 0.0000), fitness=1.436911225
2904.21 secs, 272 evals, 175 steps, improv/step: 0.337 (last = 1.0000), fitness=1.436911225
2916.02 secs, 273 evals, 176 steps, improv/step: 0.335 (last = 0.0000), fitness=1.436911225
2926.60 secs, 274 evals, 177 steps, improv/step: 0.339 (last = 1.0000), fitness=1.436911225
2935.40 secs, 275 evals, 178 steps, improv/step: 0.343 (last = 1.0000), fitness=1.436911225
2947.96 secs, 276 evals, 179 steps, improv/step: 0.341 (last = 0.0000), fitness=1.436911225
2960.06 secs, 277 evals, 180 steps, improv/step: 0.344 (last = 1.0000), fitness=1.436911225
2985.14 secs, 279 evals, 181 steps, improv/step: 0.348 (last = 1.0000), fitness=1.436911225
2997.83 secs, 280 evals, 182 steps, improv/step: 0.346 (last = 0.0000), fitness=1.436911225
3016.48 secs, 282 evals, 183 steps, improv/step: 0.350 (last = 1.0000), fitness=1.436911225
3026.45 secs, 283 evals, 184 steps, improv/step: 0.348 (last = 0.0000), fitness=1.436911225
3037.65 secs, 284 evals, 185 steps, improv/step: 0.346 (last = 0.0000), fitness=1.436911225
3049.51 secs, 285 evals, 186 steps, improv/step: 0.349 (last = 1.0000), fitness=1.436911225
3062.34 secs, 286 evals, 187 steps, improv/step: 0.348 (last = 0.0000), fitness=1.436911225
3072.57 secs, 287 evals, 188 steps, improv/step: 0.346 (last = 0.0000), fitness=1.436911225
3085.24 secs, 288 evals, 189 steps, improv/step: 0.344 (last = 0.0000), fitness=1.436911225
3097.17 secs, 289 evals, 190 steps, improv/step: 0.342 (last = 0.0000), fitness=1.436911225
3108.84 secs, 290 evals, 191 steps, improv/step: 0.340 (last = 0.0000), fitness=1.436911225
3134.37 secs, 292 evals, 192 steps, improv/step: 0.339 (last = 0.0000), fitness=1.436911225
3144.67 secs, 293 evals, 193 steps, improv/step: 0.342 (last = 1.0000), fitness=1.436911225
3155.57 secs, 294 evals, 194 steps, improv/step: 0.340 (last = 0.0000), fitness=1.436911225
3159.33 secs, 295 evals, 195 steps, improv/step: 0.338 (last = 0.0000), fitness=1.436911225
3169.17 secs, 296 evals, 196 steps, improv/step: 0.342 (last = 1.0000), fitness=1.436911225
3178.90 secs, 297 evals, 197 steps, improv/step: 0.345 (last = 1.0000), fitness=1.436911225
3188.46 secs, 298 evals, 198 steps, improv/step: 0.343 (last = 0.0000), fitness=1.436911225
3212.62 secs, 300 evals, 199 steps, improv/step: 0.342 (last = 0.0000), fitness=1.436911225
3219.81 secs, 301 evals, 200 steps, improv/step: 0.345 (last = 1.0000), fitness=1.436911225
3231.78 secs, 302 evals, 201 steps, improv/step: 0.343 (last = 0.0000), fitness=1.436911225
3238.40 secs, 303 evals, 202 steps, improv/step: 0.342 (last = 0.0000), fitness=1.436911225
3262.53 secs, 305 evals, 203 steps, improv/step: 0.340 (last = 0.0000), fitness=1.436911225
3287.12 secs, 307 evals, 204 steps, improv/step: 0.343 (last = 1.0000), fitness=1.436911225
3298.62 secs, 308 evals, 205 steps, improv/step: 0.341 (last = 0.0000), fitness=1.436911225
3309.52 secs, 309 evals, 206 steps, improv/step: 0.340 (last = 0.0000), fitness=1.436911225
3319.25 secs, 310 evals, 207 steps, improv/step: 0.343 (last = 1.0000), fitness=1.436911225
3329.72 secs, 311 evals, 208 steps, improv/step: 0.346 (last = 1.0000), fitness=1.436911225
3347.98 secs, 313 evals, 209 steps, improv/step: 0.344 (last = 0.0000), fitness=1.436911225
3359.88 secs, 314 evals, 210 steps, improv/step: 0.343 (last = 0.0000), fitness=1.436911225
3371.19 secs, 315 evals, 211 steps, improv/step: 0.346 (last = 1.0000), fitness=1.436911225
3375.80 secs, 316 evals, 212 steps, improv/step: 0.344 (last = 0.0000), fitness=1.436911225
3397.25 secs, 318 evals, 213 steps, improv/step: 0.347 (last = 1.0000), fitness=1.436911225
3400.82 secs, 319 evals, 214 steps, improv/step: 0.346 (last = 0.0000), fitness=1.436911225
3412.83 secs, 320 evals, 215 steps, improv/step: 0.344 (last = 0.0000), fitness=1.436911225
3423.61 secs, 321 evals, 216 steps, improv/step: 0.343 (last = 0.0000), fitness=1.436911225
3429.51 secs, 322 evals, 217 steps, improv/step: 0.341 (last = 0.0000), fitness=1.436911225
3441.42 secs, 323 evals, 218 steps, improv/step: 0.339 (last = 0.0000), fitness=1.436911225
3452.89 secs, 324 evals, 219 steps, improv/step: 0.338 (last = 0.0000), fitness=1.436911225
3465.19 secs, 325 evals, 220 steps, improv/step: 0.341 (last = 1.0000), fitness=1.436911225
3472.06 secs, 326 evals, 221 steps, improv/step: 0.344 (last = 1.0000), fitness=1.436911225
3483.59 secs, 327 evals, 222 steps, improv/step: 0.342 (last = 0.0000), fitness=1.436911225
3487.41 secs, 328 evals, 223 steps, improv/step: 0.341 (last = 0.0000), fitness=1.436911225
3499.69 secs, 330 evals, 224 steps, improv/step: 0.339 (last = 0.0000), fitness=1.436911225
3511.47 secs, 331 evals, 225 steps, improv/step: 0.338 (last = 0.0000), fitness=1.436911225
3523.78 secs, 332 evals, 226 steps, improv/step: 0.336 (last = 0.0000), fitness=1.436911225
3534.46 secs, 333 evals, 227 steps, improv/step: 0.339 (last = 1.0000), fitness=1.436911225
3545.26 secs, 334 evals, 228 steps, improv/step: 0.342 (last = 1.0000), fitness=1.436911225
3550.52 secs, 335 evals, 229 steps, improv/step: 0.341 (last = 0.0000), fitness=1.436911225
3570.20 secs, 337 evals, 230 steps, improv/step: 0.343 (last = 1.0000), fitness=1.306010650
3582.33 secs, 338 evals, 231 steps, improv/step: 0.342 (last = 0.0000), fitness=1.306010650
3607.06 secs, 340 evals, 232 steps, improv/step: 0.341 (last = 0.0000), fitness=1.306010650
3618.92 secs, 341 evals, 233 steps, improv/step: 0.339 (last = 0.0000), fitness=1.306010650
3628.27 secs, 342 evals, 234 steps, improv/step: 0.342 (last = 1.0000), fitness=1.306010650
3640.54 secs, 343 evals, 235 steps, improv/step: 0.340 (last = 0.0000), fitness=1.306010650
3652.41 secs, 344 evals, 236 steps, improv/step: 0.339 (last = 0.0000), fitness=1.306010650
3673.01 secs, 346 evals, 237 steps, improv/step: 0.342 (last = 1.0000), fitness=1.306010650
3685.12 secs, 347 evals, 238 steps, improv/step: 0.340 (last = 0.0000), fitness=1.306010650
3695.02 secs, 348 evals, 239 steps, improv/step: 0.339 (last = 0.0000), fitness=1.306010650
3702.24 secs, 349 evals, 240 steps, improv/step: 0.338 (last = 0.0000), fitness=1.306010650
3714.73 secs, 350 evals, 241 steps, improv/step: 0.336 (last = 0.0000), fitness=1.306010650
3726.99 secs, 351 evals, 242 steps, improv/step: 0.335 (last = 0.0000), fitness=1.306010650
3736.51 secs, 352 evals, 243 steps, improv/step: 0.337 (last = 1.0000), fitness=1.306010650
3743.29 secs, 353 evals, 244 steps, improv/step: 0.336 (last = 0.0000), fitness=1.306010650
3753.37 secs, 354 evals, 245 steps, improv/step: 0.339 (last = 1.0000), fitness=1.306010650
3772.46 secs, 356 evals, 246 steps, improv/step: 0.341 (last = 1.0000), fitness=1.306010650
3784.25 secs, 357 evals, 247 steps, improv/step: 0.340 (last = 0.0000), fitness=1.306010650
3789.37 secs, 358 evals, 248 steps, improv/step: 0.339 (last = 0.0000), fitness=1.306010650
3799.61 secs, 359 evals, 249 steps, improv/step: 0.341 (last = 1.0000), fitness=1.306010650
3811.05 secs, 360 evals, 250 steps, improv/step: 0.340 (last = 0.0000), fitness=1.306010650
3821.74 secs, 361 evals, 251 steps, improv/step: 0.339 (last = 0.0000), fitness=1.306010650
3832.99 secs, 362 evals, 252 steps, improv/step: 0.337 (last = 0.0000), fitness=1.306010650
3836.70 secs, 363 evals, 253 steps, improv/step: 0.336 (last = 0.0000), fitness=1.306010650
3848.35 secs, 364 evals, 254 steps, improv/step: 0.339 (last = 1.0000), fitness=1.306010650
3869.56 secs, 366 evals, 255 steps, improv/step: 0.337 (last = 0.0000), fitness=1.306010650
3873.28 secs, 367 evals, 256 steps, improv/step: 0.336 (last = 0.0000), fitness=1.306010650
3884.99 secs, 368 evals, 257 steps, improv/step: 0.335 (last = 0.0000), fitness=1.306010650
3901.57 secs, 370 evals, 258 steps, improv/step: 0.337 (last = 1.0000), fitness=1.306010650
3913.37 secs, 371 evals, 259 steps, improv/step: 0.336 (last = 0.0000), fitness=1.306010650
3921.73 secs, 372 evals, 260 steps, improv/step: 0.338 (last = 1.0000), fitness=1.306010650
3931.96 secs, 373 evals, 261 steps, improv/step: 0.337 (last = 0.0000), fitness=1.306010650
3943.81 secs, 374 evals, 262 steps, improv/step: 0.336 (last = 0.0000), fitness=1.306010650
3952.16 secs, 375 evals, 263 steps, improv/step: 0.338 (last = 1.0000), fitness=1.306010650
3960.64 secs, 376 evals, 264 steps, improv/step: 0.341 (last = 1.0000), fitness=1.306010650
3970.07 secs, 377 evals, 265 steps, improv/step: 0.340 (last = 0.0000), fitness=1.306010650
3981.23 secs, 378 evals, 266 steps, improv/step: 0.338 (last = 0.0000), fitness=1.306010650
3989.57 secs, 379 evals, 267 steps, improv/step: 0.341 (last = 1.0000), fitness=1.306010650
4012.85 secs, 381 evals, 268 steps, improv/step: 0.343 (last = 1.0000), fitness=1.306010650
4019.81 secs, 382 evals, 269 steps, improv/step: 0.342 (last = 0.0000), fitness=1.306010650
4029.03 secs, 383 evals, 270 steps, improv/step: 0.341 (last = 0.0000), fitness=1.306010650
4040.01 secs, 384 evals, 271 steps, improv/step: 0.343 (last = 1.0000), fitness=1.306010650
4047.37 secs, 385 evals, 272 steps, improv/step: 0.342 (last = 0.0000), fitness=1.306010650
4057.43 secs, 386 evals, 273 steps, improv/step: 0.344 (last = 1.0000), fitness=1.306010650
4067.90 secs, 387 evals, 274 steps, improv/step: 0.343 (last = 0.0000), fitness=1.306010650
4079.19 secs, 388 evals, 275 steps, improv/step: 0.345 (last = 1.0000), fitness=1.306010650
4091.55 secs, 389 evals, 276 steps, improv/step: 0.344 (last = 0.0000), fitness=1.306010650
4101.11 secs, 390 evals, 277 steps, improv/step: 0.347 (last = 1.0000), fitness=1.306010650
4110.74 secs, 391 evals, 278 steps, improv/step: 0.349 (last = 1.0000), fitness=1.306010650
4121.53 secs, 392 evals, 279 steps, improv/step: 0.348 (last = 0.0000), fitness=1.306010650
4133.13 secs, 393 evals, 280 steps, improv/step: 0.346 (last = 0.0000), fitness=1.306010650
4140.46 secs, 394 evals, 281 steps, improv/step: 0.345 (last = 0.0000), fitness=1.306010650
4152.71 secs, 395 evals, 282 steps, improv/step: 0.344 (last = 0.0000), fitness=1.306010650
4164.03 secs, 396 evals, 283 steps, improv/step: 0.346 (last = 1.0000), fitness=1.306010650
4176.26 secs, 397 evals, 284 steps, improv/step: 0.345 (last = 0.0000), fitness=1.306010650
4182.88 secs, 398 evals, 285 steps, improv/step: 0.344 (last = 0.0000), fitness=1.306010650
4192.30 secs, 399 evals, 286 steps, improv/step: 0.346 (last = 1.0000), fitness=1.039502534
4203.04 secs, 400 evals, 287 steps, improv/step: 0.345 (last = 0.0000), fitness=1.039502534
4217.56 secs, 402 evals, 288 steps, improv/step: 0.347 (last = 1.0000), fitness=1.039502534
4226.82 secs, 403 evals, 289 steps, improv/step: 0.346 (last = 0.0000), fitness=1.039502534
4237.50 secs, 404 evals, 290 steps, improv/step: 0.348 (last = 1.0000), fitness=1.039502534
4248.06 secs, 405 evals, 291 steps, improv/step: 0.347 (last = 0.0000), fitness=1.039502534
4257.40 secs, 406 evals, 292 steps, improv/step: 0.346 (last = 0.0000), fitness=1.039502534
4267.49 secs, 407 evals, 293 steps, improv/step: 0.345 (last = 0.0000), fitness=1.039502534
4274.93 secs, 408 evals, 294 steps, improv/step: 0.344 (last = 0.0000), fitness=1.039502534
4278.33 secs, 409 evals, 295 steps, improv/step: 0.342 (last = 0.0000), fitness=1.039502534
4296.37 secs, 411 evals, 296 steps, improv/step: 0.341 (last = 0.0000), fitness=1.039502534
4307.47 secs, 412 evals, 297 steps, improv/step: 0.343 (last = 1.0000), fitness=1.039502534
4318.38 secs, 413 evals, 298 steps, improv/step: 0.342 (last = 0.0000), fitness=1.039502534
4325.82 secs, 414 evals, 299 steps, improv/step: 0.341 (last = 0.0000), fitness=1.039502534
4334.29 secs, 415 evals, 300 steps, improv/step: 0.340 (last = 0.0000), fitness=1.039502534
4353.99 secs, 417 evals, 301 steps, improv/step: 0.342 (last = 1.0000), fitness=1.039502534
4365.62 secs, 418 evals, 302 steps, improv/step: 0.341 (last = 0.0000), fitness=1.039502534
4371.57 secs, 419 evals, 303 steps, improv/step: 0.340 (last = 0.0000), fitness=1.039502534
4394.09 secs, 421 evals, 304 steps, improv/step: 0.342 (last = 1.0000), fitness=1.039502534
4404.50 secs, 422 evals, 305 steps, improv/step: 0.341 (last = 0.0000), fitness=1.039502534
4414.57 secs, 423 evals, 306 steps, improv/step: 0.340 (last = 0.0000), fitness=1.039502534
4435.13 secs, 425 evals, 307 steps, improv/step: 0.339 (last = 0.0000), fitness=1.039502534
4445.36 secs, 426 evals, 308 steps, improv/step: 0.338 (last = 0.0000), fitness=1.039502534
4448.93 secs, 427 evals, 309 steps, improv/step: 0.337 (last = 0.0000), fitness=1.039502534
4460.13 secs, 428 evals, 310 steps, improv/step: 0.335 (last = 0.0000), fitness=1.039502534
4469.24 secs, 429 evals, 311 steps, improv/step: 0.338 (last = 1.0000), fitness=1.039502534
4481.21 secs, 430 evals, 312 steps, improv/step: 0.337 (last = 0.0000), fitness=1.039502534
4486.75 secs, 431 evals, 313 steps, improv/step: 0.335 (last = 0.0000), fitness=1.039502534
4499.06 secs, 432 evals, 314 steps, improv/step: 0.334 (last = 0.0000), fitness=1.039502534
4509.86 secs, 433 evals, 315 steps, improv/step: 0.333 (last = 0.0000), fitness=1.039502534
4519.74 secs, 434 evals, 316 steps, improv/step: 0.335 (last = 1.0000), fitness=1.039502534
4529.30 secs, 435 evals, 317 steps, improv/step: 0.338 (last = 1.0000), fitness=1.039502534
4538.96 secs, 436 evals, 318 steps, improv/step: 0.340 (last = 1.0000), fitness=1.039502534
4549.53 secs, 437 evals, 319 steps, improv/step: 0.339 (last = 0.0000), fitness=1.039502534
4559.53 secs, 438 evals, 320 steps, improv/step: 0.341 (last = 1.0000), fitness=1.039502534
4567.08 secs, 439 evals, 321 steps, improv/step: 0.340 (last = 0.0000), fitness=1.039502534
4577.43 secs, 440 evals, 322 steps, improv/step: 0.342 (last = 1.0000), fitness=1.039502534
4584.42 secs, 441 evals, 323 steps, improv/step: 0.341 (last = 0.0000), fitness=1.039502534
4595.78 secs, 442 evals, 324 steps, improv/step: 0.343 (last = 1.0000), fitness=1.039502534
4603.06 secs, 443 evals, 325 steps, improv/step: 0.342 (last = 0.0000), fitness=1.039502534
4613.10 secs, 444 evals, 326 steps, improv/step: 0.340 (last = 0.0000), fitness=1.039502534
4624.95 secs, 445 evals, 327 steps, improv/step: 0.339 (last = 0.0000), fitness=1.039502534
4637.01 secs, 446 evals, 328 steps, improv/step: 0.338 (last = 0.0000), fitness=1.039502534
4640.60 secs, 447 evals, 329 steps, improv/step: 0.337 (last = 0.0000), fitness=1.039502534
4650.84 secs, 448 evals, 330 steps, improv/step: 0.339 (last = 1.0000), fitness=1.039502534
4659.35 secs, 449 evals, 331 steps, improv/step: 0.338 (last = 0.0000), fitness=1.039502534
4670.04 secs, 450 evals, 332 steps, improv/step: 0.337 (last = 0.0000), fitness=1.039502534
4680.94 secs, 451 evals, 333 steps, improv/step: 0.336 (last = 0.0000), fitness=1.039502534
4689.87 secs, 452 evals, 334 steps, improv/step: 0.335 (last = 0.0000), fitness=1.039502534
4701.77 secs, 453 evals, 335 steps, improv/step: 0.334 (last = 0.0000), fitness=1.039502534
4711.93 secs, 454 evals, 336 steps, improv/step: 0.336 (last = 1.0000), fitness=1.039502534
4722.88 secs, 455 evals, 337 steps, improv/step: 0.335 (last = 0.0000), fitness=1.039502534
4733.66 secs, 456 evals, 338 steps, improv/step: 0.337 (last = 1.0000), fitness=1.039502534
4744.31 secs, 457 evals, 339 steps, improv/step: 0.339 (last = 1.0000), fitness=1.039502534
4753.92 secs, 458 evals, 340 steps, improv/step: 0.338 (last = 0.0000), fitness=1.039502534
4765.16 secs, 459 evals, 341 steps, improv/step: 0.337 (last = 0.0000), fitness=1.039502534
4775.96 secs, 460 evals, 342 steps, improv/step: 0.336 (last = 0.0000), fitness=1.039502534
4779.47 secs, 461 evals, 343 steps, improv/step: 0.335 (last = 0.0000), fitness=1.039502534
4786.19 secs, 462 evals, 344 steps, improv/step: 0.334 (last = 0.0000), fitness=1.039502534
4795.58 secs, 463 evals, 345 steps, improv/step: 0.336 (last = 1.0000), fitness=1.039502534
4806.72 secs, 464 evals, 346 steps, improv/step: 0.335 (last = 0.0000), fitness=1.039502534
4817.24 secs, 465 evals, 347 steps, improv/step: 0.334 (last = 0.0000), fitness=1.039502534
4826.90 secs, 466 evals, 348 steps, improv/step: 0.336 (last = 1.0000), fitness=1.039502534
4835.89 secs, 467 evals, 349 steps, improv/step: 0.338 (last = 1.0000), fitness=1.039502534
4847.82 secs, 468 evals, 350 steps, improv/step: 0.340 (last = 1.0000), fitness=1.039502534
4856.53 secs, 469 evals, 351 steps, improv/step: 0.339 (last = 0.0000), fitness=1.039502534
4861.43 secs, 470 evals, 352 steps, improv/step: 0.338 (last = 0.0000), fitness=1.039502534
4872.41 secs, 471 evals, 353 steps, improv/step: 0.337 (last = 0.0000), fitness=1.039502534
4883.01 secs, 472 evals, 354 steps, improv/step: 0.336 (last = 0.0000), fitness=1.039502534
4892.28 secs, 473 evals, 355 steps, improv/step: 0.338 (last = 1.0000), fitness=1.039502534
4903.95 secs, 474 evals, 356 steps, improv/step: 0.337 (last = 0.0000), fitness=1.039502534
4915.50 secs, 475 evals, 357 steps, improv/step: 0.336 (last = 0.0000), fitness=1.039502534
4926.93 secs, 476 evals, 358 steps, improv/step: 0.335 (last = 0.0000), fitness=1.039502534
4944.63 secs, 478 evals, 359 steps, improv/step: 0.334 (last = 0.0000), fitness=1.039502534
4953.76 secs, 479 evals, 360 steps, improv/step: 0.336 (last = 1.0000), fitness=1.039502534
4964.62 secs, 480 evals, 361 steps, improv/step: 0.335 (last = 0.0000), fitness=1.039502534
4975.43 secs, 481 evals, 362 steps, improv/step: 0.334 (last = 0.0000), fitness=1.039502534
4981.59 secs, 482 evals, 363 steps, improv/step: 0.333 (last = 0.0000), fitness=1.039502534
4989.37 secs, 483 evals, 364 steps, improv/step: 0.332 (last = 0.0000), fitness=1.039502534
4997.06 secs, 484 evals, 365 steps, improv/step: 0.332 (last = 0.0000), fitness=1.039502534
5007.00 secs, 485 evals, 366 steps, improv/step: 0.331 (last = 0.0000), fitness=1.039502534
5018.95 secs, 486 evals, 367 steps, improv/step: 0.330 (last = 0.0000), fitness=1.039502534
5029.43 secs, 487 evals, 368 steps, improv/step: 0.332 (last = 1.0000), fitness=1.039502534
5039.44 secs, 488 evals, 369 steps, improv/step: 0.333 (last = 1.0000), fitness=1.039502534
5050.09 secs, 489 evals, 370 steps, improv/step: 0.332 (last = 0.0000), fitness=1.039502534
5060.15 secs, 490 evals, 371 steps, improv/step: 0.332 (last = 0.0000), fitness=1.039502534
5072.23 secs, 491 evals, 372 steps, improv/step: 0.331 (last = 0.0000), fitness=1.039502534
5080.56 secs, 492 evals, 373 steps, improv/step: 0.332 (last = 1.0000), fitness=1.039502534
5086.33 secs, 493 evals, 374 steps, improv/step: 0.332 (last = 0.0000), fitness=1.039502534
5096.98 secs, 494 evals, 375 steps, improv/step: 0.331 (last = 0.0000), fitness=1.039502534
5109.32 secs, 495 evals, 376 steps, improv/step: 0.330 (last = 0.0000), fitness=1.039502534
5119.15 secs, 496 evals, 377 steps, improv/step: 0.332 (last = 1.0000), fitness=1.039502534
5129.19 secs, 497 evals, 378 steps, improv/step: 0.333 (last = 1.0000), fitness=1.039502534
5138.66 secs, 498 evals, 379 steps, improv/step: 0.335 (last = 1.0000), fitness=1.039502534
5150.36 secs, 499 evals, 380 steps, improv/step: 0.334 (last = 0.0000), fitness=1.039502534
5159.41 secs, 500 evals, 381 steps, improv/step: 0.333 (last = 0.0000), fitness=1.039502534
5171.10 secs, 501 evals, 382 steps, improv/step: 0.335 (last = 1.0000), fitness=1.039502534
5179.83 secs, 502 evals, 383 steps, improv/step: 0.334 (last = 0.0000), fitness=1.039502534
5191.71 secs, 503 evals, 384 steps, improv/step: 0.333 (last = 0.0000), fitness=1.039502534
5200.36 secs, 504 evals, 385 steps, improv/step: 0.335 (last = 1.0000), fitness=1.039502534
5211.30 secs, 505 evals, 386 steps, improv/step: 0.334 (last = 0.0000), fitness=1.039502534
5221.28 secs, 506 evals, 387 steps, improv/step: 0.336 (last = 1.0000), fitness=1.039502534
5231.27 secs, 507 evals, 388 steps, improv/step: 0.338 (last = 1.0000), fitness=1.039502534
5240.77 secs, 508 evals, 389 steps, improv/step: 0.337 (last = 0.0000), fitness=1.039502534
5251.13 secs, 509 evals, 390 steps, improv/step: 0.336 (last = 0.0000), fitness=1.039502534
5255.94 secs, 510 evals, 391 steps, improv/step: 0.335 (last = 0.0000), fitness=1.039502534
5265.67 secs, 511 evals, 392 steps, improv/step: 0.334 (last = 0.0000), fitness=1.039502534
5276.06 secs, 512 evals, 393 steps, improv/step: 0.333 (last = 0.0000), fitness=1.039502534
5287.05 secs, 513 evals, 394 steps, improv/step: 0.332 (last = 0.0000), fitness=1.039502534
5297.89 secs, 514 evals, 395 steps, improv/step: 0.332 (last = 0.0000), fitness=1.039502534
5306.41 secs, 515 evals, 396 steps, improv/step: 0.331 (last = 0.0000), fitness=1.039502534
5315.27 secs, 516 evals, 397 steps, improv/step: 0.332 (last = 1.0000), fitness=1.039502534
5325.73 secs, 517 evals, 398 steps, improv/step: 0.334 (last = 1.0000), fitness=1.039502534
5333.73 secs, 518 evals, 399 steps, improv/step: 0.333 (last = 0.0000), fitness=1.039502534
5342.70 secs, 519 evals, 400 steps, improv/step: 0.335 (last = 1.0000), fitness=1.039502534
5352.66 secs, 520 evals, 401 steps, improv/step: 0.334 (last = 0.0000), fitness=1.039502534
5361.34 secs, 521 evals, 402 steps, improv/step: 0.336 (last = 1.0000), fitness=1.039502534
5373.34 secs, 522 evals, 403 steps, improv/step: 0.335 (last = 0.0000), fitness=1.039502534
5384.51 secs, 523 evals, 404 steps, improv/step: 0.334 (last = 0.0000), fitness=1.039502534
5405.37 secs, 525 evals, 405 steps, improv/step: 0.333 (last = 0.0000), fitness=1.039502534
5415.15 secs, 526 evals, 406 steps, improv/step: 0.333 (last = 0.0000), fitness=1.039502534
5425.94 secs, 527 evals, 407 steps, improv/step: 0.332 (last = 0.0000), fitness=1.039502534
5435.70 secs, 528 evals, 408 steps, improv/step: 0.331 (last = 0.0000), fitness=1.039502534
5445.98 secs, 529 evals, 409 steps, improv/step: 0.333 (last = 1.0000), fitness=1.039502534
5454.83 secs, 530 evals, 410 steps, improv/step: 0.334 (last = 1.0000), fitness=1.039502534
5463.16 secs, 531 evals, 411 steps, improv/step: 0.336 (last = 1.0000), fitness=1.039502534
5473.74 secs, 532 evals, 412 steps, improv/step: 0.337 (last = 1.0000), fitness=1.039502534
5483.54 secs, 533 evals, 413 steps, improv/step: 0.337 (last = 0.0000), fitness=1.039502534
5493.53 secs, 534 evals, 414 steps, improv/step: 0.338 (last = 1.0000), fitness=1.039502534
5504.45 secs, 535 evals, 415 steps, improv/step: 0.337 (last = 0.0000), fitness=1.039502534
5514.44 secs, 536 evals, 416 steps, improv/step: 0.339 (last = 1.0000), fitness=1.039502534
5525.86 secs, 537 evals, 417 steps, improv/step: 0.338 (last = 0.0000), fitness=1.039502534
5536.26 secs, 538 evals, 418 steps, improv/step: 0.337 (last = 0.0000), fitness=1.039502534
5556.60 secs, 540 evals, 419 steps, improv/step: 0.339 (last = 1.0000), fitness=1.039502534
5567.44 secs, 541 evals, 420 steps, improv/step: 0.338 (last = 0.0000), fitness=1.039502534
5576.91 secs, 542 evals, 421 steps, improv/step: 0.340 (last = 1.0000), fitness=1.039502534
5585.98 secs, 543 evals, 422 steps, improv/step: 0.341 (last = 1.0000), fitness=1.039502534
5596.45 secs, 544 evals, 423 steps, improv/step: 0.340 (last = 0.0000), fitness=1.039502534
5604.64 secs, 545 evals, 424 steps, improv/step: 0.340 (last = 0.0000), fitness=1.039502534
5612.90 secs, 546 evals, 425 steps, improv/step: 0.341 (last = 1.0000), fitness=1.039502534
5623.61 secs, 547 evals, 426 steps, improv/step: 0.340 (last = 0.0000), fitness=1.039502534
5635.07 secs, 548 evals, 427 steps, improv/step: 0.340 (last = 0.0000), fitness=1.039502534
5645.70 secs, 549 evals, 428 steps, improv/step: 0.339 (last = 0.0000), fitness=1.039502534
5656.60 secs, 550 evals, 429 steps, improv/step: 0.338 (last = 0.0000), fitness=1.039502534
5665.26 secs, 551 evals, 430 steps, improv/step: 0.340 (last = 1.0000), fitness=1.039502534
5676.82 secs, 552 evals, 431 steps, improv/step: 0.339 (last = 0.0000), fitness=1.039502534
5683.84 secs, 553 evals, 432 steps, improv/step: 0.338 (last = 0.0000), fitness=1.039502534
5693.94 secs, 554 evals, 433 steps, improv/step: 0.337 (last = 0.0000), fitness=1.039502534
5702.15 secs, 555 evals, 434 steps, improv/step: 0.336 (last = 0.0000), fitness=1.039502534
5706.04 secs, 556 evals, 435 steps, improv/step: 0.336 (last = 0.0000), fitness=1.039502534
5714.25 secs, 557 evals, 436 steps, improv/step: 0.335 (last = 0.0000), fitness=1.039502534
5724.22 secs, 558 evals, 437 steps, improv/step: 0.336 (last = 1.0000), fitness=1.039502534
5734.77 secs, 559 evals, 438 steps, improv/step: 0.336 (last = 0.0000), fitness=1.039502534
5744.15 secs, 560 evals, 439 steps, improv/step: 0.337 (last = 1.0000), fitness=1.039502534
5754.42 secs, 561 evals, 440 steps, improv/step: 0.336 (last = 0.0000), fitness=1.039502534
5763.45 secs, 562 evals, 441 steps, improv/step: 0.338 (last = 1.0000), fitness=1.039502534
5774.33 secs, 563 evals, 442 steps, improv/step: 0.337 (last = 0.0000), fitness=1.039502534
5785.47 secs, 564 evals, 443 steps, improv/step: 0.336 (last = 0.0000), fitness=1.039502534
5794.66 secs, 565 evals, 444 steps, improv/step: 0.338 (last = 1.0000), fitness=1.039502534
5804.35 secs, 566 evals, 445 steps, improv/step: 0.339 (last = 1.0000), fitness=1.039502534
5816.12 secs, 567 evals, 446 steps, improv/step: 0.339 (last = 0.0000), fitness=1.039502534
5825.16 secs, 568 evals, 447 steps, improv/step: 0.338 (last = 0.0000), fitness=1.039502534
5836.19 secs, 569 evals, 448 steps, improv/step: 0.337 (last = 0.0000), fitness=1.039502534
5845.52 secs, 570 evals, 449 steps, improv/step: 0.339 (last = 1.0000), fitness=1.039502534
5856.58 secs, 571 evals, 450 steps, improv/step: 0.338 (last = 0.0000), fitness=1.039502534
5864.65 secs, 572 evals, 451 steps, improv/step: 0.337 (last = 0.0000), fitness=1.039502534
5871.59 secs, 573 evals, 452 steps, improv/step: 0.336 (last = 0.0000), fitness=1.039502534
5881.05 secs, 574 evals, 453 steps, improv/step: 0.336 (last = 0.0000), fitness=1.039502534
5891.12 secs, 575 evals, 454 steps, improv/step: 0.337 (last = 1.0000), fitness=1.039502534
5900.16 secs, 576 evals, 455 steps, improv/step: 0.338 (last = 1.0000), fitness=1.039502534
5909.93 secs, 577 evals, 456 steps, improv/step: 0.340 (last = 1.0000), fitness=1.039502534
5920.20 secs, 578 evals, 457 steps, improv/step: 0.341 (last = 1.0000), fitness=1.039502534
5931.03 secs, 579 evals, 458 steps, improv/step: 0.341 (last = 0.0000), fitness=1.039502534
5941.38 secs, 580 evals, 459 steps, improv/step: 0.340 (last = 0.0000), fitness=1.039502534
5947.50 secs, 581 evals, 460 steps, improv/step: 0.339 (last = 0.0000), fitness=1.039502534
5958.93 secs, 582 evals, 461 steps, improv/step: 0.338 (last = 0.0000), fitness=1.039502534
5968.35 secs, 583 evals, 462 steps, improv/step: 0.340 (last = 1.0000), fitness=1.039502534
5975.48 secs, 584 evals, 463 steps, improv/step: 0.339 (last = 0.0000), fitness=1.039502534
5985.85 secs, 585 evals, 464 steps, improv/step: 0.338 (last = 0.0000), fitness=1.039502534
5994.55 secs, 586 evals, 465 steps, improv/step: 0.340 (last = 1.0000), fitness=1.039502534
6003.25 secs, 587 evals, 466 steps, improv/step: 0.339 (last = 0.0000), fitness=1.039502534
6012.63 secs, 588 evals, 467 steps, improv/step: 0.340 (last = 1.0000), fitness=1.039502534
6022.72 secs, 589 evals, 468 steps, improv/step: 0.340 (last = 0.0000), fitness=1.039502534
6027.57 secs, 590 evals, 469 steps, improv/step: 0.339 (last = 0.0000), fitness=1.039502534
6039.40 secs, 591 evals, 470 steps, improv/step: 0.338 (last = 0.0000), fitness=1.039502534
6050.06 secs, 592 evals, 471 steps, improv/step: 0.338 (last = 0.0000), fitness=1.039502534
6061.51 secs, 593 evals, 472 steps, improv/step: 0.337 (last = 0.0000), fitness=1.039502534
6072.02 secs, 594 evals, 473 steps, improv/step: 0.338 (last = 1.0000), fitness=1.039502534
6080.47 secs, 595 evals, 474 steps, improv/step: 0.338 (last = 0.0000), fitness=1.039502534
6090.70 secs, 596 evals, 475 steps, improv/step: 0.337 (last = 0.0000), fitness=1.039502534
6101.42 secs, 597 evals, 476 steps, improv/step: 0.336 (last = 0.0000), fitness=1.039502534
6111.16 secs, 598 evals, 477 steps, improv/step: 0.338 (last = 1.0000), fitness=1.039502534
6121.76 secs, 599 evals, 478 steps, improv/step: 0.337 (last = 0.0000), fitness=1.039502534
6129.39 secs, 600 evals, 479 steps, improv/step: 0.336 (last = 0.0000), fitness=1.039502534
6137.19 secs, 601 evals, 480 steps, improv/step: 0.338 (last = 1.0000), fitness=1.039502534
6144.80 secs, 602 evals, 481 steps, improv/step: 0.337 (last = 0.0000), fitness=1.039502534
6156.60 secs, 603 evals, 482 steps, improv/step: 0.336 (last = 0.0000), fitness=1.039502534
6165.18 secs, 604 evals, 483 steps, improv/step: 0.335 (last = 0.0000), fitness=1.039502534
6174.29 secs, 605 evals, 484 steps, improv/step: 0.335 (last = 0.0000), fitness=1.039502534
6181.25 secs, 606 evals, 485 steps, improv/step: 0.334 (last = 0.0000), fitness=1.039502534
6191.15 secs, 607 evals, 486 steps, improv/step: 0.335 (last = 1.0000), fitness=1.039502534
6200.77 secs, 608 evals, 487 steps, improv/step: 0.335 (last = 0.0000), fitness=1.039502534
6209.15 secs, 609 evals, 488 steps, improv/step: 0.334 (last = 0.0000), fitness=1.039502534
6219.88 secs, 610 evals, 489 steps, improv/step: 0.333 (last = 0.0000), fitness=1.039502534
6230.57 secs, 611 evals, 490 steps, improv/step: 0.333 (last = 0.0000), fitness=1.039502534
6239.01 secs, 612 evals, 491 steps, improv/step: 0.332 (last = 0.0000), fitness=1.039502534
6249.90 secs, 613 evals, 492 steps, improv/step: 0.331 (last = 0.0000), fitness=1.039502534
6259.52 secs, 614 evals, 493 steps, improv/step: 0.333 (last = 1.0000), fitness=1.039502534
6269.02 secs, 615 evals, 494 steps, improv/step: 0.334 (last = 1.0000), fitness=1.039502534
6278.16 secs, 616 evals, 495 steps, improv/step: 0.333 (last = 0.0000), fitness=1.039502534
6286.42 secs, 617 evals, 496 steps, improv/step: 0.333 (last = 0.0000), fitness=1.039502534
6293.89 secs, 618 evals, 497 steps, improv/step: 0.332 (last = 0.0000), fitness=1.039502534
6302.13 secs, 619 evals, 498 steps, improv/step: 0.331 (last = 0.0000), fitness=1.039502534
6312.64 secs, 620 evals, 499 steps, improv/step: 0.331 (last = 0.0000), fitness=1.039502534
6323.07 secs, 621 evals, 500 steps, improv/step: 0.332 (last = 1.0000), fitness=1.039502534
6333.98 secs, 622 evals, 501 steps, improv/step: 0.331 (last = 0.0000), fitness=1.039502534
6345.30 secs, 623 evals, 502 steps, improv/step: 0.331 (last = 0.0000), fitness=1.039502534
6356.03 secs, 624 evals, 503 steps, improv/step: 0.330 (last = 0.0000), fitness=1.039502534
6365.35 secs, 625 evals, 504 steps, improv/step: 0.331 (last = 1.0000), fitness=1.039502534
6373.74 secs, 626 evals, 505 steps, improv/step: 0.331 (last = 0.0000), fitness=1.039502534
6384.53 secs, 627 evals, 506 steps, improv/step: 0.330 (last = 0.0000), fitness=1.039502534
6393.88 secs, 628 evals, 507 steps, improv/step: 0.331 (last = 1.0000), fitness=1.039502534
6403.43 secs, 629 evals, 508 steps, improv/step: 0.331 (last = 0.0000), fitness=1.039502534
6413.27 secs, 630 evals, 509 steps, improv/step: 0.332 (last = 1.0000), fitness=1.039502534
6424.18 secs, 631 evals, 510 steps, improv/step: 0.331 (last = 0.0000), fitness=1.039502534
6433.69 secs, 632 evals, 511 steps, improv/step: 0.333 (last = 1.0000), fitness=1.039502534
6443.00 secs, 633 evals, 512 steps, improv/step: 0.332 (last = 0.0000), fitness=1.039502534
6453.81 secs, 634 evals, 513 steps, improv/step: 0.331 (last = 0.0000), fitness=1.039502534
6462.88 secs, 635 evals, 514 steps, improv/step: 0.331 (last = 0.0000), fitness=1.039502534
6472.36 secs, 636 evals, 515 steps, improv/step: 0.332 (last = 1.0000), fitness=1.039502534
6481.97 secs, 637 evals, 516 steps, improv/step: 0.331 (last = 0.0000), fitness=1.039502534
6492.69 secs, 638 evals, 517 steps, improv/step: 0.331 (last = 0.0000), fitness=1.039502534
6502.86 secs, 639 evals, 518 steps, improv/step: 0.330 (last = 0.0000), fitness=1.039502534
6511.92 secs, 640 evals, 519 steps, improv/step: 0.329 (last = 0.0000), fitness=1.039502534
6521.77 secs, 641 evals, 520 steps, improv/step: 0.329 (last = 0.0000), fitness=1.039502534
6529.60 secs, 642 evals, 521 steps, improv/step: 0.328 (last = 0.0000), fitness=1.039502534
6538.47 secs, 643 evals, 522 steps, improv/step: 0.328 (last = 0.0000), fitness=1.039502534
6548.26 secs, 644 evals, 523 steps, improv/step: 0.327 (last = 0.0000), fitness=1.039502534
6559.70 secs, 645 evals, 524 steps, improv/step: 0.326 (last = 0.0000), fitness=1.039502534
6570.35 secs, 646 evals, 525 steps, improv/step: 0.326 (last = 0.0000), fitness=1.039502534
6579.97 secs, 647 evals, 526 steps, improv/step: 0.327 (last = 1.0000), fitness=1.039502534
6590.37 secs, 648 evals, 527 steps, improv/step: 0.326 (last = 0.0000), fitness=1.039502534
6594.01 secs, 649 evals, 528 steps, improv/step: 0.326 (last = 0.0000), fitness=1.039502534
6603.14 secs, 650 evals, 529 steps, improv/step: 0.327 (last = 1.0000), fitness=1.039502534
6613.48 secs, 651 evals, 530 steps, improv/step: 0.328 (last = 1.0000), fitness=1.039502534
6623.21 secs, 652 evals, 531 steps, improv/step: 0.328 (last = 0.0000), fitness=1.039502534
6633.87 secs, 653 evals, 532 steps, improv/step: 0.327 (last = 0.0000), fitness=1.039502534
6637.82 secs, 654 evals, 533 steps, improv/step: 0.326 (last = 0.0000), fitness=1.039502534
6647.94 secs, 655 evals, 534 steps, improv/step: 0.326 (last = 0.0000), fitness=1.039502534
6658.25 secs, 656 evals, 535 steps, improv/step: 0.325 (last = 0.0000), fitness=1.039502534
6669.16 secs, 657 evals, 536 steps, improv/step: 0.325 (last = 0.0000), fitness=1.039502534
6680.10 secs, 658 evals, 537 steps, improv/step: 0.324 (last = 0.0000), fitness=1.039502534
6690.82 secs, 659 evals, 538 steps, improv/step: 0.323 (last = 0.0000), fitness=1.039502534
6701.23 secs, 660 evals, 539 steps, improv/step: 0.323 (last = 0.0000), fitness=1.039502534
6711.30 secs, 661 evals, 540 steps, improv/step: 0.322 (last = 0.0000), fitness=1.039502534
6720.12 secs, 662 evals, 541 steps, improv/step: 0.323 (last = 1.0000), fitness=1.039502534
6730.07 secs, 663 evals, 542 steps, improv/step: 0.323 (last = 0.0000), fitness=1.039502534
6739.68 secs, 664 evals, 543 steps, improv/step: 0.322 (last = 0.0000), fitness=1.039502534
6750.28 secs, 665 evals, 544 steps, improv/step: 0.322 (last = 0.0000), fitness=1.039502534
6761.25 secs, 666 evals, 545 steps, improv/step: 0.321 (last = 0.0000), fitness=1.039502534
6770.01 secs, 667 evals, 546 steps, improv/step: 0.322 (last = 1.0000), fitness=1.039502534
6778.79 secs, 668 evals, 547 steps, improv/step: 0.322 (last = 0.0000), fitness=1.039502534
6787.29 secs, 669 evals, 548 steps, improv/step: 0.323 (last = 1.0000), fitness=1.039502534
6797.29 secs, 670 evals, 549 steps, improv/step: 0.322 (last = 0.0000), fitness=1.039502534
6807.68 secs, 671 evals, 550 steps, improv/step: 0.322 (last = 0.0000), fitness=1.039502534
6817.74 secs, 672 evals, 551 steps, improv/step: 0.321 (last = 0.0000), fitness=1.039502534
6828.92 secs, 673 evals, 552 steps, improv/step: 0.321 (last = 0.0000), fitness=1.039502534
6838.22 secs, 674 evals, 553 steps, improv/step: 0.322 (last = 1.0000), fitness=1.039502534
6849.07 secs, 675 evals, 554 steps, improv/step: 0.321 (last = 0.0000), fitness=1.039502534
6857.59 secs, 676 evals, 555 steps, improv/step: 0.321 (last = 0.0000), fitness=1.039502534
6867.48 secs, 677 evals, 556 steps, improv/step: 0.320 (last = 0.0000), fitness=1.039502534
6877.50 secs, 678 evals, 557 steps, improv/step: 0.320 (last = 0.0000), fitness=1.039502534
6888.02 secs, 679 evals, 558 steps, improv/step: 0.319 (last = 0.0000), fitness=1.039502534
6898.11 secs, 680 evals, 559 steps, improv/step: 0.320 (last = 1.0000), fitness=1.039502534
6906.54 secs, 681 evals, 560 steps, improv/step: 0.321 (last = 1.0000), fitness=1.039502534
6915.19 secs, 682 evals, 561 steps, improv/step: 0.321 (last = 0.0000), fitness=1.039502534
6921.49 secs, 683 evals, 562 steps, improv/step: 0.320 (last = 0.0000), fitness=1.039502534
6933.01 secs, 684 evals, 563 steps, improv/step: 0.320 (last = 0.0000), fitness=1.039502534
6942.99 secs, 685 evals, 564 steps, improv/step: 0.319 (last = 0.0000), fitness=1.039502534
6951.91 secs, 686 evals, 565 steps, improv/step: 0.320 (last = 1.0000), fitness=1.039502534
6961.49 secs, 687 evals, 566 steps, improv/step: 0.320 (last = 0.0000), fitness=1.039502534
6970.04 secs, 688 evals, 567 steps, improv/step: 0.321 (last = 1.0000), fitness=1.039502534
6977.96 secs, 689 evals, 568 steps, improv/step: 0.320 (last = 0.0000), fitness=1.039502534
6987.67 secs, 690 evals, 569 steps, improv/step: 0.322 (last = 1.0000), fitness=1.039502534
6992.38 secs, 691 evals, 570 steps, improv/step: 0.321 (last = 0.0000), fitness=1.039502534
7001.91 secs, 692 evals, 571 steps, improv/step: 0.322 (last = 1.0000), fitness=1.039502534
7011.55 secs, 693 evals, 572 steps, improv/step: 0.322 (last = 0.0000), fitness=1.039502534
7021.24 secs, 694 evals, 573 steps, improv/step: 0.321 (last = 0.0000), fitness=1.039502534
7032.02 secs, 695 evals, 574 steps, improv/step: 0.321 (last = 0.0000), fitness=1.039502534
7042.31 secs, 696 evals, 575 steps, improv/step: 0.320 (last = 0.0000), fitness=1.039502534
7051.69 secs, 697 evals, 576 steps, improv/step: 0.321 (last = 1.0000), fitness=1.039502534
7061.87 secs, 698 evals, 577 steps, improv/step: 0.321 (last = 0.0000), fitness=1.039502534
7070.34 secs, 699 evals, 578 steps, improv/step: 0.320 (last = 0.0000), fitness=1.039502534
7080.32 secs, 700 evals, 579 steps, improv/step: 0.321 (last = 1.0000), fitness=1.039502534
7089.72 secs, 701 evals, 580 steps, improv/step: 0.321 (last = 0.0000), fitness=1.039502534
7098.57 secs, 702 evals, 581 steps, improv/step: 0.320 (last = 0.0000), fitness=1.039502534
7106.98 secs, 703 evals, 582 steps, improv/step: 0.320 (last = 0.0000), fitness=1.039502534
7115.67 secs, 704 evals, 583 steps, improv/step: 0.319 (last = 0.0000), fitness=1.039502534
7124.75 secs, 705 evals, 584 steps, improv/step: 0.320 (last = 1.0000), fitness=1.039502534
7134.78 secs, 706 evals, 585 steps, improv/step: 0.321 (last = 1.0000), fitness=1.039502534
7144.97 secs, 707 evals, 586 steps, improv/step: 0.321 (last = 0.0000), fitness=1.039502534
7154.96 secs, 708 evals, 587 steps, improv/step: 0.320 (last = 0.0000), fitness=1.039502534
7164.00 secs, 709 evals, 588 steps, improv/step: 0.321 (last = 1.0000), fitness=1.039502534
7175.35 secs, 710 evals, 589 steps, improv/step: 0.321 (last = 0.0000), fitness=1.039502534
7184.99 secs, 711 evals, 590 steps, improv/step: 0.322 (last = 1.0000), fitness=1.039502534
7193.60 secs, 712 evals, 591 steps, improv/step: 0.321 (last = 0.0000), fitness=1.039502534
7204.93 secs, 713 evals, 592 steps, improv/step: 0.321 (last = 0.0000), fitness=1.039502534
7213.82 secs, 714 evals, 593 steps, improv/step: 0.322 (last = 1.0000), fitness=1.039502534
7222.99 secs, 715 evals, 594 steps, improv/step: 0.322 (last = 0.0000), fitness=1.039502534
7233.36 secs, 716 evals, 595 steps, improv/step: 0.321 (last = 0.0000), fitness=1.039502534
7241.46 secs, 717 evals, 596 steps, improv/step: 0.320 (last = 0.0000), fitness=1.039502534
7250.40 secs, 718 evals, 597 steps, improv/step: 0.320 (last = 0.0000), fitness=1.039502534
7260.53 secs, 719 evals, 598 steps, improv/step: 0.319 (last = 0.0000), fitness=1.039502534
7269.76 secs, 720 evals, 599 steps, improv/step: 0.319 (last = 0.0000), fitness=1.039502534
7279.47 secs, 721 evals, 600 steps, improv/step: 0.318 (last = 0.0000), fitness=1.039502534
7289.51 secs, 722 evals, 601 steps, improv/step: 0.319 (last = 1.0000), fitness=1.039502534
7300.76 secs, 723 evals, 602 steps, improv/step: 0.319 (last = 0.0000), fitness=1.039502534
7309.05 secs, 724 evals, 603 steps, improv/step: 0.318 (last = 0.0000), fitness=1.039502534
7319.78 secs, 725 evals, 604 steps, improv/step: 0.318 (last = 0.0000), fitness=1.039502534
7331.06 secs, 726 evals, 605 steps, improv/step: 0.317 (last = 0.0000), fitness=1.039502534
7340.39 secs, 727 evals, 606 steps, improv/step: 0.318 (last = 1.0000), fitness=1.039502534
7349.04 secs, 728 evals, 607 steps, improv/step: 0.318 (last = 0.0000), fitness=1.039502534
7357.11 secs, 729 evals, 608 steps, improv/step: 0.317 (last = 0.0000), fitness=1.039502534
7366.95 secs, 730 evals, 609 steps, improv/step: 0.319 (last = 1.0000), fitness=1.039502534
7375.64 secs, 731 evals, 610 steps, improv/step: 0.318 (last = 0.0000), fitness=1.039502534
7385.03 secs, 732 evals, 611 steps, improv/step: 0.319 (last = 1.0000), fitness=1.039502534
7395.57 secs, 733 evals, 612 steps, improv/step: 0.319 (last = 0.0000), fitness=1.039502534
7405.57 secs, 734 evals, 613 steps, improv/step: 0.320 (last = 1.0000), fitness=1.039502534
7414.49 secs, 735 evals, 614 steps, improv/step: 0.319 (last = 0.0000), fitness=1.039502534
7424.76 secs, 736 evals, 615 steps, improv/step: 0.319 (last = 0.0000), fitness=1.039502534
7435.13 secs, 737 evals, 616 steps, improv/step: 0.318 (last = 0.0000), fitness=1.039502534
7445.35 secs, 738 evals, 617 steps, improv/step: 0.318 (last = 0.0000), fitness=1.039502534
7456.28 secs, 739 evals, 618 steps, improv/step: 0.317 (last = 0.0000), fitness=1.039502534
7466.41 secs, 740 evals, 619 steps, improv/step: 0.317 (last = 0.0000), fitness=1.039502534
7476.18 secs, 741 evals, 620 steps, improv/step: 0.318 (last = 1.0000), fitness=1.039502534
7486.24 secs, 742 evals, 621 steps, improv/step: 0.317 (last = 0.0000), fitness=1.039502534
7495.81 secs, 743 evals, 622 steps, improv/step: 0.318 (last = 1.0000), fitness=1.039502534
7506.57 secs, 744 evals, 623 steps, improv/step: 0.318 (last = 0.0000), fitness=1.039502534
7518.14 secs, 745 evals, 624 steps, improv/step: 0.317 (last = 0.0000), fitness=1.039502534
7529.22 secs, 746 evals, 625 steps, improv/step: 0.317 (last = 0.0000), fitness=1.039502534
7538.82 secs, 747 evals, 626 steps, improv/step: 0.318 (last = 1.0000), fitness=1.039502534
7548.68 secs, 748 evals, 627 steps, improv/step: 0.317 (last = 0.0000), fitness=1.039502534
7557.48 secs, 749 evals, 628 steps, improv/step: 0.318 (last = 1.0000), fitness=1.039502534
7567.96 secs, 750 evals, 629 steps, improv/step: 0.318 (last = 0.0000), fitness=1.039502534
7578.01 secs, 751 evals, 630 steps, improv/step: 0.317 (last = 0.0000), fitness=1.039502534
7589.37 secs, 752 evals, 631 steps, improv/step: 0.317 (last = 0.0000), fitness=1.039502534
7599.95 secs, 753 evals, 632 steps, improv/step: 0.316 (last = 0.0000), fitness=1.039502534
7609.15 secs, 754 evals, 633 steps, improv/step: 0.316 (last = 0.0000), fitness=1.039502534
7618.58 secs, 755 evals, 634 steps, improv/step: 0.317 (last = 1.0000), fitness=1.039502534
7627.98 secs, 756 evals, 635 steps, improv/step: 0.317 (last = 0.0000), fitness=1.039502534
7637.67 secs, 757 evals, 636 steps, improv/step: 0.318 (last = 1.0000), fitness=1.039502534
7647.36 secs, 758 evals, 637 steps, improv/step: 0.319 (last = 1.0000), fitness=1.039502534
7656.49 secs, 759 evals, 638 steps, improv/step: 0.318 (last = 0.0000), fitness=1.039502534
7665.60 secs, 760 evals, 639 steps, improv/step: 0.318 (last = 0.0000), fitness=1.039502534
7675.19 secs, 761 evals, 640 steps, improv/step: 0.319 (last = 1.0000), fitness=1.039502534
7681.57 secs, 762 evals, 641 steps, improv/step: 0.318 (last = 0.0000), fitness=1.039502534
7692.09 secs, 763 evals, 642 steps, improv/step: 0.318 (last = 0.0000), fitness=1.039502534
7701.37 secs, 764 evals, 643 steps, improv/step: 0.319 (last = 1.0000), fitness=1.039502534
7710.70 secs, 765 evals, 644 steps, improv/step: 0.318 (last = 0.0000), fitness=1.039502534
7719.67 secs, 766 evals, 645 steps, improv/step: 0.318 (last = 0.0000), fitness=1.039502534
7728.66 secs, 767 evals, 646 steps, improv/step: 0.317 (last = 0.0000), fitness=1.039502534
7737.46 secs, 768 evals, 647 steps, improv/step: 0.318 (last = 1.0000), fitness=1.039502534
7745.80 secs, 769 evals, 648 steps, improv/step: 0.318 (last = 0.0000), fitness=1.039502534
7756.16 secs, 770 evals, 649 steps, improv/step: 0.317 (last = 0.0000), fitness=1.039502534
7765.99 secs, 771 evals, 650 steps, improv/step: 0.318 (last = 1.0000), fitness=1.039502534
7775.39 secs, 772 evals, 651 steps, improv/step: 0.320 (last = 1.0000), fitness=1.039502534
7784.93 secs, 773 evals, 652 steps, improv/step: 0.321 (last = 1.0000), fitness=1.039502534
7795.00 secs, 774 evals, 653 steps, improv/step: 0.320 (last = 0.0000), fitness=1.039502534
7805.33 secs, 775 evals, 654 steps, improv/step: 0.320 (last = 0.0000), fitness=1.039502534
7814.68 secs, 776 evals, 655 steps, improv/step: 0.321 (last = 1.0000), fitness=1.039502534
7824.02 secs, 777 evals, 656 steps, improv/step: 0.320 (last = 0.0000), fitness=1.039502534
7832.58 secs, 778 evals, 657 steps, improv/step: 0.320 (last = 0.0000), fitness=1.039502534
7842.12 secs, 779 evals, 658 steps, improv/step: 0.319 (last = 0.0000), fitness=1.039502534
7851.95 secs, 780 evals, 659 steps, improv/step: 0.319 (last = 0.0000), fitness=1.039502534
7861.51 secs, 781 evals, 660 steps, improv/step: 0.318 (last = 0.0000), fitness=1.039502534
7870.64 secs, 782 evals, 661 steps, improv/step: 0.318 (last = 0.0000), fitness=1.039502534
7880.45 secs, 783 evals, 662 steps, improv/step: 0.319 (last = 1.0000), fitness=1.039502534
7890.28 secs, 784 evals, 663 steps, improv/step: 0.318 (last = 0.0000), fitness=1.039502534
7900.38 secs, 785 evals, 664 steps, improv/step: 0.318 (last = 0.0000), fitness=1.039502534
7910.13 secs, 786 evals, 665 steps, improv/step: 0.317 (last = 0.0000), fitness=1.039502534
7919.13 secs, 787 evals, 666 steps, improv/step: 0.317 (last = 0.0000), fitness=1.039502534
7929.12 secs, 788 evals, 667 steps, improv/step: 0.316 (last = 0.0000), fitness=1.039502534
7938.59 secs, 789 evals, 668 steps, improv/step: 0.317 (last = 1.0000), fitness=1.039502534
7947.63 secs, 790 evals, 669 steps, improv/step: 0.318 (last = 1.0000), fitness=1.039502534
7956.98 secs, 791 evals, 670 steps, improv/step: 0.318 (last = 0.0000), fitness=1.039502534
7966.82 secs, 792 evals, 671 steps, improv/step: 0.317 (last = 0.0000), fitness=1.039502534
7975.08 secs, 793 evals, 672 steps, improv/step: 0.318 (last = 1.0000), fitness=1.039502534
7984.63 secs, 794 evals, 673 steps, improv/step: 0.318 (last = 0.0000), fitness=1.039502534
7992.97 secs, 795 evals, 674 steps, improv/step: 0.318 (last = 0.0000), fitness=1.039502534
8002.68 secs, 796 evals, 675 steps, improv/step: 0.319 (last = 1.0000), fitness=1.039502534
8010.41 secs, 797 evals, 676 steps, improv/step: 0.318 (last = 0.0000), fitness=1.039502534
8019.04 secs, 798 evals, 677 steps, improv/step: 0.318 (last = 0.0000), fitness=1.039502534
8027.91 secs, 799 evals, 678 steps, improv/step: 0.317 (last = 0.0000), fitness=1.039502534
8037.25 secs, 800 evals, 679 steps, improv/step: 0.317 (last = 0.0000), fitness=1.039502534
8046.31 secs, 801 evals, 680 steps, improv/step: 0.316 (last = 0.0000), fitness=1.039502534
8055.22 secs, 802 evals, 681 steps, improv/step: 0.317 (last = 1.0000), fitness=1.039502534
8064.19 secs, 803 evals, 682 steps, improv/step: 0.318 (last = 1.0000), fitness=1.039502534
8073.12 secs, 804 evals, 683 steps, improv/step: 0.319 (last = 1.0000), fitness=1.039502534
8083.52 secs, 805 evals, 684 steps, improv/step: 0.319 (last = 0.0000), fitness=1.039502534
8092.77 secs, 806 evals, 685 steps, improv/step: 0.320 (last = 1.0000), fitness=1.039502534
8103.42 secs, 807 evals, 686 steps, improv/step: 0.319 (last = 0.0000), fitness=1.039502534
8113.21 secs, 808 evals, 687 steps, improv/step: 0.319 (last = 0.0000), fitness=1.039502534
8122.63 secs, 809 evals, 688 steps, improv/step: 0.320 (last = 1.0000), fitness=1.039502534
8128.86 secs, 810 evals, 690 steps, improv/step: 0.319 (last = 0.0000), fitness=1.039502534
8138.17 secs, 811 evals, 691 steps, improv/step: 0.318 (last = 0.0000), fitness=1.039502534
8147.09 secs, 812 evals, 692 steps, improv/step: 0.318 (last = 0.0000), fitness=1.039502534
8156.68 secs, 813 evals, 693 steps, improv/step: 0.317 (last = 0.0000), fitness=1.039502534
8166.75 secs, 814 evals, 694 steps, improv/step: 0.318 (last = 1.0000), fitness=1.039502534
8176.30 secs, 815 evals, 695 steps, improv/step: 0.319 (last = 1.0000), fitness=1.039502534
8185.88 secs, 816 evals, 696 steps, improv/step: 0.320 (last = 1.0000), fitness=1.039502534
8195.80 secs, 817 evals, 697 steps, improv/step: 0.320 (last = 0.0000), fitness=1.039502534
8206.01 secs, 818 evals, 698 steps, improv/step: 0.319 (last = 0.0000), fitness=1.039502534
8215.32 secs, 819 evals, 699 steps, improv/step: 0.320 (last = 1.0000), fitness=1.039502534
8223.76 secs, 820 evals, 700 steps, improv/step: 0.320 (last = 0.0000), fitness=1.039502534
8234.76 secs, 821 evals, 701 steps, improv/step: 0.320 (last = 0.0000), fitness=1.039502534
8244.12 secs, 822 evals, 702 steps, improv/step: 0.321 (last = 1.0000), fitness=1.039502534
8252.35 secs, 823 evals, 703 steps, improv/step: 0.320 (last = 0.0000), fitness=1.039502534
8262.48 secs, 824 evals, 704 steps, improv/step: 0.320 (last = 0.0000), fitness=1.039502534
8271.37 secs, 825 evals, 705 steps, improv/step: 0.321 (last = 1.0000), fitness=1.039502534
8279.95 secs, 826 evals, 706 steps, improv/step: 0.320 (last = 0.0000), fitness=1.039502534
8289.25 secs, 827 evals, 707 steps, improv/step: 0.320 (last = 0.0000), fitness=1.039502534
8299.10 secs, 828 evals, 708 steps, improv/step: 0.319 (last = 0.0000), fitness=1.039502534
8308.19 secs, 829 evals, 709 steps, improv/step: 0.319 (last = 0.0000), fitness=1.039502534
8316.28 secs, 830 evals, 710 steps, improv/step: 0.318 (last = 0.0000), fitness=1.039502534
8325.27 secs, 831 evals, 711 steps, improv/step: 0.319 (last = 1.0000), fitness=1.039502534
8333.98 secs, 832 evals, 712 steps, improv/step: 0.319 (last = 0.0000), fitness=1.039502534
8344.07 secs, 833 evals, 713 steps, improv/step: 0.318 (last = 0.0000), fitness=1.039502534
8353.49 secs, 834 evals, 714 steps, improv/step: 0.318 (last = 0.0000), fitness=1.039502534
8362.76 secs, 835 evals, 715 steps, improv/step: 0.317 (last = 0.0000), fitness=1.039502534
8372.37 secs, 836 evals, 716 steps, improv/step: 0.318 (last = 1.0000), fitness=1.039502534
8381.67 secs, 837 evals, 717 steps, improv/step: 0.318 (last = 0.0000), fitness=1.039502534
8391.34 secs, 838 evals, 718 steps, improv/step: 0.319 (last = 1.0000), fitness=1.039502534
8400.24 secs, 839 evals, 719 steps, improv/step: 0.318 (last = 0.0000), fitness=1.039502534
8409.53 secs, 840 evals, 720 steps, improv/step: 0.318 (last = 0.0000), fitness=1.039502534
8419.65 secs, 841 evals, 721 steps, improv/step: 0.318 (last = 0.0000), fitness=1.039502534
8428.24 secs, 842 evals, 722 steps, improv/step: 0.317 (last = 0.0000), fitness=1.039502534
8437.46 secs, 843 evals, 723 steps, improv/step: 0.317 (last = 0.0000), fitness=1.039502534
8447.57 secs, 844 evals, 724 steps, improv/step: 0.316 (last = 0.0000), fitness=1.039502534
8456.18 secs, 845 evals, 725 steps, improv/step: 0.316 (last = 0.0000), fitness=1.039502534
8465.06 secs, 846 evals, 726 steps, improv/step: 0.315 (last = 0.0000), fitness=1.039502534
8475.24 secs, 847 evals, 727 steps, improv/step: 0.315 (last = 0.0000), fitness=1.039502534
8485.66 secs, 848 evals, 728 steps, improv/step: 0.315 (last = 0.0000), fitness=1.039502534
8494.35 secs, 849 evals, 729 steps, improv/step: 0.314 (last = 0.0000), fitness=1.039502534
8504.18 secs, 850 evals, 730 steps, improv/step: 0.315 (last = 1.0000), fitness=1.039502534
8514.41 secs, 851 evals, 731 steps, improv/step: 0.315 (last = 0.0000), fitness=1.039502534
8524.36 secs, 852 evals, 732 steps, improv/step: 0.314 (last = 0.0000), fitness=1.039502534
8533.98 secs, 853 evals, 733 steps, improv/step: 0.314 (last = 0.0000), fitness=1.039502534
8543.23 secs, 854 evals, 734 steps, improv/step: 0.313 (last = 0.0000), fitness=1.039502534
8553.14 secs, 855 evals, 735 steps, improv/step: 0.313 (last = 0.0000), fitness=1.039502534
8563.14 secs, 856 evals, 736 steps, improv/step: 0.312 (last = 0.0000), fitness=1.039502534
8572.21 secs, 857 evals, 737 steps, improv/step: 0.312 (last = 0.0000), fitness=1.039502534
8581.52 secs, 858 evals, 738 steps, improv/step: 0.313 (last = 1.0000), fitness=1.039502534
8590.59 secs, 859 evals, 739 steps, improv/step: 0.313 (last = 0.0000), fitness=1.039502534
8599.02 secs, 860 evals, 740 steps, improv/step: 0.312 (last = 0.0000), fitness=1.039502534
8607.88 secs, 861 evals, 741 steps, improv/step: 0.312 (last = 0.0000), fitness=1.039502534
8617.87 secs, 862 evals, 742 steps, improv/step: 0.311 (last = 0.0000), fitness=1.039502534
8627.05 secs, 863 evals, 743 steps, improv/step: 0.311 (last = 0.0000), fitness=1.039502534
8634.71 secs, 864 evals, 744 steps, improv/step: 0.310 (last = 0.0000), fitness=1.039502534
8643.33 secs, 865 evals, 745 steps, improv/step: 0.310 (last = 0.0000), fitness=1.039502534
8652.21 secs, 866 evals, 746 steps, improv/step: 0.310 (last = 0.0000), fitness=1.039502534
8661.42 secs, 867 evals, 747 steps, improv/step: 0.309 (last = 0.0000), fitness=1.039502534
8672.23 secs, 868 evals, 748 steps, improv/step: 0.309 (last = 0.0000), fitness=1.039502534
8682.99 secs, 869 evals, 749 steps, improv/step: 0.308 (last = 0.0000), fitness=1.039502534
8691.89 secs, 870 evals, 750 steps, improv/step: 0.308 (last = 0.0000), fitness=1.039502534
8702.10 secs, 871 evals, 751 steps, improv/step: 0.308 (last = 0.0000), fitness=1.039502534
8710.72 secs, 872 evals, 752 steps, improv/step: 0.307 (last = 0.0000), fitness=1.039502534
8720.02 secs, 873 evals, 753 steps, improv/step: 0.308 (last = 1.0000), fitness=1.039502534
8729.75 secs, 874 evals, 754 steps, improv/step: 0.308 (last = 0.0000), fitness=1.039502534
8739.33 secs, 875 evals, 755 steps, improv/step: 0.309 (last = 1.0000), fitness=1.039502534
8748.28 secs, 876 evals, 756 steps, improv/step: 0.308 (last = 0.0000), fitness=1.039502534
8757.56 secs, 877 evals, 757 steps, improv/step: 0.308 (last = 0.0000), fitness=1.039502534
8767.39 secs, 878 evals, 758 steps, improv/step: 0.309 (last = 1.0000), fitness=1.039502534
8776.77 secs, 879 evals, 759 steps, improv/step: 0.308 (last = 0.0000), fitness=1.039502534
8786.62 secs, 880 evals, 760 steps, improv/step: 0.308 (last = 0.0000), fitness=1.039502534
8796.65 secs, 881 evals, 761 steps, improv/step: 0.307 (last = 0.0000), fitness=1.039502534
8806.04 secs, 882 evals, 762 steps, improv/step: 0.307 (last = 0.0000), fitness=1.039502534
8814.47 secs, 883 evals, 763 steps, improv/step: 0.307 (last = 0.0000), fitness=1.039502534
8823.65 secs, 884 evals, 764 steps, improv/step: 0.306 (last = 0.0000), fitness=1.039502534
8833.31 secs, 885 evals, 765 steps, improv/step: 0.307 (last = 1.0000), fitness=1.039502534
8843.16 secs, 886 evals, 766 steps, improv/step: 0.308 (last = 1.0000), fitness=1.039502534
8852.95 secs, 887 evals, 767 steps, improv/step: 0.309 (last = 1.0000), fitness=1.039502534
8862.26 secs, 888 evals, 768 steps, improv/step: 0.309 (last = 0.0000), fitness=1.039502534
8870.59 secs, 889 evals, 769 steps, improv/step: 0.308 (last = 0.0000), fitness=1.039502534
8880.28 secs, 890 evals, 770 steps, improv/step: 0.309 (last = 1.0000), fitness=1.039502534
8889.68 secs, 891 evals, 771 steps, improv/step: 0.310 (last = 1.0000), fitness=1.039502534
8898.41 secs, 892 evals, 772 steps, improv/step: 0.310 (last = 0.0000), fitness=1.039502534
8908.40 secs, 893 evals, 773 steps, improv/step: 0.309 (last = 0.0000), fitness=1.039502534
8917.34 secs, 894 evals, 774 steps, improv/step: 0.309 (last = 0.0000), fitness=1.039502534
8927.09 secs, 895 evals, 775 steps, improv/step: 0.308 (last = 0.0000), fitness=1.039502534
8937.25 secs, 896 evals, 776 steps, improv/step: 0.308 (last = 0.0000), fitness=1.039502534
8947.60 secs, 897 evals, 777 steps, improv/step: 0.308 (last = 0.0000), fitness=1.039502534
8957.55 secs, 898 evals, 778 steps, improv/step: 0.307 (last = 0.0000), fitness=1.039502534
8967.19 secs, 899 evals, 779 steps, improv/step: 0.308 (last = 1.0000), fitness=1.039502534
8976.96 secs, 900 evals, 780 steps, improv/step: 0.308 (last = 0.0000), fitness=1.039502534
8987.32 secs, 901 evals, 781 steps, improv/step: 0.307 (last = 0.0000), fitness=1.039502534
8994.09 secs, 902 evals, 782 steps, improv/step: 0.307 (last = 0.0000), fitness=1.039502534
9003.92 secs, 903 evals, 783 steps, improv/step: 0.307 (last = 0.0000), fitness=1.039502534
9013.63 secs, 904 evals, 784 steps, improv/step: 0.306 (last = 0.0000), fitness=1.039502534
9022.96 secs, 905 evals, 785 steps, improv/step: 0.306 (last = 0.0000), fitness=1.039502534
9031.95 secs, 906 evals, 786 steps, improv/step: 0.305 (last = 0.0000), fitness=1.039502534
9041.54 secs, 907 evals, 787 steps, improv/step: 0.306 (last = 1.0000), fitness=1.039502534
9051.06 secs, 908 evals, 788 steps, improv/step: 0.307 (last = 1.0000), fitness=1.039502534
9060.95 secs, 909 evals, 789 steps, improv/step: 0.307 (last = 0.0000), fitness=1.039502534
9069.47 secs, 910 evals, 790 steps, improv/step: 0.308 (last = 1.0000), fitness=1.039502534
9079.62 secs, 911 evals, 791 steps, improv/step: 0.307 (last = 0.0000), fitness=1.039502534
9088.83 secs, 912 evals, 792 steps, improv/step: 0.308 (last = 1.0000), fitness=1.039502534
9096.74 secs, 913 evals, 793 steps, improv/step: 0.308 (last = 0.0000), fitness=1.039502534
9104.14 secs, 914 evals, 794 steps, improv/step: 0.307 (last = 0.0000), fitness=1.039502534
9114.46 secs, 915 evals, 795 steps, improv/step: 0.307 (last = 0.0000), fitness=1.039502534
9123.62 secs, 916 evals, 796 steps, improv/step: 0.307 (last = 0.0000), fitness=1.039502534
9132.07 secs, 917 evals, 797 steps, improv/step: 0.306 (last = 0.0000), fitness=1.039502534
9141.90 secs, 918 evals, 798 steps, improv/step: 0.306 (last = 0.0000), fitness=1.039502534
9151.22 secs, 919 evals, 799 steps, improv/step: 0.307 (last = 1.0000), fitness=1.039502534
9161.00 secs, 920 evals, 800 steps, improv/step: 0.306 (last = 0.0000), fitness=1.039502534
9170.36 secs, 921 evals, 801 steps, improv/step: 0.306 (last = 0.0000), fitness=1.039502534
9178.63 secs, 922 evals, 802 steps, improv/step: 0.305 (last = 0.0000), fitness=1.039502534
9188.66 secs, 923 evals, 803 steps, improv/step: 0.305 (last = 0.0000), fitness=1.039502534
9197.95 secs, 924 evals, 804 steps, improv/step: 0.305 (last = 0.0000), fitness=1.039502534
9206.73 secs, 925 evals, 805 steps, improv/step: 0.304 (last = 0.0000), fitness=1.039502534
9216.04 secs, 926 evals, 806 steps, improv/step: 0.304 (last = 0.0000), fitness=1.039502534
9225.86 secs, 927 evals, 807 steps, improv/step: 0.304 (last = 0.0000), fitness=1.039502534
9234.18 secs, 928 evals, 808 steps, improv/step: 0.303 (last = 0.0000), fitness=1.039502534
9244.46 secs, 929 evals, 809 steps, improv/step: 0.303 (last = 0.0000), fitness=1.039502534
9253.55 secs, 930 evals, 810 steps, improv/step: 0.302 (last = 0.0000), fitness=1.039502534
9263.12 secs, 931 evals, 811 steps, improv/step: 0.303 (last = 1.0000), fitness=1.039502534
9272.63 secs, 932 evals, 812 steps, improv/step: 0.304 (last = 1.0000), fitness=1.039502534
9281.90 secs, 933 evals, 813 steps, improv/step: 0.304 (last = 0.0000), fitness=1.039502534
9290.27 secs, 934 evals, 814 steps, improv/step: 0.303 (last = 0.0000), fitness=1.039502534
9299.40 secs, 935 evals, 815 steps, improv/step: 0.303 (last = 0.0000), fitness=1.039502534
9308.93 secs, 936 evals, 816 steps, improv/step: 0.303 (last = 0.0000), fitness=1.039502534
9319.14 secs, 937 evals, 817 steps, improv/step: 0.302 (last = 0.0000), fitness=1.039502534
9328.68 secs, 938 evals, 818 steps, improv/step: 0.302 (last = 0.0000), fitness=1.039502534
9338.49 secs, 939 evals, 819 steps, improv/step: 0.302 (last = 0.0000), fitness=1.039502534
9346.33 secs, 940 evals, 820 steps, improv/step: 0.301 (last = 0.0000), fitness=1.039502534
9355.47 secs, 941 evals, 821 steps, improv/step: 0.301 (last = 0.0000), fitness=1.039502534
9366.59 secs, 942 evals, 822 steps, improv/step: 0.300 (last = 0.0000), fitness=1.039502534
9375.73 secs, 943 evals, 823 steps, improv/step: 0.301 (last = 1.0000), fitness=1.039502534
9385.03 secs, 944 evals, 824 steps, improv/step: 0.302 (last = 1.0000), fitness=1.039502534
9394.53 secs, 945 evals, 825 steps, improv/step: 0.302 (last = 0.0000), fitness=1.039502534
9404.07 secs, 946 evals, 826 steps, improv/step: 0.301 (last = 0.0000), fitness=1.039502534
9413.73 secs, 947 evals, 827 steps, improv/step: 0.301 (last = 0.0000), fitness=1.039502534
9422.83 secs, 948 evals, 828 steps, improv/step: 0.301 (last = 0.0000), fitness=1.039502534
9432.26 secs, 949 evals, 829 steps, improv/step: 0.300 (last = 0.0000), fitness=1.039502534
9441.98 secs, 950 evals, 830 steps, improv/step: 0.300 (last = 0.0000), fitness=1.039502534
9451.63 secs, 951 evals, 831 steps, improv/step: 0.300 (last = 0.0000), fitness=1.039502534
9460.59 secs, 952 evals, 832 steps, improv/step: 0.299 (last = 0.0000), fitness=1.039502534
9470.80 secs, 953 evals, 833 steps, improv/step: 0.299 (last = 0.0000), fitness=1.039502534
9480.34 secs, 954 evals, 834 steps, improv/step: 0.299 (last = 0.0000), fitness=1.039502534
9489.40 secs, 955 evals, 835 steps, improv/step: 0.298 (last = 0.0000), fitness=1.039502534
9498.91 secs, 956 evals, 836 steps, improv/step: 0.298 (last = 0.0000), fitness=1.039502534
9507.95 secs, 957 evals, 837 steps, improv/step: 0.299 (last = 1.0000), fitness=1.039502534
9516.84 secs, 958 evals, 838 steps, improv/step: 0.298 (last = 0.0000), fitness=1.039502534
9526.54 secs, 959 evals, 839 steps, improv/step: 0.298 (last = 0.0000), fitness=1.039502534
9536.19 secs, 960 evals, 840 steps, improv/step: 0.298 (last = 0.0000), fitness=1.039502534
9544.06 secs, 961 evals, 841 steps, improv/step: 0.297 (last = 0.0000), fitness=1.039502534
9553.77 secs, 962 evals, 842 steps, improv/step: 0.297 (last = 0.0000), fitness=1.039502534
9562.64 secs, 963 evals, 843 steps, improv/step: 0.297 (last = 0.0000), fitness=1.039502534
9572.22 secs, 964 evals, 844 steps, improv/step: 0.297 (last = 1.0000), fitness=1.039502534
9581.85 secs, 965 evals, 845 steps, improv/step: 0.297 (last = 0.0000), fitness=1.039502534
9591.80 secs, 966 evals, 846 steps, improv/step: 0.297 (last = 0.0000), fitness=1.039502534
9601.38 secs, 967 evals, 847 steps, improv/step: 0.298 (last = 1.0000), fitness=1.039502534
9610.69 secs, 968 evals, 848 steps, improv/step: 0.298 (last = 1.0000), fitness=1.039502534
9620.31 secs, 969 evals, 849 steps, improv/step: 0.298 (last = 0.0000), fitness=1.039502534
9629.22 secs, 970 evals, 850 steps, improv/step: 0.298 (last = 0.0000), fitness=1.039502534
9638.48 secs, 971 evals, 851 steps, improv/step: 0.297 (last = 0.0000), fitness=1.039502534
9647.93 secs, 972 evals, 852 steps, improv/step: 0.297 (last = 0.0000), fitness=1.039502534
9657.66 secs, 973 evals, 853 steps, improv/step: 0.298 (last = 1.0000), fitness=1.039502534
9667.44 secs, 974 evals, 854 steps, improv/step: 0.297 (last = 0.0000), fitness=1.039502534
9676.85 secs, 975 evals, 855 steps, improv/step: 0.297 (last = 0.0000), fitness=1.039502534
9686.69 secs, 976 evals, 856 steps, improv/step: 0.297 (last = 0.0000), fitness=1.039502534
9696.00 secs, 977 evals, 857 steps, improv/step: 0.298 (last = 1.0000), fitness=1.039502534
9705.27 secs, 978 evals, 858 steps, improv/step: 0.298 (last = 1.0000), fitness=1.039502534
9714.46 secs, 979 evals, 859 steps, improv/step: 0.298 (last = 0.0000), fitness=1.039502534
9724.17 secs, 980 evals, 860 steps, improv/step: 0.299 (last = 1.0000), fitness=1.039502534
9733.24 secs, 981 evals, 861 steps, improv/step: 0.298 (last = 0.0000), fitness=1.039502534
9742.77 secs, 982 evals, 862 steps, improv/step: 0.298 (last = 0.0000), fitness=1.039502534
9752.53 secs, 983 evals, 863 steps, improv/step: 0.298 (last = 0.0000), fitness=1.039502534
9761.07 secs, 984 evals, 864 steps, improv/step: 0.297 (last = 0.0000), fitness=1.039502534
9770.80 secs, 985 evals, 865 steps, improv/step: 0.297 (last = 0.0000), fitness=1.039502534
9780.85 secs, 986 evals, 866 steps, improv/step: 0.297 (last = 0.0000), fitness=1.039502534
9789.84 secs, 987 evals, 867 steps, improv/step: 0.296 (last = 0.0000), fitness=1.039502534
9798.46 secs, 988 evals, 868 steps, improv/step: 0.296 (last = 0.0000), fitness=1.039502534
9807.64 secs, 989 evals, 869 steps, improv/step: 0.296 (last = 0.0000), fitness=1.039502534
9814.77 secs, 990 evals, 870 steps, improv/step: 0.295 (last = 0.0000), fitness=1.039502534
9823.89 secs, 991 evals, 871 steps, improv/step: 0.295 (last = 0.0000), fitness=1.039502534
9833.08 secs, 992 evals, 872 steps, improv/step: 0.296 (last = 1.0000), fitness=1.039502534
9842.05 secs, 993 evals, 873 steps, improv/step: 0.296 (last = 0.0000), fitness=1.039502534
9851.27 secs, 994 evals, 874 steps, improv/step: 0.296 (last = 1.0000), fitness=1.039502534
9858.93 secs, 995 evals, 875 steps, improv/step: 0.296 (last = 0.0000), fitness=1.039502534
9868.28 secs, 996 evals, 876 steps, improv/step: 0.296 (last = 0.0000), fitness=1.039502534
9877.72 secs, 997 evals, 877 steps, improv/step: 0.296 (last = 1.0000), fitness=1.039502534
9887.57 secs, 998 evals, 878 steps, improv/step: 0.296 (last = 0.0000), fitness=1.039502534
9897.67 secs, 999 evals, 879 steps, improv/step: 0.296 (last = 0.0000), fitness=1.039502534
9906.46 secs, 1000 evals, 880 steps, improv/step: 0.295 (last = 0.0000), fitness=1.039502534
9915.79 secs, 1001 evals, 881 steps, improv/step: 0.295 (last = 0.0000), fitness=1.039502534
9923.20 secs, 1002 evals, 882 steps, improv/step: 0.295 (last = 0.0000), fitness=1.039502534
9932.25 secs, 1003 evals, 883 steps, improv/step: 0.294 (last = 0.0000), fitness=1.039502534
9941.76 secs, 1004 evals, 884 steps, improv/step: 0.295 (last = 1.0000), fitness=1.039502534
9950.62 secs, 1005 evals, 885 steps, improv/step: 0.295 (last = 0.0000), fitness=1.039502534
9960.01 secs, 1006 evals, 886 steps, improv/step: 0.296 (last = 1.0000), fitness=1.039502534
9968.78 secs, 1007 evals, 887 steps, improv/step: 0.295 (last = 0.0000), fitness=1.039502534
9977.30 secs, 1008 evals, 888 steps, improv/step: 0.296 (last = 1.0000), fitness=1.039502534
9987.06 secs, 1009 evals, 889 steps, improv/step: 0.296 (last = 0.0000), fitness=1.039502534
9996.54 secs, 1010 evals, 890 steps, improv/step: 0.296 (last = 0.0000), fitness=1.039502534
10005.00 secs, 1011 evals, 891 steps, improv/step: 0.296 (last = 1.0000), fitness=1.039502534
10014.37 secs, 1012 evals, 892 steps, improv/step: 0.296 (last = 0.0000), fitness=1.039502534
10023.72 secs, 1013 evals, 893 steps, improv/step: 0.296 (last = 0.0000), fitness=1.039502534
10033.21 secs, 1014 evals, 894 steps, improv/step: 0.295 (last = 0.0000), fitness=1.039502534
10042.94 secs, 1015 evals, 895 steps, improv/step: 0.295 (last = 0.0000), fitness=1.039502534
10053.15 secs, 1016 evals, 896 steps, improv/step: 0.295 (last = 0.0000), fitness=1.039502534
10062.84 secs, 1017 evals, 897 steps, improv/step: 0.294 (last = 0.0000), fitness=1.039502534
10072.36 secs, 1018 evals, 898 steps, improv/step: 0.294 (last = 0.0000), fitness=1.039502534
10082.18 secs, 1019 evals, 899 steps, improv/step: 0.294 (last = 0.0000), fitness=1.039502534
10091.74 secs, 1020 evals, 900 steps, improv/step: 0.293 (last = 0.0000), fitness=1.039502534
10101.34 secs, 1021 evals, 901 steps, improv/step: 0.293 (last = 0.0000), fitness=1.039502534
10110.25 secs, 1022 evals, 902 steps, improv/step: 0.293 (last = 0.0000), fitness=1.039502534
10119.77 secs, 1023 evals, 903 steps, improv/step: 0.292 (last = 0.0000), fitness=1.039502534
10128.70 secs, 1024 evals, 904 steps, improv/step: 0.293 (last = 1.0000), fitness=1.039502534
10138.42 secs, 1025 evals, 905 steps, improv/step: 0.293 (last = 0.0000), fitness=1.039502534
10147.33 secs, 1026 evals, 906 steps, improv/step: 0.292 (last = 0.0000), fitness=1.039502534
10156.39 secs, 1027 evals, 907 steps, improv/step: 0.293 (last = 1.0000), fitness=1.039502534
10165.23 secs, 1028 evals, 908 steps, improv/step: 0.293 (last = 0.0000), fitness=1.039502534
10174.01 secs, 1029 evals, 909 steps, improv/step: 0.294 (last = 1.0000), fitness=1.039502534
10182.36 secs, 1030 evals, 910 steps, improv/step: 0.293 (last = 0.0000), fitness=1.039502534
10190.89 secs, 1031 evals, 911 steps, improv/step: 0.293 (last = 0.0000), fitness=1.039502534
10199.99 secs, 1032 evals, 912 steps, improv/step: 0.293 (last = 0.0000), fitness=1.039502534
10209.51 secs, 1033 evals, 913 steps, improv/step: 0.294 (last = 1.0000), fitness=1.039502534
10219.07 secs, 1034 evals, 914 steps, improv/step: 0.293 (last = 0.0000), fitness=1.039502534
10229.32 secs, 1035 evals, 915 steps, improv/step: 0.293 (last = 0.0000), fitness=1.039502534
10239.02 secs, 1036 evals, 916 steps, improv/step: 0.293 (last = 0.0000), fitness=1.039502534
10248.13 secs, 1037 evals, 917 steps, improv/step: 0.292 (last = 0.0000), fitness=1.039502534
10257.40 secs, 1038 evals, 918 steps, improv/step: 0.293 (last = 1.0000), fitness=1.039502534
10266.88 secs, 1039 evals, 919 steps, improv/step: 0.293 (last = 0.0000), fitness=1.039502534
10276.17 secs, 1040 evals, 920 steps, improv/step: 0.292 (last = 0.0000), fitness=1.039502534
10285.91 secs, 1041 evals, 921 steps, improv/step: 0.292 (last = 0.0000), fitness=1.039502534
10296.29 secs, 1042 evals, 922 steps, improv/step: 0.292 (last = 0.0000), fitness=1.039502534
10305.71 secs, 1043 evals, 923 steps, improv/step: 0.291 (last = 0.0000), fitness=1.039502534
10315.14 secs, 1044 evals, 924 steps, improv/step: 0.291 (last = 0.0000), fitness=1.039502534
10324.86 secs, 1045 evals, 925 steps, improv/step: 0.292 (last = 1.0000), fitness=1.039502534
10334.18 secs, 1046 evals, 926 steps, improv/step: 0.293 (last = 1.0000), fitness=1.039502534
10343.74 secs, 1047 evals, 927 steps, improv/step: 0.292 (last = 0.0000), fitness=1.039502534
10352.88 secs, 1048 evals, 928 steps, improv/step: 0.293 (last = 1.0000), fitness=1.039502534
10362.07 secs, 1049 evals, 929 steps, improv/step: 0.294 (last = 1.0000), fitness=1.039502534
10370.40 secs, 1050 evals, 930 steps, improv/step: 0.294 (last = 0.0000), fitness=1.039502534
10379.77 secs, 1051 evals, 931 steps, improv/step: 0.293 (last = 0.0000), fitness=1.039502534
10388.85 secs, 1052 evals, 932 steps, improv/step: 0.293 (last = 0.0000), fitness=1.039502534
10398.49 secs, 1053 evals, 933 steps, improv/step: 0.293 (last = 0.0000), fitness=1.039502534
10408.08 secs, 1054 evals, 934 steps, improv/step: 0.292 (last = 0.0000), fitness=1.039502534
10417.25 secs, 1055 evals, 935 steps, improv/step: 0.292 (last = 0.0000), fitness=1.039502534
10425.78 secs, 1056 evals, 936 steps, improv/step: 0.292 (last = 0.0000), fitness=1.039502534
10435.22 secs, 1057 evals, 937 steps, improv/step: 0.291 (last = 0.0000), fitness=1.039502534
10444.54 secs, 1058 evals, 938 steps, improv/step: 0.292 (last = 1.0000), fitness=1.039502534
10454.51 secs, 1059 evals, 939 steps, improv/step: 0.292 (last = 0.0000), fitness=1.039502534
10463.85 secs, 1060 evals, 940 steps, improv/step: 0.291 (last = 0.0000), fitness=1.039502534
10472.85 secs, 1061 evals, 941 steps, improv/step: 0.291 (last = 0.0000), fitness=1.039502534
10482.06 secs, 1062 evals, 942 steps, improv/step: 0.291 (last = 0.0000), fitness=1.039502534
10491.44 secs, 1063 evals, 943 steps, improv/step: 0.291 (last = 0.0000), fitness=1.039502534
10500.67 secs, 1064 evals, 944 steps, improv/step: 0.290 (last = 0.0000), fitness=1.039502534
10509.72 secs, 1065 evals, 945 steps, improv/step: 0.290 (last = 0.0000), fitness=1.039502534
10518.25 secs, 1066 evals, 946 steps, improv/step: 0.290 (last = 0.0000), fitness=1.039502534
10527.74 secs, 1067 evals, 947 steps, improv/step: 0.289 (last = 0.0000), fitness=1.039502534
10537.25 secs, 1068 evals, 948 steps, improv/step: 0.289 (last = 0.0000), fitness=1.039502534
10546.38 secs, 1069 evals, 949 steps, improv/step: 0.289 (last = 0.0000), fitness=1.039502534
10555.44 secs, 1070 evals, 950 steps, improv/step: 0.288 (last = 0.0000), fitness=1.039502534
10564.18 secs, 1071 evals, 951 steps, improv/step: 0.288 (last = 0.0000), fitness=1.039502534
10573.20 secs, 1072 evals, 952 steps, improv/step: 0.288 (last = 0.0000), fitness=1.039502534
10581.46 secs, 1073 evals, 953 steps, improv/step: 0.288 (last = 0.0000), fitness=1.039502534
10590.46 secs, 1074 evals, 954 steps, improv/step: 0.288 (last = 1.0000), fitness=1.039502534
10599.62 secs, 1075 evals, 955 steps, improv/step: 0.289 (last = 1.0000), fitness=1.039502534
10608.65 secs, 1076 evals, 956 steps, improv/step: 0.289 (last = 0.0000), fitness=1.039502534
10617.43 secs, 1077 evals, 957 steps, improv/step: 0.288 (last = 0.0000), fitness=1.039502534
10625.95 secs, 1078 evals, 958 steps, improv/step: 0.288 (last = 0.0000), fitness=1.039502534
10634.54 secs, 1079 evals, 959 steps, improv/step: 0.288 (last = 0.0000), fitness=1.039502534
10643.17 secs, 1080 evals, 960 steps, improv/step: 0.287 (last = 0.0000), fitness=1.039502534
10652.15 secs, 1081 evals, 961 steps, improv/step: 0.287 (last = 0.0000), fitness=1.039502534
10661.47 secs, 1082 evals, 962 steps, improv/step: 0.287 (last = 0.0000), fitness=1.039502534
10670.68 secs, 1083 evals, 963 steps, improv/step: 0.287 (last = 0.0000), fitness=1.039502534
10679.56 secs, 1084 evals, 964 steps, improv/step: 0.287 (last = 1.0000), fitness=1.039502534
10688.10 secs, 1085 evals, 965 steps, improv/step: 0.287 (last = 0.0000), fitness=1.039502534
10697.09 secs, 1086 evals, 966 steps, improv/step: 0.287 (last = 0.0000), fitness=1.039502534
10705.55 secs, 1087 evals, 967 steps, improv/step: 0.286 (last = 0.0000), fitness=1.039502534
10715.36 secs, 1088 evals, 968 steps, improv/step: 0.286 (last = 0.0000), fitness=1.039502534
10724.41 secs, 1089 evals, 969 steps, improv/step: 0.286 (last = 0.0000), fitness=1.039502534
10733.63 secs, 1090 evals, 970 steps, improv/step: 0.286 (last = 0.0000), fitness=1.039502534
10742.20 secs, 1091 evals, 971 steps, improv/step: 0.285 (last = 0.0000), fitness=1.039502534
10751.11 secs, 1092 evals, 972 steps, improv/step: 0.286 (last = 1.0000), fitness=1.039502534
10760.24 secs, 1093 evals, 973 steps, improv/step: 0.287 (last = 1.0000), fitness=1.039502534
10769.47 secs, 1094 evals, 974 steps, improv/step: 0.286 (last = 0.0000), fitness=1.039502534
10778.42 secs, 1095 evals, 975 steps, improv/step: 0.286 (last = 0.0000), fitness=1.039502534
10787.62 secs, 1096 evals, 976 steps, improv/step: 0.286 (last = 0.0000), fitness=1.039502534
10796.51 secs, 1097 evals, 977 steps, improv/step: 0.286 (last = 0.0000), fitness=1.039502534

Optimization stopped after 978 steps and 10805.51 seconds
Termination reason: Max time (10800.0 s) reached
Steps per second = 0.09
Function evals per second = 0.10
Improvements/step = Inf
Total function evaluations = 1098


Best candidate found: [0.222066, 0.848047]

Fitness: 1.039502534

