N_Jobs_Total: 144
Starting optimization with optimizer DiffEvoOpt{FitPopulation{Float64}, RadiusLimitedSelector, BlackBoxOptim.AdaptiveDiffEvoRandBin{3}, RandomBound{ContinuousRectSearchSpace}}
0.00 secs, 0 evals, 0 steps
518.93 secs, 2 evals, 1 steps, fitness=89.240565536
872.29 secs, 4 evals, 2 steps, improv/step: 0.500 (last = 1.0000), fitness=12.956055573
1401.06 secs, 6 evals, 3 steps, improv/step: 0.667 (last = 1.0000), fitness=12.956055573
1956.69 secs, 8 evals, 4 steps, improv/step: 0.500 (last = 0.0000), fitness=12.956055573
2182.14 secs, 9 evals, 5 steps, improv/step: 0.400 (last = 0.0000), fitness=12.956055573
2669.97 secs, 11 evals, 6 steps, improv/step: 0.500 (last = 1.0000), fitness=12.956055573
3168.89 secs, 13 evals, 7 steps, improv/step: 0.571 (last = 1.0000), fitness=12.956055573
3703.81 secs, 15 evals, 8 steps, improv/step: 0.625 (last = 1.0000), fitness=12.956055573
4227.28 secs, 17 evals, 9 steps, improv/step: 0.556 (last = 0.0000), fitness=12.956055573
4718.63 secs, 19 evals, 10 steps, improv/step: 0.500 (last = 0.0000), fitness=12.956055573
4898.57 secs, 21 evals, 11 steps, improv/step: 0.455 (last = 0.0000), fitness=3.295821976
5358.30 secs, 23 evals, 12 steps, improv/step: 0.417 (last = 0.0000), fitness=3.295821976
5622.32 secs, 25 evals, 13 steps, improv/step: 0.462 (last = 1.0000), fitness=3.295821976
5775.50 secs, 27 evals, 14 steps, improv/step: 0.429 (last = 0.0000), fitness=3.295821976
6166.66 secs, 29 evals, 15 steps, improv/step: 0.400 (last = 0.0000), fitness=3.295821976
6617.52 secs, 31 evals, 16 steps, improv/step: 0.375 (last = 0.0000), fitness=3.295821976
7089.26 secs, 33 evals, 17 steps, improv/step: 0.353 (last = 0.0000), fitness=3.295821976
7548.54 secs, 35 evals, 18 steps, improv/step: 0.389 (last = 1.0000), fitness=3.295821976
7846.81 secs, 37 evals, 19 steps, improv/step: 0.421 (last = 1.0000), fitness=3.295821976
8307.28 secs, 39 evals, 20 steps, improv/step: 0.450 (last = 1.0000), fitness=3.295821976
8580.14 secs, 41 evals, 21 steps, improv/step: 0.476 (last = 1.0000), fitness=3.295821976
9023.82 secs, 43 evals, 22 steps, improv/step: 0.455 (last = 0.0000), fitness=3.295821976
9443.49 secs, 45 evals, 23 steps, improv/step: 0.478 (last = 1.0000), fitness=3.295821976
9916.50 secs, 47 evals, 24 steps, improv/step: 0.500 (last = 1.0000), fitness=3.295821976
10131.48 secs, 48 evals, 25 steps, improv/step: 0.520 (last = 1.0000), fitness=3.295821976
10501.53 secs, 50 evals, 26 steps, improv/step: 0.500 (last = 0.0000), fitness=3.295821976

Optimization stopped after 27 steps and 10956.31 seconds
Termination reason: Max time (10800.0 s) reached
Steps per second = 0.00
Function evals per second = 0.00
Improvements/step = Inf
Total function evaluations = 52


Best candidate found: [0.12725, 0.934211]

Fitness: 3.295821976

