N_Jobs_Total: 14700
N_Runs: 60
Job: 1471, N_Quanta: 2, epsilon: 0.9, NT_per_Second: 10, mem_slope: 0.2
Job: 1472, N_Quanta: 2, epsilon: 0.9, NT_per_Second: 25, mem_slope: 0.2
Job: 1473, N_Quanta: 2, epsilon: 0.9, NT_per_Second: 50, mem_slope: 0.2
Job: 1474, N_Quanta: 2, epsilon: 0.9, NT_per_Second: 100, mem_slope: 0.2
Job: 1475, N_Quanta: 2, epsilon: 0.9, NT_per_Second: 200, mem_slope: 0.2
Job: 1476, N_Quanta: 2, epsilon: 0.9, NT_per_Second: 400, mem_slope: 0.2
Job: 1477, N_Quanta: 3, epsilon: 0.9, NT_per_Second: 10, mem_slope: 0.2
Job: 1478, N_Quanta: 3, epsilon: 0.9, NT_per_Second: 25, mem_slope: 0.2
Job: 1479, N_Quanta: 3, epsilon: 0.9, NT_per_Second: 50, mem_slope: 0.2
Job: 1480, N_Quanta: 3, epsilon: 0.9, NT_per_Second: 100, mem_slope: 0.2
Job: 1481, N_Quanta: 3, epsilon: 0.9, NT_per_Second: 200, mem_slope: 0.2
Job: 1482, N_Quanta: 3, epsilon: 0.9, NT_per_Second: 400, mem_slope: 0.2
Job: 1483, N_Quanta: 4, epsilon: 0.9, NT_per_Second: 10, mem_slope: 0.2
Job: 1484, N_Quanta: 4, epsilon: 0.9, NT_per_Second: 25, mem_slope: 0.2
Job: 1485, N_Quanta: 4, epsilon: 0.9, NT_per_Second: 50, mem_slope: 0.2
Job: 1486, N_Quanta: 4, epsilon: 0.9, NT_per_Second: 100, mem_slope: 0.2
Job: 1487, N_Quanta: 4, epsilon: 0.9, NT_per_Second: 200, mem_slope: 0.2
Job: 1488, N_Quanta: 4, epsilon: 0.9, NT_per_Second: 400, mem_slope: 0.2
Job: 1489, N_Quanta: 5, epsilon: 0.9, NT_per_Second: 10, mem_slope: 0.2
Job: 1490, N_Quanta: 5, epsilon: 0.9, NT_per_Second: 25, mem_slope: 0.2
Job: 1491, N_Quanta: 5, epsilon: 0.9, NT_per_Second: 50, mem_slope: 0.2
Job: 1492, N_Quanta: 5, epsilon: 0.9, NT_per_Second: 100, mem_slope: 0.2
Job: 1493, N_Quanta: 5, epsilon: 0.9, NT_per_Second: 200, mem_slope: 0.2
Job: 1494, N_Quanta: 5, epsilon: 0.9, NT_per_Second: 400, mem_slope: 0.2
Job: 1495, N_Quanta: 6, epsilon: 0.9, NT_per_Second: 10, mem_slope: 0.2
Job: 1496, N_Quanta: 6, epsilon: 0.9, NT_per_Second: 25, mem_slope: 0.2
Job: 1497, N_Quanta: 6, epsilon: 0.9, NT_per_Second: 50, mem_slope: 0.2
Job: 1498, N_Quanta: 6, epsilon: 0.9, NT_per_Second: 100, mem_slope: 0.2
Job: 1499, N_Quanta: 6, epsilon: 0.9, NT_per_Second: 200, mem_slope: 0.2
Job: 1500, N_Quanta: 6, epsilon: 0.9, NT_per_Second: 400, mem_slope: 0.2
Job: 1501, N_Quanta: 7, epsilon: 0.9, NT_per_Second: 10, mem_slope: 0.2
Job: 1502, N_Quanta: 7, epsilon: 0.9, NT_per_Second: 25, mem_slope: 0.2
Job: 1503, N_Quanta: 7, epsilon: 0.9, NT_per_Second: 50, mem_slope: 0.2
Job: 1504, N_Quanta: 7, epsilon: 0.9, NT_per_Second: 100, mem_slope: 0.2
Job: 1505, N_Quanta: 7, epsilon: 0.9, NT_per_Second: 200, mem_slope: 0.2
Job: 1506, N_Quanta: 7, epsilon: 0.9, NT_per_Second: 400, mem_slope: 0.2
Job: 1507, N_Quanta: 8, epsilon: 0.9, NT_per_Second: 10, mem_slope: 0.2
Job: 1508, N_Quanta: 8, epsilon: 0.9, NT_per_Second: 25, mem_slope: 0.2
Job: 1509, N_Quanta: 8, epsilon: 0.9, NT_per_Second: 50, mem_slope: 0.2
Job: 1510, N_Quanta: 8, epsilon: 0.9, NT_per_Second: 100, mem_slope: 0.2
Job: 1511, N_Quanta: 8, epsilon: 0.9, NT_per_Second: 200, mem_slope: 0.2
Job: 1512, N_Quanta: 8, epsilon: 0.9, NT_per_Second: 400, mem_slope: 0.2
Job: 1513, N_Quanta: 9, epsilon: 0.9, NT_per_Second: 10, mem_slope: 0.2
Job: 1514, N_Quanta: 9, epsilon: 0.9, NT_per_Second: 25, mem_slope: 0.2
Job: 1515, N_Quanta: 9, epsilon: 0.9, NT_per_Second: 50, mem_slope: 0.2
Job: 1516, N_Quanta: 9, epsilon: 0.9, NT_per_Second: 100, mem_slope: 0.2
Job: 1517, N_Quanta: 9, epsilon: 0.9, NT_per_Second: 200, mem_slope: 0.2
Job: 1518, N_Quanta: 9, epsilon: 0.9, NT_per_Second: 400, mem_slope: 0.2
Job: 1519, N_Quanta: 10, epsilon: 0.9, NT_per_Second: 10, mem_slope: 0.2
Job: 1520, N_Quanta: 10, epsilon: 0.9, NT_per_Second: 25, mem_slope: 0.2
Job: 1521, N_Quanta: 10, epsilon: 0.9, NT_per_Second: 50, mem_slope: 0.2
Job: 1522, N_Quanta: 10, epsilon: 0.9, NT_per_Second: 100, mem_slope: 0.2
Job: 1523, N_Quanta: 10, epsilon: 0.9, NT_per_Second: 200, mem_slope: 0.2
Job: 1524, N_Quanta: 10, epsilon: 0.9, NT_per_Second: 400, mem_slope: 0.2
Job: 1525, N_Quanta: 11, epsilon: 0.9, NT_per_Second: 10, mem_slope: 0.2
Job: 1526, N_Quanta: 11, epsilon: 0.9, NT_per_Second: 25, mem_slope: 0.2
Job: 1527, N_Quanta: 11, epsilon: 0.9, NT_per_Second: 50, mem_slope: 0.2
Job: 1528, N_Quanta: 11, epsilon: 0.9, NT_per_Second: 100, mem_slope: 0.2
Job: 1529, N_Quanta: 11, epsilon: 0.9, NT_per_Second: 200, mem_slope: 0.2
Job: 1530, N_Quanta: 11, epsilon: 0.9, NT_per_Second: 400, mem_slope: 0.2
Job: 1531, N_Quanta: 12, epsilon: 0.9, NT_per_Second: 10, mem_slope: 0.2
Job: 1532, N_Quanta: 12, epsilon: 0.9, NT_per_Second: 25, mem_slope: 0.2
Job: 1533, N_Quanta: 12, epsilon: 0.9, NT_per_Second: 50, mem_slope: 0.2
Job: 1534, N_Quanta: 12, epsilon: 0.9, NT_per_Second: 100, mem_slope: 0.2
Job: 1535, N_Quanta: 12, epsilon: 0.9, NT_per_Second: 200, mem_slope: 0.2
Job: 1536, N_Quanta: 12, epsilon: 0.9, NT_per_Second: 400, mem_slope: 0.2
Job: 1537, N_Quanta: 13, epsilon: 0.9, NT_per_Second: 10, mem_slope: 0.2
Job: 1538, N_Quanta: 13, epsilon: 0.9, NT_per_Second: 25, mem_slope: 0.2
Job: 1539, N_Quanta: 13, epsilon: 0.9, NT_per_Second: 50, mem_slope: 0.2
Job: 1540, N_Quanta: 13, epsilon: 0.9, NT_per_Second: 100, mem_slope: 0.2
Job: 1541, N_Quanta: 13, epsilon: 0.9, NT_per_Second: 200, mem_slope: 0.2
Job: 1542, N_Quanta: 13, epsilon: 0.9, NT_per_Second: 400, mem_slope: 0.2
Job: 1543, N_Quanta: 14, epsilon: 0.9, NT_per_Second: 10, mem_slope: 0.2
Job: 1544, N_Quanta: 14, epsilon: 0.9, NT_per_Second: 25, mem_slope: 0.2
Job: 1545, N_Quanta: 14, epsilon: 0.9, NT_per_Second: 50, mem_slope: 0.2
Job: 1546, N_Quanta: 14, epsilon: 0.9, NT_per_Second: 100, mem_slope: 0.2
Job: 1547, N_Quanta: 14, epsilon: 0.9, NT_per_Second: 200, mem_slope: 0.2
Job: 1548, N_Quanta: 14, epsilon: 0.9, NT_per_Second: 400, mem_slope: 0.2
Job: 1549, N_Quanta: 15, epsilon: 0.9, NT_per_Second: 10, mem_slope: 0.2
Job: 1550, N_Quanta: 15, epsilon: 0.9, NT_per_Second: 25, mem_slope: 0.2
Job: 1551, N_Quanta: 15, epsilon: 0.9, NT_per_Second: 50, mem_slope: 0.2
Job: 1552, N_Quanta: 15, epsilon: 0.9, NT_per_Second: 100, mem_slope: 0.2
Job: 1553, N_Quanta: 15, epsilon: 0.9, NT_per_Second: 200, mem_slope: 0.2
Job: 1554, N_Quanta: 15, epsilon: 0.9, NT_per_Second: 400, mem_slope: 0.2
Job: 1555, N_Quanta: 16, epsilon: 0.9, NT_per_Second: 10, mem_slope: 0.2
Job: 1556, N_Quanta: 16, epsilon: 0.9, NT_per_Second: 25, mem_slope: 0.2
Job: 1557, N_Quanta: 16, epsilon: 0.9, NT_per_Second: 50, mem_slope: 0.2
Job: 1558, N_Quanta: 16, epsilon: 0.9, NT_per_Second: 100, mem_slope: 0.2
Job: 1559, N_Quanta: 16, epsilon: 0.9, NT_per_Second: 200, mem_slope: 0.2
Job: 1560, N_Quanta: 16, epsilon: 0.9, NT_per_Second: 400, mem_slope: 0.2
Job: 1561, N_Quanta: 17, epsilon: 0.9, NT_per_Second: 10, mem_slope: 0.2
Job: 1562, N_Quanta: 17, epsilon: 0.9, NT_per_Second: 25, mem_slope: 0.2
Job: 1563, N_Quanta: 17, epsilon: 0.9, NT_per_Second: 50, mem_slope: 0.2
Job: 1564, N_Quanta: 17, epsilon: 0.9, NT_per_Second: 100, mem_slope: 0.2
Job: 1565, N_Quanta: 17, epsilon: 0.9, NT_per_Second: 200, mem_slope: 0.2
Job: 1566, N_Quanta: 17, epsilon: 0.9, NT_per_Second: 400, mem_slope: 0.2
Job: 1567, N_Quanta: 18, epsilon: 0.9, NT_per_Second: 10, mem_slope: 0.2
Job: 1568, N_Quanta: 18, epsilon: 0.9, NT_per_Second: 25, mem_slope: 0.2
Job: 1569, N_Quanta: 18, epsilon: 0.9, NT_per_Second: 50, mem_slope: 0.2
Job: 1570, N_Quanta: 18, epsilon: 0.9, NT_per_Second: 100, mem_slope: 0.2
Job: 1571, N_Quanta: 18, epsilon: 0.9, NT_per_Second: 200, mem_slope: 0.2
Job: 1572, N_Quanta: 18, epsilon: 0.9, NT_per_Second: 400, mem_slope: 0.2
Job: 1573, N_Quanta: 19, epsilon: 0.9, NT_per_Second: 10, mem_slope: 0.2
Job: 1574, N_Quanta: 19, epsilon: 0.9, NT_per_Second: 25, mem_slope: 0.2
Job: 1575, N_Quanta: 19, epsilon: 0.9, NT_per_Second: 50, mem_slope: 0.2
Job: 1576, N_Quanta: 19, epsilon: 0.9, NT_per_Second: 100, mem_slope: 0.2
Job: 1577, N_Quanta: 19, epsilon: 0.9, NT_per_Second: 200, mem_slope: 0.2
Job: 1578, N_Quanta: 19, epsilon: 0.9, NT_per_Second: 400, mem_slope: 0.2
Job: 1579, N_Quanta: 20, epsilon: 0.9, NT_per_Second: 10, mem_slope: 0.2
Job: 1580, N_Quanta: 20, epsilon: 0.9, NT_per_Second: 25, mem_slope: 0.2
Job: 1581, N_Quanta: 20, epsilon: 0.9, NT_per_Second: 50, mem_slope: 0.2
Job: 1582, N_Quanta: 20, epsilon: 0.9, NT_per_Second: 100, mem_slope: 0.2
Job: 1583, N_Quanta: 20, epsilon: 0.9, NT_per_Second: 200, mem_slope: 0.2
Job: 1584, N_Quanta: 20, epsilon: 0.9, NT_per_Second: 400, mem_slope: 0.2
Job: 1585, N_Quanta: 21, epsilon: 0.9, NT_per_Second: 10, mem_slope: 0.2
Job: 1586, N_Quanta: 21, epsilon: 0.9, NT_per_Second: 25, mem_slope: 0.2
Job: 1587, N_Quanta: 21, epsilon: 0.9, NT_per_Second: 50, mem_slope: 0.2
Job: 1588, N_Quanta: 21, epsilon: 0.9, NT_per_Second: 100, mem_slope: 0.2
Job: 1589, N_Quanta: 21, epsilon: 0.9, NT_per_Second: 200, mem_slope: 0.2
Job: 1590, N_Quanta: 21, epsilon: 0.9, NT_per_Second: 400, mem_slope: 0.2
Job: 1591, N_Quanta: 22, epsilon: 0.9, NT_per_Second: 10, mem_slope: 0.2
Job: 1592, N_Quanta: 22, epsilon: 0.9, NT_per_Second: 25, mem_slope: 0.2
Job: 1593, N_Quanta: 22, epsilon: 0.9, NT_per_Second: 50, mem_slope: 0.2
Job: 1594, N_Quanta: 22, epsilon: 0.9, NT_per_Second: 100, mem_slope: 0.2
Job: 1595, N_Quanta: 22, epsilon: 0.9, NT_per_Second: 200, mem_slope: 0.2
Job: 1596, N_Quanta: 22, epsilon: 0.9, NT_per_Second: 400, mem_slope: 0.2
Job: 1597, N_Quanta: 23, epsilon: 0.9, NT_per_Second: 10, mem_slope: 0.2
Job: 1598, N_Quanta: 23, epsilon: 0.9, NT_per_Second: 25, mem_slope: 0.2
Job: 1599, N_Quanta: 23, epsilon: 0.9, NT_per_Second: 50, mem_slope: 0.2
Job: 1600, N_Quanta: 23, epsilon: 0.9, NT_per_Second: 100, mem_slope: 0.2
Job: 1601, N_Quanta: 23, epsilon: 0.9, NT_per_Second: 200, mem_slope: 0.2
Job: 1602, N_Quanta: 23, epsilon: 0.9, NT_per_Second: 400, mem_slope: 0.2
Job: 1603, N_Quanta: 24, epsilon: 0.9, NT_per_Second: 10, mem_slope: 0.2
Job: 1604, N_Quanta: 24, epsilon: 0.9, NT_per_Second: 25, mem_slope: 0.2
Job: 1605, N_Quanta: 24, epsilon: 0.9, NT_per_Second: 50, mem_slope: 0.2
Job: 1606, N_Quanta: 24, epsilon: 0.9, NT_per_Second: 100, mem_slope: 0.2
Job: 1607, N_Quanta: 24, epsilon: 0.9, NT_per_Second: 200, mem_slope: 0.2
Job: 1608, N_Quanta: 24, epsilon: 0.9, NT_per_Second: 400, mem_slope: 0.2
Job: 1609, N_Quanta: 25, epsilon: 0.9, NT_per_Second: 10, mem_slope: 0.2
Job: 1610, N_Quanta: 25, epsilon: 0.9, NT_per_Second: 25, mem_slope: 0.2
Job: 1611, N_Quanta: 25, epsilon: 0.9, NT_per_Second: 50, mem_slope: 0.2
Job: 1612, N_Quanta: 25, epsilon: 0.9, NT_per_Second: 100, mem_slope: 0.2
Job: 1613, N_Quanta: 25, epsilon: 0.9, NT_per_Second: 200, mem_slope: 0.2
Job: 1614, N_Quanta: 25, epsilon: 0.9, NT_per_Second: 400, mem_slope: 0.2
Job: 1615, N_Quanta: 26, epsilon: 0.9, NT_per_Second: 10, mem_slope: 0.2
Job: 1616, N_Quanta: 26, epsilon: 0.9, NT_per_Second: 25, mem_slope: 0.2
Job: 1617, N_Quanta: 26, epsilon: 0.9, NT_per_Second: 50, mem_slope: 0.2
Job: 1618, N_Quanta: 26, epsilon: 0.9, NT_per_Second: 100, mem_slope: 0.2
Job: 1619, N_Quanta: 26, epsilon: 0.9, NT_per_Second: 200, mem_slope: 0.2
Job: 1620, N_Quanta: 26, epsilon: 0.9, NT_per_Second: 400, mem_slope: 0.2
Job: 1621, N_Quanta: 27, epsilon: 0.9, NT_per_Second: 10, mem_slope: 0.2
Job: 1622, N_Quanta: 27, epsilon: 0.9, NT_per_Second: 25, mem_slope: 0.2
Job: 1623, N_Quanta: 27, epsilon: 0.9, NT_per_Second: 50, mem_slope: 0.2
Job: 1624, N_Quanta: 27, epsilon: 0.9, NT_per_Second: 100, mem_slope: 0.2
Job: 1625, N_Quanta: 27, epsilon: 0.9, NT_per_Second: 200, mem_slope: 0.2
Job: 1626, N_Quanta: 27, epsilon: 0.9, NT_per_Second: 400, mem_slope: 0.2
Job: 1627, N_Quanta: 28, epsilon: 0.9, NT_per_Second: 10, mem_slope: 0.2
Job: 1628, N_Quanta: 28, epsilon: 0.9, NT_per_Second: 25, mem_slope: 0.2
Job: 1629, N_Quanta: 28, epsilon: 0.9, NT_per_Second: 50, mem_slope: 0.2
Job: 1630, N_Quanta: 28, epsilon: 0.9, NT_per_Second: 100, mem_slope: 0.2
Job: 1631, N_Quanta: 28, epsilon: 0.9, NT_per_Second: 200, mem_slope: 0.2
Job: 1632, N_Quanta: 28, epsilon: 0.9, NT_per_Second: 400, mem_slope: 0.2
Job: 1633, N_Quanta: 29, epsilon: 0.9, NT_per_Second: 10, mem_slope: 0.2
Job: 1634, N_Quanta: 29, epsilon: 0.9, NT_per_Second: 25, mem_slope: 0.2
Job: 1635, N_Quanta: 29, epsilon: 0.9, NT_per_Second: 50, mem_slope: 0.2
Job: 1636, N_Quanta: 29, epsilon: 0.9, NT_per_Second: 100, mem_slope: 0.2
Job: 1637, N_Quanta: 29, epsilon: 0.9, NT_per_Second: 200, mem_slope: 0.2
Job: 1638, N_Quanta: 29, epsilon: 0.9, NT_per_Second: 400, mem_slope: 0.2
Job: 1639, N_Quanta: 30, epsilon: 0.9, NT_per_Second: 10, mem_slope: 0.2
Job: 1640, N_Quanta: 30, epsilon: 0.9, NT_per_Second: 25, mem_slope: 0.2
Job: 1641, N_Quanta: 30, epsilon: 0.9, NT_per_Second: 50, mem_slope: 0.2
Job: 1642, N_Quanta: 30, epsilon: 0.9, NT_per_Second: 100, mem_slope: 0.2
Job: 1643, N_Quanta: 30, epsilon: 0.9, NT_per_Second: 200, mem_slope: 0.2
Job: 1644, N_Quanta: 30, epsilon: 0.9, NT_per_Second: 400, mem_slope: 0.2
Job: 1645, N_Quanta: 31, epsilon: 0.9, NT_per_Second: 10, mem_slope: 0.2
Job: 1646, N_Quanta: 31, epsilon: 0.9, NT_per_Second: 25, mem_slope: 0.2
Job: 1647, N_Quanta: 31, epsilon: 0.9, NT_per_Second: 50, mem_slope: 0.2
Job: 1648, N_Quanta: 31, epsilon: 0.9, NT_per_Second: 100, mem_slope: 0.2
Job: 1649, N_Quanta: 31, epsilon: 0.9, NT_per_Second: 200, mem_slope: 0.2
Job: 1650, N_Quanta: 31, epsilon: 0.9, NT_per_Second: 400, mem_slope: 0.2
Job: 1651, N_Quanta: 32, epsilon: 0.9, NT_per_Second: 10, mem_slope: 0.2
Job: 1652, N_Quanta: 32, epsilon: 0.9, NT_per_Second: 25, mem_slope: 0.2
Job: 1653, N_Quanta: 32, epsilon: 0.9, NT_per_Second: 50, mem_slope: 0.2
Job: 1654, N_Quanta: 32, epsilon: 0.9, NT_per_Second: 100, mem_slope: 0.2
Job: 1655, N_Quanta: 32, epsilon: 0.9, NT_per_Second: 200, mem_slope: 0.2
Job: 1656, N_Quanta: 32, epsilon: 0.9, NT_per_Second: 400, mem_slope: 0.2
Job: 1657, N_Quanta: 33, epsilon: 0.9, NT_per_Second: 10, mem_slope: 0.2
Job: 1658, N_Quanta: 33, epsilon: 0.9, NT_per_Second: 25, mem_slope: 0.2
Job: 1659, N_Quanta: 33, epsilon: 0.9, NT_per_Second: 50, mem_slope: 0.2
Job: 1660, N_Quanta: 33, epsilon: 0.9, NT_per_Second: 100, mem_slope: 0.2
Job: 1661, N_Quanta: 33, epsilon: 0.9, NT_per_Second: 200, mem_slope: 0.2
Job: 1662, N_Quanta: 33, epsilon: 0.9, NT_per_Second: 400, mem_slope: 0.2
Job: 1663, N_Quanta: 34, epsilon: 0.9, NT_per_Second: 10, mem_slope: 0.2
Job: 1664, N_Quanta: 34, epsilon: 0.9, NT_per_Second: 25, mem_slope: 0.2
Job: 1665, N_Quanta: 34, epsilon: 0.9, NT_per_Second: 50, mem_slope: 0.2
Job: 1666, N_Quanta: 34, epsilon: 0.9, NT_per_Second: 100, mem_slope: 0.2
Job: 1667, N_Quanta: 34, epsilon: 0.9, NT_per_Second: 200, mem_slope: 0.2
Job: 1668, N_Quanta: 34, epsilon: 0.9, NT_per_Second: 400, mem_slope: 0.2
Job: 1669, N_Quanta: 35, epsilon: 0.9, NT_per_Second: 10, mem_slope: 0.2
Job: 1670, N_Quanta: 35, epsilon: 0.9, NT_per_Second: 25, mem_slope: 0.2
Job: 1671, N_Quanta: 35, epsilon: 0.9, NT_per_Second: 50, mem_slope: 0.2
Job: 1672, N_Quanta: 35, epsilon: 0.9, NT_per_Second: 100, mem_slope: 0.2
Job: 1673, N_Quanta: 35, epsilon: 0.9, NT_per_Second: 200, mem_slope: 0.2
Job: 1674, N_Quanta: 35, epsilon: 0.9, NT_per_Second: 400, mem_slope: 0.2
Job: 1675, N_Quanta: 36, epsilon: 0.9, NT_per_Second: 10, mem_slope: 0.2
Job: 1676, N_Quanta: 36, epsilon: 0.9, NT_per_Second: 25, mem_slope: 0.2
Job: 1677, N_Quanta: 36, epsilon: 0.9, NT_per_Second: 50, mem_slope: 0.2
Job: 1678, N_Quanta: 36, epsilon: 0.9, NT_per_Second: 100, mem_slope: 0.2
Job: 1679, N_Quanta: 36, epsilon: 0.9, NT_per_Second: 200, mem_slope: 0.2
Job: 1680, N_Quanta: 36, epsilon: 0.9, NT_per_Second: 400, mem_slope: 0.2
Job: 1681, N_Quanta: 37, epsilon: 0.9, NT_per_Second: 10, mem_slope: 0.2
Job: 1682, N_Quanta: 37, epsilon: 0.9, NT_per_Second: 25, mem_slope: 0.2
Job: 1683, N_Quanta: 37, epsilon: 0.9, NT_per_Second: 50, mem_slope: 0.2
Job: 1684, N_Quanta: 37, epsilon: 0.9, NT_per_Second: 100, mem_slope: 0.2
Job: 1685, N_Quanta: 37, epsilon: 0.9, NT_per_Second: 200, mem_slope: 0.2
Job: 1686, N_Quanta: 37, epsilon: 0.9, NT_per_Second: 400, mem_slope: 0.2
Job: 1687, N_Quanta: 38, epsilon: 0.9, NT_per_Second: 10, mem_slope: 0.2
Job: 1688, N_Quanta: 38, epsilon: 0.9, NT_per_Second: 25, mem_slope: 0.2
Job: 1689, N_Quanta: 38, epsilon: 0.9, NT_per_Second: 50, mem_slope: 0.2
Job: 1690, N_Quanta: 38, epsilon: 0.9, NT_per_Second: 100, mem_slope: 0.2
Job: 1691, N_Quanta: 38, epsilon: 0.9, NT_per_Second: 200, mem_slope: 0.2
Job: 1692, N_Quanta: 38, epsilon: 0.9, NT_per_Second: 400, mem_slope: 0.2
Job: 1693, N_Quanta: 39, epsilon: 0.9, NT_per_Second: 10, mem_slope: 0.2
Job: 1694, N_Quanta: 39, epsilon: 0.9, NT_per_Second: 25, mem_slope: 0.2
Job: 1695, N_Quanta: 39, epsilon: 0.9, NT_per_Second: 50, mem_slope: 0.2
Job: 1696, N_Quanta: 39, epsilon: 0.9, NT_per_Second: 100, mem_slope: 0.2
Job: 1697, N_Quanta: 39, epsilon: 0.9, NT_per_Second: 200, mem_slope: 0.2
Job: 1698, N_Quanta: 39, epsilon: 0.9, NT_per_Second: 400, mem_slope: 0.2
Job: 1699, N_Quanta: 40, epsilon: 0.9, NT_per_Second: 10, mem_slope: 0.2
Job: 1700, N_Quanta: 40, epsilon: 0.9, NT_per_Second: 25, mem_slope: 0.2
Job: 1701, N_Quanta: 40, epsilon: 0.9, NT_per_Second: 50, mem_slope: 0.2
Job: 1702, N_Quanta: 40, epsilon: 0.9, NT_per_Second: 100, mem_slope: 0.2
Job: 1703, N_Quanta: 40, epsilon: 0.9, NT_per_Second: 200, mem_slope: 0.2
Job: 1704, N_Quanta: 40, epsilon: 0.9, NT_per_Second: 400, mem_slope: 0.2
Job: 1705, N_Quanta: 41, epsilon: 0.9, NT_per_Second: 10, mem_slope: 0.2
Job: 1706, N_Quanta: 41, epsilon: 0.9, NT_per_Second: 25, mem_slope: 0.2
Job: 1707, N_Quanta: 41, epsilon: 0.9, NT_per_Second: 50, mem_slope: 0.2
Job: 1708, N_Quanta: 41, epsilon: 0.9, NT_per_Second: 100, mem_slope: 0.2
Job: 1709, N_Quanta: 41, epsilon: 0.9, NT_per_Second: 200, mem_slope: 0.2
Job: 1710, N_Quanta: 41, epsilon: 0.9, NT_per_Second: 400, mem_slope: 0.2
Job: 1711, N_Quanta: 42, epsilon: 0.9, NT_per_Second: 10, mem_slope: 0.2
Job: 1712, N_Quanta: 42, epsilon: 0.9, NT_per_Second: 25, mem_slope: 0.2
Job: 1713, N_Quanta: 42, epsilon: 0.9, NT_per_Second: 50, mem_slope: 0.2
Job: 1714, N_Quanta: 42, epsilon: 0.9, NT_per_Second: 100, mem_slope: 0.2
Job: 1715, N_Quanta: 42, epsilon: 0.9, NT_per_Second: 200, mem_slope: 0.2
