N_Jobs_Total: 144
Starting optimization with optimizer DiffEvoOpt{FitPopulation{Float64}, RadiusLimitedSelector, BlackBoxOptim.AdaptiveDiffEvoRandBin{3}, RandomBound{ContinuousRectSearchSpace}}
0.00 secs, 0 evals, 0 steps
491.57 secs, 2 evals, 1 steps, fitness=111.713985744
925.63 secs, 4 evals, 2 steps, fitness=49.551836972
1248.26 secs, 6 evals, 3 steps, improv/step: 0.333 (last = 1.0000), fitness=11.061612260
1778.51 secs, 8 evals, 4 steps, improv/step: 0.250 (last = 0.0000), fitness=11.061612260
2178.24 secs, 10 evals, 5 steps, improv/step: 0.200 (last = 0.0000), fitness=11.061612260
2673.51 secs, 12 evals, 6 steps, improv/step: 0.167 (last = 0.0000), fitness=11.061612260
3129.28 secs, 14 evals, 7 steps, improv/step: 0.286 (last = 1.0000), fitness=11.061612260
3540.64 secs, 16 evals, 8 steps, improv/step: 0.375 (last = 1.0000), fitness=11.061612260
4001.06 secs, 18 evals, 9 steps, improv/step: 0.333 (last = 0.0000), fitness=11.061612260
4449.03 secs, 20 evals, 10 steps, improv/step: 0.300 (last = 0.0000), fitness=11.061612260
4909.00 secs, 22 evals, 11 steps, improv/step: 0.364 (last = 1.0000), fitness=11.061612260
5343.92 secs, 24 evals, 12 steps, improv/step: 0.417 (last = 1.0000), fitness=11.061612260
5758.08 secs, 26 evals, 13 steps, improv/step: 0.462 (last = 1.0000), fitness=11.061612260
6070.38 secs, 28 evals, 14 steps, improv/step: 0.429 (last = 0.0000), fitness=5.243973646
6270.94 secs, 29 evals, 15 steps, improv/step: 0.400 (last = 0.0000), fitness=5.243973646
6675.13 secs, 31 evals, 16 steps, improv/step: 0.375 (last = 0.0000), fitness=5.243973646
7132.57 secs, 33 evals, 17 steps, improv/step: 0.412 (last = 1.0000), fitness=5.243973646
7326.55 secs, 35 evals, 18 steps, improv/step: 0.389 (last = 0.0000), fitness=0.834103554
7588.90 secs, 37 evals, 19 steps, improv/step: 0.421 (last = 1.0000), fitness=0.834103554
7807.51 secs, 38 evals, 20 steps, improv/step: 0.450 (last = 1.0000), fitness=0.834103554
8093.50 secs, 40 evals, 21 steps, improv/step: 0.476 (last = 1.0000), fitness=0.834103554
8317.98 secs, 41 evals, 22 steps, improv/step: 0.455 (last = 0.0000), fitness=0.834103554
8737.67 secs, 43 evals, 23 steps, improv/step: 0.435 (last = 0.0000), fitness=0.834103554
9048.52 secs, 45 evals, 24 steps, improv/step: 0.458 (last = 1.0000), fitness=0.834103554
9463.53 secs, 47 evals, 25 steps, improv/step: 0.480 (last = 1.0000), fitness=0.834103554
9745.84 secs, 49 evals, 26 steps, improv/step: 0.500 (last = 1.0000), fitness=0.834103554
10153.53 secs, 51 evals, 27 steps, improv/step: 0.481 (last = 0.0000), fitness=0.834103554
10579.59 secs, 53 evals, 28 steps, improv/step: 0.464 (last = 0.0000), fitness=0.834103554

Optimization stopped after 29 steps and 10804.90 seconds
Termination reason: Max time (10800.0 s) reached
Steps per second = 0.00
Function evals per second = 0.00
Improvements/step = Inf
Total function evaluations = 54


Best candidate found: [0.0385879, 0.229067]

Fitness: 0.834103554

