N_Jobs_Total: 144
Starting optimization with optimizer DiffEvoOpt{FitPopulation{Float64}, RadiusLimitedSelector, BlackBoxOptim.AdaptiveDiffEvoRandBin{3}, RandomBound{ContinuousRectSearchSpace}}
0.00 secs, 0 evals, 0 steps
338.06 secs, 2 evals, 1 steps, improv/step: 1.000 (last = 1.0000), fitness=115.825932006
711.07 secs, 4 evals, 2 steps, improv/step: 0.500 (last = 0.0000), fitness=115.825932006
949.33 secs, 6 evals, 3 steps, improv/step: 0.667 (last = 1.0000), fitness=34.872057292
1282.32 secs, 8 evals, 4 steps, improv/step: 0.500 (last = 0.0000), fitness=34.872057292
1607.68 secs, 10 evals, 5 steps, improv/step: 0.400 (last = 0.0000), fitness=34.872057292
1927.51 secs, 12 evals, 6 steps, improv/step: 0.333 (last = 0.0000), fitness=34.872057292
2259.00 secs, 14 evals, 7 steps, improv/step: 0.286 (last = 0.0000), fitness=34.872057292
2453.95 secs, 15 evals, 8 steps, improv/step: 0.250 (last = 0.0000), fitness=34.872057292
2538.10 secs, 16 evals, 9 steps, improv/step: 0.333 (last = 1.0000), fitness=3.898566653
2875.05 secs, 18 evals, 10 steps, improv/step: 0.400 (last = 1.0000), fitness=3.898566653
3231.04 secs, 20 evals, 11 steps, improv/step: 0.455 (last = 1.0000), fitness=3.898566653
3581.95 secs, 22 evals, 12 steps, improv/step: 0.417 (last = 0.0000), fitness=3.898566653
3924.45 secs, 24 evals, 13 steps, improv/step: 0.462 (last = 1.0000), fitness=3.898566653
4233.62 secs, 26 evals, 14 steps, improv/step: 0.429 (last = 0.0000), fitness=3.898566653
4364.67 secs, 27 evals, 15 steps, improv/step: 0.400 (last = 0.0000), fitness=3.898566653
4713.08 secs, 29 evals, 16 steps, improv/step: 0.375 (last = 0.0000), fitness=3.898566653
4931.02 secs, 31 evals, 17 steps, improv/step: 0.412 (last = 1.0000), fitness=3.898566653
5178.66 secs, 33 evals, 18 steps, improv/step: 0.389 (last = 0.0000), fitness=3.898566653
5479.92 secs, 35 evals, 19 steps, improv/step: 0.421 (last = 1.0000), fitness=3.898566653
5680.80 secs, 37 evals, 20 steps, improv/step: 0.400 (last = 0.0000), fitness=3.212516251
5989.90 secs, 39 evals, 21 steps, improv/step: 0.381 (last = 0.0000), fitness=3.212516251
6298.72 secs, 41 evals, 22 steps, improv/step: 0.409 (last = 1.0000), fitness=3.212516251
6486.24 secs, 43 evals, 23 steps, improv/step: 0.435 (last = 1.0000), fitness=3.212516251
6752.66 secs, 45 evals, 24 steps, improv/step: 0.417 (last = 0.0000), fitness=3.212516251
6911.23 secs, 46 evals, 25 steps, improv/step: 0.400 (last = 0.0000), fitness=3.212516251
7219.12 secs, 48 evals, 26 steps, improv/step: 0.385 (last = 0.0000), fitness=3.212516251
7486.89 secs, 50 evals, 27 steps, improv/step: 0.407 (last = 1.0000), fitness=3.212516251
7809.79 secs, 52 evals, 28 steps, improv/step: 0.429 (last = 1.0000), fitness=3.212516251
8039.13 secs, 54 evals, 29 steps, improv/step: 0.414 (last = 0.0000), fitness=3.212516251
8128.30 secs, 55 evals, 30 steps, improv/step: 0.433 (last = 1.0000), fitness=3.212516251
8253.73 secs, 56 evals, 31 steps, improv/step: 0.452 (last = 1.0000), fitness=3.212516251
8559.67 secs, 58 evals, 32 steps, improv/step: 0.469 (last = 1.0000), fitness=3.212516251
8849.34 secs, 60 evals, 33 steps, improv/step: 0.485 (last = 1.0000), fitness=3.212516251
9002.22 secs, 61 evals, 34 steps, improv/step: 0.500 (last = 1.0000), fitness=3.212516251
9055.57 secs, 62 evals, 35 steps, improv/step: 0.514 (last = 1.0000), fitness=2.208046018
9120.57 secs, 63 evals, 36 steps, improv/step: 0.528 (last = 1.0000), fitness=1.679343603
9411.85 secs, 65 evals, 37 steps, improv/step: 0.514 (last = 0.0000), fitness=1.679343603
9589.83 secs, 67 evals, 38 steps, improv/step: 0.500 (last = 0.0000), fitness=1.679343603
9817.55 secs, 69 evals, 39 steps, improv/step: 0.513 (last = 1.0000), fitness=1.679343603
9940.25 secs, 70 evals, 40 steps, improv/step: 0.525 (last = 1.0000), fitness=1.679343603
9992.92 secs, 71 evals, 41 steps, improv/step: 0.537 (last = 1.0000), fitness=1.679343603
10149.10 secs, 72 evals, 42 steps, improv/step: 0.524 (last = 0.0000), fitness=1.679343603
10306.28 secs, 73 evals, 43 steps, improv/step: 0.512 (last = 0.0000), fitness=1.679343603
10484.11 secs, 75 evals, 44 steps, improv/step: 0.523 (last = 1.0000), fitness=1.679343603
10755.81 secs, 77 evals, 45 steps, improv/step: 0.533 (last = 1.0000), fitness=1.679343603

Optimization stopped after 46 steps and 10858.50 seconds
Termination reason: Max time (10800.0 s) reached
Steps per second = 0.00
Function evals per second = 0.01
Improvements/step = Inf
Total function evaluations = 78


Best candidate found: [0.166821, 0.916661]

Fitness: 1.679343603

