N_Jobs_Total: 144
Starting optimization with optimizer DiffEvoOpt{FitPopulation{Float64}, RadiusLimitedSelector, BlackBoxOptim.AdaptiveDiffEvoRandBin{3}, RandomBound{ContinuousRectSearchSpace}}
0.00 secs, 0 evals, 0 steps
221.81 secs, 2 evals, 1 steps, fitness=14.977643331
310.09 secs, 4 evals, 2 steps, improv/step: 0.500 (last = 1.0000), fitness=14.977643331
557.20 secs, 6 evals, 3 steps, improv/step: 0.333 (last = 0.0000), fitness=14.977643331
747.46 secs, 8 evals, 4 steps, improv/step: 0.250 (last = 0.0000), fitness=1.583296500
967.54 secs, 10 evals, 5 steps, improv/step: 0.200 (last = 0.0000), fitness=1.583296500
1197.43 secs, 12 evals, 6 steps, improv/step: 0.167 (last = 0.0000), fitness=1.583296500
1422.64 secs, 14 evals, 7 steps, improv/step: 0.286 (last = 1.0000), fitness=1.583296500
1630.53 secs, 16 evals, 8 steps, improv/step: 0.250 (last = 0.0000), fitness=1.583296500
1841.14 secs, 18 evals, 9 steps, improv/step: 0.222 (last = 0.0000), fitness=1.583296500
2051.64 secs, 20 evals, 10 steps, improv/step: 0.300 (last = 1.0000), fitness=1.583296500
2279.08 secs, 22 evals, 11 steps, improv/step: 0.364 (last = 1.0000), fitness=1.583296500
2420.80 secs, 24 evals, 12 steps, improv/step: 0.333 (last = 0.0000), fitness=1.583296500
2630.21 secs, 26 evals, 13 steps, improv/step: 0.308 (last = 0.0000), fitness=1.583296500
2761.59 secs, 28 evals, 14 steps, improv/step: 0.286 (last = 0.0000), fitness=1.583296500
2951.78 secs, 30 evals, 15 steps, improv/step: 0.333 (last = 1.0000), fitness=1.583296500
3158.65 secs, 32 evals, 16 steps, improv/step: 0.312 (last = 0.0000), fitness=1.583296500
3358.74 secs, 34 evals, 17 steps, improv/step: 0.294 (last = 0.0000), fitness=1.583296500
3522.81 secs, 36 evals, 18 steps, improv/step: 0.333 (last = 1.0000), fitness=1.583296500
3738.34 secs, 38 evals, 19 steps, improv/step: 0.368 (last = 1.0000), fitness=1.583296500
3941.82 secs, 40 evals, 20 steps, improv/step: 0.350 (last = 0.0000), fitness=1.583296500
4126.96 secs, 42 evals, 21 steps, improv/step: 0.333 (last = 0.0000), fitness=1.583296500
4354.83 secs, 44 evals, 22 steps, improv/step: 0.318 (last = 0.0000), fitness=1.583296500
4560.26 secs, 46 evals, 23 steps, improv/step: 0.348 (last = 1.0000), fitness=1.583296500
4775.23 secs, 48 evals, 24 steps, improv/step: 0.333 (last = 0.0000), fitness=1.583296500
4863.38 secs, 50 evals, 25 steps, improv/step: 0.320 (last = 0.0000), fitness=1.583296500
5079.04 secs, 52 evals, 26 steps, improv/step: 0.308 (last = 0.0000), fitness=1.583296500
5172.78 secs, 54 evals, 27 steps, improv/step: 0.333 (last = 1.0000), fitness=1.583296500
5355.46 secs, 56 evals, 28 steps, improv/step: 0.357 (last = 1.0000), fitness=1.583296500
5503.90 secs, 58 evals, 29 steps, improv/step: 0.345 (last = 0.0000), fitness=1.583296500
5603.57 secs, 59 evals, 30 steps, improv/step: 0.333 (last = 0.0000), fitness=1.583296500
5807.78 secs, 61 evals, 31 steps, improv/step: 0.323 (last = 0.0000), fitness=1.583296500
6000.40 secs, 63 evals, 32 steps, improv/step: 0.312 (last = 0.0000), fitness=1.583296500
6205.10 secs, 65 evals, 33 steps, improv/step: 0.303 (last = 0.0000), fitness=1.583296500
6357.51 secs, 67 evals, 34 steps, improv/step: 0.294 (last = 0.0000), fitness=1.583296500
6438.47 secs, 68 evals, 35 steps, improv/step: 0.314 (last = 1.0000), fitness=1.340827780
6663.51 secs, 70 evals, 36 steps, improv/step: 0.333 (last = 1.0000), fitness=1.340827780
6863.43 secs, 72 evals, 37 steps, improv/step: 0.324 (last = 0.0000), fitness=1.340827780
7076.26 secs, 74 evals, 38 steps, improv/step: 0.342 (last = 1.0000), fitness=1.340827780
7281.24 secs, 76 evals, 39 steps, improv/step: 0.359 (last = 1.0000), fitness=1.340827780
7381.01 secs, 77 evals, 40 steps, improv/step: 0.375 (last = 1.0000), fitness=1.340827780
7422.20 secs, 78 evals, 41 steps, improv/step: 0.366 (last = 0.0000), fitness=1.340827780
7638.61 secs, 80 evals, 42 steps, improv/step: 0.381 (last = 1.0000), fitness=1.340827780
7835.09 secs, 82 evals, 43 steps, improv/step: 0.372 (last = 0.0000), fitness=1.340827780
8049.07 secs, 84 evals, 44 steps, improv/step: 0.386 (last = 1.0000), fitness=1.340827780
8222.63 secs, 86 evals, 45 steps, improv/step: 0.378 (last = 0.0000), fitness=1.340827780
8437.80 secs, 88 evals, 46 steps, improv/step: 0.391 (last = 1.0000), fitness=1.340827780
8610.19 secs, 90 evals, 47 steps, improv/step: 0.404 (last = 1.0000), fitness=1.340827780
8780.17 secs, 92 evals, 48 steps, improv/step: 0.396 (last = 0.0000), fitness=1.340827780
8918.20 secs, 94 evals, 49 steps, improv/step: 0.388 (last = 0.0000), fitness=1.340827780
9077.51 secs, 96 evals, 50 steps, improv/step: 0.380 (last = 0.0000), fitness=1.340827780
9277.68 secs, 98 evals, 51 steps, improv/step: 0.392 (last = 1.0000), fitness=1.340827780
9473.69 secs, 100 evals, 52 steps, improv/step: 0.404 (last = 1.0000), fitness=1.340827780
9574.60 secs, 101 evals, 53 steps, improv/step: 0.396 (last = 0.0000), fitness=1.340827780
9679.49 secs, 102 evals, 54 steps, improv/step: 0.389 (last = 0.0000), fitness=1.340827780
9858.88 secs, 104 evals, 55 steps, improv/step: 0.382 (last = 0.0000), fitness=1.340827780
9963.41 secs, 105 evals, 56 steps, improv/step: 0.375 (last = 0.0000), fitness=1.340827780
10059.50 secs, 106 evals, 57 steps, improv/step: 0.368 (last = 0.0000), fitness=1.340827780
10274.70 secs, 108 evals, 58 steps, improv/step: 0.362 (last = 0.0000), fitness=1.340827780
10383.93 secs, 109 evals, 59 steps, improv/step: 0.373 (last = 1.0000), fitness=1.340827780
10553.44 secs, 111 evals, 60 steps, improv/step: 0.367 (last = 0.0000), fitness=1.340827780
10622.82 secs, 112 evals, 61 steps, improv/step: 0.361 (last = 0.0000), fitness=1.340827780
10700.93 secs, 113 evals, 62 steps, improv/step: 0.371 (last = 1.0000), fitness=1.340827780

Optimization stopped after 63 steps and 10909.67 seconds
Termination reason: Max time (10800.0 s) reached
Steps per second = 0.01
Function evals per second = 0.01
Improvements/step = Inf
Total function evaluations = 115


Best candidate found: [0.159009, 0.442696]

Fitness: 1.340827780

