N_Jobs_Total: 144
Starting optimization with optimizer DiffEvoOpt{FitPopulation{Float64}, RadiusLimitedSelector, BlackBoxOptim.AdaptiveDiffEvoRandBin{3}, RandomBound{ContinuousRectSearchSpace}}
0.00 secs, 0 evals, 0 steps
221.37 secs, 2 evals, 1 steps, improv/step: 1.000 (last = 1.0000), fitness=21.036079526
457.93 secs, 4 evals, 2 steps, improv/step: 1.000 (last = 1.0000), fitness=21.036079526
633.43 secs, 6 evals, 3 steps, improv/step: 1.000 (last = 1.0000), fitness=3.805677448
851.85 secs, 8 evals, 4 steps, improv/step: 1.000 (last = 1.0000), fitness=3.805677448
940.47 secs, 9 evals, 5 steps, improv/step: 1.000 (last = 1.0000), fitness=3.805677448
1181.07 secs, 11 evals, 6 steps, improv/step: 0.833 (last = 0.0000), fitness=3.805677448
1428.81 secs, 13 evals, 7 steps, improv/step: 0.714 (last = 0.0000), fitness=3.805677448
1593.30 secs, 15 evals, 8 steps, improv/step: 0.750 (last = 1.0000), fitness=3.805677448
1766.14 secs, 17 evals, 9 steps, improv/step: 0.667 (last = 0.0000), fitness=3.805677448
1967.96 secs, 19 evals, 10 steps, improv/step: 0.700 (last = 1.0000), fitness=3.805677448
2160.78 secs, 21 evals, 11 steps, improv/step: 0.727 (last = 1.0000), fitness=3.805677448
2255.11 secs, 23 evals, 12 steps, improv/step: 0.750 (last = 1.0000), fitness=3.805677448
2471.77 secs, 25 evals, 13 steps, improv/step: 0.692 (last = 0.0000), fitness=3.805677448
2674.11 secs, 27 evals, 14 steps, improv/step: 0.643 (last = 0.0000), fitness=3.805677448
2806.54 secs, 29 evals, 15 steps, improv/step: 0.600 (last = 0.0000), fitness=3.685272848
3011.45 secs, 31 evals, 16 steps, improv/step: 0.625 (last = 1.0000), fitness=3.685272848
3108.63 secs, 32 evals, 17 steps, improv/step: 0.647 (last = 1.0000), fitness=3.685272848
3216.36 secs, 33 evals, 18 steps, improv/step: 0.611 (last = 0.0000), fitness=3.685272848
3396.36 secs, 35 evals, 19 steps, improv/step: 0.579 (last = 0.0000), fitness=3.685272848
3510.38 secs, 36 evals, 20 steps, improv/step: 0.550 (last = 0.0000), fitness=3.685272848
3657.52 secs, 38 evals, 21 steps, improv/step: 0.571 (last = 1.0000), fitness=3.685272848
3852.05 secs, 40 evals, 22 steps, improv/step: 0.591 (last = 1.0000), fitness=3.685272848
3900.95 secs, 41 evals, 23 steps, improv/step: 0.565 (last = 0.0000), fitness=3.685272848
4123.35 secs, 43 evals, 24 steps, improv/step: 0.583 (last = 1.0000), fitness=3.685272848
4270.92 secs, 45 evals, 25 steps, improv/step: 0.600 (last = 1.0000), fitness=3.685272848
4470.26 secs, 47 evals, 26 steps, improv/step: 0.577 (last = 0.0000), fitness=3.685272848
4662.35 secs, 49 evals, 27 steps, improv/step: 0.556 (last = 0.0000), fitness=3.552006699
4819.44 secs, 51 evals, 28 steps, improv/step: 0.536 (last = 0.0000), fitness=3.535337047
4923.52 secs, 52 evals, 29 steps, improv/step: 0.517 (last = 0.0000), fitness=3.535337047
5104.91 secs, 54 evals, 30 steps, improv/step: 0.500 (last = 0.0000), fitness=3.535337047
5287.00 secs, 56 evals, 31 steps, improv/step: 0.516 (last = 1.0000), fitness=3.535337047
5469.31 secs, 58 evals, 32 steps, improv/step: 0.500 (last = 0.0000), fitness=3.535337047
5608.76 secs, 60 evals, 33 steps, improv/step: 0.485 (last = 0.0000), fitness=3.535337047
5814.53 secs, 62 evals, 34 steps, improv/step: 0.500 (last = 1.0000), fitness=3.535337047
6024.02 secs, 64 evals, 35 steps, improv/step: 0.486 (last = 0.0000), fitness=3.535337047
6057.92 secs, 65 evals, 36 steps, improv/step: 0.472 (last = 0.0000), fitness=3.535337047
6160.56 secs, 66 evals, 37 steps, improv/step: 0.459 (last = 0.0000), fitness=3.535337047
6372.50 secs, 68 evals, 38 steps, improv/step: 0.474 (last = 1.0000), fitness=3.535337047
6598.92 secs, 70 evals, 39 steps, improv/step: 0.487 (last = 1.0000), fitness=3.535337047
6810.77 secs, 72 evals, 40 steps, improv/step: 0.475 (last = 0.0000), fitness=3.535337047
6983.81 secs, 74 evals, 41 steps, improv/step: 0.463 (last = 0.0000), fitness=1.762643790
7169.68 secs, 76 evals, 42 steps, improv/step: 0.452 (last = 0.0000), fitness=1.762643790
7279.00 secs, 77 evals, 43 steps, improv/step: 0.442 (last = 0.0000), fitness=1.762643790
7342.18 secs, 78 evals, 44 steps, improv/step: 0.455 (last = 1.0000), fitness=1.762643790
7440.19 secs, 80 evals, 45 steps, improv/step: 0.444 (last = 0.0000), fitness=1.762643790
7631.58 secs, 82 evals, 46 steps, improv/step: 0.457 (last = 1.0000), fitness=1.762643790
7728.69 secs, 83 evals, 47 steps, improv/step: 0.468 (last = 1.0000), fitness=1.762643790
7916.60 secs, 85 evals, 48 steps, improv/step: 0.479 (last = 1.0000), fitness=1.762643790
8131.82 secs, 87 evals, 49 steps, improv/step: 0.490 (last = 1.0000), fitness=1.762643790
8287.68 secs, 89 evals, 50 steps, improv/step: 0.480 (last = 0.0000), fitness=1.762643790
8457.75 secs, 91 evals, 51 steps, improv/step: 0.490 (last = 1.0000), fitness=1.762643790
8613.17 secs, 93 evals, 52 steps, improv/step: 0.481 (last = 0.0000), fitness=1.762643790
8680.71 secs, 95 evals, 53 steps, improv/step: 0.491 (last = 1.0000), fitness=1.762643790
8898.69 secs, 97 evals, 54 steps, improv/step: 0.500 (last = 1.0000), fitness=1.762643790
9086.50 secs, 99 evals, 55 steps, improv/step: 0.509 (last = 1.0000), fitness=1.762643790
9119.56 secs, 100 evals, 56 steps, improv/step: 0.500 (last = 0.0000), fitness=1.762643790
9326.24 secs, 102 evals, 57 steps, improv/step: 0.491 (last = 0.0000), fitness=1.762643790
9437.24 secs, 103 evals, 58 steps, improv/step: 0.483 (last = 0.0000), fitness=1.762643790
9631.19 secs, 105 evals, 59 steps, improv/step: 0.492 (last = 1.0000), fitness=1.762643790
9735.64 secs, 106 evals, 60 steps, improv/step: 0.500 (last = 1.0000), fitness=1.762643790
9950.90 secs, 108 evals, 61 steps, improv/step: 0.492 (last = 0.0000), fitness=1.762643790
10142.78 secs, 110 evals, 62 steps, improv/step: 0.484 (last = 0.0000), fitness=1.762643790
10205.55 secs, 111 evals, 63 steps, improv/step: 0.492 (last = 1.0000), fitness=1.762643790
10305.80 secs, 112 evals, 64 steps, improv/step: 0.484 (last = 0.0000), fitness=1.762643790
10505.41 secs, 114 evals, 65 steps, improv/step: 0.477 (last = 0.0000), fitness=1.762643790
10618.08 secs, 115 evals, 66 steps, improv/step: 0.470 (last = 0.0000), fitness=1.762643790
10677.28 secs, 116 evals, 67 steps, improv/step: 0.478 (last = 1.0000), fitness=1.762643790

Optimization stopped after 68 steps and 10893.91 seconds
Termination reason: Max time (10800.0 s) reached
Steps per second = 0.01
Function evals per second = 0.01
Improvements/step = Inf
Total function evaluations = 118


Best candidate found: [0.308419, 0.973505]

Fitness: 1.762643790

