N_Jobs_Total: 144
Starting optimization with optimizer DiffEvoOpt{FitPopulation{Float64}, RadiusLimitedSelector, BlackBoxOptim.AdaptiveDiffEvoRandBin{3}, RandomBound{ContinuousRectSearchSpace}}
0.00 secs, 0 evals, 0 steps
414.55 secs, 2 evals, 1 steps, fitness=9.961439239
643.31 secs, 4 evals, 2 steps, improv/step: 0.500 (last = 1.0000), fitness=9.961439239
937.36 secs, 6 evals, 3 steps, improv/step: 0.333 (last = 0.0000), fitness=5.278824578
1350.21 secs, 8 evals, 4 steps, improv/step: 0.250 (last = 0.0000), fitness=5.278824578
1740.08 secs, 10 evals, 5 steps, improv/step: 0.200 (last = 0.0000), fitness=5.278824578
2076.56 secs, 12 evals, 6 steps, improv/step: 0.167 (last = 0.0000), fitness=5.278824578
2490.65 secs, 14 evals, 7 steps, improv/step: 0.143 (last = 0.0000), fitness=5.278824578
2923.86 secs, 16 evals, 8 steps, improv/step: 0.250 (last = 1.0000), fitness=5.278824578
3333.01 secs, 18 evals, 9 steps, improv/step: 0.333 (last = 1.0000), fitness=5.278824578
3654.54 secs, 20 evals, 10 steps, improv/step: 0.400 (last = 1.0000), fitness=5.278824578
4051.20 secs, 22 evals, 11 steps, improv/step: 0.455 (last = 1.0000), fitness=5.278824578
4402.44 secs, 24 evals, 12 steps, improv/step: 0.500 (last = 1.0000), fitness=5.278824578
4824.08 secs, 26 evals, 13 steps, improv/step: 0.538 (last = 1.0000), fitness=5.278824578
5225.22 secs, 28 evals, 14 steps, improv/step: 0.500 (last = 0.0000), fitness=5.278824578
5675.67 secs, 30 evals, 15 steps, improv/step: 0.533 (last = 1.0000), fitness=5.278824578
6026.61 secs, 32 evals, 16 steps, improv/step: 0.500 (last = 0.0000), fitness=5.278824578
6442.86 secs, 34 evals, 17 steps, improv/step: 0.529 (last = 1.0000), fitness=5.278824578
6852.21 secs, 36 evals, 18 steps, improv/step: 0.500 (last = 0.0000), fitness=5.278824578
7261.00 secs, 38 evals, 19 steps, improv/step: 0.526 (last = 1.0000), fitness=4.489272974
7626.24 secs, 40 evals, 20 steps, improv/step: 0.500 (last = 0.0000), fitness=3.246383236
8015.33 secs, 42 evals, 21 steps, improv/step: 0.476 (last = 0.0000), fitness=3.246383236
8436.15 secs, 44 evals, 22 steps, improv/step: 0.455 (last = 0.0000), fitness=3.246383236
8828.08 secs, 46 evals, 23 steps, improv/step: 0.478 (last = 1.0000), fitness=3.246383236
9239.25 secs, 48 evals, 24 steps, improv/step: 0.500 (last = 1.0000), fitness=3.246383236
9543.11 secs, 50 evals, 25 steps, improv/step: 0.480 (last = 0.0000), fitness=3.246383236
9956.02 secs, 52 evals, 26 steps, improv/step: 0.462 (last = 0.0000), fitness=3.246383236
10094.74 secs, 53 evals, 27 steps, improv/step: 0.444 (last = 0.0000), fitness=3.246383236
10278.45 secs, 54 evals, 28 steps, improv/step: 0.429 (last = 0.0000), fitness=3.246383236
10709.73 secs, 56 evals, 29 steps, improv/step: 0.414 (last = 0.0000), fitness=3.246383236

Optimization stopped after 30 steps and 11087.67 seconds
Termination reason: Max time (10800.0 s) reached
Steps per second = 0.00
Function evals per second = 0.01
Improvements/step = Inf
Total function evaluations = 58


Best candidate found: [0.559466, 0.903903]

Fitness: 3.246383236

