N_Jobs_Total: 144
Starting optimization with optimizer DiffEvoOpt{FitPopulation{Float64}, RadiusLimitedSelector, BlackBoxOptim.AdaptiveDiffEvoRandBin{3}, RandomBound{ContinuousRectSearchSpace}}
0.00 secs, 0 evals, 0 steps
238.60 secs, 2 evals, 1 steps, improv/step: 1.000 (last = 1.0000), fitness=8.849687224
440.99 secs, 4 evals, 2 steps, improv/step: 1.000 (last = 1.0000), fitness=8.849687224
654.71 secs, 6 evals, 3 steps, improv/step: 0.667 (last = 0.0000), fitness=8.849687224
868.25 secs, 8 evals, 4 steps, improv/step: 0.750 (last = 1.0000), fitness=8.849687224
1102.15 secs, 10 evals, 5 steps, improv/step: 0.600 (last = 0.0000), fitness=6.626975197
1280.87 secs, 12 evals, 6 steps, improv/step: 0.667 (last = 1.0000), fitness=6.626975197
1468.32 secs, 14 evals, 7 steps, improv/step: 0.571 (last = 0.0000), fitness=6.626975197
1627.96 secs, 16 evals, 8 steps, improv/step: 0.500 (last = 0.0000), fitness=6.626975197
1861.57 secs, 18 evals, 9 steps, improv/step: 0.556 (last = 1.0000), fitness=6.626975197
1943.19 secs, 20 evals, 10 steps, improv/step: 0.600 (last = 1.0000), fitness=6.626975197
2121.98 secs, 22 evals, 11 steps, improv/step: 0.545 (last = 0.0000), fitness=3.357978239
2331.61 secs, 24 evals, 12 steps, improv/step: 0.500 (last = 0.0000), fitness=3.357978239
2425.92 secs, 26 evals, 13 steps, improv/step: 0.538 (last = 1.0000), fitness=3.357978239
2639.37 secs, 28 evals, 14 steps, improv/step: 0.571 (last = 1.0000), fitness=3.357978239
2840.38 secs, 30 evals, 15 steps, improv/step: 0.600 (last = 1.0000), fitness=3.357978239
3030.58 secs, 32 evals, 16 steps, improv/step: 0.625 (last = 1.0000), fitness=3.357978239
3133.45 secs, 33 evals, 17 steps, improv/step: 0.588 (last = 0.0000), fitness=3.357978239
3304.56 secs, 35 evals, 18 steps, improv/step: 0.611 (last = 1.0000), fitness=3.357978239
3337.57 secs, 36 evals, 19 steps, improv/step: 0.579 (last = 0.0000), fitness=3.357978239
3529.19 secs, 38 evals, 20 steps, improv/step: 0.600 (last = 1.0000), fitness=3.357978239
3735.06 secs, 40 evals, 21 steps, improv/step: 0.619 (last = 1.0000), fitness=3.357978239
3926.46 secs, 42 evals, 22 steps, improv/step: 0.591 (last = 0.0000), fitness=3.357978239
4134.25 secs, 44 evals, 23 steps, improv/step: 0.609 (last = 1.0000), fitness=3.357978239
4344.12 secs, 46 evals, 24 steps, improv/step: 0.625 (last = 1.0000), fitness=3.357978239
4559.06 secs, 48 evals, 25 steps, improv/step: 0.640 (last = 1.0000), fitness=3.357978239
4749.68 secs, 50 evals, 26 steps, improv/step: 0.615 (last = 0.0000), fitness=3.357978239
4860.51 secs, 52 evals, 27 steps, improv/step: 0.630 (last = 1.0000), fitness=3.357978239
5055.81 secs, 54 evals, 28 steps, improv/step: 0.607 (last = 0.0000), fitness=3.357978239
5236.45 secs, 56 evals, 29 steps, improv/step: 0.621 (last = 1.0000), fitness=3.357978239
5449.56 secs, 58 evals, 30 steps, improv/step: 0.600 (last = 0.0000), fitness=3.357978239
5556.33 secs, 59 evals, 31 steps, improv/step: 0.581 (last = 0.0000), fitness=3.357978239
5738.03 secs, 61 evals, 32 steps, improv/step: 0.562 (last = 0.0000), fitness=3.357978239
5908.73 secs, 63 evals, 33 steps, improv/step: 0.545 (last = 0.0000), fitness=3.357978239
6121.99 secs, 65 evals, 34 steps, improv/step: 0.559 (last = 1.0000), fitness=3.357978239
6318.97 secs, 67 evals, 35 steps, improv/step: 0.571 (last = 1.0000), fitness=3.357978239
6424.49 secs, 68 evals, 36 steps, improv/step: 0.583 (last = 1.0000), fitness=3.357978239
6524.11 secs, 69 evals, 37 steps, improv/step: 0.595 (last = 1.0000), fitness=3.357978239
6629.51 secs, 70 evals, 38 steps, improv/step: 0.605 (last = 1.0000), fitness=3.357978239
6757.22 secs, 72 evals, 39 steps, improv/step: 0.615 (last = 1.0000), fitness=3.357978239
6968.21 secs, 74 evals, 40 steps, improv/step: 0.625 (last = 1.0000), fitness=3.357978239
7021.91 secs, 75 evals, 41 steps, improv/step: 0.610 (last = 0.0000), fitness=3.357978239
7125.12 secs, 76 evals, 42 steps, improv/step: 0.619 (last = 1.0000), fitness=3.357978239
7214.87 secs, 77 evals, 43 steps, improv/step: 0.605 (last = 0.0000), fitness=3.357978239
7313.48 secs, 78 evals, 44 steps, improv/step: 0.591 (last = 0.0000), fitness=3.357978239
7410.31 secs, 79 evals, 45 steps, improv/step: 0.578 (last = 0.0000), fitness=3.357978239
7501.55 secs, 80 evals, 46 steps, improv/step: 0.565 (last = 0.0000), fitness=3.357978239
7595.75 secs, 81 evals, 47 steps, improv/step: 0.574 (last = 1.0000), fitness=3.357978239
7766.87 secs, 83 evals, 48 steps, improv/step: 0.562 (last = 0.0000), fitness=3.357978239
7869.76 secs, 84 evals, 49 steps, improv/step: 0.571 (last = 1.0000), fitness=3.357978239
7992.32 secs, 86 evals, 50 steps, improv/step: 0.560 (last = 0.0000), fitness=3.357978239
8101.34 secs, 87 evals, 51 steps, improv/step: 0.569 (last = 1.0000), fitness=3.357978239
8297.53 secs, 89 evals, 52 steps, improv/step: 0.577 (last = 1.0000), fitness=3.357978239
8435.95 secs, 91 evals, 53 steps, improv/step: 0.566 (last = 0.0000), fitness=3.357978239
8541.25 secs, 92 evals, 54 steps, improv/step: 0.574 (last = 1.0000), fitness=3.357978239
8646.56 secs, 93 evals, 55 steps, improv/step: 0.582 (last = 1.0000), fitness=3.357978239
8849.27 secs, 95 evals, 56 steps, improv/step: 0.589 (last = 1.0000), fitness=3.357978239
8959.63 secs, 96 evals, 57 steps, improv/step: 0.596 (last = 1.0000), fitness=3.357978239
9058.26 secs, 97 evals, 58 steps, improv/step: 0.586 (last = 0.0000), fitness=3.357978239
9092.07 secs, 98 evals, 59 steps, improv/step: 0.576 (last = 0.0000), fitness=3.357978239
9309.60 secs, 100 evals, 60 steps, improv/step: 0.583 (last = 1.0000), fitness=3.357978239
9462.63 secs, 102 evals, 61 steps, improv/step: 0.590 (last = 1.0000), fitness=3.357978239
9657.64 secs, 104 evals, 62 steps, improv/step: 0.581 (last = 0.0000), fitness=3.357978239
9740.46 secs, 105 evals, 63 steps, improv/step: 0.571 (last = 0.0000), fitness=3.357978239
9926.33 secs, 107 evals, 64 steps, improv/step: 0.562 (last = 0.0000), fitness=3.357978239
10117.60 secs, 109 evals, 65 steps, improv/step: 0.554 (last = 0.0000), fitness=3.357978239
10335.42 secs, 111 evals, 66 steps, improv/step: 0.561 (last = 1.0000), fitness=3.357978239
10436.42 secs, 112 evals, 67 steps, improv/step: 0.552 (last = 0.0000), fitness=3.357978239
10542.45 secs, 113 evals, 68 steps, improv/step: 0.559 (last = 1.0000), fitness=3.357978239
10747.71 secs, 115 evals, 69 steps, improv/step: 0.565 (last = 1.0000), fitness=3.357978239

Optimization stopped after 70 steps and 10934.68 seconds
Termination reason: Max time (10800.0 s) reached
Steps per second = 0.01
Function evals per second = 0.01
Improvements/step = Inf
Total function evaluations = 117


Best candidate found: [0.960811, 0.902859]

Fitness: 3.357978239

