N_Jobs_Total: 144
Starting optimization with optimizer DiffEvoOpt{FitPopulation{Float64}, RadiusLimitedSelector, BlackBoxOptim.AdaptiveDiffEvoRandBin{3}, RandomBound{ContinuousRectSearchSpace}}
0.00 secs, 0 evals, 0 steps
280.21 secs, 2 evals, 1 steps, fitness=41.032522182
553.53 secs, 4 evals, 2 steps, fitness=10.605516491
766.12 secs, 6 evals, 3 steps, fitness=10.605516491
1024.62 secs, 8 evals, 4 steps, fitness=5.228531445
1283.42 secs, 10 evals, 5 steps, fitness=5.228531445
1589.55 secs, 12 evals, 6 steps, fitness=5.228531445
1888.37 secs, 14 evals, 7 steps, fitness=5.228531445
2180.89 secs, 16 evals, 8 steps, improv/step: 0.125 (last = 1.0000), fitness=5.228531445
2414.57 secs, 18 evals, 9 steps, improv/step: 0.222 (last = 1.0000), fitness=5.228531445
2597.10 secs, 20 evals, 10 steps, improv/step: 0.200 (last = 0.0000), fitness=5.228531445
2877.88 secs, 22 evals, 11 steps, improv/step: 0.273 (last = 1.0000), fitness=5.228531445
3159.30 secs, 24 evals, 12 steps, improv/step: 0.250 (last = 0.0000), fitness=5.228531445
3460.62 secs, 26 evals, 13 steps, improv/step: 0.231 (last = 0.0000), fitness=5.228531445
3597.15 secs, 27 evals, 14 steps, improv/step: 0.214 (last = 0.0000), fitness=5.228531445
3884.00 secs, 29 evals, 15 steps, improv/step: 0.267 (last = 1.0000), fitness=5.228531445
4086.41 secs, 31 evals, 16 steps, improv/step: 0.250 (last = 0.0000), fitness=5.228531445
4386.96 secs, 33 evals, 17 steps, improv/step: 0.294 (last = 1.0000), fitness=5.228531445
4677.23 secs, 35 evals, 18 steps, improv/step: 0.278 (last = 0.0000), fitness=5.228531445
4896.90 secs, 37 evals, 19 steps, improv/step: 0.263 (last = 0.0000), fitness=5.228531445
5118.88 secs, 39 evals, 20 steps, improv/step: 0.250 (last = 0.0000), fitness=5.228531445
5398.75 secs, 41 evals, 21 steps, improv/step: 0.286 (last = 1.0000), fitness=5.228531445
5573.53 secs, 43 evals, 22 steps, improv/step: 0.273 (last = 0.0000), fitness=5.228531445
5732.55 secs, 44 evals, 23 steps, improv/step: 0.261 (last = 0.0000), fitness=5.228531445
5876.39 secs, 45 evals, 24 steps, improv/step: 0.250 (last = 0.0000), fitness=5.228531445
6099.91 secs, 47 evals, 25 steps, improv/step: 0.280 (last = 1.0000), fitness=5.228531445
6351.37 secs, 49 evals, 26 steps, improv/step: 0.269 (last = 0.0000), fitness=5.228531445
6536.45 secs, 51 evals, 27 steps, improv/step: 0.296 (last = 1.0000), fitness=5.228531445
6669.72 secs, 53 evals, 28 steps, improv/step: 0.286 (last = 0.0000), fitness=5.228531445
6946.78 secs, 55 evals, 29 steps, improv/step: 0.310 (last = 1.0000), fitness=5.228531445
7131.31 secs, 57 evals, 30 steps, improv/step: 0.333 (last = 1.0000), fitness=5.228531445
7405.44 secs, 59 evals, 31 steps, improv/step: 0.323 (last = 0.0000), fitness=5.228531445
7675.23 secs, 61 evals, 32 steps, improv/step: 0.344 (last = 1.0000), fitness=5.228531445
7919.77 secs, 63 evals, 33 steps, improv/step: 0.333 (last = 0.0000), fitness=5.228531445
8110.57 secs, 65 evals, 34 steps, improv/step: 0.353 (last = 1.0000), fitness=3.044813467
8362.54 secs, 67 evals, 35 steps, improv/step: 0.343 (last = 0.0000), fitness=3.044813467
8488.59 secs, 68 evals, 36 steps, improv/step: 0.361 (last = 1.0000), fitness=3.044813467
8625.74 secs, 69 evals, 37 steps, improv/step: 0.351 (last = 0.0000), fitness=3.044813467
8863.14 secs, 71 evals, 38 steps, improv/step: 0.342 (last = 0.0000), fitness=3.044813467
9140.85 secs, 73 evals, 39 steps, improv/step: 0.333 (last = 0.0000), fitness=3.044813467
9403.36 secs, 75 evals, 40 steps, improv/step: 0.325 (last = 0.0000), fitness=3.044813467
9647.63 secs, 77 evals, 41 steps, improv/step: 0.317 (last = 0.0000), fitness=3.044813467
9849.47 secs, 79 evals, 42 steps, improv/step: 0.333 (last = 1.0000), fitness=3.044813467
10086.39 secs, 81 evals, 43 steps, improv/step: 0.349 (last = 1.0000), fitness=3.044813467
10200.79 secs, 82 evals, 44 steps, improv/step: 0.364 (last = 1.0000), fitness=3.044813467
10409.30 secs, 84 evals, 45 steps, improv/step: 0.378 (last = 1.0000), fitness=2.209690074
10499.67 secs, 86 evals, 46 steps, improv/step: 0.370 (last = 0.0000), fitness=2.209690074
10768.89 secs, 88 evals, 47 steps, improv/step: 0.362 (last = 0.0000), fitness=2.209690074

Optimization stopped after 48 steps and 11039.49 seconds
Termination reason: Max time (10800.0 s) reached
Steps per second = 0.00
Function evals per second = 0.01
Improvements/step = Inf
Total function evaluations = 90


Best candidate found: [0.127401, 0.195975]

Fitness: 2.209690074

