N_Jobs_Total: 144
Starting optimization with optimizer DiffEvoOpt{FitPopulation{Float64}, RadiusLimitedSelector, BlackBoxOptim.AdaptiveDiffEvoRandBin{3}, RandomBound{ContinuousRectSearchSpace}}
0.00 secs, 0 evals, 0 steps
27.73 secs, 2 evals, 1 steps, fitness=7.520211741
55.99 secs, 4 evals, 2 steps, fitness=7.520211741
83.78 secs, 6 evals, 3 steps, improv/step: 0.333 (last = 1.0000), fitness=7.520211741
111.52 secs, 8 evals, 4 steps, improv/step: 0.250 (last = 0.0000), fitness=7.520211741
136.32 secs, 10 evals, 5 steps, improv/step: 0.400 (last = 1.0000), fitness=7.520211741
160.09 secs, 12 evals, 6 steps, improv/step: 0.333 (last = 0.0000), fitness=6.518888688
181.72 secs, 14 evals, 7 steps, improv/step: 0.429 (last = 1.0000), fitness=5.874696383
208.65 secs, 16 evals, 8 steps, improv/step: 0.500 (last = 1.0000), fitness=4.174446117
236.34 secs, 18 evals, 9 steps, improv/step: 0.444 (last = 0.0000), fitness=4.174446117
256.67 secs, 20 evals, 10 steps, improv/step: 0.500 (last = 1.0000), fitness=4.174446117
265.34 secs, 22 evals, 11 steps, improv/step: 0.455 (last = 0.0000), fitness=4.174446117
292.35 secs, 24 evals, 12 steps, improv/step: 0.500 (last = 1.0000), fitness=2.659030654
320.48 secs, 26 evals, 13 steps, improv/step: 0.462 (last = 0.0000), fitness=2.659030654
348.31 secs, 28 evals, 14 steps, improv/step: 0.500 (last = 1.0000), fitness=2.659030654
376.16 secs, 30 evals, 15 steps, improv/step: 0.467 (last = 0.0000), fitness=2.659030654
404.29 secs, 32 evals, 16 steps, improv/step: 0.438 (last = 0.0000), fitness=2.659030654
417.51 secs, 33 evals, 17 steps, improv/step: 0.471 (last = 1.0000), fitness=2.659030654
431.31 secs, 34 evals, 18 steps, improv/step: 0.444 (last = 0.0000), fitness=2.659030654
452.44 secs, 36 evals, 19 steps, improv/step: 0.474 (last = 1.0000), fitness=2.659030654
480.62 secs, 38 evals, 20 steps, improv/step: 0.450 (last = 0.0000), fitness=2.659030654
506.01 secs, 40 evals, 21 steps, improv/step: 0.476 (last = 1.0000), fitness=2.659030654
524.40 secs, 42 evals, 22 steps, improv/step: 0.455 (last = 0.0000), fitness=2.659030654
548.52 secs, 44 evals, 23 steps, improv/step: 0.478 (last = 1.0000), fitness=2.659030654
574.90 secs, 46 evals, 24 steps, improv/step: 0.500 (last = 1.0000), fitness=2.577513288
602.02 secs, 48 evals, 25 steps, improv/step: 0.480 (last = 0.0000), fitness=2.577513288
629.25 secs, 50 evals, 26 steps, improv/step: 0.500 (last = 1.0000), fitness=2.577513288
656.33 secs, 52 evals, 27 steps, improv/step: 0.481 (last = 0.0000), fitness=2.577513288
684.01 secs, 54 evals, 28 steps, improv/step: 0.464 (last = 0.0000), fitness=2.577513288
708.62 secs, 56 evals, 29 steps, improv/step: 0.483 (last = 1.0000), fitness=2.577513288
736.20 secs, 58 evals, 30 steps, improv/step: 0.467 (last = 0.0000), fitness=2.577513288
761.86 secs, 60 evals, 31 steps, improv/step: 0.484 (last = 1.0000), fitness=2.577513288
788.11 secs, 62 evals, 32 steps, improv/step: 0.500 (last = 1.0000), fitness=2.577513288
805.65 secs, 64 evals, 33 steps, improv/step: 0.515 (last = 1.0000), fitness=2.346554372
829.57 secs, 66 evals, 34 steps, improv/step: 0.529 (last = 1.0000), fitness=2.346554372
857.21 secs, 68 evals, 35 steps, improv/step: 0.543 (last = 1.0000), fitness=2.346554372
870.12 secs, 69 evals, 36 steps, improv/step: 0.528 (last = 0.0000), fitness=2.346554372
890.58 secs, 71 evals, 37 steps, improv/step: 0.541 (last = 1.0000), fitness=2.346554372
917.26 secs, 73 evals, 38 steps, improv/step: 0.553 (last = 1.0000), fitness=2.346554372
943.14 secs, 75 evals, 39 steps, improv/step: 0.538 (last = 0.0000), fitness=2.346554372
970.15 secs, 77 evals, 40 steps, improv/step: 0.550 (last = 1.0000), fitness=2.346554372
997.35 secs, 79 evals, 41 steps, improv/step: 0.561 (last = 1.0000), fitness=2.346554372
1024.89 secs, 81 evals, 42 steps, improv/step: 0.571 (last = 1.0000), fitness=2.346554372
1051.69 secs, 83 evals, 43 steps, improv/step: 0.581 (last = 1.0000), fitness=2.346554372
1065.26 secs, 84 evals, 44 steps, improv/step: 0.568 (last = 0.0000), fitness=2.346554372
1079.18 secs, 85 evals, 45 steps, improv/step: 0.556 (last = 0.0000), fitness=2.346554372
1107.15 secs, 87 evals, 46 steps, improv/step: 0.565 (last = 1.0000), fitness=2.346554372
1134.04 secs, 89 evals, 47 steps, improv/step: 0.574 (last = 1.0000), fitness=2.346554372
1160.96 secs, 91 evals, 48 steps, improv/step: 0.583 (last = 1.0000), fitness=2.346554372
1187.85 secs, 93 evals, 49 steps, improv/step: 0.571 (last = 0.0000), fitness=2.346554372
1200.57 secs, 94 evals, 50 steps, improv/step: 0.560 (last = 0.0000), fitness=2.346554372
1213.82 secs, 95 evals, 51 steps, improv/step: 0.569 (last = 1.0000), fitness=2.346554372
1227.57 secs, 96 evals, 52 steps, improv/step: 0.577 (last = 1.0000), fitness=2.346554372
1241.30 secs, 97 evals, 53 steps, improv/step: 0.566 (last = 0.0000), fitness=2.346554372
1254.66 secs, 98 evals, 54 steps, improv/step: 0.556 (last = 0.0000), fitness=2.346554372
1282.56 secs, 100 evals, 55 steps, improv/step: 0.545 (last = 0.0000), fitness=2.346554372
1310.74 secs, 102 evals, 56 steps, improv/step: 0.554 (last = 1.0000), fitness=2.346554372
1337.20 secs, 104 evals, 57 steps, improv/step: 0.561 (last = 1.0000), fitness=2.346554372
1364.35 secs, 106 evals, 58 steps, improv/step: 0.569 (last = 1.0000), fitness=2.346554372
1378.37 secs, 107 evals, 59 steps, improv/step: 0.559 (last = 0.0000), fitness=2.346554372
1391.80 secs, 108 evals, 60 steps, improv/step: 0.550 (last = 0.0000), fitness=2.346554372
1405.00 secs, 109 evals, 61 steps, improv/step: 0.541 (last = 0.0000), fitness=2.346554372
1417.14 secs, 110 evals, 62 steps, improv/step: 0.532 (last = 0.0000), fitness=2.346554372
1430.90 secs, 111 evals, 63 steps, improv/step: 0.524 (last = 0.0000), fitness=2.346554372
1442.82 secs, 112 evals, 64 steps, improv/step: 0.531 (last = 1.0000), fitness=2.346554372
1456.20 secs, 113 evals, 65 steps, improv/step: 0.538 (last = 1.0000), fitness=2.346554372
1470.26 secs, 114 evals, 66 steps, improv/step: 0.530 (last = 0.0000), fitness=2.346554372
1497.46 secs, 116 evals, 67 steps, improv/step: 0.522 (last = 0.0000), fitness=2.346554372
1510.12 secs, 117 evals, 68 steps, improv/step: 0.529 (last = 1.0000), fitness=2.346554372
1523.73 secs, 118 evals, 69 steps, improv/step: 0.522 (last = 0.0000), fitness=2.346554372
1550.70 secs, 120 evals, 70 steps, improv/step: 0.514 (last = 0.0000), fitness=2.346554372
1563.80 secs, 121 evals, 71 steps, improv/step: 0.521 (last = 1.0000), fitness=2.346554372
1588.75 secs, 123 evals, 72 steps, improv/step: 0.514 (last = 0.0000), fitness=2.346554372
1602.71 secs, 124 evals, 73 steps, improv/step: 0.507 (last = 0.0000), fitness=2.346554372
1629.48 secs, 126 evals, 74 steps, improv/step: 0.514 (last = 1.0000), fitness=2.346554372
1651.54 secs, 128 evals, 75 steps, improv/step: 0.507 (last = 0.0000), fitness=2.346554372
1679.08 secs, 130 evals, 76 steps, improv/step: 0.513 (last = 1.0000), fitness=2.346554372
1705.66 secs, 132 evals, 77 steps, improv/step: 0.519 (last = 1.0000), fitness=2.346554372
1715.09 secs, 133 evals, 78 steps, improv/step: 0.513 (last = 0.0000), fitness=2.346554372
1728.93 secs, 134 evals, 79 steps, improv/step: 0.506 (last = 0.0000), fitness=2.346554372
1748.39 secs, 136 evals, 80 steps, improv/step: 0.512 (last = 1.0000), fitness=2.346554372
1774.79 secs, 138 evals, 81 steps, improv/step: 0.506 (last = 0.0000), fitness=2.346554372
1801.78 secs, 140 evals, 82 steps, improv/step: 0.512 (last = 1.0000), fitness=2.346554372
1828.40 secs, 142 evals, 83 steps, improv/step: 0.518 (last = 1.0000), fitness=2.346554372
1855.66 secs, 144 evals, 84 steps, improv/step: 0.512 (last = 0.0000), fitness=2.346554372
1869.58 secs, 145 evals, 85 steps, improv/step: 0.506 (last = 0.0000), fitness=2.346554372
1880.92 secs, 146 evals, 86 steps, improv/step: 0.500 (last = 0.0000), fitness=2.346554372
1891.30 secs, 147 evals, 87 steps, improv/step: 0.494 (last = 0.0000), fitness=2.346554372
1903.70 secs, 148 evals, 88 steps, improv/step: 0.489 (last = 0.0000), fitness=2.346554372
1916.78 secs, 149 evals, 89 steps, improv/step: 0.494 (last = 1.0000), fitness=2.346554372
1929.88 secs, 150 evals, 90 steps, improv/step: 0.489 (last = 0.0000), fitness=2.346554372
1943.25 secs, 151 evals, 91 steps, improv/step: 0.484 (last = 0.0000), fitness=2.346554372
1957.07 secs, 152 evals, 92 steps, improv/step: 0.478 (last = 0.0000), fitness=2.346554372
1971.11 secs, 153 evals, 93 steps, improv/step: 0.473 (last = 0.0000), fitness=2.346554372
1985.10 secs, 154 evals, 94 steps, improv/step: 0.468 (last = 0.0000), fitness=2.346554372
1990.68 secs, 155 evals, 95 steps, improv/step: 0.463 (last = 0.0000), fitness=2.346554372
2003.78 secs, 156 evals, 96 steps, improv/step: 0.469 (last = 1.0000), fitness=2.346554372
2017.65 secs, 157 evals, 97 steps, improv/step: 0.464 (last = 0.0000), fitness=2.346554372
2030.67 secs, 158 evals, 98 steps, improv/step: 0.469 (last = 1.0000), fitness=2.346554372
2044.69 secs, 159 evals, 99 steps, improv/step: 0.465 (last = 0.0000), fitness=2.346554372
2058.16 secs, 160 evals, 100 steps, improv/step: 0.460 (last = 0.0000), fitness=2.346554372
2070.93 secs, 161 evals, 101 steps, improv/step: 0.455 (last = 0.0000), fitness=2.346554372
2083.21 secs, 162 evals, 102 steps, improv/step: 0.461 (last = 1.0000), fitness=2.346554372
2096.61 secs, 163 evals, 103 steps, improv/step: 0.456 (last = 0.0000), fitness=2.346554372
2124.48 secs, 165 evals, 104 steps, improv/step: 0.452 (last = 0.0000), fitness=2.346554372
2131.28 secs, 166 evals, 105 steps, improv/step: 0.448 (last = 0.0000), fitness=2.346554372
2144.46 secs, 167 evals, 106 steps, improv/step: 0.453 (last = 1.0000), fitness=2.346554372
2158.07 secs, 168 evals, 107 steps, improv/step: 0.449 (last = 0.0000), fitness=2.346554372
2170.74 secs, 169 evals, 108 steps, improv/step: 0.444 (last = 0.0000), fitness=2.346554372
2189.51 secs, 171 evals, 109 steps, improv/step: 0.440 (last = 0.0000), fitness=2.346554372
2216.22 secs, 173 evals, 110 steps, improv/step: 0.445 (last = 1.0000), fitness=2.346554372
2241.82 secs, 175 evals, 111 steps, improv/step: 0.441 (last = 0.0000), fitness=2.346554372
2267.33 secs, 177 evals, 112 steps, improv/step: 0.438 (last = 0.0000), fitness=2.346554372
2280.38 secs, 178 evals, 113 steps, improv/step: 0.434 (last = 0.0000), fitness=2.346554372
2293.87 secs, 179 evals, 114 steps, improv/step: 0.430 (last = 0.0000), fitness=2.346554372
2306.65 secs, 180 evals, 115 steps, improv/step: 0.426 (last = 0.0000), fitness=2.346554372
2320.62 secs, 181 evals, 116 steps, improv/step: 0.422 (last = 0.0000), fitness=2.346554372
2333.95 secs, 182 evals, 117 steps, improv/step: 0.419 (last = 0.0000), fitness=2.346554372
2346.79 secs, 183 evals, 118 steps, improv/step: 0.415 (last = 0.0000), fitness=2.346554372
2360.38 secs, 184 evals, 119 steps, improv/step: 0.412 (last = 0.0000), fitness=2.346554372
2373.51 secs, 185 evals, 120 steps, improv/step: 0.417 (last = 1.0000), fitness=2.346554372
2386.50 secs, 186 evals, 121 steps, improv/step: 0.413 (last = 0.0000), fitness=2.346554372
2412.97 secs, 188 evals, 122 steps, improv/step: 0.410 (last = 0.0000), fitness=2.346554372
2425.88 secs, 189 evals, 123 steps, improv/step: 0.415 (last = 1.0000), fitness=2.346554372
2439.66 secs, 190 evals, 124 steps, improv/step: 0.411 (last = 0.0000), fitness=2.346554372
2465.37 secs, 192 evals, 125 steps, improv/step: 0.416 (last = 1.0000), fitness=2.346554372
2477.13 secs, 193 evals, 126 steps, improv/step: 0.413 (last = 0.0000), fitness=2.346554372
2505.15 secs, 195 evals, 127 steps, improv/step: 0.417 (last = 1.0000), fitness=2.346554372
2517.84 secs, 196 evals, 128 steps, improv/step: 0.422 (last = 1.0000), fitness=2.346554372
2541.76 secs, 198 evals, 129 steps, improv/step: 0.419 (last = 0.0000), fitness=2.346554372
2564.82 secs, 200 evals, 130 steps, improv/step: 0.415 (last = 0.0000), fitness=2.346554372
2578.34 secs, 201 evals, 131 steps, improv/step: 0.412 (last = 0.0000), fitness=2.346554372
2603.30 secs, 203 evals, 132 steps, improv/step: 0.417 (last = 1.0000), fitness=2.346554372
2616.49 secs, 204 evals, 133 steps, improv/step: 0.421 (last = 1.0000), fitness=2.346554372
2630.30 secs, 205 evals, 134 steps, improv/step: 0.418 (last = 0.0000), fitness=2.346554372
2656.56 secs, 207 evals, 135 steps, improv/step: 0.422 (last = 1.0000), fitness=2.346554372
2665.35 secs, 208 evals, 136 steps, improv/step: 0.419 (last = 0.0000), fitness=2.346554372
2678.51 secs, 209 evals, 137 steps, improv/step: 0.423 (last = 1.0000), fitness=2.346554372
2691.40 secs, 210 evals, 138 steps, improv/step: 0.420 (last = 0.0000), fitness=2.346554372
2705.08 secs, 211 evals, 139 steps, improv/step: 0.424 (last = 1.0000), fitness=2.346554372
2714.59 secs, 212 evals, 140 steps, improv/step: 0.421 (last = 0.0000), fitness=2.346554372
2728.67 secs, 213 evals, 141 steps, improv/step: 0.418 (last = 0.0000), fitness=2.346554372
2740.16 secs, 214 evals, 142 steps, improv/step: 0.415 (last = 0.0000), fitness=2.346554372
2753.81 secs, 215 evals, 143 steps, improv/step: 0.413 (last = 0.0000), fitness=2.346554372
2766.70 secs, 216 evals, 144 steps, improv/step: 0.410 (last = 0.0000), fitness=2.346554372
2780.33 secs, 217 evals, 145 steps, improv/step: 0.407 (last = 0.0000), fitness=2.346554372
2793.02 secs, 218 evals, 146 steps, improv/step: 0.404 (last = 0.0000), fitness=2.346554372
2818.48 secs, 220 evals, 147 steps, improv/step: 0.401 (last = 0.0000), fitness=2.346554372
2831.24 secs, 221 evals, 148 steps, improv/step: 0.399 (last = 0.0000), fitness=2.346554372
2858.17 secs, 223 evals, 149 steps, improv/step: 0.396 (last = 0.0000), fitness=2.346554372
2884.81 secs, 225 evals, 150 steps, improv/step: 0.400 (last = 1.0000), fitness=2.346554372
2897.76 secs, 226 evals, 151 steps, improv/step: 0.397 (last = 0.0000), fitness=2.346554372
2921.29 secs, 228 evals, 152 steps, improv/step: 0.401 (last = 1.0000), fitness=2.346554372
2935.08 secs, 229 evals, 153 steps, improv/step: 0.399 (last = 0.0000), fitness=2.346554372
2961.64 secs, 231 evals, 154 steps, improv/step: 0.396 (last = 0.0000), fitness=2.346554372
2970.60 secs, 232 evals, 155 steps, improv/step: 0.394 (last = 0.0000), fitness=2.346554372
2976.52 secs, 233 evals, 156 steps, improv/step: 0.391 (last = 0.0000), fitness=2.346554372
2989.92 secs, 234 evals, 157 steps, improv/step: 0.395 (last = 1.0000), fitness=2.346554372
3003.67 secs, 235 evals, 158 steps, improv/step: 0.399 (last = 1.0000), fitness=2.346554372
3016.49 secs, 236 evals, 159 steps, improv/step: 0.396 (last = 0.0000), fitness=2.346554372
3043.43 secs, 238 evals, 160 steps, improv/step: 0.394 (last = 0.0000), fitness=2.346554372
3053.64 secs, 239 evals, 161 steps, improv/step: 0.391 (last = 0.0000), fitness=2.346554372
3067.22 secs, 240 evals, 162 steps, improv/step: 0.395 (last = 1.0000), fitness=2.346554372
3080.79 secs, 241 evals, 163 steps, improv/step: 0.393 (last = 0.0000), fitness=2.346554372
3092.62 secs, 242 evals, 164 steps, improv/step: 0.390 (last = 0.0000), fitness=2.346554372
3105.71 secs, 243 evals, 165 steps, improv/step: 0.394 (last = 1.0000), fitness=2.346554372
3119.64 secs, 244 evals, 166 steps, improv/step: 0.392 (last = 0.0000), fitness=2.346554372
3133.01 secs, 245 evals, 167 steps, improv/step: 0.395 (last = 1.0000), fitness=2.346554372
3145.78 secs, 246 evals, 168 steps, improv/step: 0.393 (last = 0.0000), fitness=2.346554372
3170.92 secs, 248 evals, 169 steps, improv/step: 0.391 (last = 0.0000), fitness=2.346554372
3183.26 secs, 249 evals, 170 steps, improv/step: 0.388 (last = 0.0000), fitness=2.346554372
3196.11 secs, 250 evals, 171 steps, improv/step: 0.392 (last = 1.0000), fitness=2.346554372
3209.90 secs, 251 evals, 172 steps, improv/step: 0.390 (last = 0.0000), fitness=2.346554372
3236.65 secs, 253 evals, 173 steps, improv/step: 0.393 (last = 1.0000), fitness=2.346554372
3249.71 secs, 254 evals, 174 steps, improv/step: 0.391 (last = 0.0000), fitness=2.346554372
3262.60 secs, 255 evals, 175 steps, improv/step: 0.394 (last = 1.0000), fitness=2.346554372
3276.09 secs, 256 evals, 176 steps, improv/step: 0.398 (last = 1.0000), fitness=2.346554372
3289.67 secs, 257 evals, 177 steps, improv/step: 0.395 (last = 0.0000), fitness=2.346554372
3302.03 secs, 258 evals, 178 steps, improv/step: 0.393 (last = 0.0000), fitness=2.346554372
3328.55 secs, 260 evals, 179 steps, improv/step: 0.391 (last = 0.0000), fitness=2.346554372
3341.29 secs, 261 evals, 180 steps, improv/step: 0.389 (last = 0.0000), fitness=2.346554372
3353.89 secs, 262 evals, 181 steps, improv/step: 0.387 (last = 0.0000), fitness=2.346554372
3367.26 secs, 263 evals, 182 steps, improv/step: 0.390 (last = 1.0000), fitness=2.346554372
3379.98 secs, 264 evals, 183 steps, improv/step: 0.388 (last = 0.0000), fitness=2.346554372
3392.30 secs, 265 evals, 184 steps, improv/step: 0.386 (last = 0.0000), fitness=2.346554372
3405.09 secs, 266 evals, 185 steps, improv/step: 0.384 (last = 0.0000), fitness=2.346554372
3417.23 secs, 267 evals, 186 steps, improv/step: 0.382 (last = 0.0000), fitness=2.346554372
3429.85 secs, 268 evals, 187 steps, improv/step: 0.380 (last = 0.0000), fitness=2.346554372
3443.65 secs, 269 evals, 188 steps, improv/step: 0.378 (last = 0.0000), fitness=2.346554372
3457.68 secs, 270 evals, 189 steps, improv/step: 0.376 (last = 0.0000), fitness=2.346554372
3471.20 secs, 271 evals, 190 steps, improv/step: 0.374 (last = 0.0000), fitness=2.346554372
3484.84 secs, 272 evals, 191 steps, improv/step: 0.372 (last = 0.0000), fitness=2.346554372
3510.90 secs, 274 evals, 192 steps, improv/step: 0.375 (last = 1.0000), fitness=2.346554372
3523.91 secs, 275 evals, 193 steps, improv/step: 0.373 (last = 0.0000), fitness=2.346554372
3537.59 secs, 276 evals, 194 steps, improv/step: 0.371 (last = 0.0000), fitness=2.346554372
3549.41 secs, 277 evals, 195 steps, improv/step: 0.369 (last = 0.0000), fitness=2.346554372
3563.11 secs, 278 evals, 196 steps, improv/step: 0.372 (last = 1.0000), fitness=2.346554372
3576.29 secs, 279 evals, 197 steps, improv/step: 0.371 (last = 0.0000), fitness=2.346554372
3602.79 secs, 281 evals, 198 steps, improv/step: 0.369 (last = 0.0000), fitness=2.346554372
3616.27 secs, 282 evals, 199 steps, improv/step: 0.367 (last = 0.0000), fitness=2.346554372
3630.08 secs, 283 evals, 200 steps, improv/step: 0.365 (last = 0.0000), fitness=2.346554372
3643.70 secs, 284 evals, 201 steps, improv/step: 0.363 (last = 0.0000), fitness=2.346554372
3653.98 secs, 285 evals, 202 steps, improv/step: 0.361 (last = 0.0000), fitness=2.346554372
3666.50 secs, 286 evals, 203 steps, improv/step: 0.360 (last = 0.0000), fitness=2.346554372
3679.72 secs, 287 evals, 204 steps, improv/step: 0.358 (last = 0.0000), fitness=2.346554372
3693.37 secs, 288 evals, 205 steps, improv/step: 0.356 (last = 0.0000), fitness=2.346554372
3706.48 secs, 289 evals, 206 steps, improv/step: 0.359 (last = 1.0000), fitness=2.346554372
3719.57 secs, 290 evals, 207 steps, improv/step: 0.357 (last = 0.0000), fitness=2.346554372
3733.13 secs, 291 evals, 208 steps, improv/step: 0.356 (last = 0.0000), fitness=2.346554372
3745.61 secs, 292 evals, 209 steps, improv/step: 0.359 (last = 1.0000), fitness=2.346554372
3757.76 secs, 293 evals, 210 steps, improv/step: 0.357 (last = 0.0000), fitness=2.346554372
3771.35 secs, 294 evals, 211 steps, improv/step: 0.355 (last = 0.0000), fitness=2.346554372
3783.86 secs, 295 evals, 212 steps, improv/step: 0.354 (last = 0.0000), fitness=2.346554372
3797.28 secs, 296 evals, 213 steps, improv/step: 0.352 (last = 0.0000), fitness=2.346554372
3810.55 secs, 297 evals, 214 steps, improv/step: 0.355 (last = 1.0000), fitness=2.346554372
3821.52 secs, 298 evals, 215 steps, improv/step: 0.353 (last = 0.0000), fitness=2.346554372
3848.47 secs, 300 evals, 216 steps, improv/step: 0.356 (last = 1.0000), fitness=2.346554372
3861.57 secs, 301 evals, 217 steps, improv/step: 0.359 (last = 1.0000), fitness=2.346554372
3874.77 secs, 302 evals, 218 steps, improv/step: 0.362 (last = 1.0000), fitness=2.346554372
3888.18 secs, 303 evals, 219 steps, improv/step: 0.365 (last = 1.0000), fitness=2.346554372
3900.01 secs, 304 evals, 220 steps, improv/step: 0.364 (last = 0.0000), fitness=2.346554372
3912.78 secs, 305 evals, 221 steps, improv/step: 0.367 (last = 1.0000), fitness=2.346554372
3925.11 secs, 306 evals, 222 steps, improv/step: 0.365 (last = 0.0000), fitness=2.346554372
3938.49 secs, 307 evals, 223 steps, improv/step: 0.363 (last = 0.0000), fitness=2.346554372
3950.15 secs, 308 evals, 224 steps, improv/step: 0.362 (last = 0.0000), fitness=2.346554372
3962.88 secs, 309 evals, 225 steps, improv/step: 0.360 (last = 0.0000), fitness=2.346554372
3976.37 secs, 310 evals, 226 steps, improv/step: 0.358 (last = 0.0000), fitness=2.346554372
3989.11 secs, 311 evals, 227 steps, improv/step: 0.361 (last = 1.0000), fitness=2.346554372
4001.78 secs, 312 evals, 228 steps, improv/step: 0.364 (last = 1.0000), fitness=2.346554372
4015.05 secs, 313 evals, 229 steps, improv/step: 0.367 (last = 1.0000), fitness=2.346554372
4028.39 secs, 314 evals, 230 steps, improv/step: 0.365 (last = 0.0000), fitness=2.346554372
4033.65 secs, 315 evals, 231 steps, improv/step: 0.364 (last = 0.0000), fitness=2.346554372
4047.69 secs, 316 evals, 232 steps, improv/step: 0.362 (last = 0.0000), fitness=2.346554372
4061.03 secs, 317 evals, 233 steps, improv/step: 0.361 (last = 0.0000), fitness=2.346554372
4073.51 secs, 318 evals, 234 steps, improv/step: 0.359 (last = 0.0000), fitness=2.346554372
4086.64 secs, 319 evals, 235 steps, improv/step: 0.357 (last = 0.0000), fitness=2.346554372
4100.28 secs, 320 evals, 236 steps, improv/step: 0.356 (last = 0.0000), fitness=2.346554372
4113.26 secs, 321 evals, 237 steps, improv/step: 0.359 (last = 1.0000), fitness=2.346554372
4126.10 secs, 322 evals, 238 steps, improv/step: 0.357 (last = 0.0000), fitness=2.346554372
4138.86 secs, 323 evals, 239 steps, improv/step: 0.360 (last = 1.0000), fitness=2.346554372
4152.51 secs, 324 evals, 240 steps, improv/step: 0.358 (last = 0.0000), fitness=2.346554372
4165.57 secs, 325 evals, 241 steps, improv/step: 0.361 (last = 1.0000), fitness=2.346554372
4177.84 secs, 326 evals, 242 steps, improv/step: 0.360 (last = 0.0000), fitness=2.346554372
4191.01 secs, 327 evals, 243 steps, improv/step: 0.358 (last = 0.0000), fitness=2.346554372
4203.42 secs, 328 evals, 244 steps, improv/step: 0.361 (last = 1.0000), fitness=2.346554372
4217.06 secs, 329 evals, 245 steps, improv/step: 0.359 (last = 0.0000), fitness=2.346554372
4242.70 secs, 331 evals, 246 steps, improv/step: 0.358 (last = 0.0000), fitness=2.346554372
4256.46 secs, 332 evals, 247 steps, improv/step: 0.356 (last = 0.0000), fitness=2.346554372
4269.87 secs, 333 evals, 248 steps, improv/step: 0.355 (last = 0.0000), fitness=2.346554372
4296.44 secs, 335 evals, 249 steps, improv/step: 0.353 (last = 0.0000), fitness=2.346554372
4308.86 secs, 336 evals, 250 steps, improv/step: 0.352 (last = 0.0000), fitness=2.346554372
4322.05 secs, 337 evals, 251 steps, improv/step: 0.351 (last = 0.0000), fitness=2.346554372
4332.90 secs, 338 evals, 252 steps, improv/step: 0.349 (last = 0.0000), fitness=2.346554372
4345.65 secs, 339 evals, 253 steps, improv/step: 0.348 (last = 0.0000), fitness=2.346554372
4372.48 secs, 341 evals, 254 steps, improv/step: 0.346 (last = 0.0000), fitness=2.346554372
4382.81 secs, 342 evals, 255 steps, improv/step: 0.345 (last = 0.0000), fitness=2.346554372
4395.98 secs, 343 evals, 256 steps, improv/step: 0.348 (last = 1.0000), fitness=2.346554372
4408.38 secs, 344 evals, 257 steps, improv/step: 0.350 (last = 1.0000), fitness=2.346554372
4422.00 secs, 345 evals, 258 steps, improv/step: 0.349 (last = 0.0000), fitness=2.346554372
4435.61 secs, 346 evals, 259 steps, improv/step: 0.347 (last = 0.0000), fitness=2.346554372
4448.81 secs, 347 evals, 260 steps, improv/step: 0.346 (last = 0.0000), fitness=2.346554372
4462.25 secs, 348 evals, 261 steps, improv/step: 0.345 (last = 0.0000), fitness=2.346554372
4474.22 secs, 349 evals, 262 steps, improv/step: 0.344 (last = 0.0000), fitness=2.346554372
4487.53 secs, 350 evals, 263 steps, improv/step: 0.346 (last = 1.0000), fitness=2.346554372
4500.37 secs, 351 evals, 264 steps, improv/step: 0.345 (last = 0.0000), fitness=2.346554372
4513.30 secs, 352 evals, 265 steps, improv/step: 0.347 (last = 1.0000), fitness=2.346554372
4526.84 secs, 353 evals, 266 steps, improv/step: 0.346 (last = 0.0000), fitness=2.346554372
4539.72 secs, 354 evals, 267 steps, improv/step: 0.348 (last = 1.0000), fitness=2.324350091
4552.91 secs, 355 evals, 268 steps, improv/step: 0.347 (last = 0.0000), fitness=2.324350091
4565.04 secs, 356 evals, 269 steps, improv/step: 0.346 (last = 0.0000), fitness=2.324350091
4576.00 secs, 357 evals, 270 steps, improv/step: 0.344 (last = 0.0000), fitness=2.324350091
4589.14 secs, 358 evals, 271 steps, improv/step: 0.343 (last = 0.0000), fitness=2.324350091
4602.33 secs, 359 evals, 272 steps, improv/step: 0.346 (last = 1.0000), fitness=2.324350091
4615.32 secs, 360 evals, 273 steps, improv/step: 0.348 (last = 1.0000), fitness=2.324350091
4628.23 secs, 361 evals, 274 steps, improv/step: 0.347 (last = 0.0000), fitness=2.324350091
4641.41 secs, 362 evals, 275 steps, improv/step: 0.345 (last = 0.0000), fitness=2.324350091
4651.92 secs, 363 evals, 276 steps, improv/step: 0.344 (last = 0.0000), fitness=2.324350091
4665.19 secs, 364 evals, 277 steps, improv/step: 0.343 (last = 0.0000), fitness=2.324350091
4678.52 secs, 365 evals, 278 steps, improv/step: 0.345 (last = 1.0000), fitness=2.324350091
4691.12 secs, 366 evals, 279 steps, improv/step: 0.348 (last = 1.0000), fitness=2.324350091
4703.10 secs, 367 evals, 280 steps, improv/step: 0.346 (last = 0.0000), fitness=2.324350091
4716.36 secs, 368 evals, 281 steps, improv/step: 0.345 (last = 0.0000), fitness=2.324350091
4729.24 secs, 369 evals, 282 steps, improv/step: 0.344 (last = 0.0000), fitness=2.324350091
4742.22 secs, 370 evals, 283 steps, improv/step: 0.346 (last = 1.0000), fitness=2.324350091
4755.63 secs, 371 evals, 284 steps, improv/step: 0.345 (last = 0.0000), fitness=2.324350091
4767.28 secs, 372 evals, 285 steps, improv/step: 0.344 (last = 0.0000), fitness=2.324350091
4780.81 secs, 373 evals, 286 steps, improv/step: 0.343 (last = 0.0000), fitness=2.324350091
4793.08 secs, 374 evals, 287 steps, improv/step: 0.341 (last = 0.0000), fitness=2.324350091
4806.92 secs, 375 evals, 288 steps, improv/step: 0.340 (last = 0.0000), fitness=2.324350091
4832.42 secs, 377 evals, 289 steps, improv/step: 0.343 (last = 1.0000), fitness=2.324350091
4844.96 secs, 378 evals, 290 steps, improv/step: 0.341 (last = 0.0000), fitness=2.324350091
4857.76 secs, 379 evals, 291 steps, improv/step: 0.340 (last = 0.0000), fitness=2.324350091
4870.78 secs, 380 evals, 292 steps, improv/step: 0.339 (last = 0.0000), fitness=2.324350091
4882.68 secs, 381 evals, 293 steps, improv/step: 0.338 (last = 0.0000), fitness=2.324350091
4895.21 secs, 382 evals, 294 steps, improv/step: 0.337 (last = 0.0000), fitness=2.324350091
4908.49 secs, 383 evals, 295 steps, improv/step: 0.339 (last = 1.0000), fitness=2.324350091
4921.03 secs, 384 evals, 296 steps, improv/step: 0.341 (last = 1.0000), fitness=2.324350091
4933.73 secs, 385 evals, 297 steps, improv/step: 0.340 (last = 0.0000), fitness=2.324350091
4946.08 secs, 386 evals, 298 steps, improv/step: 0.339 (last = 0.0000), fitness=2.324350091
4959.35 secs, 387 evals, 299 steps, improv/step: 0.341 (last = 1.0000), fitness=2.324350091
4971.61 secs, 388 evals, 300 steps, improv/step: 0.340 (last = 0.0000), fitness=2.324350091
4985.01 secs, 389 evals, 301 steps, improv/step: 0.339 (last = 0.0000), fitness=2.324350091
4997.90 secs, 390 evals, 302 steps, improv/step: 0.338 (last = 0.0000), fitness=2.324350091
5011.25 secs, 391 evals, 303 steps, improv/step: 0.340 (last = 1.0000), fitness=2.324350091
5024.27 secs, 392 evals, 304 steps, improv/step: 0.342 (last = 1.0000), fitness=2.324350091
5037.16 secs, 393 evals, 305 steps, improv/step: 0.341 (last = 0.0000), fitness=2.324350091
5050.10 secs, 394 evals, 306 steps, improv/step: 0.343 (last = 1.0000), fitness=2.324350091
5062.12 secs, 395 evals, 307 steps, improv/step: 0.342 (last = 0.0000), fitness=2.324350091
5074.80 secs, 396 evals, 308 steps, improv/step: 0.341 (last = 0.0000), fitness=2.324350091
5087.68 secs, 397 evals, 309 steps, improv/step: 0.340 (last = 0.0000), fitness=2.324350091
5097.85 secs, 398 evals, 310 steps, improv/step: 0.339 (last = 0.0000), fitness=2.324350091
5111.33 secs, 399 evals, 311 steps, improv/step: 0.338 (last = 0.0000), fitness=2.324350091
5123.54 secs, 400 evals, 312 steps, improv/step: 0.337 (last = 0.0000), fitness=2.324350091
5136.11 secs, 401 evals, 313 steps, improv/step: 0.335 (last = 0.0000), fitness=2.324350091
5148.23 secs, 402 evals, 314 steps, improv/step: 0.334 (last = 0.0000), fitness=2.324350091
5161.39 secs, 403 evals, 315 steps, improv/step: 0.333 (last = 0.0000), fitness=2.324350091
5174.00 secs, 404 evals, 316 steps, improv/step: 0.332 (last = 0.0000), fitness=2.324350091
5186.96 secs, 405 evals, 317 steps, improv/step: 0.334 (last = 1.0000), fitness=2.324350091
5200.39 secs, 406 evals, 318 steps, improv/step: 0.336 (last = 1.0000), fitness=2.324350091
5212.53 secs, 407 evals, 319 steps, improv/step: 0.335 (last = 0.0000), fitness=2.324350091
5225.64 secs, 408 evals, 320 steps, improv/step: 0.338 (last = 1.0000), fitness=2.324350091
5239.11 secs, 409 evals, 321 steps, improv/step: 0.336 (last = 0.0000), fitness=2.324350091
5252.56 secs, 410 evals, 322 steps, improv/step: 0.335 (last = 0.0000), fitness=2.324350091
5265.36 secs, 411 evals, 323 steps, improv/step: 0.334 (last = 0.0000), fitness=2.324350091
5278.73 secs, 412 evals, 324 steps, improv/step: 0.336 (last = 1.0000), fitness=2.324350091
5291.74 secs, 413 evals, 325 steps, improv/step: 0.335 (last = 0.0000), fitness=2.324350091
5304.57 secs, 414 evals, 326 steps, improv/step: 0.334 (last = 0.0000), fitness=2.324350091
5316.13 secs, 415 evals, 327 steps, improv/step: 0.333 (last = 0.0000), fitness=2.324350091
5329.46 secs, 416 evals, 328 steps, improv/step: 0.332 (last = 0.0000), fitness=2.324350091
5343.01 secs, 417 evals, 329 steps, improv/step: 0.331 (last = 0.0000), fitness=2.324350091
5356.01 secs, 418 evals, 330 steps, improv/step: 0.330 (last = 0.0000), fitness=2.324350091
5368.71 secs, 419 evals, 331 steps, improv/step: 0.329 (last = 0.0000), fitness=2.324350091
5381.32 secs, 420 evals, 332 steps, improv/step: 0.328 (last = 0.0000), fitness=2.324350091
5393.24 secs, 421 evals, 333 steps, improv/step: 0.327 (last = 0.0000), fitness=2.324350091
5406.58 secs, 422 evals, 334 steps, improv/step: 0.329 (last = 1.0000), fitness=2.324350091
5419.17 secs, 423 evals, 335 steps, improv/step: 0.328 (last = 0.0000), fitness=2.324350091
5432.40 secs, 424 evals, 336 steps, improv/step: 0.330 (last = 1.0000), fitness=2.324350091
5443.31 secs, 425 evals, 337 steps, improv/step: 0.329 (last = 0.0000), fitness=2.324350091
5456.96 secs, 426 evals, 338 steps, improv/step: 0.328 (last = 0.0000), fitness=2.324350091
5469.96 secs, 427 evals, 339 steps, improv/step: 0.330 (last = 1.0000), fitness=2.324350091
5483.13 secs, 428 evals, 340 steps, improv/step: 0.329 (last = 0.0000), fitness=2.324350091
5496.26 secs, 429 evals, 341 steps, improv/step: 0.328 (last = 0.0000), fitness=2.324350091
5509.41 secs, 430 evals, 342 steps, improv/step: 0.327 (last = 0.0000), fitness=2.324350091
5536.41 secs, 432 evals, 343 steps, improv/step: 0.327 (last = 0.0000), fitness=2.324350091
5563.49 secs, 434 evals, 344 steps, improv/step: 0.326 (last = 0.0000), fitness=2.324350091
5576.97 secs, 435 evals, 345 steps, improv/step: 0.325 (last = 0.0000), fitness=2.324350091
5590.33 secs, 436 evals, 346 steps, improv/step: 0.324 (last = 0.0000), fitness=2.324350091
5600.61 secs, 437 evals, 347 steps, improv/step: 0.323 (last = 0.0000), fitness=2.324350091
5613.31 secs, 438 evals, 348 steps, improv/step: 0.322 (last = 0.0000), fitness=2.324350091
5626.59 secs, 439 evals, 349 steps, improv/step: 0.321 (last = 0.0000), fitness=2.324350091
5639.89 secs, 440 evals, 350 steps, improv/step: 0.323 (last = 1.0000), fitness=2.324350091
5653.33 secs, 441 evals, 351 steps, improv/step: 0.322 (last = 0.0000), fitness=2.324350091
5665.95 secs, 442 evals, 352 steps, improv/step: 0.321 (last = 0.0000), fitness=2.324350091
5678.74 secs, 443 evals, 353 steps, improv/step: 0.323 (last = 1.0000), fitness=2.324350091
5691.83 secs, 444 evals, 354 steps, improv/step: 0.322 (last = 0.0000), fitness=2.324350091
5704.77 secs, 445 evals, 355 steps, improv/step: 0.321 (last = 0.0000), fitness=2.324350091
5717.13 secs, 446 evals, 356 steps, improv/step: 0.320 (last = 0.0000), fitness=2.324350091
5730.44 secs, 447 evals, 357 steps, improv/step: 0.319 (last = 0.0000), fitness=2.324350091
5744.15 secs, 448 evals, 358 steps, improv/step: 0.318 (last = 0.0000), fitness=2.324350091
5756.70 secs, 449 evals, 359 steps, improv/step: 0.318 (last = 0.0000), fitness=2.324350091
5782.89 secs, 451 evals, 360 steps, improv/step: 0.317 (last = 0.0000), fitness=2.324350091
5795.68 secs, 452 evals, 361 steps, improv/step: 0.319 (last = 1.0000), fitness=2.324350091
5808.95 secs, 453 evals, 362 steps, improv/step: 0.320 (last = 1.0000), fitness=2.324350091
5822.27 secs, 454 evals, 363 steps, improv/step: 0.320 (last = 0.0000), fitness=2.324350091
5835.07 secs, 455 evals, 364 steps, improv/step: 0.321 (last = 1.0000), fitness=2.324350091
5848.26 secs, 456 evals, 365 steps, improv/step: 0.321 (last = 0.0000), fitness=2.324350091
5861.03 secs, 457 evals, 366 steps, improv/step: 0.320 (last = 0.0000), fitness=2.324350091
5874.84 secs, 458 evals, 367 steps, improv/step: 0.319 (last = 0.0000), fitness=2.324350091
5887.58 secs, 459 evals, 368 steps, improv/step: 0.318 (last = 0.0000), fitness=2.324350091
5901.19 secs, 460 evals, 369 steps, improv/step: 0.317 (last = 0.0000), fitness=2.324350091
5914.66 secs, 461 evals, 370 steps, improv/step: 0.319 (last = 1.0000), fitness=2.324350091
5941.53 secs, 463 evals, 371 steps, improv/step: 0.318 (last = 0.0000), fitness=2.324350091
5954.42 secs, 464 evals, 372 steps, improv/step: 0.317 (last = 0.0000), fitness=2.324350091
5967.37 secs, 465 evals, 373 steps, improv/step: 0.316 (last = 0.0000), fitness=2.324350091
5979.99 secs, 466 evals, 374 steps, improv/step: 0.316 (last = 0.0000), fitness=2.324350091
5993.07 secs, 467 evals, 375 steps, improv/step: 0.317 (last = 1.0000), fitness=2.324350091
6006.20 secs, 468 evals, 376 steps, improv/step: 0.316 (last = 0.0000), fitness=2.324350091
6031.69 secs, 470 evals, 377 steps, improv/step: 0.316 (last = 0.0000), fitness=2.324350091
6044.04 secs, 471 evals, 378 steps, improv/step: 0.315 (last = 0.0000), fitness=2.324350091
6056.76 secs, 472 evals, 379 steps, improv/step: 0.317 (last = 1.0000), fitness=2.324350091
6069.70 secs, 473 evals, 380 steps, improv/step: 0.316 (last = 0.0000), fitness=2.324350091
6083.01 secs, 474 evals, 381 steps, improv/step: 0.318 (last = 1.0000), fitness=2.324350091
6095.82 secs, 475 evals, 382 steps, improv/step: 0.317 (last = 0.0000), fitness=2.324350091
6109.10 secs, 476 evals, 383 steps, improv/step: 0.316 (last = 0.0000), fitness=2.324350091
6121.87 secs, 477 evals, 384 steps, improv/step: 0.315 (last = 0.0000), fitness=2.324350091
6135.01 secs, 478 evals, 385 steps, improv/step: 0.314 (last = 0.0000), fitness=2.324350091
6148.05 secs, 479 evals, 386 steps, improv/step: 0.313 (last = 0.0000), fitness=2.324350091
6161.18 secs, 480 evals, 387 steps, improv/step: 0.315 (last = 1.0000), fitness=2.324350091
6188.00 secs, 482 evals, 388 steps, improv/step: 0.314 (last = 0.0000), fitness=2.324350091
6201.19 secs, 483 evals, 389 steps, improv/step: 0.314 (last = 0.0000), fitness=2.324350091
6213.47 secs, 484 evals, 390 steps, improv/step: 0.313 (last = 0.0000), fitness=2.324350091
6226.53 secs, 485 evals, 391 steps, improv/step: 0.312 (last = 0.0000), fitness=2.324350091
6239.58 secs, 486 evals, 392 steps, improv/step: 0.311 (last = 0.0000), fitness=2.324350091
6249.16 secs, 487 evals, 393 steps, improv/step: 0.310 (last = 0.0000), fitness=2.324350091
6262.22 secs, 488 evals, 394 steps, improv/step: 0.312 (last = 1.0000), fitness=2.286218791
6275.19 secs, 489 evals, 395 steps, improv/step: 0.311 (last = 0.0000), fitness=2.286218791
6288.80 secs, 490 evals, 396 steps, improv/step: 0.311 (last = 0.0000), fitness=2.286218791
6301.75 secs, 491 evals, 397 steps, improv/step: 0.310 (last = 0.0000), fitness=2.286218791
6315.41 secs, 492 evals, 398 steps, improv/step: 0.309 (last = 0.0000), fitness=2.286218791
6324.43 secs, 493 evals, 399 steps, improv/step: 0.308 (last = 0.0000), fitness=2.286218791
6337.46 secs, 494 evals, 400 steps, improv/step: 0.307 (last = 0.0000), fitness=2.286218791
6350.99 secs, 495 evals, 401 steps, improv/step: 0.307 (last = 0.0000), fitness=2.286218791
6364.34 secs, 496 evals, 402 steps, improv/step: 0.306 (last = 0.0000), fitness=2.286218791
6377.56 secs, 497 evals, 403 steps, improv/step: 0.305 (last = 0.0000), fitness=2.286218791
6390.30 secs, 498 evals, 404 steps, improv/step: 0.304 (last = 0.0000), fitness=2.286218791
6403.61 secs, 499 evals, 405 steps, improv/step: 0.304 (last = 0.0000), fitness=2.286218791
6417.15 secs, 500 evals, 406 steps, improv/step: 0.303 (last = 0.0000), fitness=2.286218791
6430.74 secs, 501 evals, 407 steps, improv/step: 0.302 (last = 0.0000), fitness=2.286218791
6443.69 secs, 502 evals, 408 steps, improv/step: 0.301 (last = 0.0000), fitness=2.286218791
6456.50 secs, 503 evals, 409 steps, improv/step: 0.301 (last = 0.0000), fitness=2.286218791
6470.14 secs, 504 evals, 410 steps, improv/step: 0.300 (last = 0.0000), fitness=2.286218791
6483.96 secs, 505 evals, 411 steps, improv/step: 0.299 (last = 0.0000), fitness=2.286218791
6497.37 secs, 506 evals, 412 steps, improv/step: 0.299 (last = 0.0000), fitness=2.286218791
6510.67 secs, 507 evals, 413 steps, improv/step: 0.298 (last = 0.0000), fitness=2.286218791
6519.94 secs, 508 evals, 414 steps, improv/step: 0.297 (last = 0.0000), fitness=2.286218791
6532.45 secs, 509 evals, 415 steps, improv/step: 0.296 (last = 0.0000), fitness=2.286218791
6545.43 secs, 510 evals, 416 steps, improv/step: 0.296 (last = 0.0000), fitness=2.286218791
6558.04 secs, 511 evals, 417 steps, improv/step: 0.295 (last = 0.0000), fitness=2.286218791
6570.25 secs, 512 evals, 418 steps, improv/step: 0.294 (last = 0.0000), fitness=2.286218791
6596.63 secs, 514 evals, 419 steps, improv/step: 0.294 (last = 0.0000), fitness=2.286218791
6610.12 secs, 515 evals, 420 steps, improv/step: 0.293 (last = 0.0000), fitness=2.286218791
6623.09 secs, 516 evals, 421 steps, improv/step: 0.292 (last = 0.0000), fitness=2.286218791
6635.89 secs, 517 evals, 422 steps, improv/step: 0.291 (last = 0.0000), fitness=2.286218791
6649.08 secs, 518 evals, 423 steps, improv/step: 0.291 (last = 0.0000), fitness=2.286218791
6662.48 secs, 519 evals, 424 steps, improv/step: 0.290 (last = 0.0000), fitness=2.286218791
6674.79 secs, 520 evals, 425 steps, improv/step: 0.289 (last = 0.0000), fitness=2.286218791
6688.01 secs, 521 evals, 426 steps, improv/step: 0.289 (last = 0.0000), fitness=2.286218791
6700.90 secs, 522 evals, 427 steps, improv/step: 0.288 (last = 0.0000), fitness=2.286218791
6712.21 secs, 523 evals, 428 steps, improv/step: 0.287 (last = 0.0000), fitness=2.286218791
6725.51 secs, 524 evals, 429 steps, improv/step: 0.287 (last = 0.0000), fitness=2.286218791
6738.97 secs, 525 evals, 430 steps, improv/step: 0.288 (last = 1.0000), fitness=2.286218791
6750.47 secs, 526 evals, 431 steps, improv/step: 0.288 (last = 0.0000), fitness=2.286218791
6763.07 secs, 527 evals, 432 steps, improv/step: 0.289 (last = 1.0000), fitness=2.286218791
6775.37 secs, 528 evals, 433 steps, improv/step: 0.289 (last = 0.0000), fitness=2.286218791
6789.02 secs, 529 evals, 434 steps, improv/step: 0.288 (last = 0.0000), fitness=2.286218791
6801.98 secs, 530 evals, 435 steps, improv/step: 0.290 (last = 1.0000), fitness=2.286218791
6815.43 secs, 531 evals, 436 steps, improv/step: 0.289 (last = 0.0000), fitness=2.286218791
6841.77 secs, 533 evals, 437 steps, improv/step: 0.291 (last = 1.0000), fitness=2.286218791
6854.13 secs, 534 evals, 438 steps, improv/step: 0.290 (last = 0.0000), fitness=2.286218791
6867.17 secs, 535 evals, 439 steps, improv/step: 0.289 (last = 0.0000), fitness=2.286218791
6893.25 secs, 537 evals, 440 steps, improv/step: 0.291 (last = 1.0000), fitness=2.286218791
6906.37 secs, 538 evals, 441 steps, improv/step: 0.293 (last = 1.0000), fitness=2.286218791
6919.12 secs, 539 evals, 442 steps, improv/step: 0.292 (last = 0.0000), fitness=2.286218791
6931.88 secs, 540 evals, 443 steps, improv/step: 0.291 (last = 0.0000), fitness=2.286218791
6944.55 secs, 541 evals, 444 steps, improv/step: 0.291 (last = 0.0000), fitness=2.286218791
6957.00 secs, 542 evals, 445 steps, improv/step: 0.290 (last = 0.0000), fitness=2.286218791
6969.96 secs, 543 evals, 446 steps, improv/step: 0.291 (last = 1.0000), fitness=2.286218791
6983.21 secs, 544 evals, 447 steps, improv/step: 0.291 (last = 0.0000), fitness=2.286218791
6996.66 secs, 545 evals, 448 steps, improv/step: 0.290 (last = 0.0000), fitness=2.286218791
7009.73 secs, 546 evals, 449 steps, improv/step: 0.290 (last = 0.0000), fitness=2.286218791
7022.52 secs, 547 evals, 450 steps, improv/step: 0.289 (last = 0.0000), fitness=2.286218791
7035.92 secs, 548 evals, 451 steps, improv/step: 0.288 (last = 0.0000), fitness=2.286218791
7049.35 secs, 549 evals, 452 steps, improv/step: 0.290 (last = 1.0000), fitness=2.286218791
7062.51 secs, 550 evals, 453 steps, improv/step: 0.289 (last = 0.0000), fitness=2.286218791
7074.48 secs, 551 evals, 454 steps, improv/step: 0.289 (last = 0.0000), fitness=2.286218791
7087.46 secs, 552 evals, 455 steps, improv/step: 0.288 (last = 0.0000), fitness=2.286218791
7100.62 secs, 553 evals, 456 steps, improv/step: 0.289 (last = 1.0000), fitness=2.286218791
7113.79 secs, 554 evals, 457 steps, improv/step: 0.289 (last = 0.0000), fitness=2.286218791
7126.76 secs, 555 evals, 458 steps, improv/step: 0.290 (last = 1.0000), fitness=2.286218791
7140.32 secs, 556 evals, 459 steps, improv/step: 0.290 (last = 0.0000), fitness=2.286218791
7153.31 secs, 557 evals, 460 steps, improv/step: 0.289 (last = 0.0000), fitness=2.286218791
7165.25 secs, 558 evals, 461 steps, improv/step: 0.289 (last = 0.0000), fitness=2.286218791
7178.21 secs, 559 evals, 462 steps, improv/step: 0.288 (last = 0.0000), fitness=2.286218791
7190.93 secs, 560 evals, 463 steps, improv/step: 0.289 (last = 1.0000), fitness=2.286218791
7203.74 secs, 561 evals, 464 steps, improv/step: 0.289 (last = 0.0000), fitness=2.286218791
7217.47 secs, 562 evals, 465 steps, improv/step: 0.288 (last = 0.0000), fitness=2.286218791
7230.93 secs, 563 evals, 466 steps, improv/step: 0.290 (last = 1.0000), fitness=2.286218791
7244.36 secs, 564 evals, 467 steps, improv/step: 0.289 (last = 0.0000), fitness=2.286218791
7256.97 secs, 565 evals, 468 steps, improv/step: 0.288 (last = 0.0000), fitness=2.286218791
7270.03 secs, 566 evals, 469 steps, improv/step: 0.288 (last = 0.0000), fitness=2.286218791
7283.70 secs, 567 evals, 470 steps, improv/step: 0.287 (last = 0.0000), fitness=2.286218791
7296.68 secs, 568 evals, 471 steps, improv/step: 0.287 (last = 0.0000), fitness=2.286218791
7308.40 secs, 569 evals, 472 steps, improv/step: 0.286 (last = 0.0000), fitness=2.286218791
7321.47 secs, 570 evals, 473 steps, improv/step: 0.285 (last = 0.0000), fitness=2.286218791
7334.73 secs, 571 evals, 474 steps, improv/step: 0.287 (last = 1.0000), fitness=2.286218791
7348.34 secs, 572 evals, 475 steps, improv/step: 0.286 (last = 0.0000), fitness=2.286218791
7362.04 secs, 573 evals, 476 steps, improv/step: 0.286 (last = 0.0000), fitness=2.286218791
7373.82 secs, 574 evals, 477 steps, improv/step: 0.285 (last = 0.0000), fitness=2.286218791
7387.12 secs, 575 evals, 478 steps, improv/step: 0.287 (last = 1.0000), fitness=2.286218791
7400.50 secs, 576 evals, 479 steps, improv/step: 0.286 (last = 0.0000), fitness=2.286218791
7413.65 secs, 577 evals, 480 steps, improv/step: 0.287 (last = 1.0000), fitness=2.235455072
7426.43 secs, 578 evals, 481 steps, improv/step: 0.289 (last = 1.0000), fitness=2.235455072
7439.55 secs, 579 evals, 482 steps, improv/step: 0.288 (last = 0.0000), fitness=2.235455072
7452.61 secs, 580 evals, 483 steps, improv/step: 0.288 (last = 0.0000), fitness=2.235455072
7465.85 secs, 581 evals, 484 steps, improv/step: 0.287 (last = 0.0000), fitness=2.235455072
7479.34 secs, 582 evals, 485 steps, improv/step: 0.287 (last = 0.0000), fitness=2.235455072
7491.68 secs, 583 evals, 486 steps, improv/step: 0.286 (last = 0.0000), fitness=2.235455072
7503.09 secs, 584 evals, 487 steps, improv/step: 0.285 (last = 0.0000), fitness=2.235455072
7516.15 secs, 585 evals, 488 steps, improv/step: 0.287 (last = 1.0000), fitness=2.235455072
7529.24 secs, 586 evals, 489 steps, improv/step: 0.288 (last = 1.0000), fitness=2.235455072
7542.15 secs, 587 evals, 490 steps, improv/step: 0.290 (last = 1.0000), fitness=2.235455072
7555.85 secs, 588 evals, 491 steps, improv/step: 0.289 (last = 0.0000), fitness=2.235455072
7569.07 secs, 589 evals, 492 steps, improv/step: 0.291 (last = 1.0000), fitness=2.235455072
7582.29 secs, 590 evals, 493 steps, improv/step: 0.292 (last = 1.0000), fitness=2.235455072
7595.35 secs, 591 evals, 494 steps, improv/step: 0.291 (last = 0.0000), fitness=2.235455072
7607.71 secs, 592 evals, 495 steps, improv/step: 0.291 (last = 0.0000), fitness=2.235455072
7620.84 secs, 593 evals, 496 steps, improv/step: 0.290 (last = 0.0000), fitness=2.235455072
7633.28 secs, 594 evals, 497 steps, improv/step: 0.290 (last = 0.0000), fitness=2.235455072
7646.23 secs, 595 evals, 498 steps, improv/step: 0.289 (last = 0.0000), fitness=2.235455072
7659.00 secs, 596 evals, 499 steps, improv/step: 0.289 (last = 0.0000), fitness=2.235455072
7672.00 secs, 597 evals, 500 steps, improv/step: 0.290 (last = 1.0000), fitness=2.235455072
7685.06 secs, 598 evals, 501 steps, improv/step: 0.291 (last = 1.0000), fitness=2.235455072
7698.32 secs, 599 evals, 502 steps, improv/step: 0.293 (last = 1.0000), fitness=2.235455072
7711.32 secs, 600 evals, 503 steps, improv/step: 0.292 (last = 0.0000), fitness=2.235455072
7724.38 secs, 601 evals, 504 steps, improv/step: 0.294 (last = 1.0000), fitness=2.235455072
7733.09 secs, 602 evals, 505 steps, improv/step: 0.293 (last = 0.0000), fitness=2.235455072
7746.92 secs, 603 evals, 506 steps, improv/step: 0.292 (last = 0.0000), fitness=2.235455072
7759.69 secs, 604 evals, 507 steps, improv/step: 0.292 (last = 0.0000), fitness=2.235455072
7773.05 secs, 605 evals, 508 steps, improv/step: 0.291 (last = 0.0000), fitness=2.235455072
7786.30 secs, 606 evals, 509 steps, improv/step: 0.291 (last = 0.0000), fitness=2.235455072
7798.93 secs, 607 evals, 510 steps, improv/step: 0.290 (last = 0.0000), fitness=2.235455072
7811.99 secs, 608 evals, 511 steps, improv/step: 0.290 (last = 0.0000), fitness=2.235455072
7825.02 secs, 609 evals, 512 steps, improv/step: 0.289 (last = 0.0000), fitness=2.235455072
7838.00 secs, 610 evals, 513 steps, improv/step: 0.288 (last = 0.0000), fitness=2.235455072
7850.75 secs, 611 evals, 514 steps, improv/step: 0.290 (last = 1.0000), fitness=2.235455072
7864.17 secs, 612 evals, 515 steps, improv/step: 0.289 (last = 0.0000), fitness=2.235455072
7877.78 secs, 613 evals, 516 steps, improv/step: 0.289 (last = 0.0000), fitness=2.235455072
7890.61 secs, 614 evals, 517 steps, improv/step: 0.288 (last = 0.0000), fitness=2.235455072
7903.58 secs, 615 evals, 518 steps, improv/step: 0.288 (last = 0.0000), fitness=2.235455072
7917.12 secs, 616 evals, 519 steps, improv/step: 0.287 (last = 0.0000), fitness=2.235455072
7929.84 secs, 617 evals, 520 steps, improv/step: 0.288 (last = 1.0000), fitness=2.235455072
7942.88 secs, 618 evals, 521 steps, improv/step: 0.288 (last = 0.0000), fitness=2.235455072
7955.82 secs, 619 evals, 522 steps, improv/step: 0.287 (last = 0.0000), fitness=2.235455072
7969.13 secs, 620 evals, 523 steps, improv/step: 0.289 (last = 1.0000), fitness=2.235455072
7982.47 secs, 621 evals, 524 steps, improv/step: 0.288 (last = 0.0000), fitness=2.235455072
7994.46 secs, 622 evals, 525 steps, improv/step: 0.288 (last = 0.0000), fitness=2.235455072
8007.52 secs, 623 evals, 526 steps, improv/step: 0.287 (last = 0.0000), fitness=2.235455072
8020.62 secs, 624 evals, 527 steps, improv/step: 0.288 (last = 1.0000), fitness=2.235455072
8033.64 secs, 625 evals, 528 steps, improv/step: 0.288 (last = 0.0000), fitness=2.235455072
8046.75 secs, 626 evals, 529 steps, improv/step: 0.289 (last = 1.0000), fitness=2.235455072
8059.53 secs, 627 evals, 530 steps, improv/step: 0.291 (last = 1.0000), fitness=2.235455072
8071.78 secs, 628 evals, 531 steps, improv/step: 0.290 (last = 0.0000), fitness=2.235455072
8084.63 secs, 629 evals, 532 steps, improv/step: 0.291 (last = 1.0000), fitness=2.235455072
8097.58 secs, 630 evals, 533 steps, improv/step: 0.291 (last = 0.0000), fitness=2.235455072
8109.81 secs, 631 evals, 534 steps, improv/step: 0.290 (last = 0.0000), fitness=2.235455072
8122.68 secs, 632 evals, 535 steps, improv/step: 0.290 (last = 0.0000), fitness=2.235455072
8135.63 secs, 633 evals, 536 steps, improv/step: 0.291 (last = 1.0000), fitness=2.235455072
8148.25 secs, 634 evals, 537 steps, improv/step: 0.291 (last = 0.0000), fitness=2.235455072
8159.66 secs, 635 evals, 538 steps, improv/step: 0.290 (last = 0.0000), fitness=2.235455072
8172.54 secs, 636 evals, 539 steps, improv/step: 0.289 (last = 0.0000), fitness=2.235455072
8185.58 secs, 637 evals, 540 steps, improv/step: 0.289 (last = 0.0000), fitness=2.235455072
8198.81 secs, 638 evals, 541 steps, improv/step: 0.288 (last = 0.0000), fitness=2.235455072
8211.98 secs, 639 evals, 542 steps, improv/step: 0.290 (last = 1.0000), fitness=2.235455072
8223.14 secs, 640 evals, 543 steps, improv/step: 0.289 (last = 0.0000), fitness=2.235455072
8236.29 secs, 641 evals, 544 steps, improv/step: 0.290 (last = 1.0000), fitness=2.235455072
8249.01 secs, 642 evals, 545 steps, improv/step: 0.290 (last = 0.0000), fitness=2.235455072
8261.96 secs, 643 evals, 546 steps, improv/step: 0.291 (last = 1.0000), fitness=2.235455072
8274.68 secs, 644 evals, 547 steps, improv/step: 0.291 (last = 0.0000), fitness=2.235455072
8287.80 secs, 645 evals, 548 steps, improv/step: 0.292 (last = 1.0000), fitness=2.235455072
8300.08 secs, 646 evals, 549 steps, improv/step: 0.291 (last = 0.0000), fitness=2.235455072
8312.97 secs, 647 evals, 550 steps, improv/step: 0.291 (last = 0.0000), fitness=2.235455072
8326.17 secs, 648 evals, 551 steps, improv/step: 0.290 (last = 0.0000), fitness=2.235455072
8339.62 secs, 649 evals, 552 steps, improv/step: 0.292 (last = 1.0000), fitness=2.235455072
8352.70 secs, 650 evals, 553 steps, improv/step: 0.291 (last = 0.0000), fitness=2.235455072
8365.03 secs, 651 evals, 554 steps, improv/step: 0.291 (last = 0.0000), fitness=2.235455072
8377.72 secs, 652 evals, 555 steps, improv/step: 0.290 (last = 0.0000), fitness=2.235455072
8390.96 secs, 653 evals, 556 steps, improv/step: 0.290 (last = 0.0000), fitness=2.235455072
8403.98 secs, 654 evals, 557 steps, improv/step: 0.289 (last = 0.0000), fitness=2.235455072
8417.38 secs, 655 evals, 558 steps, improv/step: 0.289 (last = 0.0000), fitness=2.235455072
8430.45 secs, 656 evals, 559 steps, improv/step: 0.288 (last = 0.0000), fitness=2.235455072
8442.78 secs, 657 evals, 560 steps, improv/step: 0.287 (last = 0.0000), fitness=2.235455072
8455.65 secs, 658 evals, 561 steps, improv/step: 0.287 (last = 0.0000), fitness=2.235455072
8468.09 secs, 659 evals, 562 steps, improv/step: 0.286 (last = 0.0000), fitness=2.235455072
8481.33 secs, 660 evals, 563 steps, improv/step: 0.286 (last = 0.0000), fitness=2.235455072
8494.45 secs, 661 evals, 564 steps, improv/step: 0.285 (last = 0.0000), fitness=2.235455072
8507.42 secs, 662 evals, 565 steps, improv/step: 0.285 (last = 0.0000), fitness=2.235455072
8520.74 secs, 663 evals, 566 steps, improv/step: 0.284 (last = 0.0000), fitness=2.235455072
8547.41 secs, 665 evals, 567 steps, improv/step: 0.286 (last = 1.0000), fitness=2.235455072
8560.66 secs, 666 evals, 568 steps, improv/step: 0.285 (last = 0.0000), fitness=2.235455072
8573.89 secs, 667 evals, 569 steps, improv/step: 0.285 (last = 0.0000), fitness=2.235455072
8586.59 secs, 668 evals, 570 steps, improv/step: 0.284 (last = 0.0000), fitness=2.235455072
8599.62 secs, 669 evals, 571 steps, improv/step: 0.284 (last = 0.0000), fitness=2.235455072
8612.64 secs, 670 evals, 572 steps, improv/step: 0.283 (last = 0.0000), fitness=2.235455072
8625.60 secs, 671 evals, 573 steps, improv/step: 0.284 (last = 1.0000), fitness=2.235455072
8638.78 secs, 672 evals, 574 steps, improv/step: 0.286 (last = 1.0000), fitness=2.235455072
8651.96 secs, 673 evals, 575 steps, improv/step: 0.287 (last = 1.0000), fitness=2.235455072
8664.53 secs, 674 evals, 576 steps, improv/step: 0.286 (last = 0.0000), fitness=2.235455072
8677.66 secs, 675 evals, 577 steps, improv/step: 0.286 (last = 0.0000), fitness=2.235455072
8690.54 secs, 676 evals, 578 steps, improv/step: 0.287 (last = 1.0000), fitness=2.235455072
8703.44 secs, 677 evals, 579 steps, improv/step: 0.288 (last = 1.0000), fitness=2.235455072
8716.27 secs, 678 evals, 580 steps, improv/step: 0.288 (last = 0.0000), fitness=2.235455072
8728.37 secs, 679 evals, 581 steps, improv/step: 0.287 (last = 0.0000), fitness=2.235455072
8741.15 secs, 680 evals, 582 steps, improv/step: 0.287 (last = 0.0000), fitness=2.235455072
8754.37 secs, 681 evals, 583 steps, improv/step: 0.288 (last = 1.0000), fitness=2.235455072
8767.43 secs, 682 evals, 584 steps, improv/step: 0.289 (last = 1.0000), fitness=2.224940908
8780.20 secs, 683 evals, 585 steps, improv/step: 0.289 (last = 0.0000), fitness=2.224940908
8793.52 secs, 684 evals, 586 steps, improv/step: 0.288 (last = 0.0000), fitness=2.224940908
8806.50 secs, 685 evals, 587 steps, improv/step: 0.290 (last = 1.0000), fitness=2.224940908
8819.36 secs, 686 evals, 588 steps, improv/step: 0.289 (last = 0.0000), fitness=2.224940908
8832.36 secs, 687 evals, 589 steps, improv/step: 0.290 (last = 1.0000), fitness=2.224940908
8845.63 secs, 688 evals, 590 steps, improv/step: 0.292 (last = 1.0000), fitness=2.224940908
8858.20 secs, 689 evals, 591 steps, improv/step: 0.291 (last = 0.0000), fitness=2.224940908
8871.33 secs, 690 evals, 592 steps, improv/step: 0.292 (last = 1.0000), fitness=2.224940908
8884.59 secs, 691 evals, 593 steps, improv/step: 0.293 (last = 1.0000), fitness=2.224940908
8897.96 secs, 692 evals, 594 steps, improv/step: 0.295 (last = 1.0000), fitness=2.224940908
8911.39 secs, 693 evals, 595 steps, improv/step: 0.294 (last = 0.0000), fitness=2.224940908
8924.50 secs, 694 evals, 596 steps, improv/step: 0.295 (last = 1.0000), fitness=2.224940908
8937.95 secs, 695 evals, 597 steps, improv/step: 0.295 (last = 0.0000), fitness=2.224940908
8951.00 secs, 696 evals, 598 steps, improv/step: 0.296 (last = 1.0000), fitness=2.224940908
8963.54 secs, 697 evals, 599 steps, improv/step: 0.295 (last = 0.0000), fitness=2.224940908
8976.87 secs, 698 evals, 600 steps, improv/step: 0.295 (last = 0.0000), fitness=2.224940908
8989.97 secs, 699 evals, 601 steps, improv/step: 0.295 (last = 0.0000), fitness=2.224940908
9003.00 secs, 700 evals, 602 steps, improv/step: 0.294 (last = 0.0000), fitness=2.224940908
9015.20 secs, 701 evals, 603 steps, improv/step: 0.294 (last = 0.0000), fitness=2.224940908
9028.14 secs, 702 evals, 604 steps, improv/step: 0.295 (last = 1.0000), fitness=2.224940908
9041.39 secs, 703 evals, 605 steps, improv/step: 0.294 (last = 0.0000), fitness=2.224940908
9054.05 secs, 704 evals, 606 steps, improv/step: 0.294 (last = 0.0000), fitness=2.224940908
9066.58 secs, 705 evals, 607 steps, improv/step: 0.293 (last = 0.0000), fitness=2.224940908
9079.57 secs, 706 evals, 608 steps, improv/step: 0.293 (last = 0.0000), fitness=2.224940908
9091.88 secs, 707 evals, 609 steps, improv/step: 0.292 (last = 0.0000), fitness=2.224940908
9105.06 secs, 708 evals, 610 steps, improv/step: 0.292 (last = 0.0000), fitness=2.224940908
9118.46 secs, 709 evals, 611 steps, improv/step: 0.291 (last = 0.0000), fitness=2.224940908
9131.32 secs, 710 evals, 612 steps, improv/step: 0.291 (last = 0.0000), fitness=2.224940908
9144.67 secs, 711 evals, 613 steps, improv/step: 0.290 (last = 0.0000), fitness=2.224940908
9157.76 secs, 712 evals, 614 steps, improv/step: 0.292 (last = 1.0000), fitness=2.224940908
9170.90 secs, 713 evals, 615 steps, improv/step: 0.293 (last = 1.0000), fitness=2.224940908
9184.15 secs, 714 evals, 616 steps, improv/step: 0.292 (last = 0.0000), fitness=2.224940908
9197.23 secs, 715 evals, 617 steps, improv/step: 0.292 (last = 0.0000), fitness=2.224940908
9210.41 secs, 716 evals, 618 steps, improv/step: 0.291 (last = 0.0000), fitness=2.224940908
9222.84 secs, 717 evals, 619 steps, improv/step: 0.291 (last = 0.0000), fitness=2.224940908
9235.84 secs, 718 evals, 620 steps, improv/step: 0.290 (last = 0.0000), fitness=2.224940908
9248.56 secs, 719 evals, 621 steps, improv/step: 0.290 (last = 0.0000), fitness=2.224940908
9261.46 secs, 720 evals, 622 steps, improv/step: 0.291 (last = 1.0000), fitness=2.224940908
9274.55 secs, 721 evals, 623 steps, improv/step: 0.291 (last = 0.0000), fitness=2.224940908
9287.70 secs, 722 evals, 624 steps, improv/step: 0.290 (last = 0.0000), fitness=2.224940908
9300.35 secs, 723 evals, 625 steps, improv/step: 0.290 (last = 0.0000), fitness=2.224940908
9313.87 secs, 724 evals, 626 steps, improv/step: 0.289 (last = 0.0000), fitness=2.224940908
9327.24 secs, 725 evals, 627 steps, improv/step: 0.289 (last = 0.0000), fitness=2.224940908
9340.46 secs, 726 evals, 628 steps, improv/step: 0.288 (last = 0.0000), fitness=2.224940908
9353.30 secs, 727 evals, 629 steps, improv/step: 0.288 (last = 0.0000), fitness=2.224940908
9366.51 secs, 728 evals, 630 steps, improv/step: 0.287 (last = 0.0000), fitness=2.224940908
9379.52 secs, 729 evals, 631 steps, improv/step: 0.288 (last = 1.0000), fitness=2.224940908
9392.33 secs, 730 evals, 632 steps, improv/step: 0.290 (last = 1.0000), fitness=2.224940908
9405.57 secs, 731 evals, 633 steps, improv/step: 0.289 (last = 0.0000), fitness=2.224940908
9418.90 secs, 732 evals, 634 steps, improv/step: 0.289 (last = 0.0000), fitness=2.224940908
9432.08 secs, 733 evals, 635 steps, improv/step: 0.288 (last = 0.0000), fitness=2.224940908
9445.08 secs, 734 evals, 636 steps, improv/step: 0.288 (last = 0.0000), fitness=2.224940908
9458.04 secs, 735 evals, 637 steps, improv/step: 0.289 (last = 1.0000), fitness=2.224940908
9470.71 secs, 736 evals, 638 steps, improv/step: 0.288 (last = 0.0000), fitness=2.224940908
9483.82 secs, 737 evals, 639 steps, improv/step: 0.288 (last = 0.0000), fitness=2.224940908
9496.70 secs, 738 evals, 640 steps, improv/step: 0.287 (last = 0.0000), fitness=2.224940908
9509.55 secs, 739 evals, 641 steps, improv/step: 0.287 (last = 0.0000), fitness=2.224940908
9522.52 secs, 740 evals, 642 steps, improv/step: 0.287 (last = 0.0000), fitness=2.224940908
9535.79 secs, 741 evals, 643 steps, improv/step: 0.286 (last = 0.0000), fitness=2.224940908
9548.48 secs, 742 evals, 644 steps, improv/step: 0.286 (last = 0.0000), fitness=2.224940908
9561.37 secs, 743 evals, 645 steps, improv/step: 0.285 (last = 0.0000), fitness=2.224940908
9574.25 secs, 744 evals, 646 steps, improv/step: 0.285 (last = 0.0000), fitness=2.224940908
9587.34 secs, 745 evals, 647 steps, improv/step: 0.284 (last = 0.0000), fitness=2.224940908
9600.40 secs, 746 evals, 648 steps, improv/step: 0.284 (last = 0.0000), fitness=2.224940908
9613.43 secs, 747 evals, 649 steps, improv/step: 0.284 (last = 0.0000), fitness=2.224940908
9626.63 secs, 748 evals, 650 steps, improv/step: 0.283 (last = 0.0000), fitness=2.224940908
9639.73 secs, 749 evals, 651 steps, improv/step: 0.283 (last = 0.0000), fitness=2.224940908
9653.10 secs, 750 evals, 652 steps, improv/step: 0.282 (last = 0.0000), fitness=2.224940908
9666.32 secs, 751 evals, 653 steps, improv/step: 0.282 (last = 0.0000), fitness=2.224940908
9679.13 secs, 752 evals, 654 steps, improv/step: 0.281 (last = 0.0000), fitness=2.224940908
9691.00 secs, 753 evals, 655 steps, improv/step: 0.281 (last = 0.0000), fitness=2.224940908
9704.29 secs, 754 evals, 656 steps, improv/step: 0.280 (last = 0.0000), fitness=2.224940908
9717.13 secs, 755 evals, 657 steps, improv/step: 0.280 (last = 0.0000), fitness=2.224940908
9729.98 secs, 756 evals, 658 steps, improv/step: 0.280 (last = 0.0000), fitness=2.224940908
9743.16 secs, 757 evals, 659 steps, improv/step: 0.279 (last = 0.0000), fitness=2.224940908
9756.29 secs, 758 evals, 660 steps, improv/step: 0.279 (last = 0.0000), fitness=2.224940908
9769.28 secs, 759 evals, 661 steps, improv/step: 0.278 (last = 0.0000), fitness=2.224940908
9781.72 secs, 760 evals, 662 steps, improv/step: 0.278 (last = 0.0000), fitness=2.224940908
9794.38 secs, 761 evals, 663 steps, improv/step: 0.278 (last = 0.0000), fitness=2.224940908
9806.66 secs, 762 evals, 664 steps, improv/step: 0.277 (last = 0.0000), fitness=2.224940908
9819.86 secs, 763 evals, 665 steps, improv/step: 0.277 (last = 0.0000), fitness=2.224940908
9832.84 secs, 764 evals, 666 steps, improv/step: 0.276 (last = 0.0000), fitness=2.224940908
9845.61 secs, 765 evals, 667 steps, improv/step: 0.276 (last = 0.0000), fitness=2.224940908
9858.64 secs, 766 evals, 668 steps, improv/step: 0.275 (last = 0.0000), fitness=2.224940908
9871.79 secs, 767 evals, 669 steps, improv/step: 0.275 (last = 0.0000), fitness=2.224940908
9884.63 secs, 768 evals, 670 steps, improv/step: 0.275 (last = 0.0000), fitness=2.224940908
9895.97 secs, 769 evals, 671 steps, improv/step: 0.274 (last = 0.0000), fitness=2.224940908
9908.75 secs, 770 evals, 672 steps, improv/step: 0.274 (last = 0.0000), fitness=2.224940908
9921.63 secs, 771 evals, 673 steps, improv/step: 0.275 (last = 1.0000), fitness=2.224940908
9934.83 secs, 772 evals, 674 steps, improv/step: 0.274 (last = 0.0000), fitness=2.224940908
9947.80 secs, 773 evals, 675 steps, improv/step: 0.274 (last = 0.0000), fitness=2.224940908
9960.80 secs, 774 evals, 676 steps, improv/step: 0.275 (last = 1.0000), fitness=2.224940908
9973.80 secs, 775 evals, 677 steps, improv/step: 0.276 (last = 1.0000), fitness=2.224940908
9987.07 secs, 776 evals, 678 steps, improv/step: 0.276 (last = 0.0000), fitness=2.224940908
10000.32 secs, 777 evals, 679 steps, improv/step: 0.275 (last = 0.0000), fitness=2.224940908
10013.02 secs, 778 evals, 680 steps, improv/step: 0.276 (last = 1.0000), fitness=2.224940908
10025.62 secs, 779 evals, 681 steps, improv/step: 0.276 (last = 0.0000), fitness=2.224940908
10038.29 secs, 780 evals, 682 steps, improv/step: 0.276 (last = 0.0000), fitness=2.224940908
10051.51 secs, 781 evals, 683 steps, improv/step: 0.275 (last = 0.0000), fitness=2.224940908
10064.74 secs, 782 evals, 684 steps, improv/step: 0.275 (last = 0.0000), fitness=2.224940908
10077.71 secs, 783 evals, 685 steps, improv/step: 0.276 (last = 1.0000), fitness=2.224940908
10090.63 secs, 784 evals, 686 steps, improv/step: 0.277 (last = 1.0000), fitness=2.224940908
10103.59 secs, 785 evals, 687 steps, improv/step: 0.277 (last = 0.0000), fitness=2.224940908
10116.33 secs, 786 evals, 688 steps, improv/step: 0.276 (last = 0.0000), fitness=2.224940908
10129.32 secs, 787 evals, 689 steps, improv/step: 0.276 (last = 0.0000), fitness=2.224940908
10142.03 secs, 788 evals, 690 steps, improv/step: 0.277 (last = 1.0000), fitness=2.224940908
10155.14 secs, 789 evals, 691 steps, improv/step: 0.276 (last = 0.0000), fitness=2.224940908
10167.81 secs, 790 evals, 692 steps, improv/step: 0.276 (last = 0.0000), fitness=2.224940908
10180.70 secs, 791 evals, 693 steps, improv/step: 0.276 (last = 0.0000), fitness=2.224940908
10193.18 secs, 792 evals, 694 steps, improv/step: 0.275 (last = 0.0000), fitness=2.224940908
10206.11 secs, 793 evals, 695 steps, improv/step: 0.275 (last = 0.0000), fitness=2.224940908
10219.28 secs, 794 evals, 696 steps, improv/step: 0.274 (last = 0.0000), fitness=2.224940908
10231.85 secs, 795 evals, 697 steps, improv/step: 0.274 (last = 0.0000), fitness=2.224940908
10244.91 secs, 796 evals, 698 steps, improv/step: 0.275 (last = 1.0000), fitness=2.224940908
10257.93 secs, 797 evals, 699 steps, improv/step: 0.276 (last = 1.0000), fitness=2.224940908
10271.10 secs, 798 evals, 700 steps, improv/step: 0.276 (last = 0.0000), fitness=2.224940908
10284.14 secs, 799 evals, 701 steps, improv/step: 0.277 (last = 1.0000), fitness=2.224940908
10297.24 secs, 800 evals, 702 steps, improv/step: 0.276 (last = 0.0000), fitness=2.224940908
10309.89 secs, 801 evals, 703 steps, improv/step: 0.276 (last = 0.0000), fitness=2.224940908
10323.01 secs, 802 evals, 704 steps, improv/step: 0.276 (last = 0.0000), fitness=2.224940908
10336.03 secs, 803 evals, 705 steps, improv/step: 0.275 (last = 0.0000), fitness=2.224940908
10349.18 secs, 804 evals, 706 steps, improv/step: 0.276 (last = 1.0000), fitness=2.224940908
10362.05 secs, 805 evals, 707 steps, improv/step: 0.276 (last = 0.0000), fitness=2.224940908
10375.28 secs, 806 evals, 708 steps, improv/step: 0.275 (last = 0.0000), fitness=2.224940908
10388.17 secs, 807 evals, 709 steps, improv/step: 0.276 (last = 1.0000), fitness=2.224940908
10401.17 secs, 808 evals, 710 steps, improv/step: 0.277 (last = 1.0000), fitness=2.224940908
10414.53 secs, 809 evals, 711 steps, improv/step: 0.277 (last = 0.0000), fitness=2.224940908
10427.46 secs, 810 evals, 712 steps, improv/step: 0.277 (last = 0.0000), fitness=2.224940908
10440.04 secs, 811 evals, 713 steps, improv/step: 0.276 (last = 0.0000), fitness=2.224940908
10452.81 secs, 812 evals, 714 steps, improv/step: 0.276 (last = 0.0000), fitness=2.224940908
10465.83 secs, 813 evals, 715 steps, improv/step: 0.276 (last = 0.0000), fitness=2.224940908
10478.95 secs, 814 evals, 716 steps, improv/step: 0.277 (last = 1.0000), fitness=2.224940908
10491.98 secs, 815 evals, 717 steps, improv/step: 0.276 (last = 0.0000), fitness=2.224940908
10505.08 secs, 816 evals, 718 steps, improv/step: 0.276 (last = 0.0000), fitness=2.224940908
10518.13 secs, 817 evals, 719 steps, improv/step: 0.277 (last = 1.0000), fitness=2.224940908
10531.30 secs, 818 evals, 720 steps, improv/step: 0.276 (last = 0.0000), fitness=2.224940908
10544.43 secs, 819 evals, 721 steps, improv/step: 0.276 (last = 0.0000), fitness=2.224940908
10557.40 secs, 820 evals, 722 steps, improv/step: 0.277 (last = 1.0000), fitness=2.224940908
10570.70 secs, 821 evals, 723 steps, improv/step: 0.277 (last = 0.0000), fitness=2.224940908
10584.07 secs, 822 evals, 724 steps, improv/step: 0.276 (last = 0.0000), fitness=2.224940908
10596.83 secs, 823 evals, 725 steps, improv/step: 0.277 (last = 1.0000), fitness=2.224940908
10609.63 secs, 824 evals, 726 steps, improv/step: 0.277 (last = 0.0000), fitness=2.224940908
10622.90 secs, 825 evals, 727 steps, improv/step: 0.276 (last = 0.0000), fitness=2.224940908
10635.86 secs, 826 evals, 728 steps, improv/step: 0.277 (last = 1.0000), fitness=2.224940908
10648.82 secs, 827 evals, 729 steps, improv/step: 0.277 (last = 0.0000), fitness=2.224940908
10662.01 secs, 828 evals, 730 steps, improv/step: 0.277 (last = 0.0000), fitness=2.224940908
10675.02 secs, 829 evals, 731 steps, improv/step: 0.276 (last = 0.0000), fitness=2.224940908
10687.95 secs, 830 evals, 732 steps, improv/step: 0.276 (last = 0.0000), fitness=2.224940908
10700.80 secs, 831 evals, 733 steps, improv/step: 0.276 (last = 0.0000), fitness=2.224940908
10713.30 secs, 832 evals, 734 steps, improv/step: 0.275 (last = 0.0000), fitness=2.224940908
10726.46 secs, 833 evals, 735 steps, improv/step: 0.275 (last = 0.0000), fitness=2.224940908
10739.82 secs, 834 evals, 736 steps, improv/step: 0.274 (last = 0.0000), fitness=2.224940908
10752.24 secs, 835 evals, 737 steps, improv/step: 0.274 (last = 0.0000), fitness=2.224940908
10764.97 secs, 836 evals, 738 steps, improv/step: 0.274 (last = 0.0000), fitness=2.224940908
10777.70 secs, 837 evals, 739 steps, improv/step: 0.273 (last = 0.0000), fitness=2.224940908
10790.84 secs, 838 evals, 740 steps, improv/step: 0.274 (last = 1.0000), fitness=2.224940908

Optimization stopped after 741 steps and 10803.68 seconds
Termination reason: Max time (10800.0 s) reached
Steps per second = 0.07
Function evals per second = 0.08
Improvements/step = Inf
Total function evaluations = 839


Best candidate found: [0.348351, 0.771734]

Fitness: 2.224940908

