N_Jobs_Total: 144
Starting optimization with optimizer DiffEvoOpt{FitPopulation{Float64}, RadiusLimitedSelector, BlackBoxOptim.AdaptiveDiffEvoRandBin{3}, RandomBound{ContinuousRectSearchSpace}}
0.00 secs, 0 evals, 0 steps
354.82 secs, 2 evals, 1 steps, fitness=10.898240850
714.84 secs, 4 evals, 2 steps, fitness=10.898240850
1059.67 secs, 6 evals, 3 steps, improv/step: 0.333 (last = 1.0000), fitness=10.898240850
1404.93 secs, 8 evals, 4 steps, improv/step: 0.500 (last = 1.0000), fitness=10.898240850
1716.66 secs, 10 evals, 5 steps, improv/step: 0.400 (last = 0.0000), fitness=1.271036053
2060.63 secs, 12 evals, 6 steps, improv/step: 0.500 (last = 1.0000), fitness=1.271036053
2244.28 secs, 14 evals, 7 steps, improv/step: 0.429 (last = 0.0000), fitness=1.271036053
2577.66 secs, 16 evals, 8 steps, improv/step: 0.375 (last = 0.0000), fitness=1.271036053
2911.11 secs, 18 evals, 9 steps, improv/step: 0.333 (last = 0.0000), fitness=1.271036053
3264.21 secs, 20 evals, 10 steps, improv/step: 0.400 (last = 1.0000), fitness=1.271036053
3480.11 secs, 22 evals, 11 steps, improv/step: 0.364 (last = 0.0000), fitness=1.271036053
3802.75 secs, 24 evals, 12 steps, improv/step: 0.333 (last = 0.0000), fitness=1.271036053
4042.04 secs, 26 evals, 13 steps, improv/step: 0.385 (last = 1.0000), fitness=1.271036053
4227.58 secs, 28 evals, 14 steps, improv/step: 0.357 (last = 0.0000), fitness=1.271036053
4563.55 secs, 30 evals, 15 steps, improv/step: 0.400 (last = 1.0000), fitness=1.271036053
4784.90 secs, 32 evals, 16 steps, improv/step: 0.375 (last = 0.0000), fitness=1.271036053
5054.86 secs, 34 evals, 17 steps, improv/step: 0.412 (last = 1.0000), fitness=1.271036053
5377.14 secs, 36 evals, 18 steps, improv/step: 0.389 (last = 0.0000), fitness=1.271036053
5561.85 secs, 38 evals, 19 steps, improv/step: 0.368 (last = 0.0000), fitness=1.271036053
5868.09 secs, 40 evals, 20 steps, improv/step: 0.350 (last = 0.0000), fitness=1.271036053
6172.90 secs, 42 evals, 21 steps, improv/step: 0.381 (last = 1.0000), fitness=1.271036053
6317.61 secs, 43 evals, 22 steps, improv/step: 0.364 (last = 0.0000), fitness=1.271036053
6457.23 secs, 45 evals, 23 steps, improv/step: 0.391 (last = 1.0000), fitness=1.271036053
6615.22 secs, 46 evals, 24 steps, improv/step: 0.375 (last = 0.0000), fitness=1.271036053
6937.42 secs, 48 evals, 25 steps, improv/step: 0.360 (last = 0.0000), fitness=1.271036053
7221.22 secs, 50 evals, 26 steps, improv/step: 0.346 (last = 0.0000), fitness=1.240753997
7381.49 secs, 51 evals, 27 steps, improv/step: 0.333 (last = 0.0000), fitness=1.240753997
7689.36 secs, 53 evals, 28 steps, improv/step: 0.357 (last = 1.0000), fitness=1.240753997
7990.19 secs, 55 evals, 29 steps, improv/step: 0.345 (last = 0.0000), fitness=1.240753997
8300.14 secs, 57 evals, 30 steps, improv/step: 0.367 (last = 1.0000), fitness=1.240753997
8613.47 secs, 59 evals, 31 steps, improv/step: 0.387 (last = 1.0000), fitness=1.240753997
8929.18 secs, 61 evals, 32 steps, improv/step: 0.375 (last = 0.0000), fitness=1.240753997
9182.26 secs, 63 evals, 33 steps, improv/step: 0.364 (last = 0.0000), fitness=1.240753997
9343.17 secs, 64 evals, 34 steps, improv/step: 0.353 (last = 0.0000), fitness=1.240753997
9654.95 secs, 66 evals, 35 steps, improv/step: 0.343 (last = 0.0000), fitness=1.240753997
9809.67 secs, 67 evals, 36 steps, improv/step: 0.333 (last = 0.0000), fitness=1.240753997
10124.71 secs, 69 evals, 37 steps, improv/step: 0.351 (last = 1.0000), fitness=1.240753997
10333.88 secs, 71 evals, 38 steps, improv/step: 0.342 (last = 0.0000), fitness=1.240753997
10487.36 secs, 72 evals, 39 steps, improv/step: 0.359 (last = 1.0000), fitness=1.240753997

Optimization stopped after 40 steps and 10807.28 seconds
Termination reason: Max time (10800.0 s) reached
Steps per second = 0.00
Function evals per second = 0.01
Improvements/step = Inf
Total function evaluations = 74


Best candidate found: [0.369901, 0.878801]

Fitness: 1.240753997

