N_Jobs_Total: 144
Starting optimization with optimizer DiffEvoOpt{FitPopulation{Float64}, RadiusLimitedSelector, BlackBoxOptim.AdaptiveDiffEvoRandBin{3}, RandomBound{ContinuousRectSearchSpace}}
0.00 secs, 0 evals, 0 steps
214.71 secs, 2 evals, 1 steps, fitness=8.791491701
427.29 secs, 4 evals, 2 steps, improv/step: 0.500 (last = 1.0000), fitness=8.791491701
622.04 secs, 6 evals, 3 steps, improv/step: 0.667 (last = 1.0000), fitness=8.791491701
782.07 secs, 8 evals, 4 steps, improv/step: 0.750 (last = 1.0000), fitness=8.791491701
1015.72 secs, 10 evals, 5 steps, improv/step: 0.800 (last = 1.0000), fitness=8.791491701
1228.77 secs, 12 evals, 6 steps, improv/step: 0.667 (last = 0.0000), fitness=5.635992559
1422.27 secs, 14 evals, 7 steps, improv/step: 0.571 (last = 0.0000), fitness=5.635992559
1628.77 secs, 16 evals, 8 steps, improv/step: 0.625 (last = 1.0000), fitness=5.635992559
1853.73 secs, 18 evals, 9 steps, improv/step: 0.556 (last = 0.0000), fitness=5.635992559
2068.01 secs, 20 evals, 10 steps, improv/step: 0.500 (last = 0.0000), fitness=5.635992559
2273.42 secs, 22 evals, 11 steps, improv/step: 0.545 (last = 1.0000), fitness=5.635992559
2436.35 secs, 24 evals, 12 steps, improv/step: 0.583 (last = 1.0000), fitness=5.635992559
2631.05 secs, 26 evals, 13 steps, improv/step: 0.615 (last = 1.0000), fitness=5.635992559
2728.31 secs, 27 evals, 14 steps, improv/step: 0.571 (last = 0.0000), fitness=5.635992559
2835.37 secs, 28 evals, 15 steps, improv/step: 0.533 (last = 0.0000), fitness=5.635992559
3051.45 secs, 30 evals, 16 steps, improv/step: 0.500 (last = 0.0000), fitness=5.635992559
3251.88 secs, 32 evals, 17 steps, improv/step: 0.529 (last = 1.0000), fitness=5.635992559
3397.59 secs, 34 evals, 18 steps, improv/step: 0.500 (last = 0.0000), fitness=5.635992559
3592.60 secs, 36 evals, 19 steps, improv/step: 0.526 (last = 1.0000), fitness=5.635992559
3796.60 secs, 38 evals, 20 steps, improv/step: 0.500 (last = 0.0000), fitness=5.635992559
3950.46 secs, 40 evals, 21 steps, improv/step: 0.524 (last = 1.0000), fitness=5.460092218
4096.89 secs, 42 evals, 22 steps, improv/step: 0.545 (last = 1.0000), fitness=5.460092218
4184.86 secs, 43 evals, 23 steps, improv/step: 0.565 (last = 1.0000), fitness=3.435612131
4392.30 secs, 45 evals, 24 steps, improv/step: 0.542 (last = 0.0000), fitness=3.435612131
4590.11 secs, 47 evals, 25 steps, improv/step: 0.520 (last = 0.0000), fitness=3.435612131
4671.77 secs, 49 evals, 26 steps, improv/step: 0.500 (last = 0.0000), fitness=3.435612131
4890.16 secs, 51 evals, 27 steps, improv/step: 0.519 (last = 1.0000), fitness=3.435612131
4992.74 secs, 52 evals, 28 steps, improv/step: 0.536 (last = 1.0000), fitness=3.435612131
5144.67 secs, 54 evals, 29 steps, improv/step: 0.517 (last = 0.0000), fitness=3.435612131
5347.19 secs, 56 evals, 30 steps, improv/step: 0.500 (last = 0.0000), fitness=3.435612131
5545.79 secs, 58 evals, 31 steps, improv/step: 0.484 (last = 0.0000), fitness=3.435612131
5741.47 secs, 60 evals, 32 steps, improv/step: 0.469 (last = 0.0000), fitness=3.435612131
5851.60 secs, 61 evals, 33 steps, improv/step: 0.455 (last = 0.0000), fitness=3.435612131
6032.88 secs, 63 evals, 34 steps, improv/step: 0.441 (last = 0.0000), fitness=2.969809275
6220.79 secs, 65 evals, 35 steps, improv/step: 0.457 (last = 1.0000), fitness=2.969809275
6420.56 secs, 67 evals, 36 steps, improv/step: 0.444 (last = 0.0000), fitness=2.969809275
6560.61 secs, 69 evals, 37 steps, improv/step: 0.459 (last = 1.0000), fitness=2.969809275
6762.62 secs, 71 evals, 38 steps, improv/step: 0.447 (last = 0.0000), fitness=2.969809275
6925.24 secs, 73 evals, 39 steps, improv/step: 0.436 (last = 0.0000), fitness=2.969809275
7119.44 secs, 75 evals, 40 steps, improv/step: 0.425 (last = 0.0000), fitness=2.969809275
7295.66 secs, 77 evals, 41 steps, improv/step: 0.415 (last = 0.0000), fitness=2.969809275
7496.83 secs, 79 evals, 42 steps, improv/step: 0.429 (last = 1.0000), fitness=2.969809275
7703.91 secs, 81 evals, 43 steps, improv/step: 0.419 (last = 0.0000), fitness=2.969809275
7792.96 secs, 82 evals, 44 steps, improv/step: 0.432 (last = 1.0000), fitness=2.969809275
7927.65 secs, 84 evals, 45 steps, improv/step: 0.422 (last = 0.0000), fitness=2.969809275
8135.82 secs, 86 evals, 46 steps, improv/step: 0.413 (last = 0.0000), fitness=2.969809275
8226.98 secs, 87 evals, 47 steps, improv/step: 0.426 (last = 1.0000), fitness=2.969809275
8442.97 secs, 89 evals, 48 steps, improv/step: 0.438 (last = 1.0000), fitness=2.969809275
8524.03 secs, 90 evals, 49 steps, improv/step: 0.449 (last = 1.0000), fitness=2.705004839
8556.66 secs, 91 evals, 50 steps, improv/step: 0.440 (last = 0.0000), fitness=2.705004839
8662.85 secs, 92 evals, 51 steps, improv/step: 0.431 (last = 0.0000), fitness=2.705004839
8760.20 secs, 93 evals, 52 steps, improv/step: 0.423 (last = 0.0000), fitness=2.705004839
8956.11 secs, 95 evals, 53 steps, improv/step: 0.434 (last = 1.0000), fitness=2.705004839
9162.53 secs, 97 evals, 54 steps, improv/step: 0.426 (last = 0.0000), fitness=2.705004839
9349.39 secs, 99 evals, 55 steps, improv/step: 0.418 (last = 0.0000), fitness=2.705004839
9451.18 secs, 100 evals, 56 steps, improv/step: 0.429 (last = 1.0000), fitness=2.705004839
9532.29 secs, 101 evals, 57 steps, improv/step: 0.421 (last = 0.0000), fitness=2.705004839
9611.28 secs, 102 evals, 58 steps, improv/step: 0.431 (last = 1.0000), fitness=2.705004839
9824.14 secs, 104 evals, 59 steps, improv/step: 0.424 (last = 0.0000), fitness=2.705004839
10034.07 secs, 106 evals, 60 steps, improv/step: 0.417 (last = 0.0000), fitness=2.705004839
10130.58 secs, 107 evals, 61 steps, improv/step: 0.410 (last = 0.0000), fitness=2.705004839
10309.97 secs, 109 evals, 62 steps, improv/step: 0.403 (last = 0.0000), fitness=2.705004839
10418.40 secs, 110 evals, 63 steps, improv/step: 0.397 (last = 0.0000), fitness=2.705004839
10563.26 secs, 112 evals, 64 steps, improv/step: 0.406 (last = 1.0000), fitness=2.705004839
10713.60 secs, 114 evals, 65 steps, improv/step: 0.400 (last = 0.0000), fitness=2.705004839

Optimization stopped after 66 steps and 10853.91 seconds
Termination reason: Max time (10800.0 s) reached
Steps per second = 0.01
Function evals per second = 0.01
Improvements/step = Inf
Total function evaluations = 116


Best candidate found: [0.303524, 0.849702]

Fitness: 2.705004839

