N_Jobs_Total: 144
Starting optimization with optimizer DiffEvoOpt{FitPopulation{Float64}, RadiusLimitedSelector, BlackBoxOptim.AdaptiveDiffEvoRandBin{3}, RandomBound{ContinuousRectSearchSpace}}
0.00 secs, 0 evals, 0 steps
23.49 secs, 2 evals, 1 steps, improv/step: 1.000 (last = 1.0000), fitness=50.813969061
52.12 secs, 4 evals, 2 steps, improv/step: 0.500 (last = 0.0000), fitness=3.450764953
79.75 secs, 6 evals, 3 steps, improv/step: 0.333 (last = 0.0000), fitness=3.450764953
108.37 secs, 8 evals, 4 steps, improv/step: 0.250 (last = 0.0000), fitness=3.387619313
136.77 secs, 10 evals, 5 steps, improv/step: 0.400 (last = 1.0000), fitness=3.387619313
165.45 secs, 12 evals, 6 steps, improv/step: 0.333 (last = 0.0000), fitness=3.068524313
192.89 secs, 14 evals, 7 steps, improv/step: 0.429 (last = 1.0000), fitness=3.068524313
203.91 secs, 16 evals, 8 steps, improv/step: 0.375 (last = 0.0000), fitness=3.068524313
222.57 secs, 18 evals, 9 steps, improv/step: 0.333 (last = 0.0000), fitness=3.068524313
251.11 secs, 20 evals, 10 steps, improv/step: 0.300 (last = 0.0000), fitness=3.068524313
276.30 secs, 22 evals, 11 steps, improv/step: 0.364 (last = 1.0000), fitness=3.068524313
302.84 secs, 24 evals, 12 steps, improv/step: 0.333 (last = 0.0000), fitness=3.068524313
317.14 secs, 25 evals, 13 steps, improv/step: 0.308 (last = 0.0000), fitness=3.068524313
345.19 secs, 27 evals, 14 steps, improv/step: 0.357 (last = 1.0000), fitness=3.068524313
373.44 secs, 29 evals, 15 steps, improv/step: 0.333 (last = 0.0000), fitness=2.835361536
401.76 secs, 31 evals, 16 steps, improv/step: 0.375 (last = 1.0000), fitness=2.835361536
429.64 secs, 33 evals, 17 steps, improv/step: 0.353 (last = 0.0000), fitness=2.835361536
458.25 secs, 35 evals, 18 steps, improv/step: 0.389 (last = 1.0000), fitness=2.835361536
472.65 secs, 36 evals, 19 steps, improv/step: 0.368 (last = 0.0000), fitness=2.835361536
483.59 secs, 37 evals, 20 steps, improv/step: 0.350 (last = 0.0000), fitness=2.835361536
511.56 secs, 39 evals, 21 steps, improv/step: 0.381 (last = 1.0000), fitness=2.835361536
516.22 secs, 40 evals, 22 steps, improv/step: 0.364 (last = 0.0000), fitness=2.835361536
530.14 secs, 41 evals, 23 steps, improv/step: 0.348 (last = 0.0000), fitness=2.835361536
544.44 secs, 42 evals, 24 steps, improv/step: 0.333 (last = 0.0000), fitness=2.835361536
570.31 secs, 44 evals, 25 steps, improv/step: 0.360 (last = 1.0000), fitness=2.835361536
588.75 secs, 46 evals, 26 steps, improv/step: 0.346 (last = 0.0000), fitness=2.835361536
615.59 secs, 48 evals, 27 steps, improv/step: 0.370 (last = 1.0000), fitness=2.835361536
642.36 secs, 50 evals, 28 steps, improv/step: 0.357 (last = 0.0000), fitness=2.835361536
656.56 secs, 51 evals, 29 steps, improv/step: 0.379 (last = 1.0000), fitness=2.835361536
684.62 secs, 53 evals, 30 steps, improv/step: 0.400 (last = 1.0000), fitness=2.835361536
713.10 secs, 55 evals, 31 steps, improv/step: 0.387 (last = 0.0000), fitness=2.835361536
740.61 secs, 57 evals, 32 steps, improv/step: 0.375 (last = 0.0000), fitness=2.835361536
769.11 secs, 59 evals, 33 steps, improv/step: 0.394 (last = 1.0000), fitness=2.835361536
797.71 secs, 61 evals, 34 steps, improv/step: 0.382 (last = 0.0000), fitness=2.835361536
804.48 secs, 62 evals, 35 steps, improv/step: 0.371 (last = 0.0000), fitness=2.835361536
818.26 secs, 64 evals, 36 steps, improv/step: 0.389 (last = 1.0000), fitness=2.835361536
827.84 secs, 66 evals, 37 steps, improv/step: 0.378 (last = 0.0000), fitness=2.835361536
844.63 secs, 68 evals, 38 steps, improv/step: 0.395 (last = 1.0000), fitness=2.835361536
872.33 secs, 70 evals, 39 steps, improv/step: 0.410 (last = 1.0000), fitness=2.835361536
886.64 secs, 71 evals, 40 steps, improv/step: 0.425 (last = 1.0000), fitness=2.835361536
911.77 secs, 73 evals, 41 steps, improv/step: 0.439 (last = 1.0000), fitness=2.835361536
926.03 secs, 74 evals, 42 steps, improv/step: 0.452 (last = 1.0000), fitness=2.835361536
953.26 secs, 76 evals, 43 steps, improv/step: 0.465 (last = 1.0000), fitness=2.835361536
967.34 secs, 77 evals, 44 steps, improv/step: 0.477 (last = 1.0000), fitness=2.835361536
995.00 secs, 79 evals, 45 steps, improv/step: 0.467 (last = 0.0000), fitness=2.835361536
1023.32 secs, 81 evals, 46 steps, improv/step: 0.457 (last = 0.0000), fitness=2.835361536
1048.65 secs, 83 evals, 47 steps, improv/step: 0.447 (last = 0.0000), fitness=2.835361536
1073.20 secs, 85 evals, 48 steps, improv/step: 0.458 (last = 1.0000), fitness=2.835361536
1089.14 secs, 87 evals, 49 steps, improv/step: 0.469 (last = 1.0000), fitness=2.835361536
1103.38 secs, 88 evals, 50 steps, improv/step: 0.480 (last = 1.0000), fitness=2.835361536
1126.86 secs, 90 evals, 51 steps, improv/step: 0.490 (last = 1.0000), fitness=2.835361536
1141.02 secs, 91 evals, 52 steps, improv/step: 0.500 (last = 1.0000), fitness=2.835361536
1169.25 secs, 93 evals, 53 steps, improv/step: 0.509 (last = 1.0000), fitness=2.835361536
1197.17 secs, 95 evals, 54 steps, improv/step: 0.519 (last = 1.0000), fitness=2.835361536
1225.81 secs, 97 evals, 55 steps, improv/step: 0.509 (last = 0.0000), fitness=2.835361536
1253.46 secs, 99 evals, 56 steps, improv/step: 0.518 (last = 1.0000), fitness=2.835361536
1265.82 secs, 100 evals, 57 steps, improv/step: 0.509 (last = 0.0000), fitness=2.835361536
1294.10 secs, 102 evals, 58 steps, improv/step: 0.500 (last = 0.0000), fitness=2.835361536
1322.42 secs, 104 evals, 59 steps, improv/step: 0.508 (last = 1.0000), fitness=2.835361536
1350.67 secs, 106 evals, 60 steps, improv/step: 0.517 (last = 1.0000), fitness=2.835361536
1363.54 secs, 107 evals, 61 steps, improv/step: 0.508 (last = 0.0000), fitness=2.835361536
1391.22 secs, 109 evals, 62 steps, improv/step: 0.500 (last = 0.0000), fitness=2.835361536
1405.30 secs, 110 evals, 63 steps, improv/step: 0.508 (last = 1.0000), fitness=2.835361536
1433.96 secs, 112 evals, 64 steps, improv/step: 0.500 (last = 0.0000), fitness=2.835361536
1460.01 secs, 114 evals, 65 steps, improv/step: 0.508 (last = 1.0000), fitness=2.835361536
1474.35 secs, 115 evals, 66 steps, improv/step: 0.515 (last = 1.0000), fitness=2.835361536
1480.22 secs, 116 evals, 67 steps, improv/step: 0.507 (last = 0.0000), fitness=2.835361536
1494.52 secs, 117 evals, 68 steps, improv/step: 0.500 (last = 0.0000), fitness=2.835361536
1523.17 secs, 119 evals, 69 steps, improv/step: 0.493 (last = 0.0000), fitness=2.835361536
1547.44 secs, 121 evals, 70 steps, improv/step: 0.500 (last = 1.0000), fitness=2.835361536
1575.92 secs, 123 evals, 71 steps, improv/step: 0.493 (last = 0.0000), fitness=2.835361536
1589.79 secs, 124 evals, 72 steps, improv/step: 0.486 (last = 0.0000), fitness=2.835361536
1603.66 secs, 125 evals, 73 steps, improv/step: 0.493 (last = 1.0000), fitness=2.835361536
1617.90 secs, 126 evals, 74 steps, improv/step: 0.500 (last = 1.0000), fitness=2.835361536
1632.11 secs, 127 evals, 75 steps, improv/step: 0.493 (last = 0.0000), fitness=2.835361536
1645.91 secs, 128 evals, 76 steps, improv/step: 0.487 (last = 0.0000), fitness=2.835361536
1660.22 secs, 129 evals, 77 steps, improv/step: 0.494 (last = 1.0000), fitness=2.835361536
1674.48 secs, 130 evals, 78 steps, improv/step: 0.487 (last = 0.0000), fitness=2.835361536
1687.82 secs, 131 evals, 79 steps, improv/step: 0.481 (last = 0.0000), fitness=2.835361536
1715.80 secs, 133 evals, 80 steps, improv/step: 0.475 (last = 0.0000), fitness=2.835361536
1730.06 secs, 134 evals, 81 steps, improv/step: 0.481 (last = 1.0000), fitness=2.835361536
1758.36 secs, 136 evals, 82 steps, improv/step: 0.488 (last = 1.0000), fitness=2.835361536
1771.39 secs, 137 evals, 83 steps, improv/step: 0.482 (last = 0.0000), fitness=2.835361536
1798.39 secs, 139 evals, 84 steps, improv/step: 0.488 (last = 1.0000), fitness=2.835361536
1812.78 secs, 140 evals, 85 steps, improv/step: 0.494 (last = 1.0000), fitness=2.835361536
1827.09 secs, 141 evals, 86 steps, improv/step: 0.500 (last = 1.0000), fitness=2.835361536
1838.85 secs, 142 evals, 87 steps, improv/step: 0.494 (last = 0.0000), fitness=2.835361536
1867.20 secs, 144 evals, 88 steps, improv/step: 0.500 (last = 1.0000), fitness=2.835361536
1883.91 secs, 146 evals, 89 steps, improv/step: 0.506 (last = 1.0000), fitness=2.835361536
1898.04 secs, 147 evals, 90 steps, improv/step: 0.511 (last = 1.0000), fitness=2.835361536
1926.56 secs, 149 evals, 91 steps, improv/step: 0.505 (last = 0.0000), fitness=2.835361536
1940.74 secs, 150 evals, 92 steps, improv/step: 0.511 (last = 1.0000), fitness=2.835361536
1954.84 secs, 151 evals, 93 steps, improv/step: 0.505 (last = 0.0000), fitness=2.835361536
1969.18 secs, 152 evals, 94 steps, improv/step: 0.511 (last = 1.0000), fitness=2.835361536
1997.78 secs, 154 evals, 95 steps, improv/step: 0.505 (last = 0.0000), fitness=2.835361536
2008.16 secs, 155 evals, 96 steps, improv/step: 0.510 (last = 1.0000), fitness=2.835361536
2016.50 secs, 156 evals, 97 steps, improv/step: 0.505 (last = 0.0000), fitness=2.835361536
2044.77 secs, 158 evals, 98 steps, improv/step: 0.500 (last = 0.0000), fitness=2.835361536
2055.75 secs, 159 evals, 99 steps, improv/step: 0.495 (last = 0.0000), fitness=2.835361536
2069.90 secs, 160 evals, 100 steps, improv/step: 0.500 (last = 1.0000), fitness=2.835361536
2084.08 secs, 161 evals, 101 steps, improv/step: 0.495 (last = 0.0000), fitness=2.835361536
2098.17 secs, 162 evals, 102 steps, improv/step: 0.490 (last = 0.0000), fitness=2.835361536
2112.35 secs, 163 evals, 103 steps, improv/step: 0.495 (last = 1.0000), fitness=2.835361536
2140.90 secs, 165 evals, 104 steps, improv/step: 0.500 (last = 1.0000), fitness=2.835361536
2168.81 secs, 167 evals, 105 steps, improv/step: 0.495 (last = 0.0000), fitness=2.835361536
2182.64 secs, 168 evals, 106 steps, improv/step: 0.500 (last = 1.0000), fitness=2.835361536
2193.18 secs, 169 evals, 107 steps, improv/step: 0.495 (last = 0.0000), fitness=2.835361536
2203.47 secs, 170 evals, 108 steps, improv/step: 0.491 (last = 0.0000), fitness=2.835361536
2217.66 secs, 171 evals, 109 steps, improv/step: 0.486 (last = 0.0000), fitness=2.835361536
2231.98 secs, 172 evals, 110 steps, improv/step: 0.491 (last = 1.0000), fitness=2.835361536
2260.63 secs, 174 evals, 111 steps, improv/step: 0.486 (last = 0.0000), fitness=2.835361536
2274.87 secs, 175 evals, 112 steps, improv/step: 0.482 (last = 0.0000), fitness=2.835361536
2289.09 secs, 176 evals, 113 steps, improv/step: 0.478 (last = 0.0000), fitness=2.835361536
2303.27 secs, 177 evals, 114 steps, improv/step: 0.482 (last = 1.0000), fitness=2.835361536
2331.71 secs, 179 evals, 115 steps, improv/step: 0.478 (last = 0.0000), fitness=2.835361536
2360.35 secs, 181 evals, 116 steps, improv/step: 0.474 (last = 0.0000), fitness=2.835361536
2388.54 secs, 183 evals, 117 steps, improv/step: 0.479 (last = 1.0000), fitness=2.835361536
2402.75 secs, 184 evals, 118 steps, improv/step: 0.475 (last = 0.0000), fitness=2.835361536
2431.20 secs, 186 evals, 119 steps, improv/step: 0.479 (last = 1.0000), fitness=2.835361536
2444.05 secs, 187 evals, 120 steps, improv/step: 0.475 (last = 0.0000), fitness=2.835361536
2472.28 secs, 189 evals, 121 steps, improv/step: 0.471 (last = 0.0000), fitness=2.828343763
2500.80 secs, 191 evals, 122 steps, improv/step: 0.467 (last = 0.0000), fitness=2.828343763
2514.01 secs, 192 evals, 123 steps, improv/step: 0.463 (last = 0.0000), fitness=2.828343763
2528.11 secs, 193 evals, 124 steps, improv/step: 0.468 (last = 1.0000), fitness=2.828343763
2542.16 secs, 194 evals, 125 steps, improv/step: 0.464 (last = 0.0000), fitness=2.828343763
2556.33 secs, 195 evals, 126 steps, improv/step: 0.460 (last = 0.0000), fitness=2.828343763
2570.26 secs, 196 evals, 127 steps, improv/step: 0.457 (last = 0.0000), fitness=2.828343763
2584.54 secs, 197 evals, 128 steps, improv/step: 0.453 (last = 0.0000), fitness=2.828343763
2612.24 secs, 199 evals, 129 steps, improv/step: 0.450 (last = 0.0000), fitness=2.828343763
2626.46 secs, 200 evals, 130 steps, improv/step: 0.446 (last = 0.0000), fitness=2.828343763
2640.66 secs, 201 evals, 131 steps, improv/step: 0.443 (last = 0.0000), fitness=2.828343763
2669.18 secs, 203 evals, 132 steps, improv/step: 0.447 (last = 1.0000), fitness=2.828343763
2683.56 secs, 204 evals, 133 steps, improv/step: 0.451 (last = 1.0000), fitness=2.828343763
2711.10 secs, 206 evals, 134 steps, improv/step: 0.455 (last = 1.0000), fitness=2.828343763
2725.04 secs, 207 evals, 135 steps, improv/step: 0.452 (last = 0.0000), fitness=2.828343763
2739.19 secs, 208 evals, 136 steps, improv/step: 0.456 (last = 1.0000), fitness=2.828343763
2767.52 secs, 210 evals, 137 steps, improv/step: 0.460 (last = 1.0000), fitness=2.828343763
2781.77 secs, 211 evals, 138 steps, improv/step: 0.457 (last = 0.0000), fitness=2.828343763
2801.35 secs, 213 evals, 139 steps, improv/step: 0.460 (last = 1.0000), fitness=2.828343763
2815.56 secs, 214 evals, 140 steps, improv/step: 0.464 (last = 1.0000), fitness=2.828343763
2829.41 secs, 215 evals, 141 steps, improv/step: 0.461 (last = 0.0000), fitness=2.828343763
2843.64 secs, 216 evals, 142 steps, improv/step: 0.465 (last = 1.0000), fitness=2.828343763
2857.93 secs, 217 evals, 143 steps, improv/step: 0.469 (last = 1.0000), fitness=2.828343763
2883.54 secs, 219 evals, 144 steps, improv/step: 0.465 (last = 0.0000), fitness=2.828343763
2897.27 secs, 220 evals, 145 steps, improv/step: 0.462 (last = 0.0000), fitness=2.828343763
2911.57 secs, 221 evals, 146 steps, improv/step: 0.466 (last = 1.0000), fitness=2.828343763
2925.34 secs, 222 evals, 147 steps, improv/step: 0.469 (last = 1.0000), fitness=2.828343763
2939.59 secs, 223 evals, 148 steps, improv/step: 0.473 (last = 1.0000), fitness=2.828343763
2953.89 secs, 224 evals, 149 steps, improv/step: 0.470 (last = 0.0000), fitness=2.828343763
2968.25 secs, 225 evals, 150 steps, improv/step: 0.467 (last = 0.0000), fitness=2.828343763
2982.52 secs, 226 evals, 151 steps, improv/step: 0.464 (last = 0.0000), fitness=2.828343763
2996.69 secs, 227 evals, 152 steps, improv/step: 0.467 (last = 1.0000), fitness=2.828343763
3023.21 secs, 229 evals, 153 steps, improv/step: 0.464 (last = 0.0000), fitness=2.828343763
3051.42 secs, 231 evals, 154 steps, improv/step: 0.468 (last = 1.0000), fitness=2.828343763
3065.11 secs, 232 evals, 155 steps, improv/step: 0.465 (last = 0.0000), fitness=2.828343763
3079.25 secs, 233 evals, 156 steps, improv/step: 0.468 (last = 1.0000), fitness=2.828343763
3107.79 secs, 235 evals, 157 steps, improv/step: 0.471 (last = 1.0000), fitness=2.828343763
3121.60 secs, 236 evals, 158 steps, improv/step: 0.475 (last = 1.0000), fitness=2.828343763
3148.99 secs, 238 evals, 159 steps, improv/step: 0.478 (last = 1.0000), fitness=2.828343763
3163.29 secs, 239 evals, 160 steps, improv/step: 0.481 (last = 1.0000), fitness=2.825587491
3177.41 secs, 240 evals, 161 steps, improv/step: 0.478 (last = 0.0000), fitness=2.825587491
3190.19 secs, 241 evals, 162 steps, improv/step: 0.481 (last = 1.0000), fitness=2.825587491
3204.34 secs, 242 evals, 163 steps, improv/step: 0.479 (last = 0.0000), fitness=2.825587491
3218.50 secs, 243 evals, 164 steps, improv/step: 0.476 (last = 0.0000), fitness=2.825587491
3232.80 secs, 244 evals, 165 steps, improv/step: 0.473 (last = 0.0000), fitness=2.825587491
3246.86 secs, 245 evals, 166 steps, improv/step: 0.476 (last = 1.0000), fitness=2.825587491
3261.08 secs, 246 evals, 167 steps, improv/step: 0.473 (last = 0.0000), fitness=2.825587491
3273.00 secs, 247 evals, 168 steps, improv/step: 0.470 (last = 0.0000), fitness=2.825587491
3287.12 secs, 248 evals, 169 steps, improv/step: 0.473 (last = 1.0000), fitness=2.825587491
3301.27 secs, 249 evals, 170 steps, improv/step: 0.476 (last = 1.0000), fitness=2.825587491
3321.93 secs, 251 evals, 171 steps, improv/step: 0.480 (last = 1.0000), fitness=2.825587491
3335.99 secs, 252 evals, 172 steps, improv/step: 0.477 (last = 0.0000), fitness=2.825587491
3350.18 secs, 253 evals, 173 steps, improv/step: 0.480 (last = 1.0000), fitness=2.825587491
3378.01 secs, 255 evals, 174 steps, improv/step: 0.477 (last = 0.0000), fitness=2.825587491
3392.19 secs, 256 evals, 175 steps, improv/step: 0.474 (last = 0.0000), fitness=2.825587491
3406.53 secs, 257 evals, 176 steps, improv/step: 0.477 (last = 1.0000), fitness=2.825587491
3420.15 secs, 258 evals, 177 steps, improv/step: 0.480 (last = 1.0000), fitness=2.825587491
3434.15 secs, 259 evals, 178 steps, improv/step: 0.478 (last = 0.0000), fitness=2.825587491
3448.10 secs, 260 evals, 179 steps, improv/step: 0.475 (last = 0.0000), fitness=2.825587491
3475.33 secs, 262 evals, 180 steps, improv/step: 0.472 (last = 0.0000), fitness=2.825587491
3489.22 secs, 263 evals, 181 steps, improv/step: 0.470 (last = 0.0000), fitness=2.825587491
3503.29 secs, 264 evals, 182 steps, improv/step: 0.473 (last = 1.0000), fitness=2.825587491
3517.27 secs, 265 evals, 183 steps, improv/step: 0.475 (last = 1.0000), fitness=2.825587491
3545.02 secs, 267 evals, 184 steps, improv/step: 0.478 (last = 1.0000), fitness=2.825587491
3559.05 secs, 268 evals, 185 steps, improv/step: 0.481 (last = 1.0000), fitness=2.825587491
3572.92 secs, 269 evals, 186 steps, improv/step: 0.484 (last = 1.0000), fitness=2.825587491
3586.98 secs, 270 evals, 187 steps, improv/step: 0.481 (last = 0.0000), fitness=2.825587491
3601.09 secs, 271 evals, 188 steps, improv/step: 0.484 (last = 1.0000), fitness=2.825587491
3615.17 secs, 272 evals, 189 steps, improv/step: 0.487 (last = 1.0000), fitness=2.825587491
3629.07 secs, 273 evals, 190 steps, improv/step: 0.484 (last = 0.0000), fitness=2.825587491
3643.21 secs, 274 evals, 191 steps, improv/step: 0.487 (last = 1.0000), fitness=2.825587491
3657.22 secs, 275 evals, 192 steps, improv/step: 0.490 (last = 1.0000), fitness=2.825587491
3671.26 secs, 276 evals, 193 steps, improv/step: 0.492 (last = 1.0000), fitness=2.825587491
3685.26 secs, 277 evals, 194 steps, improv/step: 0.495 (last = 1.0000), fitness=2.825587491
3698.86 secs, 278 evals, 195 steps, improv/step: 0.492 (last = 0.0000), fitness=2.825587491
3712.65 secs, 279 evals, 196 steps, improv/step: 0.490 (last = 0.0000), fitness=2.825587491
3726.63 secs, 280 evals, 197 steps, improv/step: 0.492 (last = 1.0000), fitness=2.825587491
3754.71 secs, 282 evals, 198 steps, improv/step: 0.495 (last = 1.0000), fitness=2.825587491
3768.19 secs, 283 evals, 199 steps, improv/step: 0.497 (last = 1.0000), fitness=2.825587491
3782.21 secs, 284 evals, 200 steps, improv/step: 0.500 (last = 1.0000), fitness=2.825587491
3796.20 secs, 285 evals, 201 steps, improv/step: 0.498 (last = 0.0000), fitness=2.825587491
3810.19 secs, 286 evals, 202 steps, improv/step: 0.500 (last = 1.0000), fitness=2.825587491
3838.32 secs, 288 evals, 203 steps, improv/step: 0.502 (last = 1.0000), fitness=2.825587491
3852.40 secs, 289 evals, 204 steps, improv/step: 0.505 (last = 1.0000), fitness=2.825587491
3865.93 secs, 290 evals, 205 steps, improv/step: 0.502 (last = 0.0000), fitness=2.825587491
3879.94 secs, 291 evals, 206 steps, improv/step: 0.500 (last = 0.0000), fitness=2.825587491
3893.94 secs, 292 evals, 207 steps, improv/step: 0.498 (last = 0.0000), fitness=2.825587491
3922.25 secs, 294 evals, 208 steps, improv/step: 0.500 (last = 1.0000), fitness=2.825587491
3950.45 secs, 296 evals, 209 steps, improv/step: 0.502 (last = 1.0000), fitness=2.825587491
3964.55 secs, 297 evals, 210 steps, improv/step: 0.505 (last = 1.0000), fitness=2.825587491
3978.65 secs, 298 evals, 211 steps, improv/step: 0.507 (last = 1.0000), fitness=2.825587491
3992.71 secs, 299 evals, 212 steps, improv/step: 0.509 (last = 1.0000), fitness=2.825587491
4006.54 secs, 300 evals, 213 steps, improv/step: 0.507 (last = 0.0000), fitness=2.825587491
4034.74 secs, 302 evals, 214 steps, improv/step: 0.505 (last = 0.0000), fitness=2.825587491
4048.73 secs, 303 evals, 215 steps, improv/step: 0.502 (last = 0.0000), fitness=2.825587491
4062.86 secs, 304 evals, 216 steps, improv/step: 0.500 (last = 0.0000), fitness=2.825587491
4076.95 secs, 305 evals, 217 steps, improv/step: 0.502 (last = 1.0000), fitness=2.825587491
4090.83 secs, 306 evals, 218 steps, improv/step: 0.500 (last = 0.0000), fitness=2.825587491
4104.56 secs, 307 evals, 219 steps, improv/step: 0.498 (last = 0.0000), fitness=2.825587491
4118.29 secs, 308 evals, 220 steps, improv/step: 0.495 (last = 0.0000), fitness=2.825587491
4131.37 secs, 309 evals, 221 steps, improv/step: 0.493 (last = 0.0000), fitness=2.825587491
4145.45 secs, 310 evals, 222 steps, improv/step: 0.495 (last = 1.0000), fitness=2.825587491
4157.55 secs, 311 evals, 223 steps, improv/step: 0.493 (last = 0.0000), fitness=2.825587491
4171.48 secs, 312 evals, 224 steps, improv/step: 0.496 (last = 1.0000), fitness=2.825587491
4185.55 secs, 313 evals, 225 steps, improv/step: 0.493 (last = 0.0000), fitness=2.825587491
4199.69 secs, 314 evals, 226 steps, improv/step: 0.496 (last = 1.0000), fitness=2.825587491
4212.04 secs, 315 evals, 227 steps, improv/step: 0.493 (last = 0.0000), fitness=2.825587491
4226.07 secs, 316 evals, 228 steps, improv/step: 0.496 (last = 1.0000), fitness=2.825587491
4240.13 secs, 317 evals, 229 steps, improv/step: 0.498 (last = 1.0000), fitness=2.825587491
4253.80 secs, 318 evals, 230 steps, improv/step: 0.496 (last = 0.0000), fitness=2.825587491
4267.90 secs, 319 evals, 231 steps, improv/step: 0.498 (last = 1.0000), fitness=2.825587491
4281.90 secs, 320 evals, 232 steps, improv/step: 0.500 (last = 1.0000), fitness=2.825587491
4295.70 secs, 321 evals, 233 steps, improv/step: 0.498 (last = 0.0000), fitness=2.825587491
4309.74 secs, 322 evals, 234 steps, improv/step: 0.500 (last = 1.0000), fitness=2.710052957
4323.84 secs, 323 evals, 235 steps, improv/step: 0.502 (last = 1.0000), fitness=2.710052957
4337.99 secs, 324 evals, 236 steps, improv/step: 0.500 (last = 0.0000), fitness=2.710052957
4352.12 secs, 325 evals, 237 steps, improv/step: 0.498 (last = 0.0000), fitness=2.710052957
4366.15 secs, 326 evals, 238 steps, improv/step: 0.496 (last = 0.0000), fitness=2.710052957
4380.27 secs, 327 evals, 239 steps, improv/step: 0.494 (last = 0.0000), fitness=2.710052957
4394.36 secs, 328 evals, 240 steps, improv/step: 0.496 (last = 1.0000), fitness=2.710052957
4408.32 secs, 329 evals, 241 steps, improv/step: 0.494 (last = 0.0000), fitness=2.710052957
4422.14 secs, 330 evals, 242 steps, improv/step: 0.492 (last = 0.0000), fitness=2.710052957
4436.10 secs, 331 evals, 243 steps, improv/step: 0.490 (last = 0.0000), fitness=2.710052957
4450.19 secs, 332 evals, 244 steps, improv/step: 0.488 (last = 0.0000), fitness=2.710052957
4464.24 secs, 333 evals, 245 steps, improv/step: 0.486 (last = 0.0000), fitness=2.710052957
4478.28 secs, 334 evals, 246 steps, improv/step: 0.488 (last = 1.0000), fitness=2.710052957
4492.31 secs, 335 evals, 247 steps, improv/step: 0.490 (last = 1.0000), fitness=2.710052957
4520.21 secs, 337 evals, 248 steps, improv/step: 0.488 (last = 0.0000), fitness=2.710052957
4534.25 secs, 338 evals, 249 steps, improv/step: 0.490 (last = 1.0000), fitness=2.710052957
4548.14 secs, 339 evals, 250 steps, improv/step: 0.488 (last = 0.0000), fitness=2.710052957
4562.15 secs, 340 evals, 251 steps, improv/step: 0.490 (last = 1.0000), fitness=2.710052957
4576.18 secs, 341 evals, 252 steps, improv/step: 0.488 (last = 0.0000), fitness=2.710052957
4589.78 secs, 342 evals, 253 steps, improv/step: 0.486 (last = 0.0000), fitness=2.710052957
4603.77 secs, 343 evals, 254 steps, improv/step: 0.484 (last = 0.0000), fitness=2.710052957
4617.77 secs, 344 evals, 255 steps, improv/step: 0.482 (last = 0.0000), fitness=2.710052957
4631.87 secs, 345 evals, 256 steps, improv/step: 0.484 (last = 1.0000), fitness=2.710052957
4645.94 secs, 346 evals, 257 steps, improv/step: 0.486 (last = 1.0000), fitness=2.710052957
4659.13 secs, 347 evals, 258 steps, improv/step: 0.484 (last = 0.0000), fitness=2.710052957
4673.31 secs, 348 evals, 259 steps, improv/step: 0.483 (last = 0.0000), fitness=2.710052957
4687.48 secs, 349 evals, 260 steps, improv/step: 0.481 (last = 0.0000), fitness=2.710052957
4701.57 secs, 350 evals, 261 steps, improv/step: 0.479 (last = 0.0000), fitness=2.710052957
4715.71 secs, 351 evals, 262 steps, improv/step: 0.477 (last = 0.0000), fitness=2.710052957
4729.88 secs, 352 evals, 263 steps, improv/step: 0.479 (last = 1.0000), fitness=2.710052957
4744.09 secs, 353 evals, 264 steps, improv/step: 0.481 (last = 1.0000), fitness=2.710052957
4772.18 secs, 355 evals, 265 steps, improv/step: 0.479 (last = 0.0000), fitness=2.710052957
4786.33 secs, 356 evals, 266 steps, improv/step: 0.477 (last = 0.0000), fitness=2.710052957
4800.38 secs, 357 evals, 267 steps, improv/step: 0.476 (last = 0.0000), fitness=2.710052957
4814.32 secs, 358 evals, 268 steps, improv/step: 0.474 (last = 0.0000), fitness=2.710052957
4828.07 secs, 359 evals, 269 steps, improv/step: 0.472 (last = 0.0000), fitness=2.710052957
4841.02 secs, 360 evals, 270 steps, improv/step: 0.470 (last = 0.0000), fitness=2.710052957
4854.93 secs, 361 evals, 271 steps, improv/step: 0.469 (last = 0.0000), fitness=2.710052957
4869.02 secs, 362 evals, 272 steps, improv/step: 0.471 (last = 1.0000), fitness=2.710052957
4883.12 secs, 363 evals, 273 steps, improv/step: 0.473 (last = 1.0000), fitness=2.710052957
4897.21 secs, 364 evals, 274 steps, improv/step: 0.471 (last = 0.0000), fitness=2.710052957
4925.35 secs, 366 evals, 275 steps, improv/step: 0.469 (last = 0.0000), fitness=2.710052957
4939.40 secs, 367 evals, 276 steps, improv/step: 0.467 (last = 0.0000), fitness=2.710052957
4952.82 secs, 368 evals, 277 steps, improv/step: 0.466 (last = 0.0000), fitness=2.710052957
4980.84 secs, 370 evals, 278 steps, improv/step: 0.468 (last = 1.0000), fitness=2.710052957
5006.15 secs, 372 evals, 279 steps, improv/step: 0.466 (last = 0.0000), fitness=2.710052957
5020.33 secs, 373 evals, 280 steps, improv/step: 0.464 (last = 0.0000), fitness=2.710052957
5034.36 secs, 374 evals, 281 steps, improv/step: 0.466 (last = 1.0000), fitness=2.710052957
5048.48 secs, 375 evals, 282 steps, improv/step: 0.465 (last = 0.0000), fitness=2.710052957
5062.50 secs, 376 evals, 283 steps, improv/step: 0.463 (last = 0.0000), fitness=2.710052957
5076.61 secs, 377 evals, 284 steps, improv/step: 0.465 (last = 1.0000), fitness=2.710052957
5090.75 secs, 378 evals, 285 steps, improv/step: 0.467 (last = 1.0000), fitness=2.710052957
5104.73 secs, 379 evals, 286 steps, improv/step: 0.465 (last = 0.0000), fitness=2.710052957
5118.80 secs, 380 evals, 287 steps, improv/step: 0.467 (last = 1.0000), fitness=2.710052957
5132.87 secs, 381 evals, 288 steps, improv/step: 0.465 (last = 0.0000), fitness=2.710052957
5146.93 secs, 382 evals, 289 steps, improv/step: 0.464 (last = 0.0000), fitness=2.710052957
5175.13 secs, 384 evals, 290 steps, improv/step: 0.466 (last = 1.0000), fitness=2.710052957
5189.19 secs, 385 evals, 291 steps, improv/step: 0.467 (last = 1.0000), fitness=2.710052957
5203.28 secs, 386 evals, 292 steps, improv/step: 0.469 (last = 1.0000), fitness=2.710052957
5217.18 secs, 387 evals, 293 steps, improv/step: 0.471 (last = 1.0000), fitness=2.710052957
5231.33 secs, 388 evals, 294 steps, improv/step: 0.469 (last = 0.0000), fitness=2.710052957
5245.28 secs, 389 evals, 295 steps, improv/step: 0.468 (last = 0.0000), fitness=2.710052957
5259.25 secs, 390 evals, 296 steps, improv/step: 0.466 (last = 0.0000), fitness=2.710052957
5273.31 secs, 391 evals, 297 steps, improv/step: 0.468 (last = 1.0000), fitness=2.710052957
5284.64 secs, 392 evals, 298 steps, improv/step: 0.466 (last = 0.0000), fitness=2.710052957
5298.66 secs, 393 evals, 299 steps, improv/step: 0.465 (last = 0.0000), fitness=2.710052957
5312.83 secs, 394 evals, 300 steps, improv/step: 0.467 (last = 1.0000), fitness=2.710052957
5326.84 secs, 395 evals, 301 steps, improv/step: 0.465 (last = 0.0000), fitness=2.710052957
5355.05 secs, 397 evals, 302 steps, improv/step: 0.467 (last = 1.0000), fitness=2.710052957
5369.24 secs, 398 evals, 303 steps, improv/step: 0.469 (last = 1.0000), fitness=2.710052957
5383.35 secs, 399 evals, 304 steps, improv/step: 0.467 (last = 0.0000), fitness=2.710052957
5397.44 secs, 400 evals, 305 steps, improv/step: 0.466 (last = 0.0000), fitness=2.710052957
5411.60 secs, 401 evals, 306 steps, improv/step: 0.467 (last = 1.0000), fitness=2.710052957
5425.52 secs, 402 evals, 307 steps, improv/step: 0.466 (last = 0.0000), fitness=2.710052957
5439.68 secs, 403 evals, 308 steps, improv/step: 0.464 (last = 0.0000), fitness=2.710052957
5453.72 secs, 404 evals, 309 steps, improv/step: 0.463 (last = 0.0000), fitness=2.710052957
5467.77 secs, 405 evals, 310 steps, improv/step: 0.461 (last = 0.0000), fitness=2.710052957
5481.83 secs, 406 evals, 311 steps, improv/step: 0.460 (last = 0.0000), fitness=2.710052957
5495.91 secs, 407 evals, 312 steps, improv/step: 0.462 (last = 1.0000), fitness=2.710052957
5510.00 secs, 408 evals, 313 steps, improv/step: 0.460 (last = 0.0000), fitness=2.710052957
5524.03 secs, 409 evals, 314 steps, improv/step: 0.462 (last = 1.0000), fitness=2.710052957
5538.10 secs, 410 evals, 315 steps, improv/step: 0.463 (last = 1.0000), fitness=2.710052957
5552.23 secs, 411 evals, 316 steps, improv/step: 0.465 (last = 1.0000), fitness=2.710052957
5566.31 secs, 412 evals, 317 steps, improv/step: 0.467 (last = 1.0000), fitness=2.710052957
5580.38 secs, 413 evals, 318 steps, improv/step: 0.469 (last = 1.0000), fitness=2.710052957
5594.48 secs, 414 evals, 319 steps, improv/step: 0.470 (last = 1.0000), fitness=2.710052957
5608.54 secs, 415 evals, 320 steps, improv/step: 0.469 (last = 0.0000), fitness=2.710052957
5622.68 secs, 416 evals, 321 steps, improv/step: 0.470 (last = 1.0000), fitness=2.710052957
5636.73 secs, 417 evals, 322 steps, improv/step: 0.469 (last = 0.0000), fitness=2.710052957
5650.84 secs, 418 evals, 323 steps, improv/step: 0.471 (last = 1.0000), fitness=2.710052957
5664.93 secs, 419 evals, 324 steps, improv/step: 0.469 (last = 0.0000), fitness=2.710052957
5679.02 secs, 420 evals, 325 steps, improv/step: 0.468 (last = 0.0000), fitness=2.710052957
5693.11 secs, 421 evals, 326 steps, improv/step: 0.469 (last = 1.0000), fitness=2.710052957
5707.24 secs, 422 evals, 327 steps, improv/step: 0.471 (last = 1.0000), fitness=2.710052957
5721.32 secs, 423 evals, 328 steps, improv/step: 0.473 (last = 1.0000), fitness=2.710052957
5735.26 secs, 424 evals, 329 steps, improv/step: 0.471 (last = 0.0000), fitness=2.710052957
5749.28 secs, 425 evals, 330 steps, improv/step: 0.470 (last = 0.0000), fitness=2.710052957
5763.28 secs, 426 evals, 331 steps, improv/step: 0.471 (last = 1.0000), fitness=2.710052957
5777.07 secs, 427 evals, 332 steps, improv/step: 0.470 (last = 0.0000), fitness=2.710052957
5791.22 secs, 428 evals, 333 steps, improv/step: 0.471 (last = 1.0000), fitness=2.710052957
5805.31 secs, 429 evals, 334 steps, improv/step: 0.473 (last = 1.0000), fitness=2.710052957
5819.41 secs, 430 evals, 335 steps, improv/step: 0.472 (last = 0.0000), fitness=2.710052957
5833.53 secs, 431 evals, 336 steps, improv/step: 0.470 (last = 0.0000), fitness=2.710052957
5847.67 secs, 432 evals, 337 steps, improv/step: 0.472 (last = 1.0000), fitness=2.710052957
5861.75 secs, 433 evals, 338 steps, improv/step: 0.470 (last = 0.0000), fitness=2.710052957
5875.85 secs, 434 evals, 339 steps, improv/step: 0.469 (last = 0.0000), fitness=2.710052957
5889.93 secs, 435 evals, 340 steps, improv/step: 0.468 (last = 0.0000), fitness=2.710052957
5903.96 secs, 436 evals, 341 steps, improv/step: 0.469 (last = 1.0000), fitness=2.710052957
5917.98 secs, 437 evals, 342 steps, improv/step: 0.468 (last = 0.0000), fitness=2.710052957
5931.98 secs, 438 evals, 343 steps, improv/step: 0.466 (last = 0.0000), fitness=2.710052957
5946.10 secs, 439 evals, 344 steps, improv/step: 0.465 (last = 0.0000), fitness=2.710052957
5960.09 secs, 440 evals, 345 steps, improv/step: 0.467 (last = 1.0000), fitness=2.710052957
5974.12 secs, 441 evals, 346 steps, improv/step: 0.465 (last = 0.0000), fitness=2.710052957
5988.05 secs, 442 evals, 347 steps, improv/step: 0.464 (last = 0.0000), fitness=2.710052957
6002.02 secs, 443 evals, 348 steps, improv/step: 0.463 (last = 0.0000), fitness=2.710052957
6016.19 secs, 444 evals, 349 steps, improv/step: 0.461 (last = 0.0000), fitness=2.710052957
6030.16 secs, 445 evals, 350 steps, improv/step: 0.460 (last = 0.0000), fitness=2.710052957
6044.27 secs, 446 evals, 351 steps, improv/step: 0.459 (last = 0.0000), fitness=2.710052957
6058.38 secs, 447 evals, 352 steps, improv/step: 0.457 (last = 0.0000), fitness=2.710052957
6072.49 secs, 448 evals, 353 steps, improv/step: 0.459 (last = 1.0000), fitness=2.710052957
6086.65 secs, 449 evals, 354 steps, improv/step: 0.460 (last = 1.0000), fitness=2.710052957
6100.69 secs, 450 evals, 355 steps, improv/step: 0.462 (last = 1.0000), fitness=2.710052957
6114.75 secs, 451 evals, 356 steps, improv/step: 0.463 (last = 1.0000), fitness=2.710052957
6128.75 secs, 452 evals, 357 steps, improv/step: 0.462 (last = 0.0000), fitness=2.710052957
6142.78 secs, 453 evals, 358 steps, improv/step: 0.464 (last = 1.0000), fitness=2.710052957
6156.92 secs, 454 evals, 359 steps, improv/step: 0.465 (last = 1.0000), fitness=2.710052957
6170.95 secs, 455 evals, 360 steps, improv/step: 0.464 (last = 0.0000), fitness=2.710052957
6185.05 secs, 456 evals, 361 steps, improv/step: 0.463 (last = 0.0000), fitness=2.710052957
6199.09 secs, 457 evals, 362 steps, improv/step: 0.464 (last = 1.0000), fitness=2.710052957
6213.21 secs, 458 evals, 363 steps, improv/step: 0.466 (last = 1.0000), fitness=2.710052957
6227.16 secs, 459 evals, 364 steps, improv/step: 0.464 (last = 0.0000), fitness=2.710052957
6241.20 secs, 460 evals, 365 steps, improv/step: 0.466 (last = 1.0000), fitness=2.710052957
6255.41 secs, 461 evals, 366 steps, improv/step: 0.464 (last = 0.0000), fitness=2.710052957
6269.58 secs, 462 evals, 367 steps, improv/step: 0.466 (last = 1.0000), fitness=2.710052957
6283.72 secs, 463 evals, 368 steps, improv/step: 0.467 (last = 1.0000), fitness=2.710052957
6297.88 secs, 464 evals, 369 steps, improv/step: 0.469 (last = 1.0000), fitness=2.710052957
6312.04 secs, 465 evals, 370 steps, improv/step: 0.468 (last = 0.0000), fitness=2.710052957
6326.12 secs, 466 evals, 371 steps, improv/step: 0.466 (last = 0.0000), fitness=2.710052957
6340.16 secs, 467 evals, 372 steps, improv/step: 0.468 (last = 1.0000), fitness=2.710052957
6354.24 secs, 468 evals, 373 steps, improv/step: 0.466 (last = 0.0000), fitness=2.710052957
6368.26 secs, 469 evals, 374 steps, improv/step: 0.465 (last = 0.0000), fitness=2.710052957
6382.04 secs, 470 evals, 375 steps, improv/step: 0.464 (last = 0.0000), fitness=2.710052957
6396.11 secs, 471 evals, 376 steps, improv/step: 0.463 (last = 0.0000), fitness=2.710052957
6410.13 secs, 472 evals, 377 steps, improv/step: 0.462 (last = 0.0000), fitness=2.710052957
6424.27 secs, 473 evals, 378 steps, improv/step: 0.460 (last = 0.0000), fitness=2.710052957
6438.46 secs, 474 evals, 379 steps, improv/step: 0.462 (last = 1.0000), fitness=2.710052957
6452.60 secs, 475 evals, 380 steps, improv/step: 0.463 (last = 1.0000), fitness=2.710052957
6466.76 secs, 476 evals, 381 steps, improv/step: 0.462 (last = 0.0000), fitness=2.710052957
6480.94 secs, 477 evals, 382 steps, improv/step: 0.461 (last = 0.0000), fitness=2.710052957
6495.00 secs, 478 evals, 383 steps, improv/step: 0.462 (last = 1.0000), fitness=2.710052957
6508.93 secs, 479 evals, 384 steps, improv/step: 0.461 (last = 0.0000), fitness=2.710052957
6523.06 secs, 480 evals, 385 steps, improv/step: 0.460 (last = 0.0000), fitness=2.710052957
6537.11 secs, 481 evals, 386 steps, improv/step: 0.461 (last = 1.0000), fitness=2.710052957
6551.14 secs, 482 evals, 387 steps, improv/step: 0.460 (last = 0.0000), fitness=2.710052957
6565.14 secs, 483 evals, 388 steps, improv/step: 0.461 (last = 1.0000), fitness=2.710052957
6579.21 secs, 484 evals, 389 steps, improv/step: 0.463 (last = 1.0000), fitness=2.710052957
6593.25 secs, 485 evals, 390 steps, improv/step: 0.462 (last = 0.0000), fitness=2.710052957
6607.29 secs, 486 evals, 391 steps, improv/step: 0.460 (last = 0.0000), fitness=2.710052957
6621.33 secs, 487 evals, 392 steps, improv/step: 0.459 (last = 0.0000), fitness=2.710052957
6635.30 secs, 488 evals, 393 steps, improv/step: 0.461 (last = 1.0000), fitness=2.710052957
6649.23 secs, 489 evals, 394 steps, improv/step: 0.459 (last = 0.0000), fitness=2.710052957
6663.27 secs, 490 evals, 395 steps, improv/step: 0.458 (last = 0.0000), fitness=2.710052957
6677.20 secs, 491 evals, 396 steps, improv/step: 0.457 (last = 0.0000), fitness=2.710052957
6691.23 secs, 492 evals, 397 steps, improv/step: 0.456 (last = 0.0000), fitness=2.710052957
6705.35 secs, 493 evals, 398 steps, improv/step: 0.457 (last = 1.0000), fitness=2.710052957
6719.52 secs, 494 evals, 399 steps, improv/step: 0.459 (last = 1.0000), fitness=2.710052957
6733.49 secs, 495 evals, 400 steps, improv/step: 0.458 (last = 0.0000), fitness=2.710052957
6747.57 secs, 496 evals, 401 steps, improv/step: 0.459 (last = 1.0000), fitness=2.710052957
6761.65 secs, 497 evals, 402 steps, improv/step: 0.460 (last = 1.0000), fitness=2.710052957
6775.71 secs, 498 evals, 403 steps, improv/step: 0.459 (last = 0.0000), fitness=2.710052957
6789.72 secs, 499 evals, 404 steps, improv/step: 0.458 (last = 0.0000), fitness=2.710052957
6803.81 secs, 500 evals, 405 steps, improv/step: 0.459 (last = 1.0000), fitness=2.710052957
6817.85 secs, 501 evals, 406 steps, improv/step: 0.458 (last = 0.0000), fitness=2.710052957
6831.94 secs, 502 evals, 407 steps, improv/step: 0.457 (last = 0.0000), fitness=2.710052957
6845.96 secs, 503 evals, 408 steps, improv/step: 0.456 (last = 0.0000), fitness=2.710052957
6860.12 secs, 504 evals, 409 steps, improv/step: 0.455 (last = 0.0000), fitness=2.710052957
6874.18 secs, 505 evals, 410 steps, improv/step: 0.454 (last = 0.0000), fitness=2.710052957
6888.30 secs, 506 evals, 411 steps, improv/step: 0.455 (last = 1.0000), fitness=2.710052957
6902.20 secs, 507 evals, 412 steps, improv/step: 0.454 (last = 0.0000), fitness=2.710052957
6916.21 secs, 508 evals, 413 steps, improv/step: 0.455 (last = 1.0000), fitness=2.710052957
6930.31 secs, 509 evals, 414 steps, improv/step: 0.454 (last = 0.0000), fitness=2.710052957
6944.34 secs, 510 evals, 415 steps, improv/step: 0.453 (last = 0.0000), fitness=2.710052957
6958.47 secs, 511 evals, 416 steps, improv/step: 0.452 (last = 0.0000), fitness=2.710052957
6972.60 secs, 512 evals, 417 steps, improv/step: 0.451 (last = 0.0000), fitness=2.710052957
6986.59 secs, 513 evals, 418 steps, improv/step: 0.452 (last = 1.0000), fitness=2.710052957
7000.74 secs, 514 evals, 419 steps, improv/step: 0.451 (last = 0.0000), fitness=2.710052957
7014.82 secs, 515 evals, 420 steps, improv/step: 0.450 (last = 0.0000), fitness=2.710052957
7028.96 secs, 516 evals, 421 steps, improv/step: 0.451 (last = 1.0000), fitness=2.710052957
7043.16 secs, 517 evals, 422 steps, improv/step: 0.453 (last = 1.0000), fitness=2.710052957
7057.14 secs, 518 evals, 423 steps, improv/step: 0.452 (last = 0.0000), fitness=2.710052957
7071.15 secs, 519 evals, 424 steps, improv/step: 0.450 (last = 0.0000), fitness=2.710052957
7085.14 secs, 520 evals, 425 steps, improv/step: 0.449 (last = 0.0000), fitness=2.710052957
7099.17 secs, 521 evals, 426 steps, improv/step: 0.448 (last = 0.0000), fitness=2.710052957
7113.29 secs, 522 evals, 427 steps, improv/step: 0.447 (last = 0.0000), fitness=2.710052957
7127.37 secs, 523 evals, 428 steps, improv/step: 0.449 (last = 1.0000), fitness=2.710052957
7141.52 secs, 524 evals, 429 steps, improv/step: 0.450 (last = 1.0000), fitness=2.710052957
7155.56 secs, 525 evals, 430 steps, improv/step: 0.449 (last = 0.0000), fitness=2.710052957
7169.70 secs, 526 evals, 431 steps, improv/step: 0.450 (last = 1.0000), fitness=2.710052957
7183.76 secs, 527 evals, 432 steps, improv/step: 0.449 (last = 0.0000), fitness=2.710052957
7197.84 secs, 528 evals, 433 steps, improv/step: 0.450 (last = 1.0000), fitness=2.710052957
7211.98 secs, 529 evals, 434 steps, improv/step: 0.452 (last = 1.0000), fitness=2.710052957
7226.13 secs, 530 evals, 435 steps, improv/step: 0.451 (last = 0.0000), fitness=2.710052957
7240.07 secs, 531 evals, 436 steps, improv/step: 0.450 (last = 0.0000), fitness=2.710052957
7254.21 secs, 532 evals, 437 steps, improv/step: 0.451 (last = 1.0000), fitness=2.710052957
7268.37 secs, 533 evals, 438 steps, improv/step: 0.450 (last = 0.0000), fitness=2.710052957
7282.56 secs, 534 evals, 439 steps, improv/step: 0.449 (last = 0.0000), fitness=2.710052957
7296.61 secs, 535 evals, 440 steps, improv/step: 0.448 (last = 0.0000), fitness=2.710052957
7310.70 secs, 536 evals, 441 steps, improv/step: 0.449 (last = 1.0000), fitness=2.710052957
7324.79 secs, 537 evals, 442 steps, improv/step: 0.448 (last = 0.0000), fitness=2.710052957
7338.82 secs, 538 evals, 443 steps, improv/step: 0.447 (last = 0.0000), fitness=2.710052957
7352.99 secs, 539 evals, 444 steps, improv/step: 0.448 (last = 1.0000), fitness=2.710052957
7367.05 secs, 540 evals, 445 steps, improv/step: 0.449 (last = 1.0000), fitness=2.710052957
7381.14 secs, 541 evals, 446 steps, improv/step: 0.448 (last = 0.0000), fitness=2.710052957
7395.19 secs, 542 evals, 447 steps, improv/step: 0.447 (last = 0.0000), fitness=2.710052957
7409.18 secs, 543 evals, 448 steps, improv/step: 0.446 (last = 0.0000), fitness=2.710052957
7423.28 secs, 544 evals, 449 steps, improv/step: 0.448 (last = 1.0000), fitness=2.710052957
7437.34 secs, 545 evals, 450 steps, improv/step: 0.447 (last = 0.0000), fitness=2.710052957
7451.45 secs, 546 evals, 451 steps, improv/step: 0.448 (last = 1.0000), fitness=2.710052957
7465.64 secs, 547 evals, 452 steps, improv/step: 0.447 (last = 0.0000), fitness=2.710052957
7479.79 secs, 548 evals, 453 steps, improv/step: 0.448 (last = 1.0000), fitness=2.710052957
7493.91 secs, 549 evals, 454 steps, improv/step: 0.447 (last = 0.0000), fitness=2.710052957
7508.05 secs, 550 evals, 455 steps, improv/step: 0.446 (last = 0.0000), fitness=2.710052957
7522.18 secs, 551 evals, 456 steps, improv/step: 0.445 (last = 0.0000), fitness=2.710052957
7536.30 secs, 552 evals, 457 steps, improv/step: 0.446 (last = 1.0000), fitness=2.710052957
7550.38 secs, 553 evals, 458 steps, improv/step: 0.445 (last = 0.0000), fitness=2.710052957
7564.49 secs, 554 evals, 459 steps, improv/step: 0.444 (last = 0.0000), fitness=2.710052957
7578.48 secs, 555 evals, 460 steps, improv/step: 0.443 (last = 0.0000), fitness=2.710052957
7592.56 secs, 556 evals, 461 steps, improv/step: 0.443 (last = 0.0000), fitness=2.710052957
7606.63 secs, 557 evals, 462 steps, improv/step: 0.442 (last = 0.0000), fitness=2.710052957
7620.69 secs, 558 evals, 463 steps, improv/step: 0.443 (last = 1.0000), fitness=2.710052957
7634.78 secs, 559 evals, 464 steps, improv/step: 0.442 (last = 0.0000), fitness=2.710052957
7648.72 secs, 560 evals, 465 steps, improv/step: 0.441 (last = 0.0000), fitness=2.710052957
7662.87 secs, 561 evals, 466 steps, improv/step: 0.440 (last = 0.0000), fitness=2.710052957
7677.07 secs, 562 evals, 467 steps, improv/step: 0.439 (last = 0.0000), fitness=2.710052957
7691.15 secs, 563 evals, 468 steps, improv/step: 0.438 (last = 0.0000), fitness=2.710052957
7705.36 secs, 564 evals, 469 steps, improv/step: 0.439 (last = 1.0000), fitness=2.710052957
7719.50 secs, 565 evals, 470 steps, improv/step: 0.438 (last = 0.0000), fitness=2.710052957
7733.64 secs, 566 evals, 471 steps, improv/step: 0.439 (last = 1.0000), fitness=2.710052957
7747.79 secs, 567 evals, 472 steps, improv/step: 0.439 (last = 0.0000), fitness=2.710052957
7761.96 secs, 568 evals, 473 steps, improv/step: 0.438 (last = 0.0000), fitness=2.710052957
7776.05 secs, 569 evals, 474 steps, improv/step: 0.437 (last = 0.0000), fitness=2.710052957
7790.09 secs, 570 evals, 475 steps, improv/step: 0.438 (last = 1.0000), fitness=2.710052957
7804.24 secs, 571 evals, 476 steps, improv/step: 0.437 (last = 0.0000), fitness=2.710052957
7818.38 secs, 572 evals, 477 steps, improv/step: 0.436 (last = 0.0000), fitness=2.710052957
7832.46 secs, 573 evals, 478 steps, improv/step: 0.437 (last = 1.0000), fitness=2.710052957
7846.59 secs, 574 evals, 479 steps, improv/step: 0.438 (last = 1.0000), fitness=2.710052957
7860.66 secs, 575 evals, 480 steps, improv/step: 0.438 (last = 0.0000), fitness=2.710052957
7874.65 secs, 576 evals, 481 steps, improv/step: 0.437 (last = 0.0000), fitness=2.710052957
7888.69 secs, 577 evals, 482 steps, improv/step: 0.436 (last = 0.0000), fitness=2.710052957
7902.75 secs, 578 evals, 483 steps, improv/step: 0.437 (last = 1.0000), fitness=2.710052957
7916.96 secs, 579 evals, 484 steps, improv/step: 0.436 (last = 0.0000), fitness=2.710052957
7931.11 secs, 580 evals, 485 steps, improv/step: 0.435 (last = 0.0000), fitness=2.710052957
7945.24 secs, 581 evals, 486 steps, improv/step: 0.434 (last = 0.0000), fitness=2.710052957
7959.38 secs, 582 evals, 487 steps, improv/step: 0.435 (last = 1.0000), fitness=2.710052957
7973.50 secs, 583 evals, 488 steps, improv/step: 0.434 (last = 0.0000), fitness=2.710052957
7987.67 secs, 584 evals, 489 steps, improv/step: 0.434 (last = 0.0000), fitness=2.710052957
8001.78 secs, 585 evals, 490 steps, improv/step: 0.433 (last = 0.0000), fitness=2.710052957
8015.87 secs, 586 evals, 491 steps, improv/step: 0.434 (last = 1.0000), fitness=2.710052957
8029.97 secs, 587 evals, 492 steps, improv/step: 0.435 (last = 1.0000), fitness=2.710052957
8044.03 secs, 588 evals, 493 steps, improv/step: 0.434 (last = 0.0000), fitness=2.710052957
8058.10 secs, 589 evals, 494 steps, improv/step: 0.435 (last = 1.0000), fitness=2.710052957
8072.14 secs, 590 evals, 495 steps, improv/step: 0.434 (last = 0.0000), fitness=2.710052957
8086.21 secs, 591 evals, 496 steps, improv/step: 0.433 (last = 0.0000), fitness=2.710052957
8100.24 secs, 592 evals, 497 steps, improv/step: 0.433 (last = 0.0000), fitness=2.710052957
8114.26 secs, 593 evals, 498 steps, improv/step: 0.432 (last = 0.0000), fitness=2.710052957
8128.44 secs, 594 evals, 499 steps, improv/step: 0.431 (last = 0.0000), fitness=2.710052957
8142.51 secs, 595 evals, 500 steps, improv/step: 0.430 (last = 0.0000), fitness=2.710052957
8156.65 secs, 596 evals, 501 steps, improv/step: 0.429 (last = 0.0000), fitness=2.710052957
8170.84 secs, 597 evals, 502 steps, improv/step: 0.430 (last = 1.0000), fitness=2.710052957
8185.02 secs, 598 evals, 503 steps, improv/step: 0.429 (last = 0.0000), fitness=2.710052957
8199.18 secs, 599 evals, 504 steps, improv/step: 0.429 (last = 0.0000), fitness=2.710052957
8213.32 secs, 600 evals, 505 steps, improv/step: 0.428 (last = 0.0000), fitness=2.710052957
8227.56 secs, 601 evals, 506 steps, improv/step: 0.427 (last = 0.0000), fitness=2.710052957
8241.56 secs, 602 evals, 507 steps, improv/step: 0.426 (last = 0.0000), fitness=2.710052957
8255.66 secs, 603 evals, 508 steps, improv/step: 0.425 (last = 0.0000), fitness=2.710052957
8269.77 secs, 604 evals, 509 steps, improv/step: 0.424 (last = 0.0000), fitness=2.710052957
8283.80 secs, 605 evals, 510 steps, improv/step: 0.424 (last = 0.0000), fitness=2.710052957
8297.89 secs, 606 evals, 511 steps, improv/step: 0.425 (last = 1.0000), fitness=2.710052957
8312.00 secs, 607 evals, 512 steps, improv/step: 0.426 (last = 1.0000), fitness=2.710052957
8326.17 secs, 608 evals, 513 steps, improv/step: 0.425 (last = 0.0000), fitness=2.710052957
8340.32 secs, 609 evals, 514 steps, improv/step: 0.424 (last = 0.0000), fitness=2.710052957
8354.42 secs, 610 evals, 515 steps, improv/step: 0.423 (last = 0.0000), fitness=2.710052957
8368.51 secs, 611 evals, 516 steps, improv/step: 0.422 (last = 0.0000), fitness=2.710052957
8382.64 secs, 612 evals, 517 steps, improv/step: 0.422 (last = 0.0000), fitness=2.710052957
8396.77 secs, 613 evals, 518 steps, improv/step: 0.421 (last = 0.0000), fitness=2.710052957
8410.90 secs, 614 evals, 519 steps, improv/step: 0.422 (last = 1.0000), fitness=2.710052957
8424.96 secs, 615 evals, 520 steps, improv/step: 0.423 (last = 1.0000), fitness=2.710052957
8439.16 secs, 616 evals, 521 steps, improv/step: 0.422 (last = 0.0000), fitness=2.710052957
8453.28 secs, 617 evals, 522 steps, improv/step: 0.421 (last = 0.0000), fitness=2.710052957
8467.38 secs, 618 evals, 523 steps, improv/step: 0.423 (last = 1.0000), fitness=2.710052957
8481.52 secs, 619 evals, 524 steps, improv/step: 0.424 (last = 1.0000), fitness=2.710052957
8495.65 secs, 620 evals, 525 steps, improv/step: 0.425 (last = 1.0000), fitness=2.710052957
8509.68 secs, 621 evals, 526 steps, improv/step: 0.424 (last = 0.0000), fitness=2.710052957
8523.80 secs, 622 evals, 527 steps, improv/step: 0.423 (last = 0.0000), fitness=2.710052957
8537.85 secs, 623 evals, 528 steps, improv/step: 0.424 (last = 1.0000), fitness=2.710052957
8551.98 secs, 624 evals, 529 steps, improv/step: 0.423 (last = 0.0000), fitness=2.710052957
8566.00 secs, 625 evals, 530 steps, improv/step: 0.423 (last = 0.0000), fitness=2.710052957
8580.14 secs, 626 evals, 531 steps, improv/step: 0.422 (last = 0.0000), fitness=2.710052957
8594.29 secs, 627 evals, 532 steps, improv/step: 0.423 (last = 1.0000), fitness=2.710052957
8608.41 secs, 628 evals, 533 steps, improv/step: 0.422 (last = 0.0000), fitness=2.710052957
8622.53 secs, 629 evals, 534 steps, improv/step: 0.423 (last = 1.0000), fitness=2.710052957
8636.68 secs, 630 evals, 535 steps, improv/step: 0.422 (last = 0.0000), fitness=2.710052957
8650.91 secs, 631 evals, 536 steps, improv/step: 0.422 (last = 0.0000), fitness=2.710052957
8665.01 secs, 632 evals, 537 steps, improv/step: 0.423 (last = 1.0000), fitness=2.710052957
8679.05 secs, 633 evals, 538 steps, improv/step: 0.424 (last = 1.0000), fitness=2.710052957
8693.07 secs, 634 evals, 539 steps, improv/step: 0.423 (last = 0.0000), fitness=2.710052957
8707.18 secs, 635 evals, 540 steps, improv/step: 0.424 (last = 1.0000), fitness=2.710052957
8721.27 secs, 636 evals, 541 steps, improv/step: 0.423 (last = 0.0000), fitness=2.710052957
8735.36 secs, 637 evals, 542 steps, improv/step: 0.423 (last = 0.0000), fitness=2.710052957
8749.45 secs, 638 evals, 543 steps, improv/step: 0.422 (last = 0.0000), fitness=2.710052957
8763.62 secs, 639 evals, 544 steps, improv/step: 0.423 (last = 1.0000), fitness=2.710052957
8777.76 secs, 640 evals, 545 steps, improv/step: 0.424 (last = 1.0000), fitness=2.710052957
8791.90 secs, 641 evals, 546 steps, improv/step: 0.423 (last = 0.0000), fitness=2.710052957
8806.05 secs, 642 evals, 547 steps, improv/step: 0.424 (last = 1.0000), fitness=2.710052957
8820.19 secs, 643 evals, 548 steps, improv/step: 0.423 (last = 0.0000), fitness=2.710052957
8834.33 secs, 644 evals, 549 steps, improv/step: 0.423 (last = 0.0000), fitness=2.710052957
8848.51 secs, 645 evals, 550 steps, improv/step: 0.422 (last = 0.0000), fitness=2.710052957
8862.63 secs, 646 evals, 551 steps, improv/step: 0.423 (last = 1.0000), fitness=2.710052957
8876.79 secs, 647 evals, 552 steps, improv/step: 0.422 (last = 0.0000), fitness=2.710052957
8890.96 secs, 648 evals, 553 steps, improv/step: 0.421 (last = 0.0000), fitness=2.710052957
8905.10 secs, 649 evals, 554 steps, improv/step: 0.422 (last = 1.0000), fitness=2.710052957
8919.22 secs, 650 evals, 555 steps, improv/step: 0.423 (last = 1.0000), fitness=2.710052957
8933.34 secs, 651 evals, 556 steps, improv/step: 0.423 (last = 0.0000), fitness=2.710052957
8947.52 secs, 652 evals, 557 steps, improv/step: 0.424 (last = 1.0000), fitness=2.710052957
8961.60 secs, 653 evals, 558 steps, improv/step: 0.425 (last = 1.0000), fitness=2.710052957
8975.70 secs, 654 evals, 559 steps, improv/step: 0.424 (last = 0.0000), fitness=2.710052957
8989.76 secs, 655 evals, 560 steps, improv/step: 0.425 (last = 1.0000), fitness=2.710052957
9003.88 secs, 656 evals, 561 steps, improv/step: 0.424 (last = 0.0000), fitness=2.710052957
9018.00 secs, 657 evals, 562 steps, improv/step: 0.423 (last = 0.0000), fitness=2.710052957
9032.13 secs, 658 evals, 563 steps, improv/step: 0.423 (last = 0.0000), fitness=2.710052957
9046.29 secs, 659 evals, 564 steps, improv/step: 0.422 (last = 0.0000), fitness=2.710052957
9060.44 secs, 660 evals, 565 steps, improv/step: 0.423 (last = 1.0000), fitness=2.710052957
9074.62 secs, 661 evals, 566 steps, improv/step: 0.422 (last = 0.0000), fitness=2.710052957
9088.79 secs, 662 evals, 567 steps, improv/step: 0.422 (last = 0.0000), fitness=2.710052957
9102.97 secs, 663 evals, 568 steps, improv/step: 0.421 (last = 0.0000), fitness=2.710052957
9117.15 secs, 664 evals, 569 steps, improv/step: 0.420 (last = 0.0000), fitness=2.710052957
9131.27 secs, 665 evals, 570 steps, improv/step: 0.419 (last = 0.0000), fitness=2.710052957
9145.33 secs, 666 evals, 571 steps, improv/step: 0.419 (last = 0.0000), fitness=2.710052957
9159.44 secs, 667 evals, 572 steps, improv/step: 0.418 (last = 0.0000), fitness=2.710052957
9173.51 secs, 668 evals, 573 steps, improv/step: 0.417 (last = 0.0000), fitness=2.710052957
9187.55 secs, 669 evals, 574 steps, improv/step: 0.418 (last = 1.0000), fitness=2.710052957
9201.62 secs, 670 evals, 575 steps, improv/step: 0.417 (last = 0.0000), fitness=2.710052957
9215.76 secs, 671 evals, 576 steps, improv/step: 0.418 (last = 1.0000), fitness=2.710052957
9229.74 secs, 672 evals, 577 steps, improv/step: 0.418 (last = 0.0000), fitness=2.710052957
9243.89 secs, 673 evals, 578 steps, improv/step: 0.417 (last = 0.0000), fitness=2.710052957
9258.04 secs, 674 evals, 579 steps, improv/step: 0.416 (last = 0.0000), fitness=2.710052957
9272.19 secs, 675 evals, 580 steps, improv/step: 0.416 (last = 0.0000), fitness=2.710052957
9286.38 secs, 676 evals, 581 steps, improv/step: 0.415 (last = 0.0000), fitness=2.710052957
9300.54 secs, 677 evals, 582 steps, improv/step: 0.414 (last = 0.0000), fitness=2.710052957
9314.77 secs, 678 evals, 583 steps, improv/step: 0.413 (last = 0.0000), fitness=2.710052957
9328.97 secs, 679 evals, 584 steps, improv/step: 0.414 (last = 1.0000), fitness=2.710052957
9343.08 secs, 680 evals, 585 steps, improv/step: 0.414 (last = 0.0000), fitness=2.710052957
9357.20 secs, 681 evals, 586 steps, improv/step: 0.413 (last = 0.0000), fitness=2.710052957
9371.35 secs, 682 evals, 587 steps, improv/step: 0.414 (last = 1.0000), fitness=2.710052957
9385.50 secs, 683 evals, 588 steps, improv/step: 0.413 (last = 0.0000), fitness=2.710052957
9399.57 secs, 684 evals, 589 steps, improv/step: 0.414 (last = 1.0000), fitness=2.710052957
9413.66 secs, 685 evals, 590 steps, improv/step: 0.415 (last = 1.0000), fitness=2.710052957
9427.68 secs, 686 evals, 591 steps, improv/step: 0.415 (last = 0.0000), fitness=2.710052957
9441.71 secs, 687 evals, 592 steps, improv/step: 0.414 (last = 0.0000), fitness=2.710052957
9455.89 secs, 688 evals, 593 steps, improv/step: 0.413 (last = 0.0000), fitness=2.710052957
9470.03 secs, 689 evals, 594 steps, improv/step: 0.412 (last = 0.0000), fitness=2.710052957
9484.16 secs, 690 evals, 595 steps, improv/step: 0.413 (last = 1.0000), fitness=2.710052957
9498.27 secs, 691 evals, 596 steps, improv/step: 0.413 (last = 0.0000), fitness=2.710052957
9512.40 secs, 692 evals, 597 steps, improv/step: 0.412 (last = 0.0000), fitness=2.710052957
9526.57 secs, 693 evals, 598 steps, improv/step: 0.413 (last = 1.0000), fitness=2.710052957
9540.64 secs, 694 evals, 599 steps, improv/step: 0.412 (last = 0.0000), fitness=2.710052957
9554.62 secs, 695 evals, 600 steps, improv/step: 0.412 (last = 0.0000), fitness=2.710052957
9568.72 secs, 696 evals, 601 steps, improv/step: 0.411 (last = 0.0000), fitness=2.710052957
9582.73 secs, 697 evals, 602 steps, improv/step: 0.410 (last = 0.0000), fitness=2.710052957
9596.89 secs, 698 evals, 603 steps, improv/step: 0.410 (last = 0.0000), fitness=2.710052957
9610.97 secs, 699 evals, 604 steps, improv/step: 0.409 (last = 0.0000), fitness=2.710052957
9624.97 secs, 700 evals, 605 steps, improv/step: 0.410 (last = 1.0000), fitness=2.710052957
9639.03 secs, 701 evals, 606 steps, improv/step: 0.409 (last = 0.0000), fitness=2.710052957
9653.13 secs, 702 evals, 607 steps, improv/step: 0.409 (last = 0.0000), fitness=2.710052957
9667.21 secs, 703 evals, 608 steps, improv/step: 0.408 (last = 0.0000), fitness=2.710052957
9681.33 secs, 704 evals, 609 steps, improv/step: 0.409 (last = 1.0000), fitness=2.710052957
9695.48 secs, 705 evals, 610 steps, improv/step: 0.408 (last = 0.0000), fitness=2.710052957
9709.54 secs, 706 evals, 611 steps, improv/step: 0.408 (last = 0.0000), fitness=2.710052957
9723.68 secs, 707 evals, 612 steps, improv/step: 0.407 (last = 0.0000), fitness=2.710052957
9737.85 secs, 708 evals, 613 steps, improv/step: 0.406 (last = 0.0000), fitness=2.710052957
9751.97 secs, 709 evals, 614 steps, improv/step: 0.407 (last = 1.0000), fitness=2.710052957
9766.06 secs, 710 evals, 615 steps, improv/step: 0.407 (last = 0.0000), fitness=2.710052957
9780.16 secs, 711 evals, 616 steps, improv/step: 0.406 (last = 0.0000), fitness=2.710052957
9794.27 secs, 712 evals, 617 steps, improv/step: 0.405 (last = 0.0000), fitness=2.710052957
9808.26 secs, 713 evals, 618 steps, improv/step: 0.405 (last = 0.0000), fitness=2.710052957
9822.24 secs, 714 evals, 619 steps, improv/step: 0.404 (last = 0.0000), fitness=2.710052957
9836.32 secs, 715 evals, 620 steps, improv/step: 0.403 (last = 0.0000), fitness=2.710052957
9850.40 secs, 716 evals, 621 steps, improv/step: 0.403 (last = 0.0000), fitness=2.710052957
9864.44 secs, 717 evals, 622 steps, improv/step: 0.402 (last = 0.0000), fitness=2.710052957
9878.53 secs, 718 evals, 623 steps, improv/step: 0.403 (last = 1.0000), fitness=2.710052957
9892.61 secs, 719 evals, 624 steps, improv/step: 0.402 (last = 0.0000), fitness=2.710052957
9906.77 secs, 720 evals, 625 steps, improv/step: 0.402 (last = 0.0000), fitness=2.710052957
9920.92 secs, 721 evals, 626 steps, improv/step: 0.401 (last = 0.0000), fitness=2.710052957
9935.03 secs, 722 evals, 627 steps, improv/step: 0.400 (last = 0.0000), fitness=2.710052957
9949.10 secs, 723 evals, 628 steps, improv/step: 0.400 (last = 0.0000), fitness=2.710052957
9963.20 secs, 724 evals, 629 steps, improv/step: 0.399 (last = 0.0000), fitness=2.710052957
9977.33 secs, 725 evals, 630 steps, improv/step: 0.400 (last = 1.0000), fitness=2.710052957
9991.40 secs, 726 evals, 631 steps, improv/step: 0.401 (last = 1.0000), fitness=2.694768771
10005.43 secs, 727 evals, 632 steps, improv/step: 0.400 (last = 0.0000), fitness=2.694768771
10019.60 secs, 728 evals, 633 steps, improv/step: 0.400 (last = 0.0000), fitness=2.694768771
10033.66 secs, 729 evals, 634 steps, improv/step: 0.399 (last = 0.0000), fitness=2.694768771
10047.74 secs, 730 evals, 635 steps, improv/step: 0.398 (last = 0.0000), fitness=2.694768771
10061.84 secs, 731 evals, 637 steps, improv/step: 0.399 (last = 0.5000), fitness=2.694768771
10075.89 secs, 732 evals, 638 steps, improv/step: 0.398 (last = 0.0000), fitness=2.694768771
10089.95 secs, 733 evals, 639 steps, improv/step: 0.397 (last = 0.0000), fitness=2.694768771
10104.07 secs, 734 evals, 640 steps, improv/step: 0.397 (last = 0.0000), fitness=2.694768771
10118.13 secs, 735 evals, 641 steps, improv/step: 0.396 (last = 0.0000), fitness=2.694768771
10132.26 secs, 736 evals, 642 steps, improv/step: 0.396 (last = 0.0000), fitness=2.694768771
10146.40 secs, 737 evals, 643 steps, improv/step: 0.397 (last = 1.0000), fitness=2.694768771
10160.58 secs, 738 evals, 644 steps, improv/step: 0.398 (last = 1.0000), fitness=2.694768771
10174.67 secs, 739 evals, 645 steps, improv/step: 0.397 (last = 0.0000), fitness=2.694768771
10188.75 secs, 740 evals, 646 steps, improv/step: 0.398 (last = 1.0000), fitness=2.694768771
10202.86 secs, 741 evals, 647 steps, improv/step: 0.399 (last = 1.0000), fitness=2.694768771
10216.96 secs, 742 evals, 648 steps, improv/step: 0.400 (last = 1.0000), fitness=2.694768771
10230.97 secs, 743 evals, 649 steps, improv/step: 0.401 (last = 1.0000), fitness=2.694768771
10245.11 secs, 744 evals, 650 steps, improv/step: 0.402 (last = 1.0000), fitness=2.694768771
10259.18 secs, 745 evals, 651 steps, improv/step: 0.402 (last = 1.0000), fitness=2.694768771
10273.21 secs, 746 evals, 652 steps, improv/step: 0.402 (last = 0.0000), fitness=2.694768771
10287.35 secs, 747 evals, 653 steps, improv/step: 0.401 (last = 0.0000), fitness=2.694768771
10301.48 secs, 748 evals, 654 steps, improv/step: 0.402 (last = 1.0000), fitness=2.694768771
10315.55 secs, 749 evals, 655 steps, improv/step: 0.403 (last = 1.0000), fitness=2.694768771
10329.62 secs, 750 evals, 656 steps, improv/step: 0.404 (last = 1.0000), fitness=2.694768771
10343.69 secs, 751 evals, 657 steps, improv/step: 0.403 (last = 0.0000), fitness=2.694768771
10357.76 secs, 752 evals, 658 steps, improv/step: 0.404 (last = 1.0000), fitness=2.694768771
10371.85 secs, 753 evals, 659 steps, improv/step: 0.404 (last = 0.0000), fitness=2.694768771
10385.97 secs, 754 evals, 660 steps, improv/step: 0.403 (last = 0.0000), fitness=2.694768771
10400.07 secs, 755 evals, 661 steps, improv/step: 0.402 (last = 0.0000), fitness=2.694768771
10414.18 secs, 756 evals, 662 steps, improv/step: 0.402 (last = 0.0000), fitness=2.694768771
10428.29 secs, 757 evals, 663 steps, improv/step: 0.401 (last = 0.0000), fitness=2.694768771
10442.38 secs, 758 evals, 664 steps, improv/step: 0.401 (last = 0.0000), fitness=2.694768771
10456.45 secs, 759 evals, 665 steps, improv/step: 0.400 (last = 0.0000), fitness=2.694768771
10470.59 secs, 760 evals, 666 steps, improv/step: 0.401 (last = 1.0000), fitness=2.694768771
10484.60 secs, 761 evals, 667 steps, improv/step: 0.402 (last = 1.0000), fitness=2.694768771
10498.70 secs, 762 evals, 668 steps, improv/step: 0.401 (last = 0.0000), fitness=2.694768771
10512.84 secs, 763 evals, 669 steps, improv/step: 0.401 (last = 0.0000), fitness=2.694768771
10526.89 secs, 764 evals, 670 steps, improv/step: 0.400 (last = 0.0000), fitness=2.694768771
10541.03 secs, 765 evals, 671 steps, improv/step: 0.399 (last = 0.0000), fitness=2.694768771
10555.15 secs, 766 evals, 672 steps, improv/step: 0.400 (last = 1.0000), fitness=2.694768771
10569.16 secs, 767 evals, 673 steps, improv/step: 0.400 (last = 0.0000), fitness=2.694768771
10583.19 secs, 768 evals, 674 steps, improv/step: 0.399 (last = 0.0000), fitness=2.694768771
10597.23 secs, 769 evals, 675 steps, improv/step: 0.399 (last = 0.0000), fitness=2.694768771
10611.24 secs, 770 evals, 676 steps, improv/step: 0.398 (last = 0.0000), fitness=2.694768771
10625.39 secs, 771 evals, 677 steps, improv/step: 0.399 (last = 1.0000), fitness=2.694768771
10639.55 secs, 772 evals, 678 steps, improv/step: 0.398 (last = 0.0000), fitness=2.694768771
10653.69 secs, 773 evals, 679 steps, improv/step: 0.399 (last = 1.0000), fitness=2.694768771
10667.75 secs, 774 evals, 680 steps, improv/step: 0.399 (last = 0.0000), fitness=2.694768771
10681.91 secs, 775 evals, 681 steps, improv/step: 0.398 (last = 0.0000), fitness=2.694768771
10696.09 secs, 776 evals, 682 steps, improv/step: 0.399 (last = 1.0000), fitness=2.694768771
10710.24 secs, 777 evals, 683 steps, improv/step: 0.398 (last = 0.0000), fitness=2.694768771
10724.39 secs, 778 evals, 684 steps, improv/step: 0.399 (last = 1.0000), fitness=2.694768771
10738.49 secs, 779 evals, 685 steps, improv/step: 0.400 (last = 1.0000), fitness=2.694768771
10752.69 secs, 780 evals, 686 steps, improv/step: 0.399 (last = 0.0000), fitness=2.694768771
10766.78 secs, 781 evals, 687 steps, improv/step: 0.399 (last = 0.0000), fitness=2.694768771
10780.87 secs, 782 evals, 688 steps, improv/step: 0.398 (last = 0.0000), fitness=2.694768771
10794.92 secs, 783 evals, 689 steps, improv/step: 0.398 (last = 0.0000), fitness=2.694768771

Optimization stopped after 690 steps and 10809.00 seconds
Termination reason: Max time (10800.0 s) reached
Steps per second = 0.06
Function evals per second = 0.07
Improvements/step = Inf
Total function evaluations = 784


Best candidate found: [0.993996, 0.206081]

Fitness: 2.694768771

