N_Jobs_Total: 144
Starting optimization with optimizer DiffEvoOpt{FitPopulation{Float64}, RadiusLimitedSelector, BlackBoxOptim.AdaptiveDiffEvoRandBin{3}, RandomBound{ContinuousRectSearchSpace}}
0.00 secs, 0 evals, 0 steps
315.50 secs, 2 evals, 1 steps, improv/step: 1.000 (last = 1.0000), fitness=8.583577805
741.72 secs, 4 evals, 2 steps, improv/step: 1.000 (last = 1.0000), fitness=7.430196700
1015.64 secs, 6 evals, 3 steps, improv/step: 0.667 (last = 0.0000), fitness=7.430196700
1460.50 secs, 8 evals, 4 steps, improv/step: 0.500 (last = 0.0000), fitness=7.430196700
1872.54 secs, 10 evals, 5 steps, improv/step: 0.600 (last = 1.0000), fitness=7.430196700
2260.22 secs, 12 evals, 6 steps, improv/step: 0.667 (last = 1.0000), fitness=7.430196700
2343.52 secs, 13 evals, 7 steps, improv/step: 0.571 (last = 0.0000), fitness=7.430196700
2747.03 secs, 15 evals, 8 steps, improv/step: 0.625 (last = 1.0000), fitness=6.165415501
3189.54 secs, 17 evals, 9 steps, improv/step: 0.667 (last = 1.0000), fitness=6.165415501
3456.14 secs, 19 evals, 10 steps, improv/step: 0.700 (last = 1.0000), fitness=6.165415501
3809.30 secs, 21 evals, 11 steps, improv/step: 0.727 (last = 1.0000), fitness=2.092733350
4230.00 secs, 23 evals, 12 steps, improv/step: 0.667 (last = 0.0000), fitness=2.092733350
4583.90 secs, 25 evals, 13 steps, improv/step: 0.615 (last = 0.0000), fitness=2.092733350
4866.31 secs, 27 evals, 14 steps, improv/step: 0.571 (last = 0.0000), fitness=2.092733350
5154.28 secs, 29 evals, 15 steps, improv/step: 0.533 (last = 0.0000), fitness=2.092733350
5588.80 secs, 31 evals, 16 steps, improv/step: 0.562 (last = 1.0000), fitness=2.092733350
5987.02 secs, 33 evals, 17 steps, improv/step: 0.588 (last = 1.0000), fitness=2.092733350
6384.64 secs, 35 evals, 18 steps, improv/step: 0.556 (last = 0.0000), fitness=2.092733350
6801.51 secs, 37 evals, 19 steps, improv/step: 0.579 (last = 1.0000), fitness=2.092733350
7253.13 secs, 39 evals, 20 steps, improv/step: 0.550 (last = 0.0000), fitness=2.092733350
7688.36 secs, 41 evals, 21 steps, improv/step: 0.571 (last = 1.0000), fitness=2.092733350
7929.91 secs, 43 evals, 22 steps, improv/step: 0.545 (last = 0.0000), fitness=2.092733350
8269.01 secs, 45 evals, 23 steps, improv/step: 0.565 (last = 1.0000), fitness=2.092733350
8669.94 secs, 47 evals, 24 steps, improv/step: 0.542 (last = 0.0000), fitness=2.092733350
9089.34 secs, 49 evals, 25 steps, improv/step: 0.560 (last = 1.0000), fitness=2.092733350
9427.53 secs, 51 evals, 26 steps, improv/step: 0.577 (last = 1.0000), fitness=2.092733350
9654.49 secs, 52 evals, 27 steps, improv/step: 0.593 (last = 1.0000), fitness=2.092733350
10070.25 secs, 54 evals, 28 steps, improv/step: 0.607 (last = 1.0000), fitness=2.092733350
10291.27 secs, 55 evals, 29 steps, improv/step: 0.621 (last = 1.0000), fitness=2.092733350
10506.35 secs, 56 evals, 30 steps, improv/step: 0.633 (last = 1.0000), fitness=2.092733350
10724.41 secs, 57 evals, 31 steps, improv/step: 0.645 (last = 1.0000), fitness=1.851363901

Optimization stopped after 32 steps and 11088.00 seconds
Termination reason: Max time (10800.0 s) reached
Steps per second = 0.00
Function evals per second = 0.01
Improvements/step = Inf
Total function evaluations = 59


Best candidate found: [0.880872, 0.957959]

Fitness: 1.851363901

