ERROR: LoadError: ArgumentError: Package StatsBase [2913bbd2-ae8a-5f71-8c99-4fb6c76f3a91] is required but does not seem to be installed:
 - Run `Pkg.instantiate()` to install all recorded dependencies.

Stacktrace:
 [1] _require(pkg::Base.PkgId, env::String)
   @ Base ./loading.jl:1774
 [2] _require_prelocked(uuidkey::Base.PkgId, env::String)
   @ Base ./loading.jl:1660
 [3] macro expansion
   @ ./loading.jl:1648 [inlined]
 [4] macro expansion
   @ ./lock.jl:267 [inlined]
 [5] require(into::Module, mod::Symbol)
   @ Base ./loading.jl:1611
 [6] include(fname::String)
   @ Base.MainInclude ./client.jl:478
 [7] top-level scope
   @ ~/projects/Memory_Models/MDPModelFunctions2.jl:1
 [8] include(fname::String)
   @ Base.MainInclude ./client.jl:478
 [9] top-level scope
   @ ~/projects/Memory_Models/search_ms_nt_w_fitting.jl:3
in expression starting at /home/erussek/projects/Memory_Models/MDPModelFunctions.jl:7
in expression starting at /home/erussek/projects/Memory_Models/MDPModelFunctions2.jl:1
in expression starting at /home/erussek/projects/Memory_Models/search_ms_nt_w_fitting.jl:3
