N_Jobs_Total: 144
Starting optimization with optimizer DiffEvoOpt{FitPopulation{Float64}, RadiusLimitedSelector, BlackBoxOptim.AdaptiveDiffEvoRandBin{3}, RandomBound{ContinuousRectSearchSpace}}
0.00 secs, 0 evals, 0 steps
199.29 secs, 2 evals, 1 steps, improv/step: 1.000 (last = 1.0000), fitness=11.862688678
378.55 secs, 4 evals, 2 steps, improv/step: 0.500 (last = 0.0000), fitness=11.862688678
596.98 secs, 6 evals, 3 steps, improv/step: 0.333 (last = 0.0000), fitness=11.862688678
827.50 secs, 8 evals, 4 steps, improv/step: 0.250 (last = 0.0000), fitness=10.931376909
1062.57 secs, 10 evals, 5 steps, improv/step: 0.200 (last = 0.0000), fitness=10.931376909
1208.29 secs, 12 evals, 6 steps, improv/step: 0.167 (last = 0.0000), fitness=10.931376909
1346.13 secs, 14 evals, 7 steps, improv/step: 0.286 (last = 1.0000), fitness=10.931376909
1571.28 secs, 16 evals, 8 steps, improv/step: 0.250 (last = 0.0000), fitness=10.931376909
1803.59 secs, 18 evals, 9 steps, improv/step: 0.222 (last = 0.0000), fitness=10.931376909
1954.73 secs, 20 evals, 10 steps, improv/step: 0.300 (last = 1.0000), fitness=10.931376909
2037.19 secs, 22 evals, 11 steps, improv/step: 0.364 (last = 1.0000), fitness=10.931376909
2245.91 secs, 24 evals, 12 steps, improv/step: 0.417 (last = 1.0000), fitness=10.931376909
2461.47 secs, 26 evals, 13 steps, improv/step: 0.462 (last = 1.0000), fitness=10.931376909
2597.68 secs, 28 evals, 14 steps, improv/step: 0.429 (last = 0.0000), fitness=10.931376909
2769.05 secs, 30 evals, 15 steps, improv/step: 0.400 (last = 0.0000), fitness=10.931376909
2984.69 secs, 32 evals, 16 steps, improv/step: 0.438 (last = 1.0000), fitness=10.931376909
3198.63 secs, 34 evals, 17 steps, improv/step: 0.471 (last = 1.0000), fitness=10.931376909
3421.83 secs, 36 evals, 18 steps, improv/step: 0.444 (last = 0.0000), fitness=10.931376909
3532.43 secs, 38 evals, 19 steps, improv/step: 0.421 (last = 0.0000), fitness=10.931376909
3673.80 secs, 40 evals, 20 steps, improv/step: 0.450 (last = 1.0000), fitness=10.931376909
3893.54 secs, 42 evals, 21 steps, improv/step: 0.476 (last = 1.0000), fitness=10.931376909
4000.42 secs, 43 evals, 22 steps, improv/step: 0.500 (last = 1.0000), fitness=10.931376909
4223.04 secs, 45 evals, 23 steps, improv/step: 0.478 (last = 0.0000), fitness=10.931376909
4445.82 secs, 47 evals, 24 steps, improv/step: 0.458 (last = 0.0000), fitness=10.931376909
4654.88 secs, 49 evals, 25 steps, improv/step: 0.480 (last = 1.0000), fitness=10.931376909
4861.47 secs, 51 evals, 26 steps, improv/step: 0.500 (last = 1.0000), fitness=10.931376909
5065.57 secs, 53 evals, 27 steps, improv/step: 0.519 (last = 1.0000), fitness=10.931376909
5282.22 secs, 55 evals, 28 steps, improv/step: 0.536 (last = 1.0000), fitness=10.931376909
5498.24 secs, 57 evals, 29 steps, improv/step: 0.552 (last = 1.0000), fitness=10.931376909
5645.97 secs, 59 evals, 30 steps, improv/step: 0.533 (last = 0.0000), fitness=10.931376909
5750.04 secs, 60 evals, 31 steps, improv/step: 0.516 (last = 0.0000), fitness=10.931376909
5969.72 secs, 62 evals, 32 steps, improv/step: 0.500 (last = 0.0000), fitness=10.931376909
6124.07 secs, 64 evals, 33 steps, improv/step: 0.485 (last = 0.0000), fitness=10.931376909
6271.67 secs, 66 evals, 34 steps, improv/step: 0.471 (last = 0.0000), fitness=10.931376909
6484.83 secs, 68 evals, 35 steps, improv/step: 0.457 (last = 0.0000), fitness=10.931376909
6590.31 secs, 69 evals, 36 steps, improv/step: 0.444 (last = 0.0000), fitness=10.931376909
6781.17 secs, 71 evals, 37 steps, improv/step: 0.432 (last = 0.0000), fitness=9.794367233
6887.22 secs, 72 evals, 38 steps, improv/step: 0.447 (last = 1.0000), fitness=9.794367233
7093.92 secs, 74 evals, 39 steps, improv/step: 0.436 (last = 0.0000), fitness=9.794367233
7274.86 secs, 76 evals, 40 steps, improv/step: 0.425 (last = 0.0000), fitness=9.794367233
7441.77 secs, 78 evals, 41 steps, improv/step: 0.439 (last = 1.0000), fitness=9.794367233
7529.90 secs, 79 evals, 42 steps, improv/step: 0.429 (last = 0.0000), fitness=9.794367233
7734.05 secs, 81 evals, 43 steps, improv/step: 0.442 (last = 1.0000), fitness=9.794367233
7932.51 secs, 83 evals, 44 steps, improv/step: 0.432 (last = 0.0000), fitness=9.794367233
8054.57 secs, 85 evals, 45 steps, improv/step: 0.444 (last = 1.0000), fitness=9.794367233
8266.53 secs, 87 evals, 46 steps, improv/step: 0.435 (last = 0.0000), fitness=9.794367233
8357.24 secs, 88 evals, 47 steps, improv/step: 0.426 (last = 0.0000), fitness=9.794367233
8531.58 secs, 90 evals, 48 steps, improv/step: 0.438 (last = 1.0000), fitness=9.794367233
8738.88 secs, 92 evals, 49 steps, improv/step: 0.449 (last = 1.0000), fitness=9.794367233
8965.99 secs, 94 evals, 50 steps, improv/step: 0.460 (last = 1.0000), fitness=9.794367233
9068.54 secs, 95 evals, 51 steps, improv/step: 0.451 (last = 0.0000), fitness=9.794367233
9288.66 secs, 97 evals, 52 steps, improv/step: 0.442 (last = 0.0000), fitness=9.794367233
9408.85 secs, 99 evals, 53 steps, improv/step: 0.434 (last = 0.0000), fitness=9.794367233
9518.11 secs, 100 evals, 54 steps, improv/step: 0.444 (last = 1.0000), fitness=9.794367233
9630.79 secs, 101 evals, 55 steps, improv/step: 0.455 (last = 1.0000), fitness=9.794367233
9825.14 secs, 103 evals, 56 steps, improv/step: 0.464 (last = 1.0000), fitness=9.794367233
9929.89 secs, 104 evals, 57 steps, improv/step: 0.456 (last = 0.0000), fitness=9.794367233
10022.83 secs, 105 evals, 58 steps, improv/step: 0.448 (last = 0.0000), fitness=9.794367233
10240.42 secs, 107 evals, 59 steps, improv/step: 0.441 (last = 0.0000), fitness=9.794367233
10350.41 secs, 108 evals, 60 steps, improv/step: 0.450 (last = 1.0000), fitness=9.794367233
10457.73 secs, 109 evals, 61 steps, improv/step: 0.459 (last = 1.0000), fitness=9.794367233
10570.88 secs, 110 evals, 62 steps, improv/step: 0.468 (last = 1.0000), fitness=9.794367233
10680.23 secs, 111 evals, 63 steps, improv/step: 0.460 (last = 0.0000), fitness=9.794367233

Optimization stopped after 64 steps and 10842.12 seconds
Termination reason: Max time (10800.0 s) reached
Steps per second = 0.01
Function evals per second = 0.01
Improvements/step = Inf
Total function evaluations = 113


Best candidate found: [0.988119, 0.616153]

Fitness: 9.794367233

