N_Jobs_Total: 144
Starting optimization with optimizer DiffEvoOpt{FitPopulation{Float64}, RadiusLimitedSelector, BlackBoxOptim.AdaptiveDiffEvoRandBin{3}, RandomBound{ContinuousRectSearchSpace}}
0.00 secs, 0 evals, 0 steps
498.71 secs, 2 evals, 1 steps, fitness=12.682636616
870.21 secs, 4 evals, 2 steps, improv/step: 0.500 (last = 1.0000), fitness=7.838582337
1357.61 secs, 6 evals, 3 steps, improv/step: 0.667 (last = 1.0000), fitness=7.838582337
1862.97 secs, 8 evals, 4 steps, improv/step: 0.750 (last = 1.0000), fitness=7.838582337
2239.86 secs, 10 evals, 5 steps, improv/step: 0.600 (last = 0.0000), fitness=7.838582337
2633.30 secs, 12 evals, 6 steps, improv/step: 0.500 (last = 0.0000), fitness=7.838582337
2924.57 secs, 14 evals, 7 steps, improv/step: 0.571 (last = 1.0000), fitness=7.838582337
3289.84 secs, 16 evals, 8 steps, improv/step: 0.625 (last = 1.0000), fitness=7.838582337
3742.05 secs, 18 evals, 9 steps, improv/step: 0.667 (last = 1.0000), fitness=6.489011720
3958.78 secs, 19 evals, 10 steps, improv/step: 0.700 (last = 1.0000), fitness=6.489011720
4461.12 secs, 21 evals, 11 steps, improv/step: 0.727 (last = 1.0000), fitness=6.489011720
4666.86 secs, 22 evals, 12 steps, improv/step: 0.667 (last = 0.0000), fitness=6.489011720
4883.40 secs, 23 evals, 13 steps, improv/step: 0.692 (last = 1.0000), fitness=6.489011720
5288.64 secs, 25 evals, 14 steps, improv/step: 0.714 (last = 1.0000), fitness=6.489011720
5705.42 secs, 27 evals, 15 steps, improv/step: 0.733 (last = 1.0000), fitness=6.489011720
6036.29 secs, 29 evals, 16 steps, improv/step: 0.688 (last = 0.0000), fitness=6.489011720
6430.15 secs, 31 evals, 17 steps, improv/step: 0.706 (last = 1.0000), fitness=6.489011720
6859.19 secs, 33 evals, 18 steps, improv/step: 0.667 (last = 0.0000), fitness=6.489011720
7237.05 secs, 35 evals, 19 steps, improv/step: 0.684 (last = 1.0000), fitness=6.489011720
7621.69 secs, 37 evals, 20 steps, improv/step: 0.650 (last = 0.0000), fitness=6.489011720
7820.80 secs, 39 evals, 21 steps, improv/step: 0.619 (last = 0.0000), fitness=6.489011720
8240.39 secs, 41 evals, 22 steps, improv/step: 0.591 (last = 0.0000), fitness=6.489011720
8580.31 secs, 43 evals, 23 steps, improv/step: 0.565 (last = 0.0000), fitness=6.489011720
8770.25 secs, 44 evals, 24 steps, improv/step: 0.542 (last = 0.0000), fitness=6.489011720
9174.82 secs, 46 evals, 25 steps, improv/step: 0.560 (last = 1.0000), fitness=6.489011720
9471.67 secs, 48 evals, 26 steps, improv/step: 0.538 (last = 0.0000), fitness=6.489011720
9674.66 secs, 49 evals, 27 steps, improv/step: 0.556 (last = 1.0000), fitness=6.489011720
9957.14 secs, 51 evals, 28 steps, improv/step: 0.536 (last = 0.0000), fitness=6.489011720
10166.83 secs, 52 evals, 29 steps, improv/step: 0.552 (last = 1.0000), fitness=6.489011720
10582.55 secs, 54 evals, 30 steps, improv/step: 0.533 (last = 0.0000), fitness=6.489011720

Optimization stopped after 31 steps and 10974.88 seconds
Termination reason: Max time (10800.0 s) reached
Steps per second = 0.00
Function evals per second = 0.01
Improvements/step = Inf
Total function evaluations = 56


Best candidate found: [0.821311, 0.859437]

Fitness: 6.489011720

