N_Jobs_Total: 144
Starting optimization with optimizer DiffEvoOpt{FitPopulation{Float64}, RadiusLimitedSelector, BlackBoxOptim.AdaptiveDiffEvoRandBin{3}, RandomBound{ContinuousRectSearchSpace}}
0.00 secs, 0 evals, 0 steps
357.98 secs, 2 evals, 1 steps, improv/step: 1.000 (last = 1.0000), fitness=1.907792756
741.08 secs, 4 evals, 2 steps, improv/step: 0.500 (last = 0.0000), fitness=1.907792756
1050.73 secs, 6 evals, 3 steps, improv/step: 0.667 (last = 1.0000), fitness=1.907792756
1281.68 secs, 8 evals, 4 steps, improv/step: 0.750 (last = 1.0000), fitness=1.907792756
1673.08 secs, 10 evals, 5 steps, improv/step: 0.800 (last = 1.0000), fitness=1.907792756
2074.07 secs, 12 evals, 6 steps, improv/step: 0.667 (last = 0.0000), fitness=1.907792756
2390.62 secs, 14 evals, 7 steps, improv/step: 0.714 (last = 1.0000), fitness=1.907792756
2661.99 secs, 16 evals, 8 steps, improv/step: 0.625 (last = 0.0000), fitness=1.907792756
3051.16 secs, 18 evals, 9 steps, improv/step: 0.667 (last = 1.0000), fitness=1.907792756
3237.92 secs, 20 evals, 10 steps, improv/step: 0.600 (last = 0.0000), fitness=1.907792756
3588.21 secs, 22 evals, 11 steps, improv/step: 0.636 (last = 1.0000), fitness=1.907792756
3932.60 secs, 24 evals, 12 steps, improv/step: 0.583 (last = 0.0000), fitness=1.907792756
4302.51 secs, 26 evals, 13 steps, improv/step: 0.615 (last = 1.0000), fitness=1.907792756
4640.36 secs, 28 evals, 14 steps, improv/step: 0.571 (last = 0.0000), fitness=1.907792756
5038.11 secs, 30 evals, 15 steps, improv/step: 0.600 (last = 1.0000), fitness=1.907792756
5129.93 secs, 31 evals, 16 steps, improv/step: 0.562 (last = 0.0000), fitness=1.907792756
5491.63 secs, 33 evals, 17 steps, improv/step: 0.588 (last = 1.0000), fitness=1.907792756
5850.89 secs, 35 evals, 18 steps, improv/step: 0.556 (last = 0.0000), fitness=1.907792756
6122.20 secs, 37 evals, 19 steps, improv/step: 0.579 (last = 1.0000), fitness=1.907792756
6498.41 secs, 39 evals, 20 steps, improv/step: 0.550 (last = 0.0000), fitness=1.907792756
6792.61 secs, 41 evals, 21 steps, improv/step: 0.524 (last = 0.0000), fitness=1.907792756
7180.82 secs, 43 evals, 22 steps, improv/step: 0.545 (last = 1.0000), fitness=1.907792756
7459.87 secs, 45 evals, 23 steps, improv/step: 0.522 (last = 0.0000), fitness=1.907792756
7831.88 secs, 47 evals, 24 steps, improv/step: 0.542 (last = 1.0000), fitness=1.907792756
8132.19 secs, 49 evals, 25 steps, improv/step: 0.520 (last = 0.0000), fitness=1.907792756
8461.95 secs, 51 evals, 26 steps, improv/step: 0.538 (last = 1.0000), fitness=1.907792756
8801.53 secs, 53 evals, 27 steps, improv/step: 0.519 (last = 0.0000), fitness=1.907792756
9198.29 secs, 55 evals, 28 steps, improv/step: 0.500 (last = 0.0000), fitness=1.907792756
9275.46 secs, 56 evals, 29 steps, improv/step: 0.483 (last = 0.0000), fitness=1.907792756
9348.56 secs, 57 evals, 30 steps, improv/step: 0.467 (last = 0.0000), fitness=1.907792756
9660.89 secs, 59 evals, 31 steps, improv/step: 0.452 (last = 0.0000), fitness=1.907792756
10046.00 secs, 61 evals, 32 steps, improv/step: 0.469 (last = 1.0000), fitness=1.907792756
10398.03 secs, 63 evals, 33 steps, improv/step: 0.455 (last = 0.0000), fitness=1.907792756
10790.88 secs, 65 evals, 34 steps, improv/step: 0.441 (last = 0.0000), fitness=1.907792756

Optimization stopped after 35 steps and 11189.08 seconds
Termination reason: Max time (10800.0 s) reached
Steps per second = 0.00
Function evals per second = 0.01
Improvements/step = Inf
Total function evaluations = 67


Best candidate found: [0.823476, 0.989667]

Fitness: 1.907792756

