N_Jobs_Total: 144
Starting optimization with optimizer DiffEvoOpt{FitPopulation{Float64}, RadiusLimitedSelector, BlackBoxOptim.AdaptiveDiffEvoRandBin{3}, RandomBound{ContinuousRectSearchSpace}}
0.00 secs, 0 evals, 0 steps
513.98 secs, 2 evals, 1 steps, fitness=40.954571535
1024.46 secs, 4 evals, 2 steps, fitness=40.954571535
1552.64 secs, 6 evals, 3 steps, improv/step: 0.333 (last = 1.0000), fitness=40.954571535
1737.76 secs, 8 evals, 4 steps, improv/step: 0.250 (last = 0.0000), fitness=40.954571535
2199.26 secs, 10 evals, 5 steps, improv/step: 0.200 (last = 0.0000), fitness=40.954571535
2676.38 secs, 12 evals, 6 steps, improv/step: 0.167 (last = 0.0000), fitness=40.954571535
2995.93 secs, 14 evals, 7 steps, improv/step: 0.143 (last = 0.0000), fitness=8.517563321
3412.84 secs, 16 evals, 8 steps, improv/step: 0.125 (last = 0.0000), fitness=2.020290615
3943.83 secs, 18 evals, 9 steps, improv/step: 0.111 (last = 0.0000), fitness=2.020290615
4425.48 secs, 20 evals, 10 steps, improv/step: 0.100 (last = 0.0000), fitness=2.020290615
4904.99 secs, 22 evals, 11 steps, improv/step: 0.091 (last = 0.0000), fitness=2.020290615
5198.24 secs, 24 evals, 12 steps, improv/step: 0.167 (last = 1.0000), fitness=2.020290615
5645.24 secs, 26 evals, 13 steps, improv/step: 0.231 (last = 1.0000), fitness=2.020290615
5955.84 secs, 28 evals, 14 steps, improv/step: 0.214 (last = 0.0000), fitness=2.020290615
6266.41 secs, 30 evals, 15 steps, improv/step: 0.267 (last = 1.0000), fitness=2.020290615
6490.13 secs, 31 evals, 16 steps, improv/step: 0.250 (last = 0.0000), fitness=2.020290615
6925.51 secs, 33 evals, 17 steps, improv/step: 0.235 (last = 0.0000), fitness=2.020290615
7257.03 secs, 35 evals, 18 steps, improv/step: 0.278 (last = 1.0000), fitness=2.020290615
7462.37 secs, 37 evals, 19 steps, improv/step: 0.316 (last = 1.0000), fitness=2.020290615
7652.59 secs, 38 evals, 20 steps, improv/step: 0.350 (last = 1.0000), fitness=2.020290615
7872.79 secs, 39 evals, 21 steps, improv/step: 0.333 (last = 0.0000), fitness=2.020290615
8286.47 secs, 41 evals, 22 steps, improv/step: 0.318 (last = 0.0000), fitness=2.020290615
8722.29 secs, 43 evals, 23 steps, improv/step: 0.304 (last = 0.0000), fitness=2.020290615
9151.27 secs, 45 evals, 24 steps, improv/step: 0.333 (last = 1.0000), fitness=2.020290615
9597.80 secs, 47 evals, 25 steps, improv/step: 0.320 (last = 0.0000), fitness=2.020290615
10044.09 secs, 49 evals, 26 steps, improv/step: 0.346 (last = 1.0000), fitness=2.020290615
10221.40 secs, 50 evals, 27 steps, improv/step: 0.370 (last = 1.0000), fitness=2.020290615
10433.54 secs, 51 evals, 28 steps, improv/step: 0.357 (last = 0.0000), fitness=2.020290615

Optimization stopped after 29 steps and 10830.61 seconds
Termination reason: Max time (10800.0 s) reached
Steps per second = 0.00
Function evals per second = 0.00
Improvements/step = Inf
Total function evaluations = 53


Best candidate found: [0.126141, 0.30345]

Fitness: 2.020290615

