N_Jobs_Total: 14700
N_Runs: 60
Job: 7106, N_Quanta: 10, epsilon: 0.52, NT_per_Second: 25, mem_slope: 0.2
Job: 7107, N_Quanta: 10, epsilon: 0.52, NT_per_Second: 50, mem_slope: 0.2
Job: 7108, N_Quanta: 10, epsilon: 0.52, NT_per_Second: 100, mem_slope: 0.2
Job: 7109, N_Quanta: 10, epsilon: 0.52, NT_per_Second: 200, mem_slope: 0.2
Job: 7110, N_Quanta: 10, epsilon: 0.52, NT_per_Second: 400, mem_slope: 0.2
Job: 7111, N_Quanta: 11, epsilon: 0.52, NT_per_Second: 10, mem_slope: 0.2
Job: 7112, N_Quanta: 11, epsilon: 0.52, NT_per_Second: 25, mem_slope: 0.2
Job: 7113, N_Quanta: 11, epsilon: 0.52, NT_per_Second: 50, mem_slope: 0.2
Job: 7114, N_Quanta: 11, epsilon: 0.52, NT_per_Second: 100, mem_slope: 0.2
Job: 7115, N_Quanta: 11, epsilon: 0.52, NT_per_Second: 200, mem_slope: 0.2
Job: 7116, N_Quanta: 11, epsilon: 0.52, NT_per_Second: 400, mem_slope: 0.2
Job: 7117, N_Quanta: 12, epsilon: 0.52, NT_per_Second: 10, mem_slope: 0.2
Job: 7118, N_Quanta: 12, epsilon: 0.52, NT_per_Second: 25, mem_slope: 0.2
Job: 7119, N_Quanta: 12, epsilon: 0.52, NT_per_Second: 50, mem_slope: 0.2
Job: 7120, N_Quanta: 12, epsilon: 0.52, NT_per_Second: 100, mem_slope: 0.2
Job: 7121, N_Quanta: 12, epsilon: 0.52, NT_per_Second: 200, mem_slope: 0.2
Job: 7122, N_Quanta: 12, epsilon: 0.52, NT_per_Second: 400, mem_slope: 0.2
Job: 7123, N_Quanta: 13, epsilon: 0.52, NT_per_Second: 10, mem_slope: 0.2
Job: 7124, N_Quanta: 13, epsilon: 0.52, NT_per_Second: 25, mem_slope: 0.2
Job: 7125, N_Quanta: 13, epsilon: 0.52, NT_per_Second: 50, mem_slope: 0.2
Job: 7126, N_Quanta: 13, epsilon: 0.52, NT_per_Second: 100, mem_slope: 0.2
Job: 7127, N_Quanta: 13, epsilon: 0.52, NT_per_Second: 200, mem_slope: 0.2
Job: 7128, N_Quanta: 13, epsilon: 0.52, NT_per_Second: 400, mem_slope: 0.2
Job: 7129, N_Quanta: 14, epsilon: 0.52, NT_per_Second: 10, mem_slope: 0.2
Job: 7130, N_Quanta: 14, epsilon: 0.52, NT_per_Second: 25, mem_slope: 0.2
Job: 7131, N_Quanta: 14, epsilon: 0.52, NT_per_Second: 50, mem_slope: 0.2
Job: 7132, N_Quanta: 14, epsilon: 0.52, NT_per_Second: 100, mem_slope: 0.2
Job: 7133, N_Quanta: 14, epsilon: 0.52, NT_per_Second: 200, mem_slope: 0.2
Job: 7134, N_Quanta: 14, epsilon: 0.52, NT_per_Second: 400, mem_slope: 0.2
Job: 7135, N_Quanta: 15, epsilon: 0.52, NT_per_Second: 10, mem_slope: 0.2
Job: 7136, N_Quanta: 15, epsilon: 0.52, NT_per_Second: 25, mem_slope: 0.2
Job: 7137, N_Quanta: 15, epsilon: 0.52, NT_per_Second: 50, mem_slope: 0.2
Job: 7138, N_Quanta: 15, epsilon: 0.52, NT_per_Second: 100, mem_slope: 0.2
Job: 7139, N_Quanta: 15, epsilon: 0.52, NT_per_Second: 200, mem_slope: 0.2
Job: 7140, N_Quanta: 15, epsilon: 0.52, NT_per_Second: 400, mem_slope: 0.2
Job: 7141, N_Quanta: 16, epsilon: 0.52, NT_per_Second: 10, mem_slope: 0.2
Job: 7142, N_Quanta: 16, epsilon: 0.52, NT_per_Second: 25, mem_slope: 0.2
Job: 7143, N_Quanta: 16, epsilon: 0.52, NT_per_Second: 50, mem_slope: 0.2
Job: 7144, N_Quanta: 16, epsilon: 0.52, NT_per_Second: 100, mem_slope: 0.2
Job: 7145, N_Quanta: 16, epsilon: 0.52, NT_per_Second: 200, mem_slope: 0.2
Job: 7146, N_Quanta: 16, epsilon: 0.52, NT_per_Second: 400, mem_slope: 0.2
Job: 7147, N_Quanta: 17, epsilon: 0.52, NT_per_Second: 10, mem_slope: 0.2
Job: 7148, N_Quanta: 17, epsilon: 0.52, NT_per_Second: 25, mem_slope: 0.2
Job: 7149, N_Quanta: 17, epsilon: 0.52, NT_per_Second: 50, mem_slope: 0.2
Job: 7150, N_Quanta: 17, epsilon: 0.52, NT_per_Second: 100, mem_slope: 0.2
Job: 7151, N_Quanta: 17, epsilon: 0.52, NT_per_Second: 200, mem_slope: 0.2
Job: 7152, N_Quanta: 17, epsilon: 0.52, NT_per_Second: 400, mem_slope: 0.2
Job: 7153, N_Quanta: 18, epsilon: 0.52, NT_per_Second: 10, mem_slope: 0.2
Job: 7154, N_Quanta: 18, epsilon: 0.52, NT_per_Second: 25, mem_slope: 0.2
Job: 7155, N_Quanta: 18, epsilon: 0.52, NT_per_Second: 50, mem_slope: 0.2
Job: 7156, N_Quanta: 18, epsilon: 0.52, NT_per_Second: 100, mem_slope: 0.2
Job: 7157, N_Quanta: 18, epsilon: 0.52, NT_per_Second: 200, mem_slope: 0.2
Job: 7158, N_Quanta: 18, epsilon: 0.52, NT_per_Second: 400, mem_slope: 0.2
Job: 7159, N_Quanta: 19, epsilon: 0.52, NT_per_Second: 10, mem_slope: 0.2
Job: 7160, N_Quanta: 19, epsilon: 0.52, NT_per_Second: 25, mem_slope: 0.2
Job: 7161, N_Quanta: 19, epsilon: 0.52, NT_per_Second: 50, mem_slope: 0.2
Job: 7162, N_Quanta: 19, epsilon: 0.52, NT_per_Second: 100, mem_slope: 0.2
Job: 7163, N_Quanta: 19, epsilon: 0.52, NT_per_Second: 200, mem_slope: 0.2
Job: 7164, N_Quanta: 19, epsilon: 0.52, NT_per_Second: 400, mem_slope: 0.2
Job: 7165, N_Quanta: 20, epsilon: 0.52, NT_per_Second: 10, mem_slope: 0.2
Job: 7166, N_Quanta: 20, epsilon: 0.52, NT_per_Second: 25, mem_slope: 0.2
Job: 7167, N_Quanta: 20, epsilon: 0.52, NT_per_Second: 50, mem_slope: 0.2
Job: 7168, N_Quanta: 20, epsilon: 0.52, NT_per_Second: 100, mem_slope: 0.2
Job: 7169, N_Quanta: 20, epsilon: 0.52, NT_per_Second: 200, mem_slope: 0.2
Job: 7170, N_Quanta: 20, epsilon: 0.52, NT_per_Second: 400, mem_slope: 0.2
Job: 7171, N_Quanta: 21, epsilon: 0.52, NT_per_Second: 10, mem_slope: 0.2
Job: 7172, N_Quanta: 21, epsilon: 0.52, NT_per_Second: 25, mem_slope: 0.2
Job: 7173, N_Quanta: 21, epsilon: 0.52, NT_per_Second: 50, mem_slope: 0.2
Job: 7174, N_Quanta: 21, epsilon: 0.52, NT_per_Second: 100, mem_slope: 0.2
Job: 7175, N_Quanta: 21, epsilon: 0.52, NT_per_Second: 200, mem_slope: 0.2
Job: 7176, N_Quanta: 21, epsilon: 0.52, NT_per_Second: 400, mem_slope: 0.2
Job: 7177, N_Quanta: 22, epsilon: 0.52, NT_per_Second: 10, mem_slope: 0.2
Job: 7178, N_Quanta: 22, epsilon: 0.52, NT_per_Second: 25, mem_slope: 0.2
Job: 7179, N_Quanta: 22, epsilon: 0.52, NT_per_Second: 50, mem_slope: 0.2
Job: 7180, N_Quanta: 22, epsilon: 0.52, NT_per_Second: 100, mem_slope: 0.2
Job: 7181, N_Quanta: 22, epsilon: 0.52, NT_per_Second: 200, mem_slope: 0.2
Job: 7182, N_Quanta: 22, epsilon: 0.52, NT_per_Second: 400, mem_slope: 0.2
Job: 7183, N_Quanta: 23, epsilon: 0.52, NT_per_Second: 10, mem_slope: 0.2
Job: 7184, N_Quanta: 23, epsilon: 0.52, NT_per_Second: 25, mem_slope: 0.2
Job: 7185, N_Quanta: 23, epsilon: 0.52, NT_per_Second: 50, mem_slope: 0.2
Job: 7186, N_Quanta: 23, epsilon: 0.52, NT_per_Second: 100, mem_slope: 0.2
Job: 7187, N_Quanta: 23, epsilon: 0.52, NT_per_Second: 200, mem_slope: 0.2
Job: 7188, N_Quanta: 23, epsilon: 0.52, NT_per_Second: 400, mem_slope: 0.2
Job: 7189, N_Quanta: 24, epsilon: 0.52, NT_per_Second: 10, mem_slope: 0.2
Job: 7190, N_Quanta: 24, epsilon: 0.52, NT_per_Second: 25, mem_slope: 0.2
Job: 7191, N_Quanta: 24, epsilon: 0.52, NT_per_Second: 50, mem_slope: 0.2
Job: 7192, N_Quanta: 24, epsilon: 0.52, NT_per_Second: 100, mem_slope: 0.2
Job: 7193, N_Quanta: 24, epsilon: 0.52, NT_per_Second: 200, mem_slope: 0.2
Job: 7194, N_Quanta: 24, epsilon: 0.52, NT_per_Second: 400, mem_slope: 0.2
Job: 7195, N_Quanta: 25, epsilon: 0.52, NT_per_Second: 10, mem_slope: 0.2
Job: 7196, N_Quanta: 25, epsilon: 0.52, NT_per_Second: 25, mem_slope: 0.2
Job: 7197, N_Quanta: 25, epsilon: 0.52, NT_per_Second: 50, mem_slope: 0.2
Job: 7198, N_Quanta: 25, epsilon: 0.52, NT_per_Second: 100, mem_slope: 0.2
Job: 7199, N_Quanta: 25, epsilon: 0.52, NT_per_Second: 200, mem_slope: 0.2
Job: 7200, N_Quanta: 25, epsilon: 0.52, NT_per_Second: 400, mem_slope: 0.2
Job: 7201, N_Quanta: 26, epsilon: 0.52, NT_per_Second: 10, mem_slope: 0.2
Job: 7202, N_Quanta: 26, epsilon: 0.52, NT_per_Second: 25, mem_slope: 0.2
Job: 7203, N_Quanta: 26, epsilon: 0.52, NT_per_Second: 50, mem_slope: 0.2
Job: 7204, N_Quanta: 26, epsilon: 0.52, NT_per_Second: 100, mem_slope: 0.2
Job: 7205, N_Quanta: 26, epsilon: 0.52, NT_per_Second: 200, mem_slope: 0.2
Job: 7206, N_Quanta: 26, epsilon: 0.52, NT_per_Second: 400, mem_slope: 0.2
Job: 7207, N_Quanta: 27, epsilon: 0.52, NT_per_Second: 10, mem_slope: 0.2
Job: 7208, N_Quanta: 27, epsilon: 0.52, NT_per_Second: 25, mem_slope: 0.2
Job: 7209, N_Quanta: 27, epsilon: 0.52, NT_per_Second: 50, mem_slope: 0.2
Job: 7210, N_Quanta: 27, epsilon: 0.52, NT_per_Second: 100, mem_slope: 0.2
Job: 7211, N_Quanta: 27, epsilon: 0.52, NT_per_Second: 200, mem_slope: 0.2
Job: 7212, N_Quanta: 27, epsilon: 0.52, NT_per_Second: 400, mem_slope: 0.2
Job: 7213, N_Quanta: 28, epsilon: 0.52, NT_per_Second: 10, mem_slope: 0.2
Job: 7214, N_Quanta: 28, epsilon: 0.52, NT_per_Second: 25, mem_slope: 0.2
Job: 7215, N_Quanta: 28, epsilon: 0.52, NT_per_Second: 50, mem_slope: 0.2
Job: 7216, N_Quanta: 28, epsilon: 0.52, NT_per_Second: 100, mem_slope: 0.2
Job: 7217, N_Quanta: 28, epsilon: 0.52, NT_per_Second: 200, mem_slope: 0.2
Job: 7218, N_Quanta: 28, epsilon: 0.52, NT_per_Second: 400, mem_slope: 0.2
Job: 7219, N_Quanta: 29, epsilon: 0.52, NT_per_Second: 10, mem_slope: 0.2
Job: 7220, N_Quanta: 29, epsilon: 0.52, NT_per_Second: 25, mem_slope: 0.2
Job: 7221, N_Quanta: 29, epsilon: 0.52, NT_per_Second: 50, mem_slope: 0.2
Job: 7222, N_Quanta: 29, epsilon: 0.52, NT_per_Second: 100, mem_slope: 0.2
Job: 7223, N_Quanta: 29, epsilon: 0.52, NT_per_Second: 200, mem_slope: 0.2
Job: 7224, N_Quanta: 29, epsilon: 0.52, NT_per_Second: 400, mem_slope: 0.2
Job: 7225, N_Quanta: 30, epsilon: 0.52, NT_per_Second: 10, mem_slope: 0.2
Job: 7226, N_Quanta: 30, epsilon: 0.52, NT_per_Second: 25, mem_slope: 0.2
Job: 7227, N_Quanta: 30, epsilon: 0.52, NT_per_Second: 50, mem_slope: 0.2
Job: 7228, N_Quanta: 30, epsilon: 0.52, NT_per_Second: 100, mem_slope: 0.2
Job: 7229, N_Quanta: 30, epsilon: 0.52, NT_per_Second: 200, mem_slope: 0.2
Job: 7230, N_Quanta: 30, epsilon: 0.52, NT_per_Second: 400, mem_slope: 0.2
Job: 7231, N_Quanta: 31, epsilon: 0.52, NT_per_Second: 10, mem_slope: 0.2
Job: 7232, N_Quanta: 31, epsilon: 0.52, NT_per_Second: 25, mem_slope: 0.2
Job: 7233, N_Quanta: 31, epsilon: 0.52, NT_per_Second: 50, mem_slope: 0.2
Job: 7234, N_Quanta: 31, epsilon: 0.52, NT_per_Second: 100, mem_slope: 0.2
Job: 7235, N_Quanta: 31, epsilon: 0.52, NT_per_Second: 200, mem_slope: 0.2
Job: 7236, N_Quanta: 31, epsilon: 0.52, NT_per_Second: 400, mem_slope: 0.2
Job: 7237, N_Quanta: 32, epsilon: 0.52, NT_per_Second: 10, mem_slope: 0.2
Job: 7238, N_Quanta: 32, epsilon: 0.52, NT_per_Second: 25, mem_slope: 0.2
Job: 7239, N_Quanta: 32, epsilon: 0.52, NT_per_Second: 50, mem_slope: 0.2
Job: 7240, N_Quanta: 32, epsilon: 0.52, NT_per_Second: 100, mem_slope: 0.2
Job: 7241, N_Quanta: 32, epsilon: 0.52, NT_per_Second: 200, mem_slope: 0.2
Job: 7242, N_Quanta: 32, epsilon: 0.52, NT_per_Second: 400, mem_slope: 0.2
Job: 7243, N_Quanta: 33, epsilon: 0.52, NT_per_Second: 10, mem_slope: 0.2
Job: 7244, N_Quanta: 33, epsilon: 0.52, NT_per_Second: 25, mem_slope: 0.2
Job: 7245, N_Quanta: 33, epsilon: 0.52, NT_per_Second: 50, mem_slope: 0.2
Job: 7246, N_Quanta: 33, epsilon: 0.52, NT_per_Second: 100, mem_slope: 0.2
Job: 7247, N_Quanta: 33, epsilon: 0.52, NT_per_Second: 200, mem_slope: 0.2
Job: 7248, N_Quanta: 33, epsilon: 0.52, NT_per_Second: 400, mem_slope: 0.2
Job: 7249, N_Quanta: 34, epsilon: 0.52, NT_per_Second: 10, mem_slope: 0.2
Job: 7250, N_Quanta: 34, epsilon: 0.52, NT_per_Second: 25, mem_slope: 0.2
Job: 7251, N_Quanta: 34, epsilon: 0.52, NT_per_Second: 50, mem_slope: 0.2
Job: 7252, N_Quanta: 34, epsilon: 0.52, NT_per_Second: 100, mem_slope: 0.2
Job: 7253, N_Quanta: 34, epsilon: 0.52, NT_per_Second: 200, mem_slope: 0.2
Job: 7254, N_Quanta: 34, epsilon: 0.52, NT_per_Second: 400, mem_slope: 0.2
Job: 7255, N_Quanta: 35, epsilon: 0.52, NT_per_Second: 10, mem_slope: 0.2
Job: 7256, N_Quanta: 35, epsilon: 0.52, NT_per_Second: 25, mem_slope: 0.2
Job: 7257, N_Quanta: 35, epsilon: 0.52, NT_per_Second: 50, mem_slope: 0.2
Job: 7258, N_Quanta: 35, epsilon: 0.52, NT_per_Second: 100, mem_slope: 0.2
Job: 7259, N_Quanta: 35, epsilon: 0.52, NT_per_Second: 200, mem_slope: 0.2
Job: 7260, N_Quanta: 35, epsilon: 0.52, NT_per_Second: 400, mem_slope: 0.2
Job: 7261, N_Quanta: 36, epsilon: 0.52, NT_per_Second: 10, mem_slope: 0.2
Job: 7262, N_Quanta: 36, epsilon: 0.52, NT_per_Second: 25, mem_slope: 0.2
Job: 7263, N_Quanta: 36, epsilon: 0.52, NT_per_Second: 50, mem_slope: 0.2
Job: 7264, N_Quanta: 36, epsilon: 0.52, NT_per_Second: 100, mem_slope: 0.2
Job: 7265, N_Quanta: 36, epsilon: 0.52, NT_per_Second: 200, mem_slope: 0.2
Job: 7266, N_Quanta: 36, epsilon: 0.52, NT_per_Second: 400, mem_slope: 0.2
Job: 7267, N_Quanta: 37, epsilon: 0.52, NT_per_Second: 10, mem_slope: 0.2
Job: 7268, N_Quanta: 37, epsilon: 0.52, NT_per_Second: 25, mem_slope: 0.2
Job: 7269, N_Quanta: 37, epsilon: 0.52, NT_per_Second: 50, mem_slope: 0.2
Job: 7270, N_Quanta: 37, epsilon: 0.52, NT_per_Second: 100, mem_slope: 0.2
Job: 7271, N_Quanta: 37, epsilon: 0.52, NT_per_Second: 200, mem_slope: 0.2
Job: 7272, N_Quanta: 37, epsilon: 0.52, NT_per_Second: 400, mem_slope: 0.2
Job: 7273, N_Quanta: 38, epsilon: 0.52, NT_per_Second: 10, mem_slope: 0.2
Job: 7274, N_Quanta: 38, epsilon: 0.52, NT_per_Second: 25, mem_slope: 0.2
Job: 7275, N_Quanta: 38, epsilon: 0.52, NT_per_Second: 50, mem_slope: 0.2
Job: 7276, N_Quanta: 38, epsilon: 0.52, NT_per_Second: 100, mem_slope: 0.2
Job: 7277, N_Quanta: 38, epsilon: 0.52, NT_per_Second: 200, mem_slope: 0.2
Job: 7278, N_Quanta: 38, epsilon: 0.52, NT_per_Second: 400, mem_slope: 0.2
Job: 7279, N_Quanta: 39, epsilon: 0.52, NT_per_Second: 10, mem_slope: 0.2
Job: 7280, N_Quanta: 39, epsilon: 0.52, NT_per_Second: 25, mem_slope: 0.2
Job: 7281, N_Quanta: 39, epsilon: 0.52, NT_per_Second: 50, mem_slope: 0.2
Job: 7282, N_Quanta: 39, epsilon: 0.52, NT_per_Second: 100, mem_slope: 0.2
Job: 7283, N_Quanta: 39, epsilon: 0.52, NT_per_Second: 200, mem_slope: 0.2
Job: 7284, N_Quanta: 39, epsilon: 0.52, NT_per_Second: 400, mem_slope: 0.2
Job: 7285, N_Quanta: 40, epsilon: 0.52, NT_per_Second: 10, mem_slope: 0.2
Job: 7286, N_Quanta: 40, epsilon: 0.52, NT_per_Second: 25, mem_slope: 0.2
Job: 7287, N_Quanta: 40, epsilon: 0.52, NT_per_Second: 50, mem_slope: 0.2
Job: 7288, N_Quanta: 40, epsilon: 0.52, NT_per_Second: 100, mem_slope: 0.2
Job: 7289, N_Quanta: 40, epsilon: 0.52, NT_per_Second: 200, mem_slope: 0.2
Job: 7290, N_Quanta: 40, epsilon: 0.52, NT_per_Second: 400, mem_slope: 0.2
Job: 7291, N_Quanta: 41, epsilon: 0.52, NT_per_Second: 10, mem_slope: 0.2
Job: 7292, N_Quanta: 41, epsilon: 0.52, NT_per_Second: 25, mem_slope: 0.2
Job: 7293, N_Quanta: 41, epsilon: 0.52, NT_per_Second: 50, mem_slope: 0.2
Job: 7294, N_Quanta: 41, epsilon: 0.52, NT_per_Second: 100, mem_slope: 0.2
Job: 7295, N_Quanta: 41, epsilon: 0.52, NT_per_Second: 200, mem_slope: 0.2
Job: 7296, N_Quanta: 41, epsilon: 0.52, NT_per_Second: 400, mem_slope: 0.2
Job: 7297, N_Quanta: 42, epsilon: 0.52, NT_per_Second: 10, mem_slope: 0.2
Job: 7298, N_Quanta: 42, epsilon: 0.52, NT_per_Second: 25, mem_slope: 0.2
Job: 7299, N_Quanta: 42, epsilon: 0.52, NT_per_Second: 50, mem_slope: 0.2
Job: 7300, N_Quanta: 42, epsilon: 0.52, NT_per_Second: 100, mem_slope: 0.2
Job: 7301, N_Quanta: 42, epsilon: 0.52, NT_per_Second: 200, mem_slope: 0.2
Job: 7302, N_Quanta: 42, epsilon: 0.52, NT_per_Second: 400, mem_slope: 0.2
Job: 7303, N_Quanta: 43, epsilon: 0.52, NT_per_Second: 10, mem_slope: 0.2
Job: 7304, N_Quanta: 43, epsilon: 0.52, NT_per_Second: 25, mem_slope: 0.2
Job: 7305, N_Quanta: 43, epsilon: 0.52, NT_per_Second: 50, mem_slope: 0.2
Job: 7306, N_Quanta: 43, epsilon: 0.52, NT_per_Second: 100, mem_slope: 0.2
Job: 7307, N_Quanta: 43, epsilon: 0.52, NT_per_Second: 200, mem_slope: 0.2
Job: 7308, N_Quanta: 43, epsilon: 0.52, NT_per_Second: 400, mem_slope: 0.2
Job: 7309, N_Quanta: 44, epsilon: 0.52, NT_per_Second: 10, mem_slope: 0.2
Job: 7310, N_Quanta: 44, epsilon: 0.52, NT_per_Second: 25, mem_slope: 0.2
Job: 7311, N_Quanta: 44, epsilon: 0.52, NT_per_Second: 50, mem_slope: 0.2
Job: 7312, N_Quanta: 44, epsilon: 0.52, NT_per_Second: 100, mem_slope: 0.2
Job: 7313, N_Quanta: 44, epsilon: 0.52, NT_per_Second: 200, mem_slope: 0.2
Job: 7314, N_Quanta: 44, epsilon: 0.52, NT_per_Second: 400, mem_slope: 0.2
Job: 7315, N_Quanta: 45, epsilon: 0.52, NT_per_Second: 10, mem_slope: 0.2
Job: 7316, N_Quanta: 45, epsilon: 0.52, NT_per_Second: 25, mem_slope: 0.2
Job: 7317, N_Quanta: 45, epsilon: 0.52, NT_per_Second: 50, mem_slope: 0.2
Job: 7318, N_Quanta: 45, epsilon: 0.52, NT_per_Second: 100, mem_slope: 0.2
Job: 7319, N_Quanta: 45, epsilon: 0.52, NT_per_Second: 200, mem_slope: 0.2
Job: 7320, N_Quanta: 45, epsilon: 0.52, NT_per_Second: 400, mem_slope: 0.2
Job: 7321, N_Quanta: 46, epsilon: 0.52, NT_per_Second: 10, mem_slope: 0.2
Job: 7322, N_Quanta: 46, epsilon: 0.52, NT_per_Second: 25, mem_slope: 0.2
Job: 7323, N_Quanta: 46, epsilon: 0.52, NT_per_Second: 50, mem_slope: 0.2
Job: 7324, N_Quanta: 46, epsilon: 0.52, NT_per_Second: 100, mem_slope: 0.2
Job: 7325, N_Quanta: 46, epsilon: 0.52, NT_per_Second: 200, mem_slope: 0.2
Job: 7326, N_Quanta: 46, epsilon: 0.52, NT_per_Second: 400, mem_slope: 0.2
Job: 7327, N_Quanta: 47, epsilon: 0.52, NT_per_Second: 10, mem_slope: 0.2
Job: 7328, N_Quanta: 47, epsilon: 0.52, NT_per_Second: 25, mem_slope: 0.2
Job: 7329, N_Quanta: 47, epsilon: 0.52, NT_per_Second: 50, mem_slope: 0.2
Job: 7330, N_Quanta: 47, epsilon: 0.52, NT_per_Second: 100, mem_slope: 0.2
Job: 7331, N_Quanta: 47, epsilon: 0.52, NT_per_Second: 200, mem_slope: 0.2
Job: 7332, N_Quanta: 47, epsilon: 0.52, NT_per_Second: 400, mem_slope: 0.2
Job: 7333, N_Quanta: 48, epsilon: 0.52, NT_per_Second: 10, mem_slope: 0.2
Job: 7334, N_Quanta: 48, epsilon: 0.52, NT_per_Second: 25, mem_slope: 0.2
Job: 7335, N_Quanta: 48, epsilon: 0.52, NT_per_Second: 50, mem_slope: 0.2
Job: 7336, N_Quanta: 48, epsilon: 0.52, NT_per_Second: 100, mem_slope: 0.2
Job: 7337, N_Quanta: 48, epsilon: 0.52, NT_per_Second: 200, mem_slope: 0.2
Job: 7338, N_Quanta: 48, epsilon: 0.52, NT_per_Second: 400, mem_slope: 0.2
Job: 7339, N_Quanta: 49, epsilon: 0.52, NT_per_Second: 10, mem_slope: 0.2
Job: 7340, N_Quanta: 49, epsilon: 0.52, NT_per_Second: 25, mem_slope: 0.2
Job: 7341, N_Quanta: 49, epsilon: 0.52, NT_per_Second: 50, mem_slope: 0.2
Job: 7342, N_Quanta: 49, epsilon: 0.52, NT_per_Second: 100, mem_slope: 0.2
Job: 7343, N_Quanta: 49, epsilon: 0.52, NT_per_Second: 200, mem_slope: 0.2
Job: 7344, N_Quanta: 49, epsilon: 0.52, NT_per_Second: 400, mem_slope: 0.2
Job: 7345, N_Quanta: 50, epsilon: 0.52, NT_per_Second: 10, mem_slope: 0.2
Job: 7346, N_Quanta: 50, epsilon: 0.52, NT_per_Second: 25, mem_slope: 0.2
Job: 7347, N_Quanta: 50, epsilon: 0.52, NT_per_Second: 50, mem_slope: 0.2
Job: 7348, N_Quanta: 50, epsilon: 0.52, NT_per_Second: 100, mem_slope: 0.2
Job: 7349, N_Quanta: 50, epsilon: 0.52, NT_per_Second: 200, mem_slope: 0.2
Job: 7350, N_Quanta: 50, epsilon: 0.52, NT_per_Second: 400, mem_slope: 0.2
