N_Jobs_Total: 2520
Job: 541, N_Quanta: 22, epsilon: 0.2, NT_per_Second: 25
Job: 542, N_Quanta: 22, epsilon: 0.2, NT_per_Second: 50
Job: 543, N_Quanta: 22, epsilon: 0.2, NT_per_Second: 100
Job: 544, N_Quanta: 22, epsilon: 0.2, NT_per_Second: 200
Job: 545, N_Quanta: 22, epsilon: 0.2, NT_per_Second: 400
Job: 546, N_Quanta: 22, epsilon: 0.2, NT_per_Second: 800
Job: 547, N_Quanta: 24, epsilon: 0.2, NT_per_Second: 25
Job: 548, N_Quanta: 24, epsilon: 0.2, NT_per_Second: 50
Job: 549, N_Quanta: 24, epsilon: 0.2, NT_per_Second: 100
Job: 550, N_Quanta: 24, epsilon: 0.2, NT_per_Second: 200
Job: 551, N_Quanta: 24, epsilon: 0.2, NT_per_Second: 400
Job: 552, N_Quanta: 24, epsilon: 0.2, NT_per_Second: 800
Job: 553, N_Quanta: 26, epsilon: 0.2, NT_per_Second: 25
Job: 554, N_Quanta: 26, epsilon: 0.2, NT_per_Second: 50
Job: 555, N_Quanta: 26, epsilon: 0.2, NT_per_Second: 100
Job: 556, N_Quanta: 26, epsilon: 0.2, NT_per_Second: 200
Job: 557, N_Quanta: 26, epsilon: 0.2, NT_per_Second: 400
Job: 558, N_Quanta: 26, epsilon: 0.2, NT_per_Second: 800
Job: 559, N_Quanta: 28, epsilon: 0.2, NT_per_Second: 25
Job: 560, N_Quanta: 28, epsilon: 0.2, NT_per_Second: 50
Job: 561, N_Quanta: 28, epsilon: 0.2, NT_per_Second: 100
Job: 562, N_Quanta: 28, epsilon: 0.2, NT_per_Second: 200
Job: 563, N_Quanta: 28, epsilon: 0.2, NT_per_Second: 400
Job: 564, N_Quanta: 28, epsilon: 0.2, NT_per_Second: 800
Job: 565, N_Quanta: 30, epsilon: 0.2, NT_per_Second: 25
Job: 566, N_Quanta: 30, epsilon: 0.2, NT_per_Second: 50
Job: 567, N_Quanta: 30, epsilon: 0.2, NT_per_Second: 100
Job: 568, N_Quanta: 30, epsilon: 0.2, NT_per_Second: 200
Job: 569, N_Quanta: 30, epsilon: 0.2, NT_per_Second: 400
Job: 570, N_Quanta: 30, epsilon: 0.2, NT_per_Second: 800
Job: 571, N_Quanta: 32, epsilon: 0.2, NT_per_Second: 25
Job: 572, N_Quanta: 32, epsilon: 0.2, NT_per_Second: 50
Job: 573, N_Quanta: 32, epsilon: 0.2, NT_per_Second: 100
Job: 574, N_Quanta: 32, epsilon: 0.2, NT_per_Second: 200
Job: 575, N_Quanta: 32, epsilon: 0.2, NT_per_Second: 400
Job: 576, N_Quanta: 32, epsilon: 0.2, NT_per_Second: 800
Job: 577, N_Quanta: 34, epsilon: 0.2, NT_per_Second: 25
Job: 578, N_Quanta: 34, epsilon: 0.2, NT_per_Second: 50
Job: 579, N_Quanta: 34, epsilon: 0.2, NT_per_Second: 100
Job: 580, N_Quanta: 34, epsilon: 0.2, NT_per_Second: 200
Job: 581, N_Quanta: 34, epsilon: 0.2, NT_per_Second: 400
Job: 582, N_Quanta: 34, epsilon: 0.2, NT_per_Second: 800
Job: 583, N_Quanta: 36, epsilon: 0.2, NT_per_Second: 25
Job: 584, N_Quanta: 36, epsilon: 0.2, NT_per_Second: 50
Job: 585, N_Quanta: 36, epsilon: 0.2, NT_per_Second: 100
Job: 586, N_Quanta: 36, epsilon: 0.2, NT_per_Second: 200
Job: 587, N_Quanta: 36, epsilon: 0.2, NT_per_Second: 400
Job: 588, N_Quanta: 36, epsilon: 0.2, NT_per_Second: 800
Job: 589, N_Quanta: 38, epsilon: 0.2, NT_per_Second: 25
Job: 590, N_Quanta: 38, epsilon: 0.2, NT_per_Second: 50
Job: 591, N_Quanta: 38, epsilon: 0.2, NT_per_Second: 100
Job: 592, N_Quanta: 38, epsilon: 0.2, NT_per_Second: 200
Job: 593, N_Quanta: 38, epsilon: 0.2, NT_per_Second: 400
Job: 594, N_Quanta: 38, epsilon: 0.2, NT_per_Second: 800
Job: 595, N_Quanta: 40, epsilon: 0.2, NT_per_Second: 25
Job: 596, N_Quanta: 40, epsilon: 0.2, NT_per_Second: 50
Job: 597, N_Quanta: 40, epsilon: 0.2, NT_per_Second: 100
Job: 598, N_Quanta: 40, epsilon: 0.2, NT_per_Second: 200
Job: 599, N_Quanta: 40, epsilon: 0.2, NT_per_Second: 400
Job: 600, N_Quanta: 40, epsilon: 0.2, NT_per_Second: 800
Job: 601, N_Quanta: 2, epsilon: 0.25, NT_per_Second: 25
Job: 602, N_Quanta: 2, epsilon: 0.25, NT_per_Second: 50
Job: 603, N_Quanta: 2, epsilon: 0.25, NT_per_Second: 100
Job: 604, N_Quanta: 2, epsilon: 0.25, NT_per_Second: 200
Job: 605, N_Quanta: 2, epsilon: 0.25, NT_per_Second: 400
Job: 606, N_Quanta: 2, epsilon: 0.25, NT_per_Second: 800
Job: 607, N_Quanta: 4, epsilon: 0.25, NT_per_Second: 25
Job: 608, N_Quanta: 4, epsilon: 0.25, NT_per_Second: 50
Job: 609, N_Quanta: 4, epsilon: 0.25, NT_per_Second: 100
Job: 610, N_Quanta: 4, epsilon: 0.25, NT_per_Second: 200
Job: 611, N_Quanta: 4, epsilon: 0.25, NT_per_Second: 400
Job: 612, N_Quanta: 4, epsilon: 0.25, NT_per_Second: 800
Job: 613, N_Quanta: 6, epsilon: 0.25, NT_per_Second: 25
Job: 614, N_Quanta: 6, epsilon: 0.25, NT_per_Second: 50
Job: 615, N_Quanta: 6, epsilon: 0.25, NT_per_Second: 100
Job: 616, N_Quanta: 6, epsilon: 0.25, NT_per_Second: 200
Job: 617, N_Quanta: 6, epsilon: 0.25, NT_per_Second: 400
Job: 618, N_Quanta: 6, epsilon: 0.25, NT_per_Second: 800
Job: 619, N_Quanta: 8, epsilon: 0.25, NT_per_Second: 25
Job: 620, N_Quanta: 8, epsilon: 0.25, NT_per_Second: 50
Job: 621, N_Quanta: 8, epsilon: 0.25, NT_per_Second: 100
Job: 622, N_Quanta: 8, epsilon: 0.25, NT_per_Second: 200
Job: 623, N_Quanta: 8, epsilon: 0.25, NT_per_Second: 400
Job: 624, N_Quanta: 8, epsilon: 0.25, NT_per_Second: 800
Job: 625, N_Quanta: 10, epsilon: 0.25, NT_per_Second: 25
Job: 626, N_Quanta: 10, epsilon: 0.25, NT_per_Second: 50
Job: 627, N_Quanta: 10, epsilon: 0.25, NT_per_Second: 100
Job: 628, N_Quanta: 10, epsilon: 0.25, NT_per_Second: 200
Job: 629, N_Quanta: 10, epsilon: 0.25, NT_per_Second: 400
Job: 630, N_Quanta: 10, epsilon: 0.25, NT_per_Second: 800
Job: 631, N_Quanta: 12, epsilon: 0.25, NT_per_Second: 25
Job: 632, N_Quanta: 12, epsilon: 0.25, NT_per_Second: 50
Job: 633, N_Quanta: 12, epsilon: 0.25, NT_per_Second: 100
Job: 634, N_Quanta: 12, epsilon: 0.25, NT_per_Second: 200
Job: 635, N_Quanta: 12, epsilon: 0.25, NT_per_Second: 400
Job: 636, N_Quanta: 12, epsilon: 0.25, NT_per_Second: 800
Job: 637, N_Quanta: 14, epsilon: 0.25, NT_per_Second: 25
Job: 638, N_Quanta: 14, epsilon: 0.25, NT_per_Second: 50
Job: 639, N_Quanta: 14, epsilon: 0.25, NT_per_Second: 100
Job: 640, N_Quanta: 14, epsilon: 0.25, NT_per_Second: 200
Job: 641, N_Quanta: 14, epsilon: 0.25, NT_per_Second: 400
Job: 642, N_Quanta: 14, epsilon: 0.25, NT_per_Second: 800
Job: 643, N_Quanta: 16, epsilon: 0.25, NT_per_Second: 25
Job: 644, N_Quanta: 16, epsilon: 0.25, NT_per_Second: 50
Job: 645, N_Quanta: 16, epsilon: 0.25, NT_per_Second: 100
Job: 646, N_Quanta: 16, epsilon: 0.25, NT_per_Second: 200
Job: 647, N_Quanta: 16, epsilon: 0.25, NT_per_Second: 400
Job: 648, N_Quanta: 16, epsilon: 0.25, NT_per_Second: 800
Job: 649, N_Quanta: 18, epsilon: 0.25, NT_per_Second: 25
Job: 650, N_Quanta: 18, epsilon: 0.25, NT_per_Second: 50
Job: 651, N_Quanta: 18, epsilon: 0.25, NT_per_Second: 100
Job: 652, N_Quanta: 18, epsilon: 0.25, NT_per_Second: 200
Job: 653, N_Quanta: 18, epsilon: 0.25, NT_per_Second: 400
Job: 654, N_Quanta: 18, epsilon: 0.25, NT_per_Second: 800
Job: 655, N_Quanta: 20, epsilon: 0.25, NT_per_Second: 25
Job: 656, N_Quanta: 20, epsilon: 0.25, NT_per_Second: 50
Job: 657, N_Quanta: 20, epsilon: 0.25, NT_per_Second: 100
Job: 658, N_Quanta: 20, epsilon: 0.25, NT_per_Second: 200
Job: 659, N_Quanta: 20, epsilon: 0.25, NT_per_Second: 400
Job: 660, N_Quanta: 20, epsilon: 0.25, NT_per_Second: 800
Job: 661, N_Quanta: 22, epsilon: 0.25, NT_per_Second: 25
Job: 662, N_Quanta: 22, epsilon: 0.25, NT_per_Second: 50
Job: 663, N_Quanta: 22, epsilon: 0.25, NT_per_Second: 100
Job: 664, N_Quanta: 22, epsilon: 0.25, NT_per_Second: 200
Job: 665, N_Quanta: 22, epsilon: 0.25, NT_per_Second: 400
Job: 666, N_Quanta: 22, epsilon: 0.25, NT_per_Second: 800
Job: 667, N_Quanta: 24, epsilon: 0.25, NT_per_Second: 25
Job: 668, N_Quanta: 24, epsilon: 0.25, NT_per_Second: 50
Job: 669, N_Quanta: 24, epsilon: 0.25, NT_per_Second: 100
Job: 670, N_Quanta: 24, epsilon: 0.25, NT_per_Second: 200
Job: 671, N_Quanta: 24, epsilon: 0.25, NT_per_Second: 400
Job: 672, N_Quanta: 24, epsilon: 0.25, NT_per_Second: 800
Job: 673, N_Quanta: 26, epsilon: 0.25, NT_per_Second: 25
Job: 674, N_Quanta: 26, epsilon: 0.25, NT_per_Second: 50
Job: 675, N_Quanta: 26, epsilon: 0.25, NT_per_Second: 100
Job: 676, N_Quanta: 26, epsilon: 0.25, NT_per_Second: 200
Job: 677, N_Quanta: 26, epsilon: 0.25, NT_per_Second: 400
Job: 678, N_Quanta: 26, epsilon: 0.25, NT_per_Second: 800
Job: 679, N_Quanta: 28, epsilon: 0.25, NT_per_Second: 25
Job: 680, N_Quanta: 28, epsilon: 0.25, NT_per_Second: 50
Job: 681, N_Quanta: 28, epsilon: 0.25, NT_per_Second: 100
Job: 682, N_Quanta: 28, epsilon: 0.25, NT_per_Second: 200
Job: 683, N_Quanta: 28, epsilon: 0.25, NT_per_Second: 400
Job: 684, N_Quanta: 28, epsilon: 0.25, NT_per_Second: 800
Job: 685, N_Quanta: 30, epsilon: 0.25, NT_per_Second: 25
Job: 686, N_Quanta: 30, epsilon: 0.25, NT_per_Second: 50
Job: 687, N_Quanta: 30, epsilon: 0.25, NT_per_Second: 100
Job: 688, N_Quanta: 30, epsilon: 0.25, NT_per_Second: 200
Job: 689, N_Quanta: 30, epsilon: 0.25, NT_per_Second: 400
Job: 690, N_Quanta: 30, epsilon: 0.25, NT_per_Second: 800
Job: 691, N_Quanta: 32, epsilon: 0.25, NT_per_Second: 25
Job: 692, N_Quanta: 32, epsilon: 0.25, NT_per_Second: 50
Job: 693, N_Quanta: 32, epsilon: 0.25, NT_per_Second: 100
Job: 694, N_Quanta: 32, epsilon: 0.25, NT_per_Second: 200
Job: 695, N_Quanta: 32, epsilon: 0.25, NT_per_Second: 400
Job: 696, N_Quanta: 32, epsilon: 0.25, NT_per_Second: 800
Job: 697, N_Quanta: 34, epsilon: 0.25, NT_per_Second: 25
Job: 698, N_Quanta: 34, epsilon: 0.25, NT_per_Second: 50
Job: 699, N_Quanta: 34, epsilon: 0.25, NT_per_Second: 100
Job: 700, N_Quanta: 34, epsilon: 0.25, NT_per_Second: 200
Job: 701, N_Quanta: 34, epsilon: 0.25, NT_per_Second: 400
Job: 702, N_Quanta: 34, epsilon: 0.25, NT_per_Second: 800
Job: 703, N_Quanta: 36, epsilon: 0.25, NT_per_Second: 25
Job: 704, N_Quanta: 36, epsilon: 0.25, NT_per_Second: 50
Job: 705, N_Quanta: 36, epsilon: 0.25, NT_per_Second: 100
Job: 706, N_Quanta: 36, epsilon: 0.25, NT_per_Second: 200
Job: 707, N_Quanta: 36, epsilon: 0.25, NT_per_Second: 400
Job: 708, N_Quanta: 36, epsilon: 0.25, NT_per_Second: 800
Job: 709, N_Quanta: 38, epsilon: 0.25, NT_per_Second: 25
Job: 710, N_Quanta: 38, epsilon: 0.25, NT_per_Second: 50
Job: 711, N_Quanta: 38, epsilon: 0.25, NT_per_Second: 100
Job: 712, N_Quanta: 38, epsilon: 0.25, NT_per_Second: 200
Job: 713, N_Quanta: 38, epsilon: 0.25, NT_per_Second: 400
Job: 714, N_Quanta: 38, epsilon: 0.25, NT_per_Second: 800
Job: 715, N_Quanta: 40, epsilon: 0.25, NT_per_Second: 25
Job: 716, N_Quanta: 40, epsilon: 0.25, NT_per_Second: 50
Job: 717, N_Quanta: 40, epsilon: 0.25, NT_per_Second: 100
Job: 718, N_Quanta: 40, epsilon: 0.25, NT_per_Second: 200
Job: 719, N_Quanta: 40, epsilon: 0.25, NT_per_Second: 400
Job: 720, N_Quanta: 40, epsilon: 0.25, NT_per_Second: 800
