N_Jobs_Total: 14700
N_Runs: 60
Job: 12986, N_Quanta: 10, epsilon: 0.12, NT_per_Second: 25, mem_slope: 0.2
Job: 12987, N_Quanta: 10, epsilon: 0.12, NT_per_Second: 50, mem_slope: 0.2
Job: 12988, N_Quanta: 10, epsilon: 0.12, NT_per_Second: 100, mem_slope: 0.2
Job: 12989, N_Quanta: 10, epsilon: 0.12, NT_per_Second: 200, mem_slope: 0.2
Job: 12990, N_Quanta: 10, epsilon: 0.12, NT_per_Second: 400, mem_slope: 0.2
Job: 12991, N_Quanta: 11, epsilon: 0.12, NT_per_Second: 10, mem_slope: 0.2
Job: 12992, N_Quanta: 11, epsilon: 0.12, NT_per_Second: 25, mem_slope: 0.2
Job: 12993, N_Quanta: 11, epsilon: 0.12, NT_per_Second: 50, mem_slope: 0.2
Job: 12994, N_Quanta: 11, epsilon: 0.12, NT_per_Second: 100, mem_slope: 0.2
Job: 12995, N_Quanta: 11, epsilon: 0.12, NT_per_Second: 200, mem_slope: 0.2
Job: 12996, N_Quanta: 11, epsilon: 0.12, NT_per_Second: 400, mem_slope: 0.2
Job: 12997, N_Quanta: 12, epsilon: 0.12, NT_per_Second: 10, mem_slope: 0.2
Job: 12998, N_Quanta: 12, epsilon: 0.12, NT_per_Second: 25, mem_slope: 0.2
Job: 12999, N_Quanta: 12, epsilon: 0.12, NT_per_Second: 50, mem_slope: 0.2
Job: 13000, N_Quanta: 12, epsilon: 0.12, NT_per_Second: 100, mem_slope: 0.2
Job: 13001, N_Quanta: 12, epsilon: 0.12, NT_per_Second: 200, mem_slope: 0.2
Job: 13002, N_Quanta: 12, epsilon: 0.12, NT_per_Second: 400, mem_slope: 0.2
Job: 13003, N_Quanta: 13, epsilon: 0.12, NT_per_Second: 10, mem_slope: 0.2
Job: 13004, N_Quanta: 13, epsilon: 0.12, NT_per_Second: 25, mem_slope: 0.2
Job: 13005, N_Quanta: 13, epsilon: 0.12, NT_per_Second: 50, mem_slope: 0.2
Job: 13006, N_Quanta: 13, epsilon: 0.12, NT_per_Second: 100, mem_slope: 0.2
Job: 13007, N_Quanta: 13, epsilon: 0.12, NT_per_Second: 200, mem_slope: 0.2
Job: 13008, N_Quanta: 13, epsilon: 0.12, NT_per_Second: 400, mem_slope: 0.2
Job: 13009, N_Quanta: 14, epsilon: 0.12, NT_per_Second: 10, mem_slope: 0.2
Job: 13010, N_Quanta: 14, epsilon: 0.12, NT_per_Second: 25, mem_slope: 0.2
Job: 13011, N_Quanta: 14, epsilon: 0.12, NT_per_Second: 50, mem_slope: 0.2
Job: 13012, N_Quanta: 14, epsilon: 0.12, NT_per_Second: 100, mem_slope: 0.2
Job: 13013, N_Quanta: 14, epsilon: 0.12, NT_per_Second: 200, mem_slope: 0.2
Job: 13014, N_Quanta: 14, epsilon: 0.12, NT_per_Second: 400, mem_slope: 0.2
Job: 13015, N_Quanta: 15, epsilon: 0.12, NT_per_Second: 10, mem_slope: 0.2
Job: 13016, N_Quanta: 15, epsilon: 0.12, NT_per_Second: 25, mem_slope: 0.2
Job: 13017, N_Quanta: 15, epsilon: 0.12, NT_per_Second: 50, mem_slope: 0.2
Job: 13018, N_Quanta: 15, epsilon: 0.12, NT_per_Second: 100, mem_slope: 0.2
Job: 13019, N_Quanta: 15, epsilon: 0.12, NT_per_Second: 200, mem_slope: 0.2
Job: 13020, N_Quanta: 15, epsilon: 0.12, NT_per_Second: 400, mem_slope: 0.2
Job: 13021, N_Quanta: 16, epsilon: 0.12, NT_per_Second: 10, mem_slope: 0.2
Job: 13022, N_Quanta: 16, epsilon: 0.12, NT_per_Second: 25, mem_slope: 0.2
Job: 13023, N_Quanta: 16, epsilon: 0.12, NT_per_Second: 50, mem_slope: 0.2
Job: 13024, N_Quanta: 16, epsilon: 0.12, NT_per_Second: 100, mem_slope: 0.2
Job: 13025, N_Quanta: 16, epsilon: 0.12, NT_per_Second: 200, mem_slope: 0.2
Job: 13026, N_Quanta: 16, epsilon: 0.12, NT_per_Second: 400, mem_slope: 0.2
Job: 13027, N_Quanta: 17, epsilon: 0.12, NT_per_Second: 10, mem_slope: 0.2
Job: 13028, N_Quanta: 17, epsilon: 0.12, NT_per_Second: 25, mem_slope: 0.2
Job: 13029, N_Quanta: 17, epsilon: 0.12, NT_per_Second: 50, mem_slope: 0.2
Job: 13030, N_Quanta: 17, epsilon: 0.12, NT_per_Second: 100, mem_slope: 0.2
Job: 13031, N_Quanta: 17, epsilon: 0.12, NT_per_Second: 200, mem_slope: 0.2
Job: 13032, N_Quanta: 17, epsilon: 0.12, NT_per_Second: 400, mem_slope: 0.2
Job: 13033, N_Quanta: 18, epsilon: 0.12, NT_per_Second: 10, mem_slope: 0.2
Job: 13034, N_Quanta: 18, epsilon: 0.12, NT_per_Second: 25, mem_slope: 0.2
Job: 13035, N_Quanta: 18, epsilon: 0.12, NT_per_Second: 50, mem_slope: 0.2
Job: 13036, N_Quanta: 18, epsilon: 0.12, NT_per_Second: 100, mem_slope: 0.2
Job: 13037, N_Quanta: 18, epsilon: 0.12, NT_per_Second: 200, mem_slope: 0.2
Job: 13038, N_Quanta: 18, epsilon: 0.12, NT_per_Second: 400, mem_slope: 0.2
Job: 13039, N_Quanta: 19, epsilon: 0.12, NT_per_Second: 10, mem_slope: 0.2
Job: 13040, N_Quanta: 19, epsilon: 0.12, NT_per_Second: 25, mem_slope: 0.2
Job: 13041, N_Quanta: 19, epsilon: 0.12, NT_per_Second: 50, mem_slope: 0.2
Job: 13042, N_Quanta: 19, epsilon: 0.12, NT_per_Second: 100, mem_slope: 0.2
Job: 13043, N_Quanta: 19, epsilon: 0.12, NT_per_Second: 200, mem_slope: 0.2
Job: 13044, N_Quanta: 19, epsilon: 0.12, NT_per_Second: 400, mem_slope: 0.2
Job: 13045, N_Quanta: 20, epsilon: 0.12, NT_per_Second: 10, mem_slope: 0.2
Job: 13046, N_Quanta: 20, epsilon: 0.12, NT_per_Second: 25, mem_slope: 0.2
Job: 13047, N_Quanta: 20, epsilon: 0.12, NT_per_Second: 50, mem_slope: 0.2
Job: 13048, N_Quanta: 20, epsilon: 0.12, NT_per_Second: 100, mem_slope: 0.2
Job: 13049, N_Quanta: 20, epsilon: 0.12, NT_per_Second: 200, mem_slope: 0.2
Job: 13050, N_Quanta: 20, epsilon: 0.12, NT_per_Second: 400, mem_slope: 0.2
Job: 13051, N_Quanta: 21, epsilon: 0.12, NT_per_Second: 10, mem_slope: 0.2
Job: 13052, N_Quanta: 21, epsilon: 0.12, NT_per_Second: 25, mem_slope: 0.2
Job: 13053, N_Quanta: 21, epsilon: 0.12, NT_per_Second: 50, mem_slope: 0.2
Job: 13054, N_Quanta: 21, epsilon: 0.12, NT_per_Second: 100, mem_slope: 0.2
Job: 13055, N_Quanta: 21, epsilon: 0.12, NT_per_Second: 200, mem_slope: 0.2
Job: 13056, N_Quanta: 21, epsilon: 0.12, NT_per_Second: 400, mem_slope: 0.2
Job: 13057, N_Quanta: 22, epsilon: 0.12, NT_per_Second: 10, mem_slope: 0.2
Job: 13058, N_Quanta: 22, epsilon: 0.12, NT_per_Second: 25, mem_slope: 0.2
Job: 13059, N_Quanta: 22, epsilon: 0.12, NT_per_Second: 50, mem_slope: 0.2
Job: 13060, N_Quanta: 22, epsilon: 0.12, NT_per_Second: 100, mem_slope: 0.2
Job: 13061, N_Quanta: 22, epsilon: 0.12, NT_per_Second: 200, mem_slope: 0.2
Job: 13062, N_Quanta: 22, epsilon: 0.12, NT_per_Second: 400, mem_slope: 0.2
Job: 13063, N_Quanta: 23, epsilon: 0.12, NT_per_Second: 10, mem_slope: 0.2
Job: 13064, N_Quanta: 23, epsilon: 0.12, NT_per_Second: 25, mem_slope: 0.2
Job: 13065, N_Quanta: 23, epsilon: 0.12, NT_per_Second: 50, mem_slope: 0.2
Job: 13066, N_Quanta: 23, epsilon: 0.12, NT_per_Second: 100, mem_slope: 0.2
Job: 13067, N_Quanta: 23, epsilon: 0.12, NT_per_Second: 200, mem_slope: 0.2
Job: 13068, N_Quanta: 23, epsilon: 0.12, NT_per_Second: 400, mem_slope: 0.2
Job: 13069, N_Quanta: 24, epsilon: 0.12, NT_per_Second: 10, mem_slope: 0.2
Job: 13070, N_Quanta: 24, epsilon: 0.12, NT_per_Second: 25, mem_slope: 0.2
Job: 13071, N_Quanta: 24, epsilon: 0.12, NT_per_Second: 50, mem_slope: 0.2
Job: 13072, N_Quanta: 24, epsilon: 0.12, NT_per_Second: 100, mem_slope: 0.2
Job: 13073, N_Quanta: 24, epsilon: 0.12, NT_per_Second: 200, mem_slope: 0.2
Job: 13074, N_Quanta: 24, epsilon: 0.12, NT_per_Second: 400, mem_slope: 0.2
Job: 13075, N_Quanta: 25, epsilon: 0.12, NT_per_Second: 10, mem_slope: 0.2
Job: 13076, N_Quanta: 25, epsilon: 0.12, NT_per_Second: 25, mem_slope: 0.2
Job: 13077, N_Quanta: 25, epsilon: 0.12, NT_per_Second: 50, mem_slope: 0.2
Job: 13078, N_Quanta: 25, epsilon: 0.12, NT_per_Second: 100, mem_slope: 0.2
Job: 13079, N_Quanta: 25, epsilon: 0.12, NT_per_Second: 200, mem_slope: 0.2
Job: 13080, N_Quanta: 25, epsilon: 0.12, NT_per_Second: 400, mem_slope: 0.2
Job: 13081, N_Quanta: 26, epsilon: 0.12, NT_per_Second: 10, mem_slope: 0.2
Job: 13082, N_Quanta: 26, epsilon: 0.12, NT_per_Second: 25, mem_slope: 0.2
Job: 13083, N_Quanta: 26, epsilon: 0.12, NT_per_Second: 50, mem_slope: 0.2
Job: 13084, N_Quanta: 26, epsilon: 0.12, NT_per_Second: 100, mem_slope: 0.2
Job: 13085, N_Quanta: 26, epsilon: 0.12, NT_per_Second: 200, mem_slope: 0.2
Job: 13086, N_Quanta: 26, epsilon: 0.12, NT_per_Second: 400, mem_slope: 0.2
Job: 13087, N_Quanta: 27, epsilon: 0.12, NT_per_Second: 10, mem_slope: 0.2
Job: 13088, N_Quanta: 27, epsilon: 0.12, NT_per_Second: 25, mem_slope: 0.2
Job: 13089, N_Quanta: 27, epsilon: 0.12, NT_per_Second: 50, mem_slope: 0.2
Job: 13090, N_Quanta: 27, epsilon: 0.12, NT_per_Second: 100, mem_slope: 0.2
Job: 13091, N_Quanta: 27, epsilon: 0.12, NT_per_Second: 200, mem_slope: 0.2
Job: 13092, N_Quanta: 27, epsilon: 0.12, NT_per_Second: 400, mem_slope: 0.2
Job: 13093, N_Quanta: 28, epsilon: 0.12, NT_per_Second: 10, mem_slope: 0.2
Job: 13094, N_Quanta: 28, epsilon: 0.12, NT_per_Second: 25, mem_slope: 0.2
Job: 13095, N_Quanta: 28, epsilon: 0.12, NT_per_Second: 50, mem_slope: 0.2
Job: 13096, N_Quanta: 28, epsilon: 0.12, NT_per_Second: 100, mem_slope: 0.2
Job: 13097, N_Quanta: 28, epsilon: 0.12, NT_per_Second: 200, mem_slope: 0.2
Job: 13098, N_Quanta: 28, epsilon: 0.12, NT_per_Second: 400, mem_slope: 0.2
Job: 13099, N_Quanta: 29, epsilon: 0.12, NT_per_Second: 10, mem_slope: 0.2
Job: 13100, N_Quanta: 29, epsilon: 0.12, NT_per_Second: 25, mem_slope: 0.2
Job: 13101, N_Quanta: 29, epsilon: 0.12, NT_per_Second: 50, mem_slope: 0.2
Job: 13102, N_Quanta: 29, epsilon: 0.12, NT_per_Second: 100, mem_slope: 0.2
Job: 13103, N_Quanta: 29, epsilon: 0.12, NT_per_Second: 200, mem_slope: 0.2
Job: 13104, N_Quanta: 29, epsilon: 0.12, NT_per_Second: 400, mem_slope: 0.2
Job: 13105, N_Quanta: 30, epsilon: 0.12, NT_per_Second: 10, mem_slope: 0.2
Job: 13106, N_Quanta: 30, epsilon: 0.12, NT_per_Second: 25, mem_slope: 0.2
Job: 13107, N_Quanta: 30, epsilon: 0.12, NT_per_Second: 50, mem_slope: 0.2
Job: 13108, N_Quanta: 30, epsilon: 0.12, NT_per_Second: 100, mem_slope: 0.2
Job: 13109, N_Quanta: 30, epsilon: 0.12, NT_per_Second: 200, mem_slope: 0.2
Job: 13110, N_Quanta: 30, epsilon: 0.12, NT_per_Second: 400, mem_slope: 0.2
Job: 13111, N_Quanta: 31, epsilon: 0.12, NT_per_Second: 10, mem_slope: 0.2
Job: 13112, N_Quanta: 31, epsilon: 0.12, NT_per_Second: 25, mem_slope: 0.2
Job: 13113, N_Quanta: 31, epsilon: 0.12, NT_per_Second: 50, mem_slope: 0.2
Job: 13114, N_Quanta: 31, epsilon: 0.12, NT_per_Second: 100, mem_slope: 0.2
Job: 13115, N_Quanta: 31, epsilon: 0.12, NT_per_Second: 200, mem_slope: 0.2
Job: 13116, N_Quanta: 31, epsilon: 0.12, NT_per_Second: 400, mem_slope: 0.2
Job: 13117, N_Quanta: 32, epsilon: 0.12, NT_per_Second: 10, mem_slope: 0.2
Job: 13118, N_Quanta: 32, epsilon: 0.12, NT_per_Second: 25, mem_slope: 0.2
Job: 13119, N_Quanta: 32, epsilon: 0.12, NT_per_Second: 50, mem_slope: 0.2
Job: 13120, N_Quanta: 32, epsilon: 0.12, NT_per_Second: 100, mem_slope: 0.2
Job: 13121, N_Quanta: 32, epsilon: 0.12, NT_per_Second: 200, mem_slope: 0.2
Job: 13122, N_Quanta: 32, epsilon: 0.12, NT_per_Second: 400, mem_slope: 0.2
Job: 13123, N_Quanta: 33, epsilon: 0.12, NT_per_Second: 10, mem_slope: 0.2
Job: 13124, N_Quanta: 33, epsilon: 0.12, NT_per_Second: 25, mem_slope: 0.2
Job: 13125, N_Quanta: 33, epsilon: 0.12, NT_per_Second: 50, mem_slope: 0.2
Job: 13126, N_Quanta: 33, epsilon: 0.12, NT_per_Second: 100, mem_slope: 0.2
Job: 13127, N_Quanta: 33, epsilon: 0.12, NT_per_Second: 200, mem_slope: 0.2
Job: 13128, N_Quanta: 33, epsilon: 0.12, NT_per_Second: 400, mem_slope: 0.2
Job: 13129, N_Quanta: 34, epsilon: 0.12, NT_per_Second: 10, mem_slope: 0.2
Job: 13130, N_Quanta: 34, epsilon: 0.12, NT_per_Second: 25, mem_slope: 0.2
Job: 13131, N_Quanta: 34, epsilon: 0.12, NT_per_Second: 50, mem_slope: 0.2
Job: 13132, N_Quanta: 34, epsilon: 0.12, NT_per_Second: 100, mem_slope: 0.2
Job: 13133, N_Quanta: 34, epsilon: 0.12, NT_per_Second: 200, mem_slope: 0.2
Job: 13134, N_Quanta: 34, epsilon: 0.12, NT_per_Second: 400, mem_slope: 0.2
Job: 13135, N_Quanta: 35, epsilon: 0.12, NT_per_Second: 10, mem_slope: 0.2
Job: 13136, N_Quanta: 35, epsilon: 0.12, NT_per_Second: 25, mem_slope: 0.2
Job: 13137, N_Quanta: 35, epsilon: 0.12, NT_per_Second: 50, mem_slope: 0.2
Job: 13138, N_Quanta: 35, epsilon: 0.12, NT_per_Second: 100, mem_slope: 0.2
Job: 13139, N_Quanta: 35, epsilon: 0.12, NT_per_Second: 200, mem_slope: 0.2
Job: 13140, N_Quanta: 35, epsilon: 0.12, NT_per_Second: 400, mem_slope: 0.2
Job: 13141, N_Quanta: 36, epsilon: 0.12, NT_per_Second: 10, mem_slope: 0.2
Job: 13142, N_Quanta: 36, epsilon: 0.12, NT_per_Second: 25, mem_slope: 0.2
Job: 13143, N_Quanta: 36, epsilon: 0.12, NT_per_Second: 50, mem_slope: 0.2
Job: 13144, N_Quanta: 36, epsilon: 0.12, NT_per_Second: 100, mem_slope: 0.2
Job: 13145, N_Quanta: 36, epsilon: 0.12, NT_per_Second: 200, mem_slope: 0.2
Job: 13146, N_Quanta: 36, epsilon: 0.12, NT_per_Second: 400, mem_slope: 0.2
Job: 13147, N_Quanta: 37, epsilon: 0.12, NT_per_Second: 10, mem_slope: 0.2
Job: 13148, N_Quanta: 37, epsilon: 0.12, NT_per_Second: 25, mem_slope: 0.2
Job: 13149, N_Quanta: 37, epsilon: 0.12, NT_per_Second: 50, mem_slope: 0.2
Job: 13150, N_Quanta: 37, epsilon: 0.12, NT_per_Second: 100, mem_slope: 0.2
Job: 13151, N_Quanta: 37, epsilon: 0.12, NT_per_Second: 200, mem_slope: 0.2
Job: 13152, N_Quanta: 37, epsilon: 0.12, NT_per_Second: 400, mem_slope: 0.2
Job: 13153, N_Quanta: 38, epsilon: 0.12, NT_per_Second: 10, mem_slope: 0.2
Job: 13154, N_Quanta: 38, epsilon: 0.12, NT_per_Second: 25, mem_slope: 0.2
Job: 13155, N_Quanta: 38, epsilon: 0.12, NT_per_Second: 50, mem_slope: 0.2
Job: 13156, N_Quanta: 38, epsilon: 0.12, NT_per_Second: 100, mem_slope: 0.2
Job: 13157, N_Quanta: 38, epsilon: 0.12, NT_per_Second: 200, mem_slope: 0.2
Job: 13158, N_Quanta: 38, epsilon: 0.12, NT_per_Second: 400, mem_slope: 0.2
Job: 13159, N_Quanta: 39, epsilon: 0.12, NT_per_Second: 10, mem_slope: 0.2
Job: 13160, N_Quanta: 39, epsilon: 0.12, NT_per_Second: 25, mem_slope: 0.2
Job: 13161, N_Quanta: 39, epsilon: 0.12, NT_per_Second: 50, mem_slope: 0.2
Job: 13162, N_Quanta: 39, epsilon: 0.12, NT_per_Second: 100, mem_slope: 0.2
Job: 13163, N_Quanta: 39, epsilon: 0.12, NT_per_Second: 200, mem_slope: 0.2
Job: 13164, N_Quanta: 39, epsilon: 0.12, NT_per_Second: 400, mem_slope: 0.2
Job: 13165, N_Quanta: 40, epsilon: 0.12, NT_per_Second: 10, mem_slope: 0.2
Job: 13166, N_Quanta: 40, epsilon: 0.12, NT_per_Second: 25, mem_slope: 0.2
Job: 13167, N_Quanta: 40, epsilon: 0.12, NT_per_Second: 50, mem_slope: 0.2
Job: 13168, N_Quanta: 40, epsilon: 0.12, NT_per_Second: 100, mem_slope: 0.2
Job: 13169, N_Quanta: 40, epsilon: 0.12, NT_per_Second: 200, mem_slope: 0.2
Job: 13170, N_Quanta: 40, epsilon: 0.12, NT_per_Second: 400, mem_slope: 0.2
Job: 13171, N_Quanta: 41, epsilon: 0.12, NT_per_Second: 10, mem_slope: 0.2
Job: 13172, N_Quanta: 41, epsilon: 0.12, NT_per_Second: 25, mem_slope: 0.2
Job: 13173, N_Quanta: 41, epsilon: 0.12, NT_per_Second: 50, mem_slope: 0.2
Job: 13174, N_Quanta: 41, epsilon: 0.12, NT_per_Second: 100, mem_slope: 0.2
Job: 13175, N_Quanta: 41, epsilon: 0.12, NT_per_Second: 200, mem_slope: 0.2
Job: 13176, N_Quanta: 41, epsilon: 0.12, NT_per_Second: 400, mem_slope: 0.2
Job: 13177, N_Quanta: 42, epsilon: 0.12, NT_per_Second: 10, mem_slope: 0.2
Job: 13178, N_Quanta: 42, epsilon: 0.12, NT_per_Second: 25, mem_slope: 0.2
Job: 13179, N_Quanta: 42, epsilon: 0.12, NT_per_Second: 50, mem_slope: 0.2
Job: 13180, N_Quanta: 42, epsilon: 0.12, NT_per_Second: 100, mem_slope: 0.2
Job: 13181, N_Quanta: 42, epsilon: 0.12, NT_per_Second: 200, mem_slope: 0.2
Job: 13182, N_Quanta: 42, epsilon: 0.12, NT_per_Second: 400, mem_slope: 0.2
Job: 13183, N_Quanta: 43, epsilon: 0.12, NT_per_Second: 10, mem_slope: 0.2
Job: 13184, N_Quanta: 43, epsilon: 0.12, NT_per_Second: 25, mem_slope: 0.2
Job: 13185, N_Quanta: 43, epsilon: 0.12, NT_per_Second: 50, mem_slope: 0.2
Job: 13186, N_Quanta: 43, epsilon: 0.12, NT_per_Second: 100, mem_slope: 0.2
Job: 13187, N_Quanta: 43, epsilon: 0.12, NT_per_Second: 200, mem_slope: 0.2
Job: 13188, N_Quanta: 43, epsilon: 0.12, NT_per_Second: 400, mem_slope: 0.2
Job: 13189, N_Quanta: 44, epsilon: 0.12, NT_per_Second: 10, mem_slope: 0.2
Job: 13190, N_Quanta: 44, epsilon: 0.12, NT_per_Second: 25, mem_slope: 0.2
Job: 13191, N_Quanta: 44, epsilon: 0.12, NT_per_Second: 50, mem_slope: 0.2
Job: 13192, N_Quanta: 44, epsilon: 0.12, NT_per_Second: 100, mem_slope: 0.2
Job: 13193, N_Quanta: 44, epsilon: 0.12, NT_per_Second: 200, mem_slope: 0.2
Job: 13194, N_Quanta: 44, epsilon: 0.12, NT_per_Second: 400, mem_slope: 0.2
Job: 13195, N_Quanta: 45, epsilon: 0.12, NT_per_Second: 10, mem_slope: 0.2
Job: 13196, N_Quanta: 45, epsilon: 0.12, NT_per_Second: 25, mem_slope: 0.2
Job: 13197, N_Quanta: 45, epsilon: 0.12, NT_per_Second: 50, mem_slope: 0.2
Job: 13198, N_Quanta: 45, epsilon: 0.12, NT_per_Second: 100, mem_slope: 0.2
Job: 13199, N_Quanta: 45, epsilon: 0.12, NT_per_Second: 200, mem_slope: 0.2
Job: 13200, N_Quanta: 45, epsilon: 0.12, NT_per_Second: 400, mem_slope: 0.2
Job: 13201, N_Quanta: 46, epsilon: 0.12, NT_per_Second: 10, mem_slope: 0.2
Job: 13202, N_Quanta: 46, epsilon: 0.12, NT_per_Second: 25, mem_slope: 0.2
Job: 13203, N_Quanta: 46, epsilon: 0.12, NT_per_Second: 50, mem_slope: 0.2
Job: 13204, N_Quanta: 46, epsilon: 0.12, NT_per_Second: 100, mem_slope: 0.2
Job: 13205, N_Quanta: 46, epsilon: 0.12, NT_per_Second: 200, mem_slope: 0.2
Job: 13206, N_Quanta: 46, epsilon: 0.12, NT_per_Second: 400, mem_slope: 0.2
Job: 13207, N_Quanta: 47, epsilon: 0.12, NT_per_Second: 10, mem_slope: 0.2
Job: 13208, N_Quanta: 47, epsilon: 0.12, NT_per_Second: 25, mem_slope: 0.2
Job: 13209, N_Quanta: 47, epsilon: 0.12, NT_per_Second: 50, mem_slope: 0.2
Job: 13210, N_Quanta: 47, epsilon: 0.12, NT_per_Second: 100, mem_slope: 0.2
Job: 13211, N_Quanta: 47, epsilon: 0.12, NT_per_Second: 200, mem_slope: 0.2
Job: 13212, N_Quanta: 47, epsilon: 0.12, NT_per_Second: 400, mem_slope: 0.2
Job: 13213, N_Quanta: 48, epsilon: 0.12, NT_per_Second: 10, mem_slope: 0.2
Job: 13214, N_Quanta: 48, epsilon: 0.12, NT_per_Second: 25, mem_slope: 0.2
Job: 13215, N_Quanta: 48, epsilon: 0.12, NT_per_Second: 50, mem_slope: 0.2
Job: 13216, N_Quanta: 48, epsilon: 0.12, NT_per_Second: 100, mem_slope: 0.2
Job: 13217, N_Quanta: 48, epsilon: 0.12, NT_per_Second: 200, mem_slope: 0.2
Job: 13218, N_Quanta: 48, epsilon: 0.12, NT_per_Second: 400, mem_slope: 0.2
Job: 13219, N_Quanta: 49, epsilon: 0.12, NT_per_Second: 10, mem_slope: 0.2
Job: 13220, N_Quanta: 49, epsilon: 0.12, NT_per_Second: 25, mem_slope: 0.2
Job: 13221, N_Quanta: 49, epsilon: 0.12, NT_per_Second: 50, mem_slope: 0.2
Job: 13222, N_Quanta: 49, epsilon: 0.12, NT_per_Second: 100, mem_slope: 0.2
Job: 13223, N_Quanta: 49, epsilon: 0.12, NT_per_Second: 200, mem_slope: 0.2
Job: 13224, N_Quanta: 49, epsilon: 0.12, NT_per_Second: 400, mem_slope: 0.2
Job: 13225, N_Quanta: 50, epsilon: 0.12, NT_per_Second: 10, mem_slope: 0.2
Job: 13226, N_Quanta: 50, epsilon: 0.12, NT_per_Second: 25, mem_slope: 0.2
Job: 13227, N_Quanta: 50, epsilon: 0.12, NT_per_Second: 50, mem_slope: 0.2
Job: 13228, N_Quanta: 50, epsilon: 0.12, NT_per_Second: 100, mem_slope: 0.2
Job: 13229, N_Quanta: 50, epsilon: 0.12, NT_per_Second: 200, mem_slope: 0.2
Job: 13230, N_Quanta: 50, epsilon: 0.12, NT_per_Second: 400, mem_slope: 0.2
