N_Jobs_Total: 144
Starting optimization with optimizer DiffEvoOpt{FitPopulation{Float64}, RadiusLimitedSelector, BlackBoxOptim.AdaptiveDiffEvoRandBin{3}, RandomBound{ContinuousRectSearchSpace}}
0.00 secs, 0 evals, 0 steps
152.05 secs, 2 evals, 1 steps, fitness=15.651970792
359.53 secs, 4 evals, 2 steps, improv/step: 0.500 (last = 1.0000), fitness=15.651970792
564.88 secs, 6 evals, 3 steps, improv/step: 0.333 (last = 0.0000), fitness=15.651970792
766.19 secs, 8 evals, 4 steps, improv/step: 0.250 (last = 0.0000), fitness=7.914942678
969.60 secs, 10 evals, 5 steps, improv/step: 0.400 (last = 1.0000), fitness=7.914942678
1109.87 secs, 12 evals, 6 steps, improv/step: 0.333 (last = 0.0000), fitness=7.914942678
1281.31 secs, 14 evals, 7 steps, improv/step: 0.286 (last = 0.0000), fitness=5.753807441
1487.84 secs, 16 evals, 8 steps, improv/step: 0.375 (last = 1.0000), fitness=5.753807441
1674.66 secs, 18 evals, 9 steps, improv/step: 0.333 (last = 0.0000), fitness=5.753807441
1870.43 secs, 20 evals, 10 steps, improv/step: 0.300 (last = 0.0000), fitness=5.753807441
1992.25 secs, 22 evals, 11 steps, improv/step: 0.273 (last = 0.0000), fitness=5.753807441
2175.37 secs, 24 evals, 12 steps, improv/step: 0.250 (last = 0.0000), fitness=5.753807441
2347.12 secs, 26 evals, 13 steps, improv/step: 0.308 (last = 1.0000), fitness=5.753807441
2444.53 secs, 28 evals, 14 steps, improv/step: 0.357 (last = 1.0000), fitness=2.188365426
2614.98 secs, 30 evals, 15 steps, improv/step: 0.333 (last = 0.0000), fitness=2.188365426
2798.75 secs, 32 evals, 16 steps, improv/step: 0.375 (last = 1.0000), fitness=2.188365426
2978.75 secs, 34 evals, 17 steps, improv/step: 0.353 (last = 0.0000), fitness=2.188365426
3154.92 secs, 36 evals, 18 steps, improv/step: 0.389 (last = 1.0000), fitness=2.188365426
3318.17 secs, 38 evals, 19 steps, improv/step: 0.421 (last = 1.0000), fitness=2.188365426
3485.08 secs, 40 evals, 20 steps, improv/step: 0.450 (last = 1.0000), fitness=2.188365426
3572.50 secs, 41 evals, 21 steps, improv/step: 0.429 (last = 0.0000), fitness=2.188365426
3734.37 secs, 43 evals, 22 steps, improv/step: 0.409 (last = 0.0000), fitness=2.188365426
3884.67 secs, 45 evals, 23 steps, improv/step: 0.391 (last = 0.0000), fitness=2.188365426
4059.54 secs, 47 evals, 24 steps, improv/step: 0.417 (last = 1.0000), fitness=2.188365426
4230.13 secs, 49 evals, 25 steps, improv/step: 0.400 (last = 0.0000), fitness=2.188365426
4404.90 secs, 51 evals, 26 steps, improv/step: 0.423 (last = 1.0000), fitness=2.188365426
4516.42 secs, 53 evals, 27 steps, improv/step: 0.407 (last = 0.0000), fitness=2.188365426
4688.52 secs, 55 evals, 28 steps, improv/step: 0.393 (last = 0.0000), fitness=2.188365426
4766.86 secs, 56 evals, 29 steps, improv/step: 0.379 (last = 0.0000), fitness=2.188365426
4899.20 secs, 58 evals, 30 steps, improv/step: 0.367 (last = 0.0000), fitness=2.188365426
5030.51 secs, 60 evals, 31 steps, improv/step: 0.387 (last = 1.0000), fitness=2.188365426
5199.75 secs, 62 evals, 32 steps, improv/step: 0.406 (last = 1.0000), fitness=2.188365426
5323.00 secs, 64 evals, 33 steps, improv/step: 0.424 (last = 1.0000), fitness=2.188365426
5399.02 secs, 65 evals, 34 steps, improv/step: 0.441 (last = 1.0000), fitness=2.188365426
5455.76 secs, 66 evals, 35 steps, improv/step: 0.457 (last = 1.0000), fitness=1.916374966
5635.66 secs, 68 evals, 36 steps, improv/step: 0.444 (last = 0.0000), fitness=1.916374966
5803.36 secs, 70 evals, 37 steps, improv/step: 0.432 (last = 0.0000), fitness=1.916374966
5972.08 secs, 72 evals, 38 steps, improv/step: 0.447 (last = 1.0000), fitness=1.916374966
6072.07 secs, 74 evals, 39 steps, improv/step: 0.462 (last = 1.0000), fitness=1.916374966
6240.34 secs, 76 evals, 40 steps, improv/step: 0.450 (last = 0.0000), fitness=1.916374966
6318.60 secs, 77 evals, 41 steps, improv/step: 0.463 (last = 1.0000), fitness=1.916374966
6459.35 secs, 79 evals, 42 steps, improv/step: 0.452 (last = 0.0000), fitness=1.916374966
6619.63 secs, 81 evals, 43 steps, improv/step: 0.442 (last = 0.0000), fitness=1.916374966
6768.13 secs, 83 evals, 44 steps, improv/step: 0.432 (last = 0.0000), fitness=1.916374966
6948.21 secs, 85 evals, 45 steps, improv/step: 0.422 (last = 0.0000), fitness=1.916374966
7026.30 secs, 86 evals, 46 steps, improv/step: 0.413 (last = 0.0000), fitness=1.916374966
7108.74 secs, 87 evals, 47 steps, improv/step: 0.404 (last = 0.0000), fitness=1.916374966
7278.23 secs, 89 evals, 48 steps, improv/step: 0.417 (last = 1.0000), fitness=1.916374966
7441.86 secs, 91 evals, 49 steps, improv/step: 0.429 (last = 1.0000), fitness=1.916374966
7489.43 secs, 92 evals, 50 steps, improv/step: 0.420 (last = 0.0000), fitness=1.916374966
7546.31 secs, 93 evals, 51 steps, improv/step: 0.431 (last = 1.0000), fitness=1.916374966
7694.48 secs, 95 evals, 52 steps, improv/step: 0.423 (last = 0.0000), fitness=1.916374966
7860.04 secs, 97 evals, 53 steps, improv/step: 0.434 (last = 1.0000), fitness=1.916374966
8027.37 secs, 99 evals, 54 steps, improv/step: 0.426 (last = 0.0000), fitness=1.916374966
8162.72 secs, 101 evals, 55 steps, improv/step: 0.436 (last = 1.0000), fitness=1.916374966
8242.75 secs, 103 evals, 56 steps, improv/step: 0.446 (last = 1.0000), fitness=1.916374966
8385.51 secs, 105 evals, 57 steps, improv/step: 0.456 (last = 1.0000), fitness=1.916374966
8442.84 secs, 106 evals, 58 steps, improv/step: 0.466 (last = 1.0000), fitness=1.916374966
8524.85 secs, 107 evals, 59 steps, improv/step: 0.458 (last = 0.0000), fitness=1.916374966
8676.88 secs, 109 evals, 60 steps, improv/step: 0.450 (last = 0.0000), fitness=1.916374966
8709.97 secs, 110 evals, 61 steps, improv/step: 0.443 (last = 0.0000), fitness=1.916374966
8893.37 secs, 112 evals, 62 steps, improv/step: 0.452 (last = 1.0000), fitness=1.916374966
8979.13 secs, 113 evals, 63 steps, improv/step: 0.444 (last = 0.0000), fitness=1.916374966
9056.16 secs, 114 evals, 64 steps, improv/step: 0.453 (last = 1.0000), fitness=1.916374966
9195.92 secs, 116 evals, 65 steps, improv/step: 0.446 (last = 0.0000), fitness=1.916374966
9273.19 secs, 117 evals, 66 steps, improv/step: 0.439 (last = 0.0000), fitness=1.916374966
9349.79 secs, 118 evals, 67 steps, improv/step: 0.448 (last = 1.0000), fitness=1.916374966
9489.99 secs, 120 evals, 68 steps, improv/step: 0.441 (last = 0.0000), fitness=1.916374966
9673.00 secs, 122 evals, 69 steps, improv/step: 0.449 (last = 1.0000), fitness=1.916374966
9765.45 secs, 123 evals, 70 steps, improv/step: 0.443 (last = 0.0000), fitness=1.916374966
9828.87 secs, 124 evals, 71 steps, improv/step: 0.437 (last = 0.0000), fitness=1.916374966
9973.63 secs, 126 evals, 72 steps, improv/step: 0.444 (last = 1.0000), fitness=1.916374966
10075.77 secs, 128 evals, 73 steps, improv/step: 0.438 (last = 0.0000), fitness=1.916374966
10247.81 secs, 130 evals, 74 steps, improv/step: 0.446 (last = 1.0000), fitness=1.916374966
10424.15 secs, 132 evals, 75 steps, improv/step: 0.440 (last = 0.0000), fitness=1.916374966
10515.16 secs, 133 evals, 76 steps, improv/step: 0.434 (last = 0.0000), fitness=1.916374966
10679.23 secs, 135 evals, 77 steps, improv/step: 0.442 (last = 1.0000), fitness=1.916374966

Optimization stopped after 78 steps and 10854.16 seconds
Termination reason: Max time (10800.0 s) reached
Steps per second = 0.01
Function evals per second = 0.01
Improvements/step = Inf
Total function evaluations = 137


Best candidate found: [0.271714, 0.894089]

Fitness: 1.916374966

