N_Jobs_Total: 144
Starting optimization with optimizer DiffEvoOpt{FitPopulation{Float64}, RadiusLimitedSelector, BlackBoxOptim.AdaptiveDiffEvoRandBin{3}, RandomBound{ContinuousRectSearchSpace}}
0.00 secs, 0 evals, 0 steps
531.79 secs, 2 evals, 1 steps, fitness=74.166932955
1043.29 secs, 4 evals, 2 steps, fitness=55.831966363
1568.73 secs, 6 evals, 3 steps, improv/step: 0.333 (last = 1.0000), fitness=55.831966363
2121.17 secs, 8 evals, 4 steps, improv/step: 0.250 (last = 0.0000), fitness=55.831966363
2627.08 secs, 10 evals, 5 steps, improv/step: 0.400 (last = 1.0000), fitness=55.831966363
3162.39 secs, 12 evals, 6 steps, improv/step: 0.500 (last = 1.0000), fitness=55.831966363
3569.24 secs, 14 evals, 7 steps, improv/step: 0.429 (last = 0.0000), fitness=6.696719697
3911.27 secs, 16 evals, 8 steps, improv/step: 0.500 (last = 1.0000), fitness=6.696719697
4425.70 secs, 18 evals, 9 steps, improv/step: 0.444 (last = 0.0000), fitness=6.696719697
4956.53 secs, 20 evals, 10 steps, improv/step: 0.400 (last = 0.0000), fitness=6.696719697
5156.99 secs, 22 evals, 11 steps, improv/step: 0.364 (last = 0.0000), fitness=6.696719697
5641.09 secs, 24 evals, 12 steps, improv/step: 0.333 (last = 0.0000), fitness=6.696719697
5777.50 secs, 25 evals, 13 steps, improv/step: 0.385 (last = 1.0000), fitness=1.870043767
6259.79 secs, 27 evals, 14 steps, improv/step: 0.429 (last = 1.0000), fitness=1.870043767
6626.30 secs, 29 evals, 15 steps, improv/step: 0.467 (last = 1.0000), fitness=1.870043767
7107.81 secs, 31 evals, 16 steps, improv/step: 0.438 (last = 0.0000), fitness=1.870043767
7572.76 secs, 33 evals, 17 steps, improv/step: 0.412 (last = 0.0000), fitness=1.870043767
7794.94 secs, 34 evals, 18 steps, improv/step: 0.389 (last = 0.0000), fitness=1.870043767
8266.39 secs, 36 evals, 19 steps, improv/step: 0.421 (last = 1.0000), fitness=1.870043767
8723.69 secs, 38 evals, 20 steps, improv/step: 0.400 (last = 0.0000), fitness=1.870043767
8947.35 secs, 39 evals, 21 steps, improv/step: 0.429 (last = 1.0000), fitness=1.870043767
9388.59 secs, 41 evals, 22 steps, improv/step: 0.409 (last = 0.0000), fitness=1.870043767
9828.44 secs, 43 evals, 23 steps, improv/step: 0.435 (last = 1.0000), fitness=1.870043767
10036.75 secs, 44 evals, 24 steps, improv/step: 0.417 (last = 0.0000), fitness=1.870043767
10499.68 secs, 46 evals, 25 steps, improv/step: 0.400 (last = 0.0000), fitness=1.870043767

Optimization stopped after 26 steps and 10813.54 seconds
Termination reason: Max time (10800.0 s) reached
Steps per second = 0.00
Function evals per second = 0.00
Improvements/step = Inf
Total function evaluations = 48


Best candidate found: [0.0625582, 0.202774]

Fitness: 1.870043767

