N_Jobs_Total: 144
Starting optimization with optimizer DiffEvoOpt{FitPopulation{Float64}, RadiusLimitedSelector, BlackBoxOptim.AdaptiveDiffEvoRandBin{3}, RandomBound{ContinuousRectSearchSpace}}
0.00 secs, 0 evals, 0 steps
361.13 secs, 2 evals, 1 steps, improv/step: 1.000 (last = 1.0000), fitness=5.764642999
630.01 secs, 4 evals, 2 steps, improv/step: 0.500 (last = 0.0000), fitness=5.114978335
944.69 secs, 6 evals, 3 steps, improv/step: 0.667 (last = 1.0000), fitness=4.194104766
1286.52 secs, 8 evals, 4 steps, improv/step: 0.500 (last = 0.0000), fitness=4.194104766
1672.41 secs, 10 evals, 5 steps, improv/step: 0.400 (last = 0.0000), fitness=4.194104766
1936.72 secs, 12 evals, 6 steps, improv/step: 0.333 (last = 0.0000), fitness=4.194104766
2266.38 secs, 14 evals, 7 steps, improv/step: 0.286 (last = 0.0000), fitness=1.823945680
2645.32 secs, 16 evals, 8 steps, improv/step: 0.250 (last = 0.0000), fitness=1.823945680
2936.25 secs, 18 evals, 9 steps, improv/step: 0.333 (last = 1.0000), fitness=1.823945680
3152.85 secs, 20 evals, 10 steps, improv/step: 0.400 (last = 1.0000), fitness=1.823945680
3287.42 secs, 22 evals, 11 steps, improv/step: 0.364 (last = 0.0000), fitness=1.823945680
3620.89 secs, 24 evals, 12 steps, improv/step: 0.333 (last = 0.0000), fitness=1.823945680
3965.70 secs, 26 evals, 13 steps, improv/step: 0.308 (last = 0.0000), fitness=1.823945680
4249.35 secs, 28 evals, 14 steps, improv/step: 0.286 (last = 0.0000), fitness=1.793362461
4579.27 secs, 30 evals, 15 steps, improv/step: 0.333 (last = 1.0000), fitness=1.793362461
4794.10 secs, 32 evals, 16 steps, improv/step: 0.312 (last = 0.0000), fitness=1.793362461
5108.57 secs, 34 evals, 17 steps, improv/step: 0.353 (last = 1.0000), fitness=1.793362461
5408.33 secs, 36 evals, 18 steps, improv/step: 0.333 (last = 0.0000), fitness=1.793362461
5726.95 secs, 38 evals, 19 steps, improv/step: 0.368 (last = 1.0000), fitness=1.793362461
5958.45 secs, 40 evals, 20 steps, improv/step: 0.400 (last = 1.0000), fitness=1.793362461
6274.66 secs, 42 evals, 21 steps, improv/step: 0.429 (last = 1.0000), fitness=1.793362461
6578.10 secs, 44 evals, 22 steps, improv/step: 0.455 (last = 1.0000), fitness=1.793362461
6865.72 secs, 46 evals, 23 steps, improv/step: 0.478 (last = 1.0000), fitness=1.793362461
6972.40 secs, 48 evals, 24 steps, improv/step: 0.500 (last = 1.0000), fitness=1.793362461
7182.43 secs, 50 evals, 25 steps, improv/step: 0.480 (last = 0.0000), fitness=1.793362461
7501.61 secs, 52 evals, 26 steps, improv/step: 0.500 (last = 1.0000), fitness=1.793362461
7808.62 secs, 54 evals, 27 steps, improv/step: 0.519 (last = 1.0000), fitness=1.793362461
7956.99 secs, 55 evals, 28 steps, improv/step: 0.536 (last = 1.0000), fitness=1.793362461
8116.11 secs, 56 evals, 29 steps, improv/step: 0.517 (last = 0.0000), fitness=1.793362461
8331.70 secs, 58 evals, 30 steps, improv/step: 0.500 (last = 0.0000), fitness=1.793362461
8610.61 secs, 60 evals, 31 steps, improv/step: 0.484 (last = 0.0000), fitness=1.793362461
8902.95 secs, 62 evals, 32 steps, improv/step: 0.469 (last = 0.0000), fitness=1.793362461
9029.90 secs, 63 evals, 33 steps, improv/step: 0.485 (last = 1.0000), fitness=1.793362461
9267.58 secs, 65 evals, 34 steps, improv/step: 0.500 (last = 1.0000), fitness=1.793362461
9553.77 secs, 67 evals, 35 steps, improv/step: 0.486 (last = 0.0000), fitness=1.793362461
9717.44 secs, 68 evals, 36 steps, improv/step: 0.472 (last = 0.0000), fitness=1.793362461
10006.14 secs, 70 evals, 37 steps, improv/step: 0.486 (last = 1.0000), fitness=1.793362461
10340.15 secs, 72 evals, 38 steps, improv/step: 0.500 (last = 1.0000), fitness=1.793362461
10430.52 secs, 73 evals, 39 steps, improv/step: 0.513 (last = 1.0000), fitness=1.793362461
10687.12 secs, 75 evals, 40 steps, improv/step: 0.525 (last = 1.0000), fitness=1.793362461

Optimization stopped after 41 steps and 10836.98 seconds
Termination reason: Max time (10800.0 s) reached
Steps per second = 0.00
Function evals per second = 0.01
Improvements/step = Inf
Total function evaluations = 76


Best candidate found: [0.198002, 0.617766]

Fitness: 1.793362461

