N_Jobs_Total: 144
Starting optimization with optimizer DiffEvoOpt{FitPopulation{Float64}, RadiusLimitedSelector, BlackBoxOptim.AdaptiveDiffEvoRandBin{3}, RandomBound{ContinuousRectSearchSpace}}
0.00 secs, 0 evals, 0 steps
246.81 secs, 2 evals, 1 steps, fitness=78.691893256
508.96 secs, 4 evals, 2 steps, fitness=78.691893256
681.63 secs, 6 evals, 3 steps, fitness=4.412809146
891.61 secs, 8 evals, 4 steps, fitness=4.412809146
1075.15 secs, 10 evals, 5 steps, improv/step: 0.200 (last = 1.0000), fitness=2.008575826
1325.34 secs, 12 evals, 6 steps, improv/step: 0.333 (last = 1.0000), fitness=2.008575826
1497.65 secs, 14 evals, 7 steps, improv/step: 0.286 (last = 0.0000), fitness=2.008575826
1638.16 secs, 16 evals, 8 steps, improv/step: 0.250 (last = 0.0000), fitness=1.020299918
1896.69 secs, 18 evals, 9 steps, improv/step: 0.222 (last = 0.0000), fitness=1.020299918
2071.47 secs, 20 evals, 10 steps, improv/step: 0.200 (last = 0.0000), fitness=1.020299918
2314.16 secs, 22 evals, 11 steps, improv/step: 0.273 (last = 1.0000), fitness=1.020299918
2571.02 secs, 24 evals, 12 steps, improv/step: 0.333 (last = 1.0000), fitness=1.020299918
2846.43 secs, 26 evals, 13 steps, improv/step: 0.385 (last = 1.0000), fitness=1.020299918
3099.76 secs, 28 evals, 14 steps, improv/step: 0.429 (last = 1.0000), fitness=1.020299918
3290.96 secs, 30 evals, 15 steps, improv/step: 0.467 (last = 1.0000), fitness=1.020299918
3399.04 secs, 31 evals, 16 steps, improv/step: 0.500 (last = 1.0000), fitness=1.020299918
3632.94 secs, 33 evals, 17 steps, improv/step: 0.529 (last = 1.0000), fitness=1.020299918
3793.60 secs, 35 evals, 18 steps, improv/step: 0.556 (last = 1.0000), fitness=1.020299918
3992.98 secs, 37 evals, 19 steps, improv/step: 0.526 (last = 0.0000), fitness=1.020299918
4233.57 secs, 39 evals, 20 steps, improv/step: 0.500 (last = 0.0000), fitness=1.020299918
4365.74 secs, 41 evals, 21 steps, improv/step: 0.476 (last = 0.0000), fitness=1.020299918
4507.27 secs, 43 evals, 22 steps, improv/step: 0.455 (last = 0.0000), fitness=1.020299918
4735.34 secs, 45 evals, 23 steps, improv/step: 0.435 (last = 0.0000), fitness=1.020299918
4868.77 secs, 46 evals, 24 steps, improv/step: 0.417 (last = 0.0000), fitness=1.020299918
4977.05 secs, 48 evals, 25 steps, improv/step: 0.400 (last = 0.0000), fitness=1.020299918
5209.74 secs, 50 evals, 26 steps, improv/step: 0.423 (last = 1.0000), fitness=1.020299918
5320.72 secs, 51 evals, 27 steps, improv/step: 0.444 (last = 1.0000), fitness=1.020299918
5536.98 secs, 53 evals, 28 steps, improv/step: 0.429 (last = 0.0000), fitness=1.020299918
5626.77 secs, 55 evals, 29 steps, improv/step: 0.448 (last = 1.0000), fitness=1.020299918
5836.16 secs, 57 evals, 30 steps, improv/step: 0.467 (last = 1.0000), fitness=1.020299918
6056.38 secs, 59 evals, 31 steps, improv/step: 0.484 (last = 1.0000), fitness=1.020299918
6140.18 secs, 60 evals, 32 steps, improv/step: 0.500 (last = 1.0000), fitness=1.020299918
6237.44 secs, 61 evals, 33 steps, improv/step: 0.515 (last = 1.0000), fitness=1.020299918
6409.50 secs, 63 evals, 34 steps, improv/step: 0.529 (last = 1.0000), fitness=1.020299918
6617.13 secs, 65 evals, 35 steps, improv/step: 0.543 (last = 1.0000), fitness=1.020299918
6711.44 secs, 66 evals, 36 steps, improv/step: 0.528 (last = 0.0000), fitness=1.020299918
6814.32 secs, 67 evals, 37 steps, improv/step: 0.514 (last = 0.0000), fitness=1.020299918
6930.80 secs, 69 evals, 38 steps, improv/step: 0.526 (last = 1.0000), fitness=1.020299918
7116.92 secs, 71 evals, 39 steps, improv/step: 0.513 (last = 0.0000), fitness=1.020299918
7153.45 secs, 72 evals, 40 steps, improv/step: 0.525 (last = 1.0000), fitness=1.020299918
7355.00 secs, 74 evals, 41 steps, improv/step: 0.512 (last = 0.0000), fitness=1.020299918
7567.07 secs, 76 evals, 42 steps, improv/step: 0.500 (last = 0.0000), fitness=1.020299918
7744.65 secs, 78 evals, 43 steps, improv/step: 0.488 (last = 0.0000), fitness=1.020299918
7975.23 secs, 80 evals, 44 steps, improv/step: 0.500 (last = 1.0000), fitness=1.020299918
8018.63 secs, 81 evals, 45 steps, improv/step: 0.511 (last = 1.0000), fitness=1.020299918
8218.98 secs, 83 evals, 46 steps, improv/step: 0.522 (last = 1.0000), fitness=1.020299918
8412.57 secs, 85 evals, 47 steps, improv/step: 0.532 (last = 1.0000), fitness=1.020299918
8570.93 secs, 87 evals, 48 steps, improv/step: 0.542 (last = 1.0000), fitness=1.020299918
8723.02 secs, 89 evals, 49 steps, improv/step: 0.551 (last = 1.0000), fitness=1.020299918
8791.48 secs, 91 evals, 50 steps, improv/step: 0.540 (last = 0.0000), fitness=1.020299918
9016.41 secs, 93 evals, 51 steps, improv/step: 0.549 (last = 1.0000), fitness=1.020299918
9132.64 secs, 94 evals, 52 steps, improv/step: 0.538 (last = 0.0000), fitness=1.020299918
9334.53 secs, 96 evals, 53 steps, improv/step: 0.547 (last = 1.0000), fitness=1.020299918
9448.98 secs, 97 evals, 54 steps, improv/step: 0.537 (last = 0.0000), fitness=1.020299918
9555.67 secs, 98 evals, 55 steps, improv/step: 0.527 (last = 0.0000), fitness=1.020299918
9682.48 secs, 100 evals, 56 steps, improv/step: 0.536 (last = 1.0000), fitness=1.020299918
9716.50 secs, 101 evals, 57 steps, improv/step: 0.526 (last = 0.0000), fitness=1.020299918
9831.23 secs, 102 evals, 58 steps, improv/step: 0.517 (last = 0.0000), fitness=1.020299918
9939.93 secs, 103 evals, 59 steps, improv/step: 0.508 (last = 0.0000), fitness=1.020299918
10029.39 secs, 104 evals, 60 steps, improv/step: 0.517 (last = 1.0000), fitness=1.020299918
10248.64 secs, 106 evals, 61 steps, improv/step: 0.525 (last = 1.0000), fitness=1.020299918
10282.59 secs, 107 evals, 62 steps, improv/step: 0.532 (last = 1.0000), fitness=1.020299918
10381.81 secs, 109 evals, 63 steps, improv/step: 0.540 (last = 1.0000), fitness=1.020299918
10596.84 secs, 111 evals, 64 steps, improv/step: 0.547 (last = 1.0000), fitness=1.020299918
10713.20 secs, 112 evals, 65 steps, improv/step: 0.538 (last = 0.0000), fitness=1.020299918

Optimization stopped after 66 steps and 10939.60 seconds
Termination reason: Max time (10800.0 s) reached
Steps per second = 0.01
Function evals per second = 0.01
Improvements/step = Inf
Total function evaluations = 114


Best candidate found: [0.113179, 0.902343]

Fitness: 1.020299918

